Bounds: 
x_0: [ -42.000, 42.000]
x_1: [ -20.000, 20.000]
x_2: [ -18.000, 18.000]
x_3: [ -11.000, 11.000]
x_4: [ -28.000, 28.000]
x_5: [ -16.000, 16.000]
x_6: [ -22.000, 22.000]
x_7: [ -7.000, 7.000]
x_8: [ -6.000, 6.000]
x_9: [ -34.000, 34.000]
x_10: [ -19.000, 19.000]
x_11: [ -16.000, 16.000]
x_12: [ -10.000, 10.000]
x_13: [ -7.000, 7.000]
x_14: [ -6.000, 6.000]
x_15: [ -8.000, 8.000]
x_16: [ -8.000, 8.000]
x_17: [ -9.000, 9.000]
x_18: [ -12.000, 12.000]
x_19: [ -18.000, 18.000]
x_20: [ -13.000, 13.000]
x_21: [ -7.000, 7.000]
x_22: [ -8.000, 8.000]
x_23: [ -6.000, 6.000]
x_24: [ -5.000, 5.000]
x_25: [ -6.000, 6.000]
x_26: [ -7.000, 7.000]
x_27: [ -4.000, 4.000]
x_28: [ -13.000, 13.000]
x_29: [ -8.000, 8.000]
x_30: [ -6.000, 6.000]
x_31: [ -5.000, 5.000]
x_32: [ -6.000, 6.000]
x_33: [ -6.000, 6.000]
x_34: [ -5.000, 5.000]
x_35: [ -4.000, 4.000]
x_36: [ -4.000, 4.000]
x_37: [ -5.000, 5.000]
x_38: [ -4.000, 4.000]
x_39: [ -3.000, 3.000]
x_40: [ -4.000, 4.000]
x_41: [ -4.000, 4.000]
x_42: [ -3.000, 3.000]
x_43: [ -4.000, 4.000]
x_44: [ -4.000, 4.000]
x_45: [ -3.000, 3.000]
x_46: [ -3.000, 3.000]
x_47: [ -3.000, 3.000]
x_48: [ -3.000, 3.000]
-[0]--------------------------------------------
selection: 2

Welcome to IBM(R) ILOG(R) CPLEX(R) Interactive Optimizer 12.8.0.0
  with Simplex, Mixed Integer & Barrier Optimizers
5725-A06 5725-A29 5724-Y48 5724-Y49 5724-Y54 5724-Y55 5655-Y21
Copyright IBM Corp. 1988, 2017.  All Rights Reserved.

Type 'help' for a list of available commands.
Type 'help' followed by a command name for more
information on commands.

CPLEX> Problem 'cplex.lp' read.
Read time = 0.00 sec. (0.14 ticks)
CPLEX> New value for time limit in seconds: 5000
CPLEX> New value for mixed integer optimality gap tolerance: 1e-10
CPLEX> CPXPARAM_TimeLimit                               5000
CPXPARAM_MIP_Tolerances_MIPGap                   1e-10
Found incumbent of value 3.6375431e+10 after 0.00 sec. (0.02 ticks)
Found incumbent of value 3.1687469e+10 after 0.00 sec. (0.03 ticks)
Tried aggregator 1 time.
Reduced MIQP has 0 rows, 49 columns, and 0 nonzeros.
Reduced MIQP has 0 binaries, 49 generals, 0 SOSs, and 0 indicators.
Reduced MIQP objective Q matrix has 2401 nonzeros.
Presolve time = 0.00 sec. (0.22 ticks)
Tried aggregator 1 time.
Reduced MIQP has 0 rows, 49 columns, and 0 nonzeros.
Reduced MIQP has 0 binaries, 49 generals, 0 SOSs, and 0 indicators.
Reduced MIQP objective Q matrix has 2401 nonzeros.
Presolve time = 0.00 sec. (0.20 ticks)
MIP emphasis: balance optimality and feasibility.
MIP search method: dynamic search.
Parallel mode: deterministic, using up to 32 threads.
Root relaxation solution time = 0.01 sec. (1.21 ticks)

        Nodes                                         Cuts/
   Node  Left     Objective  IInf  Best Integer    Best Bound    ItCnt     Gap

*     0+    0                       3.16875e+10  -2.24768e+11           809.33%
      0     0     9799.1753    48   3.16875e+10     9799.1753        8  100.00%
*     0+    0                      5760873.0000     9799.1753            99.83%
*     0+    0                      4297173.0000     9799.1753            99.77%
      0     2     9799.1753    48  4297173.0000    14282.1525        8   99.67%
Elapsed time = 0.34 sec. (12.17 ticks, tree = 0.01 MB, solutions = 3)
*   132+   14                      3829740.0000    26936.8621            99.30%
  47481 24697  1743642.4778    34  3829740.0000   815668.9571    88594   78.70%
 100025 63022  3537471.0184    27  3829740.0000   964189.9475   200210   74.82%
 160748 108859  1589312.5863    34  3829740.0000  1057622.1381   338128   72.38%
 223144 149695  1640036.0446    35  3829740.0000  1119893.9243   460911   70.76%
*277434+200805                      3638640.0000  1168196.8265            67.89%
 287841 195483  2240567.8231    27  3638640.0000  1177026.0992   599645   67.65%
 353023 250549  2571717.6540    24  3638640.0000  1234902.6798   795675   66.06%
 419008 275486        cutoff        3638640.0000  1281298.2931   871250   64.79%
 486216 335697  1660799.7668    33  3638640.0000  1319646.2596  1052935   63.73%
 554391 399285  3532058.2694    19  3638640.0000  1352640.0389  1246578   62.83%
 830392 574315  3400987.7664    19  3638640.0000  1447779.2170  1782564   60.21%
Elapsed time = 8.75 sec. (3111.64 ticks, tree = 155.62 MB, solutions = 5)
 1113413 776070  1997353.2075    32  3638640.0000  1512018.0336  2396796   58.45%
 1403976 1009243  1794174.6204    35  3638640.0000  1560909.1968  3112047   57.10%
 1702848 1199800  2585670.0393    19  3638640.0000  1599249.6084  3693770   56.05%
 2002109 1431891  2481821.1097    24  3638640.0000  1632052.1658  4405797   55.15%
 2303167 1597126  1729343.1333    36  3638640.0000  1659855.6599  4909473   54.38%
 2608269 1813055  2351611.8104    28  3638640.0000  1683318.5442  5559403   53.74%
 2913917 2068274  2217925.0825    31  3638640.0000  1705061.6105  6329647   53.14%
 3222733 2260147  1785343.0474    35  3638640.0000  1724055.2181  6904629   52.62%
 3532996 2456756  2332944.1060    27  3638640.0000  1741390.2305  7498055   52.14%
 3841256 2727843  3249531.4574    24  3638640.0000  1757260.3045  8303427   51.71%
Elapsed time = 37.07 sec. (12648.44 ticks, tree = 703.96 MB, solutions = 5)
 4151227 2893290  2156264.8971    31  3638640.0000  1771982.4481  8809823   51.30%
 4461472 3155625  2119361.3650    33  3638640.0000  1785590.9371  9598331   50.93%
 4774486 3323234  1995368.9077    33  3638640.0000  1798240.7101 10098296   50.58%
 5087167 3596087  2799295.5761    31  3638640.0000  1810262.7308 10924942   50.25%
 5400830 3749603  1934452.1983    34  3638640.0000  1821566.0900 11384688   49.94%
 5714560 3979064  2264553.5092    29  3638640.0000  1832165.6499 12079744   49.65%
 6028634 4198578  3229919.8054    27  3638640.0000  1842136.6351 12741273   49.37%
 6343966 4472664  3367021.3987    22  3638640.0000  1851897.5802 13576036   49.10%
 6657422 4686208  3388895.7415    28  3638640.0000  1861310.5118 14219648   48.85%
 6971507 4900735  3504491.2993    21  3638640.0000  1870183.5357 14881716   48.60%
Elapsed time = 69.32 sec. (22185.19 ticks, tree = 1262.16 MB, solutions = 5)
 7286864 5094492  2468911.6340    35  3638640.0000  1878760.0291 15462200   48.37%
 7598440 5271698  2336839.5440    36  3638640.0000  1886616.8367 16012744   48.15%
 7918076 5470958  2485391.4344    30  3638640.0000  1894660.1003 16628824   47.93%
 8233165 5733642  2611261.3104    25  3638640.0000  1902214.5548 17414441   47.72%
 8546871 6003649  2377952.5998    28  3638640.0000  1909520.0137 18251943   47.52%
 8864099 6154024  2928403.9078    22  3638640.0000  1916635.1624 18711363   47.33%
 9179767 6360535  2717233.7787    26  3638640.0000  1923615.0418 19338206   47.13%
 9495656 6584296  2642831.6461    24  3638640.0000  1930027.8431 20032026   46.96%
 9813784 6816664  3243942.5174    30  3638640.0000  1936443.5085 20755290   46.78%
 10129537 6993179  3238792.2997    24  3638640.0000  1942878.9572 21303258   46.60%
Elapsed time = 104.82 sec. (31721.96 ticks, tree = 1827.37 MB, solutions = 5)
 10443405 7267325  3263644.1697    26  3638640.0000  1948734.1039 22148651   46.44%
 10761610 7446010  2350738.7779    25  3638640.0000  1954625.2320 22719449   46.28%
 11077352 7668738  2880637.3449    24  3638640.0000  1960550.7500 23406196   46.12%
 11308246 7829609  2727336.1422    28  3638640.0000  1962238.1697 23908847   46.07%
 11353154 7850712  2400958.1828    31  3638640.0000  1962238.1697 23975281   46.07%
 11381975 7863873  2473927.8761    29  3638640.0000  1962238.1697 24016752   46.07%
 11419918 7898410  3322528.8749    21  3638640.0000  1962238.1697 24127629   46.07%
 11451635 7923626  2158995.7303    33  3638640.0000  1962238.1697 24207734   46.07%
 11479714 7940253  3426797.9810    21  3638640.0000  1962238.1697 24261335   46.07%
 11509000 7968414  3568333.9900    21  3638640.0000  1962238.1697 24355890   46.07%
Elapsed time = 142.46 sec. (41259.33 ticks, tree = 2081.94 MB, solutions = 5)
Nodefile size = 34.00 MB (21.54 MB after compression)
 11542944 7982880  2204420.7209    31  3638640.0000  1962238.1697 24405834   46.07%
 11564442 8000771  2860428.8830    18  3638640.0000  1962238.1697 24467384   46.07%
 11599429 8018832  3444854.9764    22  3638640.0000  1962238.1697 24530310   46.07%
 11638252 8036376  3212886.3817    31  3638640.0000  1962238.1697 24591015   46.07%
 11674935 8068881  3274284.9296    24  3638640.0000  1962238.1697 24703501   46.07%
 11691724 8081062  3479424.0846    13  3638640.0000  1962238.1697 24744578   46.07%
 11720296 8097753  2625962.9346    31  3638640.0000  1962238.1697 24803997   46.07%
 11738603 8109292  2547457.3119    28  3638640.0000  1962238.1697 24842569   46.07%
 11763453 8124668  2826482.4304    27  3638640.0000  1962238.1697 24895840   46.07%
 11799425 8148593  3466305.9576    18  3638640.0000  1962238.1697 24978716   46.07%
Elapsed time = 166.62 sec. (50923.96 ticks, tree = 2114.36 MB, solutions = 5)
Nodefile size = 68.99 MB (43.66 MB after compression)
 11817269 8164639  2186330.4345    32  3638640.0000  1962238.1697 25035150   46.07%
 11853036 8179126  3096862.5359    24  3638640.0000  1962238.1697 25086679   46.07%
 11874513 8195250  2514746.9395    32  3638640.0000  1962238.1697 25141863   46.07%
 11911317 8223661  3618235.5214    20  3638640.0000  1962238.1697 25245293   46.07%
 11955233 8248008  3232155.9706    30  3638640.0000  1962238.1697 25330692   46.07%
 11983097 8271213  3517961.7210    22  3638640.0000  1962238.1697 25411010   46.07%
 12009888 8290962  2077741.1773    31  3638640.0000  1962238.1697 25482077   46.07%
 12045090 8304884  2668259.9794    33  3638640.0000  1962238.1697 25532473   46.07%
 12083434 8325941  3021152.5691    25  3638640.0000  1962238.1697 25609090   46.07%
 12146696 8358344  3182626.6718    28  3638640.0000  1962238.1697 25725186   46.07%
Elapsed time = 197.48 sec. (60461.06 ticks, tree = 2160.73 MB, solutions = 5)
Nodefile size = 114.99 MB (72.57 MB after compression)
 12166072 8385301  2822913.1635    31  3638640.0000  1962238.1697 25824009   46.07%
 12191628 8397774  2675323.8364    29  3638640.0000  1962238.1697 25869638   46.07%
 12210313 8415262        cutoff        3638640.0000  1962238.1697 25933623   46.07%
 12236774 8427586        cutoff        3638640.0000  1962238.1697 25979163   46.07%
 12262092 8440649  2149864.7948    37  3638640.0000  1962238.1697 26026002   46.07%
 12287806 8462680  2326129.8644    32  3638640.0000  1962238.1697 26106680   46.07%
 12333577 8498613  3607045.1617    22  3638640.0000  1962238.1697 26238292   46.07%
 12391678 8530692  2666499.3225    26  3638640.0000  1962238.1697 26356433   46.07%
 12419855 8542006  3470771.6653    27  3638640.0000  1962238.1697 26398814   46.07%
 12447355 8562535  2782045.3632    29  3638640.0000  1962238.1697 26473948   46.07%
Elapsed time = 223.84 sec. (69998.60 ticks, tree = 2198.85 MB, solutions = 5)
Nodefile size = 151.98 MB (95.72 MB after compression)
 12475874 8575111  2889335.5896    31  3638640.0000  1962238.1697 26520257   46.07%
 12515463 8610168  3116398.9546    27  3638640.0000  1962238.1697 26647669   46.07%
 12556946 8636061  3025368.3638    24  3638640.0000  1962238.1697 26741508   46.07%
 12585778 8652176  2018513.0188    37  3638640.0000  1962238.1697 26800853   46.07%
 12610858 8661019  2922136.5801    29  3638640.0000  1962238.1697 26833904   46.07%
 12631672 8675752  3283150.3926    30  3638640.0000  1962238.1697 26889058   46.07%
 12662765 8695341        cutoff        3638640.0000  1962238.1697 26962993   46.07%
 12718833 8718925  2284586.7148    32  3638640.0000  1962238.1697 27051016   46.07%
 12735857 8739329  2705156.4786    26  3638640.0000  1962238.1697 27125449   46.07%
 12764598 8755078  3225948.0273    26  3638640.0000  1962238.1697 27185244   46.07%
Elapsed time = 252.63 sec. (79535.63 ticks, tree = 2240.13 MB, solutions = 5)
Nodefile size = 192.98 MB (121.27 MB after compression)
 12795640 8779683  3627610.2360    18  3638640.0000  1962238.1697 27278499   46.07%
 12834483 8796324  2440904.4317    31  3638640.0000  1962238.1697 27341880   46.07%
 12875667 8826358  3429866.8819    28  3638640.0000  1962238.1697 27457501   46.07%
 12934491 8862347  2973976.1704    30  3638640.0000  1962238.1697 27596574   46.07%
 12964026 8886862  2532451.4558    31  3638640.0000  1962238.1697 27686060   46.07%
 13004311 8901496  2076542.3692    33  3638640.0000  1962238.1697 27740286   46.07%
 13053808 8933556  2623928.4834    31  3638640.0000  1962238.1697 27859651   46.07%
 13079058 8958765  3404650.1921    24  3638640.0000  1962238.1697 27952495   46.07%
 13127868 8974166  2084694.9377    36  3638640.0000  1962238.1697 28008155   46.07%
 13291823 9081421  3191482.9947    31  3638640.0000  1962238.1697 28391680   46.07%
Elapsed time = 298.29 sec. (91933.60 ticks, tree = 2305.01 MB, solutions = 5)
Nodefile size = 258.97 MB (162.26 MB after compression)
 13475468 9200443  2078166.2658    29  3638640.0000  1962238.1697 28825897   46.07%
 13654357 9325065  3506948.1788    17  3638640.0000  1962238.1697 29283364   46.07%
 13816373 9411604  3402845.6902    30  3638640.0000  1962238.1697 29604544   46.07%
 13993437 9510474  3615994.1722    20  3638640.0000  1962238.1697 29970104   46.07%
 14186144 9643389  3608854.1657    17  3638640.0000  1962238.1697 30463043   46.07%
 14344003 9733908  2605590.8651    21  3638640.0000  1962238.1697 30792427   46.07%
 14476988 9826734  2678066.5520    34  3638640.0000  1962238.1697 31126692   46.07%
 14651907 9909178  2749506.0555    24  3638640.0000  1962238.1697 31434500   46.07%
 14818612 10018918  2752187.4969    29  3638640.0000  1962238.1697 31838445   46.07%
 14949805 10102858  2679365.2801    31  3638640.0000  1962238.1697 32148052   46.07%
Elapsed time = 443.67 sec. (130080.75 ticks, tree = 2508.17 MB, solutions = 5)
Nodefile size = 460.95 MB (286.87 MB after compression)
 15155652 10217027  2772167.3884    24  3638640.0000  1962238.1697 32574467   46.07%
 15316897 10336724  2567630.3142    28  3638640.0000  1962238.1697 33018205   46.07%
 15503038 10422887  3152080.9050    20  3638640.0000  1962238.1697 33339367   46.07%
 15649218 10538531  2731835.4309    30  3638640.0000  1962238.1697 33765783   46.07%
 15836298 10632562  3529450.1463    25  3638640.0000  1962238.1697 34116145   46.07%
 16036995 10761442  2938904.0676    25  3638640.0000  1962238.1697 34599516   46.07%
 16182778 10854174  2739582.9092    28  3638640.0000  1962238.1697 34936695   46.07%
 16369968 10973333  2558100.0316    29  3638640.0000  1962238.1697 35374954   46.07%
 16554966 11075874        cutoff        3638640.0000  1962238.1697 35757206   46.07%
 16739346 11202013  3103272.4404    14  3638640.0000  1962238.1697 36215281   46.07%
Elapsed time = 601.94 sec. (168228.25 ticks, tree = 2727.48 MB, solutions = 5)
Nodefile size = 680.93 MB (421.72 MB after compression)
 16895763 11316333  3046782.6906    24  3638640.0000  1962238.1697 36638243   46.07%
 17091578 11430773  3214343.9246    19  3638640.0000  1962238.1697 37078075   46.07%
 17273458 11520440  2347461.8440    35  3638640.0000  1962238.1697 37412853   46.07%
 17397905 11596752  2338810.3355    34  3638640.0000  1962238.1697 37695194   46.07%
 17562715 11715337  2703601.6802    28  3638640.0000  1962238.1697 38139617   46.07%
 17730172 11814627  2258126.2945    27  3638640.0000  1962238.1697 38507151   46.07%
 17889009 11910490  3154041.1793    24  3638640.0000  1962238.1697 38859691   46.07%
 18112322 12031578  3632560.3471    18  3638640.0000  1962238.1697 39316172   46.07%
 18310795 12155396  2933292.3744    23  3638640.0000  1962238.1697 39786523   46.07%
 18479806 12254481  3103398.9025    23  3638640.0000  1962238.1697 40156664   46.07%
Elapsed time = 758.47 sec. (206375.44 ticks, tree = 2938.96 MB, solutions = 5)
Nodefile size = 892.91 MB (550.91 MB after compression)
 18657994 12379406  3284085.6125    25  3638640.0000  1962238.1697 40633137   46.07%
 18912405 12531463  3195245.3897    19  3638640.0000  1962238.1697 41225231   46.07%
 19133371 12659102  3343290.2443    21  3638640.0000  1962238.1697 41693161   46.07%
 19300042 12743141  3625312.0687    20  3638640.0000  1962238.1697 42009244   46.07%
 19517903 12883795  2873320.0588    23  3638640.0000  1962238.1697 42542145   46.07%
 19679096 12977550  3142023.8262    27  3638640.0000  1962238.1697 42889325   46.07%
 19807338 13057283  3229736.3220    27  3638640.0000  1962238.1697 43190644   46.07%
 19972474 13143037  3235371.6297    25  3638640.0000  1962238.1697 43521111   46.07%
 20186296 13278740  3204283.4273    25  3638640.0000  1962238.1697 44052655   46.07%
 20402249 13418872  3221020.8459    26  3638640.0000  1962238.1697 44594448   46.07%
Elapsed time = 929.63 sec. (244522.60 ticks, tree = 3171.20 MB, solutions = 5)
Nodefile size = 1123.89 MB (691.41 MB after compression)
 20621509 13537117  3483912.9586    25  3638640.0000  1962238.1697 45058056   46.07%
 20851266 13684521  3498925.5728    23  3638640.0000  1962238.1697 45616225   46.07%
 21023268 13768789  3226838.2064    28  3638640.0000  1962238.1697 45935651   46.07%
 21205585 13868743  2873008.3479    22  3638640.0000  1962238.1697 46310019   46.07%
 21439712 14027257  3169051.8810    27  3638640.0000  1962238.1697 46921250   46.07%
 21618921 14148831  2899129.2541    32  3638640.0000  1962238.1697 47389212   46.07%
 21785770 14231639  3084885.5012    27  3638640.0000  1962238.1697 47696279   46.07%
 21977067 14348656  3329886.8286    25  3638640.0000  1962238.1697 48139257   46.07%
 22191081 14460944  3331791.1635    26  3638640.0000  1962238.1697 48571797   46.07%
 22355621 14575035  3011996.9724    30  3638640.0000  1962238.1697 49009908   46.07%
Elapsed time = 1112.66 sec. (282669.85 ticks, tree = 3404.64 MB, solutions = 5)
Nodefile size = 1357.87 MB (833.66 MB after compression)
 22619934 14721431  2704971.8613    32  3638640.0000  1962238.1697 49569562   46.07%
 22810142 14833455  2893876.7761    29  3638640.0000  1962238.1697 49998275   46.07%
 23024615 14978587  3350212.4971    23  3638640.0000  1962238.1697 50564144   46.07%
 23218934 15093601  3382483.2647    22  3638640.0000  1962238.1697 51009600   46.07%
 23414807 15197207  2177225.6027    34  3638640.0000  1962238.1697 51397534   46.07%
 23599707 15307283  3116063.1464    29  3638640.0000  1962238.1697 51820738   46.07%
 23765372 15407025  2275518.4836    32  3638640.0000  1962238.1697 52189655   46.07%
 23927922 15485194  3034090.2792    30  3638640.0000  1962238.1697 52485618   46.07%
 24135483 15632050  2803114.7745    25  3638640.0000  1962238.1697 53052355   46.07%
 24383114 15755490  2233268.9266    34  3638640.0000  1962238.1697 53530181   46.07%
Elapsed time = 1312.57 sec. (320816.93 ticks, tree = 3648.27 MB, solutions = 5)
Nodefile size = 1601.84 MB (981.96 MB after compression)
 24626318 15904319  3200858.9936    27  3638640.0000  1962238.1697 54094824   46.07%
 24822958 16045404  3038267.5154    30  3638640.0000  1962238.1697 54638324   46.07%
 25002174 16146380  3427783.3770    26  3638640.0000  1962238.1697 55018447   46.07%
 25211453 16259917  2196652.7749    31  3638640.0000  1962238.1697 55457192   46.07%
 25416809 16392452  2899630.6428    25  3638640.0000  1962238.1697 55962601   46.07%
 25590053 16498675  3595340.2481    24  3638640.0000  1962238.1697 56376477   46.07%
 25769326 16598348  3571284.3960    30  3638640.0000  1962238.1697 56761696   46.07%
 26001704 16718217  2465868.8822    24  3638640.0000  1962238.1697 57229018   46.07%
 26247991 16860071  3218449.7600    23  3638640.0000  1962238.1697 57779016   46.07%
 26533975 17070705  2719706.4082    23  3638640.0000  1962238.1697 58557763   46.07%
Elapsed time = 1515.99 sec. (358964.00 ticks, tree = 3904.52 MB, solutions = 5)
Nodefile size = 1857.82 MB (1137.48 MB after compression)
 26599717 17174298  3166455.9682    23  3638640.0000  1962238.1697 58943784   46.07%
 26887044 17328631  2422483.9996    28  3638640.0000  1962238.1697 59472763   46.07%
 27052379 17487565  2519942.1553    34  3638640.0000  1964854.8183 60058661   46.00%
 27364161 17602964  3470952.0142    28  3638640.0000  1964854.8183 60531370   46.00%
 27564581 17714459  3307973.0471    24  3638640.0000  1964854.8183 60981352   46.00%
 27791115 17834925  2967589.6477    23  3638640.0000  1964854.8183 61477998   46.00%
 28004384 17953657  2906625.9260    31  3638640.0000  1964854.8183 61945112   46.00%
 28226166 18089940        cutoff        3638640.0000  1964854.8183 62483727   46.00%
 28440581 18206953  2814092.7691    25  3638640.0000  1964854.8183 62952031   46.00%
 28601577 18294002        cutoff        3638640.0000  1964854.8183 63289373   46.00%
Elapsed time = 1746.93 sec. (397161.16 ticks, tree = 4150.51 MB, solutions = 5)
Nodefile size = 2104.79 MB (1286.92 MB after compression)
 28846321 18423981  3478591.8691    22  3638640.0000  1964854.8183 63807331   46.00%
 29125470 18618081  2811059.5749    31  3638640.0000  1964854.8183 64587145   46.00%
 29307582 18707438  3323231.3501    21  3638640.0000  1964854.8183 64929214   46.00%
 29498396 18825528  2716329.2030    26  3638640.0000  1964854.8183 65391300   46.00%
 29713287 18950353  3105971.3362    24  3638640.0000  1964854.8183 65865247   46.00%
 29904740 19082588  3636665.2564    17  3638640.0000  1964854.8183 66397956   46.00%
 30136225 19180271  2584936.8263    32  3638640.0000  1964854.8183 66789750   46.00%
 30348397 19309635  3271898.9263    35  3638640.0000  1964854.8183 67309176   46.00%
 30554967 19423749  3074239.9713    21  3638640.0000  1964854.8183 67752849   46.00%
 30742183 19556387  3322059.4634    26  3638640.0000  1964854.8183 68274893   46.00%
Elapsed time = 1952.91 sec. (435308.24 ticks, tree = 4403.50 MB, solutions = 5)
Nodefile size = 2356.77 MB (1439.90 MB after compression)
 31013124 19695693  3280616.6394    25  3638640.0000  1964854.8183 68810078   46.00%
 31166974 19789577  3128423.1233    27  3638640.0000  1964854.8183 69177541   46.00%
 31345622 19902461  3285395.8351    27  3638640.0000  1964854.8183 69615624   46.00%
 31586933 20035185  3028507.0087    28  3638640.0000  1964854.8183 70150242   46.00%
 31818555 20166127  3619031.5782    24  3638640.0000  1964854.8183 70661406   46.00%
 32058833 20311479        cutoff        3638640.0000  1964854.8183 71235674   46.00%
 32261330 20435975  3274247.9270    27  3638640.0000  1964854.8183 71716578   46.00%
 32448738 20534138  2259617.1038    32  3638640.0000  1964854.8183 72097930   46.00%
 32655177 20643080  2342906.4302    30  3638640.0000  1964854.8183 72523059   46.00%
 32891761 20811567  2825376.9254    31  3638640.0000  1964854.8183 73185672   46.00%
Elapsed time = 2159.74 sec. (473455.76 ticks, tree = 4653.90 MB, solutions = 5)
Nodefile size = 2607.74 MB (1592.34 MB after compression)
 33118527 20923944  2265429.1096    33  3638640.0000  1964854.8183 73628464   46.00%
 33315950 21021293  2925460.5486    20  3638640.0000  1964854.8183 74008577   46.00%
 33560149 21164966        cutoff        3638640.0000  1964854.8183 74598001   46.00%
 33788576 21297242  2503174.5035    31  3638640.0000  1964854.8183 75120942   46.00%
 33993313 21406670  2755477.2850    27  3638640.0000  1964854.8183 75547935   46.00%
 34204825 21532801  2505594.0309    31  3638640.0000  1964854.8183 76055217   46.00%
 34494635 21698052  3569979.0334    30  3638640.0000  1964854.8183 76724409   46.00%
 34737175 21836892  3071546.1994    22  3638640.0000  1964854.8183 77284730   46.00%
 34917404 21935336  3131161.8728    30  3638640.0000  1964854.8183 77664164   46.00%
 35118712 22047004  3148132.7759    27  3638640.0000  1964854.8183 78116130   46.00%
Elapsed time = 2367.81 sec. (511602.91 ticks, tree = 4906.68 MB, solutions = 5)
Nodefile size = 2859.72 MB (1745.25 MB after compression)
 35378116 22225363  2523324.8217    33  3638640.0000  1964854.8183 78829948   46.00%
 35579779 22321704  3618071.9353    19  3638640.0000  1964854.8183 79228829   46.00%
 35834449 22445359  3594361.3297    29  3638640.0000  1964854.8183 79738803   46.00%
 36128576 22647244  2506925.7504    26  3638640.0000  1964854.8183 80568082   46.00%
 36345990 22758927  3001873.6616    27  3638640.0000  1964854.8183 81015470   46.00%
 36560034 22869623  3363341.9859    29  3638640.0000  1964854.8183 81451591   46.00%
 36825626 23035686  3378086.4136    23  3638640.0000  1964854.8183 82123511   46.00%
 37069802 23170358  2502364.0746    29  3638640.0000  1964854.8183 82653747   46.00%
 37271821 23274430  3239711.9744    23  3638640.0000  1964854.8183 83061304   46.00%
 37518565 23414747  2645240.4617    29  3638640.0000  1964854.8183 83628975   46.00%
Elapsed time = 2594.19 sec. (549749.99 ticks, tree = 5185.41 MB, solutions = 5)
Nodefile size = 3137.69 MB (1914.11 MB after compression)
 37781670 23574411  2310881.3156    37  3638640.0000  1964854.8183 84278927   46.00%
 38040043 23704740  2977100.8220    33  3638640.0000  1964854.8183 84805924   46.00%
 38234165 23820977  2990651.9218    25  3638640.0000  1964854.8183 85286785   46.00%
 38475955 23964086  3321129.6177    15  3638640.0000  1964854.8183 85862732   46.00%
 38655771 24063569  2398641.2002    31  3638640.0000  1964854.8183 86260199   46.00%
 38889008 24186539  3216403.4045    30  3638640.0000  1964854.8183 86757325   46.00%
 39121927 24338527  3514149.3910    17  3638640.0000  1964854.8183 87377969   46.00%
 39314051 24426840  3324111.6723    21  3638640.0000  1964854.8183 87742840   46.00%
 39557728 24566589  3101344.9287    27  3638640.0000  1964854.8183 88315674   46.00%
 39854902 24729510  3591727.3257    18  3638640.0000  1964854.8183 88978340   46.00%
Elapsed time = 2813.62 sec. (587897.17 ticks, tree = 5445.43 MB, solutions = 5)
Nodefile size = 3399.66 MB (2073.01 MB after compression)
 40064119 24869151  3263876.4401    22  3638640.0000  1964854.8183 89535816   46.00%
 40306677 25017423  3379241.3530    24  3638640.0000  1964854.8183 90144087   46.00%
 40575916 25143113  2754375.8049    28  3638640.0000  1964854.8183 90654415   46.00%
 40845339 25302006  2422083.0364    31  3638640.0000  1964854.8183 91291658   46.00%
 41085707 25442093  2844247.1725    22  3638640.0000  1964854.8183 91864181   46.00%
 41396535 25616758  2580249.9153    35  3638640.0000  1964854.8183 92589301   46.00%
 41626732 25743008  2463307.3154    29  3638640.0000  1964854.8183 93112296   46.00%
 41904858 25873112  2939998.4352    27  3638640.0000  1964854.8183 93672668   46.00%
 42117357 26017796  3340147.1340    18  3638640.0000  1964854.8183 94244532   46.00%
 42395668 26155881  3167644.8230    30  3638640.0000  1964854.8183 94820873   46.00%
Elapsed time = 3056.88 sec. (626044.28 ticks, tree = 5734.60 MB, solutions = 5)
Nodefile size = 3688.63 MB (2248.18 MB after compression)
 42658862 26307126        cutoff        3638640.0000  1964854.8183 95452986   46.00%
 42907313 26461604  2896289.5446    28  3638640.0000  1964854.8183 96078417   46.00%
 43154704 26569356  2949756.7729    27  3638640.0000  1964854.8183 96535564   46.00%
 43437034 26732213  2907605.4549    30  3638640.0000  1964854.8183 97210208   46.00%
 43659796 26865825  2761006.5009    29  3638640.0000  1964854.8183 97752116   46.00%
 43940069 27002045  3463539.4107    22  3638640.0000  1964854.8183 98328170   46.00%
 44161838 27134846  2528545.9867    30  3638640.0000  1964854.8183 98866031   46.00%
 44460395 27323039  3259050.6907    25  3638640.0000  1964854.8183 99624149   46.00%
 44717697 27433601  2859437.1556    25  3638640.0000  1964854.8183 1.00e+08   46.00%
 44985855 27602607  3391763.9688    21  3638640.0000  1964854.8183 1.01e+08   46.00%
Elapsed time = 3300.45 sec. (664191.33 ticks, tree = 6023.25 MB, solutions = 5)
Nodefile size = 3976.60 MB (2422.79 MB after compression)
 45270778 27759712  2648416.8299    30  3638640.0000  1964854.8183 1.01e+08   46.00%
 45559528 27915837  2911798.7377    25  3638640.0000  1964854.8183 1.02e+08   46.00%
 45809319 28055951  2447693.5644    27  3638640.0000  1964854.8183 1.03e+08   46.00%
 46021607 28158685  2939161.2695    24  3638640.0000  1964854.8183 1.03e+08   46.00%
 46292977 28328013  3252272.6220    24  3638640.0000  1964854.8183 1.04e+08   46.00%
 46506338 28442235  2664435.8407    30  3638640.0000  1964854.8183 1.04e+08   46.00%
 46746749 28559517  3106236.0247    22  3638640.0000  1964854.8183 1.05e+08   46.00%
 47099845 28768654  3352569.0764    28  3638640.0000  1964854.8183 1.06e+08   46.00%
 47363122 28923663  2723824.5480    26  3638640.0000  1964854.8183 1.06e+08   46.00%
 47626140 29057100        cutoff        3638640.0000  1964854.8183 1.07e+08   46.00%
Elapsed time = 3552.58 sec. (702338.46 ticks, tree = 6316.95 MB, solutions = 5)
Nodefile size = 4270.57 MB (2600.99 MB after compression)
 47889272 29196875  3554474.2303    16  3638640.0000  1964854.8183 1.07e+08   46.00%
 48257991 29403364  2738549.1357    36  3638640.0000  1964854.8183 1.08e+08   46.00%
 48569511 29569882  3017987.1264    16  3638640.0000  1964854.8183 1.09e+08   46.00%
 48812590 29713057  2916610.4303    29  3638640.0000  1964854.8183 1.10e+08   46.00%
 49084572 29851236  3561145.9186    19  3638640.0000  1964854.8183 1.10e+08   46.00%
 49392281 30038821  2470874.1436    33  3638640.0000  1964854.8183 1.11e+08   46.00%
 49642971 30149904  3198284.9076    27  3638640.0000  1964854.8183 1.11e+08   46.00%
 49905916 30296384  2981336.6642    24  3638640.0000  1964854.8183 1.12e+08   46.00%
 50208569 30449308  3216457.0723    29  3638640.0000  1964854.8183 1.13e+08   46.00%
 50463964 30599513  3362163.4607    20  3638640.0000  1964854.8183 1.13e+08   46.00%
Elapsed time = 3816.91 sec. (740485.54 ticks, tree = 6630.39 MB, solutions = 5)
Nodefile size = 4583.54 MB (2790.59 MB after compression)
 50722740 30752536  2593022.2859    32  3638640.0000  1964854.8183 1.14e+08   46.00%
 51035042 30910158  2855063.2233    36  3638640.0000  1964854.8183 1.15e+08   46.00%
 51359214 31094853  3633284.8810    17  3638640.0000  1964854.8183 1.15e+08   46.00%
 51554827 31203886  3226450.1350    30  3638640.0000  1964854.8183 1.16e+08   46.00%
 51862228 31364229  2672677.0732    26  3638640.0000  1964854.8183 1.16e+08   46.00%
 52158390 31519170  3122725.5398    25  3638640.0000  1964854.8183 1.17e+08   46.00%
 52399922 31672540  2901711.2528    32  3638640.0000  1964854.8183 1.18e+08   46.00%
 52699881 31838013  3095691.8358    25  3638640.0000  1964854.8183 1.18e+08   46.00%
 52935062 31972078  3534513.3822    22  3638640.0000  1964854.8183 1.19e+08   46.00%
 53160371 32102755  2679897.1450    34  3638640.0000  1964854.8183 1.20e+08   46.00%
Elapsed time = 4084.03 sec. (778633.10 ticks, tree = 6927.92 MB, solutions = 5)
Nodefile size = 4880.52 MB (2970.61 MB after compression)
 53459509 32242341  2699554.8088    32  3638640.0000  1964854.8183 1.20e+08   46.00%
 53701736 32382031  2648972.1399    27  3638640.0000  1964854.8183 1.21e+08   46.00%
 53969492 32551107  2875782.7061    30  3638640.0000  1964854.8183 1.21e+08   46.00%
 54339255 32700644  3051492.7359    29  3638640.0000  1964854.8183 1.22e+08   46.00%
 54565230 32869258  3111132.7738    28  3638640.0000  1964854.8183 1.23e+08   46.00%
 54933478 33059702  2961242.2876    23  3638640.0000  1964854.8183 1.24e+08   46.00%
 55218575 33215381  3004189.4530    29  3638640.0000  1964854.8183 1.24e+08   46.00%
 55464943 33366305        cutoff        3638640.0000  1964854.8183 1.25e+08   46.00%
 55764458 33513115  3309685.7916    31  3638640.0000  1964854.8183 1.25e+08   46.00%
 56027661 33621370  3147961.0626    29  3638640.0000  1964854.8183 1.26e+08   46.00%
Elapsed time = 4351.53 sec. (816780.22 ticks, tree = 7233.38 MB, solutions = 5)
Nodefile size = 5190.49 MB (3158.33 MB after compression)
 56454391 33875287  2412869.3262    32  3638640.0000  1964854.8183 1.27e+08   46.00%
 56758181 34019281  2770757.7011    31  3638640.0000  1964854.8183 1.28e+08   46.00%
 56985167 34150203  3213921.7932    26  3638640.0000  1964854.8183 1.28e+08   46.00%
 57322356 34319793  3608122.5412    22  3638640.0000  1964854.8183 1.29e+08   46.00%
 57666243 34508860  3598151.6847    28  3638640.0000  1964854.8183 1.30e+08   46.00%
 57793489 34689883  3559242.1268    27  3638640.0000  1964854.8183 1.31e+08   46.00%
 57993301 34814353  3386448.0378    32  3638640.0000  2207525.0457 1.31e+08   39.33%
 58251888 34920123  3062109.9484    24  3638640.0000  2357728.1881 1.31e+08   35.20%
 58523949 35053924  2791217.4891    30  3638640.0000  2418654.9344 1.32e+08   33.53%
 58789244 35211279  2672698.4693    33  3638640.0000  2420972.4529 1.33e+08   33.46%
Elapsed time = 4686.75 sec. (854927.38 ticks, tree = 7552.38 MB, solutions = 5)
Nodefile size = 5504.46 MB (3345.90 MB after compression)
 59049271 35339981  2424265.1517    30  3638640.0000  2422241.2116 1.33e+08   33.43%
 59316979 35456618  2913774.7894    27  3638640.0000  2423580.8624 1.34e+08   33.39%
 59586128 35622006        cutoff        3638640.0000  2424865.2565 1.35e+08   33.36%
 59858800 35769757  2516364.6572    27  3638640.0000  2426177.6438 1.35e+08   33.32%
 60129031 35872865  3291361.5320    23  3638640.0000  2427580.8377 1.36e+08   33.28%
 60405011 36042446  3046275.3167    25  3638640.0000  2428908.4139 1.36e+08   33.25%
 60675397 36165007  3446376.3692    19  3638640.0000  2430229.1521 1.37e+08   33.21%
 60950167 36309272  2725393.4277    34  3638640.0000  2431519.4514 1.38e+08   33.18%
 61193233 36443222  3076634.9976    33  3638640.0000  2432591.1865 1.38e+08   33.15%

Root node processing (before b&c):
  Real time             =    0.31 sec. (11.81 ticks)
Parallel b&c, 32 threads:
  Real time             = 5017.63 sec. (904962.31 ticks)
  Sync time (average)   = 4526.74 sec.
  Wait time (average)   =    2.96 sec.
                          ------------
Total (root+branch&cut) = 5017.94 sec. (904974.12 ticks)

Solution pool: 6 solutions saved.

MIP - Time limit exceeded, integer feasible:  Objective =  3.6386400000e+06
Current MIP best bound =  2.4329770987e+06 (gap = 1.20566e+06, 33.13%)
Solution time = 5017.95 sec.  Iterations = 138331720  Nodes = 61194237 (36492821)
Deterministic time = 904974.12 ticks  (180.35 ticks/sec)

CPLEX> Incumbent solution written to file 'cplex.sol'.
CPLEX> 

optval(Q): 3638640.000, lowerbound(P): 265473.163
bestval: 3335013.000
could not solve ..

time: 5028s
best value: 3335013.000
norm: 1826.202
AF: 1.013
Nodes: 0
best solution:
 0: 1.000
