Bounds: 
x_0: [ -19.000, 19.000]
x_1: [ -6.000, 6.000]
x_2: [ -26.000, 26.000]
x_3: [ -12.000, 12.000]
x_4: [ -11.000, 11.000]
x_5: [ -18.000, 18.000]
x_6: [ -14.000, 14.000]
x_7: [ -14.000, 14.000]
x_8: [ -11.000, 11.000]
x_9: [ -14.000, 14.000]
x_10: [ -15.000, 15.000]
x_11: [ -7.000, 7.000]
x_12: [ -8.000, 8.000]
x_13: [ -11.000, 11.000]
x_14: [ -12.000, 12.000]
x_15: [ -8.000, 8.000]
x_16: [ -9.000, 9.000]
x_17: [ -9.000, 9.000]
x_18: [ -11.000, 11.000]
x_19: [ -8.000, 8.000]
x_20: [ -11.000, 11.000]
x_21: [ -8.000, 8.000]
x_22: [ -7.000, 7.000]
x_23: [ -6.000, 6.000]
x_24: [ -9.000, 9.000]
x_25: [ -5.000, 5.000]
x_26: [ -5.000, 5.000]
x_27: [ -8.000, 8.000]
x_28: [ -4.000, 4.000]
x_29: [ -6.000, 6.000]
x_30: [ -7.000, 7.000]
x_31: [ -5.000, 5.000]
x_32: [ -6.000, 6.000]
x_33: [ -3.000, 3.000]
x_34: [ -5.000, 5.000]
x_35: [ -3.000, 3.000]
x_36: [ -5.000, 5.000]
x_37: [ -3.000, 3.000]
x_38: [ -4.000, 4.000]
x_39: [ -5.000, 5.000]
x_40: [ -4.000, 4.000]
x_41: [ -4.000, 4.000]
x_42: [ -4.000, 4.000]
x_43: [ -4.000, 4.000]
x_44: [ -3.000, 3.000]
x_45: [ -3.000, 3.000]
x_46: [ -3.000, 3.000]
x_47: [ -3.000, 3.000]
-[0]--------------------------------------------
selection: 14

Welcome to IBM(R) ILOG(R) CPLEX(R) Interactive Optimizer 12.8.0.0
  with Simplex, Mixed Integer & Barrier Optimizers
5725-A06 5725-A29 5724-Y48 5724-Y49 5724-Y54 5724-Y55 5655-Y21
Copyright IBM Corp. 1988, 2017.  All Rights Reserved.

Type 'help' for a list of available commands.
Type 'help' followed by a command name for more
information on commands.

CPLEX> Problem 'cplex.lp' read.
Read time = 0.00 sec. (0.13 ticks)
CPLEX> New value for time limit in seconds: 5000
CPLEX> New value for mixed integer optimality gap tolerance: 1e-10
CPLEX> CPXPARAM_TimeLimit                               5000
CPXPARAM_MIP_Tolerances_MIPGap                   1e-10
Found incumbent of value 1.6886297e+10 after 0.00 sec. (0.02 ticks)
Tried aggregator 1 time.
Reduced MIQP has 0 rows, 48 columns, and 0 nonzeros.
Reduced MIQP has 0 binaries, 48 generals, 0 SOSs, and 0 indicators.
Reduced MIQP objective Q matrix has 2304 nonzeros.
Presolve time = 0.00 sec. (0.21 ticks)
Tried aggregator 1 time.
Reduced MIQP has 0 rows, 48 columns, and 0 nonzeros.
Reduced MIQP has 0 binaries, 48 generals, 0 SOSs, and 0 indicators.
Reduced MIQP objective Q matrix has 2304 nonzeros.
Presolve time = 0.00 sec. (0.19 ticks)
MIP emphasis: balance optimality and feasibility.
MIP search method: dynamic search.
Parallel mode: deterministic, using up to 32 threads.
Root relaxation solution time = 0.01 sec. (1.12 ticks)

        Nodes                                         Cuts/
   Node  Left     Objective  IInf  Best Integer    Best Bound    ItCnt     Gap

*     0+    0                       1.68863e+10  -1.36925e+11           910.86%
      0     0    17942.5436    47   1.68863e+10    17942.5436        7  100.00%
*     0+    0                       1.71803e+07    17942.5436            99.90%
*     0+    0                      9064505.0000    17942.5436            99.80%
*     0+    0                      7188720.0000    17942.5436            99.75%
      0     2    17942.5436    47  7188720.0000    47461.0856        7   99.34%
Elapsed time = 0.60 sec. (11.91 ticks, tree = 0.01 MB, solutions = 4)
*    14+    7                      7089373.0000    47461.0856            99.33%
*    15+    5                      5228516.0000    47461.0856            99.09%
*  1802+  706                      5098403.0000    65545.7025            98.71%
*  4374+ 1778                      4828489.0000   115877.9004            97.60%
*  5916+ 3072                      4464902.0000   167109.2624            96.26%
*  7861+ 4041                      3939441.0000   233683.9095            94.07%
  41318 24507  3188439.7538    25  3939441.0000   857814.7149    88714   78.22%
  96233 59116  1146064.6179    37  3939441.0000  1014075.0170   188973   74.26%
 159350 97347  2041827.5033    34  3939441.0000  1108533.2986   303036   71.86%
 224339 138195  2194177.9315    30  3939441.0000  1177782.2845   426243   70.10%
 290707 204950  3616552.2498    24  3939441.0000  1238401.7738   626443   68.56%
*337793+223781                      3652248.0000  1276212.2443            65.06%
 354967 246055  3571772.5748    21  3652248.0000  1288151.5598   751676   64.73%
 415476 269034  3237688.7832    20  3652248.0000  1346373.8917   881528   63.14%
 484523 314067  1944002.6746    33  3652248.0000  1386383.8767  1018367   62.04%
 555153 376454  3046484.3257    32  3652248.0000  1416903.4432  1207569   61.20%
*615878+423906                      3545666.0000  1444270.6105            59.27%
 824782 538727  2966281.7453    21  3545666.0000  1524787.0663  1755441   57.00%
Elapsed time = 9.05 sec. (3111.42 ticks, tree = 142.83 MB, solutions = 24)
 1121929 773608  3021464.2472    23  3545666.0000  1593561.9099  2478838   55.06%
 1426068 950355  2751532.0495    21  3545666.0000  1647229.6874  3019926   53.54%
 1738848 1197446  1929595.1347    36  3545666.0000  1689881.3867  3774173   52.34%
 2054798 1385625  1827861.9248    30  3545666.0000  1725004.7097  4345490   51.35%
 2373251 1610754  3130609.3863    20  3545666.0000  1755092.7807  5028680   50.50%
 2691582 1840954  2650538.2079    25  3545666.0000  1781767.0720  5733939   49.75%
 3012103 2055767  3046300.6944    26  3545666.0000  1804878.7745  6394202   49.10%
 3335841 2283884  1982057.6098    36  3545666.0000  1826076.8369  7085017   48.50%
 3657039 2447037  3448196.2057    21  3545666.0000  1845182.5201  7576977   47.96%
 3981914 2668091  2462029.1472    26  3545666.0000  1862278.2439  8250158   47.48%
Elapsed time = 37.30 sec. (12648.18 ticks, tree = 675.86 MB, solutions = 24)
 4306436 2915937  3025247.9279    20  3545666.0000  1878412.7939  9001019   47.02%
 4631139 3124066  2938062.7006    20  3545666.0000  1893321.2386  9638770   46.60%
 4956225 3370160  3113361.8079    19  3545666.0000  1907068.8435 10389174   46.21%
 5284320 3601259  2443355.0158    26  3545666.0000  1920356.2535 11090927   45.84%
 5609648 3752895  2611223.4112    29  3545666.0000  1932276.4542 11554955   45.50%
 5936890 4029743  3525722.1191    24  3545666.0000  1944033.5221 12417901   45.17%
 6261767 4265277  2206794.4484    28  3545666.0000  1954754.1532 13142176   44.87%
 6586575 4427778  2242937.3709    28  3545666.0000  1965392.3707 13658049   44.57%
 6917676 4617574  2567983.0020    21  3545666.0000  1975561.2789 14244843   44.28%
 7242785 4821465  2837457.4884    20  3545666.0000  1985264.5783 14871500   44.01%
Elapsed time = 68.91 sec. (22184.95 ticks, tree = 1212.39 MB, solutions = 24)
 7571130 5020710  2536222.8751    25  3545666.0000  1994445.7914 15507081   43.75%
 7901956 5323234  2104713.5525    33  3545666.0000  2003595.9899 16445318   43.49%
 8228151 5448164  2451914.4989    25  3545666.0000  2012036.4227 16837612   43.25%
 8557178 5657906  3384311.7147    19  3545666.0000  2020086.4622 17499439   43.03%
 8884859 5939506  3199128.8896    17  3545666.0000  2028214.1977 18394718   42.80%
 9210795 6181155  2455430.2648    29  3545666.0000  2035767.6440 19160006   42.58%
 9539145 6437124  2613077.3661    27  3545666.0000  2042931.0914 19987861   42.38%
 9866324 6642199  3064009.5262    28  3545666.0000  2050050.8750 20642283   42.18%
 10193508 6779888  2114679.7081    37  3545666.0000  2057006.9589 21092711   41.99%
 10521084 6922894  2912866.8745    23  3545666.0000  2063715.2663 21546646   41.80%
Elapsed time = 103.23 sec. (31721.73 ticks, tree = 1746.68 MB, solutions = 24)
 10847820 7244156  3457645.4748    26  3545666.0000  2070200.6861 22580487   41.61%
 11174469 7478416  2604200.2302    25  3545666.0000  2076520.1161 23355718   41.43%
 11502584 7645091  2774320.2078    27  3545666.0000  2082781.1735 23896871   41.26%
 11832641 7830381  3542967.0476    22  3545666.0000  2088881.1773 24500784   41.09%
 12160329 8044630  3398443.0580    19  3545666.0000  2094760.3861 25201659   40.92%
 12440974 8205392  2442117.5290    25  3545666.0000  2097564.7511 25732054   40.84%
 12486751 8252748  3544078.0171    22  3545666.0000  2097564.7511 25888807   40.84%
 12521364 8280262  2983036.2190    25  3545666.0000  2097564.7511 25977833   40.84%
 12542247 8296069  2533466.3222    30  3545666.0000  2097564.7511 26029327   40.84%
 12588292 8330823  2906628.1879    18  3545666.0000  2097564.7511 26148259   40.84%
Elapsed time = 139.74 sec. (41258.54 ticks, tree = 2065.90 MB, solutions = 24)
Nodefile size = 19.00 MB (12.15 MB after compression)
 12641012 8341228  2469159.2845    28  3545666.0000  2097564.7511 26185524   40.84%
 12664203 8371274  3534028.1974    21  3545666.0000  2097564.7511 26288814   40.84%
 12684447 8381083  2985253.9446    27  3545666.0000  2097564.7511 26322644   40.84%
 12720716 8400237  3271803.7775    28  3545666.0000  2097564.7511 26389650   40.84%
 12744748 8426316  3275449.4722    18  3545666.0000  2097564.7511 26481213   40.84%
 12764695 8437847  2300477.3660    34  3545666.0000  2097564.7511 26522784   40.84%
 12808346 8457281  3488377.2112    21  3545666.0000  2097564.7511 26593392   40.84%
 12827992 8473968  2815616.9764    29  3545666.0000  2097564.7511 26652207   40.84%
 12848599 8485578  3307612.0800    23  3545666.0000  2097564.7511 26696558   40.84%
 12865838 8495892  2660514.9790    33  3545666.0000  2097564.7511 26736601   40.84%
Elapsed time = 169.55 sec. (50964.44 ticks, tree = 2099.09 MB, solutions = 24)
Nodefile size = 51.99 MB (33.21 MB after compression)
 12892913 8514606  2496699.4298    29  3545666.0000  2097564.7511 26808702   40.84%
 12911188 8522271        cutoff        3545666.0000  2097564.7511 26838474   40.84%
 12937004 8537723  2606199.1957    27  3545666.0000  2097564.7511 26899850   40.84%
 12966557 8549346  2992838.8104    21  3545666.0000  2097564.7511 26945658   40.84%
 13009297 8573882  3425657.6595    20  3545666.0000  2097564.7511 27042594   40.84%
 13057991 8610429  2741769.3630    29  3545666.0000  2097564.7511 27177911   40.84%
 13082136 8618995  3066177.8438    27  3545666.0000  2097564.7511 27211602   40.84%
*13083856+8619063                      3509994.0000  2097564.7511            40.24%
 13149253 8644730        cutoff        3509994.0000  2097564.7511 27316263   40.24%
 13220529 8542513  3245968.4568    25  3509994.0000  2097564.7511 27532157   40.24%
 13291193 8576206  2713780.1523    26  3509994.0000  2097564.7511 27660777   40.24%
Elapsed time = 205.02 sec. (60502.54 ticks, tree = 2111.24 MB, solutions = 25)
Nodefile size = 66.99 MB (42.63 MB after compression)
 13314185 8606190  3281267.0921    27  3509994.0000  2097564.7511 27770021   40.24%
 13362705 8640361  3492403.2963    23  3509994.0000  2097564.7511 27896751   40.24%
 13425433 8660577  3087449.2891    21  3509994.0000  2097564.7511 27971401   40.24%
 13447282 8680899  3499470.0856    19  3509994.0000  2097564.7511 28043949   40.24%
 13500194 8721545  2226461.6043    35  3509994.0000  2097564.7511 28194773   40.24%
 13544954 8732146  2121699.6406    32  3509994.0000  2097564.7511 28233737   40.24%
 13574903 8737716  2533308.5540    32  3509994.0000  2097564.7511 28255472   40.24%
 13608596 8764421  2950360.1623    28  3509994.0000  2097564.7511 28358309   40.24%
 13645440 8794179  2291182.0201    34  3509994.0000  2097564.7511 28473617   40.24%
 13711247 8814565  2316844.7430    30  3509994.0000  2097564.7511 28551790   40.24%
Elapsed time = 239.43 sec. (70295.59 ticks, tree = 2157.99 MB, solutions = 25)
Nodefile size = 112.99 MB (71.80 MB after compression)
 13727087 8838639  2719083.8147    28  3509994.0000  2097564.7511 28644372   40.24%
 13761794 8848534  2641473.3452    31  3509994.0000  2097564.7511 28684693   40.24%
 13797320 8874003  3385496.5323    28  3509994.0000  2097564.7511 28783850   40.24%
 13831840 8889605  3314820.1403    27  3509994.0000  2097564.7511 28848382   40.24%
 13869482 8915466  3000019.0554    28  3509994.0000  2097564.7511 28952194   40.24%
 13904238 8928953  2274459.1635    33  3509994.0000  2097564.7511 29005248   40.24%
 13940211 8945701  3048657.9543    23  3509994.0000  2097564.7511 29069727   40.24%
 14001682 8974646  2450193.5087    36  3509994.0000  2097564.7511 29182012   40.24%
 14034012 9005337  3118101.1577    21  3509994.0000  2097564.7511 29302082   40.24%
 14064859 9025798  2445457.5779    29  3509994.0000  2097564.7511 29383998   40.24%
Elapsed time = 271.01 sec. (79832.54 ticks, tree = 2199.38 MB, solutions = 25)
Nodefile size = 151.99 MB (96.40 MB after compression)
 14114462 9063499  3506891.4237    10  3509994.0000  2097564.7511 29531304   40.24%
 14188291 9092738  3144927.8998    26  3509994.0000  2097564.7511 29650306   40.24%
 14231632 9124593  2990955.0794    26  3509994.0000  2097564.7511 29772810   40.24%
 14279679 9148191  2777066.1007    21  3509994.0000  2097564.7511 29868965   40.24%
 14325460 9161785  2216152.7751    32  3509994.0000  2097564.7511 29923707   40.24%
 14375987 9199938  2922840.8836    19  3509994.0000  2097564.7511 30074019   40.24%
 14405409 9221365  2212790.1824    31  3509994.0000  2097564.7511 30156723   40.24%
 14456749 9235919  2626454.0282    33  3509994.0000  2097564.7511 30213763   40.24%
 14510955 9265179  3400102.6897    22  3509994.0000  2097564.7511 30329725   40.24%
 14634830 9348278  2385638.5731    31  3509994.0000  2097564.7511 30659566   40.24%
Elapsed time = 315.11 sec. (92230.47 ticks, tree = 2259.24 MB, solutions = 25)
Nodefile size = 211.98 MB (134.13 MB after compression)
 14794658 9427556  2914053.9674    31  3509994.0000  2097564.7511 30980423   40.24%
 14978631 9525731  3302557.9350    27  3509994.0000  2097564.7511 31367811   40.24%
 15102033 9589965  2465655.0646    34  3509994.0000  2097564.7511 31620316   40.24%
 15272113 9693991  2631478.7319    25  3509994.0000  2097564.7511 32029475   40.24%
 15447479 9786783  3502707.6087    15  3509994.0000  2097564.7511 32407153   40.24%
 15607641 9879620  2313527.3466    31  3509994.0000  2097564.7511 32774160   40.24%
 15804104 9983838  3005995.7743    17  3509994.0000  2097564.7511 33180429   40.24%
 16055609 10125657  2351957.0547    32  3509994.0000  2097564.7511 33737390   40.24%
 16225959 10225541  2402233.9364    28  3509994.0000  2097564.7511 34130290   40.24%
 16405602 10325444  2306998.4523    28  3509994.0000  2097564.7511 34524531   40.24%
Elapsed time = 458.97 sec. (130377.92 ticks, tree = 2445.16 MB, solutions = 25)
Nodefile size = 397.96 MB (250.28 MB after compression)
 16598456 10438691  3229764.0089    21  3509994.0000  2097564.7511 34970338   40.24%
 16798500 10542821  2897443.3255    30  3509994.0000  2097564.7511 35378900   40.24%
 16986602 10654454  2228992.3065    33  3509994.0000  2097564.7511 35818130   40.24%
 17190812 10763823  3499045.9543    21  3509994.0000  2097564.7511 36262722   40.24%
 17410191 10877926  2683876.0674    32  3509994.0000  2097564.7511 36720006   40.24%
 17575927 10972281  3219935.4061    24  3509994.0000  2097564.7511 37094758   40.24%
 17766043 11084083  2758263.4591    31  3509994.0000  2097564.7511 37546043   40.24%
 17955411 11203543        cutoff        3509994.0000  2097564.7511 38016614   40.24%
 18164409 11307424  3135917.7733    29  3509994.0000  2097564.7511 38440106   40.24%
 18363837 11407551  3388665.4616    20  3509994.0000  2097564.7511 38842012   40.24%
Elapsed time = 621.63 sec. (168525.48 ticks, tree = 2650.80 MB, solutions = 25)
Nodefile size = 603.94 MB (377.97 MB after compression)
 18556976 11523939  3121441.4445    27  3509994.0000  2097564.7511 39309760   40.24%
 18775694 11634327  2529665.8656    28  3509994.0000  2097564.7511 39758800   40.24%
 19045985 11782522  3373452.3614    17  3509994.0000  2097564.7511 40361428   40.24%
 19261519 11907282  3397249.5514    23  3509994.0000  2097564.7511 40872918   40.24%
 19507278 12045694  2473741.2713    29  3509994.0000  2097564.7511 41439101   40.24%
 19735677 12147951  2746853.6028    31  3509994.0000  2097564.7511 41854747   40.24%
 19930603 12284137  2635991.8238    31  3509994.0000  2097564.7511 42390035   40.24%
 20173960 12400837  3492710.2395    26  3509994.0000  2097564.7511 42855486   40.24%
 20434337 12552581  3151794.0047    26  3509994.0000  2097900.8034 43478761   40.23%
 20677772 12670293        cutoff        3509994.0000  2097900.8034 43966584   40.23%
Elapsed time = 808.36 sec. (206672.85 ticks, tree = 2884.85 MB, solutions = 25)
Nodefile size = 840.92 MB (524.28 MB after compression)
 20906151 12783271  2829163.0631    31  3509994.0000  2097900.8034 44417703   40.23%
*21117081+12903995                      3433690.0000  2097900.8034            38.90%
 21141369 12930712  3095951.5274    26  3433690.0000  2097900.8034 45016762   38.90%
 21385260 12656751  2879313.1792    26  3433690.0000  2097900.8034 45555382   38.90%
 21614483 12816117  3377971.6971    30  3433690.0000  2097900.8034 46235285   38.90%
 21937992 12971082  2871530.3216    25  3433690.0000  2098379.2534 46869841   38.89%
 22222935 13129263  2578159.0454    31  3433690.0000  2098849.5808 47492298   38.87%
 22481274 13256069  3231139.6962    28  3433690.0000  2098849.5808 48039724   38.87%
 22736555 13410261  3161052.6969    29  3433690.0000  2098849.5808 48693712   38.87%
 22939672 13503315  2944222.1111    28  3433690.0000  2098849.5808 49086783   38.87%
 23263912 13684468  2364758.0390    32  3433690.0000  2098849.5808 49869807   38.87%
Elapsed time = 1049.35 sec. (244845.45 ticks, tree = 3078.98 MB, solutions = 26)
Nodefile size = 1031.91 MB (640.39 MB after compression)
 23555480 13832531  2702478.6726    32  3433690.0000  2098849.5808 50493088   38.87%
 23950558 14055976  3410372.2645    22  3433690.0000  2098849.5808 51449911   38.87%
 24271133 14221788  3354996.2045    25  3433690.0000  2098849.5808 52123951   38.87%
 24579294 14370889  2815305.5912    30  3433690.0000  2098849.5808 52765320   38.87%
 24848188 14516195  2474227.4922    29  3433690.0000  2098849.5808 53381594   38.87%
 25152769 14699494  3321235.1119    19  3433690.0000  2098849.5808 54167189   38.87%
 25569544 14886555  2986884.9462    32  3433690.0000  2098849.5808 54979091   38.87%
 25923141 15080765  3294174.3654    22  3433690.0000  2098849.5808 55791429   38.87%
 26339558 15266142  2807068.4847    29  3433690.0000  2098849.5808 56585523   38.87%
 26705383 15449359  2478595.2846    30  3433690.0000  2098849.5808 57373714   38.87%
Elapsed time = 1332.10 sec. (282992.55 ticks, tree = 3420.94 MB, solutions = 26)
Nodefile size = 1373.87 MB (850.93 MB after compression)
 27017139 15666848  3426675.4762    23  3433690.0000  2098849.5808 58285106   38.87%
 27406319 15841035  3193744.7416    28  3433690.0000  2098849.5808 59052620   38.87%
 27736708 16027933  3213778.5391    26  3433690.0000  2098849.5808 59837611   38.87%
 28095716 16203796  2624501.5735    29  3433690.0000  2098849.5808 60627140   38.87%
 28462802 16386581  3169207.9270    29  3433690.0000  2098849.5808 61420637   38.87%
 28790308 16584450  2519940.5364    31  3433690.0000  2098849.5808 62277904   38.87%
 29268778 16817905  3284909.9961    24  3433690.0000  2098849.5808 63338206   38.87%
 29641901 16969805  2645451.5266    29  3433690.0000  2098849.5808 64020999   38.87%
 30018921 17202444  3303846.0432    22  3433690.0000  2098849.5808 65049394   38.87%
 30437174 17400149  3245422.8248    30  3433690.0000  2098849.5808 65918126   38.87%
Elapsed time = 1648.03 sec. (321139.73 ticks, tree = 3788.15 MB, solutions = 26)
Nodefile size = 1740.84 MB (1076.46 MB after compression)
 30907707 17582936  3321536.5544    20  3433690.0000  2098849.5808 66767069   38.87%
 31280952 17801648  3205284.0854    25  3433690.0000  2098849.5808 67714021   38.87%
 31872540 18091201  2620455.8507    29  3433690.0000  2098849.5808 69016927   38.87%
 32344584 18367134  3312710.2011    28  3433690.0000  2098849.5808 70237559   38.87%
 32903200 18616928  2543542.9789    29  3433690.0000  2098849.5808 71380199   38.87%
 33388440 18878567  2994813.4640    26  3433690.0000  2098849.5808 72552573   38.87%
 33981097 19136896  3324524.0306    25  3433690.0000  2098849.5808 73703792   38.87%
 34465157 19400888  2960928.6184    36  3433690.0000  2098849.5808 74915396   38.87%
 34947510 19602474  3286840.7851    28  3433690.0000  2098849.5808 75793671   38.87%
 35327945 19828997  3247429.5593    25  3433690.0000  2098849.5808 76829206   38.87%
Elapsed time = 2061.36 sec. (359286.93 ticks, tree = 4245.70 MB, solutions = 26)
Nodefile size = 2199.80 MB (1358.43 MB after compression)
 35918342 20117709  3107616.0303    26  3433690.0000  2098849.5808 78235816   38.87%
 36367043 20321328  2874639.8562    24  3433690.0000  2098849.5808 79171186   38.87%
 36923318 20626790  3015919.4989    36  3433690.0000  2100604.0229 80614786   38.82%
 37399386 20837476  2962606.3163    26  3433690.0000  2139895.4019 81601163   37.68%
 38119729 21077540  3035846.3332    28  3433690.0000  2139895.4019 82878061   37.68%
 38857392 21431157  3372230.9607    21  3433690.0000  2139895.4019 84594031   37.68%
 39412095 21758751  3214468.9638    24  3433690.0000  2139895.4019 86097512   37.68%
 40008814 22029929  3225697.1820    28  3433690.0000  2139895.4019 87429221   37.68%
 40629269 22279703  2768617.5984    32  3433690.0000  2139895.4019 88635668   37.68%
 41146368 22536466  2691281.8557    28  3433690.0000  2139895.4019 89863997   37.68%
Elapsed time = 2578.87 sec. (397535.92 ticks, tree = 4764.61 MB, solutions = 26)
Nodefile size = 2718.75 MB (1676.24 MB after compression)
 41808907 22813457  3003975.6209    27  3433690.0000  2139895.4019 91227785   37.68%
 42421770 23099737  2573287.2633    31  3433690.0000  2139895.4019 92702866   37.68%
 43097595 23386584        cutoff        3433690.0000  2139895.4019 94108968   37.68%
 43658303 23731341  3382749.9830    31  3433690.0000  2139895.4019 95737580   37.68%
 44289687 23940090  2533964.2855    30  3433690.0000  2139895.4019 96844724   37.68%
 44863605 24217583  2517152.8051    26  3433690.0000  2139895.4019 98176406   37.68%
 45360272 24487113  2694313.8656    34  3433690.0000  2139895.4019 99507971   37.68%
 45943270 24729493  2670676.9501    27  3433690.0000  2139895.4019 1.01e+08   37.68%
 46553501 24976573  3182214.6601    20  3433690.0000  2139895.4019 1.02e+08   37.68%
 47110366 25263839  2973364.9009    25  3433690.0000  2139895.4019 1.03e+08   37.68%
Elapsed time = 3081.14 sec. (435682.93 ticks, tree = 5279.58 MB, solutions = 26)
Nodefile size = 3231.71 MB (1990.73 MB after compression)
 47731444 25528607  2939065.1238    26  3433690.0000  2139895.4019 1.05e+08   37.68%
 48347301 25808576  2970007.1270    26  3433690.0000  2139895.4019 1.06e+08   37.68%
 48991722 26080435  3043734.7786    29  3433690.0000  2139895.4019 1.08e+08   37.68%
 49533370 26280212  2988396.5107    24  3433690.0000  2139895.4019 1.09e+08   37.68%
 50179242 26576673  3406445.2153    25  3433690.0000  2139895.4019 1.10e+08   37.68%
 50675030 26790280  3354557.9452    23  3433690.0000  2139895.4019 1.11e+08   37.68%
 51166465 26994795  2542981.8313    31  3433690.0000  2139895.4019 1.12e+08   37.68%
 51843911 27292959  3352438.1665    24  3433690.0000  2139895.4019 1.14e+08   37.68%
 52462055 27571661  2637007.7854    27  3433690.0000  2139895.4019 1.16e+08   37.68%
 53063271 27814885  3312038.1615    22  3433690.0000  2139895.4019 1.17e+08   37.68%
Elapsed time = 3555.94 sec. (473829.97 ticks, tree = 5763.45 MB, solutions = 26)
Nodefile size = 3716.66 MB (2287.85 MB after compression)
 53542732 27977095  3028240.3459    27  3433690.0000  2139895.4019 1.18e+08   37.68%
 54065805 28239744  3107365.2054    21  3433690.0000  2139895.4019 1.19e+08   37.68%
 54704011 28516976  3335928.6759    22  3433690.0000  2139895.4019 1.21e+08   37.68%
 55282694 28714228  3253922.7348    24  3433690.0000  2139895.4019 1.22e+08   37.68%
 55903656 29014430  2903775.2622    27  3433690.0000  2139895.4019 1.23e+08   37.68%
 56459801 29219304  3084632.8806    24  3433690.0000  2139895.4019 1.24e+08   37.68%
 56894982 29400031  3404433.3561    21  3433690.0000  2139895.4019 1.25e+08   37.68%
 57526399 29660637  3243671.9398    25  3433690.0000  2139895.4019 1.27e+08   37.68%
 58108507 29870053  2723666.7814    29  3433690.0000  2139895.4019 1.28e+08   37.68%
 58774170 30147345  2771131.5164    28  3433690.0000  2139895.4019 1.30e+08   37.68%
Elapsed time = 4000.93 sec. (511977.00 ticks, tree = 6210.49 MB, solutions = 26)
Nodefile size = 4163.62 MB (2561.76 MB after compression)
 59293700 30342392  3245064.0613    27  3433690.0000  2139895.4019 1.31e+08   37.68%
 59834765 30543086  2906287.7179    22  3433690.0000  2139895.4019 1.32e+08   37.68%
 60542721 30870347  3177155.4224    24  3433690.0000  2434349.9480 1.34e+08   29.10%
 61484875 31131936  2790200.2196    34  3433690.0000  2542837.4281 1.36e+08   25.94%
 62016542 31397390  2851844.0646    29  3433690.0000  2542837.4281 1.37e+08   25.94%
 62489577 31523474  2838130.5462    31  3433690.0000  2542837.4281 1.38e+08   25.94%
 63367577 31863420  3220998.7390    27  3433690.0000  2587218.4343 1.40e+08   24.65%
 64179939 32174033  3029633.5965    27  3433690.0000  2587670.8787 1.42e+08   24.64%
 64825966 32471692  2912627.8844    30  3433690.0000  2587670.8787 1.44e+08   24.64%
 65451913 32751038  3176458.4618    18  3433690.0000  2603955.4848 1.45e+08   24.16%
Elapsed time = 4530.66 sec. (550124.00 ticks, tree = 6704.04 MB, solutions = 26)
Nodefile size = 4656.58 MB (2863.55 MB after compression)
 65728082 32857955  2886945.5361    34  3433690.0000  2609909.4649 1.46e+08   23.99%
 66003308 32945364  2863651.7359    26  3433690.0000  2614153.4882 1.47e+08   23.87%
 66279964 33050299  3147448.5856    23  3433690.0000  2615631.2166 1.47e+08   23.82%
 66554948 33137180  3271953.1988    33  3433690.0000  2617145.1894 1.48e+08   23.78%
 66826769 33218348  3283626.1390    31  3433690.0000  2618596.7963 1.49e+08   23.74%
 67091600 33329015  3110609.5379    25  3433690.0000  2620179.6289 1.49e+08   23.69%
 67365710 33408463  2669637.9883    29  3433690.0000  2621680.1112 1.50e+08   23.65%
 67639755 33506604  3020796.0826    25  3433690.0000  2623144.5353 1.50e+08   23.61%
 67915290 33589682  3299199.8914    28  3433690.0000  2624688.6143 1.51e+08   23.56%
 68190405 33687422  3279425.6585    21  3433690.0000  2626088.9431 1.52e+08   23.52%
Elapsed time = 4824.99 sec. (588271.07 ticks, tree = 6881.41 MB, solutions = 26)
Nodefile size = 4833.56 MB (2970.35 MB after compression)
 68464049 33777857  3385308.7098    21  3433690.0000  2627731.3821 1.52e+08   23.47%
 68742421 33875528  2917041.1850    24  3433690.0000  2629085.6175 1.53e+08   23.43%
 69014799 33955426  3156765.2165    23  3433690.0000  2630558.6619 1.54e+08   23.39%
 69288160 34043119  2740490.4039    28  3433690.0000  2631930.8937 1.54e+08   23.35%
 69564016 34145802  2803311.7183    27  3433690.0000  2633489.7619 1.55e+08   23.30%
 69832324 34227532  2671570.9609    23  3433690.0000  2634776.4066 1.55e+08   23.27%

Root node processing (before b&c):
  Real time             =    0.53 sec. (11.58 ticks)
Parallel b&c, 32 threads:
  Real time             = 5028.69 sec. (695173.96 ticks)
  Sync time (average)   = 4495.34 sec.
  Wait time (average)   =    4.43 sec.
                          ------------
Total (root+branch&cut) = 5029.22 sec. (695185.53 ticks)

Solution pool: 27 solutions saved.

MIP - Time limit exceeded, integer feasible:  Objective =  3.4336900000e+06
Current MIP best bound =  2.6352219626e+06 (gap = 798468, 23.25%)
Solution time = 5029.23 sec.  Iterations = 155638350  Nodes = 69841611 (34253581)
Deterministic time = 695185.53 ticks  (138.23 ticks/sec)

CPLEX> Incumbent solution written to file 'cplex.sol'.
CPLEX> 

optval(Q): 3433690.000, lowerbound(P): 254121.851
bestval: 2901030.000
could not solve ..

time: 5040s
best value: 2901030.000
norm: 1703.241
AF: 0.950
Nodes: 0
best solution:
 0: 1.000
