Bounds: 
x_0: [ -11.000, 11.000]
x_1: [ -19.000, 19.000]
x_2: [ -13.000, 13.000]
x_3: [ -23.000, 23.000]
x_4: [ -15.000, 15.000]
x_5: [ -9.000, 9.000]
x_6: [ -12.000, 12.000]
x_7: [ -9.000, 9.000]
x_8: [ -9.000, 9.000]
x_9: [ -15.000, 15.000]
x_10: [ -12.000, 12.000]
x_11: [ -10.000, 10.000]
x_12: [ -6.000, 6.000]
x_13: [ -9.000, 9.000]
x_14: [ -7.000, 7.000]
x_15: [ -9.000, 9.000]
x_16: [ -10.000, 10.000]
x_17: [ -5.000, 5.000]
x_18: [ -9.000, 9.000]
x_19: [ -8.000, 8.000]
x_20: [ -6.000, 6.000]
x_21: [ -8.000, 8.000]
x_22: [ -5.000, 5.000]
x_23: [ -8.000, 8.000]
x_24: [ -12.000, 12.000]
x_25: [ -5.000, 5.000]
x_26: [ -7.000, 7.000]
x_27: [ -8.000, 8.000]
x_28: [ -9.000, 9.000]
x_29: [ -6.000, 6.000]
x_30: [ -4.000, 4.000]
x_31: [ -3.000, 3.000]
x_32: [ -3.000, 3.000]
x_33: [ -5.000, 5.000]
x_34: [ -4.000, 4.000]
x_35: [ -3.000, 3.000]
x_36: [ -5.000, 5.000]
x_37: [ -3.000, 3.000]
x_38: [ -3.000, 3.000]
x_39: [ -4.000, 4.000]
x_40: [ -3.000, 3.000]
x_41: [ -4.000, 4.000]
x_42: [ -3.000, 3.000]
x_43: [ -4.000, 4.000]
x_44: [ -3.000, 3.000]
x_45: [ -3.000, 3.000]
x_46: [ -3.000, 3.000]
-[0]--------------------------------------------
selection: 33

Welcome to IBM(R) ILOG(R) CPLEX(R) Interactive Optimizer 12.8.0.0
  with Simplex, Mixed Integer & Barrier Optimizers
5725-A06 5725-A29 5724-Y48 5724-Y49 5724-Y54 5724-Y55 5655-Y21
Copyright IBM Corp. 1988, 2017.  All Rights Reserved.

Type 'help' for a list of available commands.
Type 'help' followed by a command name for more
information on commands.

CPLEX> Problem 'cplex.lp' read.
Read time = 0.00 sec. (0.12 ticks)
CPLEX> New value for time limit in seconds: 5000
CPLEX> New value for mixed integer optimality gap tolerance: 1e-10
CPLEX> CPXPARAM_TimeLimit                               5000
CPXPARAM_MIP_Tolerances_MIPGap                   1e-10
Found incumbent of value 1.5087222e+10 after 0.00 sec. (0.02 ticks)
Tried aggregator 1 time.
Reduced MIQP has 0 rows, 47 columns, and 0 nonzeros.
Reduced MIQP has 0 binaries, 47 generals, 0 SOSs, and 0 indicators.
Reduced MIQP objective Q matrix has 2209 nonzeros.
Presolve time = 0.00 sec. (0.20 ticks)
Tried aggregator 1 time.
Reduced MIQP has 0 rows, 47 columns, and 0 nonzeros.
Reduced MIQP has 0 binaries, 47 generals, 0 SOSs, and 0 indicators.
Reduced MIQP objective Q matrix has 2209 nonzeros.
Presolve time = 0.00 sec. (0.19 ticks)
MIP emphasis: balance optimality and feasibility.
MIP search method: dynamic search.
Parallel mode: deterministic, using up to 32 threads.
Root relaxation solution time = 0.00 sec. (1.11 ticks)

        Nodes                                         Cuts/
   Node  Left     Objective  IInf  Best Integer    Best Bound    ItCnt     Gap

*     0+    0                       1.50872e+10  -1.12890e+11           848.25%
      0     0    83377.3323    46   1.50872e+10    83377.3323        8  100.00%
*     0+    0                       2.87667e+07    83377.3323            99.71%
*     0+    0                      7276007.0000    83377.3323            98.85%
*     0+    0                      7224598.0000   123414.3042            98.29%
      0     2    83377.3323    46  7224598.0000   123414.3042        8   98.29%
Elapsed time = 0.49 sec. (12.48 ticks, tree = 0.01 MB, solutions = 4)
*    10+   10                      6523335.0000   123414.3042            98.11%
*    10+    1                      5932085.0000   123414.3042            97.92%
*    97+   12                      4226215.0000   123414.3042            97.08%
  45644 22455  1501061.6627    33  4226215.0000   908539.0941    83190   78.50%
* 52454+27616                      3888575.0000   933537.8135            75.99%
 103700 60637  3749131.7512    25  3888575.0000  1062361.2739   201866   72.68%
*155399+102039                      3544309.0000  1155868.9831            67.39%
 165665 99684  3831705.9744    29  3544309.0000  1159058.0013   318691   67.30%
 220913 126474  2659157.0810    28  3544309.0000  1250633.4994   436020   64.71%
 289843 181639  2709304.1057    24  3544309.0000  1321856.6411   605923   62.70%
 360741 221938  1721886.4576    34  3544309.0000  1369534.0054   729239   61.36%
 432787 276963  2072666.4145    32  3544309.0000  1440413.7566   898530   59.36%
 505524 329317  1748621.2210    34  3544309.0000  1490959.5166  1058585   57.93%
 578681 373515  1840992.5626    33  3544309.0000  1533388.6330  1196414   56.74%
 881212 580017  1866937.6417    33  3544309.0000  1652848.5551  1844503   53.37%
Elapsed time = 8.98 sec. (3111.98 ticks, tree = 151.62 MB, solutions = 20)
 1195893 810611  3065945.1621    30  3544309.0000  1729813.0054  2568169   51.19%
 1520718 1007035  2899405.8863    25  3544309.0000  1786271.2500  3174683   49.60%
 1847946 1241595  2355677.3460    29  3544309.0000  1831474.7936  3905498   48.33%
 2179430 1418819  3191173.9661    27  3544309.0000  1868227.4113  4457222   47.29%
 2509299 1628891  2237142.8652    35  3544309.0000  1900116.1538  5116007   46.39%
 2842511 1869978  3075647.0213    24  3544309.0000  1927562.1955  5877855   45.62%
 3175493 2089602  3080384.8220    34  3544309.0000  1952819.3314  6581982   44.90%
 3506837 2312320  2309394.6179    26  3544309.0000  1974681.8304  7284641   44.29%
 3843518 2526235  2663650.3763    21  3544309.0000  1995482.9729  7960928   43.70%
 4180679 2752587  2739225.0933    23  3544309.0000  2014049.3460  8687852   43.18%
Elapsed time = 38.34 sec. (12648.77 ticks, tree = 691.65 MB, solutions = 20)
 4519934 2931684  2942035.5068    19  3544309.0000  2030497.5080  9251581   42.71%
 4859472 3164842  3516218.2584    26  3544309.0000  2046079.0228  9994736   42.27%
 5199446 3322837  2348516.6425    28  3544309.0000  2060616.3706 10492817   41.86%
 5537717 3594504  2513585.5520    30  3544309.0000  2074143.6673 11368938   41.48%
 5876395 3752491        cutoff        3544309.0000  2087350.0559 11882969   41.11%
 6215480 3958872  3228993.7410    21  3544309.0000  2099079.7540 12555139   40.78%
 6554887 4192097  2364726.8992    33  3544309.0000  2110653.9623 13312205   40.45%
 6893416 4392460        cutoff        3544309.0000  2121731.6762 13971864   40.14%
 7231568 4597685  3369401.0188    15  3544309.0000  2132219.5284 14648746   39.84%
 7568827 4807059  2635793.3895    26  3544309.0000  2141818.5237 15364050   39.57%
Elapsed time = 70.54 sec. (22185.54 ticks, tree = 1226.82 MB, solutions = 20)
 7907886 5003224  3510127.4210    24  3544309.0000  2151495.5191 16005447   39.30%
 8246479 5237022  2760066.4558    24  3544309.0000  2160580.7238 16795325   39.04%
 8580577 5417040  3029234.1735    21  3544309.0000  2169656.6980 17402000   38.78%
 8921838 5644877  2517495.1150    28  3544309.0000  2178163.2618 18188838   38.54%
 9263734 5847483  3242114.1264    23  3544309.0000  2186377.9424 18870196   38.31%
 9600797 6110296  3364603.2942    19  3544309.0000  2194249.5552 19747315   38.09%
 9940663 6295237  3087848.3976    27  3544309.0000  2201932.9337 20392077   37.87%
 10281542 6465546  3411902.1135    18  3544309.0000  2209579.7771 20989620   37.66%
 10619364 6604734        cutoff        3544309.0000  2216794.3416 21464782   37.45%
 10956890 6900369  3230436.4634    23  3544309.0000  2223504.3837 22471605   37.27%
Elapsed time = 106.38 sec. (31722.32 ticks, tree = 1754.88 MB, solutions = 20)
 11296807 7066803  2389740.0294    28  3544309.0000  2230418.6332 23062742   37.07%
*11634026+7325249                      3511763.0000  2237064.9657            36.30%
 11638603 7352391  2495538.4235    26  3511763.0000  2237064.9657 24079063   36.30%
 11956592 7362202  3352724.9323    26  3511763.0000  2243840.7313 24625613   36.11%
 12296069 7567017  2369698.0681    31  3511763.0000  2250088.1540 25351808   35.93%
 12632983 7768956  2661051.5060    27  3511763.0000  2256079.3662 26078055   35.76%
 12972975 7994198        cutoff        3511763.0000  2261996.0801 26889664   35.59%
 13251581 8053149  3014231.1037    26  3511763.0000  2263994.1695 27097471   35.53%
 13322461 8114037        cutoff        3511763.0000  2263994.1695 27310887   35.53%
 13371568 8127950  3115758.8171    27  3511763.0000  2263994.1695 27361392   35.53%
 13420245 8164178  2537936.3910    27  3511763.0000  2263994.1695 27490952   35.53%
Elapsed time = 152.74 sec. (41259.19 ticks, tree = 2071.49 MB, solutions = 21)
Nodefile size = 25.00 MB (15.75 MB after compression)
 13452309 8189172  2900538.6863    26  3511763.0000  2263994.1695 27588137   35.53%
 13482215 8202773  2479558.7346    35  3511763.0000  2263994.1695 27641360   35.53%
 13526635 8231895  3277025.1319    26  3511763.0000  2263994.1695 27754565   35.53%
 13546421 8237746  3407541.4313    23  3511763.0000  2263994.1695 27776527   35.53%
 13585210 8268888  2595500.1044    30  3511763.0000  2263994.1695 27900673   35.53%
 13639830 8288787  2317410.2993    29  3511763.0000  2263994.1695 27982106   35.53%
 13660787 8312453  3326598.9282    28  3511763.0000  2263994.1695 28075012   35.53%
 13708106 8339070  3119464.9016    24  3511763.0000  2263994.1695 28185529   35.53%
 13760148 8361348  2791196.0865    27  3511763.0000  2263994.1695 28279902   35.53%
 13814614 8391734  2376554.4106    28  3511763.0000  2263994.1695 28409126   35.53%
Elapsed time = 185.79 sec. (50796.39 ticks, tree = 2113.17 MB, solutions = 21)
Nodefile size = 65.99 MB (41.56 MB after compression)
 13871230 8422378  3146085.9259    19  3511763.0000  2263994.1695 28541450   35.53%
 13918066 8439014  2372440.9775    26  3511763.0000  2263994.1695 28611711   35.53%
 13964693 8475127  2773541.0623    25  3511763.0000  2263994.1695 28763863   35.53%
 14026942 8497559  2649746.2324    31  3511763.0000  2263994.1695 28854948   35.53%
 14050436 8503648  3321201.2149    21  3511763.0000  2263994.1695 28879599   35.53%
 14086381 8530385  2338494.9758    27  3511763.0000  2263994.1695 28990895   35.53%
 14137886 8558388  3464833.6045    20  3511763.0000  2263994.1695 29106406   35.53%
 14196306 8586522  3403031.3407    34  3511763.0000  2263994.1695 29225488   35.53%
 14229830 8594329  2829649.8219    26  3511763.0000  2263994.1695 29258495   35.53%
 14268642 8623609  3312294.5433    19  3511763.0000  2263994.1695 29383826   35.53%
Elapsed time = 220.29 sec. (60333.77 ticks, tree = 2156.83 MB, solutions = 21)
Nodefile size = 109.99 MB (69.26 MB after compression)
 14322151 8651697  3396662.1937    21  3511763.0000  2263994.1695 29500882   35.53%
 14385202 8679575  3297557.9727    23  3511763.0000  2263994.1695 29621427   35.53%
 14400592 8684535  2328093.7191    35  3511763.0000  2263994.1695 29637757   35.53%
 14438203 8707092        cutoff        3511763.0000  2263994.1695 29732268   35.53%
 14491427 8729667  2344249.8636    31  3511763.0000  2263994.1695 29827621   35.53%
 14554274 8759050  2519367.8699    29  3511763.0000  2263994.1695 29950944   35.53%
 14596076 8789455  3309891.7168    24  3511763.0000  2263994.1695 30076923   35.53%
 14639426 8812421  2781501.3003    27  3511763.0000  2263994.1695 30173814   35.53%
 14698795 8836543  3239288.9017    30  3511763.0000  2263994.1695 30275617   35.53%
 14731403 8856357  2693334.5561    29  3511763.0000  2263994.1695 30363123   35.53%
Elapsed time = 256.62 sec. (69870.87 ticks, tree = 2203.09 MB, solutions = 21)
Nodefile size = 155.98 MB (98.25 MB after compression)
 14776775 8870849  2857945.3181    33  3511763.0000  2263994.1695 30423648   35.53%
 14840701 8903274  3044418.1554    24  3511763.0000  2263994.1695 30563817   35.53%
 14907917 8942113  3361437.8213    20  3511763.0000  2263994.1695 30725185   35.53%
 14961693 8979099        cutoff        3511763.0000  2263994.1695 30876587   35.53%
 15012634 8984066  3378619.3629    28  3511763.0000  2263994.1695 30898442   35.53%
 15086340 9026505  2385562.1249    32  3511763.0000  2263994.1695 31081994   35.53%
 15137912 9068373  2601048.6868    27  3511763.0000  2263994.1695 31259836   35.53%
 15180836 9081400  3403815.8389    22  3511763.0000  2263994.1695 31314870   35.53%
 15228402 9100999  2754960.3355    24  3511763.0000  2263994.1695 31395451   35.53%
 15280033 9124631  3034532.3109    22  3511763.0000  2263994.1695 31493315   35.53%
Elapsed time = 296.70 sec. (79407.77 ticks, tree = 2255.23 MB, solutions = 21)
Nodefile size = 209.98 MB (132.26 MB after compression)
 15322060 9152895  2972969.5562    26  3511763.0000  2263994.1695 31609627   35.53%
 15381799 9177289  2694240.0232    29  3511763.0000  2263994.1695 31709046   35.53%
 15401035 9197259  2728520.2382    23  3511763.0000  2263994.1695 31797202   35.53%
 15435825 9218739  3343574.3859    29  3511763.0000  2263994.1695 31889431   35.53%
 15504207 9237635  3353383.0643    17  3511763.0000  2263994.1695 31971108   35.53%
 15564265 9275773  2960672.0562    29  3511763.0000  2263994.1695 32135918   35.53%
 15611857 9306461  3216655.1854    20  3511763.0000  2263994.1695 32270656   35.53%
 15683514 9335635  3402424.6950    21  3511763.0000  2263994.1695 32395724   35.53%
 15720512 9357507  3396269.5527    26  3511763.0000  2263994.1695 32488088   35.53%
 15874484 9441982  3254636.6264    23  3511763.0000  2263994.1695 32837163   35.53%
Elapsed time = 343.34 sec. (91864.00 ticks, tree = 2315.97 MB, solutions = 21)
Nodefile size = 267.97 MB (168.86 MB after compression)
 16064217 9542609  2822794.3870    19  3511763.0000  2263994.1695 33274207   35.53%
 16287215 9657258  2695180.9778    29  3511763.0000  2263994.1695 33775162   35.53%
 16485447 9741729  3356588.1263    25  3511763.0000  2263994.1695 34128174   35.53%
 16694248 9836772  2371332.5281    33  3511763.0000  2263994.1695 34539630   35.53%
 16897536 9954253  2692745.7546    27  3511763.0000  2263994.1695 35057679   35.53%
 17079634 10052202  3355030.8375    19  3511763.0000  2263994.1695 35502349   35.53%
 17290347 10152319  3017530.5871    26  3511763.0000  2263994.1695 35955186   35.53%
 17554721 10285195  3140663.2279    26  3511763.0000  2263994.1695 36547489   35.53%
 17802110 10411075        cutoff        3511763.0000  2263994.1695 37085754   35.53%
 18067681 10530665  2961484.9984    23  3511763.0000  2263994.1695 37600604   35.53%
Elapsed time = 506.96 sec. (130011.09 ticks, tree = 2530.16 MB, solutions = 21)
Nodefile size = 482.95 MB (304.56 MB after compression)
 18294603 10659433  3182358.6224    27  3511763.0000  2263994.1695 38166906   35.53%
 18570871 10799031  2680093.7769    28  3511763.0000  2263994.1695 38784629   35.53%
 18884773 10928702  3401024.1044    24  3511763.0000  2263994.1695 39375670   35.53%
 19097304 11056483  3250917.3500    23  3511763.0000  2263994.1695 39935967   35.53%
 19352498 11179209  2663815.6821    27  3511763.0000  2263994.1695 40472035   35.53%
 19579331 11287462  2932319.9712    22  3511763.0000  2263994.1695 40979134   35.53%
 19776493 11374024  2449588.4693    30  3511763.0000  2263994.1695 41358826   35.53%
 20116844 11545351  2753877.1433    27  3511763.0000  2263994.1695 42166597   35.53%
 20416713 11695071  3352064.9093    23  3511763.0000  2263994.1695 42834309   35.53%
 20606185 11769925  3256282.6042    28  3511763.0000  2263994.1695 43178551   35.53%
Elapsed time = 699.76 sec. (168158.17 ticks, tree = 2772.39 MB, solutions = 21)
Nodefile size = 724.93 MB (457.64 MB after compression)
 20865916 11927126  2587334.4185    27  3511763.0000  2263994.1695 43865694   35.53%
 21178475 12072025  3228631.5053    24  3511763.0000  2263994.1695 44527823   35.53%
 21458145 12197876  3304373.8946    21  3511763.0000  2263994.1695 45074757   35.53%
 21758142 12339470  2876845.2617    26  3511763.0000  2263994.1695 45726542   35.53%
 22017685 12480157  3214971.7782    27  3511763.0000  2263994.1695 46372780   35.53%
 22308045 12590109  2758267.9227    28  3511763.0000  2263994.1695 46877248   35.53%
 22600157 12789380  2456384.4049    27  3511763.0000  2263994.1695 47777974   35.53%
 22912024 12947495  3234117.9874    26  3511763.0000  2263994.1695 48458350   35.53%
 23209400 13118666        cutoff        3511763.0000  2264166.0997 49219246   35.53%
 23593024 13252120  2875783.9984    28  3511763.0000  2264166.0997 49818521   35.53%
Elapsed time = 949.27 sec. (206414.52 ticks, tree = 3057.74 MB, solutions = 21)
Nodefile size = 1012.90 MB (640.12 MB after compression)
 23985602 13448037  3153138.1380    24  3511763.0000  2264166.0997 50735444   35.53%
 24410157 13642188  3162319.3669    26  3511763.0000  2264166.0997 51603662   35.53%
 24801950 13841971  2694258.6898    26  3511763.0000  2264166.0997 52541481   35.53%
 25168620 14022875  2900621.8047    35  3511763.0000  2264166.0997 53370450   35.53%
 25519917 14184006  2891560.8570    29  3511763.0000  2264166.0997 54130444   35.53%
 25961908 14387178  3052800.5092    24  3511763.0000  2264166.0997 55067461   35.53%
 26490562 14602552  2711526.8977    29  3511763.0000  2264166.0997 56077917   35.53%
 26947289 14856195        cutoff        3511763.0000  2264166.0997 57235163   35.53%
 27434195 15078406  3099679.1538    26  3511763.0000  2264166.0997 58286136   35.53%
 27809777 15288475  3413906.4412    21  3511763.0000  2264166.0997 59261998   35.53%
Elapsed time = 1281.31 sec. (244561.59 ticks, tree = 3453.63 MB, solutions = 21)
Nodefile size = 1406.87 MB (889.66 MB after compression)
 28464621 15582627  3120856.6019    22  3511763.0000  2264166.0997 60707488   35.53%
 28868679 15756308  2546670.7715    26  3511763.0000  2264166.0997 61526657   35.53%
 29271350 15917939  3409897.4735    23  3511763.0000  2264166.0997 62304973   35.53%
 29770920 16156336  2730483.9227    31  3511763.0000  2264166.0997 63460839   35.53%
 30340704 16399865  3333723.8045    21  3511763.0000  2264166.0997 64639725   35.53%
 30700175 16561916  3200184.8845    30  3511763.0000  2264166.0997 65368455   35.53%
 31268243 16873405  3450949.8463    27  3511763.0000  2264166.0997 66881503   35.53%
 31743993 17093404  3361142.3468    22  3511763.0000  2264166.0997 67985557   35.53%
 32270648 17295502  3246460.7925    25  3511763.0000  2264166.0997 68959022   35.53%
 32919396 17601824  3207374.9955    26  3511763.0000  2264166.0997 70477489   35.53%
Elapsed time = 1682.78 sec. (282708.65 ticks, tree = 3910.04 MB, solutions = 21)
Nodefile size = 1862.82 MB (1178.89 MB after compression)
 33509411 17876569  3082689.4842    30  3511763.0000  2264166.0997 71799232   35.53%
 34025878 18079193  2770662.8858    34  3511763.0000  2264166.0997 72868334   35.53%
 34422388 18257110  3230309.9233    27  3511763.0000  2264166.0997 73758938   35.53%
 35040395 18553973  2984445.2766    25  3511763.0000  2264166.0997 75373574   35.53%
 35621342 18820673  3078533.9845    27  3511763.0000  2264166.0997 76786967   35.53%
 36022489 19016978  3146658.3363    32  3511763.0000  2265864.7869 77818845   35.48%
 36451101 19159242  3301302.8620    21  3511763.0000  2265864.7869 78576271   35.48%
 37079930 19487805  3093125.9284    27  3511763.0000  2267892.1952 80460593   35.42%
 37772241 19716791        cutoff        3511763.0000  2434661.4744 81701114   30.67%
 38514203 19967401  2853863.9218    29  3511763.0000  2434661.4744 83132615   30.67%
Elapsed time = 2149.98 sec. (321058.70 ticks, tree = 4372.75 MB, solutions = 21)
Nodefile size = 2325.78 MB (1473.00 MB after compression)
 39199937 20250575  3132735.0993    20  3511763.0000  2434661.4744 84674185   30.67%
 39912452 20518898  2809459.7057    30  3511763.0000  2434661.4744 86132235   30.67%
 40455132 20821250  2752516.6759    25  3511763.0000  2434661.4744 87672665   30.67%
 41003778 21031328  2733912.4971    28  3511763.0000  2434661.4744 88912450   30.67%
 41563973 21235650  3402349.2458    19  3511763.0000  2434661.4744 90024216   30.67%
 42159758 21460102  3088690.4422    31  3511763.0000  2434661.4744 91292421   30.67%
 42849011 21727080  3028169.6198    21  3511763.0000  2434661.4744 92824391   30.67%
 43442817 22002865  3076839.3272    25  3511763.0000  2434661.4744 94300930   30.67%
 44083741 22216943  2767679.8554    24  3511763.0000  2434661.4744 95576626   30.67%
 44602847 22463723  3140627.8361    30  3511763.0000  2434661.4744 96993632   30.67%
Elapsed time = 2612.56 sec. (359205.74 ticks, tree = 4855.79 MB, solutions = 21)
Nodefile size = 2808.73 MB (1779.41 MB after compression)
 45207728 22675218  3502034.0705    20  3511763.0000  2434661.4744 98184639   30.67%
 45757185 22887623  2668074.3460    28  3511763.0000  2434661.4744 99412286   30.67%
 46428393 23170709  3095830.3468    23  3511763.0000  2434661.4744 1.01e+08   30.67%
 47238920 23485664  3242123.5199    21  3511763.0000  2434661.4744 1.03e+08   30.67%
 47741231 23648076  3002153.0093    23  3511763.0000  2434661.4744 1.04e+08   30.67%
 48396808 23914612  3495888.0410    27  3511763.0000  2434661.4744 1.06e+08   30.67%
 48932312 24083614  3173472.6616    25  3511763.0000  2434661.4744 1.07e+08   30.67%
 49689381 24356149  2848042.8816    25  3511763.0000  2434661.4744 1.08e+08   30.67%
 50530752 24694137  3228879.0816    22  3511763.0000  2434661.4744 1.10e+08   30.67%
 51353298 25018183  3233846.2741    21  3511763.0000  2615193.7277 1.12e+08   25.53%
Elapsed time = 3105.58 sec. (397352.75 ticks, tree = 5353.35 MB, solutions = 21)
Nodefile size = 3307.69 MB (2096.09 MB after compression)
 52223453 25328562  3474044.6162    29  3511763.0000  2615193.7277 1.14e+08   25.53%
 53046235 25574573  3077407.9279    29  3511763.0000  2615193.7277 1.16e+08   25.53%
 53912977 25917831  3018412.7010    24  3511763.0000  2615193.7277 1.18e+08   25.53%
 54717595 26139760  3266316.9584    28  3511763.0000  2615193.7277 1.20e+08   25.53%
 55662892 26523314  3160582.6830    20  3511763.0000  2717280.7353 1.22e+08   22.62%
 56541342 26756815  2804749.3693    27  3511763.0000  2722543.2623 1.24e+08   22.47%
 57520163 27129048  2933058.5473    30  3511763.0000  2728746.9158 1.26e+08   22.30%
 58430405 27442977  3234816.3251    31  3511763.0000  2734944.5709 1.28e+08   22.12%
 59351154 27733386  2813730.7833    30  3511763.0000  2740841.0628 1.30e+08   21.95%
 60086291 27958255        cutoff        3511763.0000  2740896.7160 1.32e+08   21.95%
Elapsed time = 3696.58 sec. (435499.76 ticks, tree = 5932.35 MB, solutions = 21)
Nodefile size = 3885.63 MB (2462.80 MB after compression)
 60780657 28156982  2991971.2646    29  3511763.0000  2741004.1887 1.34e+08   21.95%
 61600538 28417703  3057291.8004    22  3511763.0000  2753996.9818 1.36e+08   21.58%
 62486156 28715186  2918801.7247    31  3511763.0000  2757886.8470 1.38e+08   21.47%
 63365877 28968490  3438437.0300    15  3511763.0000  2763517.3465 1.39e+08   21.31%
 64229908 29223837  3476175.1089    27  3511763.0000  2768870.9513 1.41e+08   21.15%
 65081179 29493744  2973679.8034    24  3511763.0000  2773134.0958 1.43e+08   21.03%
 66084521 29759085  3155905.0289    25  3511763.0000  2782764.2678 1.46e+08   20.76%
 66848600 29991480  3148334.1819    29  3511763.0000  2783897.6263 1.47e+08   20.73%
 67724130 30253157        cutoff        3511763.0000  2789991.6629 1.49e+08   20.55%
 68684528 30501082  2825392.5102    31  3511763.0000  2798429.9910 1.52e+08   20.31%
Elapsed time = 4247.50 sec. (473646.77 ticks, tree = 6435.79 MB, solutions = 21)
Nodefile size = 4388.59 MB (2781.82 MB after compression)
 69450468 30723274  3405695.9228    25  3511763.0000  2801288.5920 1.53e+08   20.23%
 70468653 31013899  3303928.2430    26  3511763.0000  2808624.5795 1.56e+08   20.02%
 71350078 31244524  3432073.1129    22  3511763.0000  2811686.8993 1.58e+08   19.94%
 72340968 31526366        cutoff        3511763.0000  2818792.4163 1.60e+08   19.73%
 73112348 31723580  3157140.2452    27  3511763.0000  2824154.9981 1.62e+08   19.58%
 73420277 31830939  3032508.0891    30  3511763.0000  2828683.3144 1.63e+08   19.45%
 73725470 31889563  3369368.5837    24  3511763.0000  2832350.0225 1.64e+08   19.35%
 74034597 31955735  3242647.3742    32  3511763.0000  2834181.8671 1.64e+08   19.29%
 74348345 32022181        cutoff        3511763.0000  2835897.7937 1.65e+08   19.25%
 74657311 32108863  2928351.5414    30  3511763.0000  2837721.6695 1.66e+08   19.19%
Elapsed time = 4657.63 sec. (511793.94 ticks, tree = 6744.06 MB, solutions = 21)
Nodefile size = 4696.56 MB (2977.14 MB after compression)
 74967404 32160390  3019074.1853    28  3511763.0000  2839326.4236 1.66e+08   19.15%
 75279070 32239658  3429170.0925    29  3511763.0000  2841178.3226 1.67e+08   19.10%
 75591117 32296728  3136826.5020    26  3511763.0000  2842849.6989 1.68e+08   19.05%
 75891658 32366491  3419965.2832    28  3511763.0000  2844564.5504 1.68e+08   19.00%
 76198220 32424085  3089588.4539    25  3511763.0000  2846194.5970 1.69e+08   18.95%
 76509146 32490237        cutoff        3511763.0000  2847984.6566 1.70e+08   18.90%
 76817974 32572814  3289925.3635    18  3511763.0000  2849649.3489 1.71e+08   18.85%
 77127761 32632197  2994983.8459    29  3511763.0000  2851233.7123 1.71e+08   18.81%
 77433630 32710857  3415903.6143    21  3511763.0000  2853042.7805 1.72e+08   18.76%
 77740946 32756143  2912013.5881    32  3511763.0000  2854579.0874 1.73e+08   18.71%
Elapsed time = 4925.60 sec. (549940.98 ticks, tree = 6874.01 MB, solutions = 21)
Nodefile size = 4827.54 MB (3060.40 MB after compression)
 78049928 32832107  2886212.7461    29  3511763.0000  2856330.8529 1.74e+08   18.66%
 78358938 32892887  2893805.5765    30  3511763.0000  2857932.5397 1.74e+08   18.62%
 78661802 32951864  3475466.4073    30  3511763.0000  2859495.8080 1.75e+08   18.57%

Root node processing (before b&c):
  Real time             =    0.45 sec. (12.16 ticks)
Parallel b&c, 32 threads:
  Real time             = 5013.82 sec. (581260.14 ticks)
  Sync time (average)   = 4443.34 sec.
  Wait time (average)   =    4.83 sec.
                          ------------
Total (root+branch&cut) = 5014.27 sec. (581272.30 ticks)

Solution pool: 22 solutions saved.

MIP - Time limit exceeded, integer feasible:  Objective =  3.5117630000e+06
Current MIP best bound =  2.8599658582e+06 (gap = 651797, 18.56%)
Solution time = 5014.27 sec.  Iterations = 175104867  Nodes = 78666687 (32973710)
Deterministic time = 581272.30 ticks  (115.92 ticks/sec)

CPLEX> Incumbent solution written to file 'cplex.sol'.
CPLEX> 

optval(Q): 3511763.000, lowerbound(P): 280752.639
bestval: 2817862.000
could not solve ..

time: 5025s
best value: 2817862.000
norm: 1678.649
AF: 0.944
Nodes: 0
best solution:
 0: 1.000
