Bounds: 
x_0: [ -16.000, 16.000]
x_1: [ -17.000, 17.000]
x_2: [ -16.000, 16.000]
x_3: [ -8.000, 8.000]
x_4: [ -15.000, 15.000]
x_5: [ -10.000, 10.000]
x_6: [ -16.000, 16.000]
x_7: [ -7.000, 7.000]
x_8: [ -9.000, 9.000]
x_9: [ -12.000, 12.000]
x_10: [ -8.000, 8.000]
x_11: [ -8.000, 8.000]
x_12: [ -7.000, 7.000]
x_13: [ -8.000, 8.000]
x_14: [ -8.000, 8.000]
x_15: [ -12.000, 12.000]
x_16: [ -8.000, 8.000]
x_17: [ -6.000, 6.000]
x_18: [ -12.000, 12.000]
x_19: [ -5.000, 5.000]
x_20: [ -6.000, 6.000]
x_21: [ -5.000, 5.000]
x_22: [ -8.000, 8.000]
x_23: [ -7.000, 7.000]
x_24: [ -6.000, 6.000]
x_25: [ -4.000, 4.000]
x_26: [ -3.000, 3.000]
x_27: [ -4.000, 4.000]
x_28: [ -4.000, 4.000]
x_29: [ -4.000, 4.000]
x_30: [ -3.000, 3.000]
x_31: [ -5.000, 5.000]
x_32: [ -5.000, 5.000]
x_33: [ -5.000, 5.000]
x_34: [ -3.000, 3.000]
x_35: [ -4.000, 4.000]
x_36: [ -4.000, 4.000]
x_37: [ -4.000, 4.000]
x_38: [ -3.000, 3.000]
x_39: [ -3.000, 3.000]
x_40: [ -2.000, 2.000]
x_41: [ -3.000, 3.000]
x_42: [ -3.000, 3.000]
x_43: [ -3.000, 3.000]
x_44: [ -3.000, 3.000]
x_45: [ -2.000, 2.000]
-[0]--------------------------------------------
selection: 17

Welcome to IBM(R) ILOG(R) CPLEX(R) Interactive Optimizer 12.8.0.0
  with Simplex, Mixed Integer & Barrier Optimizers
5725-A06 5725-A29 5724-Y48 5724-Y49 5724-Y54 5724-Y55 5655-Y21
Copyright IBM Corp. 1988, 2017.  All Rights Reserved.

Type 'help' for a list of available commands.
Type 'help' followed by a command name for more
information on commands.

CPLEX> Problem 'cplex.lp' read.
Read time = 0.00 sec. (0.11 ticks)
CPLEX> New value for time limit in seconds: 5000
CPLEX> New value for mixed integer optimality gap tolerance: 1e-10
CPLEX> CPXPARAM_TimeLimit                               5000
CPXPARAM_MIP_Tolerances_MIPGap                   1e-10
Found incumbent of value 2.1335798e+10 after 0.00 sec. (0.02 ticks)
Tried aggregator 1 time.
Reduced MIQP has 0 rows, 46 columns, and 0 nonzeros.
Reduced MIQP has 0 binaries, 46 generals, 0 SOSs, and 0 indicators.
Reduced MIQP objective Q matrix has 2116 nonzeros.
Presolve time = 0.00 sec. (0.19 ticks)
Tried aggregator 1 time.
Reduced MIQP has 0 rows, 46 columns, and 0 nonzeros.
Reduced MIQP has 0 binaries, 46 generals, 0 SOSs, and 0 indicators.
Reduced MIQP objective Q matrix has 2116 nonzeros.
Presolve time = 0.00 sec. (0.18 ticks)
MIP emphasis: balance optimality and feasibility.
MIP search method: dynamic search.
Parallel mode: deterministic, using up to 32 threads.
Root relaxation solution time = 0.00 sec. (1.03 ticks)

        Nodes                                         Cuts/
   Node  Left     Objective  IInf  Best Integer    Best Bound    ItCnt     Gap

*     0+    0                       2.13358e+10  -9.08735e+10           525.92%
      0     0    54721.2497    45   2.13358e+10    54721.2497        7  100.00%
*     0+    0                       2.06258e+07    54721.2497            99.73%
*     0+    0                      5214683.0000    54721.2497            98.95%
      0     2    54721.2497    45  5214683.0000   153317.9068        7   97.06%
Elapsed time = 0.33 sec. (10.64 ticks, tree = 0.01 MB, solutions = 3)
*   594+  119                      4585212.0000   183546.0195            96.00%
*  5428+ 3001                      4374699.0000   255785.4840            94.15%
*  8139+ 3970                      3845797.0000   305799.6465            92.05%
* 15235+ 3243                      3726582.0000   421646.9979            88.69%
  47376 28142  3136347.0486    23  3726582.0000   914288.7054   101048   75.47%
 107334 61664  2806792.4976    24  3726582.0000  1075268.5790   201820   71.15%
*143871+90009                      3546186.0000  1141359.8961            67.81%
 163524 98690  2622384.0246    29  3546186.0000  1182794.9738   330945   66.65%
 231183 137409  3496635.8237    23  3546186.0000  1258741.0910   455098   64.50%
 302728 189101  3270749.5650    28  3546186.0000  1323831.8275   619194   62.67%
 375862 236554  1903526.5684    35  3546186.0000  1382969.0681   770398   61.00%
 450051 298739  2430752.5178    28  3546186.0000  1451026.8765   969411   59.08%
 524466 359444  1932921.1429    31  3546186.0000  1499105.7413  1163155   57.73%
 599169 416549  2470248.3143    28  3546186.0000  1539360.6228  1349306   56.59%
 910323 623184  3442641.6861    23  3546186.0000  1658401.0337  2016018   53.23%
Elapsed time = 9.05 sec. (3110.10 ticks, tree = 155.82 MB, solutions = 9)
*1136423+774881                      3540490.0000  1715539.4663            51.55%
 1216677 822299  2411732.0167    27  3540490.0000  1736008.0147  2667345   50.97%
 1551119 1053687  1881532.8603    32  3540490.0000  1790368.6172  3404479   49.43%
 1888950 1261371  3228073.6770    26  3540490.0000  1835092.9910  4078128   48.17%
 2229979 1501555  2198226.8046    32  3540490.0000  1872822.0914  4851273   47.10%
 2572811 1684240        cutoff        3540490.0000  1904869.8294  5446914   46.20%
 2917313 1905620  2202071.6591    27  3540490.0000  1932998.0197  6170823   45.40%
 3262824 2134121  2631220.3108    22  3540490.0000  1958500.7298  6914051   44.68%
 3609627 2377107  2535033.5228    28  3540490.0000  1981222.2164  7702479   44.04%
*3640013+2409812                      3472748.0000  1983154.2431            42.89%
 3936613 2442555  3403981.4549    17  3472748.0000  2002038.5991  8187263   42.35%
 4281473 2676841  2857443.7949    23  3472748.0000  2020971.8223  8972858   41.80%
Elapsed time = 38.50 sec. (12646.87 ticks, tree = 683.09 MB, solutions = 11)
 4628955 2930616  2243802.2037    32  3472748.0000  2037423.7002  9825753   41.33%
 4978108 3129021        cutoff        3472748.0000  2054369.9652 10496885   40.84%
 5324774 3331237  3171893.4788    26  3472748.0000  2070389.4750 11185825   40.38%
 5676479 3534733  2905974.1816    24  3472748.0000  2084955.6954 11877381   39.96%
 6025464 3756708  2766145.7872    22  3472748.0000  2098810.1675 12635145   39.56%
 6374383 3963236  2920415.8533    20  3472748.0000  2112383.5398 13340951   39.17%
 6725529 4145620  3367660.5309    23  3472748.0000  2124600.5850 13977969   38.82%
 7074531 4418530  3317755.3615    22  3472748.0000  2136847.2074 14929897   38.47%
 7423704 4606030        cutoff        3472748.0000  2147928.9240 15582740   38.15%
 7771929 4811565  2791920.4184    24  3472748.0000  2158991.4083 16313917   37.83%
Elapsed time = 71.37 sec. (22183.64 ticks, tree = 1214.19 MB, solutions = 11)
 8122062 4980514  2914933.8035    25  3472748.0000  2169316.6707 16918926   37.53%
 8470601 5212629  2748517.7928    30  3472748.0000  2179456.5867 17744202   37.24%
 8821106 5393995  2920247.1181    27  3472748.0000  2188848.6061 18412217   36.97%
 9171276 5564988  2967441.4498    26  3472748.0000  2198516.0884 19016105   36.69%
 9519194 5838305  3104121.4777    25  3472748.0000  2207352.4811 19997520   36.44%
 9869126 5992385  3289528.6202    16  3472748.0000  2216039.1639 20570997   36.19%
 10218888 6204874  2865758.1259    22  3472748.0000  2224600.0124 21352507   35.94%
 10568132 6343204  3281696.2815    22  3472748.0000  2232647.4275 21865189   35.71%
 10916422 6635229  3370856.9057    20  3472748.0000  2240337.7200 22951798   35.49%
 11264184 6874176  2740115.1157    28  3472748.0000  2247822.2809 23850787   35.27%
Elapsed time = 106.92 sec. (31720.42 ticks, tree = 1732.18 MB, solutions = 11)
 11610856 7047700        cutoff        3472748.0000  2255551.7230 24510221   35.05%
 11957379 7264419  3096392.1596    23  3472748.0000  2262969.2933 25348158   34.84%
 12309271 7316714  2914906.4316    24  3472748.0000  2269989.2412 25553831   34.63%
 12654569 7557576  2544858.2451    26  3472748.0000  2276859.2674 26471907   34.44%
*12727150+7541182                      3384725.0000  2278338.5625            32.69%
 12981623 7196970  2627766.4960    32  3384725.0000  2283244.1356 27037255   32.54%
 13318454 7444143  2976074.3961    22  3384725.0000  2290168.4542 28089708   32.34%
 13663005 7545595  2991239.6259    22  3384725.0000  2296541.9571 28513421   32.15%
 14008521 7745500  2358865.2975    31  3384725.0000  2302858.6207 29342366   31.96%
 14350390 7856526  2465350.8290    32  3384725.0000  2309339.8287 29785033   31.77%
 14631782 8070203  3271803.3893    22  3384725.0000  2311779.7526 30668928   31.70%
Elapsed time = 147.55 sec. (41257.18 ticks, tree = 2046.81 MB, solutions = 12)
Nodefile size = 4.00 MB (2.49 MB after compression)
 14711052 8126753  3170299.2151    26  3384725.0000  2312217.8956 30911171   31.69%
 14772519 8145899  3178385.4484    22  3384725.0000  2312217.8956 30995759   31.69%
 14810092 8167671        cutoff        3384725.0000  2312217.8956 31090802   31.69%
 14856441 8203222  2737334.2542    29  3384725.0000  2312217.8956 31251947   31.69%
 14910843 8222455  3117786.8391    28  3384725.0000  2312217.8956 31339087   31.69%
 14954493 8245499  3149787.4369    21  3384725.0000  2312217.8956 31436640   31.69%
 15005864 8269712  3235605.7580    25  3384725.0000  2312217.8956 31542322   31.69%
 15070884 8288664  2385784.0397    31  3384725.0000  2312217.8956 31627594   31.69%
 15109384 8324671  2429805.7623    30  3384725.0000  2312217.8956 31789197   31.69%
 15141693 8338108  3186283.2286    18  3384725.0000  2312217.8956 31849511   31.69%
Elapsed time = 190.11 sec. (50794.04 ticks, tree = 2098.01 MB, solutions = 12)
Nodefile size = 50.99 MB (31.83 MB after compression)
 15172986 8357189        cutoff        3384725.0000  2312217.8956 31941658   31.69%
 15216825 8369481  2729957.1667    29  3384725.0000  2312217.8956 32001925   31.69%
 15269912 8395250  3259201.1823    22  3384725.0000  2312217.8956 32125762   31.69%
 15319841 8424014  2733862.6454    27  3384725.0000  2312217.8956 32269172   31.69%
 15367906 8453222  2675105.9406    26  3384725.0000  2312217.8956 32415741   31.69%
 15416368 8479255  2489611.7926    27  3384725.0000  2312217.8956 32538605   31.69%
 15475331 8491664  2786057.2043    19  3384725.0000  2312217.8956 32601703   31.69%
 15590460 8521891  2891534.0344    23  3384725.0000  2312416.6120 32755473   31.68%
 15659235 8582272  2591466.2965    28  3384725.0000  2312416.6120 33041747   31.68%
 15740601 8608346  2387353.8745    29  3384725.0000  2312416.6120 33175860   31.68%
Elapsed time = 235.10 sec. (60330.95 ticks, tree = 2152.77 MB, solutions = 12)
Nodefile size = 105.99 MB (66.21 MB after compression)
 15795370 8641024  2584576.3670    31  3384725.0000  2312416.6120 33343576   31.68%
 15829917 8661194  3269319.0370    17  3384725.0000  2312416.6120 33438475   31.68%
 15871071 8683194  2498403.1402    31  3384725.0000  2312416.6120 33543781   31.68%
 15936374 8691837  3342195.2304    19  3384725.0000  2312416.6120 33586249   31.68%
 16012328 8741084  3059022.2234    28  3384725.0000  2312416.6120 33828153   31.68%
 16087310 8775085  3066160.2621    30  3384725.0000  2312416.6120 34000445   31.68%
 16163042 8795511  3379841.3767    24  3384725.0000  2312416.6120 34110608   31.68%
 16224542 8827155  3121061.3014    20  3384725.0000  2312416.6120 34275071   31.68%
 16305872 8862256  3357006.3507    25  3384725.0000  2312416.6120 34455380   31.68%
 16410313 8894031  2677139.5216    29  3384725.0000  2312416.6120 34611585   31.68%
Elapsed time = 282.99 sec. (69867.89 ticks, tree = 2214.35 MB, solutions = 12)
Nodefile size = 166.98 MB (104.39 MB after compression)
 16526363 8959914  2857599.7334    29  3384725.0000  2312416.6120 34933494   31.68%
 16625387 9024639  3066457.3531    23  3384725.0000  2312416.6120 35247489   31.68%
 16715391 9052193  3374173.3194    19  3384725.0000  2312416.6120 35381859   31.68%
 16765661 9081664  3143165.8172    27  3384725.0000  2312416.6120 35517726   31.68%
 16796815 9105113  3148891.6655    23  3384725.0000  2312416.6120 35626395   31.68%
 16844151 9112956  2730944.8395    33  3384725.0000  2312416.6120 35666799   31.68%
 16903254 9155491  2792707.5879    29  3384725.0000  2312416.6120 35882317   31.68%
 16956307 9163557  2786519.3240    30  3384725.0000  2312416.6120 35919518   31.68%
 17002735 9192005  3132810.6849    26  3384725.0000  2312416.6120 36063995   31.68%
 17113493 9228706  2905039.0544    26  3384725.0000  2312416.6120 36246602   31.68%
Elapsed time = 329.98 sec. (79404.83 ticks, tree = 2274.50 MB, solutions = 12)
Nodefile size = 227.98 MB (142.60 MB after compression)
 17197367 9270712  3158775.6439    24  3384725.0000  2312416.6120 36466690   31.68%
 17266508 9307917  2411419.8228    31  3384725.0000  2312416.6120 36660893   31.68%
 17318318 9328199  3168072.4617    22  3384725.0000  2312416.6120 36763670   31.68%
 17368701 9353660  2685835.8354    24  3384725.0000  2312416.6120 36888867   31.68%
 17435171 9388907  2581516.0727    30  3384725.0000  2312416.6120 37062935   31.68%
 17550876 9452531  3044656.0730    24  3384725.0000  2312416.6120 37387078   31.68%
 17658197 9503436  3115075.8526    23  3384725.0000  2312416.6120 37633014   31.68%
 17777654 9518045  3025584.2555    26  3384725.0000  2312416.6120 37702250   31.68%
 17866463 9592639        cutoff        3384725.0000  2312416.6120 38062430   31.68%
 18330800 9772416  2902525.2921    23  3384725.0000  2313033.1063 38947167   31.66%
Elapsed time = 410.36 sec. (91802.66 ticks, tree = 2377.32 MB, solutions = 12)
Nodefile size = 332.97 MB (208.45 MB after compression)
 18642035 9937923  3273870.6192    28  3384725.0000  2313033.1063 39769492   31.66%
 18988357 10093103  3220659.0851    18  3384725.0000  2313033.1063 40564463   31.66%
 19445371 10294914        cutoff        3384725.0000  2313033.1063 41601443   31.66%
 19798997 10449470  2491289.4460    28  3384725.0000  2313033.1063 42382526   31.66%
 20098166 10553865  2724981.0847    22  3384725.0000  2313033.1063 42929889   31.66%
 20490083 10748717  2694902.6101    26  3384725.0000  2313033.1063 43979401   31.66%
 20807521 10857833  2972999.2902    29  3384725.0000  2313033.1063 44528375   31.66%
 21328469 11091224  2987879.2099    27  3384725.0000  2313033.1063 45806123   31.66%
 21716534 11254949  3064413.8319    28  3384725.0000  2313033.1063 46635153   31.66%
 22104536 11423840  3265040.3296    20  3384725.0000  2313033.1063 47542848   31.66%
Elapsed time = 660.35 sec. (129949.75 ticks, tree = 2699.55 MB, solutions = 12)
Nodefile size = 651.94 MB (408.92 MB after compression)
 22637732 11630774  2560018.6390    25  3384725.0000  2313033.1063 48626823   31.66%
 22999431 11855409  3273204.2842    25  3384725.0000  2313442.0770 49808100   31.65%
 23476768 12071318  3235570.1560    21  3384725.0000  2313442.0770 50927853   31.65%
 24033170 12290568  2922367.3351    26  3384725.0000  2314028.4658 52078425   31.63%
 24527166 12465948  3351492.6336    21  3384725.0000  2314028.4658 53117185   31.63%
 25134979 12713908  3172594.3552    22  3384725.0000  2314028.4658 54568637   31.63%
 25709384 12928103  2637037.1165    30  3384725.0000  2314028.4658 55762061   31.63%
 26350096 13168379  2853248.4775    25  3384725.0000  2314028.4658 57181404   31.63%
 27032988 13484549  3246204.7238    25  3384725.0000  2314028.4658 58931467   31.63%
 27776365 13708465  3051479.4211    26  3384725.0000  2314028.4658 60307508   31.63%
Elapsed time = 1046.81 sec. (168096.82 ticks, tree = 3147.10 MB, solutions = 12)
Nodefile size = 1101.90 MB (692.42 MB after compression)
 28532803 14026720  2751223.7387    19  3384725.0000  2314028.4658 62150985   31.63%
 29176620 14274048  2814205.4292    27  3384725.0000  2314028.4658 63672100   31.63%
 29943363 14570539  2972630.0199    26  3384725.0000  2314028.4658 65497446   31.63%
 30724371 14848400  3322575.7920    19  3384725.0000  2314028.4658 67214158   31.63%
 31539990 15129130  2609956.2724    27  3384725.0000  2314028.4658 69115039   31.63%
 32073526 15366575  2393380.9154    29  3384725.0000  2363800.2985 70696629   30.16%
 33049370 15629009  3376944.0339    25  3384725.0000  2544938.0298 72560543   24.81%
 33911631 15923806  2841530.1371    28  3384725.0000  2603173.6018 74505814   23.09%
 34762351 16229086  3080832.5807    22  3384725.0000  2611602.9497 76636602   22.84%
 35723651 16540354  2930846.3143    29  3384725.0000  2611602.9497 78921939   22.84%
Elapsed time = 1582.16 sec. (206297.66 ticks, tree = 3693.57 MB, solutions = 12)
Nodefile size = 1646.84 MB (1036.25 MB after compression)
 36454625 16754828  3148538.7338    31  3384725.0000  2611602.9497 80484161   22.84%
 37431597 17032389  2742955.8151    26  3384725.0000  2644547.7376 82764684   21.87%
 38338668 17310050  3045249.8671    29  3384725.0000  2652720.6034 84893541   21.63%
 39101516 17523127  3137053.2585    24  3384725.0000  2653953.7442 86620191   21.59%
 39917416 17751217        cutoff        3384725.0000  2667176.6123 88491425   21.20%
 40729245 17969777  2748862.9609    25  3384725.0000  2677515.3602 90402240   20.89%
 41604140 18185507  3066564.7874    25  3384725.0000  2686433.0321 92367556   20.63%
 42431192 18410048  3144929.6693    32  3384725.0000  2694228.4085 94417984   20.40%
 43328911 18645396  3328810.0336    24  3384725.0000  2699486.9769 96556975   20.25%
 44231587 18865353  3098808.9174    24  3384725.0000  2711928.6914 98592480   19.88%
Elapsed time = 2088.89 sec. (244444.67 ticks, tree = 4149.99 MB, solutions = 12)
Nodefile size = 2102.80 MB (1324.38 MB after compression)
 45291196 19087181  2784198.6059    31  3384725.0000  2721653.7179 1.01e+08   19.59%
 46350041 19340216  2759989.3890    25  3384725.0000  2731885.8535 1.04e+08   19.29%
 47373375 19544684  3156676.3057    27  3384725.0000  2741159.7901 1.06e+08   19.01%
 48495214 19788708  2917774.1618    28  3384725.0000  2751512.5110 1.09e+08   18.71%
 49622205 19996367  3315888.8207    22  3384725.0000  2761779.9579 1.12e+08   18.40%
 50663917 20180712  3241517.9875    26  3384725.0000  2771024.3121 1.14e+08   18.13%
 51775938 20351136  3153023.3162    28  3384725.0000  2780789.4375 1.16e+08   17.84%
 52923330 20531537        cutoff        3384725.0000  2790778.4247 1.19e+08   17.55%
 54011800 20696492  3086155.6850    30  3384725.0000  2800366.6209 1.22e+08   17.26%
 55129567 20844011        cutoff        3384725.0000  2809734.0658 1.25e+08   16.99%
Elapsed time = 2592.66 sec. (282591.68 ticks, tree = 4534.12 MB, solutions = 12)
Nodefile size = 2487.77 MB (1568.49 MB after compression)
 56277260 20959905  3333354.4127    27  3384725.0000  2819764.2686 1.27e+08   16.69%
 57422267 21077045        cutoff        3384725.0000  2829539.7120 1.30e+08   16.40%
 58540159 21171451  3151240.8219    26  3384725.0000  2838939.0865 1.33e+08   16.12%
 59609301 21269484  3278129.5700    28  3384725.0000  2848135.1328 1.35e+08   15.85%
 60713825 21331580  3066656.4708    27  3384725.0000  2857263.9754 1.38e+08   15.58%
 61806854 21390127  3294639.8221    22  3384725.0000  2866527.5154 1.41e+08   15.31%
 62909931 21426954  3277356.1878    30  3384725.0000  2875841.2755 1.43e+08   15.03%
 64045630 21449425  3132974.2459    28  3384725.0000  2885222.3799 1.46e+08   14.76%
 65187487 21455009  3266646.0205    22  3384725.0000  2894764.8426 1.49e+08   14.48%
 66335157 21443162  3332151.6578    25  3384725.0000  2903833.2597 1.52e+08   14.21%
Elapsed time = 2941.75 sec. (320738.69 ticks, tree = 4654.25 MB, solutions = 12)
Nodefile size = 2608.75 MB (1645.63 MB after compression)
 67482609 21413618  3351134.8757    28  3384725.0000  2913504.9133 1.55e+08   13.92%
 68622385 21377640  3264959.4122    26  3384725.0000  2922848.6613 1.58e+08   13.65%
 69753985 21306801  3157201.1625    24  3384725.0000  2932015.7476 1.60e+08   13.38%
 70879626 21228805  2948176.0731    28  3384725.0000  2941044.9609 1.63e+08   13.11%
 71997288 21127990  3270607.8006    28  3384725.0000  2950456.1063 1.66e+08   12.83%
 73106757 21013044  3243648.4923    26  3384725.0000  2959502.0849 1.69e+08   12.56%
 74211981 20875938  3104687.9798    28  3384725.0000  2968668.5211 1.71e+08   12.29%
 75315932 20721137  3353154.9309    29  3384725.0000  2977741.1716 1.74e+08   12.02%
 76412961 20561853  3138186.0566    24  3384725.0000  2986508.7121 1.77e+08   11.77%
 77497374 20366955        cutoff        3384725.0000  2995599.2638 1.80e+08   11.50%
Elapsed time = 3244.21 sec. (358885.69 ticks, tree = 4445.43 MB, solutions = 12)
Nodefile size = 2608.75 MB (1645.63 MB after compression)
 78577902 20171263  3368810.4520    29  3384725.0000  3004592.7418 1.83e+08   11.23%
 79653286 19943344  3297781.4028    26  3384725.0000  3013433.4341 1.85e+08   10.97%
 80718676 19699820  3300848.1693    25  3384725.0000  3022570.7324 1.88e+08   10.70%
 81778249 19452665  3036775.7857    25  3384725.0000  3031459.4859 1.91e+08   10.44%
 82833176 19164621  3230602.2866    27  3384725.0000  3040400.2850 1.93e+08   10.17%
 83880267 18893267  3054284.4095    30  3384725.0000  3049175.1345 1.96e+08    9.91%
 84921281 18576836  3239249.6207    27  3384725.0000  3058185.4189 1.99e+08    9.65%
 85946790 18257236        cutoff        3384725.0000  3066714.9197 2.01e+08    9.40%
 86495912 18059833  3236570.2632    18  3384725.0000  3071720.5195 2.03e+08    9.25%
 86743945 17964897  3079059.2816    28  3384725.0000  3073249.2763 2.03e+08    9.20%
Elapsed time = 3658.63 sec. (580357.54 ticks, tree = 3985.48 MB, solutions = 12)
Nodefile size = 1938.82 MB (1222.88 MB after compression)
 87329548 17744846        cutoff        3384725.0000  3078923.6269 2.05e+08    9.03%
 87596834 17634304  3369468.8335    30  3384725.0000  3081811.0970 2.05e+08    8.95%
 88217373 17390716  3208311.0292    17  3384725.0000  3087918.9609 2.07e+08    8.77%
 88839850 17125055  3327346.1801    32  3384725.0000  3093337.0011 2.09e+08    8.61%
 89678261 16779717  3353768.1960    22  3384725.0000  3101300.0131 2.11e+08    8.37%
 90287136 16538250  3107128.9060    29  3384725.0000  3106340.6018 2.12e+08    8.22%
 90899141 16269737        cutoff        3384725.0000  3112177.1705 2.14e+08    8.05%
 91121252 16166142  3114984.9538    27  3384725.0000  3113349.5746 2.14e+08    8.02%
 92019449 15752096  3280370.0483    30  3384725.0000  3123336.8305 2.17e+08    7.72%
 92910932 15320101  3200029.9675    33  3384725.0000  3131753.0288 2.19e+08    7.47%
Elapsed time = 4170.54 sec. (714125.77 ticks, tree = 3469.84 MB, solutions = 12)
Nodefile size = 1427.87 MB (901.41 MB after compression)
 93885407 14836991  3322636.3701    25  3384725.0000  3140976.2877 2.21e+08    7.20%
 94855570 14360641  3253930.7180    27  3384725.0000  3150165.3734 2.24e+08    6.93%
 95813798 13844509        cutoff        3384725.0000  3159626.7548 2.26e+08    6.65%
 96765298 13318757        cutoff        3384725.0000  3169015.7251 2.29e+08    6.37%
 97711352 12760498        cutoff        3384725.0000  3178595.2341 2.31e+08    6.09%
 98650801 12212373  3281559.6091    26  3384725.0000  3188041.9112 2.33e+08    5.81%
 99500663 11683878  3283174.0998    27  3384725.0000  3196833.1084 2.36e+08    5.55%
 99870735 11441782        cutoff        3384725.0000  3200791.4167 2.36e+08    5.43%
 100249745 11205462  3226099.7970    26  3384725.0000  3204965.7102 2.37e+08    5.31%
 100636829 10935463        cutoff        3384725.0000  3209114.5000 2.38e+08    5.19%
Elapsed time = 4586.94 sec. (752272.82 ticks, tree = 2614.76 MB, solutions = 12)
Nodefile size = 832.92 MB (525.89 MB after compression)
 101027202 10647130        cutoff        3384725.0000  3213620.0662 2.39e+08    5.06%
 101418308 10372921  3306509.8961    24  3384725.0000  3218180.9946 2.40e+08    4.92%
 101815372 10077387  3304684.3699    30  3384725.0000  3222693.1134 2.41e+08    4.79%
 102210470 9800162        cutoff        3384725.0000  3227291.1254 2.42e+08    4.65%
 102609870 9486153        cutoff        3384725.0000  3232090.2299 2.43e+08    4.51%
 103017921 9183647  3318611.7425    24  3384725.0000  3237024.3626 2.44e+08    4.36%
 103430076 8854546  3282611.5623    27  3384725.0000  3242024.7483 2.45e+08    4.22%
 103840852 8556166        cutoff        3384725.0000  3247000.0049 2.46e+08    4.07%
 104247815 8230470  3355822.9374    29  3384725.0000  3252044.7053 2.47e+08    3.92%
 104664833 7890419  3264902.2865    23  3384725.0000  3257257.8500 2.48e+08    3.77%
Elapsed time = 4898.93 sec. (790419.88 ticks, tree = 2013.60 MB, solutions = 12)
Nodefile size = 610.94 MB (385.90 MB after compression)
 105082098 7533481  3373204.1624    30  3384725.0000  3262438.8141 2.49e+08    3.61%
 105503524 7185078        cutoff        3384725.0000  3267757.8301 2.50e+08    3.46%
 105931775 6853042        cutoff        3384725.0000  3273126.1328 2.51e+08    3.30%

Root node processing (before b&c):
  Real time             =    0.29 sec. (10.33 ticks)
Parallel b&c, 32 threads:
  Real time             = 4999.73 sec. (802212.88 ticks)
  Sync time (average)   = 4348.46 sec.
  Wait time (average)   =    6.08 sec.
                          ------------
Total (root+branch&cut) = 5000.02 sec. (802223.21 ticks)

Solution pool: 13 solutions saved.

MIP - Time limit exceeded, integer feasible:  Objective =  3.3847250000e+06
Current MIP best bound =  3.2737785353e+06 (gap = 110946, 3.28%)
Solution time = 5000.03 sec.  Iterations = 251446040  Nodes = 105950133 (6796583)
Deterministic time = 802223.21 ticks  (160.44 ticks/sec)

CPLEX> Incumbent solution written to file 'cplex.sol'.
CPLEX> 

optval(Q): 3384725.000, lowerbound(P): 275385.006
bestval: 2451975.000
could not solve ..

time: 5007s
best value: 2451975.000
norm: 1565.878
AF: 0.886
Nodes: 0
best solution:
 0: 1.000
