Bounds: 
x_0: [ -13.000, 13.000]
x_1: [ -14.000, 14.000]
x_2: [ -6.000, 6.000]
x_3: [ -7.000, 7.000]
x_4: [ -4.000, 4.000]
x_5: [ -5.000, 5.000]
x_6: [ -12.000, 12.000]
x_7: [ -13.000, 13.000]
x_8: [ -7.000, 7.000]
x_9: [ -5.000, 5.000]
x_10: [ -5.000, 5.000]
x_11: [ -9.000, 9.000]
x_12: [ -8.000, 8.000]
x_13: [ -4.000, 4.000]
x_14: [ -6.000, 6.000]
x_15: [ -4.000, 4.000]
x_16: [ -5.000, 5.000]
x_17: [ -6.000, 6.000]
x_18: [ -4.000, 4.000]
x_19: [ -4.000, 4.000]
x_20: [ -4.000, 4.000]
x_21: [ -4.000, 4.000]
x_22: [ -5.000, 5.000]
x_23: [ -3.000, 3.000]
x_24: [ -4.000, 4.000]
x_25: [ -3.000, 3.000]
x_26: [ -3.000, 3.000]
x_27: [ -3.000, 3.000]
x_28: [ -3.000, 3.000]
x_29: [ -4.000, 4.000]
x_30: [ -3.000, 3.000]
x_31: [ -4.000, 4.000]
x_32: [ -3.000, 3.000]
x_33: [ -3.000, 3.000]
x_34: [ -3.000, 3.000]
x_35: [ -3.000, 3.000]
x_36: [ -3.000, 3.000]
x_37: [ -2.000, 2.000]
x_38: [ -3.000, 3.000]
x_39: [ -3.000, 3.000]
-[0]--------------------------------------------
selection: 0

Welcome to IBM(R) ILOG(R) CPLEX(R) Interactive Optimizer 12.8.0.0
  with Simplex, Mixed Integer & Barrier Optimizers
5725-A06 5725-A29 5724-Y48 5724-Y49 5724-Y54 5724-Y55 5655-Y21
Copyright IBM Corp. 1988, 2017.  All Rights Reserved.

Type 'help' for a list of available commands.
Type 'help' followed by a command name for more
information on commands.

CPLEX> Problem 'cplex.lp' read.
Read time = 0.00 sec. (0.09 ticks)
CPLEX> New value for time limit in seconds: 86400
CPLEX> New value for mixed integer optimality gap tolerance: 1e-10
CPLEX> CPXPARAM_TimeLimit                               86400
CPXPARAM_MIP_Tolerances_MIPGap                   1e-10
Found incumbent of value 7.1461429e+09 after 0.00 sec. (0.02 ticks)
Tried aggregator 1 time.
Reduced MIQP has 0 rows, 40 columns, and 0 nonzeros.
Reduced MIQP has 0 binaries, 40 generals, 0 SOSs, and 0 indicators.
Reduced MIQP objective Q matrix has 1600 nonzeros.
Presolve time = 0.00 sec. (0.15 ticks)
Tried aggregator 1 time.
Reduced MIQP has 0 rows, 40 columns, and 0 nonzeros.
Reduced MIQP has 0 binaries, 40 generals, 0 SOSs, and 0 indicators.
Reduced MIQP objective Q matrix has 1600 nonzeros.
Presolve time = 0.00 sec. (0.14 ticks)
MIP emphasis: balance optimality and feasibility.
MIP search method: dynamic search.
Parallel mode: deterministic, using up to 32 threads.
Root relaxation solution time = 0.01 sec. (0.82 ticks)

        Nodes                                         Cuts/
   Node  Left     Objective  IInf  Best Integer    Best Bound    ItCnt     Gap

*     0+    0                       7.14614e+09  -3.50656e+10           590.69%
      0     0    17273.6190    39   7.14614e+09    17273.6190        8  100.00%
*     0+    0                      3949758.0000    17273.6190            99.56%
*     0+    0                      3231955.0000    17273.6190            99.47%
      0     2    17273.6190    39  3231955.0000    39423.2746        8   98.78%
Elapsed time = 0.32 sec. (7.55 ticks, tree = 0.01 MB, solutions = 3)
*   425+   56                      2980044.0000    46220.3566            98.45%
  74421 43442  1822220.8036    26  2980044.0000  1216355.0633   154536   59.18%
 162193 90526        cutoff        2980044.0000  1480757.8903   322185   50.31%
 255231 131967  2521884.4113    23  2980044.0000  1649467.9501   481705   44.65%
 349454 185575  2336027.6238    20  2980044.0000  1769898.0913   701610   40.61%
 444922 237850  2181395.1853    28  2980044.0000  1865102.6532   934624   37.41%
 542411 269452  2854046.7952    21  2980044.0000  1935308.1974  1084919   35.06%
 642072 319769        cutoff        2980044.0000  1998134.6586  1336474   32.95%
 743132 361008  2145754.3532    27  2980044.0000  2061002.9522  1558094   30.84%
 846231 382811  2725849.4453    23  2980044.0000  2109874.0747  1687502   29.20%
 1261061 506762  2573743.2623    19  2980044.0000  2271203.0183  2532493   23.79%
Elapsed time = 11.42 sec. (3107.02 ticks, tree = 120.78 MB, solutions = 4)
 1680432 593928  2788763.9701    26  2980044.0000  2388718.3785  3340206   19.84%
 2087808 632172  2883053.0222    26  2980044.0000  2490107.1650  4204756   16.44%
 2464457 603714  2972551.5540    25  2980044.0000  2585433.4353  5007484   13.24%
 2798065 504328  2892612.2507    24  2980044.0000  2684510.8189  5736354    9.92%
 3104302 338663  2814188.2194    25  2980044.0000  2790915.9003  6436864    6.35%
 3389550 115160        cutoff        2980044.0000  2914703.7582  7048419    2.19%

Root node processing (before b&c):
  Real time             =    0.28 sec. (7.91 ticks)
Parallel b&c, 32 threads:
  Real time             =   71.50 sec. (9240.41 ticks)
  Sync time (average)   =   55.61 sec.
  Wait time (average)   =    0.43 sec.
                          ------------
Total (root+branch&cut) =   71.78 sec. (9248.32 ticks)

Solution pool: 5 solutions saved.

MIP - Integer optimal solution:  Objective =  2.9800440000e+06
Solution time =   71.79 sec.  Iterations = 7265978  Nodes = 3508544
Deterministic time = 9248.32 ticks  (128.82 ticks/sec)

CPLEX> Incumbent solution written to file 'cplex.sol'.
CPLEX> 

optval(Q): 2980044.000, lowerbound(P): 309864.999
bestval: 2980044.000
-[1]--------------------------------------------
selection: 1

Welcome to IBM(R) ILOG(R) CPLEX(R) Interactive Optimizer 12.8.0.0
  with Simplex, Mixed Integer & Barrier Optimizers
5725-A06 5725-A29 5724-Y48 5724-Y49 5724-Y54 5724-Y55 5655-Y21
Copyright IBM Corp. 1988, 2017.  All Rights Reserved.

Type 'help' for a list of available commands.
Type 'help' followed by a command name for more
information on commands.

CPLEX> Problem 'cplex.lp' read.
Read time = 0.00 sec. (0.09 ticks)
CPLEX> New value for time limit in seconds: 86328
CPLEX> New value for mixed integer optimality gap tolerance: 1e-10
CPLEX> CPXPARAM_TimeLimit                               86328
CPXPARAM_MIP_Tolerances_MIPGap                   1e-10
Found incumbent of value 5.3135179e+09 after 0.00 sec. (0.02 ticks)
Tried aggregator 1 time.
MIQP Presolve eliminated 0 rows and 1 columns.
Reduced MIQP has 0 rows, 39 columns, and 0 nonzeros.
Reduced MIQP has 0 binaries, 39 generals, 0 SOSs, and 0 indicators.
Reduced MIQP objective Q matrix has 1521 nonzeros.
Presolve time = 0.00 sec. (0.14 ticks)
Tried aggregator 1 time.
Reduced MIQP has 0 rows, 39 columns, and 0 nonzeros.
Reduced MIQP has 0 binaries, 39 generals, 0 SOSs, and 0 indicators.
Reduced MIQP objective Q matrix has 1521 nonzeros.
Presolve time = 0.00 sec. (0.13 ticks)
MIP emphasis: balance optimality and feasibility.
MIP search method: dynamic search.
Parallel mode: deterministic, using up to 32 threads.
Root relaxation solution time = 0.00 sec. (0.75 ticks)

        Nodes                                         Cuts/
   Node  Left     Objective  IInf  Best Integer    Best Bound    ItCnt     Gap

*     0+    0                       5.31352e+09  -3.05209e+10           674.40%
      0     0    63977.6007    38   5.31352e+09    63977.6007        7  100.00%
*     0+    0                      5501973.0000    63977.6007            98.84%
*     0+    0                      5361780.0000    63977.6007            98.81%
*     0+    0                      3406281.0000    63977.6007            98.12%
      0     2    63977.6007    38  3406281.0000   169241.7476        7   95.03%
Elapsed time = 0.36 sec. (8.08 ticks, tree = 0.01 MB, solutions = 4)
* 38724+13566                      3352338.0000  1195143.4749            64.35%
  76834 40035  2335252.2715    23  3352338.0000  1453838.3409   147472   56.63%
 169102 85158  2357426.1418    25  3352338.0000  1794462.0283   316807   46.47%
*170918+92517                      3347725.0000  1798792.9481            46.27%
 249311 132932  2878073.0373    21  3347725.0000  1976016.6117   520193   40.97%
 346863 179095  3148056.5508    18  3347725.0000  2127234.5780   735796   36.46%
 446005 219370  2273395.9405    28  3347725.0000  2237877.6576   945236   33.15%
 545348 254145  3100777.3914    19  3347725.0000  2335333.5000  1149033   30.24%
 646257 279689  2537594.5553    22  3347725.0000  2412191.4069  1320976   27.95%
 747023 311127  3031686.3215    23  3347725.0000  2488697.4672  1563258   25.66%
 848121 335318  3289317.9703    22  3347725.0000  2555871.1174  1783968   23.65%
 1244100 369390  2841500.4941    28  3347725.0000  2783374.4858  2603796   16.86%
Elapsed time = 12.60 sec. (3107.54 ticks, tree = 85.87 MB, solutions = 6)
 1606279 307972  3191129.3559    23  3347725.0000  2972626.7802  3395444   11.20%
 1930758 143519  3251864.8413    24  3347725.0000  3185202.8249  4105300    4.85%

Root node processing (before b&c):
  Real time             =    0.35 sec. (8.21 ticks)
Parallel b&c, 32 threads:
  Real time             =   45.96 sec. (5565.04 ticks)
  Sync time (average)   =   36.20 sec.
  Wait time (average)   =    0.19 sec.
                          ------------
Total (root+branch&cut) =   46.31 sec. (5573.24 ticks)

Solution pool: 7 solutions saved.

MIP - Integer optimal solution:  Objective =  3.3477250000e+06
Solution time =   46.32 sec.  Iterations = 4423368  Nodes = 2099043
Deterministic time = 5573.24 ticks  (120.33 ticks/sec)

CPLEX> Incumbent solution written to file 'cplex.sol'.
CPLEX> 

optval(Q): 3347725.000, lowerbound(P): 405178.068
bestval: 2980044.000
-[2]--------------------------------------------
selection: 2

Welcome to IBM(R) ILOG(R) CPLEX(R) Interactive Optimizer 12.8.0.0
  with Simplex, Mixed Integer & Barrier Optimizers
5725-A06 5725-A29 5724-Y48 5724-Y49 5724-Y54 5724-Y55 5655-Y21
Copyright IBM Corp. 1988, 2017.  All Rights Reserved.

Type 'help' for a list of available commands.
Type 'help' followed by a command name for more
information on commands.

CPLEX> Problem 'cplex.lp' read.
Read time = 0.00 sec. (0.09 ticks)
CPLEX> New value for time limit in seconds: 86281
CPLEX> New value for mixed integer optimality gap tolerance: 1e-10
CPLEX> CPXPARAM_TimeLimit                               86281
CPXPARAM_MIP_Tolerances_MIPGap                   1e-10
Found incumbent of value 4.9233082e+09 after 0.00 sec. (0.02 ticks)
Tried aggregator 1 time.
MIQP Presolve eliminated 0 rows and 2 columns.
Reduced MIQP has 0 rows, 38 columns, and 0 nonzeros.
Reduced MIQP has 0 binaries, 38 generals, 0 SOSs, and 0 indicators.
Reduced MIQP objective Q matrix has 1444 nonzeros.
Presolve time = 0.00 sec. (0.14 ticks)
Tried aggregator 1 time.
Reduced MIQP has 0 rows, 38 columns, and 0 nonzeros.
Reduced MIQP has 0 binaries, 38 generals, 0 SOSs, and 0 indicators.
Reduced MIQP objective Q matrix has 1444 nonzeros.
Presolve time = 0.00 sec. (0.12 ticks)
MIP emphasis: balance optimality and feasibility.
MIP search method: dynamic search.
Parallel mode: deterministic, using up to 32 threads.
Root relaxation solution time = 0.01 sec. (0.72 ticks)

        Nodes                                         Cuts/
   Node  Left     Objective  IInf  Best Integer    Best Bound    ItCnt     Gap

*     0+    0                       4.92331e+09  -2.68918e+10           646.21%
      0     0   292987.0505    37   4.92331e+09   292987.0505        7   99.99%
*     0+    0                      3030426.0000   292987.0505            90.33%
      0     2   292987.0505    37  3030426.0000   292987.0505        7   90.33%
Elapsed time = 0.27 sec. (6.80 ticks, tree = 0.01 MB, solutions = 2)
  65661 22548  2398528.9119    25  3030426.0000  2202165.2609   131840   27.33%
 148696  8334        cutoff        3030426.0000  2888462.5157   301903    4.68%

Root node processing (before b&c):
  Real time             =    0.26 sec. (6.60 ticks)
Parallel b&c, 32 threads:
  Real time             =    6.87 sec. (507.97 ticks)
  Sync time (average)   =    5.53 sec.
  Wait time (average)   =    0.01 sec.
                          ------------
Total (root+branch&cut) =    7.13 sec. (514.57 ticks)

Solution pool: 3 solutions saved.

MIP - Integer optimal solution:  Objective =  3.0304260000e+06
Solution time =    7.14 sec.  Iterations = 318903  Nodes = 157652
Deterministic time = 514.57 ticks  (72.10 ticks/sec)

CPLEX> Incumbent solution written to file 'cplex.sol'.
CPLEX> 

optval(Q): 3030426.000, lowerbound(P): 420359.760
bestval: 2980044.000
-[3]--------------------------------------------
selection: 3

Welcome to IBM(R) ILOG(R) CPLEX(R) Interactive Optimizer 12.8.0.0
  with Simplex, Mixed Integer & Barrier Optimizers
5725-A06 5725-A29 5724-Y48 5724-Y49 5724-Y54 5724-Y55 5655-Y21
Copyright IBM Corp. 1988, 2017.  All Rights Reserved.

Type 'help' for a list of available commands.
Type 'help' followed by a command name for more
information on commands.

CPLEX> Problem 'cplex.lp' read.
Read time = 0.00 sec. (0.09 ticks)
CPLEX> New value for time limit in seconds: 86274
CPLEX> New value for mixed integer optimality gap tolerance: 1e-10
CPLEX> CPXPARAM_TimeLimit                               86274
CPXPARAM_MIP_Tolerances_MIPGap                   1e-10
Found incumbent of value 4.5973316e+09 after 0.00 sec. (0.02 ticks)
Tried aggregator 1 time.
MIQP Presolve eliminated 0 rows and 3 columns.
Reduced MIQP has 0 rows, 37 columns, and 0 nonzeros.
Reduced MIQP has 0 binaries, 37 generals, 0 SOSs, and 0 indicators.
Reduced MIQP objective Q matrix has 1369 nonzeros.
Presolve time = 0.00 sec. (0.14 ticks)
Tried aggregator 1 time.
Reduced MIQP has 0 rows, 37 columns, and 0 nonzeros.
Reduced MIQP has 0 binaries, 37 generals, 0 SOSs, and 0 indicators.
Reduced MIQP objective Q matrix has 1369 nonzeros.
Presolve time = 0.00 sec. (0.12 ticks)
MIP emphasis: balance optimality and feasibility.
MIP search method: dynamic search.
Parallel mode: deterministic, using up to 32 threads.
Root relaxation solution time = 0.00 sec. (0.68 ticks)

        Nodes                                         Cuts/
   Node  Left     Objective  IInf  Best Integer    Best Bound    ItCnt     Gap

*     0+    0                       4.59733e+09  -2.52448e+10           649.12%
      0     0   107214.7983    36   4.59733e+09   107214.7983        7  100.00%
*     0+    0                      8913086.0000   107214.7983            98.80%
*     0+    0                      4160684.0000   107214.7983            97.42%
*     0+    0                      3004010.0000   107214.7983            96.43%
      0     2   107214.7983    36  3004010.0000   227848.2024        7   92.42%
Elapsed time = 0.23 sec. (6.31 ticks, tree = 0.01 MB, solutions = 4)
  82916 23292  2470958.3363    26  3004010.0000  2312895.3907   168563   23.01%

Root node processing (before b&c):
  Real time             =    0.19 sec. (6.13 ticks)
Parallel b&c, 32 threads:
  Real time             =    6.44 sec. (409.98 ticks)
  Sync time (average)   =    5.28 sec.
  Wait time (average)   =    0.01 sec.
                          ------------
Total (root+branch&cut) =    6.62 sec. (416.10 ticks)

Solution pool: 5 solutions saved.

MIP - Integer optimal solution:  Objective =  3.0040100000e+06
Solution time =    6.63 sec.  Iterations = 296452  Nodes = 145280
Deterministic time = 416.10 ticks  (62.74 ticks/sec)

CPLEX> Incumbent solution written to file 'cplex.sol'.
CPLEX> 

optval(Q): 3004010.000, lowerbound(P): 432814.579
bestval: 2980044.000
-[4]--------------------------------------------
selection: 4

Welcome to IBM(R) ILOG(R) CPLEX(R) Interactive Optimizer 12.8.0.0
  with Simplex, Mixed Integer & Barrier Optimizers
5725-A06 5725-A29 5724-Y48 5724-Y49 5724-Y54 5724-Y55 5655-Y21
Copyright IBM Corp. 1988, 2017.  All Rights Reserved.

Type 'help' for a list of available commands.
Type 'help' followed by a command name for more
information on commands.

CPLEX> Problem 'cplex.lp' read.
Read time = 0.00 sec. (0.09 ticks)
CPLEX> New value for time limit in seconds: 86268
CPLEX> New value for mixed integer optimality gap tolerance: 1e-10
CPLEX> CPXPARAM_TimeLimit                               86268
CPXPARAM_MIP_Tolerances_MIPGap                   1e-10
Found incumbent of value 4.4621849e+09 after 0.00 sec. (0.02 ticks)
Tried aggregator 1 time.
MIQP Presolve eliminated 0 rows and 4 columns.
Reduced MIQP has 0 rows, 36 columns, and 0 nonzeros.
Reduced MIQP has 0 binaries, 36 generals, 0 SOSs, and 0 indicators.
Reduced MIQP objective Q matrix has 1296 nonzeros.
Presolve time = 0.00 sec. (0.14 ticks)
Tried aggregator 1 time.
Reduced MIQP has 0 rows, 36 columns, and 0 nonzeros.
Reduced MIQP has 0 binaries, 36 generals, 0 SOSs, and 0 indicators.
Reduced MIQP objective Q matrix has 1296 nonzeros.
Presolve time = 0.00 sec. (0.11 ticks)
MIP emphasis: balance optimality and feasibility.
MIP search method: dynamic search.
Parallel mode: deterministic, using up to 32 threads.
Root relaxation solution time = 0.01 sec. (0.65 ticks)

        Nodes                                         Cuts/
   Node  Left     Objective  IInf  Best Integer    Best Bound    ItCnt     Gap

*     0+    0                       4.46218e+09  -2.36067e+10           629.04%
      0     0   388669.2339    35   4.46218e+09   388669.2339        7   99.99%
*     0+    0                       1.33214e+07   388669.2339            97.08%
*     0+    0                      7258622.0000   388669.2339            94.65%
*     0+    0                      7007417.0000   388669.2339            94.45%
*     0+    0                      6417268.0000   493558.7248            92.31%
      0     2   388669.2339    35  6417268.0000   493558.7248        7   92.31%
Elapsed time = 0.38 sec. (6.65 ticks, tree = 0.01 MB, solutions = 5)
*    10+    8                      6136117.0000   493558.7248            91.96%
*    10+   10                      6072705.0000   493558.7248            91.87%
*    15+    6                      5061951.0000   493558.7248            90.25%
*    27+    8                      4639573.0000   493558.7248            89.36%
*    90+   12                      4089918.0000   624098.3669            84.74%
*   666+  131                      4048058.0000   626411.5212            84.53%
* 10516+  235                      4025909.0000  1364941.3040            66.10%
* 79670+34982                      3929223.0000  2553738.5714            35.01%
  84364 34565  2706485.6890    27  3929223.0000  2608842.3247   159187   33.60%
 189359 53497  3770656.2185    21  3929223.0000  3224145.5283   374659   17.94%
 288240 24228  3801264.6629    21  3929223.0000  3691084.4173   588289    6.06%

Root node processing (before b&c):
  Real time             =    0.32 sec. (6.51 ticks)
Parallel b&c, 32 threads:
  Real time             =   11.77 sec. (807.42 ticks)
  Sync time (average)   =    9.83 sec.
  Wait time (average)   =    0.02 sec.
                          ------------
Total (root+branch&cut) =   12.09 sec. (813.93 ticks)

Solution pool: 24 solutions saved.

MIP - Integer optimal solution:  Objective =  3.9292230000e+06
Solution time =   12.10 sec.  Iterations = 642449  Nodes = 316960
Deterministic time = 813.93 ticks  (67.25 ticks/sec)

CPLEX> Incumbent solution written to file 'cplex.sol'.
CPLEX> 

optval(Q): 3929223.000, lowerbound(P): 432833.723
bestval: 2980044.000
-[5]--------------------------------------------
selection: 5

Welcome to IBM(R) ILOG(R) CPLEX(R) Interactive Optimizer 12.8.0.0
  with Simplex, Mixed Integer & Barrier Optimizers
5725-A06 5725-A29 5724-Y48 5724-Y49 5724-Y54 5724-Y55 5655-Y21
Copyright IBM Corp. 1988, 2017.  All Rights Reserved.

Type 'help' for a list of available commands.
Type 'help' followed by a command name for more
information on commands.

CPLEX> Problem 'cplex.lp' read.
Read time = 0.00 sec. (0.09 ticks)
CPLEX> New value for time limit in seconds: 86256
CPLEX> New value for mixed integer optimality gap tolerance: 1e-10
CPLEX> CPXPARAM_TimeLimit                               86256
CPXPARAM_MIP_Tolerances_MIPGap                   1e-10
Found incumbent of value 3.8918644e+09 after 0.00 sec. (0.02 ticks)
Tried aggregator 1 time.
MIQP Presolve eliminated 0 rows and 5 columns.
Reduced MIQP has 0 rows, 35 columns, and 0 nonzeros.
Reduced MIQP has 0 binaries, 35 generals, 0 SOSs, and 0 indicators.
Reduced MIQP objective Q matrix has 1225 nonzeros.
Presolve time = 0.00 sec. (0.14 ticks)
Tried aggregator 1 time.
Reduced MIQP has 0 rows, 35 columns, and 0 nonzeros.
Reduced MIQP has 0 binaries, 35 generals, 0 SOSs, and 0 indicators.
Reduced MIQP objective Q matrix has 1225 nonzeros.
Presolve time = 0.00 sec. (0.11 ticks)
MIP emphasis: balance optimality and feasibility.
MIP search method: dynamic search.
Parallel mode: deterministic, using up to 32 threads.
Root relaxation solution time = 0.01 sec. (0.62 ticks)

        Nodes                                         Cuts/
   Node  Left     Objective  IInf  Best Integer    Best Bound    ItCnt     Gap

*     0+    0                       3.89186e+09  -2.25517e+10           679.46%
      0     0   189960.2543    34   3.89186e+09   189960.2543        7  100.00%
*     0+    0                      5585269.0000   189960.2543            96.60%
*     0+    0                      3315396.0000   189960.2543            94.27%
      0     2   189960.2543    34  3315396.0000   278178.1403        7   91.61%
Elapsed time = 0.18 sec. (5.51 ticks, tree = 0.01 MB, solutions = 3)
  74007  1408        cutoff        3315396.0000  3244712.6618   142731    2.13%

Root node processing (before b&c):
  Real time             =    0.16 sec. (5.33 ticks)
Parallel b&c, 32 threads:
  Real time             =    2.58 sec. (242.74 ticks)
  Sync time (average)   =    1.92 sec.
  Wait time (average)   =    0.01 sec.
                          ------------
Total (root+branch&cut) =    2.74 sec. (248.07 ticks)

Solution pool: 4 solutions saved.

MIP - Integer optimal solution:  Objective =  3.3153960000e+06
Solution time =    2.75 sec.  Iterations = 144938  Nodes = 75293
Deterministic time = 248.07 ticks  (90.20 ticks/sec)

CPLEX> Incumbent solution written to file 'cplex.sol'.
CPLEX> 

optval(Q): 3315396.000, lowerbound(P): 435883.830
bestval: 2980044.000
-[6]--------------------------------------------
selection: 6

Welcome to IBM(R) ILOG(R) CPLEX(R) Interactive Optimizer 12.8.0.0
  with Simplex, Mixed Integer & Barrier Optimizers
5725-A06 5725-A29 5724-Y48 5724-Y49 5724-Y54 5724-Y55 5655-Y21
Copyright IBM Corp. 1988, 2017.  All Rights Reserved.

Type 'help' for a list of available commands.
Type 'help' followed by a command name for more
information on commands.

CPLEX> Problem 'cplex.lp' read.
Read time = 0.00 sec. (0.09 ticks)
CPLEX> New value for time limit in seconds: 86253
CPLEX> New value for mixed integer optimality gap tolerance: 1e-10
CPLEX> CPXPARAM_TimeLimit                               86253
CPXPARAM_MIP_Tolerances_MIPGap                   1e-10
Found incumbent of value 3.7987341e+09 after 0.00 sec. (0.02 ticks)
Tried aggregator 1 time.
MIQP Presolve eliminated 0 rows and 6 columns.
Reduced MIQP has 0 rows, 34 columns, and 0 nonzeros.
Reduced MIQP has 0 binaries, 34 generals, 0 SOSs, and 0 indicators.
Reduced MIQP objective Q matrix has 1156 nonzeros.
Presolve time = 0.00 sec. (0.14 ticks)
Tried aggregator 1 time.
Reduced MIQP has 0 rows, 34 columns, and 0 nonzeros.
Reduced MIQP has 0 binaries, 34 generals, 0 SOSs, and 0 indicators.
Reduced MIQP objective Q matrix has 1156 nonzeros.
Presolve time = 0.00 sec. (0.10 ticks)
MIP emphasis: balance optimality and feasibility.
MIP search method: dynamic search.
Parallel mode: deterministic, using up to 32 threads.
Root relaxation solution time = 0.01 sec. (0.59 ticks)

        Nodes                                         Cuts/
   Node  Left     Objective  IInf  Best Integer    Best Bound    ItCnt     Gap

*     0+    0                       3.79873e+09  -2.07271e+10           645.63%
      0     0    60521.8455    33   3.79873e+09    60521.8455        7  100.00%
*     0+    0                      4851489.0000    60521.8455            98.75%
*     0+    0                      3956095.0000    60521.8455            98.47%
      0     2    60521.8455    33  3956095.0000   272499.6487        7   93.11%
Elapsed time = 0.31 sec. (5.51 ticks, tree = 0.01 MB, solutions = 3)
*  1381+  356                      3680069.0000   377821.3863            89.73%
* 11119+  154                      3578514.0000  1285283.9649            64.08%

Root node processing (before b&c):
  Real time             =    0.26 sec. (5.35 ticks)
Parallel b&c, 32 threads:
  Real time             =    2.28 sec. (196.23 ticks)
  Sync time (average)   =    1.68 sec.
  Wait time (average)   =    0.01 sec.
                          ------------
Total (root+branch&cut) =    2.53 sec. (201.58 ticks)

Solution pool: 6 solutions saved.

MIP - Integer optimal solution:  Objective =  3.5785140000e+06
Solution time =    2.54 sec.  Iterations = 120042  Nodes = 64452
Deterministic time = 201.58 ticks  (79.23 ticks/sec)

CPLEX> Incumbent solution written to file 'cplex.sol'.
CPLEX> 

optval(Q): 3578514.000, lowerbound(P): 452918.182
bestval: 2980044.000
-[7]--------------------------------------------
selection: 7

Welcome to IBM(R) ILOG(R) CPLEX(R) Interactive Optimizer 12.8.0.0
  with Simplex, Mixed Integer & Barrier Optimizers
5725-A06 5725-A29 5724-Y48 5724-Y49 5724-Y54 5724-Y55 5655-Y21
Copyright IBM Corp. 1988, 2017.  All Rights Reserved.

Type 'help' for a list of available commands.
Type 'help' followed by a command name for more
information on commands.

CPLEX> Problem 'cplex.lp' read.
Read time = 0.00 sec. (0.09 ticks)
CPLEX> New value for time limit in seconds: 86250
CPLEX> New value for mixed integer optimality gap tolerance: 1e-10
CPLEX> CPXPARAM_TimeLimit                               86250
CPXPARAM_MIP_Tolerances_MIPGap                   1e-10
Found incumbent of value 3.1513096e+09 after 0.00 sec. (0.02 ticks)
Tried aggregator 1 time.
MIQP Presolve eliminated 0 rows and 7 columns.
Reduced MIQP has 0 rows, 33 columns, and 0 nonzeros.
Reduced MIQP has 0 binaries, 33 generals, 0 SOSs, and 0 indicators.
Reduced MIQP objective Q matrix has 1089 nonzeros.
Presolve time = 0.00 sec. (0.14 ticks)
Tried aggregator 1 time.
Reduced MIQP has 0 rows, 33 columns, and 0 nonzeros.
Reduced MIQP has 0 binaries, 33 generals, 0 SOSs, and 0 indicators.
Reduced MIQP objective Q matrix has 1089 nonzeros.
Presolve time = 0.00 sec. (0.09 ticks)
MIP emphasis: balance optimality and feasibility.
MIP search method: dynamic search.
Parallel mode: deterministic, using up to 32 threads.
Root relaxation solution time = 0.01 sec. (0.56 ticks)

        Nodes                                         Cuts/
   Node  Left     Objective  IInf  Best Integer    Best Bound    ItCnt     Gap

*     0+    0                       3.15131e+09  -1.72627e+10           647.79%
      0     0   139056.6162    32   3.15131e+09   139056.6162        7  100.00%
*     0+    0                      7096370.0000   139056.6162            98.04%
*     0+    0                      3915389.0000   139056.6162            96.45%
      0     2   139056.6162    32  3915389.0000   236830.6721        7   93.95%
Elapsed time = 0.21 sec. (4.85 ticks, tree = 0.01 MB, solutions = 3)
*  1277+  528                      3720484.0000   492919.0007            86.75%

Root node processing (before b&c):
  Real time             =    0.19 sec. (4.69 ticks)
Parallel b&c, 32 threads:
  Real time             =    0.91 sec. (89.18 ticks)
  Sync time (average)   =    0.58 sec.
  Wait time (average)   =    0.01 sec.
                          ------------
Total (root+branch&cut) =    1.10 sec. (93.87 ticks)

Solution pool: 5 solutions saved.

MIP - Integer optimal solution:  Objective =  3.7204840000e+06
Solution time =    1.11 sec.  Iterations = 50699  Nodes = 27605
Deterministic time = 93.87 ticks  (84.91 ticks/sec)

CPLEX> Incumbent solution written to file 'cplex.sol'.
CPLEX> 

optval(Q): 3720484.000, lowerbound(P): 576311.041
bestval: 2980044.000
-[8]--------------------------------------------
selection: 8

Welcome to IBM(R) ILOG(R) CPLEX(R) Interactive Optimizer 12.8.0.0
  with Simplex, Mixed Integer & Barrier Optimizers
5725-A06 5725-A29 5724-Y48 5724-Y49 5724-Y54 5724-Y55 5655-Y21
Copyright IBM Corp. 1988, 2017.  All Rights Reserved.

Type 'help' for a list of available commands.
Type 'help' followed by a command name for more
information on commands.

CPLEX> Problem 'cplex.lp' read.
Read time = 0.00 sec. (0.09 ticks)
CPLEX> New value for time limit in seconds: 86249
CPLEX> New value for mixed integer optimality gap tolerance: 1e-10
CPLEX> CPXPARAM_TimeLimit                               86249
CPXPARAM_MIP_Tolerances_MIPGap                   1e-10
Found incumbent of value 3.1306867e+09 after 0.00 sec. (0.02 ticks)
Tried aggregator 1 time.
MIQP Presolve eliminated 0 rows and 8 columns.
Reduced MIQP has 0 rows, 32 columns, and 0 nonzeros.
Reduced MIQP has 0 binaries, 32 generals, 0 SOSs, and 0 indicators.
Reduced MIQP objective Q matrix has 1024 nonzeros.
Presolve time = 0.00 sec. (0.14 ticks)
Tried aggregator 1 time.
Reduced MIQP has 0 rows, 32 columns, and 0 nonzeros.
Reduced MIQP has 0 binaries, 32 generals, 0 SOSs, and 0 indicators.
Reduced MIQP objective Q matrix has 1024 nonzeros.
Presolve time = 0.00 sec. (0.09 ticks)
MIP emphasis: balance optimality and feasibility.
MIP search method: dynamic search.
Parallel mode: deterministic, using up to 32 threads.
Root relaxation solution time = 0.01 sec. (0.53 ticks)

        Nodes                                         Cuts/
   Node  Left     Objective  IInf  Best Integer    Best Bound    ItCnt     Gap

*     0+    0                       3.13069e+09  -1.44953e+10           563.01%
      0     0   373371.7790    31   3.13069e+09   373371.7790        7   99.99%
*     0+    0                      8169425.0000   373371.7790            95.43%
*     0+    0                      4215100.0000   373371.7790            91.14%
      0     2   373371.7790    31  4215100.0000   639666.6078        7   84.82%
Elapsed time = 0.29 sec. (4.83 ticks, tree = 0.01 MB, solutions = 3)
*  1874+  171                      4079038.0000   889868.4431            78.18%
*  6722+ 1889                      4009023.0000   905479.5367            77.41%

Root node processing (before b&c):
  Real time             =    0.24 sec. (4.68 ticks)
Parallel b&c, 32 threads:
  Real time             =    0.73 sec. (67.94 ticks)
  Sync time (average)   =    0.34 sec.
  Wait time (average)   =    0.01 sec.
                          ------------
Total (root+branch&cut) =    0.97 sec. (72.62 ticks)

Solution pool: 6 solutions saved.

MIP - Integer optimal solution:  Objective =  4.0090230000e+06
Solution time =    0.98 sec.  Iterations = 32777  Nodes = 18689
Deterministic time = 72.62 ticks  (74.06 ticks/sec)

CPLEX> Incumbent solution written to file 'cplex.sol'.
CPLEX> 

optval(Q): 4009023.000, lowerbound(P): 659978.701
bestval: 2980044.000
-[9]--------------------------------------------
selection: 9

Welcome to IBM(R) ILOG(R) CPLEX(R) Interactive Optimizer 12.8.0.0
  with Simplex, Mixed Integer & Barrier Optimizers
5725-A06 5725-A29 5724-Y48 5724-Y49 5724-Y54 5724-Y55 5655-Y21
Copyright IBM Corp. 1988, 2017.  All Rights Reserved.

Type 'help' for a list of available commands.
Type 'help' followed by a command name for more
information on commands.

CPLEX> Problem 'cplex.lp' read.
Read time = 0.00 sec. (0.09 ticks)
CPLEX> New value for time limit in seconds: 86248
CPLEX> New value for mixed integer optimality gap tolerance: 1e-10
CPLEX> CPXPARAM_TimeLimit                               86248
CPXPARAM_MIP_Tolerances_MIPGap                   1e-10
Found incumbent of value 2.9346190e+09 after 0.00 sec. (0.02 ticks)
Tried aggregator 1 time.
MIQP Presolve eliminated 0 rows and 9 columns.
Reduced MIQP has 0 rows, 31 columns, and 0 nonzeros.
Reduced MIQP has 0 binaries, 31 generals, 0 SOSs, and 0 indicators.
Reduced MIQP objective Q matrix has 961 nonzeros.
Presolve time = 0.00 sec. (0.14 ticks)
Tried aggregator 1 time.
Reduced MIQP has 0 rows, 31 columns, and 0 nonzeros.
Reduced MIQP has 0 binaries, 31 generals, 0 SOSs, and 0 indicators.
Reduced MIQP objective Q matrix has 961 nonzeros.
Presolve time = 0.00 sec. (0.08 ticks)
MIP emphasis: balance optimality and feasibility.
MIP search method: dynamic search.
Parallel mode: deterministic, using up to 32 threads.
Root relaxation solution time = 0.01 sec. (0.50 ticks)

        Nodes                                         Cuts/
   Node  Left     Objective  IInf  Best Integer    Best Bound    ItCnt     Gap

*     0+    0                       2.93462e+09  -1.31188e+10           547.04%
      0     0   391918.1374    30   2.93462e+09   391918.1374        7   99.99%
*     0+    0                      5768342.0000   391918.1374            93.21%
*     0+    0                      3171375.0000   391918.1374            87.64%
      0     2   391918.1374    30  3171375.0000   391918.1374        7   87.64%
Elapsed time = 0.15 sec. (4.23 ticks, tree = 0.01 MB, solutions = 3)

Root node processing (before b&c):
  Real time             =    0.12 sec. (4.09 ticks)
Parallel b&c, 32 threads:
  Real time             =    0.23 sec. (39.58 ticks)
  Sync time (average)   =    0.18 sec.
  Wait time (average)   =    0.00 sec.
                          ------------
Total (root+branch&cut) =    0.35 sec. (43.67 ticks)

Solution pool: 4 solutions saved.

MIP - Integer optimal solution:  Objective =  3.1713750000e+06
Solution time =    0.36 sec.  Iterations = 3772  Nodes = 2271
Deterministic time = 43.67 ticks  (121.81 ticks/sec)

CPLEX> Incumbent solution written to file 'cplex.sol'.
CPLEX> 

optval(Q): 3171375.000, lowerbound(P): 678072.071
bestval: 2980044.000
-[10]--------------------------------------------
selection: 10

Welcome to IBM(R) ILOG(R) CPLEX(R) Interactive Optimizer 12.8.0.0
  with Simplex, Mixed Integer & Barrier Optimizers
5725-A06 5725-A29 5724-Y48 5724-Y49 5724-Y54 5724-Y55 5655-Y21
Copyright IBM Corp. 1988, 2017.  All Rights Reserved.

Type 'help' for a list of available commands.
Type 'help' followed by a command name for more
information on commands.

CPLEX> Problem 'cplex.lp' read.
Read time = 0.00 sec. (0.09 ticks)
CPLEX> New value for time limit in seconds: 86248
CPLEX> New value for mixed integer optimality gap tolerance: 1e-10
CPLEX> CPXPARAM_TimeLimit                               86248
CPXPARAM_MIP_Tolerances_MIPGap                   1e-10
Found incumbent of value 2.9093638e+09 after 0.00 sec. (0.01 ticks)
Tried aggregator 1 time.
MIQP Presolve eliminated 0 rows and 10 columns.
Reduced MIQP has 0 rows, 30 columns, and 0 nonzeros.
Reduced MIQP has 0 binaries, 30 generals, 0 SOSs, and 0 indicators.
Reduced MIQP objective Q matrix has 900 nonzeros.
Presolve time = 0.00 sec. (0.14 ticks)
Tried aggregator 1 time.
Reduced MIQP has 0 rows, 30 columns, and 0 nonzeros.
Reduced MIQP has 0 binaries, 30 generals, 0 SOSs, and 0 indicators.
Reduced MIQP objective Q matrix has 900 nonzeros.
Presolve time = 0.00 sec. (0.08 ticks)
MIP emphasis: balance optimality and feasibility.
MIP search method: dynamic search.
Parallel mode: deterministic, using up to 32 threads.
Root relaxation solution time = 0.01 sec. (0.47 ticks)

        Nodes                                         Cuts/
   Node  Left     Objective  IInf  Best Integer    Best Bound    ItCnt     Gap

*     0+    0                       2.90936e+09  -1.21825e+10           518.73%
      0     0   708601.2756    29   2.90936e+09   708601.2756        7   99.98%
*     0+    0                      9848996.0000   708601.2756            92.81%
*     0+    0                      5242839.0000   708601.2756            86.48%
*     0+    0                      5127796.0000   708601.2756            86.18%
*     0+    0                      4685074.0000   964215.6342            79.42%
      0     2   708601.2756    29  4685074.0000  1103750.4351        7   76.44%
Elapsed time = 0.23 sec. (4.39 ticks, tree = 0.01 MB, solutions = 5)

Root node processing (before b&c):
  Real time             =    0.15 sec. (4.26 ticks)
Parallel b&c, 32 threads:
  Real time             =    0.36 sec. (18.23 ticks)
  Sync time (average)   =    0.23 sec.
  Wait time (average)   =    0.00 sec.
                          ------------
Total (root+branch&cut) =    0.51 sec. (22.49 ticks)

Solution pool: 6 solutions saved.

MIP - Integer optimal solution:  Objective =  4.6850740000e+06
Solution time =    0.52 sec.  Iterations = 14358  Nodes = 8468
Deterministic time = 22.49 ticks  (43.42 ticks/sec)

CPLEX> Incumbent solution written to file 'cplex.sol'.
CPLEX> 

optval(Q): 4685074.000, lowerbound(P): 687125.453
bestval: 2980044.000
-[11]--------------------------------------------
selection: 11

Welcome to IBM(R) ILOG(R) CPLEX(R) Interactive Optimizer 12.8.0.0
  with Simplex, Mixed Integer & Barrier Optimizers
5725-A06 5725-A29 5724-Y48 5724-Y49 5724-Y54 5724-Y55 5655-Y21
Copyright IBM Corp. 1988, 2017.  All Rights Reserved.

Type 'help' for a list of available commands.
Type 'help' followed by a command name for more
information on commands.

CPLEX> Problem 'cplex.lp' read.
Read time = 0.00 sec. (0.09 ticks)
CPLEX> New value for time limit in seconds: 86247
CPLEX> New value for mixed integer optimality gap tolerance: 1e-10
CPLEX> CPXPARAM_TimeLimit                               86247
CPXPARAM_MIP_Tolerances_MIPGap                   1e-10
Found incumbent of value 1.9959524e+09 after 0.00 sec. (0.01 ticks)
Tried aggregator 1 time.
MIQP Presolve eliminated 0 rows and 11 columns.
Reduced MIQP has 0 rows, 29 columns, and 0 nonzeros.
Reduced MIQP has 0 binaries, 29 generals, 0 SOSs, and 0 indicators.
Reduced MIQP objective Q matrix has 841 nonzeros.
Presolve time = 0.00 sec. (0.14 ticks)
Tried aggregator 1 time.
Reduced MIQP has 0 rows, 29 columns, and 0 nonzeros.
Reduced MIQP has 0 binaries, 29 generals, 0 SOSs, and 0 indicators.
Reduced MIQP objective Q matrix has 841 nonzeros.
Presolve time = 0.00 sec. (0.07 ticks)
MIP emphasis: balance optimality and feasibility.
MIP search method: dynamic search.
Parallel mode: deterministic, using up to 32 threads.
Root relaxation solution time = 0.00 sec. (0.45 ticks)

        Nodes                                         Cuts/
   Node  Left     Objective  IInf  Best Integer    Best Bound    ItCnt     Gap

*     0+    0                       1.99595e+09  -1.11223e+10           657.24%
      0     0   261152.1328    28   1.99595e+09   261152.1328        7   99.99%
*     0+    0                      5929928.0000   261152.1328            95.60%
*     0+    0                      4627057.0000   261152.1328            94.36%
*     0+    0                      3855573.0000   261152.1328            93.23%
*     0+    0                      3795555.0000   261152.1328            93.12%
      0     2   261152.1328    28  3795555.0000   763510.0234        7   79.88%
Elapsed time = 0.15 sec. (4.03 ticks, tree = 0.01 MB, solutions = 5)

Root node processing (before b&c):
  Real time             =    0.14 sec. (3.91 ticks)
Parallel b&c, 32 threads:
  Real time             =    0.17 sec. (7.53 ticks)
  Sync time (average)   =    0.15 sec.
  Wait time (average)   =    0.00 sec.
                          ------------
Total (root+branch&cut) =    0.31 sec. (11.44 ticks)

Solution pool: 6 solutions saved.

MIP - Integer optimal solution:  Objective =  3.7955550000e+06
Solution time =    0.32 sec.  Iterations = 4743  Nodes = 2892
Deterministic time = 11.44 ticks  (35.87 ticks/sec)

CPLEX> Incumbent solution written to file 'cplex.sol'.
CPLEX> 

optval(Q): 3795555.000, lowerbound(P): 707461.991
bestval: 2980044.000
-[12]--------------------------------------------
selection: 12

Welcome to IBM(R) ILOG(R) CPLEX(R) Interactive Optimizer 12.8.0.0
  with Simplex, Mixed Integer & Barrier Optimizers
5725-A06 5725-A29 5724-Y48 5724-Y49 5724-Y54 5724-Y55 5655-Y21
Copyright IBM Corp. 1988, 2017.  All Rights Reserved.

Type 'help' for a list of available commands.
Type 'help' followed by a command name for more
information on commands.

CPLEX> Problem 'cplex.lp' read.
Read time = 0.00 sec. (0.09 ticks)
CPLEX> New value for time limit in seconds: 86247
CPLEX> New value for mixed integer optimality gap tolerance: 1e-10
CPLEX> CPXPARAM_TimeLimit                               86247
CPXPARAM_MIP_Tolerances_MIPGap                   1e-10
Found incumbent of value 2.2633671e+09 after 0.00 sec. (0.01 ticks)
Found incumbent of value 2.0508693e+09 after 0.00 sec. (0.02 ticks)
Tried aggregator 1 time.
MIQP Presolve eliminated 0 rows and 12 columns.
Reduced MIQP has 0 rows, 28 columns, and 0 nonzeros.
Reduced MIQP has 0 binaries, 28 generals, 0 SOSs, and 0 indicators.
Reduced MIQP objective Q matrix has 784 nonzeros.
Presolve time = 0.00 sec. (0.13 ticks)
Tried aggregator 1 time.
Reduced MIQP has 0 rows, 28 columns, and 0 nonzeros.
Reduced MIQP has 0 binaries, 28 generals, 0 SOSs, and 0 indicators.
Reduced MIQP objective Q matrix has 784 nonzeros.
Presolve time = 0.00 sec. (0.07 ticks)
MIP emphasis: balance optimality and feasibility.
MIP search method: dynamic search.
Parallel mode: deterministic, using up to 32 threads.
Root relaxation solution time = 0.00 sec. (0.42 ticks)

        Nodes                                         Cuts/
   Node  Left     Objective  IInf  Best Integer    Best Bound    ItCnt     Gap

*     0+    0                       2.05087e+09  -9.50242e+09           563.34%
      0     0   450236.4414    27   2.05087e+09   450236.4414        7   99.98%
*     0+    0                      5139748.0000   450236.4414            91.24%
*     0+    0                      3765519.0000   450236.4414            88.04%
      0     2   450236.4414    27  3765519.0000  1145679.5466        7   69.57%
Elapsed time = 0.25 sec. (3.52 ticks, tree = 0.01 MB, solutions = 3)

Root node processing (before b&c):
  Real time             =    0.23 sec. (3.40 ticks)
Parallel b&c, 32 threads:
  Real time             =    0.16 sec. (30.62 ticks)
  Sync time (average)   =    0.13 sec.
  Wait time (average)   =    0.00 sec.
                          ------------
Total (root+branch&cut) =    0.39 sec. (34.02 ticks)

Solution pool: 4 solutions saved.

MIP - Integer optimal solution:  Objective =  3.7655190000e+06
Solution time =    0.40 sec.  Iterations = 1941  Nodes = 1327
Deterministic time = 34.02 ticks  (85.29 ticks/sec)

CPLEX> Incumbent solution written to file 'cplex.sol'.
CPLEX> 

optval(Q): 3765519.000, lowerbound(P): 887444.441
bestval: 2980044.000
-[13]--------------------------------------------
selection: 13

Welcome to IBM(R) ILOG(R) CPLEX(R) Interactive Optimizer 12.8.0.0
  with Simplex, Mixed Integer & Barrier Optimizers
5725-A06 5725-A29 5724-Y48 5724-Y49 5724-Y54 5724-Y55 5655-Y21
Copyright IBM Corp. 1988, 2017.  All Rights Reserved.

Type 'help' for a list of available commands.
Type 'help' followed by a command name for more
information on commands.

CPLEX> Problem 'cplex.lp' read.
Read time = 0.00 sec. (0.09 ticks)
CPLEX> New value for time limit in seconds: 86246
CPLEX> New value for mixed integer optimality gap tolerance: 1e-10
CPLEX> CPXPARAM_TimeLimit                               86246
CPXPARAM_MIP_Tolerances_MIPGap                   1e-10
Found incumbent of value 2.0781684e+09 after 0.00 sec. (0.01 ticks)
Tried aggregator 1 time.
MIQP Presolve eliminated 0 rows and 13 columns.
Reduced MIQP has 0 rows, 27 columns, and 0 nonzeros.
Reduced MIQP has 0 binaries, 27 generals, 0 SOSs, and 0 indicators.
Reduced MIQP objective Q matrix has 729 nonzeros.
Presolve time = 0.00 sec. (0.13 ticks)
Tried aggregator 1 time.
Reduced MIQP has 0 rows, 27 columns, and 0 nonzeros.
Reduced MIQP has 0 binaries, 27 generals, 0 SOSs, and 0 indicators.
Reduced MIQP objective Q matrix has 729 nonzeros.
Presolve time = 0.00 sec. (0.06 ticks)
MIP emphasis: balance optimality and feasibility.
MIP search method: dynamic search.
Parallel mode: deterministic, using up to 32 threads.
Root relaxation solution time = 0.01 sec. (0.39 ticks)

        Nodes                                         Cuts/
   Node  Left     Objective  IInf  Best Integer    Best Bound    ItCnt     Gap

*     0+    0                       2.07817e+09  -8.34753e+09           501.68%
      0     0  1672103.2863    26   2.07817e+09  1672103.2863        7   99.92%
*     0+    0                      4823406.0000  1672103.2863            65.33%
      0     2  1672103.2863    26  4823406.0000  2068357.9184        7   57.12%
Elapsed time = 0.23 sec. (3.17 ticks, tree = 0.01 MB, solutions = 2)

Root node processing (before b&c):
  Real time             =    0.21 sec. (3.06 ticks)
Parallel b&c, 32 threads:
  Real time             =    0.05 sec. (3.60 ticks)
  Sync time (average)   =    0.03 sec.
  Wait time (average)   =    0.00 sec.
                          ------------
Total (root+branch&cut) =    0.27 sec. (6.66 ticks)

Solution pool: 3 solutions saved.

MIP - Integer optimal solution:  Objective =  4.8234060000e+06
Solution time =    0.27 sec.  Iterations = 970  Nodes = 663
Deterministic time = 6.66 ticks  (24.38 ticks/sec)

CPLEX> Incumbent solution written to file 'cplex.sol'.
CPLEX> 

optval(Q): 4823406.000, lowerbound(P): 1173386.886
bestval: 2980044.000
-[14]--------------------------------------------
selection: 14

Welcome to IBM(R) ILOG(R) CPLEX(R) Interactive Optimizer 12.8.0.0
  with Simplex, Mixed Integer & Barrier Optimizers
5725-A06 5725-A29 5724-Y48 5724-Y49 5724-Y54 5724-Y55 5655-Y21
Copyright IBM Corp. 1988, 2017.  All Rights Reserved.

Type 'help' for a list of available commands.
Type 'help' followed by a command name for more
information on commands.

CPLEX> Problem 'cplex.lp' read.
Read time = 0.00 sec. (0.09 ticks)
CPLEX> New value for time limit in seconds: 86246
CPLEX> New value for mixed integer optimality gap tolerance: 1e-10
CPLEX> CPXPARAM_TimeLimit                               86246
CPXPARAM_MIP_Tolerances_MIPGap                   1e-10
Found incumbent of value 1.6884169e+09 after 0.00 sec. (0.01 ticks)
Tried aggregator 1 time.
MIQP Presolve eliminated 0 rows and 14 columns.
Reduced MIQP has 0 rows, 26 columns, and 0 nonzeros.
Reduced MIQP has 0 binaries, 26 generals, 0 SOSs, and 0 indicators.
Reduced MIQP objective Q matrix has 676 nonzeros.
Presolve time = 0.00 sec. (0.13 ticks)
Tried aggregator 1 time.
Reduced MIQP has 0 rows, 26 columns, and 0 nonzeros.
Reduced MIQP has 0 binaries, 26 generals, 0 SOSs, and 0 indicators.
Reduced MIQP objective Q matrix has 676 nonzeros.
Presolve time = 0.00 sec. (0.06 ticks)
MIP emphasis: balance optimality and feasibility.
MIP search method: dynamic search.
Parallel mode: deterministic, using up to 32 threads.
Root relaxation solution time = 0.00 sec. (0.37 ticks)

        Nodes                                         Cuts/
   Node  Left     Objective  IInf  Best Integer    Best Bound    ItCnt     Gap

*     0+    0                       1.68842e+09  -7.79635e+09           561.76%
      0     0   836928.0627    25   1.68842e+09   836928.0627        7   99.95%
*     0+    0                       1.06165e+07   836928.0627            92.12%
*     0+    0                      4365038.0000   836928.0627            80.83%
      0     2   836928.0627    25  4365038.0000  1419292.3274        7   67.48%
Elapsed time = 0.27 sec. (2.91 ticks, tree = 0.01 MB, solutions = 3)

Root node processing (before b&c):
  Real time             =    0.24 sec. (2.81 ticks)
Parallel b&c, 32 threads:
  Real time             =    0.08 sec. (5.17 ticks)
  Sync time (average)   =    0.04 sec.
  Wait time (average)   =    0.00 sec.
                          ------------
Total (root+branch&cut) =    0.32 sec. (7.97 ticks)

Solution pool: 4 solutions saved.

MIP - Integer optimal solution:  Objective =  4.3650380000e+06
Solution time =    0.32 sec.  Iterations = 1323  Nodes = 957
Deterministic time = 7.97 ticks  (24.71 ticks/sec)

CPLEX> Incumbent solution written to file 'cplex.sol'.
CPLEX> 

optval(Q): 4365038.000, lowerbound(P): 1182999.255
bestval: 2980044.000
-[15]--------------------------------------------
selection: 15

Welcome to IBM(R) ILOG(R) CPLEX(R) Interactive Optimizer 12.8.0.0
  with Simplex, Mixed Integer & Barrier Optimizers
5725-A06 5725-A29 5724-Y48 5724-Y49 5724-Y54 5724-Y55 5655-Y21
Copyright IBM Corp. 1988, 2017.  All Rights Reserved.

Type 'help' for a list of available commands.
Type 'help' followed by a command name for more
information on commands.

CPLEX> Problem 'cplex.lp' read.
Read time = 0.00 sec. (0.09 ticks)
CPLEX> New value for time limit in seconds: 86246
CPLEX> New value for mixed integer optimality gap tolerance: 1e-10
CPLEX> CPXPARAM_TimeLimit                               86246
CPXPARAM_MIP_Tolerances_MIPGap                   1e-10
Found incumbent of value 1.4494851e+09 after 0.00 sec. (0.01 ticks)
Tried aggregator 1 time.
MIQP Presolve eliminated 0 rows and 15 columns.
Reduced MIQP has 0 rows, 25 columns, and 0 nonzeros.
Reduced MIQP has 0 binaries, 25 generals, 0 SOSs, and 0 indicators.
Reduced MIQP objective Q matrix has 625 nonzeros.
Presolve time = 0.00 sec. (0.13 ticks)
Tried aggregator 1 time.
Reduced MIQP has 0 rows, 25 columns, and 0 nonzeros.
Reduced MIQP has 0 binaries, 25 generals, 0 SOSs, and 0 indicators.
Reduced MIQP objective Q matrix has 625 nonzeros.
Presolve time = 0.00 sec. (0.06 ticks)
MIP emphasis: balance optimality and feasibility.
MIP search method: dynamic search.
Parallel mode: deterministic, using up to 32 threads.
Root relaxation solution time = 0.00 sec. (0.35 ticks)

        Nodes                                         Cuts/
   Node  Left     Objective  IInf  Best Integer    Best Bound    ItCnt     Gap

*     0+    0                       1.44949e+09  -6.79368e+09           568.70%
      0     0  1184260.0467    24   1.44949e+09  1184260.0467        7   99.92%
*     0+    0                      3780927.0000  1184260.0467            68.68%
      0     2  1184260.0467    24  3780927.0000  2129562.5645        7   43.68%
Elapsed time = 0.51 sec. (2.61 ticks, tree = 0.01 MB, solutions = 2)

Root node processing (before b&c):
  Real time             =    0.48 sec. (2.52 ticks)
Parallel b&c, 32 threads:
  Real time             =    0.12 sec. (1.41 ticks)
  Sync time (average)   =    0.08 sec.
  Wait time (average)   =    0.00 sec.
                          ------------
Total (root+branch&cut) =    0.60 sec. (3.93 ticks)

Solution pool: 3 solutions saved.

MIP - Integer optimal solution:  Objective =  3.7809270000e+06
Solution time =    0.61 sec.  Iterations = 316  Nodes = 238
Deterministic time = 3.93 ticks  (6.47 ticks/sec)

CPLEX> Incumbent solution written to file 'cplex.sol'.
CPLEX> 

optval(Q): 3780927.000, lowerbound(P): 1253085.031
bestval: 2980044.000
-[16]--------------------------------------------
selection: 16

Welcome to IBM(R) ILOG(R) CPLEX(R) Interactive Optimizer 12.8.0.0
  with Simplex, Mixed Integer & Barrier Optimizers
5725-A06 5725-A29 5724-Y48 5724-Y49 5724-Y54 5724-Y55 5655-Y21
Copyright IBM Corp. 1988, 2017.  All Rights Reserved.

Type 'help' for a list of available commands.
Type 'help' followed by a command name for more
information on commands.

CPLEX> Problem 'cplex.lp' read.
Read time = 0.00 sec. (0.09 ticks)
CPLEX> New value for time limit in seconds: 86245
CPLEX> New value for mixed integer optimality gap tolerance: 1e-10
CPLEX> CPXPARAM_TimeLimit                               86245
CPXPARAM_MIP_Tolerances_MIPGap                   1e-10
Found incumbent of value 1.1761197e+09 after 0.00 sec. (0.01 ticks)
Tried aggregator 1 time.
MIQP Presolve eliminated 0 rows and 16 columns.
Reduced MIQP has 0 rows, 24 columns, and 0 nonzeros.
Reduced MIQP has 0 binaries, 24 generals, 0 SOSs, and 0 indicators.
Reduced MIQP objective Q matrix has 576 nonzeros.
Presolve time = 0.00 sec. (0.13 ticks)
Tried aggregator 1 time.
Reduced MIQP has 0 rows, 24 columns, and 0 nonzeros.
Reduced MIQP has 0 binaries, 24 generals, 0 SOSs, and 0 indicators.
Reduced MIQP objective Q matrix has 576 nonzeros.
Presolve time = 0.00 sec. (0.05 ticks)
MIP emphasis: balance optimality and feasibility.
MIP search method: dynamic search.
Parallel mode: deterministic, using up to 32 threads.
Root relaxation solution time = 0.00 sec. (0.32 ticks)

        Nodes                                         Cuts/
   Node  Left     Objective  IInf  Best Integer    Best Bound    ItCnt     Gap

*     0+    0                       1.17612e+09  -6.28065e+09           634.01%
      0     0   731235.7952    23   1.17612e+09   731235.7952        7   99.94%
*     0+    0                      3585092.0000   731235.7952            79.60%
      0     2   731235.7952    23  3585092.0000   731235.7952        7   79.60%
Elapsed time = 0.14 sec. (2.43 ticks, tree = 0.01 MB, solutions = 2)

Root node processing (before b&c):
  Real time             =    0.13 sec. (2.35 ticks)
Parallel b&c, 32 threads:
  Real time             =    0.05 sec. (1.92 ticks)
  Sync time (average)   =    0.03 sec.
  Wait time (average)   =    0.00 sec.
                          ------------
Total (root+branch&cut) =    0.18 sec. (4.27 ticks)

Solution pool: 3 solutions saved.

MIP - Integer optimal solution:  Objective =  3.5850920000e+06
Solution time =    0.18 sec.  Iterations = 296  Nodes = 229
Deterministic time = 4.27 ticks  (23.48 ticks/sec)

CPLEX> Incumbent solution written to file 'cplex.sol'.
CPLEX> 

optval(Q): 3585092.000, lowerbound(P): 1373999.455
bestval: 2980044.000
-[17]--------------------------------------------
selection: 17

Welcome to IBM(R) ILOG(R) CPLEX(R) Interactive Optimizer 12.8.0.0
  with Simplex, Mixed Integer & Barrier Optimizers
5725-A06 5725-A29 5724-Y48 5724-Y49 5724-Y54 5724-Y55 5655-Y21
Copyright IBM Corp. 1988, 2017.  All Rights Reserved.

Type 'help' for a list of available commands.
Type 'help' followed by a command name for more
information on commands.

CPLEX> Problem 'cplex.lp' read.
Read time = 0.00 sec. (0.09 ticks)
CPLEX> New value for time limit in seconds: 86245
CPLEX> New value for mixed integer optimality gap tolerance: 1e-10
CPLEX> CPXPARAM_TimeLimit                               86245
CPXPARAM_MIP_Tolerances_MIPGap                   1e-10
Found incumbent of value 1.0058281e+09 after 0.00 sec. (0.01 ticks)
Tried aggregator 1 time.
MIQP Presolve eliminated 0 rows and 17 columns.
Reduced MIQP has 0 rows, 23 columns, and 0 nonzeros.
Reduced MIQP has 0 binaries, 23 generals, 0 SOSs, and 0 indicators.
Reduced MIQP objective Q matrix has 529 nonzeros.
Presolve time = 0.00 sec. (0.13 ticks)
Tried aggregator 1 time.
Reduced MIQP has 0 rows, 23 columns, and 0 nonzeros.
Reduced MIQP has 0 binaries, 23 generals, 0 SOSs, and 0 indicators.
Reduced MIQP objective Q matrix has 529 nonzeros.
Presolve time = 0.00 sec. (0.05 ticks)
MIP emphasis: balance optimality and feasibility.
MIP search method: dynamic search.
Parallel mode: deterministic, using up to 32 threads.
Root relaxation solution time = 0.00 sec. (0.33 ticks)

        Nodes                                         Cuts/
   Node  Left     Objective  IInf  Best Integer    Best Bound    ItCnt     Gap

*     0+    0                       1.00583e+09  -5.53004e+09           649.80%
      0     0  1147843.2104    22   1.00583e+09  1147843.2104        9   99.89%
*     0+    0                       1.10766e+07  1147843.2104            89.64%
*     0+    0                      6081076.0000  1147843.2104            81.12%
*     0+    0                      5056585.0000  1147843.2104            77.30%
      0     2  1147843.2104    22  5056585.0000  1487835.2345        9   70.58%
Elapsed time = 0.22 sec. (2.38 ticks, tree = 0.01 MB, solutions = 4)

Root node processing (before b&c):
  Real time             =    0.20 sec. (2.31 ticks)
Parallel b&c, 32 threads:
  Real time             =    0.15 sec. (2.64 ticks)
  Sync time (average)   =    0.12 sec.
  Wait time (average)   =    0.00 sec.
                          ------------
Total (root+branch&cut) =    0.35 sec. (4.95 ticks)

Solution pool: 5 solutions saved.

MIP - Integer optimal solution:  Objective =  5.0565850000e+06
Solution time =    0.36 sec.  Iterations = 873  Nodes = 622
Deterministic time = 4.95 ticks  (13.91 ticks/sec)

CPLEX> Incumbent solution written to file 'cplex.sol'.
CPLEX> 

optval(Q): 5056585.000, lowerbound(P): 1391033.386
bestval: 2980044.000
-[18]--------------------------------------------
selection: 18

Welcome to IBM(R) ILOG(R) CPLEX(R) Interactive Optimizer 12.8.0.0
  with Simplex, Mixed Integer & Barrier Optimizers
5725-A06 5725-A29 5724-Y48 5724-Y49 5724-Y54 5724-Y55 5655-Y21
Copyright IBM Corp. 1988, 2017.  All Rights Reserved.

Type 'help' for a list of available commands.
Type 'help' followed by a command name for more
information on commands.

CPLEX> Problem 'cplex.lp' read.
Read time = 0.00 sec. (0.09 ticks)
CPLEX> New value for time limit in seconds: 86245
CPLEX> New value for mixed integer optimality gap tolerance: 1e-10
CPLEX> CPXPARAM_TimeLimit                               86245
CPXPARAM_MIP_Tolerances_MIPGap                   1e-10
Found incumbent of value 9.7280554e+08 after 0.00 sec. (0.01 ticks)
Tried aggregator 1 time.
MIQP Presolve eliminated 0 rows and 18 columns.
Reduced MIQP has 0 rows, 22 columns, and 0 nonzeros.
Reduced MIQP has 0 binaries, 22 generals, 0 SOSs, and 0 indicators.
Reduced MIQP objective Q matrix has 484 nonzeros.
Presolve time = 0.00 sec. (0.12 ticks)
Tried aggregator 1 time.
Reduced MIQP has 0 rows, 22 columns, and 0 nonzeros.
Reduced MIQP has 0 binaries, 22 generals, 0 SOSs, and 0 indicators.
Reduced MIQP objective Q matrix has 484 nonzeros.
Presolve time = 0.00 sec. (0.04 ticks)
MIP emphasis: balance optimality and feasibility.
MIP search method: dynamic search.
Parallel mode: deterministic, using up to 32 threads.
Root relaxation solution time = 0.00 sec. (0.30 ticks)

        Nodes                                         Cuts/
   Node  Left     Objective  IInf  Best Integer    Best Bound    ItCnt     Gap

*     0+    0                       9.72806e+08  -4.61524e+09           574.43%
      0     0  1530371.1768    21   9.72806e+08  1530371.1768        8   99.84%
*     0+    0                       1.15251e+07  1530371.1768            86.72%
*     0+    0                      4080912.0000  1530371.1768            62.50%
      0     2  1530371.1768    21  4080912.0000  2246666.0400        8   44.95%
Elapsed time = 0.21 sec. (2.06 ticks, tree = 0.01 MB, solutions = 3)

Root node processing (before b&c):
  Real time             =    0.20 sec. (1.98 ticks)
Parallel b&c, 32 threads:
  Real time             =    0.03 sec. (1.26 ticks)
  Sync time (average)   =    0.02 sec.
  Wait time (average)   =    0.00 sec.
                          ------------
Total (root+branch&cut) =    0.24 sec. (3.25 ticks)

Solution pool: 4 solutions saved.

MIP - Integer optimal solution:  Objective =  4.0809120000e+06
Solution time =    0.24 sec.  Iterations = 82  Nodes = 63
Deterministic time = 3.25 ticks  (13.44 ticks/sec)

CPLEX> Incumbent solution written to file 'cplex.sol'.
CPLEX> 

optval(Q): 4080912.000, lowerbound(P): 1642183.459
bestval: 2980044.000
-[19]--------------------------------------------
selection: 19

Welcome to IBM(R) ILOG(R) CPLEX(R) Interactive Optimizer 12.8.0.0
  with Simplex, Mixed Integer & Barrier Optimizers
5725-A06 5725-A29 5724-Y48 5724-Y49 5724-Y54 5724-Y55 5655-Y21
Copyright IBM Corp. 1988, 2017.  All Rights Reserved.

Type 'help' for a list of available commands.
Type 'help' followed by a command name for more
information on commands.

CPLEX> Problem 'cplex.lp' read.
Read time = 0.00 sec. (0.09 ticks)
CPLEX> New value for time limit in seconds: 86244
CPLEX> New value for mixed integer optimality gap tolerance: 1e-10
CPLEX> CPXPARAM_TimeLimit                               86244
CPXPARAM_MIP_Tolerances_MIPGap                   1e-10
Found incumbent of value 9.2454166e+08 after 0.00 sec. (0.01 ticks)
Tried aggregator 1 time.
MIQP Presolve eliminated 0 rows and 19 columns.
Reduced MIQP has 0 rows, 21 columns, and 0 nonzeros.
Reduced MIQP has 0 binaries, 21 generals, 0 SOSs, and 0 indicators.
Reduced MIQP objective Q matrix has 441 nonzeros.
Presolve time = 0.00 sec. (0.12 ticks)
Tried aggregator 1 time.
Reduced MIQP has 0 rows, 21 columns, and 0 nonzeros.
Reduced MIQP has 0 binaries, 21 generals, 0 SOSs, and 0 indicators.
Reduced MIQP objective Q matrix has 441 nonzeros.
Presolve time = 0.00 sec. (0.04 ticks)
MIP emphasis: balance optimality and feasibility.
MIP search method: dynamic search.
Parallel mode: deterministic, using up to 32 threads.
Root relaxation solution time = 0.00 sec. (0.27 ticks)

        Nodes                                         Cuts/
   Node  Left     Objective  IInf  Best Integer    Best Bound    ItCnt     Gap

*     0+    0                       9.24542e+08  -4.19364e+09           553.59%
      0     0  1430076.8586    20   9.24542e+08  1430076.8586        8   99.85%
*     0+    0                      4247175.0000  1430076.8586            66.33%
      0     2  1430076.8586    20  4247175.0000  2405447.0112        8   43.36%
Elapsed time = 0.18 sec. (1.93 ticks, tree = 0.01 MB, solutions = 2)

Root node processing (before b&c):
  Real time             =    0.15 sec. (1.87 ticks)
Parallel b&c, 32 threads:
  Real time             =    0.20 sec. (0.82 ticks)
  Sync time (average)   =    0.16 sec.
  Wait time (average)   =    0.00 sec.
                          ------------
Total (root+branch&cut) =    0.34 sec. (2.68 ticks)

Solution pool: 3 solutions saved.

MIP - Integer optimal solution:  Objective =  4.2471750000e+06
Solution time =    0.35 sec.  Iterations = 124  Nodes = 97
Deterministic time = 2.68 ticks  (7.67 ticks/sec)

CPLEX> Incumbent solution written to file 'cplex.sol'.
CPLEX> 

optval(Q): 4247175.000, lowerbound(P): 1737916.884
bestval: 2980044.000
-[20]--------------------------------------------
selection: 20

Welcome to IBM(R) ILOG(R) CPLEX(R) Interactive Optimizer 12.8.0.0
  with Simplex, Mixed Integer & Barrier Optimizers
5725-A06 5725-A29 5724-Y48 5724-Y49 5724-Y54 5724-Y55 5655-Y21
Copyright IBM Corp. 1988, 2017.  All Rights Reserved.

Type 'help' for a list of available commands.
Type 'help' followed by a command name for more
information on commands.

CPLEX> Problem 'cplex.lp' read.
Read time = 0.00 sec. (0.09 ticks)
CPLEX> New value for time limit in seconds: 86244
CPLEX> New value for mixed integer optimality gap tolerance: 1e-10
CPLEX> CPXPARAM_TimeLimit                               86244
CPXPARAM_MIP_Tolerances_MIPGap                   1e-10
Found incumbent of value 9.2845340e+08 after 0.00 sec. (0.01 ticks)
Found incumbent of value 9.1339802e+08 after 0.00 sec. (0.02 ticks)
Tried aggregator 1 time.
MIQP Presolve eliminated 0 rows and 20 columns.
Reduced MIQP has 0 rows, 20 columns, and 0 nonzeros.
Reduced MIQP has 0 binaries, 20 generals, 0 SOSs, and 0 indicators.
Reduced MIQP objective Q matrix has 400 nonzeros.
Presolve time = 0.00 sec. (0.12 ticks)
Tried aggregator 1 time.
Reduced MIQP has 0 rows, 20 columns, and 0 nonzeros.
Reduced MIQP has 0 binaries, 20 generals, 0 SOSs, and 0 indicators.
Reduced MIQP objective Q matrix has 400 nonzeros.
Presolve time = 0.00 sec. (0.04 ticks)
MIP emphasis: balance optimality and feasibility.
MIP search method: dynamic search.
Parallel mode: deterministic, using up to 32 threads.
Root relaxation solution time = 0.01 sec. (0.25 ticks)

        Nodes                                         Cuts/
   Node  Left     Objective  IInf  Best Integer    Best Bound    ItCnt     Gap

*     0+    0                       9.13398e+08  -3.76516e+09           512.21%
      0     0  1561590.3936    19   9.13398e+08  1561590.3936        8   99.83%
*     0+    0                      4229187.0000  1561590.3936            63.08%
      0     2  1561900.6414    18  4229187.0000  2904548.3684        9   31.32%
Elapsed time = 0.14 sec. (1.95 ticks, tree = 0.01 MB, solutions = 2)

Root node processing (before b&c):
  Real time             =    0.13 sec. (1.89 ticks)
Parallel b&c, 32 threads:
  Real time             =    0.04 sec. (0.73 ticks)
  Sync time (average)   =    0.02 sec.
  Wait time (average)   =    0.00 sec.
                          ------------
Total (root+branch&cut) =    0.16 sec. (2.61 ticks)

Solution pool: 3 solutions saved.

MIP - Integer optimal solution:  Objective =  4.2291870000e+06
Solution time =    0.17 sec.  Iterations = 123  Nodes = 89
Deterministic time = 2.61 ticks  (15.29 ticks/sec)

CPLEX> Incumbent solution written to file 'cplex.sol'.
CPLEX> 

optval(Q): 4229187.000, lowerbound(P): 1810946.800
bestval: 2980044.000
-[21]--------------------------------------------
selection: 21

Welcome to IBM(R) ILOG(R) CPLEX(R) Interactive Optimizer 12.8.0.0
  with Simplex, Mixed Integer & Barrier Optimizers
5725-A06 5725-A29 5724-Y48 5724-Y49 5724-Y54 5724-Y55 5655-Y21
Copyright IBM Corp. 1988, 2017.  All Rights Reserved.

Type 'help' for a list of available commands.
Type 'help' followed by a command name for more
information on commands.

CPLEX> Problem 'cplex.lp' read.
Read time = 0.00 sec. (0.09 ticks)
CPLEX> New value for time limit in seconds: 86244
CPLEX> New value for mixed integer optimality gap tolerance: 1e-10
CPLEX> CPXPARAM_TimeLimit                               86244
CPXPARAM_MIP_Tolerances_MIPGap                   1e-10
Found incumbent of value 8.3222941e+08 after 0.00 sec. (0.01 ticks)
Tried aggregator 1 time.
MIQP Presolve eliminated 0 rows and 21 columns.
Reduced MIQP has 0 rows, 19 columns, and 0 nonzeros.
Reduced MIQP has 0 binaries, 19 generals, 0 SOSs, and 0 indicators.
Reduced MIQP objective Q matrix has 361 nonzeros.
Presolve time = 0.00 sec. (0.12 ticks)
Tried aggregator 1 time.
Reduced MIQP has 0 rows, 19 columns, and 0 nonzeros.
Reduced MIQP has 0 binaries, 19 generals, 0 SOSs, and 0 indicators.
Reduced MIQP objective Q matrix has 361 nonzeros.
Presolve time = 0.00 sec. (0.03 ticks)
MIP emphasis: balance optimality and feasibility.
MIP search method: dynamic search.
Parallel mode: deterministic, using up to 32 threads.
Root relaxation solution time = 0.00 sec. (0.25 ticks)

        Nodes                                         Cuts/
   Node  Left     Objective  IInf  Best Integer    Best Bound    ItCnt     Gap

*     0+    0                       8.32229e+08  -3.27493e+09           493.51%
      0     0  3047530.0049    18   8.32229e+08  3047530.0049        9   99.63%
*     0+    0                      4691990.0000  3047530.0049            35.05%
      0     0        cutoff        4691990.0000  4691990.0000       16    0.00%
Elapsed time = 0.23 sec. (1.41 ticks, tree = 0.01 MB, solutions = 2)

Root node processing (before b&c):
  Real time             =    0.23 sec. (1.41 ticks)
Parallel b&c, 32 threads:
  Real time             =    0.00 sec. (0.00 ticks)
  Sync time (average)   =    0.00 sec.
  Wait time (average)   =    0.00 sec.
                          ------------
Total (root+branch&cut) =    0.23 sec. (1.41 ticks)

Solution pool: 3 solutions saved.

MIP - Integer optimal solution:  Objective =  4.6919900000e+06
Solution time =    0.23 sec.  Iterations = 16  Nodes = 0
Deterministic time = 1.42 ticks  (6.05 ticks/sec)

CPLEX> Incumbent solution written to file 'cplex.sol'.
CPLEX> 

optval(Q): 4691990.000, lowerbound(P): 1891718.733
bestval: 2980044.000
-[22]--------------------------------------------
selection: 22

Welcome to IBM(R) ILOG(R) CPLEX(R) Interactive Optimizer 12.8.0.0
  with Simplex, Mixed Integer & Barrier Optimizers
5725-A06 5725-A29 5724-Y48 5724-Y49 5724-Y54 5724-Y55 5655-Y21
Copyright IBM Corp. 1988, 2017.  All Rights Reserved.

Type 'help' for a list of available commands.
Type 'help' followed by a command name for more
information on commands.

CPLEX> Problem 'cplex.lp' read.
Read time = 0.00 sec. (0.09 ticks)
CPLEX> New value for time limit in seconds: 86244
CPLEX> New value for mixed integer optimality gap tolerance: 1e-10
CPLEX> CPXPARAM_TimeLimit                               86244
CPXPARAM_MIP_Tolerances_MIPGap                   1e-10
Found incumbent of value 7.5962851e+08 after 0.00 sec. (0.01 ticks)
Tried aggregator 1 time.
MIQP Presolve eliminated 0 rows and 22 columns.
Reduced MIQP has 0 rows, 18 columns, and 0 nonzeros.
Reduced MIQP has 0 binaries, 18 generals, 0 SOSs, and 0 indicators.
Reduced MIQP objective Q matrix has 324 nonzeros.
Presolve time = 0.00 sec. (0.12 ticks)
Tried aggregator 1 time.
Reduced MIQP has 0 rows, 18 columns, and 0 nonzeros.
Reduced MIQP has 0 binaries, 18 generals, 0 SOSs, and 0 indicators.
Reduced MIQP objective Q matrix has 324 nonzeros.
Presolve time = 0.00 sec. (0.03 ticks)
MIP emphasis: balance optimality and feasibility.
MIP search method: dynamic search.
Parallel mode: deterministic, using up to 32 threads.
Root relaxation solution time = 0.01 sec. (0.22 ticks)

        Nodes                                         Cuts/
   Node  Left     Objective  IInf  Best Integer    Best Bound    ItCnt     Gap

*     0+    0                       7.59629e+08  -2.94782e+09           488.06%
      0     0  1788454.1410    17   7.59629e+08  1788454.1410        8   99.76%
*     0+    0                      5002145.0000  1788454.1410            64.25%
*     0+    0                      3498765.0000  1798939.7190            48.58%
      0     2  1798939.7190    16  3498765.0000  3355111.9157        9    4.11%
Elapsed time = 0.14 sec. (1.64 ticks, tree = 0.01 MB, solutions = 3)

Root node processing (before b&c):
  Real time             =    0.13 sec. (1.59 ticks)
Parallel b&c, 32 threads:
  Real time             =    0.05 sec. (0.68 ticks)
  Sync time (average)   =    0.04 sec.
  Wait time (average)   =    0.00 sec.
                          ------------
Total (root+branch&cut) =    0.18 sec. (2.27 ticks)

Solution pool: 4 solutions saved.

MIP - Integer optimal solution:  Objective =  3.4987650000e+06
Solution time =    0.19 sec.  Iterations = 59  Nodes = 37
Deterministic time = 2.27 ticks  (11.88 ticks/sec)

CPLEX> Incumbent solution written to file 'cplex.sol'.
CPLEX> 

optval(Q): 3498765.000, lowerbound(P): 1900456.361
bestval: 2980044.000
-[23]--------------------------------------------
selection: 23

Welcome to IBM(R) ILOG(R) CPLEX(R) Interactive Optimizer 12.8.0.0
  with Simplex, Mixed Integer & Barrier Optimizers
5725-A06 5725-A29 5724-Y48 5724-Y49 5724-Y54 5724-Y55 5655-Y21
Copyright IBM Corp. 1988, 2017.  All Rights Reserved.

Type 'help' for a list of available commands.
Type 'help' followed by a command name for more
information on commands.

CPLEX> Problem 'cplex.lp' read.
Read time = 0.00 sec. (0.09 ticks)
CPLEX> New value for time limit in seconds: 86243
CPLEX> New value for mixed integer optimality gap tolerance: 1e-10
CPLEX> CPXPARAM_TimeLimit                               86243
CPXPARAM_MIP_Tolerances_MIPGap                   1e-10
Found incumbent of value 9.5857723e+08 after 0.00 sec. (0.01 ticks)
Found incumbent of value 7.5365005e+08 after 0.00 sec. (0.02 ticks)
Tried aggregator 1 time.
MIQP Presolve eliminated 0 rows and 23 columns.
Reduced MIQP has 0 rows, 17 columns, and 0 nonzeros.
Reduced MIQP has 0 binaries, 17 generals, 0 SOSs, and 0 indicators.
Reduced MIQP objective Q matrix has 289 nonzeros.
Presolve time = 0.00 sec. (0.12 ticks)
Tried aggregator 1 time.
Reduced MIQP has 0 rows, 17 columns, and 0 nonzeros.
Reduced MIQP has 0 binaries, 17 generals, 0 SOSs, and 0 indicators.
Reduced MIQP objective Q matrix has 289 nonzeros.
Presolve time = 0.00 sec. (0.03 ticks)
MIP emphasis: balance optimality and feasibility.
MIP search method: dynamic search.
Parallel mode: deterministic, using up to 32 threads.
Root relaxation solution time = 0.00 sec. (0.21 ticks)

        Nodes                                         Cuts/
   Node  Left     Objective  IInf  Best Integer    Best Bound    ItCnt     Gap

*     0+    0                       7.53650e+08  -2.64541e+09           451.01%
      0     0  2038218.6205    16   7.53650e+08  2038218.6205        9   99.73%
*     0+    0                      5068100.0000  2038218.6205            59.78%
*     0+    0                      4584226.0000  2076359.2638            54.71%
      0     2  2076359.2638    15  4584226.0000  3060796.7191       10   33.23%
Elapsed time = 0.21 sec. (1.45 ticks, tree = 0.01 MB, solutions = 3)

Root node processing (before b&c):
  Real time             =    0.19 sec. (1.41 ticks)
Parallel b&c, 32 threads:
  Real time             =    0.06 sec. (0.56 ticks)
  Sync time (average)   =    0.04 sec.
  Wait time (average)   =    0.00 sec.
                          ------------
Total (root+branch&cut) =    0.26 sec. (1.97 ticks)

Solution pool: 4 solutions saved.

MIP - Integer optimal solution:  Objective =  4.5842260000e+06
Solution time =    0.27 sec.  Iterations = 101  Nodes = 71
Deterministic time = 1.97 ticks  (7.42 ticks/sec)

CPLEX> Incumbent solution written to file 'cplex.sol'.
CPLEX> 

optval(Q): 4584226.000, lowerbound(P): 1994800.721
bestval: 2980044.000
-[24]--------------------------------------------
selection: 24

Welcome to IBM(R) ILOG(R) CPLEX(R) Interactive Optimizer 12.8.0.0
  with Simplex, Mixed Integer & Barrier Optimizers
5725-A06 5725-A29 5724-Y48 5724-Y49 5724-Y54 5724-Y55 5655-Y21
Copyright IBM Corp. 1988, 2017.  All Rights Reserved.

Type 'help' for a list of available commands.
Type 'help' followed by a command name for more
information on commands.

CPLEX> Problem 'cplex.lp' read.
Read time = 0.00 sec. (0.09 ticks)
CPLEX> New value for time limit in seconds: 86243
CPLEX> New value for mixed integer optimality gap tolerance: 1e-10
CPLEX> CPXPARAM_TimeLimit                               86243
CPXPARAM_MIP_Tolerances_MIPGap                   1e-10
Found incumbent of value 5.4130788e+08 after 0.00 sec. (0.01 ticks)
Tried aggregator 1 time.
MIQP Presolve eliminated 0 rows and 24 columns.
Reduced MIQP has 0 rows, 16 columns, and 0 nonzeros.
Reduced MIQP has 0 binaries, 16 generals, 0 SOSs, and 0 indicators.
Reduced MIQP objective Q matrix has 256 nonzeros.
Presolve time = 0.00 sec. (0.11 ticks)
Tried aggregator 1 time.
Reduced MIQP has 0 rows, 16 columns, and 0 nonzeros.
Reduced MIQP has 0 binaries, 16 generals, 0 SOSs, and 0 indicators.
Reduced MIQP objective Q matrix has 256 nonzeros.
Presolve time = 0.00 sec. (0.02 ticks)
MIP emphasis: balance optimality and feasibility.
MIP search method: dynamic search.
Parallel mode: deterministic, using up to 32 threads.
Root relaxation solution time = 0.00 sec. (0.18 ticks)

        Nodes                                         Cuts/
   Node  Left     Objective  IInf  Best Integer    Best Bound    ItCnt     Gap

*     0+    0                       5.41308e+08  -2.28633e+09           522.37%
      0     0  1663921.5849    15   5.41308e+08  1663921.5849        8   99.69%
*     0+    0                      5187132.0000  1663921.5849            67.92%
      0     2  1663921.5849    15  5187132.0000  2539490.7291        8   51.04%
Elapsed time = 0.18 sec. (1.13 ticks, tree = 0.01 MB, solutions = 2)

Root node processing (before b&c):
  Real time             =    0.15 sec. (1.09 ticks)
Parallel b&c, 32 threads:
  Real time             =    0.13 sec. (0.69 ticks)
  Sync time (average)   =    0.10 sec.
  Wait time (average)   =    0.00 sec.
                          ------------
Total (root+branch&cut) =    0.28 sec. (1.78 ticks)

Solution pool: 3 solutions saved.

MIP - Integer optimal solution:  Objective =  5.1871320000e+06
Solution time =    0.28 sec.  Iterations = 106  Nodes = 87
Deterministic time = 1.78 ticks  (6.26 ticks/sec)

CPLEX> Incumbent solution written to file 'cplex.sol'.
CPLEX> 

optval(Q): 5187132.000, lowerbound(P): 2129112.579
bestval: 2980044.000
-[25]--------------------------------------------
selection: 25

Welcome to IBM(R) ILOG(R) CPLEX(R) Interactive Optimizer 12.8.0.0
  with Simplex, Mixed Integer & Barrier Optimizers
5725-A06 5725-A29 5724-Y48 5724-Y49 5724-Y54 5724-Y55 5655-Y21
Copyright IBM Corp. 1988, 2017.  All Rights Reserved.

Type 'help' for a list of available commands.
Type 'help' followed by a command name for more
information on commands.

CPLEX> Problem 'cplex.lp' read.
Read time = 0.00 sec. (0.09 ticks)
CPLEX> New value for time limit in seconds: 86243
CPLEX> New value for mixed integer optimality gap tolerance: 1e-10
CPLEX> CPXPARAM_TimeLimit                               86243
CPXPARAM_MIP_Tolerances_MIPGap                   1e-10
Found incumbent of value 4.7167372e+08 after 0.00 sec. (0.01 ticks)
Tried aggregator 1 time.
MIQP Presolve eliminated 0 rows and 25 columns.
Reduced MIQP has 0 rows, 15 columns, and 0 nonzeros.
Reduced MIQP has 0 binaries, 15 generals, 0 SOSs, and 0 indicators.
Reduced MIQP objective Q matrix has 225 nonzeros.
Presolve time = 0.00 sec. (0.11 ticks)
Tried aggregator 1 time.
Reduced MIQP has 0 rows, 15 columns, and 0 nonzeros.
Reduced MIQP has 0 binaries, 15 generals, 0 SOSs, and 0 indicators.
Reduced MIQP objective Q matrix has 225 nonzeros.
Presolve time = 0.00 sec. (0.02 ticks)
MIP emphasis: balance optimality and feasibility.
MIP search method: dynamic search.
Parallel mode: deterministic, using up to 32 threads.
Root relaxation solution time = 0.00 sec. (0.17 ticks)

        Nodes                                         Cuts/
   Node  Left     Objective  IInf  Best Integer    Best Bound    ItCnt     Gap

*     0+    0                       4.71674e+08  -1.90113e+09           503.06%
      0     0  3416972.0618    14   4.71674e+08  3416972.0618        8   99.28%
*     0+    0                      4457579.0000  3416972.0618            23.34%
      0     0        cutoff        4457579.0000                     21    0.00%
Elapsed time = 0.26 sec. (0.63 ticks, tree = 0.01 MB, solutions = 2)

Root node processing (before b&c):
  Real time             =    0.26 sec. (0.63 ticks)
Parallel b&c, 32 threads:
  Real time             =    0.00 sec. (0.00 ticks)
  Sync time (average)   =    0.00 sec.
  Wait time (average)   =    0.00 sec.
                          ------------
Total (root+branch&cut) =    0.26 sec. (0.63 ticks)

Solution pool: 3 solutions saved.

MIP - Integer optimal solution:  Objective =  4.4575790000e+06
Solution time =    0.27 sec.  Iterations = 21  Nodes = 0
Deterministic time = 0.63 ticks  (2.36 ticks/sec)

CPLEX> Incumbent solution written to file 'cplex.sol'.
CPLEX> 

optval(Q): 4457579.000, lowerbound(P): 2168453.838
bestval: 2980044.000
-[26]--------------------------------------------
selection: 26

Welcome to IBM(R) ILOG(R) CPLEX(R) Interactive Optimizer 12.8.0.0
  with Simplex, Mixed Integer & Barrier Optimizers
5725-A06 5725-A29 5724-Y48 5724-Y49 5724-Y54 5724-Y55 5655-Y21
Copyright IBM Corp. 1988, 2017.  All Rights Reserved.

Type 'help' for a list of available commands.
Type 'help' followed by a command name for more
information on commands.

CPLEX> Problem 'cplex.lp' read.
Read time = 0.00 sec. (0.09 ticks)
CPLEX> New value for time limit in seconds: 86242
CPLEX> New value for mixed integer optimality gap tolerance: 1e-10
CPLEX> CPXPARAM_TimeLimit                               86242
CPXPARAM_MIP_Tolerances_MIPGap                   1e-10
Found incumbent of value 5.3894215e+08 after 0.00 sec. (0.01 ticks)
Found incumbent of value 4.8789629e+08 after 0.00 sec. (0.02 ticks)
Tried aggregator 1 time.
MIQP Presolve eliminated 0 rows and 26 columns.
Reduced MIQP has 0 rows, 14 columns, and 0 nonzeros.
Reduced MIQP has 0 binaries, 14 generals, 0 SOSs, and 0 indicators.
Reduced MIQP objective Q matrix has 196 nonzeros.
Presolve time = 0.00 sec. (0.11 ticks)
Tried aggregator 1 time.
Reduced MIQP has 0 rows, 14 columns, and 0 nonzeros.
Reduced MIQP has 0 binaries, 14 generals, 0 SOSs, and 0 indicators.
Reduced MIQP objective Q matrix has 196 nonzeros.
Presolve time = 0.00 sec. (0.02 ticks)
MIP emphasis: balance optimality and feasibility.
MIP search method: dynamic search.
Parallel mode: deterministic, using up to 32 threads.
Root relaxation solution time = 0.01 sec. (0.15 ticks)

        Nodes                                         Cuts/
   Node  Left     Objective  IInf  Best Integer    Best Bound    ItCnt     Gap

*     0+    0                       4.87896e+08  -1.75039e+09           458.76%
      0     0  3139667.3288    13   4.87896e+08  3139667.3288        8   99.36%
*     0+    0                      4850055.0000  3139667.3288            35.27%
      0     0        cutoff        4850055.0000  4850055.0000       19    0.00%
Elapsed time = 0.09 sec. (0.72 ticks, tree = 0.01 MB, solutions = 2)

Root node processing (before b&c):
  Real time             =    0.09 sec. (0.72 ticks)
Parallel b&c, 32 threads:
  Real time             =    0.00 sec. (0.00 ticks)
  Sync time (average)   =    0.00 sec.
  Wait time (average)   =    0.00 sec.
                          ------------
Total (root+branch&cut) =    0.09 sec. (0.72 ticks)

Solution pool: 3 solutions saved.

MIP - Integer optimal solution:  Objective =  4.8500550000e+06
Solution time =    0.09 sec.  Iterations = 19  Nodes = 0
Deterministic time = 0.72 ticks  (7.65 ticks/sec)

CPLEX> Incumbent solution written to file 'cplex.sol'.
CPLEX> 

optval(Q): 4850055.000, lowerbound(P): 2252657.082
bestval: 2980044.000
-[27]--------------------------------------------
selection: 27

Welcome to IBM(R) ILOG(R) CPLEX(R) Interactive Optimizer 12.8.0.0
  with Simplex, Mixed Integer & Barrier Optimizers
5725-A06 5725-A29 5724-Y48 5724-Y49 5724-Y54 5724-Y55 5655-Y21
Copyright IBM Corp. 1988, 2017.  All Rights Reserved.

Type 'help' for a list of available commands.
Type 'help' followed by a command name for more
information on commands.

CPLEX> Problem 'cplex.lp' read.
Read time = 0.00 sec. (0.09 ticks)
CPLEX> New value for time limit in seconds: 86242
CPLEX> New value for mixed integer optimality gap tolerance: 1e-10
CPLEX> CPXPARAM_TimeLimit                               86242
CPXPARAM_MIP_Tolerances_MIPGap                   1e-10
Found incumbent of value 5.0442128e+08 after 0.00 sec. (0.01 ticks)
Tried aggregator 1 time.
MIQP Presolve eliminated 0 rows and 27 columns.
Reduced MIQP has 0 rows, 13 columns, and 0 nonzeros.
Reduced MIQP has 0 binaries, 13 generals, 0 SOSs, and 0 indicators.
Reduced MIQP objective Q matrix has 169 nonzeros.
Presolve time = 0.00 sec. (0.11 ticks)
Tried aggregator 1 time.
Reduced MIQP has 0 rows, 13 columns, and 0 nonzeros.
Reduced MIQP has 0 binaries, 13 generals, 0 SOSs, and 0 indicators.
Reduced MIQP objective Q matrix has 169 nonzeros.
Presolve time = 0.00 sec. (0.02 ticks)
MIP emphasis: balance optimality and feasibility.
MIP search method: dynamic search.
Parallel mode: deterministic, using up to 32 threads.
Root relaxation solution time = 0.01 sec. (0.13 ticks)

        Nodes                                         Cuts/
   Node  Left     Objective  IInf  Best Integer    Best Bound    ItCnt     Gap

*     0+    0                       5.04421e+08  -1.54937e+09           407.16%
      0     0  2348087.1146    12   5.04421e+08  2348087.1146        8   99.53%
*     0+    0                      3501033.0000  2348087.1146            32.93%
      0     0        cutoff        3501033.0000  3501033.0000       18    0.00%
Elapsed time = 0.21 sec. (0.62 ticks, tree = 0.01 MB, solutions = 2)

Root node processing (before b&c):
  Real time             =    0.21 sec. (0.62 ticks)
Parallel b&c, 32 threads:
  Real time             =    0.00 sec. (0.00 ticks)
  Sync time (average)   =    0.00 sec.
  Wait time (average)   =    0.00 sec.
                          ------------
Total (root+branch&cut) =    0.21 sec. (0.62 ticks)

Solution pool: 3 solutions saved.

MIP - Integer optimal solution:  Objective =  3.5010330000e+06
Solution time =    0.22 sec.  Iterations = 18  Nodes = 0
Deterministic time = 0.62 ticks  (2.82 ticks/sec)

CPLEX> Incumbent solution written to file 'cplex.sol'.
CPLEX> 

optval(Q): 3501033.000, lowerbound(P): 2280971.277
bestval: 2980044.000
-[28]--------------------------------------------
selection: 28

Welcome to IBM(R) ILOG(R) CPLEX(R) Interactive Optimizer 12.8.0.0
  with Simplex, Mixed Integer & Barrier Optimizers
5725-A06 5725-A29 5724-Y48 5724-Y49 5724-Y54 5724-Y55 5655-Y21
Copyright IBM Corp. 1988, 2017.  All Rights Reserved.

Type 'help' for a list of available commands.
Type 'help' followed by a command name for more
information on commands.

CPLEX> Problem 'cplex.lp' read.
Read time = 0.00 sec. (0.09 ticks)
CPLEX> New value for time limit in seconds: 86242
CPLEX> New value for mixed integer optimality gap tolerance: 1e-10
CPLEX> CPXPARAM_TimeLimit                               86242
CPXPARAM_MIP_Tolerances_MIPGap                   1e-10
Found incumbent of value 4.1414347e+08 after 0.00 sec. (0.01 ticks)
Tried aggregator 1 time.
MIQP Presolve eliminated 0 rows and 28 columns.
Reduced MIQP has 0 rows, 12 columns, and 0 nonzeros.
Reduced MIQP has 0 binaries, 12 generals, 0 SOSs, and 0 indicators.
Reduced MIQP objective Q matrix has 144 nonzeros.
Presolve time = 0.00 sec. (0.11 ticks)
Tried aggregator 1 time.
Reduced MIQP has 0 rows, 12 columns, and 0 nonzeros.
Reduced MIQP has 0 binaries, 12 generals, 0 SOSs, and 0 indicators.
Reduced MIQP objective Q matrix has 144 nonzeros.
Presolve time = 0.00 sec. (0.01 ticks)
MIP emphasis: balance optimality and feasibility.
MIP search method: dynamic search.
Parallel mode: deterministic, using up to 32 threads.
Root relaxation solution time = 0.00 sec. (0.12 ticks)

        Nodes                                         Cuts/
   Node  Left     Objective  IInf  Best Integer    Best Bound    ItCnt     Gap

*     0+    0                       4.14143e+08  -1.41285e+09           441.15%
      0     0  2566394.5418    11   4.14143e+08  2566394.5418        8   99.38%
*     0+    0                      4593059.0000  2566394.5418            44.12%
*     0+    0                      4026491.0000  2907844.6842            27.78%

Repeating presolve.
Tried aggregator 1 time.
MIQP Presolve eliminated 0 rows and 7 columns.
Reduced MIQP has 0 rows, 5 columns, and 0 nonzeros.
Reduced MIQP has 1 binaries, 4 generals, 0 SOSs, and 0 indicators.
Reduced MIQP objective Q matrix has 25 nonzeros.
Presolve time = 0.00 sec. (0.01 ticks)
Probing time = 0.00 sec. (0.00 ticks)
Tried aggregator 1 time.
MIQP Presolve added 8 rows and 4 columns.
Reduced MIQP has 8 rows, 9 columns, and 16 nonzeros.
Reduced MIQP has 1 binaries, 4 generals, 0 SOSs, and 0 indicators.
Reduced MIQP objective Q matrix has 16 nonzeros.
Presolve time = 0.00 sec. (0.00 ticks)
Represolve time = 0.00 sec. (0.04 ticks)
Probing time = 0.00 sec. (0.00 ticks)
MIP emphasis: balance optimality and feasibility.
MIP search method: dynamic search.
Parallel mode: deterministic, using up to 32 threads.
Root relaxation solution time = 0.01 sec. (0.11 ticks)

        Nodes                                         Cuts/
   Node  Left     Objective  IInf  Best Integer    Best Bound    ItCnt     Gap

*     0+    0                      4026491.0000  4026392.5203             0.00%
      0     0  4015896.3584     4  4026491.0000  4026392.5203       29    0.00%
      0     2  4015896.3584     4  4026491.0000  4026392.5203       29    0.00%
Elapsed time = 0.34 sec. (1.06 ticks, tree = 0.01 MB, solutions = 3)

Root node processing (before b&c):
  Real time             =    0.31 sec. (1.05 ticks)
Parallel b&c, 32 threads:
  Real time             =    0.08 sec. (0.05 ticks)
  Sync time (average)   =    0.05 sec.
  Wait time (average)   =    0.00 sec.
                          ------------
Total (root+branch&cut) =    0.39 sec. (1.10 ticks)

Solution pool: 4 solutions saved.

MIP - Integer optimal solution:  Objective =  4.0264910000e+06
Solution time =    0.39 sec.  Iterations = 34  Nodes = 7
Deterministic time = 1.10 ticks  (2.80 ticks/sec)

CPLEX> Incumbent solution written to file 'cplex.sol'.
CPLEX> 

optval(Q): 4026491.000, lowerbound(P): 2327684.991
bestval: 2980044.000
-[29]--------------------------------------------
selection: 29

Welcome to IBM(R) ILOG(R) CPLEX(R) Interactive Optimizer 12.8.0.0
  with Simplex, Mixed Integer & Barrier Optimizers
5725-A06 5725-A29 5724-Y48 5724-Y49 5724-Y54 5724-Y55 5655-Y21
Copyright IBM Corp. 1988, 2017.  All Rights Reserved.

Type 'help' for a list of available commands.
Type 'help' followed by a command name for more
information on commands.

CPLEX> Problem 'cplex.lp' read.
Read time = 0.00 sec. (0.09 ticks)
CPLEX> New value for time limit in seconds: 86242
CPLEX> New value for mixed integer optimality gap tolerance: 1e-10
CPLEX> CPXPARAM_TimeLimit                               86242
CPXPARAM_MIP_Tolerances_MIPGap                   1e-10
Found incumbent of value 4.0034684e+08 after 0.00 sec. (0.01 ticks)
Tried aggregator 1 time.
MIQP Presolve eliminated 0 rows and 29 columns.
Reduced MIQP has 0 rows, 11 columns, and 0 nonzeros.
Reduced MIQP has 0 binaries, 11 generals, 0 SOSs, and 0 indicators.
Reduced MIQP objective Q matrix has 121 nonzeros.
Presolve time = 0.00 sec. (0.11 ticks)
Tried aggregator 1 time.
Reduced MIQP has 0 rows, 11 columns, and 0 nonzeros.
Reduced MIQP has 0 binaries, 11 generals, 0 SOSs, and 0 indicators.
Reduced MIQP objective Q matrix has 121 nonzeros.
Presolve time = 0.00 sec. (0.01 ticks)
MIP emphasis: balance optimality and feasibility.
MIP search method: dynamic search.
Parallel mode: deterministic, using up to 32 threads.
Root relaxation solution time = 0.01 sec. (0.11 ticks)

        Nodes                                         Cuts/
   Node  Left     Objective  IInf  Best Integer    Best Bound    ItCnt     Gap

*     0+    0                       4.00347e+08  -1.22344e+09           405.59%
      0     0  4296664.6372    10   4.00347e+08  4296664.6372        9   98.93%
*     0+    0                      5379363.0000  4296664.6372            20.13%
      0     0        cutoff        5379363.0000                     18    0.00%
Elapsed time = 0.03 sec. (0.39 ticks, tree = 0.01 MB, solutions = 2)

Root node processing (before b&c):
  Real time             =    0.03 sec. (0.39 ticks)
Parallel b&c, 32 threads:
  Real time             =    0.00 sec. (0.00 ticks)
  Sync time (average)   =    0.00 sec.
  Wait time (average)   =    0.00 sec.
                          ------------
Total (root+branch&cut) =    0.03 sec. (0.39 ticks)

Solution pool: 3 solutions saved.

MIP - Integer optimal solution:  Objective =  5.3793630000e+06
Solution time =    0.03 sec.  Iterations = 18  Nodes = 0
Deterministic time = 0.39 ticks  (11.30 ticks/sec)

CPLEX> Incumbent solution written to file 'cplex.sol'.
CPLEX> 

optval(Q): 5379363.000, lowerbound(P): 2938543.871
bestval: 2980044.000
-[30]--------------------------------------------
selection: 30

Welcome to IBM(R) ILOG(R) CPLEX(R) Interactive Optimizer 12.8.0.0
  with Simplex, Mixed Integer & Barrier Optimizers
5725-A06 5725-A29 5724-Y48 5724-Y49 5724-Y54 5724-Y55 5655-Y21
Copyright IBM Corp. 1988, 2017.  All Rights Reserved.

Type 'help' for a list of available commands.
Type 'help' followed by a command name for more
information on commands.

CPLEX> Problem 'cplex.lp' read.
Read time = 0.00 sec. (0.09 ticks)
CPLEX> New value for time limit in seconds: 86242
CPLEX> New value for mixed integer optimality gap tolerance: 1e-10
CPLEX> CPXPARAM_TimeLimit                               86242
CPXPARAM_MIP_Tolerances_MIPGap                   1e-10
Found incumbent of value 3.4486817e+08 after 0.00 sec. (0.01 ticks)
Tried aggregator 1 time.
MIQP Presolve eliminated 0 rows and 30 columns.
Reduced MIQP has 0 rows, 10 columns, and 0 nonzeros.
Reduced MIQP has 0 binaries, 10 generals, 0 SOSs, and 0 indicators.
Reduced MIQP objective Q matrix has 100 nonzeros.
Presolve time = 0.00 sec. (0.10 ticks)
Tried aggregator 1 time.
Reduced MIQP has 0 rows, 10 columns, and 0 nonzeros.
Reduced MIQP has 0 binaries, 10 generals, 0 SOSs, and 0 indicators.
Reduced MIQP objective Q matrix has 100 nonzeros.
Presolve time = 0.00 sec. (0.01 ticks)
MIP emphasis: balance optimality and feasibility.
MIP search method: dynamic search.
Parallel mode: deterministic, using up to 32 threads.
Root relaxation solution time = 0.00 sec. (0.10 ticks)

        Nodes                                         Cuts/
   Node  Left     Objective  IInf  Best Integer    Best Bound    ItCnt     Gap

*     0+    0                       3.44868e+08  -1.00705e+09           392.01%
      0     0  2756886.6160     9   3.44868e+08  2756886.6160        8   99.20%
*     0+    0                      4319948.0000  2756886.6160            36.18%
      0     0        cutoff        4319948.0000                     16    0.00%
Elapsed time = 0.03 sec. (0.38 ticks, tree = 0.01 MB, solutions = 2)

Root node processing (before b&c):
  Real time             =    0.03 sec. (0.38 ticks)
Parallel b&c, 32 threads:
  Real time             =    0.00 sec. (0.00 ticks)
  Sync time (average)   =    0.00 sec.
  Wait time (average)   =    0.00 sec.
                          ------------
Total (root+branch&cut) =    0.03 sec. (0.38 ticks)

Solution pool: 3 solutions saved.

MIP - Integer optimal solution:  Objective =  4.3199480000e+06
Solution time =    0.03 sec.  Iterations = 16  Nodes = 0
Deterministic time = 0.38 ticks  (12.41 ticks/sec)

CPLEX> Incumbent solution written to file 'cplex.sol'.
CPLEX> 

optval(Q): 4319948.000, lowerbound(P): 2996552.530
CUT-OFF!!

time: 158s
best value: 2980044.000
norm: 1726.280
AF: 1.043
Nodes: 0
best solution:
 0: 1.000
