Bounds: 
x_0: [ -8.000, 8.000]
x_1: [ -7.000, 7.000]
x_2: [ -15.000, 15.000]
x_3: [ -7.000, 7.000]
x_4: [ -14.000, 14.000]
x_5: [ -9.000, 9.000]
x_6: [ -8.000, 8.000]
x_7: [ -12.000, 12.000]
x_8: [ -11.000, 11.000]
x_9: [ -9.000, 9.000]
x_10: [ -10.000, 10.000]
x_11: [ -9.000, 9.000]
x_12: [ -8.000, 8.000]
x_13: [ -7.000, 7.000]
x_14: [ -8.000, 8.000]
x_15: [ -5.000, 5.000]
x_16: [ -4.000, 4.000]
x_17: [ -9.000, 9.000]
x_18: [ -10.000, 10.000]
x_19: [ -6.000, 6.000]
x_20: [ -8.000, 8.000]
x_21: [ -8.000, 8.000]
x_22: [ -5.000, 5.000]
x_23: [ -5.000, 5.000]
x_24: [ -5.000, 5.000]
x_25: [ -8.000, 8.000]
x_26: [ -6.000, 6.000]
x_27: [ -4.000, 4.000]
x_28: [ -6.000, 6.000]
x_29: [ -4.000, 4.000]
x_30: [ -6.000, 6.000]
x_31: [ -4.000, 4.000]
x_32: [ -3.000, 3.000]
x_33: [ -6.000, 6.000]
x_34: [ -3.000, 3.000]
x_35: [ -3.000, 3.000]
x_36: [ -4.000, 4.000]
x_37: [ -6.000, 6.000]
x_38: [ -4.000, 4.000]
x_39: [ -4.000, 4.000]
x_40: [ -3.000, 3.000]
x_41: [ -4.000, 4.000]
x_42: [ -3.000, 3.000]
x_43: [ -3.000, 3.000]
x_44: [ -3.000, 3.000]
x_45: [ -3.000, 3.000]
-[0]--------------------------------------------
selection: 0

Welcome to IBM(R) ILOG(R) CPLEX(R) Interactive Optimizer 12.8.0.0
  with Simplex, Mixed Integer & Barrier Optimizers
5725-A06 5725-A29 5724-Y48 5724-Y49 5724-Y54 5724-Y55 5655-Y21
Copyright IBM Corp. 1988, 2017.  All Rights Reserved.

Type 'help' for a list of available commands.
Type 'help' followed by a command name for more
information on commands.

CPLEX> Problem 'cplex.lp' read.
Read time = 0.00 sec. (0.11 ticks)
CPLEX> New value for time limit in seconds: 86400
CPLEX> New value for mixed integer optimality gap tolerance: 1e-10
CPLEX> CPXPARAM_TimeLimit                               86400
CPXPARAM_MIP_Tolerances_MIPGap                   1e-10
Found incumbent of value 7.5522310e+09 after 0.00 sec. (0.02 ticks)
Found incumbent of value 7.3579668e+09 after 0.00 sec. (0.03 ticks)
Tried aggregator 1 time.
Reduced MIQP has 0 rows, 46 columns, and 0 nonzeros.
Reduced MIQP has 0 binaries, 46 generals, 0 SOSs, and 0 indicators.
Reduced MIQP objective Q matrix has 2116 nonzeros.
Presolve time = 0.00 sec. (0.19 ticks)
Tried aggregator 1 time.
Reduced MIQP has 0 rows, 46 columns, and 0 nonzeros.
Reduced MIQP has 0 binaries, 46 generals, 0 SOSs, and 0 indicators.
Reduced MIQP objective Q matrix has 2116 nonzeros.
Presolve time = 0.00 sec. (0.18 ticks)
MIP emphasis: balance optimality and feasibility.
MIP search method: dynamic search.
Parallel mode: deterministic, using up to 32 threads.
Root relaxation solution time = 0.01 sec. (1.03 ticks)

        Nodes                                         Cuts/
   Node  Left     Objective  IInf  Best Integer    Best Bound    ItCnt     Gap

*     0+    0                       7.35797e+09  -7.65334e+10              --- 
      0     0    43170.4878    45   7.35797e+09    43170.4878        7  100.00%
*     0+    0                      6625317.0000    43170.4878            99.35%
*     0+    0                      2857710.0000    43170.4878            98.49%
      0     2    43170.4878    45  2857710.0000    43170.4878        7   98.49%
Elapsed time = 0.27 sec. (10.26 ticks, tree = 0.01 MB, solutions = 3)
  33759 14920  2851088.6336    25  2857710.0000   878593.9004    65354   69.26%
  94072 50201  2035361.4393    29  2857710.0000  1136495.0572   175645   60.23%
 161514 91123  1528868.1924    34  2857710.0000  1276407.5262   312937   55.33%
 230608 137069  2207229.9980    27  2857710.0000  1371571.3490   472128   52.00%
 301191 161742  2094583.0110    28  2857710.0000  1454612.4294   560748   49.10%
 373229 220882  2572835.4958    27  2857710.0000  1533462.9171   774412   46.34%
 446302 252150  2769398.8092    26  2857710.0000  1595996.4124   891648   44.15%
 520493 293297  2386765.5651    26  2857710.0000  1652325.6253  1044844   42.18%
 596061 337623  2550046.7209    32  2857710.0000  1699478.3261  1212775   40.53%
 906490 495259  2832901.8710    22  2857710.0000  1836052.4840  1856230   35.75%
Elapsed time = 8.60 sec. (3109.74 ticks, tree = 119.84 MB, solutions = 3)
 1226984 635150  2181514.3159    28  2857710.0000  1927483.0322  2420412   32.55%
 1554961 783293  2390551.4917    31  2857710.0000  1994700.5561  3048378   30.20%
 1881996 920406  2611349.6443    17  2857710.0000  2048077.0843  3715011   28.33%
 2209204 1024939  2639934.3049    28  2857710.0000  2097557.6067  4249643   26.60%
 2536295 1150697  2653732.1642    30  2857710.0000  2140154.4816  4945462   25.11%
 2860507 1242165  2683872.4016    27  2857710.0000  2180586.2731  5504273   23.69%
 3182957 1341579        cutoff        2857710.0000  2218115.1988  6185496   22.38%
 3501989 1436874  2800051.9989    29  2857710.0000  2252442.3216  6899227   21.18%
 3818721 1496947  2666235.2011    29  2857710.0000  2282971.4903  7389599   20.11%
 4132865 1571189  2781033.4811    24  2857710.0000  2312219.4070  8156822   19.09%
Elapsed time = 37.72 sec. (12646.50 ticks, tree = 378.08 MB, solutions = 3)
 4443309 1612344  2647671.3188    24  2857710.0000  2339550.2763  8642551   18.13%
 4749342 1659075  2776646.7431    23  2857710.0000  2366002.2281  9375353   17.21%
 5052277 1683724  2778080.8724    26  2857710.0000  2391661.6479  9909589   16.31%
 5350286 1705081  2598347.8237    25  2857710.0000  2416092.8085 10539972   15.45%
 5646706 1708359  2649930.1799    29  2857710.0000  2439334.8937 11138168   14.64%
 5936261 1701257  2687670.2075    19  2857710.0000  2462537.3832 11808022   13.83%
 6218949 1687486  2844972.9555    30  2857710.0000  2485427.5513 12367674   13.03%
 6499511 1652585  2594453.4397    31  2857710.0000  2508237.4252 13023750   12.23%
 6774342 1608937  2701593.3407    26  2857710.0000  2530553.7873 13589026   11.45%
 7042239 1558737  2695220.7921    25  2857710.0000  2552513.5023 14101389   10.68%
Elapsed time = 75.92 sec. (22183.29 ticks, tree = 391.77 MB, solutions = 3)
 7303729 1489414        cutoff        2857710.0000  2574622.6347 14676830    9.91%
 7558936 1398123  2628976.0647    31  2857710.0000  2597292.4763 15279086    9.11%
 7807521 1308830  2843490.3401    29  2857710.0000  2620033.1736 15782962    8.32%
 8050175 1191731        cutoff        2857710.0000  2642494.1097 16355177    7.53%
 8283712 1057331  2755232.0682    31  2857710.0000  2666737.3611 16907568    6.68%
 8508117 919207  2812326.7196    28  2857710.0000  2694287.9834 17397853    5.72%
 8724957 769763        cutoff        2857710.0000  2722904.5925 17863434    4.72%
 8936894 604527        cutoff        2857710.0000  2751474.8965 18328036    3.72%
 9144817 425340        cutoff        2857710.0000  2782061.5522 18779051    2.65%
 9348821 241296        cutoff        2857710.0000  2814789.5476 19190202    1.50%
Elapsed time = 171.21 sec. (31720.08 ticks, tree = 149.02 MB, solutions = 3)
 9550693 43360        cutoff        2857710.0000  2849876.4808 19572948    0.27%

Root node processing (before b&c):
  Real time             =    0.24 sec. (11.55 ticks)
Parallel b&c, 32 threads:
  Real time             =  230.93 sec. (32859.42 ticks)
  Sync time (average)   =  182.38 sec.
  Wait time (average)   =    1.10 sec.
                          ------------
Total (root+branch&cut) =  231.17 sec. (32870.97 ticks)

Solution pool: 4 solutions saved.

MIP - Integer optimal solution:  Objective =  2.8577100000e+06
Solution time =  231.18 sec.  Iterations = 19646690  Nodes = 9592371
Deterministic time = 32870.97 ticks  (142.19 ticks/sec)

CPLEX> Incumbent solution written to file 'cplex.sol'.
CPLEX> 

Found new solution!!
optval(Q): 2857710.000, lowerbound(P): 284946.614
bestval: 2857710.000
-[1]--------------------------------------------
selection: 1

Welcome to IBM(R) ILOG(R) CPLEX(R) Interactive Optimizer 12.8.0.0
  with Simplex, Mixed Integer & Barrier Optimizers
5725-A06 5725-A29 5724-Y48 5724-Y49 5724-Y54 5724-Y55 5655-Y21
Copyright IBM Corp. 1988, 2017.  All Rights Reserved.

Type 'help' for a list of available commands.
Type 'help' followed by a command name for more
information on commands.

CPLEX> Problem 'cplex.lp' read.
Read time = 0.00 sec. (0.11 ticks)
CPLEX> New value for time limit in seconds: 86169
CPLEX> New value for mixed integer optimality gap tolerance: 1e-10
CPLEX> CPXPARAM_TimeLimit                               86169
CPXPARAM_MIP_Tolerances_MIPGap                   1e-10
Found incumbent of value 6.6973551e+09 after 0.00 sec. (0.02 ticks)
Tried aggregator 1 time.
MIQP Presolve eliminated 0 rows and 1 columns.
Reduced MIQP has 0 rows, 45 columns, and 0 nonzeros.
Reduced MIQP has 0 binaries, 45 generals, 0 SOSs, and 0 indicators.
Reduced MIQP objective Q matrix has 2025 nonzeros.
Presolve time = 0.00 sec. (0.19 ticks)
Tried aggregator 1 time.
Reduced MIQP has 0 rows, 45 columns, and 0 nonzeros.
Reduced MIQP has 0 binaries, 45 generals, 0 SOSs, and 0 indicators.
Reduced MIQP objective Q matrix has 2025 nonzeros.
Presolve time = 0.00 sec. (0.17 ticks)
MIP emphasis: balance optimality and feasibility.
MIP search method: dynamic search.
Parallel mode: deterministic, using up to 32 threads.
Root relaxation solution time = 0.01 sec. (1.02 ticks)

        Nodes                                         Cuts/
   Node  Left     Objective  IInf  Best Integer    Best Bound    ItCnt     Gap

*     0+    0                       6.69736e+09  -7.31666e+10              --- 
      0     0    56532.8360    44   6.69736e+09    56532.8360        8  100.00%
*     0+    0                       1.53782e+07    56532.8360            99.63%
*     0+    0                      4096167.0000    56532.8360            98.62%
      0     2    56532.8360    44  4096167.0000   106747.5975        8   97.39%
Elapsed time = 0.38 sec. (10.24 ticks, tree = 0.01 MB, solutions = 3)
*  1824+  958                      2860213.0000   149165.7881            94.78%
  44097 18458  2781062.7460    25  2860213.0000  1109365.5373    73170   61.21%
 105911 59351  2334031.4340    27  2860213.0000  1364606.3180   214177   52.29%
 175622 90031  2686541.1136    30  2860213.0000  1570773.7301   335389   45.08%
 246814 126165  2279960.7666    26  2860213.0000  1709830.9861   494761   40.22%
 318617 157828  2626265.6157    34  2860213.0000  1825740.4644   649424   36.17%
 390850 186823  2459819.0832    25  2860213.0000  1914279.5477   807222   33.07%
 462909 212948  2225476.3528    27  2860213.0000  1988143.3272   971427   30.49%
 535151 234015  2499718.7477    34  2860213.0000  2053821.7850  1125443   28.19%
 606683 247417  2828982.4708    29  2860213.0000  2110559.9851  1237948   26.21%
 888384 282659  2803916.2244    31  2860213.0000  2308591.1789  1834605   19.29%
Elapsed time = 9.86 sec. (3109.71 ticks, tree = 67.85 MB, solutions = 4)
 1155865 252818  2718419.6646    31  2860213.0000  2480379.6136  2443772   13.28%
 1398310 158424  2846734.1409    27  2860213.0000  2650960.5404  2963409    7.32%

Root node processing (before b&c):
  Real time             =    0.38 sec. (10.19 ticks)
Parallel b&c, 32 threads:
  Real time             =   36.67 sec. (5923.33 ticks)
  Sync time (average)   =   28.26 sec.
  Wait time (average)   =    0.12 sec.
                          ------------
Total (root+branch&cut) =   37.05 sec. (5933.53 ticks)

Solution pool: 5 solutions saved.

MIP - Integer optimal solution:  Objective =  2.8602130000e+06
Solution time =   37.06 sec.  Iterations = 3364596  Nodes = 1599407
Deterministic time = 5933.53 ticks  (160.10 ticks/sec)

CPLEX> Incumbent solution written to file 'cplex.sol'.
CPLEX> 

optval(Q): 2860213.000, lowerbound(P): 291528.412
bestval: 2857710.000
-[2]--------------------------------------------
selection: 2

Welcome to IBM(R) ILOG(R) CPLEX(R) Interactive Optimizer 12.8.0.0
  with Simplex, Mixed Integer & Barrier Optimizers
5725-A06 5725-A29 5724-Y48 5724-Y49 5724-Y54 5724-Y55 5655-Y21
Copyright IBM Corp. 1988, 2017.  All Rights Reserved.

Type 'help' for a list of available commands.
Type 'help' followed by a command name for more
information on commands.

CPLEX> Problem 'cplex.lp' read.
Read time = 0.00 sec. (0.11 ticks)
CPLEX> New value for time limit in seconds: 86132
CPLEX> New value for mixed integer optimality gap tolerance: 1e-10
CPLEX> CPXPARAM_TimeLimit                               86132
CPXPARAM_MIP_Tolerances_MIPGap                   1e-10
Found incumbent of value 6.2235251e+09 after 0.00 sec. (0.02 ticks)
Tried aggregator 1 time.
MIQP Presolve eliminated 0 rows and 2 columns.
Reduced MIQP has 0 rows, 44 columns, and 0 nonzeros.
Reduced MIQP has 0 binaries, 44 generals, 0 SOSs, and 0 indicators.
Reduced MIQP objective Q matrix has 1936 nonzeros.
Presolve time = 0.00 sec. (0.19 ticks)
Tried aggregator 1 time.
Reduced MIQP has 0 rows, 44 columns, and 0 nonzeros.
Reduced MIQP has 0 binaries, 44 generals, 0 SOSs, and 0 indicators.
Reduced MIQP objective Q matrix has 1936 nonzeros.
Presolve time = 0.00 sec. (0.16 ticks)
MIP emphasis: balance optimality and feasibility.
MIP search method: dynamic search.
Parallel mode: deterministic, using up to 32 threads.
Root relaxation solution time = 0.01 sec. (0.94 ticks)

        Nodes                                         Cuts/
   Node  Left     Objective  IInf  Best Integer    Best Bound    ItCnt     Gap

*     0+    0                       6.22353e+09  -6.97735e+10              --- 
      0     0    13594.6579    43   6.22353e+09    13594.6579        7  100.00%
*     0+    0                      7167772.0000    13594.6579            99.81%
*     0+    0                      3097025.0000    13594.6579            99.56%
      0     2    13594.6579    43  3097025.0000    52977.4480        7   98.29%
Elapsed time = 0.29 sec. (9.23 ticks, tree = 0.01 MB, solutions = 3)
  41571 15389  1751044.1228    32  3097025.0000  1154453.2830    69329   62.72%
 108284 53962  1775830.9585    32  3097025.0000  1476388.9460   201596   52.33%
 182490 98590  2023361.4413    34  3097025.0000  1715693.2883   378185   44.60%
 258805 127984  2057209.5902    31  3097025.0000  1876466.7916   506780   39.41%
 335596 166985  2766457.2801    31  3097025.0000  1996564.6109   695756   35.53%
 411990 194387  2705251.9060    28  3097025.0000  2091706.0641   846401   32.46%
 488280 216055  2592813.8522    22  3097025.0000  2168227.2011   979901   29.99%
 565935 242722  3079731.0701    27  3097025.0000  2241814.4561  1167998   27.61%
 643713 260890  3051824.6330    20  3097025.0000  2303742.5476  1326444   25.61%
 949007 298356  2716476.5697    30  3097025.0000  2515034.6025  1939161   18.79%
Elapsed time = 10.28 sec. (3108.70 ticks, tree = 70.94 MB, solutions = 3)
 1238003 269084  2940856.3044    30  3097025.0000  2697223.9596  2595517   12.91%
 1498198 166210  2977163.2562    28  3097025.0000  2879610.5625  3161450    7.02%

Root node processing (before b&c):
  Real time             =    0.26 sec. (9.22 ticks)
Parallel b&c, 32 threads:
  Real time             =   38.81 sec. (5913.67 ticks)
  Sync time (average)   =   29.96 sec.
  Wait time (average)   =    0.14 sec.
                          ------------
Total (root+branch&cut) =   39.08 sec. (5922.89 ticks)

Solution pool: 4 solutions saved.

MIP - Integer optimal solution:  Objective =  3.0970250000e+06
Solution time =   39.09 sec.  Iterations = 3580822  Nodes = 1711096
Deterministic time = 5922.89 ticks  (151.52 ticks/sec)

CPLEX> Incumbent solution written to file 'cplex.sol'.
CPLEX> 

optval(Q): 3097025.000, lowerbound(P): 327101.951
bestval: 2857710.000
-[3]--------------------------------------------
selection: 3

Welcome to IBM(R) ILOG(R) CPLEX(R) Interactive Optimizer 12.8.0.0
  with Simplex, Mixed Integer & Barrier Optimizers
5725-A06 5725-A29 5724-Y48 5724-Y49 5724-Y54 5724-Y55 5655-Y21
Copyright IBM Corp. 1988, 2017.  All Rights Reserved.

Type 'help' for a list of available commands.
Type 'help' followed by a command name for more
information on commands.

CPLEX> Problem 'cplex.lp' read.
Read time = 0.00 sec. (0.11 ticks)
CPLEX> New value for time limit in seconds: 86093
CPLEX> New value for mixed integer optimality gap tolerance: 1e-10
CPLEX> CPXPARAM_TimeLimit                               86093
CPXPARAM_MIP_Tolerances_MIPGap                   1e-10
Found incumbent of value 6.7098198e+09 after 0.00 sec. (0.02 ticks)
Found incumbent of value 6.2117643e+09 after 0.00 sec. (0.03 ticks)
Tried aggregator 1 time.
MIQP Presolve eliminated 0 rows and 3 columns.
Reduced MIQP has 0 rows, 43 columns, and 0 nonzeros.
Reduced MIQP has 0 binaries, 43 generals, 0 SOSs, and 0 indicators.
Reduced MIQP objective Q matrix has 1849 nonzeros.
Presolve time = 0.00 sec. (0.19 ticks)
Tried aggregator 1 time.
Reduced MIQP has 0 rows, 43 columns, and 0 nonzeros.
Reduced MIQP has 0 binaries, 43 generals, 0 SOSs, and 0 indicators.
Reduced MIQP objective Q matrix has 1849 nonzeros.
Presolve time = 0.00 sec. (0.16 ticks)
MIP emphasis: balance optimality and feasibility.
MIP search method: dynamic search.
Parallel mode: deterministic, using up to 32 threads.
Root relaxation solution time = 0.01 sec. (0.90 ticks)

        Nodes                                         Cuts/
   Node  Left     Objective  IInf  Best Integer    Best Bound    ItCnt     Gap

*     0+    0                       6.21176e+09  -6.30814e+10              --- 
      0     0    69852.1462    42   6.21176e+09    69852.1462        7  100.00%
*     0+    0                      7596912.0000    69852.1462            99.08%
*     0+    0                      6406580.0000    69852.1462            98.91%
*     0+    0                      3836229.0000    69852.1462            98.18%
      0     2    69852.1462    42  3836229.0000   140797.9657        7   96.33%
Elapsed time = 0.46 sec. (8.99 ticks, tree = 0.01 MB, solutions = 4)
  66109 35028  2403992.3325    31  3836229.0000  1616920.3865   125353   57.85%
 139367 77008  2735635.5896    28  3836229.0000  1921630.3126   268822   49.91%
 220085 117209  3166377.1197    28  3836229.0000  2142176.4155   419472   44.16%
 303277 161754  3518627.2663    25  3836229.0000  2291210.3996   593597   40.27%
 389086 199292  3339357.4237    27  3836229.0000  2396885.2073   744853   37.52%
 475916 249906  3724141.2662    23  3836229.0000  2487259.7257   963158   35.16%
 561478 281120  3420652.9120    32  3836229.0000  2561231.2058  1108717   33.24%
 649125 311227  3833030.3504    20  3836229.0000  2627109.3717  1261395   31.52%
 737699 352894  3637127.2679    22  3836229.0000  2688554.1918  1477174   29.92%
 1101781 471366  3101570.5211    24  3836229.0000  2889874.4748  2168163   24.67%
Elapsed time = 10.41 sec. (3108.46 ticks, tree = 117.02 MB, solutions = 4)
 1468344 560467  3497540.8143    28  3836229.0000  3033620.5154  2846189   20.92%
 1828860 622293  3743178.3951    25  3836229.0000  3154054.0626  3598598   17.78%
 2172256 630645  3331959.2386    28  3836229.0000  3264707.0684  4312904   14.90%
 2491433 592917  3703468.0075    27  3836229.0000  3369709.0110  4965359   12.16%
 2776720 498169  3674841.0778    23  3836229.0000  3476700.5384  5605552    9.37%
 3040423 349940  3713450.1997    29  3836229.0000  3592600.9242  6217575    6.35%
 3289258 165917        cutoff        3836229.0000  3721331.9806  6743490    3.00%

Root node processing (before b&c):
  Real time             =    0.44 sec. (9.31 ticks)
Parallel b&c, 32 threads:
  Real time             =   73.19 sec. (10490.16 ticks)
  Sync time (average)   =   56.53 sec.
  Wait time (average)   =    0.39 sec.
                          ------------
Total (root+branch&cut) =   73.63 sec. (10499.46 ticks)

Solution pool: 5 solutions saved.

MIP - Integer optimal solution:  Objective =  3.8362290000e+06
Solution time =   73.64 sec.  Iterations = 7076279  Nodes = 3464954
Deterministic time = 10499.46 ticks  (142.59 ticks/sec)

CPLEX> Incumbent solution written to file 'cplex.sol'.
CPLEX> 

optval(Q): 3836229.000, lowerbound(P): 328843.103
bestval: 2857710.000
-[4]--------------------------------------------
selection: 4

Welcome to IBM(R) ILOG(R) CPLEX(R) Interactive Optimizer 12.8.0.0
  with Simplex, Mixed Integer & Barrier Optimizers
5725-A06 5725-A29 5724-Y48 5724-Y49 5724-Y54 5724-Y55 5655-Y21
Copyright IBM Corp. 1988, 2017.  All Rights Reserved.

Type 'help' for a list of available commands.
Type 'help' followed by a command name for more
information on commands.

CPLEX> Problem 'cplex.lp' read.
Read time = 0.00 sec. (0.11 ticks)
CPLEX> New value for time limit in seconds: 86019
CPLEX> New value for mixed integer optimality gap tolerance: 1e-10
CPLEX> CPXPARAM_TimeLimit                               86019
CPXPARAM_MIP_Tolerances_MIPGap                   1e-10
Found incumbent of value 6.1116288e+09 after 0.00 sec. (0.02 ticks)
Tried aggregator 1 time.
MIQP Presolve eliminated 0 rows and 4 columns.
Reduced MIQP has 0 rows, 42 columns, and 0 nonzeros.
Reduced MIQP has 0 binaries, 42 generals, 0 SOSs, and 0 indicators.
Reduced MIQP objective Q matrix has 1764 nonzeros.
Presolve time = 0.00 sec. (0.19 ticks)
Tried aggregator 1 time.
Reduced MIQP has 0 rows, 42 columns, and 0 nonzeros.
Reduced MIQP has 0 binaries, 42 generals, 0 SOSs, and 0 indicators.
Reduced MIQP objective Q matrix has 1764 nonzeros.
Presolve time = 0.00 sec. (0.15 ticks)
MIP emphasis: balance optimality and feasibility.
MIP search method: dynamic search.
Parallel mode: deterministic, using up to 32 threads.
Root relaxation solution time = 0.01 sec. (0.87 ticks)

        Nodes                                         Cuts/
   Node  Left     Objective  IInf  Best Integer    Best Bound    ItCnt     Gap

*     0+    0                       6.11163e+09  -6.01022e+10              --- 
      0     0    90555.9312    41   6.11163e+09    90555.9312        7  100.00%
*     0+    0                      6011062.0000    90555.9312            98.49%
*     0+    0                      3377683.0000    90555.9312            97.32%
      0     2    90555.9312    41  3377683.0000   145349.6778        7   95.70%
Elapsed time = 0.25 sec. (9.01 ticks, tree = 0.01 MB, solutions = 3)
  47930 18237  2101887.0506    33  3377683.0000  1852616.0069    87921   45.15%
 120831 43861  3227424.1912    26  3377683.0000  2475068.6096   242842   26.72%
 198840 48204        cutoff        3377683.0000  2840858.7212   410517   15.89%
 269858 23517  3235388.6795    26  3377683.0000  3160542.9602   563222    6.43%

Root node processing (before b&c):
  Real time             =    0.24 sec. (8.78 ticks)
Parallel b&c, 32 threads:
  Real time             =   11.78 sec. (1068.40 ticks)
  Sync time (average)   =    9.84 sec.
  Wait time (average)   =    0.02 sec.
                          ------------
Total (root+branch&cut) =   12.01 sec. (1077.18 ticks)

Solution pool: 4 solutions saved.

MIP - Integer optimal solution:  Objective =  3.3776830000e+06
Solution time =   12.03 sec.  Iterations = 617880  Nodes = 298120
Deterministic time = 1077.18 ticks  (89.58 ticks/sec)

CPLEX> Incumbent solution written to file 'cplex.sol'.
CPLEX> 

optval(Q): 3377683.000, lowerbound(P): 391246.054
bestval: 2857710.000
-[5]--------------------------------------------
selection: 5

Welcome to IBM(R) ILOG(R) CPLEX(R) Interactive Optimizer 12.8.0.0
  with Simplex, Mixed Integer & Barrier Optimizers
5725-A06 5725-A29 5724-Y48 5724-Y49 5724-Y54 5724-Y55 5655-Y21
Copyright IBM Corp. 1988, 2017.  All Rights Reserved.

Type 'help' for a list of available commands.
Type 'help' followed by a command name for more
information on commands.

CPLEX> Problem 'cplex.lp' read.
Read time = 0.00 sec. (0.11 ticks)
CPLEX> New value for time limit in seconds: 86007
CPLEX> New value for mixed integer optimality gap tolerance: 1e-10
CPLEX> CPXPARAM_TimeLimit                               86007
CPXPARAM_MIP_Tolerances_MIPGap                   1e-10
Found incumbent of value 6.8541598e+09 after 0.00 sec. (0.02 ticks)
Found incumbent of value 6.0928980e+09 after 0.00 sec. (0.03 ticks)
Tried aggregator 1 time.
MIQP Presolve eliminated 0 rows and 5 columns.
Reduced MIQP has 0 rows, 41 columns, and 0 nonzeros.
Reduced MIQP has 0 binaries, 41 generals, 0 SOSs, and 0 indicators.
Reduced MIQP objective Q matrix has 1681 nonzeros.
Presolve time = 0.00 sec. (0.19 ticks)
Tried aggregator 1 time.
Reduced MIQP has 0 rows, 41 columns, and 0 nonzeros.
Reduced MIQP has 0 binaries, 41 generals, 0 SOSs, and 0 indicators.
Reduced MIQP objective Q matrix has 1681 nonzeros.
Presolve time = 0.00 sec. (0.14 ticks)
MIP emphasis: balance optimality and feasibility.
MIP search method: dynamic search.
Parallel mode: deterministic, using up to 32 threads.
Root relaxation solution time = 0.01 sec. (0.83 ticks)

        Nodes                                         Cuts/
   Node  Left     Objective  IInf  Best Integer    Best Bound    ItCnt     Gap

*     0+    0                       6.09290e+09  -5.45162e+10           994.75%
      0     0    53064.6876    40   6.09290e+09    53064.6876        7  100.00%
*     0+    0                       1.06390e+07    53064.6876            99.50%
*     0+    0                      3976939.0000    53064.6876            98.67%
      0     2    53064.6876    40  3976939.0000    53064.6876        7   98.67%
Elapsed time = 0.26 sec. (7.97 ticks, tree = 0.01 MB, solutions = 3)
  52751 23383  2296324.7387    33  3976939.0000  1908464.3544    95004   52.01%
 130955 59055  3148958.9238    25  3976939.0000  2540108.7006   246614   36.13%
 217379 87048  3392965.4840    25  3976939.0000  2894077.6467   423867   27.23%
 303807 100777  3511217.6074    26  3976939.0000  3143898.0180   602569   20.95%
 387885 98846  3432308.2715    25  3976939.0000  3353127.1109   785739   15.69%
 466988 79859  3958988.6240    25  3976939.0000  3544988.8537   953567   10.86%
 538952 44386  3765405.5773    29  3976939.0000  3747386.7744  1100592    5.77%

Root node processing (before b&c):
  Real time             =    0.24 sec. (7.81 ticks)
Parallel b&c, 32 threads:
  Real time             =   18.78 sec. (1868.47 ticks)
  Sync time (average)   =   15.44 sec.
  Wait time (average)   =    0.04 sec.
                          ------------
Total (root+branch&cut) =   19.02 sec. (1876.28 ticks)

Solution pool: 4 solutions saved.

MIP - Integer optimal solution:  Objective =  3.9769390000e+06
Solution time =   19.03 sec.  Iterations = 1197082  Nodes = 590828
Deterministic time = 1876.28 ticks  (98.59 ticks/sec)

CPLEX> Incumbent solution written to file 'cplex.sol'.
CPLEX> 

optval(Q): 3976939.000, lowerbound(P): 410196.706
bestval: 2857710.000
-[6]--------------------------------------------
selection: 6

Welcome to IBM(R) ILOG(R) CPLEX(R) Interactive Optimizer 12.8.0.0
  with Simplex, Mixed Integer & Barrier Optimizers
5725-A06 5725-A29 5724-Y48 5724-Y49 5724-Y54 5724-Y55 5655-Y21
Copyright IBM Corp. 1988, 2017.  All Rights Reserved.

Type 'help' for a list of available commands.
Type 'help' followed by a command name for more
information on commands.

CPLEX> Problem 'cplex.lp' read.
Read time = 0.00 sec. (0.11 ticks)
CPLEX> New value for time limit in seconds: 85988
CPLEX> New value for mixed integer optimality gap tolerance: 1e-10
CPLEX> CPXPARAM_TimeLimit                               85988
CPXPARAM_MIP_Tolerances_MIPGap                   1e-10
Found incumbent of value 8.4709171e+09 after 0.00 sec. (0.02 ticks)
Found incumbent of value 6.7422411e+09 after 0.00 sec. (0.03 ticks)
Tried aggregator 1 time.
MIQP Presolve eliminated 0 rows and 6 columns.
Reduced MIQP has 0 rows, 40 columns, and 0 nonzeros.
Reduced MIQP has 0 binaries, 40 generals, 0 SOSs, and 0 indicators.
Reduced MIQP objective Q matrix has 1600 nonzeros.
Presolve time = 0.00 sec. (0.19 ticks)
Tried aggregator 1 time.
Reduced MIQP has 0 rows, 40 columns, and 0 nonzeros.
Reduced MIQP has 0 binaries, 40 generals, 0 SOSs, and 0 indicators.
Reduced MIQP objective Q matrix has 1600 nonzeros.
Presolve time = 0.00 sec. (0.14 ticks)
MIP emphasis: balance optimality and feasibility.
MIP search method: dynamic search.
Parallel mode: deterministic, using up to 32 threads.
Root relaxation solution time = 0.01 sec. (0.79 ticks)

        Nodes                                         Cuts/
   Node  Left     Objective  IInf  Best Integer    Best Bound    ItCnt     Gap

*     0+    0                       6.74224e+09  -5.02408e+10           845.16%
      0     0   291755.8119    39   6.74224e+09   291755.8119        7  100.00%
*     0+    0                      9524799.0000   291755.8119            96.94%
*     0+    0                      5761815.0000   291755.8119            94.94%
*     0+    0                      4788214.0000   365117.5613            92.37%
      0     2   291755.8119    39  4788214.0000   399745.4583        7   91.65%
Elapsed time = 0.22 sec. (8.42 ticks, tree = 0.01 MB, solutions = 4)
*   273+   55                      4577717.0000   399745.4583            91.27%
  73286 34067  4254008.3437    22  4577717.0000  2707249.1591   134712   40.86%
 163246 63935  4186485.5716    23  4577717.0000  3366094.1315   304985   26.47%
 253169 75753  3788190.8453    28  4577717.0000  3749767.3534   505959   18.09%
 338562 63418        cutoff        4577717.0000  4058654.8484   672872   11.34%
 413911 24262        cutoff        4577717.0000  4391083.1686   831062    4.08%

Root node processing (before b&c):
  Real time             =    0.21 sec. (8.25 ticks)
Parallel b&c, 32 threads:
  Real time             =   14.60 sec. (1289.56 ticks)
  Sync time (average)   =   12.14 sec.
  Wait time (average)   =    0.03 sec.
                          ------------
Total (root+branch&cut) =   14.81 sec. (1297.80 ticks)

Solution pool: 6 solutions saved.

MIP - Integer optimal solution:  Objective =  4.5777170000e+06
Solution time =   14.82 sec.  Iterations = 878805  Nodes = 440086
Deterministic time = 1297.80 ticks  (87.56 ticks/sec)

CPLEX> Incumbent solution written to file 'cplex.sol'.
CPLEX> 

optval(Q): 4577717.000, lowerbound(P): 410234.711
bestval: 2857710.000
-[7]--------------------------------------------
selection: 7

Welcome to IBM(R) ILOG(R) CPLEX(R) Interactive Optimizer 12.8.0.0
  with Simplex, Mixed Integer & Barrier Optimizers
5725-A06 5725-A29 5724-Y48 5724-Y49 5724-Y54 5724-Y55 5655-Y21
Copyright IBM Corp. 1988, 2017.  All Rights Reserved.

Type 'help' for a list of available commands.
Type 'help' followed by a command name for more
information on commands.

CPLEX> Problem 'cplex.lp' read.
Read time = 0.00 sec. (0.11 ticks)
CPLEX> New value for time limit in seconds: 85973
CPLEX> New value for mixed integer optimality gap tolerance: 1e-10
CPLEX> CPXPARAM_TimeLimit                               85973
CPXPARAM_MIP_Tolerances_MIPGap                   1e-10
Found incumbent of value 6.9677479e+09 after 0.00 sec. (0.02 ticks)
Tried aggregator 1 time.
MIQP Presolve eliminated 0 rows and 7 columns.
Reduced MIQP has 0 rows, 39 columns, and 0 nonzeros.
Reduced MIQP has 0 binaries, 39 generals, 0 SOSs, and 0 indicators.
Reduced MIQP objective Q matrix has 1521 nonzeros.
Presolve time = 0.00 sec. (0.19 ticks)
Tried aggregator 1 time.
Reduced MIQP has 0 rows, 39 columns, and 0 nonzeros.
Reduced MIQP has 0 binaries, 39 generals, 0 SOSs, and 0 indicators.
Reduced MIQP objective Q matrix has 1521 nonzeros.
Presolve time = 0.00 sec. (0.13 ticks)
MIP emphasis: balance optimality and feasibility.
MIP search method: dynamic search.
Parallel mode: deterministic, using up to 32 threads.
Root relaxation solution time = 0.01 sec. (0.75 ticks)

        Nodes                                         Cuts/
   Node  Left     Objective  IInf  Best Integer    Best Bound    ItCnt     Gap

*     0+    0                       6.96775e+09  -4.57941e+10           757.23%
      0     0   202407.2657    38   6.96775e+09   202407.2657        7  100.00%
*     0+    0                      9019751.0000   202407.2657            97.76%
*     0+    0                      5717208.0000   202407.2657            96.46%
*     0+    0                      3681875.0000   202407.2657            94.50%
      0     2   202407.2657    38  3681875.0000   268444.7948        7   92.71%
Elapsed time = 0.27 sec. (7.21 ticks, tree = 0.01 MB, solutions = 4)

Root node processing (before b&c):
  Real time             =    0.24 sec. (6.99 ticks)
Parallel b&c, 32 threads:
  Real time             =    1.60 sec. (183.18 ticks)
  Sync time (average)   =    1.19 sec.
  Wait time (average)   =    0.01 sec.
                          ------------
Total (root+branch&cut) =    1.83 sec. (190.17 ticks)

Solution pool: 5 solutions saved.

MIP - Integer optimal solution:  Objective =  3.6818750000e+06
Solution time =    1.84 sec.  Iterations = 108562  Nodes = 56348
Deterministic time = 190.17 ticks  (103.34 ticks/sec)

CPLEX> Incumbent solution written to file 'cplex.sol'.
CPLEX> 

optval(Q): 3681875.000, lowerbound(P): 411114.369
bestval: 2857710.000
-[8]--------------------------------------------
selection: 8

Welcome to IBM(R) ILOG(R) CPLEX(R) Interactive Optimizer 12.8.0.0
  with Simplex, Mixed Integer & Barrier Optimizers
5725-A06 5725-A29 5724-Y48 5724-Y49 5724-Y54 5724-Y55 5655-Y21
Copyright IBM Corp. 1988, 2017.  All Rights Reserved.

Type 'help' for a list of available commands.
Type 'help' followed by a command name for more
information on commands.

CPLEX> Problem 'cplex.lp' read.
Read time = 0.00 sec. (0.11 ticks)
CPLEX> New value for time limit in seconds: 85971
CPLEX> New value for mixed integer optimality gap tolerance: 1e-10
CPLEX> CPXPARAM_TimeLimit                               85971
CPXPARAM_MIP_Tolerances_MIPGap                   1e-10
Found incumbent of value 6.1663504e+09 after 0.00 sec. (0.02 ticks)
Tried aggregator 1 time.
MIQP Presolve eliminated 0 rows and 8 columns.
Reduced MIQP has 0 rows, 38 columns, and 0 nonzeros.
Reduced MIQP has 0 binaries, 38 generals, 0 SOSs, and 0 indicators.
Reduced MIQP objective Q matrix has 1444 nonzeros.
Presolve time = 0.00 sec. (0.19 ticks)
Tried aggregator 1 time.
Reduced MIQP has 0 rows, 38 columns, and 0 nonzeros.
Reduced MIQP has 0 binaries, 38 generals, 0 SOSs, and 0 indicators.
Reduced MIQP objective Q matrix has 1444 nonzeros.
Presolve time = 0.00 sec. (0.12 ticks)
MIP emphasis: balance optimality and feasibility.
MIP search method: dynamic search.
Parallel mode: deterministic, using up to 32 threads.
Root relaxation solution time = 0.00 sec. (0.72 ticks)

        Nodes                                         Cuts/
   Node  Left     Objective  IInf  Best Integer    Best Bound    ItCnt     Gap

*     0+    0                       6.16635e+09  -4.10888e+10           766.34%
      0     0   185514.2349    37   6.16635e+09   185514.2349        7  100.00%
*     0+    0                       1.23520e+07   185514.2349            98.50%
*     0+    0                      4056963.0000   185514.2349            95.43%
      0     2   185514.2349    37  4056963.0000   367126.7614        7   90.95%
Elapsed time = 0.25 sec. (7.03 ticks, tree = 0.01 MB, solutions = 3)

Root node processing (before b&c):
  Real time             =    0.20 sec. (6.82 ticks)
Parallel b&c, 32 threads:
  Real time             =    1.82 sec. (225.54 ticks)
  Sync time (average)   =    1.33 sec.
  Wait time (average)   =    0.01 sec.
                          ------------
Total (root+branch&cut) =    2.02 sec. (232.37 ticks)

Solution pool: 4 solutions saved.

MIP - Integer optimal solution:  Objective =  4.0569630000e+06
Solution time =    2.03 sec.  Iterations = 112581  Nodes = 59981
Deterministic time = 232.37 ticks  (114.60 ticks/sec)

CPLEX> Incumbent solution written to file 'cplex.sol'.
CPLEX> 

optval(Q): 4056963.000, lowerbound(P): 417893.121
bestval: 2857710.000
-[9]--------------------------------------------
selection: 9

Welcome to IBM(R) ILOG(R) CPLEX(R) Interactive Optimizer 12.8.0.0
  with Simplex, Mixed Integer & Barrier Optimizers
5725-A06 5725-A29 5724-Y48 5724-Y49 5724-Y54 5724-Y55 5655-Y21
Copyright IBM Corp. 1988, 2017.  All Rights Reserved.

Type 'help' for a list of available commands.
Type 'help' followed by a command name for more
information on commands.

CPLEX> Problem 'cplex.lp' read.
Read time = 0.00 sec. (0.11 ticks)
CPLEX> New value for time limit in seconds: 85969
CPLEX> New value for mixed integer optimality gap tolerance: 1e-10
CPLEX> CPXPARAM_TimeLimit                               85969
CPXPARAM_MIP_Tolerances_MIPGap                   1e-10
Found incumbent of value 7.3807931e+09 after 0.00 sec. (0.02 ticks)
Found incumbent of value 6.1929840e+09 after 0.00 sec. (0.03 ticks)
Tried aggregator 1 time.
MIQP Presolve eliminated 0 rows and 9 columns.
Reduced MIQP has 0 rows, 37 columns, and 0 nonzeros.
Reduced MIQP has 0 binaries, 37 generals, 0 SOSs, and 0 indicators.
Reduced MIQP objective Q matrix has 1369 nonzeros.
Presolve time = 0.00 sec. (0.19 ticks)
Tried aggregator 1 time.
Reduced MIQP has 0 rows, 37 columns, and 0 nonzeros.
Reduced MIQP has 0 binaries, 37 generals, 0 SOSs, and 0 indicators.
Reduced MIQP objective Q matrix has 1369 nonzeros.
Presolve time = 0.00 sec. (0.12 ticks)
MIP emphasis: balance optimality and feasibility.
MIP search method: dynamic search.
Parallel mode: deterministic, using up to 32 threads.
Root relaxation solution time = 0.01 sec. (0.68 ticks)

        Nodes                                         Cuts/
   Node  Left     Objective  IInf  Best Integer    Best Bound    ItCnt     Gap

*     0+    0                       6.19298e+09  -3.74267e+10           704.34%
      0     0   165146.1606    36   6.19298e+09   165146.1606        7  100.00%
*     0+    0                       1.20821e+07   165146.1606            98.63%
*     0+    0                      6638868.0000   165146.1606            97.51%
*     0+    0                      6458576.0000   330967.7873            94.88%
*     0+    0                      4071326.0000   330967.7873            91.87%
      0     2   165146.1606    36  4071326.0000   551080.8828        7   86.46%
Elapsed time = 0.19 sec. (7.58 ticks, tree = 0.01 MB, solutions = 5)

Root node processing (before b&c):
  Real time             =    0.18 sec. (7.38 ticks)
Parallel b&c, 32 threads:
  Real time             =    0.83 sec. (90.30 ticks)
  Sync time (average)   =    0.58 sec.
  Wait time (average)   =    0.01 sec.
                          ------------
Total (root+branch&cut) =    1.00 sec. (97.68 ticks)

Solution pool: 6 solutions saved.

MIP - Integer optimal solution:  Objective =  4.0713260000e+06
Solution time =    1.01 sec.  Iterations = 49833  Nodes = 29287
Deterministic time = 97.68 ticks  (96.59 ticks/sec)

CPLEX> Incumbent solution written to file 'cplex.sol'.
CPLEX> 

optval(Q): 4071326.000, lowerbound(P): 528350.397
bestval: 2857710.000
-[10]--------------------------------------------
selection: 10

Welcome to IBM(R) ILOG(R) CPLEX(R) Interactive Optimizer 12.8.0.0
  with Simplex, Mixed Integer & Barrier Optimizers
5725-A06 5725-A29 5724-Y48 5724-Y49 5724-Y54 5724-Y55 5655-Y21
Copyright IBM Corp. 1988, 2017.  All Rights Reserved.

Type 'help' for a list of available commands.
Type 'help' followed by a command name for more
information on commands.

CPLEX> Problem 'cplex.lp' read.
Read time = 0.00 sec. (0.11 ticks)
CPLEX> New value for time limit in seconds: 85968
CPLEX> New value for mixed integer optimality gap tolerance: 1e-10
CPLEX> CPXPARAM_TimeLimit                               85968
CPXPARAM_MIP_Tolerances_MIPGap                   1e-10
Found incumbent of value 6.4677994e+09 after 0.00 sec. (0.02 ticks)
Tried aggregator 1 time.
MIQP Presolve eliminated 0 rows and 10 columns.
Reduced MIQP has 0 rows, 36 columns, and 0 nonzeros.
Reduced MIQP has 0 binaries, 36 generals, 0 SOSs, and 0 indicators.
Reduced MIQP objective Q matrix has 1296 nonzeros.
Presolve time = 0.00 sec. (0.19 ticks)
Tried aggregator 1 time.
Reduced MIQP has 0 rows, 36 columns, and 0 nonzeros.
Reduced MIQP has 0 binaries, 36 generals, 0 SOSs, and 0 indicators.
Reduced MIQP objective Q matrix has 1296 nonzeros.
Presolve time = 0.00 sec. (0.11 ticks)
MIP emphasis: balance optimality and feasibility.
MIP search method: dynamic search.
Parallel mode: deterministic, using up to 32 threads.
Root relaxation solution time = 0.01 sec. (0.65 ticks)

        Nodes                                         Cuts/
   Node  Left     Objective  IInf  Best Integer    Best Bound    ItCnt     Gap

*     0+    0                       6.46780e+09  -3.42918e+10           630.19%
      0     0   166045.4628    35   6.46780e+09   166045.4628        7  100.00%
*     0+    0                      7819318.0000   166045.4628            97.88%
*     0+    0                      5144644.0000   166045.4628            96.77%
*     0+    0                      4993801.0000   166045.4628            96.67%
      0     2   166045.4628    35  4993801.0000   442754.7934        7   91.13%
Elapsed time = 0.32 sec. (6.31 ticks, tree = 0.01 MB, solutions = 4)
*    19+    2                      4295703.0000   442754.7934            89.69%

Root node processing (before b&c):
  Real time             =    0.26 sec. (6.12 ticks)
Parallel b&c, 32 threads:
  Real time             =    0.82 sec. (72.04 ticks)
  Sync time (average)   =    0.51 sec.
  Wait time (average)   =    0.01 sec.
                          ------------
Total (root+branch&cut) =    1.08 sec. (78.16 ticks)

Solution pool: 6 solutions saved.

MIP - Integer optimal solution:  Objective =  4.2957030000e+06
Solution time =    1.09 sec.  Iterations = 39799  Nodes = 23102
Deterministic time = 78.16 ticks  (72.00 ticks/sec)

CPLEX> Incumbent solution written to file 'cplex.sol'.
CPLEX> 

optval(Q): 4295703.000, lowerbound(P): 562224.082
bestval: 2857710.000
-[11]--------------------------------------------
selection: 11

Welcome to IBM(R) ILOG(R) CPLEX(R) Interactive Optimizer 12.8.0.0
  with Simplex, Mixed Integer & Barrier Optimizers
5725-A06 5725-A29 5724-Y48 5724-Y49 5724-Y54 5724-Y55 5655-Y21
Copyright IBM Corp. 1988, 2017.  All Rights Reserved.

Type 'help' for a list of available commands.
Type 'help' followed by a command name for more
information on commands.

CPLEX> Problem 'cplex.lp' read.
Read time = 0.00 sec. (0.11 ticks)
CPLEX> New value for time limit in seconds: 85967
CPLEX> New value for mixed integer optimality gap tolerance: 1e-10
CPLEX> CPXPARAM_TimeLimit                               85967
CPXPARAM_MIP_Tolerances_MIPGap                   1e-10
Found incumbent of value 6.3008901e+09 after 0.00 sec. (0.02 ticks)
Tried aggregator 1 time.
MIQP Presolve eliminated 0 rows and 11 columns.
Reduced MIQP has 0 rows, 35 columns, and 0 nonzeros.
Reduced MIQP has 0 binaries, 35 generals, 0 SOSs, and 0 indicators.
Reduced MIQP objective Q matrix has 1225 nonzeros.
Presolve time = 0.00 sec. (0.19 ticks)
Tried aggregator 1 time.
Reduced MIQP has 0 rows, 35 columns, and 0 nonzeros.
Reduced MIQP has 0 binaries, 35 generals, 0 SOSs, and 0 indicators.
Reduced MIQP objective Q matrix has 1225 nonzeros.
Presolve time = 0.00 sec. (0.11 ticks)
MIP emphasis: balance optimality and feasibility.
MIP search method: dynamic search.
Parallel mode: deterministic, using up to 32 threads.
Root relaxation solution time = 0.01 sec. (0.62 ticks)

        Nodes                                         Cuts/
   Node  Left     Objective  IInf  Best Integer    Best Bound    ItCnt     Gap

*     0+    0                       6.30089e+09  -3.12780e+10           596.41%
      0     0   314879.5174    34   6.30089e+09   314879.5174        7  100.00%
*     0+    0                      5027209.0000   314879.5174            93.74%
*     0+    0                      4568391.0000   314879.5174            93.11%
      0     2   314879.5174    34  4568391.0000   796360.4773        7   82.57%
Elapsed time = 0.27 sec. (5.88 ticks, tree = 0.01 MB, solutions = 3)

Root node processing (before b&c):
  Real time             =    0.25 sec. (5.70 ticks)
Parallel b&c, 32 threads:
  Real time             =    0.70 sec. (95.55 ticks)
  Sync time (average)   =    0.37 sec.
  Wait time (average)   =    0.01 sec.
                          ------------
Total (root+branch&cut) =    0.95 sec. (101.25 ticks)

Solution pool: 4 solutions saved.

MIP - Integer optimal solution:  Objective =  4.5683910000e+06
Solution time =    0.96 sec.  Iterations = 30065  Nodes = 17897
Deterministic time = 101.25 ticks  (105.82 ticks/sec)

CPLEX> Incumbent solution written to file 'cplex.sol'.
CPLEX> 

optval(Q): 4568391.000, lowerbound(P): 946030.139
bestval: 2857710.000
-[12]--------------------------------------------
selection: 12

Welcome to IBM(R) ILOG(R) CPLEX(R) Interactive Optimizer 12.8.0.0
  with Simplex, Mixed Integer & Barrier Optimizers
5725-A06 5725-A29 5724-Y48 5724-Y49 5724-Y54 5724-Y55 5655-Y21
Copyright IBM Corp. 1988, 2017.  All Rights Reserved.

Type 'help' for a list of available commands.
Type 'help' followed by a command name for more
information on commands.

CPLEX> Problem 'cplex.lp' read.
Read time = 0.00 sec. (0.11 ticks)
CPLEX> New value for time limit in seconds: 85966
CPLEX> New value for mixed integer optimality gap tolerance: 1e-10
CPLEX> CPXPARAM_TimeLimit                               85966
CPXPARAM_MIP_Tolerances_MIPGap                   1e-10
Found incumbent of value 6.0285737e+09 after 0.00 sec. (0.02 ticks)
Tried aggregator 1 time.
MIQP Presolve eliminated 0 rows and 12 columns.
Reduced MIQP has 0 rows, 34 columns, and 0 nonzeros.
Reduced MIQP has 0 binaries, 34 generals, 0 SOSs, and 0 indicators.
Reduced MIQP objective Q matrix has 1156 nonzeros.
Presolve time = 0.00 sec. (0.19 ticks)
Tried aggregator 1 time.
Reduced MIQP has 0 rows, 34 columns, and 0 nonzeros.
Reduced MIQP has 0 binaries, 34 generals, 0 SOSs, and 0 indicators.
Reduced MIQP objective Q matrix has 1156 nonzeros.
Presolve time = 0.00 sec. (0.10 ticks)
MIP emphasis: balance optimality and feasibility.
MIP search method: dynamic search.
Parallel mode: deterministic, using up to 32 threads.
Root relaxation solution time = 0.00 sec. (0.59 ticks)

        Nodes                                         Cuts/
   Node  Left     Objective  IInf  Best Integer    Best Bound    ItCnt     Gap

*     0+    0                       6.02857e+09  -2.81725e+10           567.32%
      0     0  1110538.6350    33   6.02857e+09  1110538.6350        7   99.98%
*     0+    0                      6955511.0000  1110538.6350            84.03%
*     0+    0                      4518322.0000  1110538.6350            75.42%
      0     2  1110538.6350    33  4518322.0000  1552740.7525        7   65.63%
Elapsed time = 0.15 sec. (5.49 ticks, tree = 0.01 MB, solutions = 3)

Root node processing (before b&c):
  Real time             =    0.14 sec. (5.31 ticks)
Parallel b&c, 32 threads:
  Real time             =    0.29 sec. (82.05 ticks)
  Sync time (average)   =    0.24 sec.
  Wait time (average)   =    0.00 sec.
                          ------------
Total (root+branch&cut) =    0.43 sec. (87.36 ticks)

Solution pool: 4 solutions saved.

MIP - Integer optimal solution:  Objective =  4.5183220000e+06
Solution time =    0.44 sec.  Iterations = 4490  Nodes = 2877
Deterministic time = 87.36 ticks  (199.74 ticks/sec)

CPLEX> Incumbent solution written to file 'cplex.sol'.
CPLEX> 

optval(Q): 4518322.000, lowerbound(P): 966262.220
bestval: 2857710.000
-[13]--------------------------------------------
selection: 13

Welcome to IBM(R) ILOG(R) CPLEX(R) Interactive Optimizer 12.8.0.0
  with Simplex, Mixed Integer & Barrier Optimizers
5725-A06 5725-A29 5724-Y48 5724-Y49 5724-Y54 5724-Y55 5655-Y21
Copyright IBM Corp. 1988, 2017.  All Rights Reserved.

Type 'help' for a list of available commands.
Type 'help' followed by a command name for more
information on commands.

CPLEX> Problem 'cplex.lp' read.
Read time = 0.00 sec. (0.11 ticks)
CPLEX> New value for time limit in seconds: 85966
CPLEX> New value for mixed integer optimality gap tolerance: 1e-10
CPLEX> CPXPARAM_TimeLimit                               85966
CPXPARAM_MIP_Tolerances_MIPGap                   1e-10
Found incumbent of value 5.3656276e+09 after 0.00 sec. (0.02 ticks)
Tried aggregator 1 time.
MIQP Presolve eliminated 0 rows and 13 columns.
Reduced MIQP has 0 rows, 33 columns, and 0 nonzeros.
Reduced MIQP has 0 binaries, 33 generals, 0 SOSs, and 0 indicators.
Reduced MIQP objective Q matrix has 1089 nonzeros.
Presolve time = 0.00 sec. (0.19 ticks)
Tried aggregator 1 time.
Reduced MIQP has 0 rows, 33 columns, and 0 nonzeros.
Reduced MIQP has 0 binaries, 33 generals, 0 SOSs, and 0 indicators.
Reduced MIQP objective Q matrix has 1089 nonzeros.
Presolve time = 0.00 sec. (0.09 ticks)
MIP emphasis: balance optimality and feasibility.
MIP search method: dynamic search.
Parallel mode: deterministic, using up to 32 threads.
Root relaxation solution time = 0.00 sec. (0.56 ticks)

        Nodes                                         Cuts/
   Node  Left     Objective  IInf  Best Integer    Best Bound    ItCnt     Gap

*     0+    0                       5.36563e+09  -2.60058e+10           584.67%
      0     0   513703.6763    32   5.36563e+09   513703.6763        7   99.99%
*     0+    0                      6851911.0000   513703.6763            92.50%
*     0+    0                      6498284.0000   513703.6763            92.09%
*     0+    0                      5829267.0000   513703.6763            91.19%
      0     2   513703.6763    32  5829267.0000  1042608.3396        7   82.11%
Elapsed time = 0.29 sec. (5.40 ticks, tree = 0.01 MB, solutions = 4)
*   143+   44                      5672825.0000  1128252.2750            80.11%
*  1678+  160                      5400576.0000  1508513.4381            72.07%

Root node processing (before b&c):
  Real time             =    0.26 sec. (5.24 ticks)
Parallel b&c, 32 threads:
  Real time             =    0.33 sec. (22.38 ticks)
  Sync time (average)   =    0.25 sec.
  Wait time (average)   =    0.00 sec.
                          ------------
Total (root+branch&cut) =    0.58 sec. (27.62 ticks)

Solution pool: 7 solutions saved.

MIP - Integer optimal solution:  Objective =  5.4005760000e+06
Solution time =    0.59 sec.  Iterations = 15085  Nodes = 9191
Deterministic time = 27.62 ticks  (46.75 ticks/sec)

CPLEX> Incumbent solution written to file 'cplex.sol'.
CPLEX> 

optval(Q): 5400576.000, lowerbound(P): 966273.745
bestval: 2857710.000
-[14]--------------------------------------------
selection: 14

Welcome to IBM(R) ILOG(R) CPLEX(R) Interactive Optimizer 12.8.0.0
  with Simplex, Mixed Integer & Barrier Optimizers
5725-A06 5725-A29 5724-Y48 5724-Y49 5724-Y54 5724-Y55 5655-Y21
Copyright IBM Corp. 1988, 2017.  All Rights Reserved.

Type 'help' for a list of available commands.
Type 'help' followed by a command name for more
information on commands.

CPLEX> Problem 'cplex.lp' read.
Read time = 0.00 sec. (0.11 ticks)
CPLEX> New value for time limit in seconds: 85965
CPLEX> New value for mixed integer optimality gap tolerance: 1e-10
CPLEX> CPXPARAM_TimeLimit                               85965
CPXPARAM_MIP_Tolerances_MIPGap                   1e-10
Found incumbent of value 5.4463687e+09 after 0.00 sec. (0.02 ticks)
Found incumbent of value 5.4077467e+09 after 0.00 sec. (0.02 ticks)
Tried aggregator 1 time.
MIQP Presolve eliminated 0 rows and 14 columns.
Reduced MIQP has 0 rows, 32 columns, and 0 nonzeros.
Reduced MIQP has 0 binaries, 32 generals, 0 SOSs, and 0 indicators.
Reduced MIQP objective Q matrix has 1024 nonzeros.
Presolve time = 0.00 sec. (0.18 ticks)
Tried aggregator 1 time.
Reduced MIQP has 0 rows, 32 columns, and 0 nonzeros.
Reduced MIQP has 0 binaries, 32 generals, 0 SOSs, and 0 indicators.
Reduced MIQP objective Q matrix has 1024 nonzeros.
Presolve time = 0.00 sec. (0.09 ticks)
MIP emphasis: balance optimality and feasibility.
MIP search method: dynamic search.
Parallel mode: deterministic, using up to 32 threads.
Root relaxation solution time = 0.01 sec. (0.55 ticks)

        Nodes                                         Cuts/
   Node  Left     Objective  IInf  Best Integer    Best Bound    ItCnt     Gap

*     0+    0                       5.40775e+09  -2.33082e+10           531.02%
      0     0  1023401.6169    31   5.40775e+09  1023401.6169        8   99.98%
*     0+    0                       1.16575e+07  1023401.6169            91.22%
*     0+    0                      6572649.0000  1023401.6169            84.43%
*     0+    0                      5836261.0000  1023401.6169            82.46%
      0     2  1023401.6169    31  5836261.0000  1417416.2183        8   75.71%
Elapsed time = 0.34 sec. (4.87 ticks, tree = 0.01 MB, solutions = 4)

Root node processing (before b&c):
  Real time             =    0.31 sec. (4.72 ticks)
Parallel b&c, 32 threads:
  Real time             =    0.15 sec. (17.39 ticks)
  Sync time (average)   =    0.09 sec.
  Wait time (average)   =    0.00 sec.
                          ------------
Total (root+branch&cut) =    0.47 sec. (22.10 ticks)

Solution pool: 5 solutions saved.

MIP - Integer optimal solution:  Objective =  5.8362610000e+06
Solution time =    0.47 sec.  Iterations = 9265  Nodes = 5774
Deterministic time = 22.10 ticks  (46.59 ticks/sec)

CPLEX> Incumbent solution written to file 'cplex.sol'.
CPLEX> 

optval(Q): 5836261.000, lowerbound(P): 974107.970
bestval: 2857710.000
-[15]--------------------------------------------
selection: 15

Welcome to IBM(R) ILOG(R) CPLEX(R) Interactive Optimizer 12.8.0.0
  with Simplex, Mixed Integer & Barrier Optimizers
5725-A06 5725-A29 5724-Y48 5724-Y49 5724-Y54 5724-Y55 5655-Y21
Copyright IBM Corp. 1988, 2017.  All Rights Reserved.

Type 'help' for a list of available commands.
Type 'help' followed by a command name for more
information on commands.

CPLEX> Problem 'cplex.lp' read.
Read time = 0.00 sec. (0.11 ticks)
CPLEX> New value for time limit in seconds: 85964
CPLEX> New value for mixed integer optimality gap tolerance: 1e-10
CPLEX> CPXPARAM_TimeLimit                               85964
CPXPARAM_MIP_Tolerances_MIPGap                   1e-10
Found incumbent of value 4.8163277e+09 after 0.00 sec. (0.02 ticks)
Tried aggregator 1 time.
MIQP Presolve eliminated 0 rows and 15 columns.
Reduced MIQP has 0 rows, 31 columns, and 0 nonzeros.
Reduced MIQP has 0 binaries, 31 generals, 0 SOSs, and 0 indicators.
Reduced MIQP objective Q matrix has 961 nonzeros.
Presolve time = 0.00 sec. (0.18 ticks)
Tried aggregator 1 time.
Reduced MIQP has 0 rows, 31 columns, and 0 nonzeros.
Reduced MIQP has 0 binaries, 31 generals, 0 SOSs, and 0 indicators.
Reduced MIQP objective Q matrix has 961 nonzeros.
Presolve time = 0.00 sec. (0.08 ticks)
MIP emphasis: balance optimality and feasibility.
MIP search method: dynamic search.
Parallel mode: deterministic, using up to 32 threads.
Root relaxation solution time = 0.01 sec. (0.50 ticks)

        Nodes                                         Cuts/
   Node  Left     Objective  IInf  Best Integer    Best Bound    ItCnt     Gap

*     0+    0                       4.81633e+09  -2.10163e+10           536.36%
      0     0  1135141.4197    30   4.81633e+09  1135141.4197        7   99.98%
*     0+    0                      7572788.0000  1135141.4197            85.01%
*     0+    0                      5067865.0000  1135141.4197            77.60%
      0     2  1135141.4197    30  5067865.0000  1751246.6262        7   65.44%
Elapsed time = 0.28 sec. (4.45 ticks, tree = 0.01 MB, solutions = 3)

Root node processing (before b&c):
  Real time             =    0.27 sec. (4.31 ticks)
Parallel b&c, 32 threads:
  Real time             =    0.05 sec. (6.23 ticks)
  Sync time (average)   =    0.03 sec.
  Wait time (average)   =    0.00 sec.
                          ------------
Total (root+branch&cut) =    0.33 sec. (10.53 ticks)

Solution pool: 4 solutions saved.

MIP - Integer optimal solution:  Objective =  5.0678650000e+06
Solution time =    0.33 sec.  Iterations = 2073  Nodes = 1373
Deterministic time = 10.53 ticks  (31.50 ticks/sec)

CPLEX> Incumbent solution written to file 'cplex.sol'.
CPLEX> 

optval(Q): 5067865.000, lowerbound(P): 989050.437
bestval: 2857710.000
-[16]--------------------------------------------
selection: 16

Welcome to IBM(R) ILOG(R) CPLEX(R) Interactive Optimizer 12.8.0.0
  with Simplex, Mixed Integer & Barrier Optimizers
5725-A06 5725-A29 5724-Y48 5724-Y49 5724-Y54 5724-Y55 5655-Y21
Copyright IBM Corp. 1988, 2017.  All Rights Reserved.

Type 'help' for a list of available commands.
Type 'help' followed by a command name for more
information on commands.

CPLEX> Problem 'cplex.lp' read.
Read time = 0.00 sec. (0.11 ticks)
CPLEX> New value for time limit in seconds: 85964
CPLEX> New value for mixed integer optimality gap tolerance: 1e-10
CPLEX> CPXPARAM_TimeLimit                               85964
CPXPARAM_MIP_Tolerances_MIPGap                   1e-10
Found incumbent of value 5.0504116e+09 after 0.00 sec. (0.02 ticks)
Found incumbent of value 4.8859264e+09 after 0.00 sec. (0.02 ticks)
Tried aggregator 1 time.
MIQP Presolve eliminated 0 rows and 16 columns.
Reduced MIQP has 0 rows, 30 columns, and 0 nonzeros.
Reduced MIQP has 0 binaries, 30 generals, 0 SOSs, and 0 indicators.
Reduced MIQP objective Q matrix has 900 nonzeros.
Presolve time = 0.00 sec. (0.18 ticks)
Tried aggregator 1 time.
Reduced MIQP has 0 rows, 30 columns, and 0 nonzeros.
Reduced MIQP has 0 binaries, 30 generals, 0 SOSs, and 0 indicators.
Reduced MIQP objective Q matrix has 900 nonzeros.
Presolve time = 0.00 sec. (0.08 ticks)
MIP emphasis: balance optimality and feasibility.
MIP search method: dynamic search.
Parallel mode: deterministic, using up to 32 threads.
Root relaxation solution time = 0.01 sec. (0.49 ticks)

        Nodes                                         Cuts/
   Node  Left     Objective  IInf  Best Integer    Best Bound    ItCnt     Gap

*     0+    0                       4.88593e+09  -1.99836e+10           509.00%
      0     0  1757911.2432    29   4.88593e+09  1757911.2432        8   99.96%
*     0+    0                       1.34597e+07  1757911.2432            86.94%
*     0+    0                      4798980.0000  1757911.2432            63.37%
      0     2  1757911.2432    29  4798980.0000  1926927.0952        8   59.85%
Elapsed time = 0.23 sec. (4.01 ticks, tree = 0.01 MB, solutions = 3)

Root node processing (before b&c):
  Real time             =    0.22 sec. (3.88 ticks)
Parallel b&c, 32 threads:
  Real time             =    0.18 sec. (2.89 ticks)
  Sync time (average)   =    0.16 sec.
  Wait time (average)   =    0.00 sec.
                          ------------
Total (root+branch&cut) =    0.41 sec. (6.78 ticks)

Solution pool: 4 solutions saved.

MIP - Integer optimal solution:  Objective =  4.7989800000e+06
Solution time =    0.41 sec.  Iterations = 872  Nodes = 614
Deterministic time = 6.78 ticks  (16.34 ticks/sec)

CPLEX> Incumbent solution written to file 'cplex.sol'.
CPLEX> 

optval(Q): 4798980.000, lowerbound(P): 989454.401
bestval: 2857710.000
-[17]--------------------------------------------
selection: 17

Welcome to IBM(R) ILOG(R) CPLEX(R) Interactive Optimizer 12.8.0.0
  with Simplex, Mixed Integer & Barrier Optimizers
5725-A06 5725-A29 5724-Y48 5724-Y49 5724-Y54 5724-Y55 5655-Y21
Copyright IBM Corp. 1988, 2017.  All Rights Reserved.

Type 'help' for a list of available commands.
Type 'help' followed by a command name for more
information on commands.

CPLEX> Problem 'cplex.lp' read.
Read time = 0.00 sec. (0.11 ticks)
CPLEX> New value for time limit in seconds: 85964
CPLEX> New value for mixed integer optimality gap tolerance: 1e-10
CPLEX> CPXPARAM_TimeLimit                               85964
CPXPARAM_MIP_Tolerances_MIPGap                   1e-10
Found incumbent of value 3.9790102e+09 after 0.00 sec. (0.02 ticks)
Tried aggregator 1 time.
MIQP Presolve eliminated 0 rows and 17 columns.
Reduced MIQP has 0 rows, 29 columns, and 0 nonzeros.
Reduced MIQP has 0 binaries, 29 generals, 0 SOSs, and 0 indicators.
Reduced MIQP objective Q matrix has 841 nonzeros.
Presolve time = 0.00 sec. (0.18 ticks)
Tried aggregator 1 time.
Reduced MIQP has 0 rows, 29 columns, and 0 nonzeros.
Reduced MIQP has 0 binaries, 29 generals, 0 SOSs, and 0 indicators.
Reduced MIQP objective Q matrix has 841 nonzeros.
Presolve time = 0.00 sec. (0.07 ticks)
MIP emphasis: balance optimality and feasibility.
MIP search method: dynamic search.
Parallel mode: deterministic, using up to 32 threads.
Root relaxation solution time = 0.01 sec. (0.45 ticks)

        Nodes                                         Cuts/
   Node  Left     Objective  IInf  Best Integer    Best Bound    ItCnt     Gap

*     0+    0                       3.97901e+09  -1.89194e+10           575.48%
      0     0   383426.5189    28   3.97901e+09   383426.5189        7   99.99%
*     0+    0                      4281403.0000   383426.5189            91.04%
      0     2   383426.5189    28  4281403.0000   785487.5596        7   81.65%
Elapsed time = 0.17 sec. (3.80 ticks, tree = 0.01 MB, solutions = 2)

Root node processing (before b&c):
  Real time             =    0.16 sec. (3.67 ticks)
Parallel b&c, 32 threads:
  Real time             =    0.06 sec. (5.51 ticks)
  Sync time (average)   =    0.03 sec.
  Wait time (average)   =    0.00 sec.
                          ------------
Total (root+branch&cut) =    0.21 sec. (9.18 ticks)

Solution pool: 3 solutions saved.

MIP - Integer optimal solution:  Objective =  4.2814030000e+06
Solution time =    0.22 sec.  Iterations = 1740  Nodes = 1107
Deterministic time = 9.18 ticks  (41.59 ticks/sec)

CPLEX> Incumbent solution written to file 'cplex.sol'.
CPLEX> 

optval(Q): 4281403.000, lowerbound(P): 991801.020
bestval: 2857710.000
-[18]--------------------------------------------
selection: 18

Welcome to IBM(R) ILOG(R) CPLEX(R) Interactive Optimizer 12.8.0.0
  with Simplex, Mixed Integer & Barrier Optimizers
5725-A06 5725-A29 5724-Y48 5724-Y49 5724-Y54 5724-Y55 5655-Y21
Copyright IBM Corp. 1988, 2017.  All Rights Reserved.

Type 'help' for a list of available commands.
Type 'help' followed by a command name for more
information on commands.

CPLEX> Problem 'cplex.lp' read.
Read time = 0.00 sec. (0.11 ticks)
CPLEX> New value for time limit in seconds: 85963
CPLEX> New value for mixed integer optimality gap tolerance: 1e-10
CPLEX> CPXPARAM_TimeLimit                               85963
CPXPARAM_MIP_Tolerances_MIPGap                   1e-10
Found incumbent of value 3.6793333e+09 after 0.00 sec. (0.02 ticks)
Tried aggregator 1 time.
MIQP Presolve eliminated 0 rows and 18 columns.
Reduced MIQP has 0 rows, 28 columns, and 0 nonzeros.
Reduced MIQP has 0 binaries, 28 generals, 0 SOSs, and 0 indicators.
Reduced MIQP objective Q matrix has 784 nonzeros.
Presolve time = 0.00 sec. (0.18 ticks)
Tried aggregator 1 time.
Reduced MIQP has 0 rows, 28 columns, and 0 nonzeros.
Reduced MIQP has 0 binaries, 28 generals, 0 SOSs, and 0 indicators.
Reduced MIQP objective Q matrix has 784 nonzeros.
Presolve time = 0.00 sec. (0.07 ticks)
MIP emphasis: balance optimality and feasibility.
MIP search method: dynamic search.
Parallel mode: deterministic, using up to 32 threads.
Root relaxation solution time = 0.00 sec. (0.44 ticks)

        Nodes                                         Cuts/
   Node  Left     Objective  IInf  Best Integer    Best Bound    ItCnt     Gap

*     0+    0                       3.67933e+09  -1.63577e+10           544.58%
      0     0  1430999.9371    27   3.67933e+09  1430999.9371        8   99.96%
*     0+    0                      4991162.0000  1430999.9371            71.33%
      0     2  1430999.9371    27  4991162.0000  2187707.3808        8   56.17%
Elapsed time = 0.41 sec. (3.62 ticks, tree = 0.01 MB, solutions = 2)

Root node processing (before b&c):
  Real time             =    0.38 sec. (3.51 ticks)
Parallel b&c, 32 threads:
  Real time             =    0.15 sec. (5.88 ticks)
  Sync time (average)   =    0.12 sec.
  Wait time (average)   =    0.00 sec.
                          ------------
Total (root+branch&cut) =    0.54 sec. (9.38 ticks)

Solution pool: 3 solutions saved.

MIP - Integer optimal solution:  Objective =  4.9911620000e+06
Solution time =    0.54 sec.  Iterations = 703  Nodes = 510
Deterministic time = 9.38 ticks  (17.30 ticks/sec)

CPLEX> Incumbent solution written to file 'cplex.sol'.
CPLEX> 

optval(Q): 4991162.000, lowerbound(P): 1613885.906
bestval: 2857710.000
-[19]--------------------------------------------
selection: 19

Welcome to IBM(R) ILOG(R) CPLEX(R) Interactive Optimizer 12.8.0.0
  with Simplex, Mixed Integer & Barrier Optimizers
5725-A06 5725-A29 5724-Y48 5724-Y49 5724-Y54 5724-Y55 5655-Y21
Copyright IBM Corp. 1988, 2017.  All Rights Reserved.

Type 'help' for a list of available commands.
Type 'help' followed by a command name for more
information on commands.

CPLEX> Problem 'cplex.lp' read.
Read time = 0.00 sec. (0.11 ticks)
CPLEX> New value for time limit in seconds: 85963
CPLEX> New value for mixed integer optimality gap tolerance: 1e-10
CPLEX> CPXPARAM_TimeLimit                               85963
CPXPARAM_MIP_Tolerances_MIPGap                   1e-10
Found incumbent of value 3.6202614e+09 after 0.00 sec. (0.02 ticks)
Tried aggregator 1 time.
MIQP Presolve eliminated 0 rows and 19 columns.
Reduced MIQP has 0 rows, 27 columns, and 0 nonzeros.
Reduced MIQP has 0 binaries, 27 generals, 0 SOSs, and 0 indicators.
Reduced MIQP objective Q matrix has 729 nonzeros.
Presolve time = 0.00 sec. (0.18 ticks)
Tried aggregator 1 time.
Reduced MIQP has 0 rows, 27 columns, and 0 nonzeros.
Reduced MIQP has 0 binaries, 27 generals, 0 SOSs, and 0 indicators.
Reduced MIQP objective Q matrix has 729 nonzeros.
Presolve time = 0.00 sec. (0.06 ticks)
MIP emphasis: balance optimality and feasibility.
MIP search method: dynamic search.
Parallel mode: deterministic, using up to 32 threads.
Root relaxation solution time = 0.00 sec. (0.39 ticks)

        Nodes                                         Cuts/
   Node  Left     Objective  IInf  Best Integer    Best Bound    ItCnt     Gap

*     0+    0                       3.62026e+09  -1.43698e+10           496.93%
      0     0   799133.5993    26   3.62026e+09   799133.5993        7   99.98%
*     0+    0                      7456445.0000   799133.5993            89.28%
*     0+    0                      4398659.0000   799133.5993            81.83%
      0     2   799133.5993    26  4398659.0000  1228080.8828        7   72.08%
Elapsed time = 0.21 sec. (3.26 ticks, tree = 0.01 MB, solutions = 3)

Root node processing (before b&c):
  Real time             =    0.17 sec. (3.15 ticks)
Parallel b&c, 32 threads:
  Real time             =    0.19 sec. (2.27 ticks)
  Sync time (average)   =    0.14 sec.
  Wait time (average)   =    0.00 sec.
                          ------------
Total (root+branch&cut) =    0.36 sec. (5.43 ticks)

Solution pool: 4 solutions saved.

MIP - Integer optimal solution:  Objective =  4.3986590000e+06
Solution time =    0.37 sec.  Iterations = 471  Nodes = 354
Deterministic time = 5.43 ticks  (14.83 ticks/sec)

CPLEX> Incumbent solution written to file 'cplex.sol'.
CPLEX> 

optval(Q): 4398659.000, lowerbound(P): 1618685.412
bestval: 2857710.000
-[20]--------------------------------------------
selection: 20

Welcome to IBM(R) ILOG(R) CPLEX(R) Interactive Optimizer 12.8.0.0
  with Simplex, Mixed Integer & Barrier Optimizers
5725-A06 5725-A29 5724-Y48 5724-Y49 5724-Y54 5724-Y55 5655-Y21
Copyright IBM Corp. 1988, 2017.  All Rights Reserved.

Type 'help' for a list of available commands.
Type 'help' followed by a command name for more
information on commands.

CPLEX> Problem 'cplex.lp' read.
Read time = 0.00 sec. (0.11 ticks)
CPLEX> New value for time limit in seconds: 85962
CPLEX> New value for mixed integer optimality gap tolerance: 1e-10
CPLEX> CPXPARAM_TimeLimit                               85962
CPXPARAM_MIP_Tolerances_MIPGap                   1e-10
Found incumbent of value 3.3479788e+09 after 0.00 sec. (0.02 ticks)
Tried aggregator 1 time.
MIQP Presolve eliminated 0 rows and 20 columns.
Reduced MIQP has 0 rows, 26 columns, and 0 nonzeros.
Reduced MIQP has 0 binaries, 26 generals, 0 SOSs, and 0 indicators.
Reduced MIQP objective Q matrix has 676 nonzeros.
Presolve time = 0.00 sec. (0.18 ticks)
Tried aggregator 1 time.
Reduced MIQP has 0 rows, 26 columns, and 0 nonzeros.
Reduced MIQP has 0 binaries, 26 generals, 0 SOSs, and 0 indicators.
Reduced MIQP objective Q matrix has 676 nonzeros.
Presolve time = 0.00 sec. (0.06 ticks)
MIP emphasis: balance optimality and feasibility.
MIP search method: dynamic search.
Parallel mode: deterministic, using up to 32 threads.
Root relaxation solution time = 0.01 sec. (0.39 ticks)

        Nodes                                         Cuts/
   Node  Left     Objective  IInf  Best Integer    Best Bound    ItCnt     Gap

*     0+    0                       3.34798e+09  -1.29493e+10           486.78%
      0     0  1079825.8392    25   3.34798e+09  1079825.8392        8   99.97%
*     0+    0                      4273446.0000  1079825.8392            74.73%
      0     2  1079825.8392    25  4273446.0000  2505018.3697        8   41.38%
Elapsed time = 0.20 sec. (3.06 ticks, tree = 0.01 MB, solutions = 2)

Root node processing (before b&c):
  Real time             =    0.19 sec. (2.96 ticks)
Parallel b&c, 32 threads:
  Real time             =    0.05 sec. (2.71 ticks)
  Sync time (average)   =    0.04 sec.
  Wait time (average)   =    0.00 sec.
                          ------------
Total (root+branch&cut) =    0.24 sec. (5.67 ticks)

Solution pool: 3 solutions saved.

MIP - Integer optimal solution:  Objective =  4.2734460000e+06
Solution time =    0.25 sec.  Iterations = 290  Nodes = 218
Deterministic time = 5.67 ticks  (22.51 ticks/sec)

CPLEX> Incumbent solution written to file 'cplex.sol'.
CPLEX> 

optval(Q): 4273446.000, lowerbound(P): 1831532.282
bestval: 2857710.000
-[21]--------------------------------------------
selection: 21

Welcome to IBM(R) ILOG(R) CPLEX(R) Interactive Optimizer 12.8.0.0
  with Simplex, Mixed Integer & Barrier Optimizers
5725-A06 5725-A29 5724-Y48 5724-Y49 5724-Y54 5724-Y55 5655-Y21
Copyright IBM Corp. 1988, 2017.  All Rights Reserved.

Type 'help' for a list of available commands.
Type 'help' followed by a command name for more
information on commands.

CPLEX> Problem 'cplex.lp' read.
Read time = 0.00 sec. (0.11 ticks)
CPLEX> New value for time limit in seconds: 85962
CPLEX> New value for mixed integer optimality gap tolerance: 1e-10
CPLEX> CPXPARAM_TimeLimit                               85962
CPXPARAM_MIP_Tolerances_MIPGap                   1e-10
Found incumbent of value 2.4304056e+09 after 0.00 sec. (0.02 ticks)
Tried aggregator 1 time.
MIQP Presolve eliminated 0 rows and 21 columns.
Reduced MIQP has 0 rows, 25 columns, and 0 nonzeros.
Reduced MIQP has 0 binaries, 25 generals, 0 SOSs, and 0 indicators.
Reduced MIQP objective Q matrix has 625 nonzeros.
Presolve time = 0.00 sec. (0.17 ticks)
Tried aggregator 1 time.
Reduced MIQP has 0 rows, 25 columns, and 0 nonzeros.
Reduced MIQP has 0 binaries, 25 generals, 0 SOSs, and 0 indicators.
Reduced MIQP objective Q matrix has 625 nonzeros.
Presolve time = 0.00 sec. (0.06 ticks)
MIP emphasis: balance optimality and feasibility.
MIP search method: dynamic search.
Parallel mode: deterministic, using up to 32 threads.
Root relaxation solution time = 0.00 sec. (0.35 ticks)

        Nodes                                         Cuts/
   Node  Left     Objective  IInf  Best Integer    Best Bound    ItCnt     Gap

*     0+    0                       2.43041e+09  -1.15635e+10           575.78%
      0     0   598249.0307    24   2.43041e+09   598249.0307        7   99.98%
*     0+    0                      4022345.0000   598249.0307            85.13%
      0     2   598249.0307    24  4022345.0000  2228491.3220        7   44.60%
Elapsed time = 0.24 sec. (2.79 ticks, tree = 0.01 MB, solutions = 2)

Root node processing (before b&c):
  Real time             =    0.18 sec. (2.70 ticks)
Parallel b&c, 32 threads:
  Real time             =    0.22 sec. (1.33 ticks)
  Sync time (average)   =    0.17 sec.
  Wait time (average)   =    0.00 sec.
                          ------------
Total (root+branch&cut) =    0.41 sec. (4.03 ticks)

Solution pool: 3 solutions saved.

MIP - Integer optimal solution:  Objective =  4.0223450000e+06
Solution time =    0.41 sec.  Iterations = 191  Nodes = 149
Deterministic time = 4.03 ticks  (9.75 ticks/sec)

CPLEX> Incumbent solution written to file 'cplex.sol'.
CPLEX> 

optval(Q): 4022345.000, lowerbound(P): 1855265.067
bestval: 2857710.000
-[22]--------------------------------------------
selection: 22

Welcome to IBM(R) ILOG(R) CPLEX(R) Interactive Optimizer 12.8.0.0
  with Simplex, Mixed Integer & Barrier Optimizers
5725-A06 5725-A29 5724-Y48 5724-Y49 5724-Y54 5724-Y55 5655-Y21
Copyright IBM Corp. 1988, 2017.  All Rights Reserved.

Type 'help' for a list of available commands.
Type 'help' followed by a command name for more
information on commands.

CPLEX> Problem 'cplex.lp' read.
Read time = 0.00 sec. (0.11 ticks)
CPLEX> New value for time limit in seconds: 85962
CPLEX> New value for mixed integer optimality gap tolerance: 1e-10
CPLEX> CPXPARAM_TimeLimit                               85962
CPXPARAM_MIP_Tolerances_MIPGap                   1e-10
Found incumbent of value 2.4499347e+09 after 0.00 sec. (0.02 ticks)
Tried aggregator 1 time.
MIQP Presolve eliminated 0 rows and 22 columns.
Reduced MIQP has 0 rows, 24 columns, and 0 nonzeros.
Reduced MIQP has 0 binaries, 24 generals, 0 SOSs, and 0 indicators.
Reduced MIQP objective Q matrix has 576 nonzeros.
Presolve time = 0.00 sec. (0.17 ticks)
Tried aggregator 1 time.
Reduced MIQP has 0 rows, 24 columns, and 0 nonzeros.
Reduced MIQP has 0 binaries, 24 generals, 0 SOSs, and 0 indicators.
Reduced MIQP objective Q matrix has 576 nonzeros.
Presolve time = 0.00 sec. (0.05 ticks)
MIP emphasis: balance optimality and feasibility.
MIP search method: dynamic search.
Parallel mode: deterministic, using up to 32 threads.
Root relaxation solution time = 0.00 sec. (0.34 ticks)

        Nodes                                         Cuts/
   Node  Left     Objective  IInf  Best Integer    Best Bound    ItCnt     Gap

*     0+    0                       2.44993e+09  -1.00274e+10           509.29%
      0     0  1456398.3696    23   2.44993e+09  1456398.3696        8   99.94%
*     0+    0                      4194427.0000  1456398.3696            65.28%
      0     2  1506806.4714    18  4194427.0000  3088279.1667       13   26.37%
Elapsed time = 0.18 sec. (2.58 ticks, tree = 0.01 MB, solutions = 2)

Root node processing (before b&c):
  Real time             =    0.15 sec. (2.51 ticks)
Parallel b&c, 32 threads:
  Real time             =    0.05 sec. (1.05 ticks)
  Sync time (average)   =    0.02 sec.
  Wait time (average)   =    0.00 sec.
                          ------------
Total (root+branch&cut) =    0.20 sec. (3.56 ticks)

Solution pool: 3 solutions saved.

MIP - Integer optimal solution:  Objective =  4.1944270000e+06
Solution time =    0.21 sec.  Iterations = 87  Nodes = 47
Deterministic time = 3.56 ticks  (17.12 ticks/sec)

CPLEX> Incumbent solution written to file 'cplex.sol'.
CPLEX> 

optval(Q): 4194427.000, lowerbound(P): 1981042.757
bestval: 2857710.000
-[23]--------------------------------------------
selection: 23

Welcome to IBM(R) ILOG(R) CPLEX(R) Interactive Optimizer 12.8.0.0
  with Simplex, Mixed Integer & Barrier Optimizers
5725-A06 5725-A29 5724-Y48 5724-Y49 5724-Y54 5724-Y55 5655-Y21
Copyright IBM Corp. 1988, 2017.  All Rights Reserved.

Type 'help' for a list of available commands.
Type 'help' followed by a command name for more
information on commands.

CPLEX> Problem 'cplex.lp' read.
Read time = 0.00 sec. (0.11 ticks)
CPLEX> New value for time limit in seconds: 85962
CPLEX> New value for mixed integer optimality gap tolerance: 1e-10
CPLEX> CPXPARAM_TimeLimit                               85962
CPXPARAM_MIP_Tolerances_MIPGap                   1e-10
Found incumbent of value 2.8992979e+09 after 0.00 sec. (0.02 ticks)
Found incumbent of value 2.4372219e+09 after 0.00 sec. (0.02 ticks)
Tried aggregator 1 time.
MIQP Presolve eliminated 0 rows and 23 columns.
Reduced MIQP has 0 rows, 23 columns, and 0 nonzeros.
Reduced MIQP has 0 binaries, 23 generals, 0 SOSs, and 0 indicators.
Reduced MIQP objective Q matrix has 529 nonzeros.
Presolve time = 0.00 sec. (0.17 ticks)
Tried aggregator 1 time.
Reduced MIQP has 0 rows, 23 columns, and 0 nonzeros.
Reduced MIQP has 0 binaries, 23 generals, 0 SOSs, and 0 indicators.
Reduced MIQP objective Q matrix has 529 nonzeros.
Presolve time = 0.00 sec. (0.05 ticks)
MIP emphasis: balance optimality and feasibility.
MIP search method: dynamic search.
Parallel mode: deterministic, using up to 32 threads.
Root relaxation solution time = 0.01 sec. (0.32 ticks)

        Nodes                                         Cuts/
   Node  Left     Objective  IInf  Best Integer    Best Bound    ItCnt     Gap

*     0+    0                       2.43722e+09  -9.28749e+09           481.07%
      0     0  1559871.6034    22   2.43722e+09  1559871.6034        8   99.94%
*     0+    0                      7449798.0000  1559871.6034            79.06%
*     0+    0                      4792991.0000  1559871.6034            67.46%
      0     2  1559871.6034    22  4792991.0000  2249607.1667        8   53.06%
Elapsed time = 0.36 sec. (2.39 ticks, tree = 0.01 MB, solutions = 3)

Root node processing (before b&c):
  Real time             =    0.29 sec. (2.32 ticks)
Parallel b&c, 32 threads:
  Real time             =    0.12 sec. (1.06 ticks)
  Sync time (average)   =    0.06 sec.
  Wait time (average)   =    0.00 sec.
                          ------------
Total (root+branch&cut) =    0.41 sec. (3.37 ticks)

Solution pool: 4 solutions saved.

MIP - Integer optimal solution:  Objective =  4.7929910000e+06
Solution time =    0.42 sec.  Iterations = 99  Nodes = 79
Deterministic time = 3.37 ticks  (8.05 ticks/sec)

CPLEX> Incumbent solution written to file 'cplex.sol'.
CPLEX> 

optval(Q): 4792991.000, lowerbound(P): 2017085.662
bestval: 2857710.000
-[24]--------------------------------------------
selection: 24

Welcome to IBM(R) ILOG(R) CPLEX(R) Interactive Optimizer 12.8.0.0
  with Simplex, Mixed Integer & Barrier Optimizers
5725-A06 5725-A29 5724-Y48 5724-Y49 5724-Y54 5724-Y55 5655-Y21
Copyright IBM Corp. 1988, 2017.  All Rights Reserved.

Type 'help' for a list of available commands.
Type 'help' followed by a command name for more
information on commands.

CPLEX> Problem 'cplex.lp' read.
Read time = 0.00 sec. (0.11 ticks)
CPLEX> New value for time limit in seconds: 85961
CPLEX> New value for mixed integer optimality gap tolerance: 1e-10
CPLEX> CPXPARAM_TimeLimit                               85961
CPXPARAM_MIP_Tolerances_MIPGap                   1e-10
Found incumbent of value 2.6560786e+09 after 0.00 sec. (0.02 ticks)
Tried aggregator 1 time.
MIQP Presolve eliminated 0 rows and 24 columns.
Reduced MIQP has 0 rows, 22 columns, and 0 nonzeros.
Reduced MIQP has 0 binaries, 22 generals, 0 SOSs, and 0 indicators.
Reduced MIQP objective Q matrix has 484 nonzeros.
Presolve time = 0.00 sec. (0.17 ticks)
Tried aggregator 1 time.
Reduced MIQP has 0 rows, 22 columns, and 0 nonzeros.
Reduced MIQP has 0 binaries, 22 generals, 0 SOSs, and 0 indicators.
Reduced MIQP objective Q matrix has 484 nonzeros.
Presolve time = 0.00 sec. (0.04 ticks)
MIP emphasis: balance optimality and feasibility.
MIP search method: dynamic search.
Parallel mode: deterministic, using up to 32 threads.
Root relaxation solution time = 0.00 sec. (0.30 ticks)

        Nodes                                         Cuts/
   Node  Left     Objective  IInf  Best Integer    Best Bound    ItCnt     Gap

*     0+    0                       2.65608e+09  -8.41451e+09           416.80%
      0     0  1099442.9132    21   2.65608e+09  1099442.9132        8   99.96%
*     0+    0                      7805006.0000  1099442.9132            85.91%
*     0+    0                      5132038.0000  1099442.9132            78.58%
*     0+    0                      4920313.0000  1099442.9132            77.66%
      0     2  1099442.9132    21  4920313.0000  2237419.6053        8   54.53%
Elapsed time = 0.19 sec. (2.22 ticks, tree = 0.01 MB, solutions = 4)

Root node processing (before b&c):
  Real time             =    0.14 sec. (2.15 ticks)
Parallel b&c, 32 threads:
  Real time             =    0.11 sec. (1.37 ticks)
  Sync time (average)   =    0.06 sec.
  Wait time (average)   =    0.00 sec.
                          ------------
Total (root+branch&cut) =    0.25 sec. (3.52 ticks)

Solution pool: 5 solutions saved.

MIP - Integer optimal solution:  Objective =  4.9203130000e+06
Solution time =    0.25 sec.  Iterations = 156  Nodes = 123
Deterministic time = 3.52 ticks  (13.93 ticks/sec)

CPLEX> Incumbent solution written to file 'cplex.sol'.
CPLEX> 

optval(Q): 4920313.000, lowerbound(P): 2055577.894
bestval: 2857710.000
-[25]--------------------------------------------
selection: 25

Welcome to IBM(R) ILOG(R) CPLEX(R) Interactive Optimizer 12.8.0.0
  with Simplex, Mixed Integer & Barrier Optimizers
5725-A06 5725-A29 5724-Y48 5724-Y49 5724-Y54 5724-Y55 5655-Y21
Copyright IBM Corp. 1988, 2017.  All Rights Reserved.

Type 'help' for a list of available commands.
Type 'help' followed by a command name for more
information on commands.

CPLEX> Problem 'cplex.lp' read.
Read time = 0.00 sec. (0.11 ticks)
CPLEX> New value for time limit in seconds: 85961
CPLEX> New value for mixed integer optimality gap tolerance: 1e-10
CPLEX> CPXPARAM_TimeLimit                               85961
CPXPARAM_MIP_Tolerances_MIPGap                   1e-10
Found incumbent of value 2.1063276e+09 after 0.00 sec. (0.02 ticks)
Tried aggregator 1 time.
MIQP Presolve eliminated 0 rows and 25 columns.
Reduced MIQP has 0 rows, 21 columns, and 0 nonzeros.
Reduced MIQP has 0 binaries, 21 generals, 0 SOSs, and 0 indicators.
Reduced MIQP objective Q matrix has 441 nonzeros.
Presolve time = 0.00 sec. (0.17 ticks)
Tried aggregator 1 time.
Reduced MIQP has 0 rows, 21 columns, and 0 nonzeros.
Reduced MIQP has 0 binaries, 21 generals, 0 SOSs, and 0 indicators.
Reduced MIQP objective Q matrix has 441 nonzeros.
Presolve time = 0.00 sec. (0.04 ticks)
MIP emphasis: balance optimality and feasibility.
MIP search method: dynamic search.
Parallel mode: deterministic, using up to 32 threads.
Root relaxation solution time = 0.00 sec. (0.29 ticks)

        Nodes                                         Cuts/
   Node  Left     Objective  IInf  Best Integer    Best Bound    ItCnt     Gap

*     0+    0                       2.10633e+09  -7.33352e+09           448.17%
      0     0  2263436.7472    20   2.10633e+09  2263436.7472        9   99.89%
*     0+    0                      8832636.0000  2263436.7472            74.37%
*     0+    0                      5650765.0000  2263436.7472            59.94%
      0     2  2263436.7472    20  5650765.0000  2716002.7999        9   51.94%
Elapsed time = 0.18 sec. (2.01 ticks, tree = 0.01 MB, solutions = 3)

Root node processing (before b&c):
  Real time             =    0.14 sec. (1.94 ticks)
Parallel b&c, 32 threads:
  Real time             =    0.16 sec. (1.11 ticks)
  Sync time (average)   =    0.13 sec.
  Wait time (average)   =    0.00 sec.
                          ------------
Total (root+branch&cut) =    0.31 sec. (3.05 ticks)

Solution pool: 4 solutions saved.

MIP - Integer optimal solution:  Objective =  5.6507650000e+06
Solution time =    0.31 sec.  Iterations = 88  Nodes = 68
Deterministic time = 3.05 ticks  (9.80 ticks/sec)

CPLEX> Incumbent solution written to file 'cplex.sol'.
CPLEX> 

optval(Q): 5650765.000, lowerbound(P): 2343768.412
bestval: 2857710.000
-[26]--------------------------------------------
selection: 26

Welcome to IBM(R) ILOG(R) CPLEX(R) Interactive Optimizer 12.8.0.0
  with Simplex, Mixed Integer & Barrier Optimizers
5725-A06 5725-A29 5724-Y48 5724-Y49 5724-Y54 5724-Y55 5655-Y21
Copyright IBM Corp. 1988, 2017.  All Rights Reserved.

Type 'help' for a list of available commands.
Type 'help' followed by a command name for more
information on commands.

CPLEX> Problem 'cplex.lp' read.
Read time = 0.00 sec. (0.11 ticks)
CPLEX> New value for time limit in seconds: 85961
CPLEX> New value for mixed integer optimality gap tolerance: 1e-10
CPLEX> CPXPARAM_TimeLimit                               85961
CPXPARAM_MIP_Tolerances_MIPGap                   1e-10
Found incumbent of value 1.8039129e+09 after 0.00 sec. (0.02 ticks)
Tried aggregator 1 time.
MIQP Presolve eliminated 0 rows and 26 columns.
Reduced MIQP has 0 rows, 20 columns, and 0 nonzeros.
Reduced MIQP has 0 binaries, 20 generals, 0 SOSs, and 0 indicators.
Reduced MIQP objective Q matrix has 400 nonzeros.
Presolve time = 0.00 sec. (0.17 ticks)
Tried aggregator 1 time.
Reduced MIQP has 0 rows, 20 columns, and 0 nonzeros.
Reduced MIQP has 0 binaries, 20 generals, 0 SOSs, and 0 indicators.
Reduced MIQP objective Q matrix has 400 nonzeros.
Presolve time = 0.00 sec. (0.04 ticks)
MIP emphasis: balance optimality and feasibility.
MIP search method: dynamic search.
Parallel mode: deterministic, using up to 32 threads.
Root relaxation solution time = 0.01 sec. (0.27 ticks)

        Nodes                                         Cuts/
   Node  Left     Objective  IInf  Best Integer    Best Bound    ItCnt     Gap

*     0+    0                       1.80391e+09  -6.20344e+09           443.89%
      0     0  3266100.1240    19   1.80391e+09  3266100.1240        9   99.82%
*     0+    0                      4835776.0000  3266100.1240            32.46%
      0     0        cutoff        4835776.0000                     27    0.00%
Elapsed time = 0.20 sec. (1.26 ticks, tree = 0.01 MB, solutions = 2)

Root node processing (before b&c):
  Real time             =    0.20 sec. (1.26 ticks)
Parallel b&c, 32 threads:
  Real time             =    0.00 sec. (0.00 ticks)
  Sync time (average)   =    0.00 sec.
  Wait time (average)   =    0.00 sec.
                          ------------
Total (root+branch&cut) =    0.20 sec. (1.26 ticks)

Solution pool: 3 solutions saved.

MIP - Integer optimal solution:  Objective =  4.8357760000e+06
Solution time =    0.20 sec.  Iterations = 27  Nodes = 0
Deterministic time = 1.26 ticks  (6.20 ticks/sec)

CPLEX> Incumbent solution written to file 'cplex.sol'.
CPLEX> 

optval(Q): 4835776.000, lowerbound(P): 2374209.109
bestval: 2857710.000
-[27]--------------------------------------------
selection: 27

Welcome to IBM(R) ILOG(R) CPLEX(R) Interactive Optimizer 12.8.0.0
  with Simplex, Mixed Integer & Barrier Optimizers
5725-A06 5725-A29 5724-Y48 5724-Y49 5724-Y54 5724-Y55 5655-Y21
Copyright IBM Corp. 1988, 2017.  All Rights Reserved.

Type 'help' for a list of available commands.
Type 'help' followed by a command name for more
information on commands.

CPLEX> Problem 'cplex.lp' read.
Read time = 0.00 sec. (0.11 ticks)
CPLEX> New value for time limit in seconds: 85960
CPLEX> New value for mixed integer optimality gap tolerance: 1e-10
CPLEX> CPXPARAM_TimeLimit                               85960
CPXPARAM_MIP_Tolerances_MIPGap                   1e-10
Found incumbent of value 2.0181976e+09 after 0.00 sec. (0.02 ticks)
Found incumbent of value 1.8203543e+09 after 0.00 sec. (0.02 ticks)
Tried aggregator 1 time.
MIQP Presolve eliminated 0 rows and 27 columns.
Reduced MIQP has 0 rows, 19 columns, and 0 nonzeros.
Reduced MIQP has 0 binaries, 19 generals, 0 SOSs, and 0 indicators.
Reduced MIQP objective Q matrix has 361 nonzeros.
Presolve time = 0.00 sec. (0.16 ticks)
Tried aggregator 1 time.
Reduced MIQP has 0 rows, 19 columns, and 0 nonzeros.
Reduced MIQP has 0 binaries, 19 generals, 0 SOSs, and 0 indicators.
Reduced MIQP objective Q matrix has 361 nonzeros.
Presolve time = 0.00 sec. (0.03 ticks)
MIP emphasis: balance optimality and feasibility.
MIP search method: dynamic search.
Parallel mode: deterministic, using up to 32 threads.
Root relaxation solution time = 0.00 sec. (0.25 ticks)

        Nodes                                         Cuts/
   Node  Left     Objective  IInf  Best Integer    Best Bound    ItCnt     Gap

*     0+    0                       1.82035e+09  -5.57812e+09           406.43%
      0     0  1815734.9724    18   1.82035e+09  1815734.9724        9   99.90%
*     0+    0                      4319955.0000  1815734.9724            57.97%

Repeating presolve.
Tried aggregator 1 time.
MIQP Presolve eliminated 0 rows and 6 columns.
Reduced MIQP has 0 rows, 13 columns, and 0 nonzeros.
Reduced MIQP has 2 binaries, 11 generals, 0 SOSs, and 0 indicators.
Reduced MIQP objective Q matrix has 169 nonzeros.
Presolve time = 0.00 sec. (0.02 ticks)
Probing time = 0.00 sec. (0.00 ticks)
Tried aggregator 1 time.
MIQP Presolve added 46 rows and 23 columns.
Reduced MIQP has 46 rows, 36 columns, and 96 nonzeros.
Reduced MIQP has 3 binaries, 11 generals, 0 SOSs, and 0 indicators.
Reduced MIQP objective Q matrix has 121 nonzeros.
Presolve time = 0.00 sec. (0.02 ticks)
Represolve time = 0.00 sec. (0.08 ticks)
Probing time = 0.00 sec. (0.00 ticks)
Clique table members: 1.
MIP emphasis: balance optimality and feasibility.
MIP search method: dynamic search.
Parallel mode: deterministic, using up to 32 threads.
Root relaxation solution time = 0.01 sec. (0.54 ticks)

        Nodes                                         Cuts/
   Node  Left     Objective  IInf  Best Integer    Best Bound    ItCnt     Gap

*     0+    0                      4319955.0000  3540396.7731            18.05%
      0     0 -4611985.6094     7  4319955.0000  3540396.7731       34   18.05%
      0     2 -4611985.6094     7  4319955.0000  3540396.7731       34   18.05%
Elapsed time = 0.27 sec. (2.99 ticks, tree = 0.01 MB, solutions = 2)

Root node processing (before b&c):
  Real time             =    0.26 sec. (2.93 ticks)
Parallel b&c, 32 threads:
  Real time             =    0.02 sec. (0.76 ticks)
  Sync time (average)   =    0.01 sec.
  Wait time (average)   =    0.00 sec.
                          ------------
Total (root+branch&cut) =    0.28 sec. (3.70 ticks)

Solution pool: 3 solutions saved.

MIP - Integer optimal solution:  Objective =  4.3199550000e+06
Solution time =    0.29 sec.  Iterations = 78  Nodes = 12
Deterministic time = 3.70 ticks  (12.88 ticks/sec)

CPLEX> Incumbent solution written to file 'cplex.sol'.
CPLEX> 

optval(Q): 4319955.000, lowerbound(P): 2375066.774
bestval: 2857710.000
-[28]--------------------------------------------
selection: 28

Welcome to IBM(R) ILOG(R) CPLEX(R) Interactive Optimizer 12.8.0.0
  with Simplex, Mixed Integer & Barrier Optimizers
5725-A06 5725-A29 5724-Y48 5724-Y49 5724-Y54 5724-Y55 5655-Y21
Copyright IBM Corp. 1988, 2017.  All Rights Reserved.

Type 'help' for a list of available commands.
Type 'help' followed by a command name for more
information on commands.

CPLEX> Problem 'cplex.lp' read.
Read time = 0.00 sec. (0.11 ticks)
CPLEX> New value for time limit in seconds: 85960
CPLEX> New value for mixed integer optimality gap tolerance: 1e-10
CPLEX> CPXPARAM_TimeLimit                               85960
CPXPARAM_MIP_Tolerances_MIPGap                   1e-10
Found incumbent of value 1.5822824e+09 after 0.00 sec. (0.02 ticks)
Tried aggregator 1 time.
MIQP Presolve eliminated 0 rows and 28 columns.
Reduced MIQP has 0 rows, 18 columns, and 0 nonzeros.
Reduced MIQP has 0 binaries, 18 generals, 0 SOSs, and 0 indicators.
Reduced MIQP objective Q matrix has 324 nonzeros.
Presolve time = 0.00 sec. (0.16 ticks)
Tried aggregator 1 time.
Reduced MIQP has 0 rows, 18 columns, and 0 nonzeros.
Reduced MIQP has 0 binaries, 18 generals, 0 SOSs, and 0 indicators.
Reduced MIQP objective Q matrix has 324 nonzeros.
Presolve time = 0.00 sec. (0.03 ticks)
MIP emphasis: balance optimality and feasibility.
MIP search method: dynamic search.
Parallel mode: deterministic, using up to 32 threads.
Root relaxation solution time = 0.00 sec. (0.23 ticks)

        Nodes                                         Cuts/
   Node  Left     Objective  IInf  Best Integer    Best Bound    ItCnt     Gap

*     0+    0                       1.58228e+09  -4.94352e+09           412.43%
      0     0  2381470.6068    17   1.58228e+09  2381470.6068        9   99.85%
*     0+    0                      5000852.0000  2381470.6068            52.38%
      0     0        cutoff        5000852.0000  5000852.0000       21    0.00%
Elapsed time = 0.20 sec. (1.43 ticks, tree = 0.01 MB, solutions = 2)

Root node processing (before b&c):
  Real time             =    0.20 sec. (1.44 ticks)
Parallel b&c, 32 threads:
  Real time             =    0.00 sec. (0.00 ticks)
  Sync time (average)   =    0.00 sec.
  Wait time (average)   =    0.00 sec.
                          ------------
Total (root+branch&cut) =    0.20 sec. (1.44 ticks)

Solution pool: 3 solutions saved.

MIP - Integer optimal solution:  Objective =  5.0008520000e+06
Solution time =    0.21 sec.  Iterations = 21  Nodes = 0
Deterministic time = 1.44 ticks  (6.82 ticks/sec)

CPLEX> Incumbent solution written to file 'cplex.sol'.
CPLEX> 

optval(Q): 5000852.000, lowerbound(P): 2378616.796
bestval: 2857710.000
-[29]--------------------------------------------
selection: 29

Welcome to IBM(R) ILOG(R) CPLEX(R) Interactive Optimizer 12.8.0.0
  with Simplex, Mixed Integer & Barrier Optimizers
5725-A06 5725-A29 5724-Y48 5724-Y49 5724-Y54 5724-Y55 5655-Y21
Copyright IBM Corp. 1988, 2017.  All Rights Reserved.

Type 'help' for a list of available commands.
Type 'help' followed by a command name for more
information on commands.

CPLEX> Problem 'cplex.lp' read.
Read time = 0.00 sec. (0.11 ticks)
CPLEX> New value for time limit in seconds: 85960
CPLEX> New value for mixed integer optimality gap tolerance: 1e-10
CPLEX> CPXPARAM_TimeLimit                               85960
CPXPARAM_MIP_Tolerances_MIPGap                   1e-10
Found incumbent of value 1.5541816e+09 after 0.00 sec. (0.02 ticks)
Tried aggregator 1 time.
MIQP Presolve eliminated 0 rows and 29 columns.
Reduced MIQP has 0 rows, 17 columns, and 0 nonzeros.
Reduced MIQP has 0 binaries, 17 generals, 0 SOSs, and 0 indicators.
Reduced MIQP objective Q matrix has 289 nonzeros.
Presolve time = 0.00 sec. (0.16 ticks)
Tried aggregator 1 time.
Reduced MIQP has 0 rows, 17 columns, and 0 nonzeros.
Reduced MIQP has 0 binaries, 17 generals, 0 SOSs, and 0 indicators.
Reduced MIQP objective Q matrix has 289 nonzeros.
Presolve time = 0.00 sec. (0.03 ticks)
MIP emphasis: balance optimality and feasibility.
MIP search method: dynamic search.
Parallel mode: deterministic, using up to 32 threads.
Root relaxation solution time = 0.01 sec. (0.21 ticks)

        Nodes                                         Cuts/
   Node  Left     Objective  IInf  Best Integer    Best Bound    ItCnt     Gap

*     0+    0                       1.55418e+09  -4.16604e+09           368.05%
      0     0  3455807.6612    16   1.55418e+09  3455807.6612        9   99.78%
*     0+    0                      5431568.0000  3455807.6612            36.38%
      0     0        cutoff        5431568.0000                     24    0.00%
Elapsed time = 0.15 sec. (0.80 ticks, tree = 0.01 MB, solutions = 2)

Root node processing (before b&c):
  Real time             =    0.15 sec. (0.81 ticks)
Parallel b&c, 32 threads:
  Real time             =    0.00 sec. (0.00 ticks)
  Sync time (average)   =    0.00 sec.
  Wait time (average)   =    0.00 sec.
                          ------------
Total (root+branch&cut) =    0.15 sec. (0.81 ticks)

Solution pool: 3 solutions saved.

MIP - Integer optimal solution:  Objective =  5.4315680000e+06
Solution time =    0.16 sec.  Iterations = 24  Nodes = 0
Deterministic time = 0.81 ticks  (5.17 ticks/sec)

CPLEX> Incumbent solution written to file 'cplex.sol'.
CPLEX> 

optval(Q): 5431568.000, lowerbound(P): 2854199.723
bestval: 2857710.000
-[30]--------------------------------------------
selection: 30

Welcome to IBM(R) ILOG(R) CPLEX(R) Interactive Optimizer 12.8.0.0
  with Simplex, Mixed Integer & Barrier Optimizers
5725-A06 5725-A29 5724-Y48 5724-Y49 5724-Y54 5724-Y55 5655-Y21
Copyright IBM Corp. 1988, 2017.  All Rights Reserved.

Type 'help' for a list of available commands.
Type 'help' followed by a command name for more
information on commands.

CPLEX> Problem 'cplex.lp' read.
Read time = 0.00 sec. (0.11 ticks)
CPLEX> New value for time limit in seconds: 85960
CPLEX> New value for mixed integer optimality gap tolerance: 1e-10
CPLEX> CPXPARAM_TimeLimit                               85960
CPXPARAM_MIP_Tolerances_MIPGap                   1e-10
Found incumbent of value 1.1808983e+09 after 0.00 sec. (0.02 ticks)
Tried aggregator 1 time.
MIQP Presolve eliminated 0 rows and 30 columns.
Reduced MIQP has 0 rows, 16 columns, and 0 nonzeros.
Reduced MIQP has 0 binaries, 16 generals, 0 SOSs, and 0 indicators.
Reduced MIQP objective Q matrix has 256 nonzeros.
Presolve time = 0.00 sec. (0.16 ticks)
Tried aggregator 1 time.
Reduced MIQP has 0 rows, 16 columns, and 0 nonzeros.
Reduced MIQP has 0 binaries, 16 generals, 0 SOSs, and 0 indicators.
Reduced MIQP objective Q matrix has 256 nonzeros.
Presolve time = 0.00 sec. (0.02 ticks)
MIP emphasis: balance optimality and feasibility.
MIP search method: dynamic search.
Parallel mode: deterministic, using up to 32 threads.
Root relaxation solution time = 0.01 sec. (0.20 ticks)

        Nodes                                         Cuts/
   Node  Left     Objective  IInf  Best Integer    Best Bound    ItCnt     Gap

*     0+    0                       1.18090e+09  -3.59121e+09           404.11%
      0     0  4051854.8374    15   1.18090e+09  4051854.8374       10   99.66%
*     0+    0                      5484055.0000  4051854.8374            26.12%
      0     0        cutoff        5484055.0000                     24    0.00%
Elapsed time = 0.13 sec. (0.75 ticks, tree = 0.01 MB, solutions = 2)

Root node processing (before b&c):
  Real time             =    0.13 sec. (0.75 ticks)
Parallel b&c, 32 threads:
  Real time             =    0.00 sec. (0.00 ticks)
  Sync time (average)   =    0.00 sec.
  Wait time (average)   =    0.00 sec.
                          ------------
Total (root+branch&cut) =    0.13 sec. (0.75 ticks)

Solution pool: 3 solutions saved.

MIP - Integer optimal solution:  Objective =  5.4840550000e+06
Solution time =    0.13 sec.  Iterations = 24  Nodes = 0
Deterministic time = 0.75 ticks  (5.63 ticks/sec)

CPLEX> Incumbent solution written to file 'cplex.sol'.
CPLEX> 

optval(Q): 5484055.000, lowerbound(P): 2890538.584
CUT-OFF!!

time: 441s
best value: 2857710.000
norm: 1690.476
AF: 0.959
Nodes: 0
best solution:
 0: 1.000
