Bounds: 
x_0: [ -7.000, 7.000]
x_1: [ -11.000, 11.000]
x_2: [ -5.000, 5.000]
x_3: [ -14.000, 14.000]
x_4: [ -11.000, 11.000]
x_5: [ -10.000, 10.000]
x_6: [ -10.000, 10.000]
x_7: [ -4.000, 4.000]
x_8: [ -4.000, 4.000]
x_9: [ -7.000, 7.000]
x_10: [ -7.000, 7.000]
x_11: [ -5.000, 5.000]
x_12: [ -7.000, 7.000]
x_13: [ -6.000, 6.000]
x_14: [ -4.000, 4.000]
x_15: [ -7.000, 7.000]
x_16: [ -3.000, 3.000]
x_17: [ -5.000, 5.000]
x_18: [ -4.000, 4.000]
x_19: [ -5.000, 5.000]
x_20: [ -4.000, 4.000]
x_21: [ -4.000, 4.000]
x_22: [ -3.000, 3.000]
x_23: [ -3.000, 3.000]
x_24: [ -3.000, 3.000]
x_25: [ -4.000, 4.000]
x_26: [ -3.000, 3.000]
x_27: [ -4.000, 4.000]
x_28: [ -3.000, 3.000]
x_29: [ -3.000, 3.000]
x_30: [ -3.000, 3.000]
x_31: [ -3.000, 3.000]
x_32: [ -2.000, 2.000]
x_33: [ -2.000, 2.000]
x_34: [ -2.000, 2.000]
x_35: [ -2.000, 2.000]
x_36: [ -2.000, 2.000]
x_37: [ -3.000, 3.000]
x_38: [ -2.000, 2.000]
x_39: [ -2.000, 2.000]
x_40: [ -2.000, 2.000]
x_41: [ -2.000, 2.000]
0s(:0.060,0.049,0.001) [504/497(1000)] dpt:8 [ 1668644.711, 350048.180, 2237434.000, 84.355%] cutoff:4 AF:0.892
0s(:0.046,0.039,0.001) [1012/989(2000)] dpt:9 [ 1221492.971, 350048.180, 2237434.000, 84.355%] cutoff:8 AF:0.892
0s(:0.038,0.032,0.000) [1534/1467(3000)] dpt:10 [ 1663990.036, 350048.180, 2237434.000, 84.355%] cutoff:22 AF:0.892
0s(:0.036,0.031,0.000) [2057/1944(4000)] dpt:11 [ 1205874.232, 350048.180, 2237434.000, 84.355%] cutoff:23 AF:0.892
0s(:0.032,0.026,0.000) [2605/2396(5000)] dpt:11 [ 2186299.829, 350048.180, 2237434.000, 84.355%] cutoff:48 AF:0.892
0s(:0.035,0.030,0.000) [3160/2841(6000)] dpt:11 [ 1739479.359, 350048.180, 2237434.000, 84.355%] cutoff:55 AF:0.892
0s(:0.036,0.031,0.000) [3720/3281(7000)] dpt:11 [ 1502316.923, 350048.180, 2237434.000, 84.355%] cutoff:60 AF:0.892
0s(:0.029,0.024,0.000) [4258/3743(8000)] dpt:12 [ 1047394.227, 350048.180, 2237434.000, 84.355%] cutoff:38 AF:0.892
1s(:0.035,0.029,0.000) [4865/4136(9000)] dpt:12 [ 2115481.367, 350048.180, 2237434.000, 84.355%] cutoff:107 AF:0.892
Sorting Time: 0.001s
1s(:0.038,0.032,0.000) [6961/4568(10000)] dpt:12 [ 350048.180, 350048.180, 2237434.000, 84.355%] cutoff:68 AF:0.892
1s(:0.033,0.028,0.000) [7703/5068(11000)] dpt:13 [ 1603017.286, 350048.180, 2237434.000, 84.355%] cutoff:0 AF:0.892
1s(:0.032,0.027,0.000) [8732/5567(12000)] dpt:13 [ 1289878.647, 350048.180, 2237434.000, 84.355%] cutoff:1 AF:0.892
1s(:0.033,0.028,0.000) [9404/6063(13000)] dpt:13 [ 1446431.788, 350048.180, 2237434.000, 84.355%] cutoff:4 AF:0.892
1s(:0.033,0.028,0.000) [8567/6544(14000)] dpt:13 [ 1839466.256, 350048.180, 2237434.000, 84.355%] cutoff:19 AF:0.892
1s(:0.034,0.028,0.000) [5626/7005(15000)] dpt:12 [ 2414445.383, 350048.180, 2237434.000, 84.355%] cutoff:40 AF:0.892
1s(:0.038,0.032,0.000) [7274/7405(16000)] dpt:12 [ 2275090.187, 350048.180, 2237434.000, 84.355%] cutoff:100 AF:0.892
1s(:0.044,0.038,0.000) [5506/7677(17000)] dpt:12 [ 2916406.390, 350048.180, 2237434.000, 84.355%] cutoff:228 AF:0.892
1s(:0.053,0.045,0.001) [10229/7772(18000)] dpt:13 [ 1049881.057, 350048.180, 2237434.000, 84.355%] cutoff:404 AF:0.892
1s(:0.033,0.028,0.000) [10737/8264(19000)] dpt:13 [ 1538900.804, 350048.180, 2237434.000, 84.355%] cutoff:8 AF:0.892
Sorting Time: 0.001s
1s(:0.033,0.027,0.000) [17549/8753(20000)] dpt:14 [ 350048.180, 350048.180, 2237434.000, 84.355%] cutoff:11 AF:0.892
1s(:0.030,0.026,0.000) [19257/9253(21000)] dpt:15 [ 1319405.238, 350048.180, 2237434.000, 84.355%] cutoff:0 AF:0.892
1s(:0.029,0.025,0.000) [19143/9752(22000)] dpt:15 [ 1680633.759, 350048.180, 2237434.000, 84.355%] cutoff:1 AF:0.892
1s(:0.027,0.023,0.000) [12101/10248(23000)] dpt:13 [ 1365900.059, 350048.180, 2237434.000, 84.355%] cutoff:4 AF:0.892
1s(:0.027,0.023,0.000) [18655/10738(24000)] dpt:15 [ 1877776.909, 350048.180, 2237434.000, 84.355%] cutoff:10 AF:0.892
1s(:0.028,0.024,0.000) [13188/11217(25000)] dpt:14 [ 1671013.664, 350048.180, 2237434.000, 84.355%] cutoff:21 AF:0.892
1s(:0.029,0.024,0.000) [12473/11690(26000)] dpt:14 [ 2233688.554, 350048.180, 2237434.000, 84.355%] cutoff:27 AF:0.892
1s(:0.029,0.024,0.000) [14244/12147(27000)] dpt:13 [ 2074111.673, 350048.180, 2237434.000, 84.355%] cutoff:43 AF:0.892
1s(:0.029,0.024,0.000) [13674/12597(28000)] dpt:13 [ 2152291.619, 350048.180, 2237434.000, 84.355%] cutoff:50 AF:0.892
1s(:0.029,0.024,0.000) [18209/13028(29000)] dpt:14 [ 1806735.051, 350048.180, 2237434.000, 84.355%] cutoff:69 AF:0.892
Sorting Time: 0.002s
1s(:0.034,0.028,0.000) [20001/13406(30000)] dpt:15 [ 350048.180, 350048.180, 2237434.000, 84.355%] cutoff:122 AF:0.892
1s(:0.028,0.024,0.000) [20413/13906(31000)] dpt:16 [ 1682736.420, 350048.180, 2237434.000, 84.355%] cutoff:0 AF:0.892
1s(:0.029,0.024,0.000) [21900/14403(32000)] dpt:16 [ 1226719.283, 350048.180, 2237434.000, 84.355%] cutoff:3 AF:0.892
1s(:0.029,0.025,0.000) [20280/14897(33000)] dpt:16 [ 1520417.451, 350048.180, 2237434.000, 84.355%] cutoff:6 AF:0.892
1s(:0.029,0.024,0.000) [23129/15386(34000)] dpt:14 [ 1453243.874, 350048.180, 2237434.000, 84.355%] cutoff:11 AF:0.892
1s(:0.029,0.025,0.000) [22132/15871(35000)] dpt:15 [ 1438453.282, 350048.180, 2237434.000, 84.355%] cutoff:15 AF:0.892
1s(:0.029,0.024,0.000) [24419/16348(36000)] dpt:15 [ 1493150.815, 350048.180, 2237434.000, 84.355%] cutoff:23 AF:0.892
1s(:0.029,0.025,0.000) [25887/16824(37000)] dpt:14 [ 1662400.135, 350048.180, 2237434.000, 84.355%] cutoff:24 AF:0.892
1s(:0.030,0.025,0.000) [26462/17295(38000)] dpt:15 [ 2234530.698, 350048.180, 2237434.000, 84.355%] cutoff:29 AF:0.892
1s(:0.030,0.026,0.000) [27205/17746(39000)] dpt:15 [ 1690167.000, 350048.180, 2237434.000, 84.355%] cutoff:49 AF:0.892
Sorting Time: 0.002s
1s(:0.032,0.025,0.000) [30001/18196(40000)] dpt:16 [ 491679.520, 350048.180, 2237434.000, 84.355%] cutoff:50 AF:0.892
2s(:0.029,0.024,0.000) [30673/18694(41000)] dpt:16 [ 1212830.137, 350048.180, 2237434.000, 84.355%] cutoff:2 AF:0.892
2s(:0.030,0.025,0.000) [30369/19190(42000)] dpt:17 [ 1708217.543, 350048.180, 2237434.000, 84.355%] cutoff:4 AF:0.892
2s(:0.030,0.025,0.000) [32976/19683(43000)] dpt:16 [ 1608953.076, 350048.180, 2237434.000, 84.355%] cutoff:7 AF:0.892
2s(:0.029,0.025,0.000) [33909/20180(44000)] dpt:16 [ 1839961.224, 350048.180, 2237434.000, 84.355%] cutoff:3 AF:0.892
2s(:0.031,0.027,0.000) [33273/20664(45000)] dpt:17 [ 1414855.178, 350048.180, 2237434.000, 84.355%] cutoff:16 AF:0.892
2s(:0.030,0.026,0.000) [35521/21148(46000)] dpt:16 [ 1704136.106, 350048.180, 2237434.000, 84.355%] cutoff:16 AF:0.892
2s(:0.030,0.026,0.000) [36353/21622(47000)] dpt:16 [ 1525272.498, 350048.180, 2237434.000, 84.355%] cutoff:26 AF:0.892
2s(:0.030,0.025,0.000) [35986/22093(48000)] dpt:17 [ 1621876.883, 350048.180, 2237434.000, 84.355%] cutoff:29 AF:0.892
2s(:0.031,0.026,0.000) [34417/22546(49000)] dpt:16 [ 1992444.904, 350048.180, 2237434.000, 84.355%] cutoff:47 AF:0.892
Sorting Time: 0.003s
2s(:0.035,0.027,0.000) [40003/22993(50000)] dpt:17 [ 350048.180, 350048.180, 2237434.000, 84.355%] cutoff:53 AF:0.892
2s(:0.031,0.026,0.000) [40811/23493(51000)] dpt:18 [ 1089946.554, 350048.180, 2237434.000, 84.355%] cutoff:0 AF:0.892
2s(:0.031,0.026,0.000) [40521/23987(52000)] dpt:18 [ 1430442.354, 350048.180, 2237434.000, 84.355%] cutoff:6 AF:0.892
2s(:0.031,0.026,0.000) [42641/24473(53000)] dpt:18 [ 1998698.197, 350048.180, 2237434.000, 84.355%] cutoff:14 AF:0.892
2s(:0.033,0.028,0.000) [42942/24964(54000)] dpt:17 [ 1697738.773, 350048.180, 2237434.000, 84.355%] cutoff:9 AF:0.892
2s(:0.032,0.027,0.000) [44207/25453(55000)] dpt:17 [ 1416861.732, 350048.180, 2237434.000, 84.355%] cutoff:11 AF:0.892
2s(:0.033,0.029,0.000) [44929/25927(56000)] dpt:17 [ 1460887.387, 350048.180, 2237434.000, 84.355%] cutoff:26 AF:0.892
2s(:0.031,0.026,0.000) [41755/26403(57000)] dpt:18 [ 1502574.474, 350048.180, 2237434.000, 84.355%] cutoff:24 AF:0.892
2s(:0.032,0.027,0.000) [47642/26866(58000)] dpt:17 [ 1879111.208, 350048.180, 2237434.000, 84.355%] cutoff:37 AF:0.892
2s(:0.032,0.027,0.000) [48423/27331(59000)] dpt:17 [ 2084726.019, 350048.180, 2237434.000, 84.355%] cutoff:35 AF:0.892
Sorting Time: 0.003s
2s(:0.037,0.028,0.000) [50001/27780(60000)] dpt:18 [ 350048.180, 350048.180, 2237434.000, 84.355%] cutoff:51 AF:0.892
2s(:0.036,0.027,0.000) [50507/28274(61000)] dpt:19 [ 1775966.410, 350048.180, 2237434.000, 84.355%] cutoff:6 AF:0.892
2s(:0.033,0.028,0.000) [50333/28772(62000)] dpt:18 [ 1764690.182, 350048.180, 2237434.000, 84.355%] cutoff:2 AF:0.892
2s(:0.033,0.028,0.000) [53134/29259(63000)] dpt:19 [ 1319525.419, 350048.180, 2237434.000, 84.355%] cutoff:13 AF:0.892
2s(:0.034,0.029,0.000) [54139/29738(64000)] dpt:18 [ 1421712.468, 350048.180, 2237434.000, 84.355%] cutoff:21 AF:0.892
Parallel mode ----------------------------------------------------------------------------------------
*2s: GLB=350048.180, best=2237434.000, gap=84.355%, AF=0.892, #solved=1
*2s: GLB=350048.180, best=2237434.000, gap=84.355%, AF=0.892, #solved=5
*2s: GLB=350048.180, best=2237434.000, gap=84.355%, AF=0.892, #solved=4
*2s: GLB=350048.180, best=2237434.000, gap=84.355%, AF=0.892, #solved=2
*2s: GLB=350048.180, best=2237434.000, gap=84.355%, AF=0.892, #solved=3
*2s: GLB=350048.180, best=2237434.000, gap=84.355%, AF=0.892, #solved=6
*2s: GLB=350048.180, best=2237434.000, gap=84.355%, AF=0.892, #solved=7
*2s: GLB=350048.180, best=2237434.000, gap=84.355%, AF=0.892, #solved=8
*2s: GLB=350048.180, best=2237434.000, gap=84.355%, AF=0.892, #solved=10
*2s: GLB=350048.180, best=2237434.000, gap=84.355%, AF=0.892, #solved=11
*2s: GLB=350048.180, best=2237434.000, gap=84.355%, AF=0.892, #solved=12
*2s: GLB=350048.180, best=2237434.000, gap=84.355%, AF=0.892, #solved=15
*2s: GLB=350048.180, best=2237434.000, gap=84.355%, AF=0.892, #solved=16
*2s: GLB=350048.180, best=2237434.000, gap=84.355%, AF=0.892, #solved=17
*2s: GLB=350048.180, best=2237434.000, gap=84.355%, AF=0.892, #solved=18
*2s: GLB=350048.180, best=2237434.000, gap=84.355%, AF=0.892, #solved=19
*2s: GLB=350048.180, best=2237434.000, gap=84.355%, AF=0.892, #solved=21
*2s: GLB=350048.180, best=2237434.000, gap=84.355%, AF=0.892, #solved=22
*2s: GLB=350048.180, best=2237434.000, gap=84.355%, AF=0.892, #solved=23
*2s: GLB=350048.180, best=2237434.000, gap=84.355%, AF=0.892, #solved=25
*2s: GLB=350048.180, best=2237434.000, gap=84.355%, AF=0.892, #solved=30
*2s: GLB=350048.180, best=2237434.000, gap=84.355%, AF=0.892, #solved=32
*2s: GLB=350048.180, best=2237434.000, gap=84.355%, AF=0.892, #solved=37
*2s: GLB=350048.180, best=2237434.000, gap=84.355%, AF=0.892, #solved=44
*2s: GLB=350048.180, best=2237434.000, gap=84.355%, AF=0.892, #solved=45
*2s: GLB=350048.180, best=2237434.000, gap=84.355%, AF=0.892, #solved=51
*2s: GLB=350048.180, best=2237434.000, gap=84.355%, AF=0.892, #solved=53
*2s: GLB=350048.180, best=2237434.000, gap=84.355%, AF=0.892, #solved=55
*2s: GLB=350048.180, best=2237434.000, gap=84.355%, AF=0.892, #solved=61
*2s: GLB=350048.180, best=2237434.000, gap=84.355%, AF=0.892, #solved=71
*3s: GLB=350048.180, best=2237434.000, gap=84.355%, AF=0.892, #solved=129
t24:1s(:19.015,17.647,0.370) [931/70(1000)] dpt:17 [ 2563354.666, 1548598.858, 2237434.000, 30.787%] cutoff:432 AF:0.892
*3s: GLB=350048.180, best=2237434.000, gap=84.355%, AF=0.892, #solved=395
t24:1s(:16.825,15.261,0.437) [725/276(1000)] dpt:11 [ 2227031.013, 350048.180, 2237434.000, 84.355%] cutoff:225 AF:0.892
t25:0s(:20.159,18.113,0.577) [982/19(1000)] dpt:21 [ 3708830.354, 2114511.387, 2237434.000, 5.494%] cutoff:483 AF:0.892
t24:2s(:20.336,18.482,0.525) [1611/390(2000)] dpt:14 [ 2797716.979, 350048.180, 2237434.000, 84.355%] cutoff:387 AF:0.892
t24:2s(:26.688,24.497,0.623) [2650/351(3000)] dpt:16 [ 2809841.090, 444737.940, 2237434.000, 80.123%] cutoff:539 AF:0.892
t24:3s(:27.746,25.567,0.614) [3715/286(4000)] dpt:20 [ 2238216.856, 535515.129, 2237434.000, 76.066%] cutoff:565 AF:0.892
t24:4s(:29.187,26.885,0.656) [4860/141(5000)] dpt:25 [ 2890953.243, 929500.434, 2237434.000, 58.457%] cutoff:645 AF:0.892
*8s: GLB=350048.180, best=2237434.000, gap=84.355%, AF=0.892, #solved=2172
*8s: GLB=353577.092, best=2237434.000, gap=84.197%, AF=0.892, #solved=2243
*8s: GLB=353577.092, best=2237434.000, gap=84.197%, AF=0.892, #solved=2252
*8s: GLB=353577.092, best=2237434.000, gap=84.197%, AF=0.892, #solved=2263
*8s: GLB=353577.092, best=2237434.000, gap=84.197%, AF=0.892, #solved=2328
*8s: GLB=353577.092, best=2237434.000, gap=84.197%, AF=0.892, #solved=2346
*8s: GLB=353577.092, best=2237434.000, gap=84.197%, AF=0.892, #solved=2426
t24:0s(:20.496,18.733,0.497) [833/168(1000)] dpt:13 [ 2075874.884, 476111.467, 2237434.000, 78.721%] cutoff:333 AF:0.892
*8s: GLB=353577.092, best=2237434.000, gap=84.197%, AF=0.892, #solved=2493
*8s: GLB=353577.092, best=2237434.000, gap=84.197%, AF=0.892, #solved=2501
*9s: GLB=353577.092, best=2237434.000, gap=84.197%, AF=0.892, #solved=2598
*9s: GLB=353577.092, best=2237434.000, gap=84.197%, AF=0.892, #solved=2612
*9s: GLB=353577.092, best=2237434.000, gap=84.197%, AF=0.892, #solved=2665
*9s: GLB=353577.092, best=2237434.000, gap=84.197%, AF=0.892, #solved=2737
*9s: GLB=353577.092, best=2237434.000, gap=84.197%, AF=0.892, #solved=2785
*9s: GLB=353577.092, best=2237434.000, gap=84.197%, AF=0.892, #solved=2825
t24:1s(:24.390,22.329,0.584) [1867/134(2000)] dpt:19 [ 1229558.597, 732794.623, 2237434.000, 67.248%] cutoff:534 AF:0.892
*9s: GLB=353577.092, best=2237434.000, gap=84.197%, AF=0.892, #solved=2860
*9s: GLB=353577.092, best=2237434.000, gap=84.197%, AF=0.892, #solved=3023
*9s: GLB=353577.092, best=2237434.000, gap=84.197%, AF=0.892, #solved=3033
*10s: GLB=353577.092, best=2237434.000, gap=84.197%, AF=0.892, #solved=3208
*10s: GLB=353577.092, best=2237434.000, gap=84.197%, AF=0.892, #solved=3350
*11s: GLB=359106.695, best=2237434.000, gap=83.950%, AF=0.892, #solved=3721
t24:1s(:17.665,15.870,0.510) [930/71(1000)] dpt:17 [ 1972826.953, 765235.666, 2237434.000, 65.799%] cutoff:430 AF:0.892
*11s: GLB=415386.196, best=2237434.000, gap=81.435%, AF=0.892, #solved=4096
*12s: GLB=415386.196, best=2237434.000, gap=81.435%, AF=0.892, #solved=4255
*12s: GLB=467039.082, best=2237434.000, gap=79.126%, AF=0.892, #solved=4520
*12s: GLB=467039.082, best=2237434.000, gap=79.126%, AF=0.892, #solved=4647
*12s: GLB=467039.082, best=2237434.000, gap=79.126%, AF=0.892, #solved=4760
*13s: GLB=467039.082, best=2237434.000, gap=79.126%, AF=0.892, #solved=4793
*13s: GLB=467039.082, best=2237434.000, gap=79.126%, AF=0.892, #solved=4807
*13s: GLB=467039.082, best=2237434.000, gap=79.126%, AF=0.892, #solved=4826
*13s: GLB=467039.082, best=2237434.000, gap=79.126%, AF=0.892, #solved=4857
*13s: GLB=467039.082, best=2237434.000, gap=79.126%, AF=0.892, #solved=4857
*13s: GLB=467039.082, best=2237434.000, gap=79.126%, AF=0.892, #solved=4858
t24:1s(:18.025,16.352,0.464) [813/188(1000)] dpt:12 [ 1303550.373, 1125557.079, 2237434.000, 49.694%] cutoff:313 AF:0.892
*13s: GLB=467039.082, best=2237434.000, gap=79.126%, AF=0.892, #solved=4945
*13s: GLB=467039.082, best=2237434.000, gap=79.126%, AF=0.892, #solved=4985
*13s: GLB=467039.082, best=2237434.000, gap=79.126%, AF=0.892, #solved=5005
*13s: GLB=467039.082, best=2237434.000, gap=79.126%, AF=0.892, #solved=5039
*13s: GLB=467039.082, best=2237434.000, gap=79.126%, AF=0.892, #solved=5091
*13s: GLB=467039.082, best=2237434.000, gap=79.126%, AF=0.892, #solved=5192
*13s: GLB=467039.082, best=2237434.000, gap=79.126%, AF=0.892, #solved=5234
*13s: GLB=467039.082, best=2237434.000, gap=79.126%, AF=0.892, #solved=5368
*13s: GLB=467039.082, best=2237434.000, gap=79.126%, AF=0.892, #solved=5389
*13s: GLB=467039.082, best=2237434.000, gap=79.126%, AF=0.892, #solved=5424
t24:1s(:22.810,20.885,0.535) [1836/165(2000)] dpt:18 [ 1564442.025, 1373317.201, 2237434.000, 38.621%] cutoff:523 AF:0.892
*14s: GLB=467039.082, best=2237434.000, gap=79.126%, AF=0.892, #solved=5545
*14s: GLB=467039.082, best=2237434.000, gap=79.126%, AF=0.892, #solved=5805
*14s: GLB=467039.082, best=2237434.000, gap=79.126%, AF=0.892, #solved=5975
*14s: GLB=506398.181, best=2237434.000, gap=77.367%, AF=0.892, #solved=6171
*14s: GLB=506398.181, best=2237434.000, gap=77.367%, AF=0.892, #solved=6247
*15s: GLB=534134.727, best=2237434.000, gap=76.127%, AF=0.892, #solved=6641
*15s: GLB=539849.277, best=2237434.000, gap=75.872%, AF=0.892, #solved=7050
*15s: GLB=539849.277, best=2237434.000, gap=75.872%, AF=0.892, #solved=7146
*16s: GLB=539849.277, best=2237434.000, gap=75.872%, AF=0.892, #solved=7227
*16s: GLB=539849.277, best=2237434.000, gap=75.872%, AF=0.892, #solved=7284
*16s: GLB=539849.277, best=2237434.000, gap=75.872%, AF=0.892, #solved=7334
*16s: GLB=549658.841, best=2237434.000, gap=75.434%, AF=0.892, #solved=7388
*16s: GLB=549658.841, best=2237434.000, gap=75.434%, AF=0.892, #solved=7428
*16s: GLB=549658.841, best=2237434.000, gap=75.434%, AF=0.892, #solved=7442
*16s: GLB=549658.841, best=2237434.000, gap=75.434%, AF=0.892, #solved=7444
*16s: GLB=549658.841, best=2237434.000, gap=75.434%, AF=0.892, #solved=7467
*16s: GLB=549658.841, best=2237434.000, gap=75.434%, AF=0.892, #solved=7499
*16s: GLB=549658.841, best=2237434.000, gap=75.434%, AF=0.892, #solved=7531
*16s: GLB=549658.841, best=2237434.000, gap=75.434%, AF=0.892, #solved=7537
*16s: GLB=549658.841, best=2237434.000, gap=75.434%, AF=0.892, #solved=7634
*16s: GLB=549658.841, best=2237434.000, gap=75.434%, AF=0.892, #solved=7669
*16s: GLB=549658.841, best=2237434.000, gap=75.434%, AF=0.892, #solved=7748
*16s: GLB=549658.841, best=2237434.000, gap=75.434%, AF=0.892, #solved=7773
*16s: GLB=549658.841, best=2237434.000, gap=75.434%, AF=0.892, #solved=7799
*16s: GLB=549658.841, best=2237434.000, gap=75.434%, AF=0.892, #solved=7957
*16s: GLB=549658.841, best=2237434.000, gap=75.434%, AF=0.892, #solved=8010
*17s: GLB=549658.841, best=2237434.000, gap=75.434%, AF=0.892, #solved=8231
*17s: GLB=549658.841, best=2237434.000, gap=75.434%, AF=0.892, #solved=8243
*17s: GLB=549658.841, best=2237434.000, gap=75.434%, AF=0.892, #solved=8342
t24:1s(:15.902,14.296,0.443) [829/172(1000)] dpt:12 [ 2887132.608, 1147344.707, 2237434.000, 48.721%] cutoff:330 AF:0.892
*17s: GLB=549658.841, best=2237434.000, gap=75.434%, AF=0.892, #solved=8650
*17s: GLB=549658.841, best=2237434.000, gap=75.434%, AF=0.892, #solved=8945
*17s: GLB=549658.841, best=2237434.000, gap=75.434%, AF=0.892, #solved=9094
*18s: GLB=549658.841, best=2237434.000, gap=75.434%, AF=0.892, #solved=9147
t24:2s(:24.246,22.051,0.609) [1904/97(2000)] dpt:20 [ 2524670.628, 1597772.994, 2237434.000, 28.589%] cutoff:575 AF:0.892
*18s: GLB=553822.604, best=2237434.000, gap=75.247%, AF=0.892, #solved=9634
*18s: GLB=553822.604, best=2237434.000, gap=75.247%, AF=0.892, #solved=9860
*18s: GLB=553822.604, best=2237434.000, gap=75.247%, AF=0.892, #solved=9983
*18s: GLB=553822.604, best=2237434.000, gap=75.247%, AF=0.892, #solved=10008
*18s: GLB=553822.604, best=2237434.000, gap=75.247%, AF=0.892, #solved=10020
*18s: GLB=553822.604, best=2237434.000, gap=75.247%, AF=0.892, #solved=10036
*18s: GLB=553822.604, best=2237434.000, gap=75.247%, AF=0.892, #solved=10114
*18s: GLB=553822.604, best=2237434.000, gap=75.247%, AF=0.892, #solved=10146
*19s: GLB=553822.604, best=2237434.000, gap=75.247%, AF=0.892, #solved=10194
*19s: GLB=553822.604, best=2237434.000, gap=75.247%, AF=0.892, #solved=10214
*19s: GLB=561757.012, best=2237434.000, gap=74.893%, AF=0.892, #solved=10378
*19s: GLB=561757.012, best=2237434.000, gap=74.893%, AF=0.892, #solved=10451
*19s: GLB=561757.012, best=2237434.000, gap=74.893%, AF=0.892, #solved=10482
*19s: GLB=561757.012, best=2237434.000, gap=74.893%, AF=0.892, #solved=10547
*19s: GLB=561757.012, best=2237434.000, gap=74.893%, AF=0.892, #solved=10548
*19s: GLB=561757.012, best=2237434.000, gap=74.893%, AF=0.892, #solved=10591
*19s: GLB=561757.012, best=2237434.000, gap=74.893%, AF=0.892, #solved=10649
*19s: GLB=561757.012, best=2237434.000, gap=74.893%, AF=0.892, #solved=10653
*19s: GLB=561757.012, best=2237434.000, gap=74.893%, AF=0.892, #solved=10683
*19s: GLB=561757.012, best=2237434.000, gap=74.893%, AF=0.892, #solved=10684
*19s: GLB=561757.012, best=2237434.000, gap=74.893%, AF=0.892, #solved=10804
*19s: GLB=561757.012, best=2237434.000, gap=74.893%, AF=0.892, #solved=11069
t24:0s(:21.077,19.235,0.509) [933/68(1000)] dpt:17 [ 2204931.052, 1590423.271, 2237434.000, 28.918%] cutoff:433 AF:0.892
*19s: GLB=561757.012, best=2237434.000, gap=74.893%, AF=0.892, #solved=11145
*19s: GLB=561757.012, best=2237434.000, gap=74.893%, AF=0.892, #solved=11228
*19s: GLB=561757.012, best=2237434.000, gap=74.893%, AF=0.892, #solved=11345
*20s: GLB=561757.012, best=2237434.000, gap=74.893%, AF=0.892, #solved=11505
*20s: GLB=590851.088, best=2237434.000, gap=73.592%, AF=0.892, #solved=11763
*20s: GLB=590851.088, best=2237434.000, gap=73.592%, AF=0.892, #solved=12247
*20s: GLB=590851.088, best=2237434.000, gap=73.592%, AF=0.892, #solved=12247
*20s: GLB=590851.088, best=2237434.000, gap=73.592%, AF=0.892, #solved=12402
*20s: GLB=590851.088, best=2237434.000, gap=73.592%, AF=0.892, #solved=12680
t24:0s(:23.366,21.366,0.562) [992/9(1000)] dpt:22 [ 3094966.475, 1862297.301, 2237434.000, 16.766%] cutoff:493 AF:0.892
*21s: GLB=602035.201, best=2237434.000, gap=73.093%, AF=0.892, #solved=12806
*21s: GLB=602035.201, best=2237434.000, gap=73.093%, AF=0.892, #solved=12836
*21s: GLB=602035.201, best=2237434.000, gap=73.093%, AF=0.892, #solved=12856
*21s: GLB=602035.201, best=2237434.000, gap=73.093%, AF=0.892, #solved=12882
*21s: GLB=602035.201, best=2237434.000, gap=73.093%, AF=0.892, #solved=13004
*21s: GLB=602035.201, best=2237434.000, gap=73.093%, AF=0.892, #solved=13088
*21s: GLB=602035.201, best=2237434.000, gap=73.093%, AF=0.892, #solved=13092
*21s: GLB=602035.201, best=2237434.000, gap=73.093%, AF=0.892, #solved=13123
*21s: GLB=602035.201, best=2237434.000, gap=73.093%, AF=0.892, #solved=13212
*21s: GLB=602035.201, best=2237434.000, gap=73.093%, AF=0.892, #solved=13354
*21s: GLB=602035.201, best=2237434.000, gap=73.093%, AF=0.892, #solved=13358
*21s: GLB=602035.201, best=2237434.000, gap=73.093%, AF=0.892, #solved=13371
*21s: GLB=602035.201, best=2237434.000, gap=73.093%, AF=0.892, #solved=13405
*21s: GLB=602035.201, best=2237434.000, gap=73.093%, AF=0.892, #solved=13559
*21s: GLB=602035.201, best=2237434.000, gap=73.093%, AF=0.892, #solved=13566
*21s: GLB=602035.201, best=2237434.000, gap=73.093%, AF=0.892, #solved=13571
*21s: GLB=602035.201, best=2237434.000, gap=73.093%, AF=0.892, #solved=13760
*21s: GLB=602035.201, best=2237434.000, gap=73.093%, AF=0.892, #solved=13775
*21s: GLB=602035.201, best=2237434.000, gap=73.093%, AF=0.892, #solved=13784
*21s: GLB=602035.201, best=2237434.000, gap=73.093%, AF=0.892, #solved=13938
*21s: GLB=602035.201, best=2237434.000, gap=73.093%, AF=0.892, #solved=13997
*21s: GLB=602035.201, best=2237434.000, gap=73.093%, AF=0.892, #solved=14031
*22s: GLB=602035.201, best=2237434.000, gap=73.093%, AF=0.892, #solved=14326
*22s: GLB=602035.201, best=2237434.000, gap=73.093%, AF=0.892, #solved=14351
*22s: GLB=605426.432, best=2237434.000, gap=72.941%, AF=0.892, #solved=14929
*22s: GLB=605426.432, best=2237434.000, gap=72.941%, AF=0.892, #solved=15005
*22s: GLB=605426.432, best=2237434.000, gap=72.941%, AF=0.892, #solved=15221
*22s: GLB=605426.432, best=2237434.000, gap=72.941%, AF=0.892, #solved=15427
*22s: GLB=605426.432, best=2237434.000, gap=72.941%, AF=0.892, #solved=15472
*22s: GLB=605426.432, best=2237434.000, gap=72.941%, AF=0.892, #solved=15612
*22s: GLB=605426.432, best=2237434.000, gap=72.941%, AF=0.892, #solved=15630
*22s: GLB=605426.432, best=2237434.000, gap=72.941%, AF=0.892, #solved=15644
*22s: GLB=605426.432, best=2237434.000, gap=72.941%, AF=0.892, #solved=15646
*22s: GLB=605426.432, best=2237434.000, gap=72.941%, AF=0.892, #solved=15773
*22s: GLB=605426.432, best=2237434.000, gap=72.941%, AF=0.892, #solved=15853
*22s: GLB=605426.432, best=2237434.000, gap=72.941%, AF=0.892, #solved=15950
*23s: GLB=605426.432, best=2237434.000, gap=72.941%, AF=0.892, #solved=16082
*23s: GLB=605426.432, best=2237434.000, gap=72.941%, AF=0.892, #solved=16194
*23s: GLB=605426.432, best=2237434.000, gap=72.941%, AF=0.892, #solved=16224
*23s: GLB=605426.432, best=2237434.000, gap=72.941%, AF=0.892, #solved=16303
*23s: GLB=605426.432, best=2237434.000, gap=72.941%, AF=0.892, #solved=16316
*23s: GLB=605426.432, best=2237434.000, gap=72.941%, AF=0.892, #solved=16413
t24:1s(:27.395,25.439,0.537) [969/32(1000)] dpt:20 [ 2902989.954, 1738265.699, 2237434.000, 22.310%] cutoff:470 AF:0.892
*23s: GLB=605426.432, best=2237434.000, gap=72.941%, AF=0.892, #solved=16521
*23s: GLB=605426.432, best=2237434.000, gap=72.941%, AF=0.892, #solved=16543
*23s: GLB=605426.432, best=2237434.000, gap=72.941%, AF=0.892, #solved=16564
*23s: GLB=605426.432, best=2237434.000, gap=72.941%, AF=0.892, #solved=16590
*23s: GLB=605426.432, best=2237434.000, gap=72.941%, AF=0.892, #solved=16658
*23s: GLB=605426.432, best=2237434.000, gap=72.941%, AF=0.892, #solved=16721
*23s: GLB=605426.432, best=2237434.000, gap=72.941%, AF=0.892, #solved=16802
*23s: GLB=605426.432, best=2237434.000, gap=72.941%, AF=0.892, #solved=16813
*23s: GLB=605426.432, best=2237434.000, gap=72.941%, AF=0.892, #solved=16842
*23s: GLB=605426.432, best=2237434.000, gap=72.941%, AF=0.892, #solved=16895
*23s: GLB=605426.432, best=2237434.000, gap=72.941%, AF=0.892, #solved=17202
*23s: GLB=605426.432, best=2237434.000, gap=72.941%, AF=0.892, #solved=17754
*23s: GLB=605426.432, best=2237434.000, gap=72.941%, AF=0.892, #solved=17850
*24s: GLB=605426.432, best=2237434.000, gap=72.941%, AF=0.892, #solved=18227
*24s: GLB=605426.432, best=2237434.000, gap=72.941%, AF=0.892, #solved=18400
t24:1s(:21.492,19.745,0.484) [908/93(1000)] dpt:15 [ 2216039.175, 1345754.561, 2237434.000, 39.853%] cutoff:408 AF:0.892
*24s: GLB=605426.432, best=2237434.000, gap=72.941%, AF=0.892, #solved=18468
*24s: GLB=605426.432, best=2237434.000, gap=72.941%, AF=0.892, #solved=18572
*24s: GLB=605426.432, best=2237434.000, gap=72.941%, AF=0.892, #solved=18597
*24s: GLB=605426.432, best=2237434.000, gap=72.941%, AF=0.892, #solved=18653
*24s: GLB=605426.432, best=2237434.000, gap=72.941%, AF=0.892, #solved=18679
*24s: GLB=605426.432, best=2237434.000, gap=72.941%, AF=0.892, #solved=18734
*24s: GLB=605426.432, best=2237434.000, gap=72.941%, AF=0.892, #solved=18751
*24s: GLB=605426.432, best=2237434.000, gap=72.941%, AF=0.892, #solved=18841
*24s: GLB=605426.432, best=2237434.000, gap=72.941%, AF=0.892, #solved=18905
*24s: GLB=605426.432, best=2237434.000, gap=72.941%, AF=0.892, #solved=19074
*24s: GLB=605426.432, best=2237434.000, gap=72.941%, AF=0.892, #solved=19106
*24s: GLB=605426.432, best=2237434.000, gap=72.941%, AF=0.892, #solved=19112
*24s: GLB=605426.432, best=2237434.000, gap=72.941%, AF=0.892, #solved=19270
*24s: GLB=605426.432, best=2237434.000, gap=72.941%, AF=0.892, #solved=19298
*24s: GLB=605426.432, best=2237434.000, gap=72.941%, AF=0.892, #solved=19305
*24s: GLB=625050.249, best=2237434.000, gap=72.064%, AF=0.892, #solved=19485
*24s: GLB=625050.249, best=2237434.000, gap=72.064%, AF=0.892, #solved=19495
*24s: GLB=625050.249, best=2237434.000, gap=72.064%, AF=0.892, #solved=19622
*24s: GLB=625050.249, best=2237434.000, gap=72.064%, AF=0.892, #solved=19627
*24s: GLB=625050.249, best=2237434.000, gap=72.064%, AF=0.892, #solved=19646
*24s: GLB=625050.249, best=2237434.000, gap=72.064%, AF=0.892, #solved=19678
*24s: GLB=625050.249, best=2237434.000, gap=72.064%, AF=0.892, #solved=19703
*24s: GLB=625050.249, best=2237434.000, gap=72.064%, AF=0.892, #solved=19806
*24s: GLB=625050.249, best=2237434.000, gap=72.064%, AF=0.892, #solved=19823
*24s: GLB=625050.249, best=2237434.000, gap=72.064%, AF=0.892, #solved=19975
*24s: GLB=625050.249, best=2237434.000, gap=72.064%, AF=0.892, #solved=20150
*24s: GLB=625050.249, best=2237434.000, gap=72.064%, AF=0.892, #solved=20865
*25s: GLB=625050.249, best=2237434.000, gap=72.064%, AF=0.892, #solved=21026
*25s: GLB=625050.249, best=2237434.000, gap=72.064%, AF=0.892, #solved=21082
*25s: GLB=625050.249, best=2237434.000, gap=72.064%, AF=0.892, #solved=21367
*25s: GLB=625050.249, best=2237434.000, gap=72.064%, AF=0.892, #solved=21597
*25s: GLB=625050.249, best=2237434.000, gap=72.064%, AF=0.892, #solved=21624
*25s: GLB=625050.249, best=2237434.000, gap=72.064%, AF=0.892, #solved=21673
*25s: GLB=625050.249, best=2237434.000, gap=72.064%, AF=0.892, #solved=21694
*25s: GLB=625050.249, best=2237434.000, gap=72.064%, AF=0.892, #solved=21708
*25s: GLB=625050.249, best=2237434.000, gap=72.064%, AF=0.892, #solved=21816
t24:1s(:25.166,23.163,0.557) [979/22(1000)] dpt:20 [ 2666893.831, 1818291.070, 2237434.000, 18.733%] cutoff:480 AF:0.892
*25s: GLB=625050.249, best=2237434.000, gap=72.064%, AF=0.892, #solved=21881
*25s: GLB=625050.249, best=2237434.000, gap=72.064%, AF=0.892, #solved=21955
*25s: GLB=625050.249, best=2237434.000, gap=72.064%, AF=0.892, #solved=21960
*25s: GLB=632004.845, best=2237434.000, gap=71.753%, AF=0.892, #solved=22016
*25s: GLB=632004.845, best=2237434.000, gap=71.753%, AF=0.892, #solved=22056
*25s: GLB=632004.845, best=2237434.000, gap=71.753%, AF=0.892, #solved=22131
*25s: GLB=632004.845, best=2237434.000, gap=71.753%, AF=0.892, #solved=22210
*25s: GLB=632004.845, best=2237434.000, gap=71.753%, AF=0.892, #solved=22271
*25s: GLB=633513.313, best=2237434.000, gap=71.686%, AF=0.892, #solved=22345
*25s: GLB=633513.313, best=2237434.000, gap=71.686%, AF=0.892, #solved=22394
*25s: GLB=633513.313, best=2237434.000, gap=71.686%, AF=0.892, #solved=22447
*25s: GLB=633513.313, best=2237434.000, gap=71.686%, AF=0.892, #solved=22546
*25s: GLB=633513.313, best=2237434.000, gap=71.686%, AF=0.892, #solved=22572
*25s: GLB=633513.313, best=2237434.000, gap=71.686%, AF=0.892, #solved=22663
*25s: GLB=633513.313, best=2237434.000, gap=71.686%, AF=0.892, #solved=22715
*25s: GLB=633513.313, best=2237434.000, gap=71.686%, AF=0.892, #solved=22789
*25s: GLB=633513.313, best=2237434.000, gap=71.686%, AF=0.892, #solved=22798
*25s: GLB=633513.313, best=2237434.000, gap=71.686%, AF=0.892, #solved=22959
*25s: GLB=633513.313, best=2237434.000, gap=71.686%, AF=0.892, #solved=22977
*25s: GLB=633513.313, best=2237434.000, gap=71.686%, AF=0.892, #solved=23053
*25s: GLB=634085.321, best=2237434.000, gap=71.660%, AF=0.892, #solved=23772
*25s: GLB=634085.321, best=2237434.000, gap=71.660%, AF=0.892, #solved=23890
*25s: GLB=655218.788, best=2237434.000, gap=70.716%, AF=0.892, #solved=24021
*25s: GLB=655218.788, best=2237434.000, gap=70.716%, AF=0.892, #solved=24430
*25s: GLB=655218.788, best=2237434.000, gap=70.716%, AF=0.892, #solved=24447
*25s: GLB=655218.788, best=2237434.000, gap=70.716%, AF=0.892, #solved=24464
*25s: GLB=655218.788, best=2237434.000, gap=70.716%, AF=0.892, #solved=24475
*26s: GLB=655218.788, best=2237434.000, gap=70.716%, AF=0.892, #solved=24649
*26s: GLB=655218.788, best=2237434.000, gap=70.716%, AF=0.892, #solved=24945
*26s: GLB=655218.788, best=2237434.000, gap=70.716%, AF=0.892, #solved=25025
*26s: GLB=655218.788, best=2237434.000, gap=70.716%, AF=0.892, #solved=25025
*26s: GLB=655218.788, best=2237434.000, gap=70.716%, AF=0.892, #solved=25043
*26s: GLB=655218.788, best=2237434.000, gap=70.716%, AF=0.892, #solved=25044
*26s: GLB=655218.788, best=2237434.000, gap=70.716%, AF=0.892, #solved=25068
*26s: GLB=655218.788, best=2237434.000, gap=70.716%, AF=0.892, #solved=25148
*26s: GLB=655218.788, best=2237434.000, gap=70.716%, AF=0.892, #solved=25171
*26s: GLB=655218.788, best=2237434.000, gap=70.716%, AF=0.892, #solved=25222
*26s: GLB=655218.788, best=2237434.000, gap=70.716%, AF=0.892, #solved=25368
*26s: GLB=655218.788, best=2237434.000, gap=70.716%, AF=0.892, #solved=25377
*26s: GLB=655218.788, best=2237434.000, gap=70.716%, AF=0.892, #solved=25454
*26s: GLB=655218.788, best=2237434.000, gap=70.716%, AF=0.892, #solved=25458
*26s: GLB=655218.788, best=2237434.000, gap=70.716%, AF=0.892, #solved=25600
*26s: GLB=655218.788, best=2237434.000, gap=70.716%, AF=0.892, #solved=25641
*26s: GLB=655218.788, best=2237434.000, gap=70.716%, AF=0.892, #solved=25672
*26s: GLB=655218.788, best=2237434.000, gap=70.716%, AF=0.892, #solved=25686
*26s: GLB=655218.788, best=2237434.000, gap=70.716%, AF=0.892, #solved=25718
*26s: GLB=655218.788, best=2237434.000, gap=70.716%, AF=0.892, #solved=25739
*26s: GLB=655218.788, best=2237434.000, gap=70.716%, AF=0.892, #solved=26022
*26s: GLB=655218.788, best=2237434.000, gap=70.716%, AF=0.892, #solved=26040
*26s: GLB=655218.788, best=2237434.000, gap=70.716%, AF=0.892, #solved=26177
*26s: GLB=663464.556, best=2237434.000, gap=70.347%, AF=0.892, #solved=26712
*26s: GLB=663464.556, best=2237434.000, gap=70.347%, AF=0.892, #solved=26766
*26s: GLB=663464.556, best=2237434.000, gap=70.347%, AF=0.892, #solved=26885
*26s: GLB=663464.556, best=2237434.000, gap=70.347%, AF=0.892, #solved=27145
*26s: GLB=663464.556, best=2237434.000, gap=70.347%, AF=0.892, #solved=27207
*26s: GLB=663464.556, best=2237434.000, gap=70.347%, AF=0.892, #solved=27467
*26s: GLB=663464.556, best=2237434.000, gap=70.347%, AF=0.892, #solved=27624
*26s: GLB=663464.556, best=2237434.000, gap=70.347%, AF=0.892, #solved=27653
*26s: GLB=663464.556, best=2237434.000, gap=70.347%, AF=0.892, #solved=27880
*26s: GLB=663464.556, best=2237434.000, gap=70.347%, AF=0.892, #solved=27939
*26s: GLB=663464.556, best=2237434.000, gap=70.347%, AF=0.892, #solved=27949
*26s: GLB=663464.556, best=2237434.000, gap=70.347%, AF=0.892, #solved=28086
*26s: GLB=663464.556, best=2237434.000, gap=70.347%, AF=0.892, #solved=28119
*26s: GLB=663464.556, best=2237434.000, gap=70.347%, AF=0.892, #solved=28284
*26s: GLB=663464.556, best=2237434.000, gap=70.347%, AF=0.892, #solved=28344
*26s: GLB=663464.556, best=2237434.000, gap=70.347%, AF=0.892, #solved=28407
*26s: GLB=663464.556, best=2237434.000, gap=70.347%, AF=0.892, #solved=28440
*26s: GLB=663464.556, best=2237434.000, gap=70.347%, AF=0.892, #solved=28492
*26s: GLB=663464.556, best=2237434.000, gap=70.347%, AF=0.892, #solved=28530
t24:0s(:0.054,0.046,0.001) [958/43(1000)] dpt:20 [ 3550769.524, 1868460.391, 2237434.000, 16.491%] cutoff:459 AF:0.892
End

SVPSOLVER found an optimal solution

time: 28s
best value: 2237434.000
norm: 1495.805
AF: 0.892
Nodes: 849164
best solution:
 0: 1.000
