Bounds: 
x_0: [ -15.000, 15.000]
x_1: [ -7.000, 7.000]
x_2: [ -7.000, 7.000]
x_3: [ -5.000, 5.000]
x_4: [ -8.000, 8.000]
x_5: [ -13.000, 13.000]
x_6: [ -9.000, 9.000]
x_7: [ -7.000, 7.000]
x_8: [ -10.000, 10.000]
x_9: [ -5.000, 5.000]
x_10: [ -6.000, 6.000]
x_11: [ -9.000, 9.000]
x_12: [ -6.000, 6.000]
x_13: [ -7.000, 7.000]
x_14: [ -7.000, 7.000]
x_15: [ -6.000, 6.000]
x_16: [ -5.000, 5.000]
x_17: [ -7.000, 7.000]
x_18: [ -5.000, 5.000]
x_19: [ -3.000, 3.000]
x_20: [ -5.000, 5.000]
x_21: [ -5.000, 5.000]
x_22: [ -5.000, 5.000]
x_23: [ -3.000, 3.000]
x_24: [ -5.000, 5.000]
x_25: [ -3.000, 3.000]
x_26: [ -3.000, 3.000]
x_27: [ -4.000, 4.000]
x_28: [ -3.000, 3.000]
x_29: [ -3.000, 3.000]
x_30: [ -3.000, 3.000]
x_31: [ -4.000, 4.000]
x_32: [ -2.000, 2.000]
x_33: [ -3.000, 3.000]
x_34: [ -3.000, 3.000]
x_35: [ -3.000, 3.000]
x_36: [ -2.000, 2.000]
x_37: [ -2.000, 2.000]
x_38: [ -2.000, 2.000]
x_39: [ -2.000, 2.000]
x_40: [ -2.000, 2.000]
0s(:0.058,0.047,0.001) [500/501(1000)] dpt:8 [ 1991573.961, 316554.006, 2438763.000, 87.020%] cutoff:0 AF:0.931
1s(:0.045,0.038,0.000) [1005/996(2000)] dpt:9 [ 1489883.120, 316554.006, 2438763.000, 87.020%] cutoff:5 AF:0.931
1s(:0.034,0.028,0.000) [1514/1487(3000)] dpt:10 [ 2498157.854, 316554.006, 2438763.000, 87.020%] cutoff:10 AF:0.931
1s(:0.032,0.027,0.000) [2022/1979(4000)] dpt:10 [ 1264594.705, 316554.006, 2438763.000, 87.020%] cutoff:7 AF:0.931
1s(:0.028,0.023,0.000) [2568/2433(5000)] dpt:11 [ 974752.535, 316554.006, 2438763.000, 87.020%] cutoff:46 AF:0.931
1s(:0.030,0.025,0.000) [3093/2908(6000)] dpt:11 [ 1444449.161, 316554.006, 2438763.000, 87.020%] cutoff:25 AF:0.931
1s(:0.030,0.026,0.000) [3601/3400(7000)] dpt:11 [ 1684695.673, 316554.006, 2438763.000, 87.020%] cutoff:8 AF:0.931
1s(:0.030,0.025,0.000) [4136/3865(8000)] dpt:12 [ 2176909.962, 316554.006, 2438763.000, 87.020%] cutoff:35 AF:0.931
1s(:0.029,0.025,0.000) [4696/4305(9000)] dpt:12 [ 1709888.251, 316554.006, 2438763.000, 87.020%] cutoff:60 AF:0.931
Sorting Time: 0.001s
1s(:0.032,0.026,0.000) [6211/4747(10000)] dpt:12 [ 530915.721, 316554.006, 2438763.000, 87.020%] cutoff:58 AF:0.931
1s(:0.032,0.027,0.000) [8038/5246(11000)] dpt:13 [ 1505027.133, 316554.006, 2438763.000, 87.020%] cutoff:1 AF:0.931
1s(:0.031,0.026,0.000) [7547/5744(12000)] dpt:12 [ 1284061.266, 316554.006, 2438763.000, 87.020%] cutoff:2 AF:0.931
1s(:0.031,0.026,0.000) [6362/6243(13000)] dpt:12 [ 1658121.977, 316554.006, 2438763.000, 87.020%] cutoff:1 AF:0.931
1s(:0.031,0.026,0.000) [9546/6739(14000)] dpt:13 [ 2042764.301, 316554.006, 2438763.000, 87.020%] cutoff:4 AF:0.931
1s(:0.030,0.025,0.000) [5453/7236(15000)] dpt:12 [ 1942830.491, 316554.006, 2438763.000, 87.020%] cutoff:3 AF:0.931
1s(:0.030,0.025,0.000) [8774/7725(16000)] dpt:13 [ 2266912.656, 316554.006, 2438763.000, 87.020%] cutoff:11 AF:0.931
1s(:0.033,0.028,0.000) [8226/8173(17000)] dpt:13 [ 2256150.826, 316554.006, 2438763.000, 87.020%] cutoff:52 AF:0.931
1s(:0.040,0.034,0.000) [9403/8438(18000)] dpt:13 [ 2671274.870, 316554.006, 2438763.000, 87.020%] cutoff:236 AF:0.931
1s(:0.043,0.036,0.000) [10301/8700(19000)] dpt:13 [ 842478.981, 316554.006, 2438763.000, 87.020%] cutoff:237 AF:0.931
Sorting Time: 0.001s
1s(:0.033,0.027,0.000) [18413/9194(20000)] dpt:14 [ 526804.462, 316554.006, 2438763.000, 87.020%] cutoff:6 AF:0.931
1s(:0.032,0.028,0.000) [10853/9694(21000)] dpt:13 [ 1058377.320, 316554.006, 2438763.000, 87.020%] cutoff:0 AF:0.931
1s(:0.029,0.024,0.000) [11258/10193(22000)] dpt:13 [ 1198307.958, 316554.006, 2438763.000, 87.020%] cutoff:1 AF:0.931
1s(:0.026,0.023,0.000) [12158/10693(23000)] dpt:13 [ 1406142.538, 316554.006, 2438763.000, 87.020%] cutoff:0 AF:0.931
1s(:0.027,0.023,0.000) [18920/11191(24000)] dpt:15 [ 1872180.094, 316554.006, 2438763.000, 87.020%] cutoff:2 AF:0.931
1s(:0.027,0.023,0.000) [11609/11688(25000)] dpt:14 [ 2274570.572, 316554.006, 2438763.000, 87.020%] cutoff:3 AF:0.931
1s(:0.026,0.022,0.000) [13584/12185(26000)] dpt:13 [ 1551005.132, 316554.006, 2438763.000, 87.020%] cutoff:3 AF:0.931
1s(:0.027,0.023,0.000) [14129/12676(27000)] dpt:13 [ 1657159.105, 316554.006, 2438763.000, 87.020%] cutoff:9 AF:0.931
1s(:0.027,0.022,0.000) [14812/13165(28000)] dpt:14 [ 1781380.286, 316554.006, 2438763.000, 87.020%] cutoff:11 AF:0.931
1s(:0.027,0.023,0.000) [12516/13647(29000)] dpt:13 [ 2518230.081, 316554.006, 2438763.000, 87.020%] cutoff:19 AF:0.931
Sorting Time: 0.002s
1s(:0.028,0.022,0.000) [20003/14118(30000)] dpt:15 [ 539727.123, 316554.006, 2438763.000, 87.020%] cutoff:28 AF:0.931
1s(:0.030,0.026,0.000) [20965/14616(31000)] dpt:15 [ 1277929.512, 316554.006, 2438763.000, 87.020%] cutoff:2 AF:0.931
1s(:0.030,0.026,0.000) [21950/15115(32000)] dpt:15 [ 1396610.281, 316554.006, 2438763.000, 87.020%] cutoff:1 AF:0.931
1s(:0.029,0.025,0.000) [20161/15614(33000)] dpt:16 [ 1299188.529, 316554.006, 2438763.000, 87.020%] cutoff:1 AF:0.931
1s(:0.029,0.025,0.000) [21394/16113(34000)] dpt:15 [ 1384737.574, 316554.006, 2438763.000, 87.020%] cutoff:1 AF:0.931
2s(:0.029,0.025,0.000) [23999/16608(35000)] dpt:16 [ 1463956.433, 316554.006, 2438763.000, 87.020%] cutoff:5 AF:0.931
2s(:0.028,0.024,0.000) [22026/17103(36000)] dpt:15 [ 1501681.285, 316554.006, 2438763.000, 87.020%] cutoff:5 AF:0.931
2s(:0.028,0.024,0.000) [25851/17588(37000)] dpt:14 [ 1551327.170, 316554.006, 2438763.000, 87.020%] cutoff:15 AF:0.931
2s(:0.029,0.025,0.000) [21441/18072(38000)] dpt:14 [ 2215552.836, 316554.006, 2438763.000, 87.020%] cutoff:16 AF:0.931
2s(:0.028,0.024,0.000) [25294/18557(39000)] dpt:14 [ 1699689.566, 316554.006, 2438763.000, 87.020%] cutoff:15 AF:0.931
Sorting Time: 0.003s
2s(:0.031,0.024,0.000) [30003/19041(40000)] dpt:16 [ 316554.006, 316554.006, 2438763.000, 87.020%] cutoff:16 AF:0.931
2s(:0.031,0.026,0.000) [30821/19539(41000)] dpt:17 [ 1617741.490, 316554.006, 2438763.000, 87.020%] cutoff:2 AF:0.931
2s(:0.030,0.026,0.000) [31381/20037(42000)] dpt:16 [ 2059526.808, 316554.006, 2438763.000, 87.020%] cutoff:2 AF:0.931
2s(:0.030,0.026,0.000) [32383/20535(43000)] dpt:16 [ 1466007.158, 316554.006, 2438763.000, 87.020%] cutoff:2 AF:0.931
2s(:0.031,0.027,0.000) [31207/21031(44000)] dpt:17 [ 1973761.592, 316554.006, 2438763.000, 87.020%] cutoff:4 AF:0.931
2s(:0.031,0.027,0.000) [34778/21524(45000)] dpt:15 [ 1977448.516, 316554.006, 2438763.000, 87.020%] cutoff:7 AF:0.931
2s(:0.031,0.026,0.000) [35736/22014(46000)] dpt:15 [ 1679329.216, 316554.006, 2438763.000, 87.020%] cutoff:10 AF:0.931
2s(:0.032,0.027,0.000) [34068/22496(47000)] dpt:16 [ 2329302.767, 316554.006, 2438763.000, 87.020%] cutoff:18 AF:0.931
2s(:0.032,0.028,0.000) [34514/22976(48000)] dpt:16 [ 1881995.085, 316554.006, 2438763.000, 87.020%] cutoff:20 AF:0.931
2s(:0.032,0.027,0.000) [35753/23457(49000)] dpt:15 [ 1587056.048, 316554.006, 2438763.000, 87.020%] cutoff:19 AF:0.931
Sorting Time: 0.003s
2s(:0.035,0.026,0.000) [40001/23929(50000)] dpt:17 [ 481438.424, 316554.006, 2438763.000, 87.020%] cutoff:28 AF:0.931
2s(:0.032,0.028,0.000) [41097/24429(51000)] dpt:17 [ 1514095.780, 316554.006, 2438763.000, 87.020%] cutoff:0 AF:0.931
2s(:0.032,0.028,0.000) [42125/24927(52000)] dpt:17 [ 1516957.481, 316554.006, 2438763.000, 87.020%] cutoff:2 AF:0.931
2s(:0.032,0.027,0.000) [41269/25427(53000)] dpt:16 [ 1498598.600, 316554.006, 2438763.000, 87.020%] cutoff:0 AF:0.931
2s(:0.033,0.028,0.000) [44136/25918(54000)] dpt:17 [ 1723782.384, 316554.006, 2438763.000, 87.020%] cutoff:9 AF:0.931
2s(:0.030,0.026,0.000) [45145/26409(55000)] dpt:17 [ 1538445.110, 316554.006, 2438763.000, 87.020%] cutoff:9 AF:0.931
2s(:0.030,0.026,0.000) [44249/26897(56000)] dpt:18 [ 1588810.613, 316554.006, 2438763.000, 87.020%] cutoff:12 AF:0.931
2s(:0.030,0.026,0.000) [43225/27385(57000)] dpt:16 [ 1865432.846, 316554.006, 2438763.000, 87.020%] cutoff:12 AF:0.931
2s(:0.031,0.027,0.000) [42157/27867(58000)] dpt:16 [ 1550830.191, 316554.006, 2438763.000, 87.020%] cutoff:18 AF:0.931
2s(:0.032,0.027,0.000) [46249/28341(59000)] dpt:16 [ 1594831.590, 316554.006, 2438763.000, 87.020%] cutoff:26 AF:0.931
Sorting Time: 0.004s
2s(:0.036,0.027,0.000) [50003/28816(60000)] dpt:18 [ 560749.083, 316554.006, 2438763.000, 87.020%] cutoff:25 AF:0.931
2s(:0.030,0.026,0.000) [51145/29314(61000)] dpt:18 [ 1534165.927, 316554.006, 2438763.000, 87.020%] cutoff:2 AF:0.931
2s(:0.031,0.027,0.000) [52144/29811(62000)] dpt:17 [ 2136282.381, 316554.006, 2438763.000, 87.020%] cutoff:3 AF:0.931
Parallel mode ----------------------------------------------------------------------------------------
*2s: GLB=316554.006, best=2438763.000, gap=87.020%, AF=0.931, #solved=1
*2s: GLB=316554.006, best=2438763.000, gap=87.020%, AF=0.931, #solved=2
*2s: GLB=316554.006, best=2438763.000, gap=87.020%, AF=0.931, #solved=3
*2s: GLB=316554.006, best=2438763.000, gap=87.020%, AF=0.931, #solved=4
*2s: GLB=316554.006, best=2438763.000, gap=87.020%, AF=0.931, #solved=5
*2s: GLB=316554.006, best=2438763.000, gap=87.020%, AF=0.931, #solved=6
*2s: GLB=316554.006, best=2438763.000, gap=87.020%, AF=0.931, #solved=7
*2s: GLB=316554.006, best=2438763.000, gap=87.020%, AF=0.931, #solved=8
*2s: GLB=316554.006, best=2438763.000, gap=87.020%, AF=0.931, #solved=9
*2s: GLB=316554.006, best=2438763.000, gap=87.020%, AF=0.931, #solved=10
*2s: GLB=316554.006, best=2438763.000, gap=87.020%, AF=0.931, #solved=11
*2s: GLB=316554.006, best=2438763.000, gap=87.020%, AF=0.931, #solved=13
*2s: GLB=316554.006, best=2438763.000, gap=87.020%, AF=0.931, #solved=15
*2s: GLB=316554.006, best=2438763.000, gap=87.020%, AF=0.931, #solved=17
*2s: GLB=316554.006, best=2438763.000, gap=87.020%, AF=0.931, #solved=18
*2s: GLB=316554.006, best=2438763.000, gap=87.020%, AF=0.931, #solved=22
*2s: GLB=316554.006, best=2438763.000, gap=87.020%, AF=0.931, #solved=24
*2s: GLB=316554.006, best=2438763.000, gap=87.020%, AF=0.931, #solved=26
*2s: GLB=316554.006, best=2438763.000, gap=87.020%, AF=0.931, #solved=28
*3s: GLB=316554.006, best=2438763.000, gap=87.020%, AF=0.931, #solved=35
*3s: GLB=316554.006, best=2438763.000, gap=87.020%, AF=0.931, #solved=40
*3s: GLB=316554.006, best=2438763.000, gap=87.020%, AF=0.931, #solved=57
*3s: GLB=316554.006, best=2438763.000, gap=87.020%, AF=0.931, #solved=58
*3s: GLB=316554.006, best=2438763.000, gap=87.020%, AF=0.931, #solved=60
*3s: GLB=316554.006, best=2438763.000, gap=87.020%, AF=0.931, #solved=69
*3s: GLB=316554.006, best=2438763.000, gap=87.020%, AF=0.931, #solved=90
*3s: GLB=316554.006, best=2438763.000, gap=87.020%, AF=0.931, #solved=95
t31:1s(:4.557,4.176,0.089) [723/278(1000)] dpt:11 [ 2307694.676, 316554.006, 2438763.000, 87.020%] cutoff:223 AF:0.931
*3s: GLB=316554.006, best=2438763.000, gap=87.020%, AF=0.931, #solved=109
*3s: GLB=316554.006, best=2438763.000, gap=87.020%, AF=0.931, #solved=116
*3s: GLB=316554.006, best=2438763.000, gap=87.020%, AF=0.931, #solved=119
*3s: GLB=316554.006, best=2438763.000, gap=87.020%, AF=0.931, #solved=122
t9:0s(:6.482,5.499,0.277) [879/122(1000)] dpt:14 [ 2946967.744, 1290007.372, 2438763.000, 47.104%] cutoff:380 AF:0.931
t28:1s(:18.642,17.810,0.204) [988/13(1000)] dpt:22 [ 3497649.481, 1895251.297, 2438763.000, 22.286%] cutoff:489 AF:0.931
t31:2s(:20.392,19.512,0.230) [1574/427(2000)] dpt:13 [ 2953129.333, 316554.006, 2438763.000, 87.020%] cutoff:352 AF:0.931
t31:2s(:19.423,17.773,0.460) [2483/518(3000)] dpt:15 [ 2167650.425, 316554.006, 2438763.000, 87.020%] cutoff:408 AF:0.931
t9:1s(:20.002,18.085,0.530) [895/106(1000)] dpt:14 [ 2373494.075, 1594914.753, 2438763.000, 34.601%] cutoff:395 AF:0.931
t31:3s(:22.031,19.945,0.592) [3510/491(4000)] dpt:17 [ 3506061.297, 473194.584, 2438763.000, 80.597%] cutoff:528 AF:0.931
t31:4s(:23.354,21.186,0.612) [4601/400(5000)] dpt:20 [ 2333789.925, 637237.260, 2438763.000, 73.870%] cutoff:590 AF:0.931
t31:4s(:25.169,22.943,0.612) [5661/340(6000)] dpt:22 [ 3211656.852, 991228.377, 2438763.000, 59.355%] cutoff:561 AF:0.931
t9:1s(:22.439,20.470,0.556) [912/89(1000)] dpt:17 [ 1735449.810, 1619848.783, 2438763.000, 33.579%] cutoff:412 AF:0.931
t31:5s(:31.245,28.704,0.731) [6915/86(7000)] dpt:28 [ 2285944.873, 1322529.081, 2438763.000, 45.770%] cutoff:753 AF:0.931
*8s: GLB=316554.006, best=2438763.000, gap=87.020%, AF=0.931, #solved=1300
t28:0s(:22.311,20.270,0.567) [936/65(1000)] dpt:16 [ 2335257.057, 1823608.375, 2438763.000, 25.224%] cutoff:436 AF:0.931
t9:0s(:20.408,18.377,0.575) [963/38(1000)] dpt:18 [ 2692507.115, 1976826.441, 2438763.000, 18.941%] cutoff:464 AF:0.931
t31:0s(:22.546,20.469,0.590) [978/23(1000)] dpt:22 [ 4125445.094, 2116866.551, 2438763.000, 13.199%] cutoff:479 AF:0.931
t31:1s(:21.917,20.063,0.524) [875/126(1000)] dpt:15 [ 3276740.254, 706393.705, 2438763.000, 71.035%] cutoff:376 AF:0.931
*10s: GLB=367923.928, best=2438763.000, gap=84.914%, AF=0.931, #solved=1784
t9:0s(:23.734,21.744,0.559) [982/19(1000)] dpt:22 [ 3733190.106, 1904101.625, 2438763.000, 21.923%] cutoff:483 AF:0.931
*11s: GLB=474667.401, best=2438763.000, gap=80.537%, AF=0.931, #solved=2090
*11s: GLB=474667.401, best=2438763.000, gap=80.537%, AF=0.931, #solved=2146
t9:0s(:21.091,19.199,0.520) [915/86(1000)] dpt:16 [ 1816198.602, 1394779.790, 2438763.000, 42.808%] cutoff:415 AF:0.931
t31:0s(:18.547,16.769,0.504) [878/123(1000)] dpt:14 [ 3055991.223, 474667.401, 2438763.000, 80.537%] cutoff:379 AF:0.931
*11s: GLB=474667.401, best=2438763.000, gap=80.537%, AF=0.931, #solved=2209
*12s: GLB=474667.401, best=2438763.000, gap=80.537%, AF=0.931, #solved=2342
t9:0s(:25.643,23.469,0.596) [983/18(1000)] dpt:21 [ 2205412.114, 2028155.167, 2438763.000, 16.837%] cutoff:483 AF:0.931
*12s: GLB=532820.737, best=2438763.000, gap=78.152%, AF=0.931, #solved=2455
*12s: GLB=532820.737, best=2438763.000, gap=78.152%, AF=0.931, #solved=2458
*13s: GLB=554851.150, best=2438763.000, gap=77.249%, AF=0.931, #solved=2599
*13s: GLB=554851.150, best=2438763.000, gap=77.249%, AF=0.931, #solved=2624
t31:0s(:19.141,17.456,0.465) [783/218(1000)] dpt:11 [ 2427325.743, 1350030.947, 2438763.000, 44.643%] cutoff:283 AF:0.931
*13s: GLB=554851.150, best=2438763.000, gap=77.249%, AF=0.931, #solved=2707
*14s: GLB=554851.150, best=2438763.000, gap=77.249%, AF=0.931, #solved=2750
t9:1s(:22.864,20.776,0.575) [956/45(1000)] dpt:18 [ 2963655.907, 1940565.785, 2438763.000, 20.428%] cutoff:457 AF:0.931
*14s: GLB=554851.150, best=2438763.000, gap=77.249%, AF=0.931, #solved=2810
*14s: GLB=554851.150, best=2438763.000, gap=77.249%, AF=0.931, #solved=2836
t31:1s(:28.819,26.520,0.637) [1878/123(2000)] dpt:17 [ 2061653.262, 1748850.221, 2438763.000, 28.289%] cutoff:595 AF:0.931
t9:0s(:21.697,19.729,0.539) [972/29(1000)] dpt:21 [ 2703037.544, 2004768.316, 2438763.000, 17.796%] cutoff:473 AF:0.931
*15s: GLB=554851.150, best=2438763.000, gap=77.249%, AF=0.931, #solved=3046
*15s: GLB=554851.150, best=2438763.000, gap=77.249%, AF=0.931, #solved=3080
*15s: GLB=554851.150, best=2438763.000, gap=77.249%, AF=0.931, #solved=3096
*15s: GLB=554851.150, best=2438763.000, gap=77.249%, AF=0.931, #solved=3164
t31:1s(:25.530,23.401,0.595) [983/18(1000)] dpt:22 [ 2278535.090, 2055340.232, 2438763.000, 15.722%] cutoff:483 AF:0.931
*16s: GLB=560749.083, best=2438763.000, gap=77.007%, AF=0.931, #solved=3442
t31:0s(:17.772,16.167,0.444) [795/206(1000)] dpt:12 [ 2972050.404, 1346237.434, 2438763.000, 44.798%] cutoff:296 AF:0.931
t9:0s(:20.610,18.688,0.532) [952/49(1000)] dpt:18 [ 2408843.476, 1842351.427, 2438763.000, 24.455%] cutoff:452 AF:0.931
*17s: GLB=560749.083, best=2438763.000, gap=77.007%, AF=0.931, #solved=3654
*17s: GLB=560749.083, best=2438763.000, gap=77.007%, AF=0.931, #solved=3722
t31:1s(:25.792,23.544,0.631) [1832/169(2000)] dpt:17 [ 2547682.470, 1438804.554, 2438763.000, 41.003%] cutoff:537 AF:0.931
*17s: GLB=560749.083, best=2438763.000, gap=77.007%, AF=0.931, #solved=3829
*18s: GLB=560749.083, best=2438763.000, gap=77.007%, AF=0.931, #solved=4115
*18s: GLB=560749.083, best=2438763.000, gap=77.007%, AF=0.931, #solved=4148
*19s: GLB=632919.716, best=2438763.000, gap=74.048%, AF=0.931, #solved=4361
*19s: GLB=632919.716, best=2438763.000, gap=74.048%, AF=0.931, #solved=4409
*19s: GLB=632919.716, best=2438763.000, gap=74.048%, AF=0.931, #solved=4424
*19s: GLB=634293.035, best=2438763.000, gap=73.991%, AF=0.931, #solved=4440
*19s: GLB=634293.035, best=2438763.000, gap=73.991%, AF=0.931, #solved=4494
*19s: GLB=639534.207, best=2438763.000, gap=73.776%, AF=0.931, #solved=4704
*20s: GLB=639534.207, best=2438763.000, gap=73.776%, AF=0.931, #solved=4767
*20s: GLB=643104.706, best=2438763.000, gap=73.630%, AF=0.931, #solved=4905
*20s: GLB=643104.706, best=2438763.000, gap=73.630%, AF=0.931, #solved=4984
*20s: GLB=643104.706, best=2438763.000, gap=73.630%, AF=0.931, #solved=5018
*20s: GLB=643104.706, best=2438763.000, gap=73.630%, AF=0.931, #solved=5061
*20s: GLB=643104.706, best=2438763.000, gap=73.630%, AF=0.931, #solved=5123
*21s: GLB=671570.307, best=2438763.000, gap=72.463%, AF=0.931, #solved=5219
*21s: GLB=671570.307, best=2438763.000, gap=72.463%, AF=0.931, #solved=5230
*21s: GLB=671570.307, best=2438763.000, gap=72.463%, AF=0.931, #solved=5263
*21s: GLB=682983.487, best=2438763.000, gap=71.995%, AF=0.931, #solved=5375
*21s: GLB=682983.487, best=2438763.000, gap=71.995%, AF=0.931, #solved=5433
*21s: GLB=682983.487, best=2438763.000, gap=71.995%, AF=0.931, #solved=5470
*21s: GLB=682983.487, best=2438763.000, gap=71.995%, AF=0.931, #solved=5503
t31:0s(:17.687,15.886,0.486) [831/170(1000)] dpt:13 [ 2304268.914, 1283197.115, 2438763.000, 47.383%] cutoff:331 AF:0.931
*22s: GLB=682983.487, best=2438763.000, gap=71.995%, AF=0.931, #solved=5733
*22s: GLB=682983.487, best=2438763.000, gap=71.995%, AF=0.931, #solved=5897
t31:1s(:24.908,22.625,0.619) [1910/91(2000)] dpt:20 [ 1606976.999, 1590298.747, 2438763.000, 34.791%] cutoff:579 AF:0.931
*22s: GLB=682983.487, best=2438763.000, gap=71.995%, AF=0.931, #solved=6148
*23s: GLB=682983.487, best=2438763.000, gap=71.995%, AF=0.931, #solved=6369
*23s: GLB=682983.487, best=2438763.000, gap=71.995%, AF=0.931, #solved=6382
*23s: GLB=682983.487, best=2438763.000, gap=71.995%, AF=0.931, #solved=6451
t31:1s(:18.047,16.373,0.466) [875/126(1000)] dpt:15 [ 2320517.015, 1447163.108, 2438763.000, 40.660%] cutoff:375 AF:0.931
*24s: GLB=695657.314, best=2438763.000, gap=71.475%, AF=0.931, #solved=6923
*24s: GLB=695657.314, best=2438763.000, gap=71.475%, AF=0.931, #solved=6934
*24s: GLB=695657.314, best=2438763.000, gap=71.475%, AF=0.931, #solved=6944
*24s: GLB=695657.314, best=2438763.000, gap=71.475%, AF=0.931, #solved=7006
*24s: GLB=695657.314, best=2438763.000, gap=71.475%, AF=0.931, #solved=7143
*24s: GLB=695657.314, best=2438763.000, gap=71.475%, AF=0.931, #solved=7154
*24s: GLB=695657.314, best=2438763.000, gap=71.475%, AF=0.931, #solved=7209
*25s: GLB=695657.314, best=2438763.000, gap=71.475%, AF=0.931, #solved=7324
t9:1s(:26.201,24.029,0.589) [980/21(1000)] dpt:24 [ 3251651.743, 2109605.631, 2438763.000, 13.497%] cutoff:481 AF:0.931
t31:1s(:19.749,17.913,0.512) [902/99(1000)] dpt:16 [ 2287233.345, 1777192.771, 2438763.000, 27.127%] cutoff:402 AF:0.931
*25s: GLB=695657.314, best=2438763.000, gap=71.475%, AF=0.931, #solved=7648
*25s: GLB=695657.314, best=2438763.000, gap=71.475%, AF=0.931, #solved=7685
*25s: GLB=699569.945, best=2438763.000, gap=71.315%, AF=0.931, #solved=7798
*25s: GLB=699569.945, best=2438763.000, gap=71.315%, AF=0.931, #solved=7802
*26s: GLB=699569.945, best=2438763.000, gap=71.315%, AF=0.931, #solved=7862
*26s: GLB=699569.945, best=2438763.000, gap=71.315%, AF=0.931, #solved=7869
*26s: GLB=699569.945, best=2438763.000, gap=71.315%, AF=0.931, #solved=8008
*26s: GLB=699569.945, best=2438763.000, gap=71.315%, AF=0.931, #solved=8042
*26s: GLB=699569.945, best=2438763.000, gap=71.315%, AF=0.931, #solved=8056
*26s: GLB=699569.945, best=2438763.000, gap=71.315%, AF=0.931, #solved=8069
*26s: GLB=699569.945, best=2438763.000, gap=71.315%, AF=0.931, #solved=8079
t9:1s(:25.289,23.153,0.597) [986/15(1000)] dpt:21 [ 3477826.225, 1886657.738, 2438763.000, 22.639%] cutoff:487 AF:0.931
t31:1s(:20.107,18.150,0.552) [979/22(1000)] dpt:22 [ 2481027.734, 1884810.797, 2438763.000, 22.714%] cutoff:480 AF:0.931
*26s: GLB=703501.354, best=2438763.000, gap=71.153%, AF=0.931, #solved=8215
*26s: GLB=703501.354, best=2438763.000, gap=71.153%, AF=0.931, #solved=8252
*26s: GLB=703501.354, best=2438763.000, gap=71.153%, AF=0.931, #solved=8298
*26s: GLB=703501.354, best=2438763.000, gap=71.153%, AF=0.931, #solved=8301
t31:1s(:19.429,17.424,0.567) [983/18(1000)] dpt:21 [ 2426231.156, 1895847.075, 2438763.000, 22.262%] cutoff:483 AF:0.931
*27s: GLB=712274.136, best=2438763.000, gap=70.794%, AF=0.931, #solved=8693
*27s: GLB=712274.136, best=2438763.000, gap=70.794%, AF=0.931, #solved=8832
t31:0s(:20.328,18.457,0.522) [915/86(1000)] dpt:16 [ 2738449.001, 1594579.633, 2438763.000, 34.615%] cutoff:416 AF:0.931
*28s: GLB=712274.136, best=2438763.000, gap=70.794%, AF=0.931, #solved=9060
*28s: GLB=712274.136, best=2438763.000, gap=70.794%, AF=0.931, #solved=9220
*28s: GLB=712274.136, best=2438763.000, gap=70.794%, AF=0.931, #solved=9375
*28s: GLB=713946.764, best=2438763.000, gap=70.725%, AF=0.931, #solved=9552
*28s: GLB=713946.764, best=2438763.000, gap=70.725%, AF=0.931, #solved=9676
*28s: GLB=713946.764, best=2438763.000, gap=70.725%, AF=0.931, #solved=9685
*29s: GLB=713946.764, best=2438763.000, gap=70.725%, AF=0.931, #solved=9831
*29s: GLB=713946.764, best=2438763.000, gap=70.725%, AF=0.931, #solved=9847
t31:1s(:18.165,16.395,0.483) [833/168(1000)] dpt:13 [ 2702145.361, 1434377.803, 2438763.000, 41.184%] cutoff:334 AF:0.931
*29s: GLB=713946.764, best=2438763.000, gap=70.725%, AF=0.931, #solved=9908
*29s: GLB=713946.764, best=2438763.000, gap=70.725%, AF=0.931, #solved=10109
*29s: GLB=713946.764, best=2438763.000, gap=70.725%, AF=0.931, #solved=10137
*29s: GLB=713946.764, best=2438763.000, gap=70.725%, AF=0.931, #solved=10224
*29s: GLB=713946.764, best=2438763.000, gap=70.725%, AF=0.931, #solved=10269
*29s: GLB=713946.764, best=2438763.000, gap=70.725%, AF=0.931, #solved=10357
*29s: GLB=713946.764, best=2438763.000, gap=70.725%, AF=0.931, #solved=10395
t31:2s(:27.692,25.386,0.638) [1925/76(2000)] dpt:21 [ 2976580.517, 1683484.366, 2438763.000, 30.970%] cutoff:592 AF:0.931
*30s: GLB=713946.764, best=2438763.000, gap=70.725%, AF=0.931, #solved=10769
*30s: GLB=713946.764, best=2438763.000, gap=70.725%, AF=0.931, #solved=10846
*30s: GLB=723745.356, best=2438763.000, gap=70.323%, AF=0.931, #solved=10903
*30s: GLB=723745.356, best=2438763.000, gap=70.323%, AF=0.931, #solved=10928
*30s: GLB=723745.356, best=2438763.000, gap=70.323%, AF=0.931, #solved=10939
*30s: GLB=723745.356, best=2438763.000, gap=70.323%, AF=0.931, #solved=11025
*30s: GLB=723745.356, best=2438763.000, gap=70.323%, AF=0.931, #solved=11026
*30s: GLB=723745.356, best=2438763.000, gap=70.323%, AF=0.931, #solved=11060
*30s: GLB=723745.356, best=2438763.000, gap=70.323%, AF=0.931, #solved=11124
*31s: GLB=723745.356, best=2438763.000, gap=70.323%, AF=0.931, #solved=11261
t31:1s(:16.804,15.135,0.462) [824/177(1000)] dpt:12 [ 1720671.315, 1413039.653, 2438763.000, 42.059%] cutoff:324 AF:0.931
*31s: GLB=723745.356, best=2438763.000, gap=70.323%, AF=0.931, #solved=11326
*31s: GLB=723745.356, best=2438763.000, gap=70.323%, AF=0.931, #solved=11465
*31s: GLB=723745.356, best=2438763.000, gap=70.323%, AF=0.931, #solved=11543
*31s: GLB=723745.356, best=2438763.000, gap=70.323%, AF=0.931, #solved=11558
*31s: GLB=723745.356, best=2438763.000, gap=70.323%, AF=0.931, #solved=11875
*31s: GLB=723745.356, best=2438763.000, gap=70.323%, AF=0.931, #solved=11931
*31s: GLB=723745.356, best=2438763.000, gap=70.323%, AF=0.931, #solved=11999
t31:1s(:27.073,24.039,0.638) [1919/82(2000)] dpt:20 [ 2593086.394, 1910027.100, 2438763.000, 21.680%] cutoff:596 AF:0.931
*32s: GLB=723745.356, best=2438763.000, gap=70.323%, AF=0.931, #solved=12438
*32s: GLB=723745.356, best=2438763.000, gap=70.323%, AF=0.931, #solved=12530
*32s: GLB=740402.689, best=2438763.000, gap=69.640%, AF=0.931, #solved=12585
*32s: GLB=740402.689, best=2438763.000, gap=69.640%, AF=0.931, #solved=12666
*32s: GLB=740402.689, best=2438763.000, gap=69.640%, AF=0.931, #solved=12689
*32s: GLB=740402.689, best=2438763.000, gap=69.640%, AF=0.931, #solved=12903
*32s: GLB=740402.689, best=2438763.000, gap=69.640%, AF=0.931, #solved=12979
*33s: GLB=740402.689, best=2438763.000, gap=69.640%, AF=0.931, #solved=13005
t31:1s(:17.922,16.226,0.464) [845/156(1000)] dpt:13 [ 1612465.555, 1167148.013, 2438763.000, 52.142%] cutoff:345 AF:0.931
*33s: GLB=740402.689, best=2438763.000, gap=69.640%, AF=0.931, #solved=13176
*33s: GLB=740402.689, best=2438763.000, gap=69.640%, AF=0.931, #solved=13226
*33s: GLB=740402.689, best=2438763.000, gap=69.640%, AF=0.931, #solved=13230
*33s: GLB=740402.689, best=2438763.000, gap=69.640%, AF=0.931, #solved=13396
*33s: GLB=740402.689, best=2438763.000, gap=69.640%, AF=0.931, #solved=13459
*33s: GLB=740402.689, best=2438763.000, gap=69.640%, AF=0.931, #solved=13662
*33s: GLB=740402.689, best=2438763.000, gap=69.640%, AF=0.931, #solved=13813
*33s: GLB=740402.689, best=2438763.000, gap=69.640%, AF=0.931, #solved=13930
*33s: GLB=740402.689, best=2438763.000, gap=69.640%, AF=0.931, #solved=13936
*33s: GLB=740402.689, best=2438763.000, gap=69.640%, AF=0.931, #solved=13948
*34s: GLB=740402.689, best=2438763.000, gap=69.640%, AF=0.931, #solved=14140
*34s: GLB=740402.689, best=2438763.000, gap=69.640%, AF=0.931, #solved=14193
*34s: GLB=740402.689, best=2438763.000, gap=69.640%, AF=0.931, #solved=14206
*34s: GLB=740402.689, best=2438763.000, gap=69.640%, AF=0.931, #solved=14237
*34s: GLB=752611.038, best=2438763.000, gap=69.140%, AF=0.931, #solved=14412
*34s: GLB=752611.038, best=2438763.000, gap=69.140%, AF=0.931, #solved=14424
*34s: GLB=752611.038, best=2438763.000, gap=69.140%, AF=0.931, #solved=14424
*34s: GLB=752611.038, best=2438763.000, gap=69.140%, AF=0.931, #solved=14439
*34s: GLB=752611.038, best=2438763.000, gap=69.140%, AF=0.931, #solved=14538
*34s: GLB=752611.038, best=2438763.000, gap=69.140%, AF=0.931, #solved=14671
t31:0s(:16.900,15.173,0.470) [826/175(1000)] dpt:13 [ 3239851.640, 1204455.582, 2438763.000, 50.612%] cutoff:327 AF:0.931
*34s: GLB=752611.038, best=2438763.000, gap=69.140%, AF=0.931, #solved=14904
*34s: GLB=752611.038, best=2438763.000, gap=69.140%, AF=0.931, #solved=15002
*35s: GLB=752611.038, best=2438763.000, gap=69.140%, AF=0.931, #solved=15220
*35s: GLB=752611.038, best=2438763.000, gap=69.140%, AF=0.931, #solved=15404
*35s: GLB=752611.038, best=2438763.000, gap=69.140%, AF=0.931, #solved=15429
*35s: GLB=752611.038, best=2438763.000, gap=69.140%, AF=0.931, #solved=15449
*35s: GLB=752611.038, best=2438763.000, gap=69.140%, AF=0.931, #solved=15682
*35s: GLB=752611.038, best=2438763.000, gap=69.140%, AF=0.931, #solved=15701
*35s: GLB=752611.038, best=2438763.000, gap=69.140%, AF=0.931, #solved=15727
t31:1s(:25.936,23.583,0.645) [1945/56(2000)] dpt:21 [ 2360563.086, 1461806.629, 2438763.000, 40.060%] cutoff:618 AF:0.931
*35s: GLB=752611.038, best=2438763.000, gap=69.140%, AF=0.931, #solved=15919
*35s: GLB=752611.038, best=2438763.000, gap=69.140%, AF=0.931, #solved=16062
*35s: GLB=752611.038, best=2438763.000, gap=69.140%, AF=0.931, #solved=16215
*35s: GLB=752611.038, best=2438763.000, gap=69.140%, AF=0.931, #solved=16297
*36s: GLB=752611.038, best=2438763.000, gap=69.140%, AF=0.931, #solved=16389
*36s: GLB=752611.038, best=2438763.000, gap=69.140%, AF=0.931, #solved=16597
*36s: GLB=761617.023, best=2438763.000, gap=68.770%, AF=0.931, #solved=16650
*36s: GLB=761617.023, best=2438763.000, gap=68.770%, AF=0.931, #solved=16766
*36s: GLB=761617.023, best=2438763.000, gap=68.770%, AF=0.931, #solved=16997
*36s: GLB=761617.023, best=2438763.000, gap=68.770%, AF=0.931, #solved=17118
*36s: GLB=761617.023, best=2438763.000, gap=68.770%, AF=0.931, #solved=17134
*36s: GLB=761617.023, best=2438763.000, gap=68.770%, AF=0.931, #solved=17139
*36s: GLB=761617.023, best=2438763.000, gap=68.770%, AF=0.931, #solved=17215
*36s: GLB=761617.023, best=2438763.000, gap=68.770%, AF=0.931, #solved=17435
*36s: GLB=761617.023, best=2438763.000, gap=68.770%, AF=0.931, #solved=17455
*36s: GLB=761617.023, best=2438763.000, gap=68.770%, AF=0.931, #solved=17498
*37s: GLB=761617.023, best=2438763.000, gap=68.770%, AF=0.931, #solved=17656
*37s: GLB=761617.023, best=2438763.000, gap=68.770%, AF=0.931, #solved=17666
*37s: GLB=761617.023, best=2438763.000, gap=68.770%, AF=0.931, #solved=17670
*37s: GLB=761617.023, best=2438763.000, gap=68.770%, AF=0.931, #solved=17802
*37s: GLB=761617.023, best=2438763.000, gap=68.770%, AF=0.931, #solved=17830
*37s: GLB=761617.023, best=2438763.000, gap=68.770%, AF=0.931, #solved=18069
*37s: GLB=761617.023, best=2438763.000, gap=68.770%, AF=0.931, #solved=18113
*37s: GLB=761617.023, best=2438763.000, gap=68.770%, AF=0.931, #solved=18149
*37s: GLB=761617.023, best=2438763.000, gap=68.770%, AF=0.931, #solved=18172
*37s: GLB=766811.470, best=2438763.000, gap=68.557%, AF=0.931, #solved=18189
*37s: GLB=766811.470, best=2438763.000, gap=68.557%, AF=0.931, #solved=18343
*37s: GLB=766811.470, best=2438763.000, gap=68.557%, AF=0.931, #solved=18471
*37s: GLB=771476.512, best=2438763.000, gap=68.366%, AF=0.931, #solved=18629
*37s: GLB=771476.512, best=2438763.000, gap=68.366%, AF=0.931, #solved=18658
*37s: GLB=771476.512, best=2438763.000, gap=68.366%, AF=0.931, #solved=18718
*37s: GLB=771476.512, best=2438763.000, gap=68.366%, AF=0.931, #solved=19008
*37s: GLB=771476.512, best=2438763.000, gap=68.366%, AF=0.931, #solved=19053
*37s: GLB=771476.512, best=2438763.000, gap=68.366%, AF=0.931, #solved=19086
*38s: GLB=771476.512, best=2438763.000, gap=68.366%, AF=0.931, #solved=19585
*38s: GLB=771476.512, best=2438763.000, gap=68.366%, AF=0.931, #solved=19682
*38s: GLB=771476.512, best=2438763.000, gap=68.366%, AF=0.931, #solved=19818
*38s: GLB=771476.512, best=2438763.000, gap=68.366%, AF=0.931, #solved=19868
*38s: GLB=771476.512, best=2438763.000, gap=68.366%, AF=0.931, #solved=19918
*38s: GLB=771476.512, best=2438763.000, gap=68.366%, AF=0.931, #solved=19937
*38s: GLB=771476.512, best=2438763.000, gap=68.366%, AF=0.931, #solved=20051
*38s: GLB=771476.512, best=2438763.000, gap=68.366%, AF=0.931, #solved=20097
*38s: GLB=771476.512, best=2438763.000, gap=68.366%, AF=0.931, #solved=20122
t31:1s(:22.956,21.037,0.528) [923/78(1000)] dpt:16 [ 2709221.575, 1843442.299, 2438763.000, 24.411%] cutoff:424 AF:0.931
*38s: GLB=771476.512, best=2438763.000, gap=68.366%, AF=0.931, #solved=20571
*38s: GLB=771476.512, best=2438763.000, gap=68.366%, AF=0.931, #solved=20609
*38s: GLB=771476.512, best=2438763.000, gap=68.366%, AF=0.931, #solved=20651
*38s: GLB=771476.512, best=2438763.000, gap=68.366%, AF=0.931, #solved=20767
*38s: GLB=771476.512, best=2438763.000, gap=68.366%, AF=0.931, #solved=20842
*38s: GLB=771476.512, best=2438763.000, gap=68.366%, AF=0.931, #solved=20867
*38s: GLB=771476.512, best=2438763.000, gap=68.366%, AF=0.931, #solved=20976
*38s: GLB=771476.512, best=2438763.000, gap=68.366%, AF=0.931, #solved=20981
*38s: GLB=771476.512, best=2438763.000, gap=68.366%, AF=0.931, #solved=20993
*38s: GLB=771476.512, best=2438763.000, gap=68.366%, AF=0.931, #solved=20996
*38s: GLB=771476.512, best=2438763.000, gap=68.366%, AF=0.931, #solved=21008
*38s: GLB=771476.512, best=2438763.000, gap=68.366%, AF=0.931, #solved=21110
*38s: GLB=771476.512, best=2438763.000, gap=68.366%, AF=0.931, #solved=21144
*39s: GLB=774994.958, best=2438763.000, gap=68.222%, AF=0.931, #solved=21243
*39s: GLB=774994.958, best=2438763.000, gap=68.222%, AF=0.931, #solved=21305
*39s: GLB=774994.958, best=2438763.000, gap=68.222%, AF=0.931, #solved=21343
*39s: GLB=776112.232, best=2438763.000, gap=68.176%, AF=0.931, #solved=21466
*39s: GLB=776112.232, best=2438763.000, gap=68.176%, AF=0.931, #solved=21559
*39s: GLB=776112.232, best=2438763.000, gap=68.176%, AF=0.931, #solved=21759
*39s: GLB=782830.668, best=2438763.000, gap=67.901%, AF=0.931, #solved=21918
*39s: GLB=782830.668, best=2438763.000, gap=67.901%, AF=0.931, #solved=22050
*39s: GLB=782830.668, best=2438763.000, gap=67.901%, AF=0.931, #solved=22386
*39s: GLB=782830.668, best=2438763.000, gap=67.901%, AF=0.931, #solved=22712
*39s: GLB=782830.668, best=2438763.000, gap=67.901%, AF=0.931, #solved=22815
*39s: GLB=782830.668, best=2438763.000, gap=67.901%, AF=0.931, #solved=22853
*39s: GLB=782830.668, best=2438763.000, gap=67.901%, AF=0.931, #solved=22951
*39s: GLB=782830.668, best=2438763.000, gap=67.901%, AF=0.931, #solved=22982
*39s: GLB=782830.668, best=2438763.000, gap=67.901%, AF=0.931, #solved=23040
*39s: GLB=782830.668, best=2438763.000, gap=67.901%, AF=0.931, #solved=23285
*39s: GLB=782830.668, best=2438763.000, gap=67.901%, AF=0.931, #solved=23297
*39s: GLB=782830.668, best=2438763.000, gap=67.901%, AF=0.931, #solved=23409
*39s: GLB=782830.668, best=2438763.000, gap=67.901%, AF=0.931, #solved=23595
*40s: GLB=782830.668, best=2438763.000, gap=67.901%, AF=0.931, #solved=23740
*40s: GLB=782830.668, best=2438763.000, gap=67.901%, AF=0.931, #solved=23885
*40s: GLB=782830.668, best=2438763.000, gap=67.901%, AF=0.931, #solved=23907
*40s: GLB=782830.668, best=2438763.000, gap=67.901%, AF=0.931, #solved=23989
*40s: GLB=782830.668, best=2438763.000, gap=67.901%, AF=0.931, #solved=24014
*40s: GLB=782830.668, best=2438763.000, gap=67.901%, AF=0.931, #solved=24019
*40s: GLB=782830.668, best=2438763.000, gap=67.901%, AF=0.931, #solved=24064
*40s: GLB=782830.668, best=2438763.000, gap=67.901%, AF=0.931, #solved=24166
*40s: GLB=782830.668, best=2438763.000, gap=67.901%, AF=0.931, #solved=24181
*40s: GLB=782830.668, best=2438763.000, gap=67.901%, AF=0.931, #solved=24195
*40s: GLB=782830.668, best=2438763.000, gap=67.901%, AF=0.931, #solved=24198
*40s: GLB=782830.668, best=2438763.000, gap=67.901%, AF=0.931, #solved=24282
*40s: GLB=782830.668, best=2438763.000, gap=67.901%, AF=0.931, #solved=24319
*40s: GLB=782830.668, best=2438763.000, gap=67.901%, AF=0.931, #solved=24381
*40s: GLB=782830.668, best=2438763.000, gap=67.901%, AF=0.931, #solved=24428
*40s: GLB=782830.668, best=2438763.000, gap=67.901%, AF=0.931, #solved=24663
*40s: GLB=782830.668, best=2438763.000, gap=67.901%, AF=0.931, #solved=24663
*40s: GLB=782830.668, best=2438763.000, gap=67.901%, AF=0.931, #solved=24726
*40s: GLB=782830.668, best=2438763.000, gap=67.901%, AF=0.931, #solved=24756
*40s: GLB=782830.668, best=2438763.000, gap=67.901%, AF=0.931, #solved=25008
t31:1s(:20.042,18.142,0.528) [950/51(1000)] dpt:18 [ 3717933.411, 1839045.666, 2438763.000, 24.591%] cutoff:451 AF:0.931
*40s: GLB=782830.668, best=2438763.000, gap=67.901%, AF=0.931, #solved=25695
*40s: GLB=797568.421, best=2438763.000, gap=67.296%, AF=0.931, #solved=25784
*40s: GLB=797568.421, best=2438763.000, gap=67.296%, AF=0.931, #solved=25832
*40s: GLB=797568.421, best=2438763.000, gap=67.296%, AF=0.931, #solved=25846
*40s: GLB=797568.421, best=2438763.000, gap=67.296%, AF=0.931, #solved=26230
*40s: GLB=797568.421, best=2438763.000, gap=67.296%, AF=0.931, #solved=26250
*40s: GLB=797568.421, best=2438763.000, gap=67.296%, AF=0.931, #solved=26497
*40s: GLB=797568.421, best=2438763.000, gap=67.296%, AF=0.931, #solved=26507
*40s: GLB=797568.421, best=2438763.000, gap=67.296%, AF=0.931, #solved=26633
*40s: GLB=797568.421, best=2438763.000, gap=67.296%, AF=0.931, #solved=26797
*40s: GLB=797568.421, best=2438763.000, gap=67.296%, AF=0.931, #solved=26853
*40s: GLB=797568.421, best=2438763.000, gap=67.296%, AF=0.931, #solved=26878
*40s: GLB=797568.421, best=2438763.000, gap=67.296%, AF=0.931, #solved=26878
*40s: GLB=797568.421, best=2438763.000, gap=67.296%, AF=0.931, #solved=26991
*40s: GLB=797568.421, best=2438763.000, gap=67.296%, AF=0.931, #solved=27073
*40s: GLB=797568.421, best=2438763.000, gap=67.296%, AF=0.931, #solved=27144
*40s: GLB=797568.421, best=2438763.000, gap=67.296%, AF=0.931, #solved=27215
*40s: GLB=797568.421, best=2438763.000, gap=67.296%, AF=0.931, #solved=27229
*40s: GLB=797568.421, best=2438763.000, gap=67.296%, AF=0.931, #solved=27310
*40s: GLB=797568.421, best=2438763.000, gap=67.296%, AF=0.931, #solved=27320
*40s: GLB=797568.421, best=2438763.000, gap=67.296%, AF=0.931, #solved=27325
*40s: GLB=797568.421, best=2438763.000, gap=67.296%, AF=0.931, #solved=27344
*41s: GLB=797568.421, best=2438763.000, gap=67.296%, AF=0.931, #solved=27434
*41s: GLB=797568.421, best=2438763.000, gap=67.296%, AF=0.931, #solved=27443
*41s: GLB=797568.421, best=2438763.000, gap=67.296%, AF=0.931, #solved=27458
*41s: GLB=797568.421, best=2438763.000, gap=67.296%, AF=0.931, #solved=27490
*41s: GLB=797568.421, best=2438763.000, gap=67.296%, AF=0.931, #solved=27504
*41s: GLB=797568.421, best=2438763.000, gap=67.296%, AF=0.931, #solved=27533
*41s: GLB=807321.155, best=2438763.000, gap=66.896%, AF=0.931, #solved=27580
*41s: GLB=807321.155, best=2438763.000, gap=66.896%, AF=0.931, #solved=27655
*41s: GLB=807321.155, best=2438763.000, gap=66.896%, AF=0.931, #solved=28056
t31:0s(:5.634,4.860,0.205) [903/98(1000)] dpt:15 [ 3146307.702, 1457941.648, 2438763.000, 40.218%] cutoff:404 AF:0.931
t31:0s(:0.038,0.032,0.001) [850/151(1000)] dpt:13 [ 3244801.517, 1220732.582, 2438763.000, 49.945%] cutoff:351 AF:0.931
t31:0s(:0.053,0.046,0.001) [943/58(1000)] dpt:18 [ 2289376.770, 1710488.960, 2438763.000, 29.862%] cutoff:443 AF:0.931
t31:0s(:0.043,0.036,0.001) [877/124(1000)] dpt:14 [ 2575709.587, 1575420.935, 2438763.000, 35.401%] cutoff:378 AF:0.931
t31:0s(:0.049,0.043,0.001) [944/57(1000)] dpt:19 [ 2021468.414, 1663862.958, 2438763.000, 31.774%] cutoff:444 AF:0.931
t31:0s(:0.048,0.041,0.001) [891/110(1000)] dpt:15 [ 1831407.498, 1675054.922, 2438763.000, 31.315%] cutoff:391 AF:0.931
t31:0s(:0.056,0.049,0.001) [977/24(1000)] dpt:21 [ 2476599.245, 1947337.714, 2438763.000, 20.151%] cutoff:478 AF:0.931
t31:0s(:0.045,0.039,0.001) [888/113(1000)] dpt:14 [ 2596354.023, 1339609.812, 2438763.000, 45.070%] cutoff:389 AF:0.931
t31:0s(:0.060,0.052,0.001) [990/11(1000)] dpt:21 [ 3008187.693, 2090526.561, 2438763.000, 14.279%] cutoff:491 AF:0.931
End

SVPSOLVER found an optimal solution

time: 42s
best value: 2438763.000
norm: 1561.654
AF: 0.931
Nodes: 1424902
best solution:
 0: 1.000
