
Welcome to IBM(R) ILOG(R) CPLEX(R) Interactive Optimizer 12.8.0.0
  with Simplex, Mixed Integer & Barrier Optimizers
5725-A06 5725-A29 5724-Y48 5724-Y49 5724-Y54 5724-Y55 5655-Y21
Copyright IBM Corp. 1988, 2017.  All Rights Reserved.

Type 'help' for a list of available commands.
Type 'help' followed by a command name for more
information on commands.

CPLEX> New value for time limit in seconds: 86400
CPLEX> New value for mixed integer optimality gap tolerance: 1e-10
CPLEX> Problem 'BKZ20-SVP_n40_seed0.lp' read.
Read time = 0.05 sec. (0.13 ticks)
CPLEX> CPXPARAM_TimeLimit                               86400
CPXPARAM_MIP_Tolerances_MIPGap                   1e-10
Tried aggregator 2 times.
Aggregator did 40 substitutions.
Reduced MIQP has 201 rows, 410 columns, and 690 nonzeros.
Reduced MIQP has 290 binaries, 120 generals, 0 SOSs, and 0 indicators.
Reduced MIQP objective Q matrix has 1600 nonzeros.
Presolve time = 0.02 sec. (0.82 ticks)
Probing time = 0.00 sec. (0.34 ticks)
Tried aggregator 1 time.
Reduced MIQP has 201 rows, 410 columns, and 690 nonzeros.
Reduced MIQP has 290 binaries, 120 generals, 0 SOSs, and 0 indicators.
Reduced MIQP objective Q matrix has 1600 nonzeros.
Presolve time = 0.00 sec. (0.53 ticks)
Probing time = 0.00 sec. (0.34 ticks)
Clique table members: 676.
MIP emphasis: balance optimality and feasibility.
MIP search method: dynamic search.
Parallel mode: deterministic, using up to 32 threads.
Root relaxation solution time = 0.05 sec. (2.89 ticks)

        Nodes                                         Cuts/
   Node  Left     Objective  IInf  Best Integer    Best Bound    ItCnt     Gap

      0     0        0.0000    15                      0.0000       10         
*     0+    0                       2.12123e+08        0.0000           100.00%
*     0+    0                       1.32460e+08        0.0000           100.00%
*     0+    0                       6.86104e+07        0.0000           100.00%
*     0+    0                      3453107.0000        0.0000           100.00%
      0     2        0.0000    15  3453107.0000        0.0000       10  100.00%
Elapsed time = 0.42 sec. (26.75 ticks, tree = 0.01 MB, solutions = 4)
*    10+    5                      3045586.0000        0.0000           100.00%
*  1352+  949                      3040035.0000        0.0000           100.00%
   8080  5471   167544.7981    71  3040035.0000        0.0000    63279  100.00%
  13228  8447  1185731.2786    93  3040035.0000        0.0000   105791  100.00%
  17728 11710  1274636.3830    76  3040035.0000        0.0000   152877  100.00%
  18934   275  1342567.0650    86  3040035.0000        0.0000   174036  100.00%
  19706   816    93675.8740    76  3040035.0000        0.0000   179939  100.00%
  20581  1429  2715264.4174    66  3040035.0000        0.0000   184831  100.00%
  21530  2142        cutoff        3040035.0000        0.0000   189550  100.00%
  22242  2628    45638.0249    74  3040035.0000        0.0000   193656  100.00%
  24508  4092  3014780.1553    75  3040035.0000        0.0000   206269  100.00%
  61945 19101   882623.6126   105  3040035.0000   174610.8016   448454   94.26%
Elapsed time = 6.73 sec. (3129.15 ticks, tree = 10.81 MB, solutions = 13)
 113762 52655  1364574.5714    95  3040035.0000   792058.3151   911989   73.95%
 165549 82602  2813246.5823    74  3040035.0000   988513.3958  1316597   67.48%
 213130 113531  2793833.4693    72  3040035.0000  1026715.1979  1730378   66.23%
 233938 128102  2860912.5716    79  3040035.0000  1110200.6331  1925805   63.48%
 273664 151876  1960489.9382    80  3040035.0000  1160251.7844  2246094   61.83%
 314489 174794  2093466.2772    91  3040035.0000  1210543.9177  2548846   60.18%
 352376 197913  2588960.5605    84  3040035.0000  1264354.5681  2858468   58.41%
 387263 221034  1744031.1187    83  3040035.0000  1298566.7514  3168378   57.28%
 430860 247608  2971597.5248    75  3040035.0000  1339264.1480  3528648   55.95%
 465550 268596  2315328.9881    71  3040035.0000  1361917.6065  3810003   55.20%
Elapsed time = 25.61 sec. (12666.27 ticks, tree = 131.63 MB, solutions = 13)
 504673 285941  2985122.3350    74  3040035.0000  1417240.2936  4043285   53.38%
 546300 308743  2951507.7436    80  3040035.0000  1436142.3058  4348367   52.76%
 586432 332663  2345877.1178    81  3040035.0000  1460997.5076  4670617   51.94%
 623962 353130  2071888.7770    91  3040035.0000  1487666.2472  4945862   51.06%
 664971 378387  2630243.3689    93  3040035.0000  1510473.5681  5292568   50.31%
 706200 401781  2708869.8354    81  3040035.0000  1532204.1534  5604174   49.60%
 746302 424463  1984770.2357    98  3040035.0000  1548013.8791  5912238   49.08%
 785795 440802  2002240.4155    93  3040035.0000  1568606.8785  6134996   48.40%
 827038 465122  2298005.0332    74  3040035.0000  1590842.3373  6468838   47.67%
 867054 484087  2644081.9170    73  3040035.0000  1607549.9898  6729852   47.12%
Elapsed time = 44.56 sec. (22203.13 ticks, tree = 246.01 MB, solutions = 13)
*880656 494599      integral     0  2921274.0000  1609468.6538  6877048   44.91%
 903049 478032  2757099.4116    76  2921274.0000  1618385.6854  7056239   44.60%
 948241 497829  2362520.4295   110  2921274.0000  1638136.0281  7354851   43.92%
 989127 518627  2784074.3513    83  2921274.0000  1649941.8748  7672627   43.52%
 1029831 533942  2631110.2405    83  2921274.0000  1669084.7911  7909022   42.86%
 1071695 554423  1739794.2765   108  2921274.0000  1685504.4388  8232263   42.30%
 1109749 573082  2361353.1475    86  2921274.0000  1697640.3729  8525509   41.89%
 1151629 588232  2550107.9099    88  2921274.0000  1716640.9362  8762448   41.24%
 1192301 610657  1848665.4577   110  2921274.0000  1730527.5858  9119994   40.76%
 1238113 625222        cutoff        2921274.0000  1742531.8003  9354187   40.35%
 1271241 647054  2523947.5854    93  2921274.0000  1758610.8834  9705549   39.80%
Elapsed time = 64.50 sec. (31740.06 ticks, tree = 324.11 MB, solutions = 14)
 1314631 666502  2376812.3699    95  2921274.0000  1773801.4097 10024688   39.28%
 1359219 682958        cutoff        2921274.0000  1788186.9801 10297559   38.79%
 1401507 701376  2546574.6516    80  2921274.0000  1803296.8753 10606761   38.27%
 1436268 712812  2207688.2709    79  2921274.0000  1803882.8228 10794783   38.25%
 1484973 738532  2864951.1488    56  2921274.0000  1822822.3610 11236722   37.60%
 1516926 748751  2822811.7356    97  2921274.0000  1831918.8041 11415332   37.29%
 1567233 771432  2842995.1001    74  2921274.0000  1844461.6447 11817185   36.86%
 1601955 783094  2191573.4232    96  2921274.0000  1850190.5566 12023152   36.66%
 1644507 797682  1930418.1370    94  2921274.0000  1866543.6316 12287119   36.11%
 1689029 815551  2686605.6084    86  2921274.0000  1881677.4166 12608418   35.59%
Elapsed time = 84.20 sec. (41277.07 ticks, tree = 418.62 MB, solutions = 14)
 1725112 831806  2381147.2182    93  2921274.0000  1889667.6464 12906723   35.31%
 1767990 845716  2708073.9909    94  2921274.0000  1897621.1295 13164274   35.04%
 1812592 862782  2695497.6746    89  2921274.0000  1904658.0978 13482781   34.80%
 1848193 878016  2687574.0663    94  2921274.0000  1915010.6847 13769435   34.45%
 1898132 895637  2701512.2825    79  2921274.0000  1925502.6739 14103856   34.09%
 1933978 908479  2207052.8181   102  2921274.0000  1936533.3408 14351559   33.71%
 1978054 922683  2900351.5482    84  2921274.0000  1945257.0174 14625366   33.41%
 2017500 937807  2732402.6459    85  2921274.0000  1953330.6111 14923823   33.13%
 2055843 953189  2839391.0433    90  2921274.0000  1965039.1960 15232683   32.73%
 2107681 965371  2231109.9972    99  2921274.0000  1968674.5786 15482325   32.61%
Elapsed time = 103.41 sec. (50813.93 ticks, tree = 487.98 MB, solutions = 14)
 2139324 980136  2429892.1056   106  2921274.0000  1979027.9175 15786031   32.25%
 2183832 993108  2781462.0062    81  2921274.0000  1991347.2173 16053325   31.83%
 2226599 1009363  2045414.5006    92  2921274.0000  1996111.7759 16401024   31.67%
 2262156 1019128  2771524.1267    84  2921274.0000  2003737.9279 16609391   31.41%
 2311402 1031290  2368221.5663    82  2921274.0000  2014006.3667 16870584   31.06%
 2350007 1049176  2446488.4836    89  2921274.0000  2020621.4748 17262986   30.83%
 2389029 1056880  2694289.2034    83  2921274.0000  2027810.5670 17435826   30.58%
 2434720 1073604  2194924.5722    92  2921274.0000  2035297.3285 17813917   30.33%
 2475432 1084238  2149217.7940   106  2921274.0000  2043688.1720 18063390   30.04%
 2519624 1095010  2518288.2356    82  2921274.0000  2051447.7847 18322648   29.78%
Elapsed time = 123.55 sec. (60350.89 ticks, tree = 559.21 MB, solutions = 14)
 2550205 1108245  2136181.5524   105  2921274.0000  2058830.2659 18637092   29.52%
 2605084 1117297  2749201.5492    75  2921274.0000  2067341.9071 18861746   29.23%
 2636718 1131280  2431481.9845    71  2921274.0000  2074100.4637 19206404   29.00%
 2683219 1142708  2598582.1584    90  2921274.0000  2081972.7731 19489756   28.73%
 2724374 1155635  2833019.5123    67  2921274.0000  2089307.8723 19820696   28.48%
 2766164 1161409  2914779.6861    66  2921274.0000  2094103.4622 19975224   28.32%
 2805814 1176653  2528177.8259    91  2921274.0000  2103175.6862 20386002   28.00%
 2852106 1181585  2852191.4990    81  2921274.0000  2112373.9294 20521976   27.69%
 2887062 1195620  2575186.3339    96  2921274.0000  2116221.5106 20902786   27.56%
 2927175 1204250  2811116.8568    71  2921274.0000  2124221.5818 21146573   27.28%
Elapsed time = 143.94 sec. (69887.76 ticks, tree = 621.09 MB, solutions = 14)
 2976020 1216413  2412341.2662    69  2921274.0000  2131554.9479 21492969   27.03%
 3012367 1222792  2828464.4833    88  2921274.0000  2137466.8425 21682344   26.83%
 3054439 1232574        cutoff        2921274.0000  2141559.8603 21969929   26.69%
 3095244 1244151  2760886.6646    87  2921274.0000  2148318.2446 22323268   26.46%
 3135961 1254797        cutoff        2921274.0000  2152581.9419 22655148   26.31%
 3179693 1262859  2648504.3888    80  2921274.0000  2158751.9800 22912133   26.10%
 3217460 1267693        cutoff        2921274.0000  2168197.4102 23067893   25.78%
 3260551 1278770  2709201.1468    93  2921274.0000  2173594.7244 23442968   25.59%
 3303502 1284755  2869572.4509    83  2921274.0000  2179121.4416 23646232   25.41%
 3343570 1294752        cutoff        2921274.0000  2184307.9221 23991496   25.23%
Elapsed time = 164.08 sec. (79424.69 ticks, tree = 663.65 MB, solutions = 14)
 3390341 1305072  2342316.9458    95  2921274.0000  2189607.6448 24366349   25.05%
 3425782 1310727        cutoff        2921274.0000  2194530.0284 24574266   24.88%
 3471161 1317484  2851657.5861    57  2921274.0000  2201681.5292 24826376   24.63%
 3506076 1324197  2327812.8952    89  2921274.0000  2208379.2691 25083814   24.40%
 3552462 1332269  2510645.5267    99  2921274.0000  2213776.2682 25399457   24.22%
*3584216 1333032      integral     0  2898385.0000  2217453.5634 25429046   23.49%
 3605192 1302915        cutoff        2898385.0000  2222172.4812 25809439   23.33%
 3607946 1298969  2707624.3564    82  2898385.0000  2222172.4812 25626882   23.33%
 3619036 1304460  2843366.7379    95  2898385.0000  2223634.5811 25889491   23.28%
 3781704 1323314  2734915.5864    77  2898385.0000  2247650.2729 26896058   22.45%
Elapsed time = 193.87 sec. (94446.93 ticks, tree = 677.82 MB, solutions = 15)
 3951067 1341871        cutoff        2898385.0000  2266450.1414 28032249   21.80%
 4109427 1356288  2471454.2399    95  2898385.0000  2291167.3419 29155433   20.95%
 4269680 1365410  2687201.4825    68  2898385.0000  2308907.7435 30168830   20.34%
 4432304 1372134  2631261.4800    78  2898385.0000  2328734.6793 31276758   19.65%
 4604951 1375037  2535276.8956    89  2898385.0000  2348888.9032 32216950   18.96%
 4752911 1374947  2671584.7230   104  2898385.0000  2368975.2179 33304628   18.27%
 4917040 1371323  2830146.4674    80  2898385.0000  2387802.1040 34368946   17.62%
 5078904 1364226  2431459.6411   100  2898385.0000  2407279.5635 35292946   16.94%
 5232959 1351284  2681060.6739    73  2898385.0000  2425331.9421 36407818   16.32%
 5380288 1334118  2871704.7050    83  2898385.0000  2444249.5112 37475107   15.67%
Elapsed time = 277.85 sec. (132594.14 ticks, tree = 685.19 MB, solutions = 15)
 5549372 1316876  2635778.3047    82  2898385.0000  2462279.0798 38362665   15.05%
 5695257 1293651  2524894.4075    79  2898385.0000  2480963.3491 39323615   14.40%
 5842760 1265292        cutoff        2898385.0000  2497936.5628 40312011   13.82%
 5993041 1227773  2549429.0330   119  2898385.0000  2515563.7386 41448345   13.21%
 6137205 1199623        cutoff        2898385.0000  2533364.2866 42198982   12.59%
 6283401 1158784  2810660.1092    73  2898385.0000  2553462.2468 43144171   11.90%
 6429099 1103830  2678465.9769    80  2898385.0000  2570105.5272 44273322   11.33%
 6566252 1056856  2624386.2823   107  2898385.0000  2588511.0575 45136069   10.69%
 6699887 1005172  2710448.9505    67  2898385.0000  2604455.2612 45989440   10.14%
 6836556 949416  2733118.9089    94  2898385.0000  2621547.0204 46830775    9.55%
Elapsed time = 369.62 sec. (170741.30 ticks, tree = 507.01 MB, solutions = 15)
 6965314 890465        cutoff        2898385.0000  2639205.5922 47635569    8.94%
 7095795 826854  2884219.6487    71  2898385.0000  2660965.2047 48434828    8.19%
 7223004 751967        cutoff        2898385.0000  2681648.1815 49302377    7.48%
 7348928 681663  2730758.2476   104  2898385.0000  2702540.9347 50055207    6.76%
 7475306 622847        cutoff        2898385.0000  2722563.7050 50642770    6.07%
 7590868 530454        cutoff        2898385.0000  2743758.1608 51484970    5.33%
 7709774 444172  2859170.8694    83  2898385.0000  2767247.4891 52187179    4.52%
 7824989 358106  2847973.5524    75  2898385.0000  2789721.3740 52824757    3.75%
 7940054 268063  2829455.6322    93  2898385.0000  2813012.5222 53425503    2.95%
 8049468 175877  2875319.0289    96  2898385.0000  2839912.3123 53972787    2.02%
Elapsed time = 518.04 sec. (208888.50 ticks, tree = 148.69 MB, solutions = 15)
 8158723 80698        cutoff        2898385.0000  2865675.6228 54461881    1.13%
 8246124  9306  2896748.3183    78  2898385.0000  2890888.2722 54755543    0.26%

Clique cuts applied:  5
Cover cuts applied:  2
Implied bound cuts applied:  1
Mixed integer rounding cuts applied:  3
Zero-half cuts applied:  1
Gomory fractional cuts applied:  1

Root node processing (before b&c):
  Real time             =    0.42 sec. (27.52 ticks)
Parallel b&c, 32 threads:
  Real time             =  656.88 sec. (216896.69 ticks)
  Sync time (average)   =  400.28 sec.
  Wait time (average)   =    0.23 sec.
                          ------------
Total (root+branch&cut) =  657.30 sec. (216924.21 ticks)

Solution pool: 15 solutions saved.

MIP - Integer optimal solution:  Objective =  2.8983850000e+06
Solution time =  657.31 sec.  Iterations = 54786385  Nodes = 8246316
Deterministic time = 216924.22 ticks  (330.02 ticks/sec)

CPLEX> Incumbent solution written to file 'BKZ20-SVP_n40_seed0.sol'.
CPLEX> 