
Welcome to IBM(R) ILOG(R) CPLEX(R) Interactive Optimizer 12.8.0.0
  with Simplex, Mixed Integer & Barrier Optimizers
5725-A06 5725-A29 5724-Y48 5724-Y49 5724-Y54 5724-Y55 5655-Y21
Copyright IBM Corp. 1988, 2017.  All Rights Reserved.

Type 'help' for a list of available commands.
Type 'help' followed by a command name for more
information on commands.

CPLEX> New value for time limit in seconds: 86400
CPLEX> New value for mixed integer optimality gap tolerance: 1e-10
CPLEX> Problem 'BKZ20-SVP_n43_seed4.lp' read.
Read time = 0.00 sec. (0.14 ticks)
CPLEX> CPXPARAM_TimeLimit                               86400
CPXPARAM_MIP_Tolerances_MIPGap                   1e-10
Tried aggregator 2 times.
Aggregator did 43 substitutions.
Reduced MIQP has 216 rows, 444 columns, and 745 nonzeros.
Reduced MIQP has 315 binaries, 129 generals, 0 SOSs, and 0 indicators.
Reduced MIQP objective Q matrix has 1849 nonzeros.
Presolve time = 0.00 sec. (0.90 ticks)
Probing time = 0.00 sec. (0.38 ticks)
Tried aggregator 1 time.
Reduced MIQP has 216 rows, 444 columns, and 745 nonzeros.
Reduced MIQP has 315 binaries, 129 generals, 0 SOSs, and 0 indicators.
Reduced MIQP objective Q matrix has 1849 nonzeros.
Presolve time = 0.00 sec. (0.58 ticks)
Probing time = 0.00 sec. (0.38 ticks)
Clique table members: 738.
MIP emphasis: balance optimality and feasibility.
MIP search method: dynamic search.
Parallel mode: deterministic, using up to 32 threads.
Root relaxation solution time = 0.01 sec. (3.27 ticks)

        Nodes                                         Cuts/
   Node  Left     Objective  IInf  Best Integer    Best Bound    ItCnt     Gap

      0     0        0.0000    46                      0.0000       10         
*     0+    0                       8.88341e+08        0.0000           100.00%
      0     0        0.0000    51   8.88341e+08      Cuts: 59       40  100.00%
*     0+    0                       7.24434e+08        0.0000           100.00%
*     0+    0                       3.21512e+08        0.0000           100.00%
*     0+    0                      4628951.0000        0.0000           100.00%
*     0+    0                      3115631.0000        0.0000           100.00%
      0     2        0.0000    51  3115631.0000        0.0000       40  100.00%
Elapsed time = 0.34 sec. (38.02 ticks, tree = 0.01 MB, solutions = 5)
   5649  4119   249672.6458    60  3115631.0000        0.0000    45203  100.00%
   9760  6928        cutoff        3115631.0000        0.0000    86251  100.00%
  13631  8874   631029.4730   108  3115631.0000        0.0000   118334  100.00%
  17268 11384  2990906.4234    51  3115631.0000        0.0000   158125  100.00%
  17615   226        0.0000     5  3115631.0000        0.0000   170800  100.00%
  18095   557  1980193.1355    66  3115631.0000        0.0000   173274  100.00%
  18738   995  2978466.7528    45  3115631.0000        0.0000   176351  100.00%
  19505  1576    59508.6131    72  3115631.0000        0.0000   181330  100.00%
  21109  2579  1714785.7467    19  3115631.0000        0.0000   189933  100.00%
  46136 14566  1342120.2750    77  3115631.0000        0.0000   332014  100.00%
Elapsed time = 6.50 sec. (3160.36 ticks, tree = 9.13 MB, solutions = 5)
  78817 33283        cutoff        3115631.0000   194354.1710   616755   93.76%
 118998 59374  1610879.6913   105  3115631.0000   677913.3698   974953   78.24%
 162523 82071  2485557.8506   109  3115631.0000   805848.1123  1288616   74.14%
 194150 104281  2450574.4722    96  3115631.0000   897490.2862  1598718   71.19%
 211961 115722  1714949.0087    84  3115631.0000   905234.5979  1754725   70.95%
 247804 136337  2357987.4389   104  3115631.0000   987729.8941  2037503   68.30%
 277039 155615  2072971.4759    94  3115631.0000  1004604.3652  2301005   67.76%
 309039 175634  2307421.4248    95  3115631.0000  1056845.0888  2569669   66.08%
 336647 194053  2867426.7162   101  3115631.0000  1074324.2739  2819822   65.52%
 370754 215206  1751814.3840   117  3115631.0000  1119638.7298  3100709   64.06%
Elapsed time = 24.73 sec. (12697.52 ticks, tree = 112.10 MB, solutions = 5)
 400520 233614  2606609.0891   101  3115631.0000  1147383.5058  3344295   63.17%
 432561 254020  1782115.0190   107  3115631.0000  1185407.5520  3611159   61.95%
 461884 271298  2024334.1888   109  3115631.0000  1198339.6699  3834906   61.54%
 496628 292795  3073633.8105    89  3115631.0000  1222597.7314  4115191   60.76%
 534081 312827  2185762.7173   104  3115631.0000  1266160.2243  4375161   59.36%
 560607 332130  1727298.9510   108  3115631.0000  1267546.7742  4631009   59.32%
 591362 348535  3029311.5395    95  3115631.0000  1282912.3965  4841044   58.82%
 629610 372355  2186843.0481   105  3115631.0000  1313143.9861  5151318   57.85%
 662286 390531  2487449.3662    86  3115631.0000  1329972.5149  5390234   57.31%
 689905 405206        cutoff        3115631.0000  1350950.6222  5585557   56.64%
Elapsed time = 43.33 sec. (22234.70 ticks, tree = 214.75 MB, solutions = 5)
 723639 427078  1854418.3649    86  3115631.0000  1367974.5044  5875094   56.09%
 762319 452516  2005562.0861    95  3115631.0000  1395220.1621  6211915   55.22%
 790346 465838  2789316.7849    98  3115631.0000  1395220.1621  6385802   55.22%
 823074 485307  2642559.5653    91  3115631.0000  1416498.7465  6648394   54.54%
 862897 509908  2654279.6916    90  3115631.0000  1416498.7465  6976067   54.54%
 895224 530431  2272259.9079   101  3115631.0000  1449974.2973  7247158   53.46%
 927412 546082  2914699.6448    77  3115631.0000  1465740.0820  7452803   52.96%
 958391 564178  2607578.8333    92  3115631.0000  1480021.9070  7694322   52.50%
 995903 586718  2335144.9835   110  3115631.0000  1491696.0564  7992036   52.12%
 1027474 601717  1848724.9800   116  3115631.0000  1503244.8931  8192275   51.75%
Elapsed time = 61.60 sec. (31771.72 ticks, tree = 317.91 MB, solutions = 5)
 1062527 617610  2405652.7526   104  3115631.0000  1506553.3566  8406229   51.65%
 1097746 643731  3065855.9359    93  3115631.0000  1531314.6459  8757147   50.85%
 1129002 660153        cutoff        3115631.0000  1539067.3560  8983551   50.60%
 1163901 679219  2356591.0009   102  3115631.0000  1553757.3163  9246857   50.13%
 1196229 698856  1606291.1318    95  3115631.0000  1566179.6145  9511707   49.73%
 1230795 718337  1953862.5691   102  3115631.0000  1579536.9111  9778924   49.30%
 1271974 735307  2725353.4459    89  3115631.0000  1586209.7637 10009027   49.09%
 1304407 755288  2628968.4704    96  3115631.0000  1595222.8898 10283605   48.80%
 1329307 771096  2336451.9002    90  3115631.0000  1601575.5890 10500056   48.60%
 1365686 788195  1820722.3941   112  3115631.0000  1619131.1799 10734106   48.03%
Elapsed time = 80.56 sec. (41308.80 ticks, tree = 413.67 MB, solutions = 5)
 1409646 813701  2354987.9221    98  3115631.0000  1632957.4897 11085815   47.59%
 1440416 830002  1779074.2651   114  3115631.0000  1636538.1200 11311175   47.47%
 1472194 847787        cutoff        3115631.0000  1648377.4337 11566416   47.09%
 1506305 866463  2002766.7916   103  3115631.0000  1653519.9104 11829918   46.93%
 1540524 884548  1913543.4735   117  3115631.0000  1666784.8580 12084424   46.50%
 1573868 897984  2997689.0206    99  3115631.0000  1677687.3287 12274845   46.15%
 1612074 919909  2065244.1457   104  3115631.0000  1685436.1111 12582347   45.90%
 1648793 940269  3021494.2692    83  3115631.0000  1693861.1046 12871327   45.63%
 1683731 963214        cutoff        3115631.0000  1703734.4383 13196107   45.32%
 1711521 975295  2713538.2735    84  3115631.0000  1703734.4383 13366147   45.32%
Elapsed time = 99.84 sec. (50845.72 ticks, tree = 510.18 MB, solutions = 5)
 1753555 996094  1761041.4911    97  3115631.0000  1722960.8708 13657867   44.70%
 1784835 1014290  2563059.6311    73  3115631.0000  1729422.6188 13917171   44.49%
 1818555 1028892  2633245.9670    92  3115631.0000  1733624.0374 14128110   44.36%
 1852635 1043838  2640621.8831   101  3115631.0000  1738471.7846 14342150   44.20%
 1891252 1069914  2006874.0490   114  3115631.0000  1751539.5220 14718452   43.78%
 1920627 1082005  2156411.9151    92  3115631.0000  1757682.4759 14896834   43.59%
 1951370 1097605  1802836.3599   107  3115631.0000  1762580.5855 15124117   43.43%
 1992720 1114977  2803551.0063    89  3115631.0000  1767310.8554 15378201   43.28%
 2029063 1139901  2009021.6595   114  3115631.0000  1774701.0211 15745133   43.04%
 2058699 1153744        cutoff        3115631.0000  1786768.0310 15948967   42.65%
Elapsed time = 118.50 sec. (60382.72 ticks, tree = 605.29 MB, solutions = 5)
 2099659 1168346  3030934.3703    81  3115631.0000  1791159.2852 16164126   42.51%
 2131387 1190441  1826016.9249   108  3115631.0000  1794430.1560 16489878   42.41%
 2163731 1206903  3104266.2046    75  3115631.0000  1798853.1963 16733005   42.26%
 2203161 1225640  3014239.0359    71  3115631.0000  1807879.5723 17014959   41.97%
 2236817 1238438  2558720.5110    83  3115631.0000  1813108.1894 17205258   41.81%
 2272384 1253162  2701369.7284    88  3115631.0000  1821825.6609 17427361   41.53%
 2305570 1276048  2877431.9719    87  3115631.0000  1829125.0333 17770589   41.29%
 2345482 1293770  2302525.3101    87  3115631.0000  1838262.0792 18038347   41.00%
 2378188 1307040  3015655.0794    75  3115631.0000  1842090.6665 18235897   40.88%
 2412312 1327426  2787134.3608    73  3115631.0000  1846878.3501 18545590   40.72%
Elapsed time = 137.32 sec. (69919.79 ticks, tree = 700.68 MB, solutions = 5)
 2446742 1338652  3087916.5328    91  3115631.0000  1856899.9486 18714480   40.40%
 2485548 1356994  2700087.4343    89  3115631.0000  1861832.9252 18991285   40.24%
 2518002 1377749  3110953.3100    79  3115631.0000  1866059.2850 19308130   40.11%
 2553884 1392145  2816025.4866    89  3115631.0000  1869938.8045 19526165   39.98%
 2587231 1405343  2806687.3485    85  3115631.0000  1877055.8632 19723076   39.75%
 2624520 1428352  2081709.0880    91  3115631.0000  1881619.2184 20075293   39.61%
 2658654 1444460  2347049.8719    81  3115631.0000  1887417.5341 20321241   39.42%
 2698211 1456580  2968154.8414    85  3115631.0000  1891907.2122 20509618   39.28%
 2733226 1478281  2711079.4331    85  3115631.0000  1898362.9184 20843873   39.07%
 2764139 1490779  2142847.7220    99  3115631.0000  1902787.4717 21032953   38.93%
Elapsed time = 156.45 sec. (79456.78 ticks, tree = 795.04 MB, solutions = 5)
 2806753 1505690  2741088.8664    92  3115631.0000  1908513.4703 21261763   38.74%
 2834542 1528336  2452182.5018    98  3115631.0000  1912089.0258 21610744   38.63%
 2872215 1537995  2542836.2306    96  3115631.0000  1920635.6049 21761145   38.35%
 2910898 1555001  2883861.7950    98  3115631.0000  1928112.4161 22022649   38.11%
 2947217 1577252  3104213.9665    87  3115631.0000  1933657.3520 22369284   37.94%
 2974313 1590985  2443805.0354    89  3115631.0000  1933786.6345 22582508   37.93%
 3010701 1605095  2870184.9118    88  3115631.0000  1939347.6684 22808931   37.75%
 3052613 1625507  2125314.9897   117  3115631.0000  1943025.0090 23133392   37.64%
 3091928 1640291  1978464.2726   121  3115631.0000  1947027.6136 23367339   37.51%
 3228567 1701904  2794841.9639    93  3115631.0000  1967487.5839 24347990   36.85%
Elapsed time = 181.66 sec. (91854.92 ticks, tree = 915.69 MB, solutions = 5)
 3364804 1759314  2784225.3527    72  3115631.0000  1984639.5641 25275697   36.30%
 3513160 1831738  2403290.5161   101  3115631.0000  1999883.4304 26457973   35.81%
 3651482 1888567  2722231.1484    87  3115631.0000  2017655.0063 27401014   35.24%
 3798249 1946564  2502556.0765   105  3115631.0000  2035926.8271 28377143   34.65%
 3945315 2004234  2080267.8367   105  3115631.0000  2048580.0250 29351828   34.25%
 4088457 2062619  2953505.1578    91  3115631.0000  2061870.4274 30353193   33.82%
 4236312 2123108        cutoff        3115631.0000  2079727.3674 31398197   33.25%
 4377080 2176470  3061050.7690    87  3115631.0000  2092221.8693 32322005   32.85%
 4515993 2237885  2617740.3897    92  3115631.0000  2107369.9929 33402305   32.36%
 4665400 2293470  2166075.3398   105  3115631.0000  2118677.7580 34390913   32.00%
Elapsed time = 261.30 sec. (130002.13 ticks, tree = 1224.01 MB, solutions = 5)
 4812377 2350718  2670021.1674    87  3115631.0000  2131950.9713 35418290   31.57%
 4965612 2400403  3025998.9743    81  3115631.0000  2143274.1273 36316541   31.21%
 5111107 2460723  3064954.0956   100  3115631.0000  2154219.3783 37447069   30.86%
 5252204 2509557        cutoff        3115631.0000  2165851.1821 38367361   30.48%
 5399491 2558772  3112943.7555    78  3115631.0000  2180181.8268 39308441   30.02%
 5548064 2608938  2475853.3985    93  3115631.0000  2192102.7689 40285188   29.64%
 5689469 2653203  2667415.2251    91  3115631.0000  2201407.3521 41155988   29.34%
 5836553 2706036  2988797.1225    92  3115631.0000  2211257.8967 42216705   29.03%
 5981043 2755643  2980589.8582    90  3115631.0000  2222326.0648 43251866   28.67%
 6128097 2805384  2734371.6575    81  3115631.0000  2233407.3381 44323959   28.32%
Elapsed time = 342.92 sec. (168149.37 ticks, tree = 1499.33 MB, solutions = 5)
 6280404 2839759  2955207.0372   107  3115631.0000  2244430.5195 45065678   27.96%
 6428700 2884046  3082793.4066    95  3115631.0000  2253502.2792 46036079   27.67%
 6572108 2933712  2614189.7653    85  3115631.0000  2263319.6461 47145693   27.36%
 6714095 2974681  2378765.5851   102  3115631.0000  2273719.0694 48088080   27.02%
 6858060 3020507  2406107.0961   113  3115631.0000  2282531.9311 49137980   26.74%
 7004199 3057375        cutoff        3115631.0000  2290055.9920 50007824   26.50%
 7158815 3099498  3060939.3253    86  3115631.0000  2300119.0776 51002711   26.17%
 7301083 3138039  2755380.0966   112  3115631.0000  2307410.5108 51896656   25.94%
 7452003 3178093  2648913.7835    90  3115631.0000  2317777.7544 52845819   25.61%
 7607368 3224996        cutoff        3115631.0000  2327395.9112 53975028   25.30%
Elapsed time = 423.97 sec. (206296.66 ticks, tree = 1738.67 MB, solutions = 5)
 7746382 3264154  2937253.8905    87  3115631.0000  2333082.0115 54927609   25.12%
 7895558 3303723  2942523.1927    77  3115631.0000  2341919.2360 55931845   24.83%
 8049944 3339391  3099007.5984    85  3115631.0000  2349988.9396 56896702   24.57%
 8199906 3373320  2969773.9938    87  3115631.0000  2357381.7629 57810044   24.34%
 8339098 3406544  2920744.8364    78  3115631.0000  2363987.8861 58693218   24.12%
 8490604 3439686  3082534.5919    88  3115631.0000  2372152.2783 59600712   23.86%
 8642048 3472348  2401233.5633   108  3115631.0000  2380378.7677 60495248   23.60%
 8797970 3507851  2838268.0315    83  3115631.0000  2386937.9843 61476325   23.39%
 8950488 3540320  2631237.8518    97  3115631.0000  2394838.5539 62360256   23.13%
 9095982 3571710  2425528.3930    82  3115631.0000  2402075.2199 63272031   22.90%
Elapsed time = 507.86 sec. (244443.91 ticks, tree = 1948.59 MB, solutions = 5)
 9256296 3608989  2446482.3009    99  3115631.0000  2408259.6653 64325232   22.70%
 9411515 3636145        cutoff        3115631.0000  2415413.5561 65129005   22.47%
 9559509 3663547  2670285.7728    78  3115631.0000  2421370.9005 65971038   22.28%
 9703008 3696854  2739889.9805   102  3115631.0000  2428671.3888 66984234   22.05%
 9857072 3723771  3073544.5655    92  3115631.0000  2435079.4628 67869012   21.84%
 10010924 3756031  2708342.5788    84  3115631.0000  2442547.0073 68955291   21.60%
 10159907 3776144  3040470.2728   107  3115631.0000  2448657.4878 69681162   21.41%
 10316010 3798703  2828936.4844    90  3115631.0000  2453988.7217 70501026   21.24%
 10455155 3827929  2565791.7657    93  3115631.0000  2460084.4133 71602900   21.04%
 10593450 3847677  2610688.2712    88  3115631.0000  2466733.2092 72340189   20.83%
Elapsed time = 605.21 sec. (282591.14 ticks, tree = 2086.35 MB, solutions = 5)
Nodefile size = 38.99 MB (25.87 MB after compression)
 10751958 3869166  3096250.5070    81  3115631.0000  2472921.2664 73213973   20.63%
 10915170 3896267  2627239.8162   101  3115631.0000  2479819.7388 74282693   20.41%
 11043577 3915854        cutoff        3115631.0000  2485246.9151 75037881   20.23%
 11189470 3939567  2970295.9198    94  3115631.0000  2489726.2496 76021754   20.09%
 11347040 3960578  2665371.7349   102  3115631.0000  2496494.8360 76836921   19.87%
 11503822 3975890  2669531.6193    92  3115631.0000  2503140.7647 77537116   19.66%
 11656819 3995964  2958969.0335    93  3115631.0000  2508620.8376 78474571   19.48%
 11791850 4015805  2718228.7005    74  3115631.0000  2512669.0973 79438017   19.35%
 11937430 4036253  2978563.0202    89  3115631.0000  2518918.2101 80492214   19.15%
 12096996 4056445  2883970.8363    94  3115631.0000  2523939.9627 81452333   18.99%
Elapsed time = 726.33 sec. (320738.58 ticks, tree = 2189.92 MB, solutions = 5)
Nodefile size = 141.97 MB (94.19 MB after compression)
 12245601 4067196  2646285.2402    90  3115631.0000  2529420.0018 82028232   18.82%
 12389850 4091159  3040801.2377    85  3115631.0000  2534928.2621 83103587   18.64%
 12550689 4105689  2748318.4214    84  3115631.0000  2540060.4150 83908228   18.47%
 12711062 4118319  3016761.0799    83  3115631.0000  2545660.4992 84457273   18.29%
 12836061 4139673  2685386.5480    98  3115631.0000  2549562.8286 85502449   18.17%
 12995171 4155177  2703930.7453   102  3115631.0000  2555767.7116 86654498   17.97%
 13136202 4161749  2841407.7130    90  3115631.0000  2561344.5548 87183791   17.79%
 13285307 4177304  2588885.6553   119  3115631.0000  2566334.6592 88162900   17.63%
 13442340 4184492        cutoff        3115631.0000  2571455.9878 88839428   17.47%
 13580428 4193310  3034272.9505    92  3115631.0000  2576254.4103 89716127   17.31%
Elapsed time = 842.75 sec. (358885.76 ticks, tree = 2262.60 MB, solutions = 5)
Nodefile size = 214.95 MB (142.58 MB after compression)
 13740427 4204887        cutoff        3115631.0000  2582153.4015 90538800   17.12%
 13878571 4216595  2790008.6902    87  3115631.0000  2587035.3296 91388735   16.97%
 14022183 4233353  2995451.8924    97  3115631.0000  2591223.0579 92592476   16.83%
 14184569 4241308  2615972.3943    93  3115631.0000  2596405.4514 93331868   16.67%
 14340993 4245076        cutoff        3115631.0000  2601265.4944 93874031   16.51%
 14472119 4254246  3096327.8706    87  3115631.0000  2606749.3766 95067344   16.33%
 14613007 4259627        cutoff        3115631.0000  2610920.9526 95837516   16.20%
 14772538 4260882  2872518.6315    98  3115631.0000  2615773.9561 96496267   16.04%
 14918089 4264563  2996307.5481    81  3115631.0000  2619613.0642 97459033   15.92%
 15048320 4271068  2647314.8734    83  3115631.0000  2624833.3658 98292482   15.75%
Elapsed time = 955.09 sec. (397033.02 ticks, tree = 2302.66 MB, solutions = 5)
Nodefile size = 254.94 MB (169.05 MB after compression)
 15216853 4275285  2855390.7364    94  3115631.0000  2629589.5822 99230529   15.60%
 15342980 4277638  3015415.3460    84  3115631.0000  2633369.3904 99970660   15.48%
 15496685 4276820        cutoff        3115631.0000  2638279.5602 1.01e+08   15.32%
 15635287 4277346  2774095.9656    88  3115631.0000  2643676.6177 1.02e+08   15.15%
 15794720 4278982  2971429.6485   107  3115631.0000  2647600.3365 1.02e+08   15.02%
 15926412 4279281  2703609.4644   103  3115631.0000  2652011.5971 1.03e+08   14.88%
 16078867 4278426  2996763.0681    84  3115631.0000  2657637.3733 1.04e+08   14.70%
 16213725 4276597        cutoff        3115631.0000  2662184.5317 1.05e+08   14.55%
 16362828 4269839        cutoff        3115631.0000  2666366.4504 1.06e+08   14.42%
 16522999 4267020  3055504.0511    80  3115631.0000  2671015.2083 1.06e+08   14.27%
Elapsed time = 1055.29 sec. (435180.54 ticks, tree = 2303.53 MB, solutions = 5)
Nodefile size = 261.94 MB (173.67 MB after compression)
 16655836 4261364  2972028.5450    81  3115631.0000  2675723.7700 1.07e+08   14.12%
 16782764 4249981  2843405.1471    93  3115631.0000  2679586.0946 1.08e+08   14.00%
 16939277 4245334  2894660.1873    91  3115631.0000  2685227.3294 1.09e+08   13.81%
 17082826 4238180  2876640.2481   107  3115631.0000  2688470.2453 1.10e+08   13.71%
 17232256 4229424  2923950.6607    74  3115631.0000  2693467.5187 1.11e+08   13.55%
 17359805 4218870  3045096.6740    79  3115631.0000  2697767.1187 1.11e+08   13.41%
 17496373 4205110  3105883.3477    93  3115631.0000  2702436.9623 1.12e+08   13.26%
 17642260 4190208  2768190.0022    95  3115631.0000  2706924.3869 1.13e+08   13.12%
 17776312 4174747  3088945.0393    78  3115631.0000  2711167.8316 1.14e+08   12.98%
 17921802 4162363        cutoff        3115631.0000  2716292.4346 1.14e+08   12.82%
Elapsed time = 1149.97 sec. (473327.79 ticks, tree = 2254.23 MB, solutions = 5)
Nodefile size = 261.94 MB (173.67 MB after compression)
 18074038 4145311  3032036.4602    68  3115631.0000  2721020.5959 1.15e+08   12.67%
 18192897 4125345  2739252.8856   110  3115631.0000  2724984.0022 1.16e+08   12.54%
 18349425 4111476  2757503.0830    96  3115631.0000  2729665.7973 1.17e+08   12.39%
 18478950 4094161  2884879.6639    90  3115631.0000  2732979.3490 1.18e+08   12.28%
 18618075 4069280        cutoff        3115631.0000  2738143.9707 1.18e+08   12.12%
 18741402 4049944  2788862.5562    95  3115631.0000  2742134.9951 1.19e+08   11.99%
 18889165 4027648  2942687.6330   101  3115631.0000  2748037.7149 1.20e+08   11.80%
 19024806 4010248  3073531.1377    86  3115631.0000  2751463.0536 1.21e+08   11.69%
 19164932 3985437        cutoff        3115631.0000  2756528.5351 1.21e+08   11.53%
 19294627 3967607  3107842.5544    72  3115631.0000  2760764.4925 1.22e+08   11.39%
Elapsed time = 1245.91 sec. (511475.00 ticks, tree = 2161.73 MB, solutions = 5)
Nodefile size = 261.94 MB (173.67 MB after compression)
 19441351 3938897        cutoff        3115631.0000  2764656.7746 1.23e+08   11.26%
 19580074 3908057  2911662.6433   104  3115631.0000  2769224.0173 1.24e+08   11.12%
 19704659 3887049        cutoff        3115631.0000  2773157.9927 1.24e+08   10.99%
 19842891 3860733        cutoff        3115631.0000  2778224.9960 1.25e+08   10.83%
 19977405 3833115        cutoff        3115631.0000  2782657.8188 1.26e+08   10.69%
 20111566 3797051        cutoff        3115631.0000  2786736.2051 1.27e+08   10.56%
 20251541 3769202  2841585.8049   110  3115631.0000  2791389.5533 1.27e+08   10.41%
 20379049 3741627        cutoff        3115631.0000  2796101.4015 1.28e+08   10.26%
 20509198 3699764  3079187.2151    82  3115631.0000  2799797.3386 1.29e+08   10.14%
 20642086 3677642  2819977.3611   103  3115631.0000  2804451.7408 1.29e+08    9.99%
Elapsed time = 1343.09 sec. (549622.26 ticks, tree = 2018.57 MB, solutions = 5)
Nodefile size = 261.94 MB (173.67 MB after compression)
 20772444 3629778        cutoff        3115631.0000  2808595.1839 1.30e+08    9.85%
 20908030 3608728        cutoff        3115631.0000  2813079.7924 1.31e+08    9.71%
 21032981 3573144        cutoff        3115631.0000  2816862.7036 1.31e+08    9.59%
 21164740 3521542  3050612.1041    90  3115631.0000  2822045.5352 1.32e+08    9.42%
 21297637 3497543        cutoff        3115631.0000  2826861.9899 1.33e+08    9.27%
 21425632 3447325        cutoff        3115631.0000  2830588.1769 1.34e+08    9.15%
 21552767 3395329  2846887.0358    97  3115631.0000  2834390.5442 1.34e+08    9.03%
 21686472 3371830        cutoff        3115631.0000  2838724.3752 1.35e+08    8.89%
 21806561 3317679  3057524.2754    60  3115631.0000  2843657.3078 1.36e+08    8.73%
 21934873 3274098  2935517.1892   104  3115631.0000  2848084.6147 1.36e+08    8.59%
Elapsed time = 1444.60 sec. (587769.47 ticks, tree = 1821.17 MB, solutions = 5)
Nodefile size = 261.94 MB (173.67 MB after compression)
 22077762 3229458  2869643.9273    83  3115631.0000  2852663.2345 1.37e+08    8.44%
 22206042 3174680        cutoff        3115631.0000  2855838.8594 1.38e+08    8.34%
 22321486 3138295        cutoff        3115631.0000  2860853.0933 1.38e+08    8.18%
 22435423 3091214        cutoff        3115631.0000  2865090.7634 1.39e+08    8.04%
 22561647 3036698        cutoff        3115631.0000  2870037.0173 1.40e+08    7.88%
 22687712 2982121  3016756.7829    86  3115631.0000  2874247.9795 1.40e+08    7.75%
 22820115 2938409        cutoff        3115631.0000  2877909.0562 1.41e+08    7.63%
 22944182 2877558  3028512.3316    93  3115631.0000  2882936.9740 1.41e+08    7.47%
 23071876 2823724        cutoff        3115631.0000  2887761.2775 1.42e+08    7.31%
 23195656 2767666  2919565.7184    87  3115631.0000  2891913.4262 1.43e+08    7.18%
Elapsed time = 1548.86 sec. (625916.72 ticks, tree = 1574.87 MB, solutions = 5)
Nodefile size = 261.94 MB (173.67 MB after compression)
 23311563 2708836  2930565.7636    90  3115631.0000  2895875.6723 1.43e+08    7.05%
 23438714 2661373  3066600.3575    92  3115631.0000  2900340.6304 1.44e+08    6.91%
 23559733 2595808  3110165.9847    99  3115631.0000  2904911.9564 1.45e+08    6.76%
 23684123 2542122        cutoff        3115631.0000  2909303.8763 1.45e+08    6.62%
 23803223 2470994  3103052.6766   110  3115631.0000  2914340.4567 1.46e+08    6.46%
 23919227 2413798  2934625.1546   106  3115631.0000  2918730.7212 1.46e+08    6.32%
 24048152 2371341  2988872.9978    97  3115631.0000  2923466.9217 1.47e+08    6.17%
 24169808 2290229        cutoff        3115631.0000  2927328.7694 1.47e+08    6.04%
 24293313 2235583        cutoff        3115631.0000  2932172.1278 1.48e+08    5.89%
 24403074 2183733  3058188.4464    90  3115631.0000  2937869.1712 1.48e+08    5.71%
Elapsed time = 1656.42 sec. (664063.94 ticks, tree = 1280.21 MB, solutions = 5)
Nodefile size = 261.94 MB (173.67 MB after compression)
 24523495 2101979  3075969.0270    82  3115631.0000  2941525.8308 1.49e+08    5.59%
 24644145 2057812  3063480.5816    88  3115631.0000  2946471.5592 1.50e+08    5.43%
 24759965 1989511        cutoff        3115631.0000  2950685.0798 1.50e+08    5.29%
 24879227 1935861  3073896.3793    91  3115631.0000  2954960.9863 1.51e+08    5.16%
 24995706 1834089  3045494.0578   112  3115631.0000  2960883.5694 1.51e+08    4.97%
 25109127 1774432  3065300.4568    82  3115631.0000  2965354.9155 1.52e+08    4.82%
 25234897 1722532        cutoff        3115631.0000  2970103.6506 1.52e+08    4.67%
 25342100 1635555  3080900.8943    88  3115631.0000  2975247.6249 1.53e+08    4.51%
 25453984 1565145  3044581.7492   117  3115631.0000  2980461.8044 1.53e+08    4.34%
 25565273 1493250        cutoff        3115631.0000  2985282.7811 1.54e+08    4.18%
Elapsed time = 1766.04 sec. (702211.18 ticks, tree = 946.13 MB, solutions = 5)
Nodefile size = 261.94 MB (173.67 MB after compression)
 25688246 1412293  3077532.5662   105  3115631.0000  2991494.8039 1.54e+08    3.98%
 25804045 1346037  3093618.8810    93  3115631.0000  2996403.7424 1.55e+08    3.83%
 25914965 1267889        cutoff        3115631.0000  3002249.7076 1.56e+08    3.64%
 26021089 1197690  3044894.8487    89  3115631.0000  3008593.7575 1.56e+08    3.44%
 26134985 1125307        cutoff        3115631.0000  3014282.2035 1.56e+08    3.25%
 26245987 1048165        cutoff        3115631.0000  3020651.3445 1.57e+08    3.05%
 26358754 969165  3073051.6575    69  3115631.0000  3025936.9204 1.57e+08    2.88%
 26470109 891864        cutoff        3115631.0000  3032895.1218 1.58e+08    2.66%
 26581233 809178        cutoff        3115631.0000  3039318.7136 1.58e+08    2.45%
 26679667 731069  3056805.7842    94  3115631.0000  3046183.8300 1.59e+08    2.23%
Elapsed time = 1905.92 sec. (740358.48 ticks, tree = 570.54 MB, solutions = 5)
Nodefile size = 196.96 MB (130.64 MB after compression)
 26786995 651088  3063730.2868    83  3115631.0000  3053421.2312 1.59e+08    2.00%
 26891765 570266        cutoff        3115631.0000  3060357.0326 1.60e+08    1.77%
 26996479 482548  3077978.1778    95  3115631.0000  3068473.8625 1.60e+08    1.51%
 27098703 399239  3085373.2952    81  3115631.0000  3075158.9673 1.61e+08    1.30%
 27202025 313173        cutoff        3115631.0000  3082867.6376 1.61e+08    1.05%
 27304884 226547  3096534.8229    97  3115631.0000  3090441.9831 1.62e+08    0.81%
 27410090 134820        cutoff        3115631.0000  3098666.7405 1.62e+08    0.54%
 27510743 44146        cutoff        3115631.0000  3107269.3168 1.62e+08    0.27%

Clique cuts applied:  6
Cover cuts applied:  4

Root node processing (before b&c):
  Real time             =    0.37 sec. (40.92 ticks)
Parallel b&c, 32 threads:
  Real time             = 2476.75 sec. (774314.14 ticks)
  Sync time (average)   = 1597.36 sec.
  Wait time (average)   =    0.54 sec.
                          ------------
Total (root+branch&cut) = 2477.12 sec. (774355.05 ticks)

Solution pool: 5 solutions saved.

MIP - Integer optimal solution:  Objective =  3.1156310000e+06
Solution time = 2477.13 sec.  Iterations = 162372245  Nodes = 27558502
Deterministic time = 774355.06 ticks  (312.60 ticks/sec)

CPLEX> Incumbent solution written to file 'BKZ20-SVP_n43_seed4.sol'.
CPLEX> 