
Welcome to IBM(R) ILOG(R) CPLEX(R) Interactive Optimizer 12.8.0.0
  with Simplex, Mixed Integer & Barrier Optimizers
5725-A06 5725-A29 5724-Y48 5724-Y49 5724-Y54 5724-Y55 5655-Y21
Copyright IBM Corp. 1988, 2017.  All Rights Reserved.

Type 'help' for a list of available commands.
Type 'help' followed by a command name for more
information on commands.

CPLEX> New value for time limit in seconds: 86400
CPLEX> New value for mixed integer optimality gap tolerance: 1e-10
CPLEX> Problem 'BKZ20-SVP_n43_seed1.lp' read.
Read time = 0.00 sec. (0.14 ticks)
CPLEX> CPXPARAM_TimeLimit                               86400
CPXPARAM_MIP_Tolerances_MIPGap                   1e-10
Tried aggregator 2 times.
Aggregator did 43 substitutions.
Reduced MIQP has 216 rows, 448 columns, and 749 nonzeros.
Reduced MIQP has 319 binaries, 129 generals, 0 SOSs, and 0 indicators.
Reduced MIQP objective Q matrix has 1849 nonzeros.
Presolve time = 0.00 sec. (0.90 ticks)
Probing time = 0.00 sec. (0.39 ticks)
Tried aggregator 1 time.
Reduced MIQP has 216 rows, 448 columns, and 749 nonzeros.
Reduced MIQP has 319 binaries, 129 generals, 0 SOSs, and 0 indicators.
Reduced MIQP objective Q matrix has 1849 nonzeros.
Presolve time = 0.00 sec. (0.58 ticks)
Probing time = 0.00 sec. (0.38 ticks)
Clique table members: 740.
MIP emphasis: balance optimality and feasibility.
MIP search method: dynamic search.
Parallel mode: deterministic, using up to 32 threads.
Root relaxation solution time = 0.01 sec. (3.28 ticks)

        Nodes                                         Cuts/
   Node  Left     Objective  IInf  Best Integer    Best Bound    ItCnt     Gap

      0     0        0.0000    61                      0.0000       10         
*     0+    0                       1.13083e+09        0.0000           100.00%
      0     0        0.0000    83   1.13083e+09     Cuts: 119       82  100.00%
*     0+    0                       6.52054e+08        0.0000           100.00%
      0     0        0.0000    84   6.52054e+08       Cuts: 2       86  100.00%
*     0+    0                       2.14529e+08        0.0000           100.00%
*     0+    0                       2.08964e+08        0.0000           100.00%
*     0+    0                      3367967.0000        0.0000           100.00%
*     0+    0                      3185076.0000        0.0000           100.00%
      0     2        0.0000    84  3185076.0000        0.0000       86  100.00%
Elapsed time = 0.49 sec. (42.64 ticks, tree = 0.01 MB, solutions = 6)
*   614+  186                      2975783.0000        0.0000           100.00%
   6343  3945  1771262.6144    56  2975783.0000        0.0000    46286  100.00%
  10115  6315  2303067.9747    77  2975783.0000        0.0000    83129  100.00%
  13891  8606  2907503.7334    67  2975783.0000        0.0000   120301  100.00%
  16801 10281  2482175.1362    49  2975783.0000        0.0000   151202  100.00%
Warning: Crossover terminates with a singular basis.
  16873   291  1295753.8286   112  2975783.0000        0.0000   160296  100.00%
  20632  1995   283562.8671    49  2975783.0000        0.0000   189637  100.00%
  24159  3643  2565023.7691   103  2975783.0000        0.0000   219159  100.00%
  28288  6612  1929148.5950    98  2975783.0000        0.0000   258197  100.00%
  37180 12514  1523836.5107   101  2975783.0000        0.0000   330754  100.00%
  65897 31469  1258484.5769   116  2975783.0000   170261.4716   542509   94.28%
Elapsed time = 6.68 sec. (3142.73 ticks, tree = 15.31 MB, solutions = 7)
  92911 49947  1360957.4834   122  2975783.0000   857955.1696   748635   71.17%
 119443 66633  2016819.9170   103  2975783.0000   940681.0150   933877   68.39%
 145165 83248  1868618.6215   103  2975783.0000  1004170.2760  1117044   66.26%
 172259 102184  1754028.2029   101  2975783.0000  1056127.4974  1323659   64.51%
 198905 120688  2464947.8512    88  2975783.0000  1064095.7867  1528032   64.24%
 225176 138900  1631151.0781   110  2975783.0000  1132728.5340  1723930   61.94%
 252429 156684  1329438.1455   120  2975783.0000  1172795.6685  1918931   60.59%
 278010 171207  2766292.8137    98  2975783.0000  1202178.7066  2077617   59.60%
 306639 188775  1613088.3377   114  2975783.0000  1238072.6957  2269846   58.40%
 333044 207121  2911103.5732    90  2975783.0000  1269578.2984  2470753   57.34%
Elapsed time = 24.19 sec. (12679.77 ticks, tree = 106.25 MB, solutions = 7)
 359769 222295  1899673.0703   104  2975783.0000  1290801.1431  2638435   56.62%
 388211 240402  1350731.0868   115  2975783.0000  1314633.6775  2841142   55.82%
 414010 257772        cutoff        2975783.0000  1337772.1333  3035439   55.04%
 439866 274270  1763108.4097   112  2975783.0000  1360962.0062  3219830   54.27%
 467146 292759  2501072.4368   103  2975783.0000  1378521.3918  3428266   53.68%
 493957 306717  2003352.5283   104  2975783.0000  1389255.0332  3585448   53.31%
 521966 320911  2450769.5391    94  2975783.0000  1408783.7859  3746846   52.66%
 549142 338149  1936445.2732    95  2975783.0000  1423486.3709  3943142   52.16%
 576925 357906  2122145.0691    99  2975783.0000  1442485.9646  4170082   51.53%
 606186 371281  2467705.8965   112  2975783.0000  1458345.3004  4321648   50.99%
Elapsed time = 41.73 sec. (22217.12 ticks, tree = 193.66 MB, solutions = 7)
 631329 389453  2097076.7645   111  2975783.0000  1471647.6120  4533750   50.55%
 659378 405970  2031966.0542   102  2975783.0000  1487289.2129  4724187   50.02%
 687782 419999  1892776.3515   106  2975783.0000  1496711.9071  4886188   49.70%
 714387 435143  2384409.8745   112  2975783.0000  1510786.3071  5066340   49.23%
 739437 453162  2745454.7235    76  2975783.0000  1523471.1908  5276105   48.80%
 767397 465978  2765434.2408    96  2975783.0000  1532469.6452  5425360   48.50%
 795872 482481  2556939.9738   102  2975783.0000  1545115.2825  5620831   48.08%
 822955 499071  2942072.5950    89  2975783.0000  1553417.0125  5820492   47.80%
 850552 512434  1990614.0448   103  2975783.0000  1560041.5273  5980095   47.58%
 877889 530349  2261177.6142   101  2975783.0000  1573939.0227  6195211   47.11%
Elapsed time = 59.63 sec. (31754.06 ticks, tree = 276.55 MB, solutions = 7)
 906736 547207        cutoff        2975783.0000  1584686.6602  6396823   46.75%
 934074 561972  2607655.6209   100  2975783.0000  1595849.7354  6574859   46.37%
 962536 573180  2957938.5845    94  2975783.0000  1604973.5770  6712643   46.07%
 989017 592123  2215357.3048   109  2975783.0000  1615934.6822  6944686   45.70%
 1016253 607865  1713586.6867   123  2975783.0000  1622220.0188  7135915   45.49%
 1044361 618912  2415571.0126    96  2975783.0000  1633880.5914  7270169   45.09%
 1071724 632893  1828304.2938   116  2975783.0000  1643622.5153  7444552   44.77%
 1100642 651825        cutoff        2975783.0000  1651218.8216  7676551   44.51%
 1127016 666208  2500476.4558   106  2975783.0000  1656149.8984  7854923   44.35%
 1154757 677590  2666106.3255    93  2975783.0000  1664421.0155  7997784   44.07%
Elapsed time = 77.28 sec. (41291.16 ticks, tree = 354.71 MB, solutions = 7)
 1184993 696884  2436195.2983   109  2975783.0000  1675427.6476  8243066   43.70%
 1210126 709675  2216485.0996   100  2975783.0000  1682466.4580  8404602   43.46%
 1237173 725360  2087831.3941   107  2975783.0000  1691706.6130  8602398   43.15%
 1265175 735593        cutoff        2975783.0000  1697963.8845  8733135   42.94%
 1295748 749821  2854590.4238    86  2975783.0000  1703944.2021  8914897   42.74%
 1322853 768686  2102157.5141   112  2975783.0000  1711961.2559  9160550   42.47%
 1348256 780372  1814844.3840   118  2975783.0000  1718118.8084  9309277   42.26%
 1375614 794459  2250587.0347   108  2975783.0000  1723463.9408  9489748   42.08%
 1405319 804589  2943189.5816    85  2975783.0000  1732530.7561  9622756   41.78%
 1431017 819657        cutoff        2975783.0000  1737864.6790  9820730   41.60%
Elapsed time = 95.78 sec. (50828.29 ticks, tree = 438.67 MB, solutions = 7)
 1460485 833671  2941641.0728    94  2975783.0000  1745907.3793 10007912   41.33%
 1485748 846259  2621363.7916    88  2975783.0000  1752335.8814 10174267   41.11%
 1517559 862892  2498251.5985   104  2975783.0000  1758886.5169 10391818   40.89%
 1542516 876518  2857371.7531    90  2975783.0000  1764743.0725 10571001   40.70%
 1571318 889864  2763680.1282    93  2975783.0000  1772300.8338 10750037   40.44%
 1596869 904759  2387132.0996   101  2975783.0000  1776374.5617 10949671   40.31%
 1624225 919227  2039675.0788    99  2975783.0000  1783020.9108 11143720   40.08%
 1655607 930034  2362633.2251    95  2975783.0000  1787423.9413 11291012   39.93%
 1681765 941823  2400848.5620   100  2975783.0000  1794789.6384 11450522   39.69%
 1708644 957876  2147806.0411    99  2975783.0000  1801826.4239 11667784   39.45%
Elapsed time = 113.80 sec. (60365.27 ticks, tree = 505.04 MB, solutions = 7)
 1739118 971832  2908446.0211    88  2975783.0000  1806843.2123 11858992   39.28%
 1763697 982899  2421483.5660    99  2975783.0000  1811591.5217 12011597   39.12%
 1791736 994901  1985999.8871   105  2975783.0000  1815645.3315 12178240   38.99%
 1817964 1007207  2763201.9461    87  2975783.0000  1823565.6561 12348006   38.72%
 1846699 1025475  2736762.3583   102  2975783.0000  1827021.5128 12598701   38.60%
 1874346 1034599  2045297.9912   111  2975783.0000  1833592.3064 12724970   38.38%
 1902352 1051618  2808536.2974    76  2975783.0000  1838696.7132 12965588   38.21%
 1927096 1061573        cutoff        2975783.0000  1843900.7301 13105749   38.04%
 1959989 1080513        cutoff        2975783.0000  1848721.0104 13372996   37.87%
 1984132 1086757  2471412.9711   102  2975783.0000  1854200.0883 13460961   37.69%
Elapsed time = 131.98 sec. (69902.29 ticks, tree = 577.87 MB, solutions = 7)
 2013391 1100169  2375228.7822    94  2975783.0000  1858344.9620 13651929   37.55%
 2037880 1109745  2623912.8982   104  2975783.0000  1863100.0296 13785796   37.39%
 2069396 1130075  2086620.8141   110  2975783.0000  1868551.9599 14076313   37.21%
 2094232 1139343  2853675.6784    87  2975783.0000  1873225.9064 14208101   37.05%
 2124142 1153084  2199099.6884    83  2975783.0000  1877348.5866 14403782   36.91%
 2149790 1160039        cutoff        2975783.0000  1881617.2368 14503505   36.77%
 2180457 1173423  2335557.9514   101  2975783.0000  1887284.8500 14698429   36.58%
 2205536 1186551  2232510.7735   114  2975783.0000  1891295.3029 14889680   36.44%
 2235437 1197822  2774883.0397    91  2975783.0000  1895437.2694 15057500   36.30%
 2259417 1212964  2421229.2427   102  2975783.0000  1900578.6373 15277626   36.13%
Elapsed time = 150.31 sec. (79439.34 ticks, tree = 650.99 MB, solutions = 7)
 2292862 1222197  2859357.0558    94  2975783.0000  1905386.0812 15414029   35.97%
 2313302 1235958  2047592.9697   103  2975783.0000  1908266.3004 15615326   35.87%
 2348707 1253954  2808610.5957   102  2975783.0000  1913329.2553 15880381   35.70%
 2373250 1258467  2520730.2772    97  2975783.0000  1917437.9938 15946433   35.57%
 2397973 1271555  2238323.6330   101  2975783.0000  1922126.7555 16139613   35.41%
 2431529 1282430  2304286.1796    93  2975783.0000  1924835.0685 16303940   35.32%
 2453488 1297573  2493496.3461   102  2975783.0000  1930450.3016 16530476   35.13%
 2485724 1307502  2953845.3070    90  2975783.0000  1935232.2663 16682110   34.97%
 2510621 1319404  2824461.1113    91  2975783.0000  1939374.7776 16864663   34.83%
 2622256 1365429  2917383.9170    98  2975783.0000  1954669.6296 17568840   34.31%
Elapsed time = 173.84 sec. (91837.34 ticks, tree = 726.79 MB, solutions = 7)
 2733756 1410170  2922815.0388   102  2975783.0000  1968908.6316 18264285   33.84%
 2846624 1454751  2727403.9161    89  2975783.0000  1982941.2814 18964135   33.36%
 2951895 1500146  2808630.8342    82  2975783.0000  1998451.1251 19695750   32.84%
 3064398 1541874  2963345.6252    76  2975783.0000  2010843.2856 20374316   32.43%
 3175090 1589141  2145137.5544   101  2975783.0000  2025792.5785 21162814   31.92%
 3283822 1625863  2271108.5522   124  2975783.0000  2037804.1117 21784440   31.52%
 3402681 1665091  2324801.2719    87  2975783.0000  2051236.6099 22461808   31.07%
 3507329 1707038  2584075.6038    96  2975783.0000  2063751.5739 23196067   30.65%
 3619642 1748001        cutoff        2975783.0000  2075964.5225 23930504   30.24%
 3727425 1788098        cutoff        2975783.0000  2087491.1725 24651742   29.85%
Elapsed time = 247.01 sec. (129984.60 ticks, tree = 965.74 MB, solutions = 7)
 3843174 1820034  2278402.3779   106  2975783.0000  2099040.8913 25241299   29.46%
 3948657 1860131  2399323.7154   102  2975783.0000  2110290.8489 25989371   29.08%
 4063737 1894682  2814521.4427    92  2975783.0000  2121139.4277 26643900   28.72%
 4174133 1932624        cutoff        2975783.0000  2131716.4423 27383779   28.36%
 4278541 1962886  2153528.7661   102  2975783.0000  2142155.1220 27998734   28.01%
 4394001 1994545  2827930.0576    84  2975783.0000  2151658.3764 28648486   27.69%
 4502476 2028676        cutoff        2975783.0000  2161728.1504 29362825   27.36%
 4609115 2065856  2408668.4372    84  2975783.0000  2171798.1697 30141821   27.02%
 4721093 2095960  2457296.0957    98  2975783.0000  2181104.4060 30792392   26.70%
 4832856 2124765  2428163.7725   103  2975783.0000  2190551.5492 31424757   26.39%
Elapsed time = 321.33 sec. (168132.21 ticks, tree = 1156.44 MB, solutions = 7)
 4942294 2153360  2550403.2860   112  2975783.0000  2200052.1147 32076349   26.07%
 5048165 2180954        cutoff        2975783.0000  2208548.4608 32721756   25.78%
 5163209 2208693  2689960.4396   101  2975783.0000  2217605.2658 33371669   25.48%
 5275210 2241484  2415086.7323   108  2975783.0000  2225977.9031 34143851   25.20%
 5385363 2265293  2404686.9240    99  2975783.0000  2234736.2347 34730932   24.90%
 5492502 2289725  2806155.9221    87  2975783.0000  2243229.4981 35349408   24.62%
 5603884 2318363  2354401.8820   104  2975783.0000  2251696.2838 36094015   24.33%
 5713630 2339926  2863844.3517   108  2975783.0000  2259669.2585 36667186   24.06%
 5826329 2366294  2692541.5123    83  2975783.0000  2267687.1589 37381157   23.80%
 5937051 2388712  2340015.4053   100  2975783.0000  2275918.7342 38021484   23.52%
Elapsed time = 396.70 sec. (206279.41 ticks, tree = 1289.45 MB, solutions = 7)
 6045839 2408390  2381665.1746   104  2975783.0000  2283401.1606 38604218   23.27%
 6156061 2436404  2730393.5950   102  2975783.0000  2290460.5757 39429960   23.03%
 6265590 2457473        cutoff        2975783.0000  2298165.8769 40086321   22.77%
 6375594 2473574  2952336.9754    95  2975783.0000  2305676.0430 40622563   22.52%
 6482535 2494273  2799172.7160    81  2975783.0000  2313266.6813 41309159   22.26%
 6591005 2512535  2373359.1874   107  2975783.0000  2320516.2439 41917050   22.02%
 6700695 2533039  2939638.3825    78  2975783.0000  2327769.2872 42626154   21.78%
 6812578 2547039        cutoff        2975783.0000  2334543.7812 43110609   21.55%
 6925890 2565642  2570645.1921    95  2975783.0000  2341762.5925 43815545   21.31%
 7034525 2581954  2645640.6888   101  2975783.0000  2348503.3796 44460641   21.08%
Elapsed time = 472.55 sec. (244426.79 ticks, tree = 1413.24 MB, solutions = 7)
 7147539 2594754  2704942.8693   104  2975783.0000  2355116.4428 44964116   20.86%
 7257052 2612384  2705788.8793    99  2975783.0000  2362097.6772 45658784   20.62%
 7366901 2626533  2849289.5368   105  2975783.0000  2368502.3467 46266070   20.41%
 7477320 2639117  2387834.8078   107  2975783.0000  2374903.7793 46861963   20.19%
 7589728 2652632  2947754.7219    81  2975783.0000  2380616.5824 47496068   20.00%
 7693091 2665909  2637611.0037    91  2975783.0000  2387974.6850 48150402   19.75%
 7803784 2677506  2805191.9499    76  2975783.0000  2394214.2647 48757149   19.54%
 7914572 2689098  2726207.9134    93  2975783.0000  2400470.9524 49353332   19.33%
 8028499 2699264  2940451.5224    87  2975783.0000  2406449.4479 49981946   19.13%
 8135942 2708720  2918597.1793    95  2975783.0000  2412821.9938 50610667   18.92%
Elapsed time = 548.07 sec. (282574.17 ticks, tree = 1479.11 MB, solutions = 7)
 8242093 2716034        cutoff        2975783.0000  2418949.0313 51167598   18.71%
 8347816 2724191  2950351.9019    90  2975783.0000  2424987.9070 51758963   18.51%
 8455638 2730984  2820927.3750    91  2975783.0000  2430790.6209 52374809   18.31%
 8564934 2737087  2576078.2183   107  2975783.0000  2436738.2061 52975695   18.11%
 8673523 2744036  2922356.7497    85  2975783.0000  2442574.2969 53732629   17.92%
 8782903 2748930        cutoff        2975783.0000  2448571.8731 54264556   17.72%
 8888776 2752437        cutoff        2975783.0000  2454298.8916 54789564   17.52%
 8994524 2756003  2877087.0949    85  2975783.0000  2460210.8194 55413804   17.33%
 9100658 2758660  2591184.4310    98  2975783.0000  2465758.4522 56013635   17.14%
 9206745 2760466  2548454.9131   101  2975783.0000  2470708.3660 56527111   16.97%
Elapsed time = 624.10 sec. (320721.39 ticks, tree = 1506.84 MB, solutions = 7)
 9312793 2761147        cutoff        2975783.0000  2477212.2677 57196990   16.75%
 9415598 2761226  2903884.6862    94  2975783.0000  2482899.9437 57670084   16.56%
 9520442 2760594        cutoff        2975783.0000  2488384.0011 58391182   16.38%
 9624097 2758945  2829717.2632    83  2975783.0000  2493879.9185 58880717   16.19%
 9728522 2755866        cutoff        2975783.0000  2499622.4949 59592247   16.00%
 9836348 2753427  2587286.1755    94  2975783.0000  2504816.8433 60074759   15.83%
 9940380 2750918        cutoff        2975783.0000  2510433.0857 60532432   15.64%
 10048002 2746580  2794197.3978   104  2975783.0000  2515384.7701 61112051   15.47%
 10148372 2740419  2673911.1901    94  2975783.0000  2521053.6176 61762899   15.28%
 10255181 2733750  2795033.6958    93  2975783.0000  2526334.8018 62381187   15.10%
Elapsed time = 700.88 sec. (358868.79 ticks, tree = 1495.88 MB, solutions = 7)
 10359766 2727263  2658287.1283   101  2975783.0000  2531658.3801 62879379   14.92%
 10454125 2720391        cutoff        2975783.0000  2536795.3863 63379649   14.75%
 10557790 2710237        cutoff        2975783.0000  2542030.4766 64016155   14.58%
 10658112 2700932  2699577.2152    96  2975783.0000  2547402.1713 64588642   14.40%
 10762596 2692635  2802984.1738   103  2975783.0000  2552219.7076 65039327   14.23%
 10867253 2682817  2653614.9308    93  2975783.0000  2557695.3640 65601649   14.05%
 10970277 2672810  2578423.2306   105  2975783.0000  2562713.1665 66098588   13.88%
 11073813 2659150        cutoff        2975783.0000  2568113.7352 66698733   13.70%
 11172753 2646846  2785821.3600   102  2975783.0000  2573297.7330 67236797   13.53%
 11271800 2630744  2960294.1219    98  2975783.0000  2578379.6972 67883132   13.35%
Elapsed time = 779.79 sec. (397016.07 ticks, tree = 1446.82 MB, solutions = 7)
 11370230 2615367  2695845.3340   102  2975783.0000  2583635.9449 68457405   13.18%
 11475916 2604377  2620406.1649    92  2975783.0000  2588779.5466 68846523   13.01%
 11580242 2588507  2952949.2595    88  2975783.0000  2593730.6262 69408286   12.84%
 11678149 2570609  2940458.2512   113  2975783.0000  2598761.2718 70028723   12.67%
 11779879 2551032  2962543.4603    81  2975783.0000  2604269.7490 70639025   12.48%
 11881886 2532939  2864806.4265    95  2975783.0000  2609102.5894 71201143   12.32%
 11985792 2519585  2805805.2153    97  2975783.0000  2613994.6747 71579305   12.16%
 12079722 2501709  2722437.7724    99  2975783.0000  2618970.2346 72075923   11.99%
 12186108 2479982        cutoff        2975783.0000  2623917.9416 72658339   11.82%
 12282400 2462749  2826961.4155   114  2975783.0000  2629083.3824 73126214   11.65%
Elapsed time = 859.33 sec. (435163.38 ticks, tree = 1362.75 MB, solutions = 7)
 12386220 2442951  2650087.0699    90  2975783.0000  2633821.0477 73598453   11.49%
 12486827 2410879  2716380.7349   101  2975783.0000  2639014.0395 74344769   11.32%
 12590630 2398421  2660954.7206   103  2975783.0000  2644027.1573 74624367   11.15%
 12688567 2372880  2853691.1555    97  2975783.0000  2648766.8012 75176599   10.99%
 12790112 2347386  2753399.3321    92  2975783.0000  2653983.3922 75724520   10.81%
 12889081 2323550  2683750.3896    96  2975783.0000  2659045.0175 76253324   10.64%
 12991835 2296753  2783969.6277   112  2975783.0000  2664288.9000 76822275   10.47%
 13094789 2277784  2689219.9814    97  2975783.0000  2669123.2149 77203360   10.31%
 13195338 2253888        cutoff        2975783.0000  2674057.5804 77685890   10.14%
 13293567 2221614        cutoff        2975783.0000  2678550.6926 78336071    9.99%
Elapsed time = 939.36 sec. (473310.66 ticks, tree = 1246.05 MB, solutions = 7)
 13402629 2203543  2973491.9586    95  2975783.0000  2683532.1411 78703907    9.82%
 13502955 2171619  2896931.7255    95  2975783.0000  2688571.4932 79289394    9.65%
 13602558 2140361  2844744.2992    94  2975783.0000  2693635.4692 79884102    9.48%
 13705993 2114971  2754456.3466   100  2975783.0000  2698045.3489 80363844    9.33%
 13812524 2086003  2883213.0438    98  2975783.0000  2702842.1946 80879640    9.17%
 13908584 2069770        cutoff        2975783.0000  2708094.8649 81144974    9.00%
 14016183 2038453  2871470.9256    79  2975783.0000  2712517.6170 81659007    8.85%
 14114233 2007003        cutoff        2975783.0000  2717422.7815 82178546    8.68%
 14216960 1980384        cutoff        2975783.0000  2722166.6135 82603271    8.52%
 14325382 1956503  2756583.0013    95  2975783.0000  2726677.8621 82976434    8.37%
Elapsed time = 1018.38 sec. (511458.17 ticks, tree = 1107.60 MB, solutions = 7)
 14423334 1915606        cutoff        2975783.0000  2731780.5853 83592575    8.20%
 14523061 1893366  2891975.8282    96  2975783.0000  2736281.2530 83924290    8.05%
 14630125 1850109  2826932.1947    96  2975783.0000  2740776.0485 84555615    7.90%
 14734600 1814961  2913993.0468    75  2975783.0000  2746023.0524 85035911    7.72%
 14832521 1794393        cutoff        2975783.0000  2750752.0333 85300731    7.56%
 14937040 1757292        cutoff        2975783.0000  2755660.7904 85761192    7.40%
 15036715 1717330        cutoff        2975783.0000  2760676.5177 86232237    7.23%
 15137801 1671660  2903776.5948    87  2975783.0000  2765451.8465 86739793    7.07%
 15240561 1639915        cutoff        2975783.0000  2770057.3554 87078322    6.91%
 15338551 1592323        cutoff        2975783.0000  2775706.7333 87571356    6.72%
Elapsed time = 1097.29 sec. (549605.45 ticks, tree = 929.71 MB, solutions = 7)
 15439242 1552458  2928569.2097    93  2975783.0000  2780713.7388 87970966    6.56%
 15547466 1488285  2833294.9027    99  2975783.0000  2785933.3500 88588022    6.38%
 15641092 1459367        cutoff        2975783.0000  2791345.9997 88855099    6.20%
 15743148 1399991  2945260.9876    77  2975783.0000  2796862.3602 89386895    6.01%
 15837876 1368424  2861111.8612    95  2975783.0000  2802258.1200 89660965    5.83%
 15935033 1319010        cutoff        2975783.0000  2808519.0595 90075770    5.62%
 16035204 1263297        cutoff        2975783.0000  2814933.4180 90528969    5.41%
 16132384 1213553  2840275.7904    87  2975783.0000  2821517.3048 90917222    5.18%
 16224668 1153348  2843920.6112    87  2975783.0000  2827917.2971 91368839    4.97%
 16324741 1095982  2928312.9344    91  2975783.0000  2834615.3838 91786602    4.74%
Elapsed time = 1181.33 sec. (587752.72 ticks, tree = 689.00 MB, solutions = 7)
 16423241 1053612  2935840.2876    92  2975783.0000  2841115.3649 92092509    4.53%
 16517574 1001712  2880452.9440    92  2975783.0000  2847408.1431 92454412    4.31%
 16614098 950313  2960041.3572    89  2975783.0000  2854093.0988 92805831    4.09%
 16710072 892584        cutoff        2975783.0000  2861581.6661 93188152    3.84%
 16803462 832645        cutoff        2975783.0000  2867949.2751 93571995    3.62%
 16897261 777611  2927220.5668    93  2975783.0000  2875242.9555 93910117    3.38%
 16992708 709816  2969327.4920    86  2975783.0000  2882660.1722 94308680    3.13%
 17082975 648457  2943053.3892    97  2975783.0000  2890435.9014 94650980    2.87%
 17173289 591378  2909453.5487    99  2975783.0000  2897799.1150 94952203    2.62%
 17263075 513068        cutoff        2975783.0000  2906412.3293 95350328    2.33%
Elapsed time = 1290.31 sec. (625900.09 ticks, tree = 397.56 MB, solutions = 7)
 17353505 444899  2935241.7120   100  2975783.0000  2915365.2641 95675036    2.03%
 17441266 378955  2954417.7819    82  2975783.0000  2923386.3052 95970889    1.76%
 17528853 311075        cutoff        2975783.0000  2933131.3034 96258261    1.43%
 17618064 233502        cutoff        2975783.0000  2943054.6459 96562318    1.10%
 17701402 159751        cutoff        2975783.0000  2952560.8211 96825972    0.78%
 17784204 83915  2965955.6077    89  2975783.0000  2962637.1978 97066472    0.44%
 17870763  8082  2975032.1007    89  2975783.0000  2972368.9437 97270952    0.11%

Cover cuts applied:  2
Implied bound cuts applied:  1
Flow cuts applied:  1
Mixed integer rounding cuts applied:  1
Zero-half cuts applied:  1

Root node processing (before b&c):
  Real time             =    0.50 sec. (44.52 ticks)
Parallel b&c, 32 threads:
  Real time             = 1513.22 sec. (653265.52 ticks)
  Sync time (average)   =  834.70 sec.
  Wait time (average)   =    0.29 sec.
                          ------------
Total (root+branch&cut) = 1513.71 sec. (653310.04 ticks)

Solution pool: 7 solutions saved.

MIP - Integer optimal solution:  Objective =  2.9757830000e+06
Solution time = 1513.73 sec.  Iterations = 97289523  Nodes = 17871761
Deterministic time = 653310.04 ticks  (431.59 ticks/sec)

CPLEX> Incumbent solution written to file 'BKZ20-SVP_n43_seed1.sol'.
CPLEX> 