
Welcome to IBM(R) ILOG(R) CPLEX(R) Interactive Optimizer 12.8.0.0
  with Simplex, Mixed Integer & Barrier Optimizers
5725-A06 5725-A29 5724-Y48 5724-Y49 5724-Y54 5724-Y55 5655-Y21
Copyright IBM Corp. 1988, 2017.  All Rights Reserved.

Type 'help' for a list of available commands.
Type 'help' followed by a command name for more
information on commands.

CPLEX> New value for time limit in seconds: 86400
CPLEX> New value for mixed integer optimality gap tolerance: 1e-10
CPLEX> Problem 'BKZ20-SVP_n40_seed4.lp' read.
Read time = 0.00 sec. (0.12 ticks)
CPLEX> CPXPARAM_TimeLimit                               86400
CPXPARAM_MIP_Tolerances_MIPGap                   1e-10
Tried aggregator 2 times.
Aggregator did 40 substitutions.
Reduced MIQP has 201 rows, 384 columns, and 664 nonzeros.
Reduced MIQP has 264 binaries, 120 generals, 0 SOSs, and 0 indicators.
Reduced MIQP objective Q matrix has 1600 nonzeros.
Presolve time = 0.00 sec. (0.78 ticks)
Probing time = 0.00 sec. (0.31 ticks)
Tried aggregator 1 time.
Reduced MIQP has 201 rows, 384 columns, and 664 nonzeros.
Reduced MIQP has 264 binaries, 120 generals, 0 SOSs, and 0 indicators.
Reduced MIQP objective Q matrix has 1600 nonzeros.
Presolve time = 0.00 sec. (0.51 ticks)
Probing time = 0.00 sec. (0.31 ticks)
Clique table members: 525.
MIP emphasis: balance optimality and feasibility.
MIP search method: dynamic search.
Parallel mode: deterministic, using up to 32 threads.
Root relaxation solution time = 0.01 sec. (2.90 ticks)

        Nodes                                         Cuts/
   Node  Left     Objective  IInf  Best Integer    Best Bound    ItCnt     Gap

      0     0        0.0000    30                      0.0000       10         
*     0+    0                       7.87472e+08        0.0000           100.00%
*     0+    0                       3.25044e+08        0.0000           100.00%
*     0+    0                       8.65101e+07        0.0000           100.00%
*     0+    0                      2980044.0000        0.0000           100.00%
      0     2        0.0000    30  2980044.0000        0.0000       10  100.00%
Elapsed time = 0.30 sec. (23.91 ticks, tree = 0.01 MB, solutions = 4)
   7706  5331  1542449.6106    77  2980044.0000        0.0000    53216  100.00%
  14455  9448   352964.7011    46  2980044.0000        0.0000   115547  100.00%
Warning: Crossover terminates with a singular basis.
  16322 11360        0.0000     6  2980044.0000        0.0000   149153  100.00%
  17664   664  1883354.5203    70  2980044.0000        0.0000   158037  100.00%
  19710  1834  2460603.9447   103  2980044.0000        0.0000   172425  100.00%
  22002  3311  1327692.0518   112  2980044.0000        0.0000   187779  100.00%
  26984  6448  2331384.4392    89  2980044.0000        0.0000   221480  100.00%
  36449 11729  1492111.7151   106  2980044.0000        0.0000   279488  100.00%
  45477 18272  2328290.5433    61  2980044.0000        0.0000   350925  100.00%
  81392 40687  1797883.2761   105  2980044.0000   860117.6284   582033   71.14%
Elapsed time = 6.63 sec. (3127.22 ticks, tree = 19.78 MB, solutions = 4)
 115300 62368  1737501.2806   102  2980044.0000  1132343.6131   803680   62.00%
 151030 85767  2890381.0257    70  2980044.0000  1333856.7039  1052283   55.24%
 186538 109230  1620301.4032   104  2980044.0000  1439349.3412  1303736   51.70%
 217592 124891  1814312.3768   101  2980044.0000  1489410.6959  1472668   50.02%
 247354 140709  2876503.8447    80  2980044.0000  1504092.3869  1642811   49.53%
 277926 159744  2609347.7229    86  2980044.0000  1573366.8071  1848136   47.20%
 310291 178075  1883534.1826    96  2980044.0000  1599989.8853  2047429   46.31%
 342816 196051  1872333.1851   101  2980044.0000  1628892.6530  2245397   45.34%
 374337 216083  2544958.1781    88  2980044.0000  1676333.8153  2469554   43.75%
 406857 232635  2845957.7807    71  2980044.0000  1706136.2348  2659086   42.75%
Elapsed time = 24.57 sec. (12664.14 ticks, tree = 113.82 MB, solutions = 4)
 435779 248783        cutoff        2980044.0000  1737033.4316  2845148   41.71%
 468414 269883  2955725.6620    75  2980044.0000  1755585.9708  3090700   41.09%
 502501 283228  2259592.8743    97  2980044.0000  1781970.1354  3248596   40.20%
 534504 303536        cutoff        2980044.0000  1803810.9209  3492167   39.47%
 565479 316113  2955052.0710    76  2980044.0000  1822238.6798  3645637   38.85%
 597697 333617  2840232.7025    79  2980044.0000  1843675.9747  3861740   38.13%
 628524 349401  2444462.8327    95  2980044.0000  1865995.7487  4056627   37.38%
 660037 363890        cutoff        2980044.0000  1877510.7001  4240693   37.00%
 694275 379954  2604501.0924    87  2980044.0000  1900869.8880  4446435   36.21%
 725336 393528  2267410.4598    88  2980044.0000  1911192.7954  4624467   35.87%
Elapsed time = 42.44 sec. (22201.17 ticks, tree = 194.28 MB, solutions = 4)
 756683 408571  2468781.8145    84  2980044.0000  1928054.5154  4823903   35.30%
 787293 424142  2725693.3333    75  2980044.0000  1943523.8435  5031127   34.78%
 822146 437059  2183666.4806    89  2980044.0000  1958592.3765  5205171   34.28%
 854930 451418  2623831.8258    77  2980044.0000  1975732.4397  5403650   33.70%
 884743 466897  2793476.9281    71  2980044.0000  1985998.3973  5619387   33.36%
 917961 481313  2015340.4105    97  2980044.0000  2000651.2780  5823597   32.87%
 949801 491170  2785341.1763    72  2980044.0000  2014366.1512  5964684   32.40%
 981562 504562  2249928.8593    85  2980044.0000  2026250.1497  6158621   32.01%
 1012998 517395  2516402.4534   103  2980044.0000  2038501.1371  6346306   31.59%
 1044878 529817  2840330.2546    89  2980044.0000  2047007.6447  6534605   31.31%
Elapsed time = 60.52 sec. (31738.11 ticks, tree = 259.00 MB, solutions = 4)
 1077412 541752  2582001.0648    73  2980044.0000  2057966.1988  6718675   30.94%
 1106201 554258        cutoff        2980044.0000  2069784.9664  6911432   30.55%
 1139853 568818  2602676.2264    76  2980044.0000  2080256.9298  7135830   30.19%
 1172816 580029  2210317.9055    98  2980044.0000  2090670.7279  7316144   29.84%
 1202435 591356  2881097.3258    82  2980044.0000  2100351.3377  7498093   29.52%
 1238055 600653  2609969.4797    79  2980044.0000  2111504.6238  7651682   29.15%
 1267447 611180  2146746.7759    92  2980044.0000  2121460.6903  7825977   28.81%
 1296938 623396  2937179.9475    79  2980044.0000  2130792.8755  8034343   28.50%
 1331481 636721  2869747.7733    84  2980044.0000  2140978.1546  8265923   28.16%
 1362424 643486  2647561.4540    79  2980044.0000  2148984.9252  8386353   27.89%
Elapsed time = 79.03 sec. (41275.32 ticks, tree = 315.79 MB, solutions = 4)
 1394337 654331        cutoff        2980044.0000  2157136.5460  8581260   27.61%
 1426204 664196  2798742.6467    76  2980044.0000  2167757.9667  8760545   27.26%
 1458141 677585  2974826.6702    59  2980044.0000  2177347.1471  9015448   26.94%
 1486915 684111        cutoff        2980044.0000  2185412.3821  9140195   26.67%
 1520682 695835  2436624.2983    96  2980044.0000  2190560.0939  9369164   26.49%
 1549827 702972  2763067.8164    87  2980044.0000  2200416.0772  9512147   26.16%
 1585323 712392  2810990.8910    88  2980044.0000  2209937.4207  9704661   25.84%
 1616779 719205  2249334.4842    90  2980044.0000  2218489.9004  9844841   25.56%
 1644646 728700        cutoff        2980044.0000  2226463.1262 10045945   25.29%
 1677939 739229  2760414.1388    73  2980044.0000  2231443.1534 10275254   25.12%
Elapsed time = 97.42 sec. (50812.57 ticks, tree = 364.14 MB, solutions = 4)
 1707459 745711        cutoff        2980044.0000  2238790.0860 10422153   24.87%
 1741073 753098  2826288.4084    88  2980044.0000  2247015.3149 10593546   24.60%
 1770153 760829  2608896.8066    90  2980044.0000  2254972.2305 10777577   24.33%
 1803351 768510  2508758.5790    91  2980044.0000  2263649.3368 10961654   24.04%
 1833529 776187  2910504.1131    97  2980044.0000  2269861.0450 11153738   23.83%
 1867527 783075  2543327.2036    69  2980044.0000  2277840.2905 11324250   23.56%
 1894748 790251  2300266.4402    92  2980044.0000  2283361.6777 11511072   23.38%
 1925915 796761  2778954.3659    93  2980044.0000  2287356.5101 11687911   23.24%
 1958803 803158        cutoff        2980044.0000  2295228.5401 11862488   22.98%
 1986952 809738  2964052.3299    98  2980044.0000  2302480.9003 12046954   22.74%
Elapsed time = 115.72 sec. (60349.57 ticks, tree = 395.70 MB, solutions = 4)
 2020940 816373  2840835.5348    75  2980044.0000  2309989.3775 12245315   22.48%
 2050273 818931  2916779.1036    80  2980044.0000  2316866.5191 12319646   22.25%
 2081284 827690  2918361.8438    91  2980044.0000  2323130.4722 12597676   22.04%
 2112975 830812  2803273.5871    87  2980044.0000  2329229.5505 12696991   21.84%
 2141166 837264  2910277.4846    70  2980044.0000  2334854.2807 12912246   21.65%
 2173502 841213  2952049.3139    70  2980044.0000  2342136.5617 13050505   21.41%
 2204477 846911  2754258.5068    86  2980044.0000  2347957.2825 13257027   21.21%
 2232548 850854  2531976.3507    80  2980044.0000  2354153.5894 13410932   21.00%
 2265858 855684  2380249.4409    81  2980044.0000  2360895.8719 13600854   20.78%
 2292748 860042  2731396.7667    91  2980044.0000  2365361.6169 13784410   20.63%
Elapsed time = 133.96 sec. (69886.60 ticks, tree = 427.24 MB, solutions = 4)
 2326449 862845  2803320.7003    85  2980044.0000  2371458.8051 13908043   20.42%
 2356273 866715  2681067.2311   100  2980044.0000  2377130.1213 14085558   20.23%
 2382847 871414  2859719.4920    80  2980044.0000  2383015.5935 14308718   20.03%
 2420193 872936  2715527.8223    83  2980044.0000  2389149.4474 14393303   19.83%
 2446706 876767  2927478.5627    82  2980044.0000  2394598.6584 14607788   19.65%
 2476374 879585  2935508.9613    77  2980044.0000  2400505.4319 14778543   19.45%
 2504794 882172        cutoff        2980044.0000  2404717.9675 14953563   19.31%
 2537834 885195  2546698.2273    93  2980044.0000  2411908.3646 15171028   19.06%
 2564334 886265  2789289.0689    72  2980044.0000  2417408.3010 15253292   18.88%
 2596820 888127  2582226.2747    90  2980044.0000  2423168.5224 15417951   18.69%
Elapsed time = 152.34 sec. (79423.75 ticks, tree = 440.48 MB, solutions = 4)
 2622289 890251  2792389.9995    85  2980044.0000  2428341.1029 15627338   18.51%
 2654503 891533  2465306.6392    93  2980044.0000  2434432.1004 15761316   18.31%
 2683300 893474  2633791.9044   105  2980044.0000  2439395.3097 15993107   18.14%
 2711426 894135  2924001.6458    70  2980044.0000  2444421.2257 16094892   17.97%
 2744644 895346  2810800.5316    78  2980044.0000  2450404.7457 16309485   17.77%
 2771151 896163  2810580.6870    85  2980044.0000  2453429.6602 16477655   17.67%
 2802986 896566  2929552.8000    78  2980044.0000  2459027.7826 16598055   17.48%
 2829381 897017  2829791.0416    85  2980044.0000  2465627.5833 16799612   17.26%
 2858393 897162  2959895.1746    86  2980044.0000  2471158.7899 16937819   17.08%
 2976560 896197  2672340.3584    93  2980044.0000  2490482.9856 17574125   16.43%
Elapsed time = 176.95 sec. (91821.78 ticks, tree = 444.01 MB, solutions = 4)
 3088781 891354        cutoff        2980044.0000  2509655.4975 18240455   15.78%
 3200199 884102  2743162.5097    82  2980044.0000  2529068.6419 18829064   15.13%
 3312868 872546  2618101.1269    87  2980044.0000  2547958.7637 19471618   14.50%
 3423099 857686  2957015.6544    85  2980044.0000  2567276.7024 20090190   13.85%
 3533088 841236        cutoff        2980044.0000  2585292.2622 20654732   13.25%
 3640959 820745  2719851.7203    65  2980044.0000  2603459.0319 21231508   12.64%
 3747792 796796  2809141.6477    81  2980044.0000  2621490.3318 21813541   12.03%
 3851140 763241  2938215.2509    86  2980044.0000  2639137.0255 22497083   11.44%
 3959664 734663  2776066.8524    98  2980044.0000  2658130.8204 23002400   10.80%
 4059409 695629  2710001.5532    98  2980044.0000  2677025.3085 23617271   10.17%
Elapsed time = 253.75 sec. (129969.18 ticks, tree = 355.65 MB, solutions = 4)
 4163360 654294  2753573.9128    87  2980044.0000  2695476.2455 24191835    9.55%
 4264193 610940  2932124.7420    95  2980044.0000  2712788.3907 24730462    8.97%
 4364669 565026  2757410.5620    91  2980044.0000  2734677.6741 25249544    8.23%
 4464993 517200  2973813.5992    85  2980044.0000  2755496.6195 25739362    7.54%
 4564311 462810  2818909.5507    82  2980044.0000  2778176.0453 26241356    6.77%
 4660434 400343  2825386.6790    86  2980044.0000  2802655.9216 26752031    5.95%
 4757982 337604  2949396.1435    91  2980044.0000  2830411.8210 27213348    5.02%
 4853273 268573        cutoff        2980044.0000  2857269.5957 27666841    4.12%
 4944716 197735        cutoff        2980044.0000  2887161.4764 28075444    3.12%
 5038110 118469  2931947.6326    82  2980044.0000  2922082.5895 28467898    1.94%
Elapsed time = 352.44 sec. (168116.44 ticks, tree = 98.90 MB, solutions = 4)
 5130453 32827  2967056.6919    81  2980044.0000  2957939.0902 28803773    0.74%

Cover cuts applied:  2
Implied bound cuts applied:  1
Zero-half cuts applied:  2

Root node processing (before b&c):
  Real time             =    0.25 sec. (24.20 ticks)
Parallel b&c, 32 threads:
  Real time             =  409.17 sec. (173776.03 ticks)
  Sync time (average)   =  217.68 sec.
  Wait time (average)   =    0.12 sec.
                          ------------
Total (root+branch&cut) =  409.42 sec. (173800.23 ticks)

Solution pool: 4 solutions saved.

MIP - Integer optimal solution:  Objective =  2.9800440000e+06
Solution time =  409.43 sec.  Iterations = 28900881  Nodes = 5164429
Deterministic time = 173800.23 ticks  (424.49 ticks/sec)

CPLEX> Incumbent solution written to file 'BKZ20-SVP_n40_seed4.sol'.
CPLEX> 