
Welcome to IBM(R) ILOG(R) CPLEX(R) Interactive Optimizer 12.8.0.0
  with Simplex, Mixed Integer & Barrier Optimizers
5725-A06 5725-A29 5724-Y48 5724-Y49 5724-Y54 5724-Y55 5655-Y21
Copyright IBM Corp. 1988, 2017.  All Rights Reserved.

Type 'help' for a list of available commands.
Type 'help' followed by a command name for more
information on commands.

CPLEX> New value for time limit in seconds: 86400
CPLEX> New value for mixed integer optimality gap tolerance: 1e-10
CPLEX> Problem 'BKZ20-SVP_n40_seed3.lp' read.
Read time = 0.00 sec. (0.12 ticks)
CPLEX> CPXPARAM_TimeLimit                               86400
CPXPARAM_MIP_Tolerances_MIPGap                   1e-10
Tried aggregator 2 times.
Aggregator did 40 substitutions.
Reduced MIQP has 201 rows, 384 columns, and 664 nonzeros.
Reduced MIQP has 264 binaries, 120 generals, 0 SOSs, and 0 indicators.
Reduced MIQP objective Q matrix has 1600 nonzeros.
Presolve time = 0.00 sec. (0.78 ticks)
Probing time = 0.00 sec. (0.30 ticks)
Tried aggregator 1 time.
Reduced MIQP has 201 rows, 384 columns, and 664 nonzeros.
Reduced MIQP has 264 binaries, 120 generals, 0 SOSs, and 0 indicators.
Reduced MIQP objective Q matrix has 1600 nonzeros.
Presolve time = 0.00 sec. (0.50 ticks)
Probing time = 0.00 sec. (0.31 ticks)
Clique table members: 516.
MIP emphasis: balance optimality and feasibility.
MIP search method: dynamic search.
Parallel mode: deterministic, using up to 32 threads.
Root relaxation solution time = 0.02 sec. (2.86 ticks)

        Nodes                                         Cuts/
   Node  Left     Objective  IInf  Best Integer    Best Bound    ItCnt     Gap

      0     0        0.0000     9                      0.0000       10         
*     0+    0                       2.15982e+08        0.0000           100.00%
*     0+    0                       1.28553e+08        0.0000           100.00%
*     0+    0                       4.60397e+07        0.0000           100.00%
*     0+    0                      2538107.0000        0.0000           100.00%
      0     2        0.0000     9  2538107.0000        0.0000       10  100.00%
Elapsed time = 0.42 sec. (24.46 ticks, tree = 0.01 MB, solutions = 4)
   5610  3033   963970.2432    94  2538107.0000        0.0000    40177  100.00%
  11479  6966  1978059.2701    88  2538107.0000        0.0000    94580  100.00%
  17565 10675        cutoff        2538107.0000        0.0000   152261  100.00%
  21521 13551        0.0000     5  2538107.0000   161513.0900   203361   93.64%
  21890   173  2531390.2009    64  2538107.0000   161513.0900   205380   93.64%
  22625   542  2403674.6782    52  2538107.0000   161513.0900   210604   93.64%
  24061   939  2348003.5503    86  2538107.0000   161513.0900   218836   93.64%
  40184  6129  1335293.4466   100  2538107.0000   198539.9632   293887   92.18%
  61502 22254  2442967.8144    84  2538107.0000   764458.3410   504814   69.88%
 127096 58147  1270433.8799   109  2538107.0000  1158773.4322  1018702   54.34%
Elapsed time = 9.27 sec. (4295.70 ticks, tree = 26.59 MB, solutions = 4)
 187240 88192  1881584.9165   100  2538107.0000  1257016.8384  1470989   50.47%
 223840 109561        cutoff        2538107.0000  1337170.4417  1813576   47.32%
 239195 115511  1998539.6246    95  2538107.0000  1341359.1450  1911248   47.15%
 288154 137754  2436202.0680    79  2538107.0000  1421624.3145  2290137   43.99%
 329452 154905  1618214.6079   112  2538107.0000  1457067.8616  2595882   42.59%
 363112 170249  1829071.9883    88  2538107.0000  1494169.1389  2880033   41.13%
 397130 180787  2060229.5904    83  2538107.0000  1530564.0048  3084097   39.70%
 436719 195348        cutoff        2538107.0000  1569323.7752  3379898   38.17%
 473787 210076  1822767.4918   105  2538107.0000  1618531.7404  3701084   36.23%
 511097 221558  2415953.3681    96  2538107.0000  1645014.2139  3966208   35.19%
Elapsed time = 27.78 sec. (13832.71 ticks, tree = 104.75 MB, solutions = 4)
 544662 232572  2117255.8574    83  2538107.0000  1667620.4836  4234130   34.30%
 584572 241710  2527528.6533    83  2538107.0000  1704879.2407  4472176   32.83%
 622273 254194  1823565.5143   106  2538107.0000  1750616.2275  4818873   31.03%
 657370 261838  2067152.3530    84  2538107.0000  1770085.5466  5056903   30.26%
 697437 270412  2524655.6563    71  2538107.0000  1811803.2481  5341391   28.62%
 734566 276794  2105477.6936    87  2538107.0000  1826300.4301  5576754   28.04%
 766701 283112        cutoff        2538107.0000  1843507.2571  5826059   27.37%
 807502 289693  2467580.5610    93  2538107.0000  1872665.6745  6136929   26.22%
 846723 295012  2080299.5937    89  2538107.0000  1894011.3121  6431084   25.38%
 877149 298398  2392986.6946    89  2538107.0000  1896241.4037  6655662   25.29%
Elapsed time = 46.49 sec. (23369.74 ticks, tree = 143.56 MB, solutions = 4)
 919049 301446  2126874.5408    92  2538107.0000  1937305.2997  6912372   23.67%
 949374 303479  2522844.4424    87  2538107.0000  1938911.7284  7153490   23.61%
 992567 304930  2270760.4611   100  2538107.0000  1978192.8844  7412951   22.06%
 1024583 305436  2473047.0412    88  2538107.0000  1995656.4249  7703414   21.37%
 1060066 305059        cutoff        2538107.0000  2012310.2975  7912335   20.72%
 1094007 303429  2326145.2109    87  2538107.0000  2028218.6845  8228830   20.09%
 1134238 301015  2170640.0567    78  2538107.0000  2064193.5899  8487098   18.67%
 1166474 297938  2385132.9565   106  2538107.0000  2071176.5167  8725334   18.40%
 1203603 293545  2432029.7753    95  2538107.0000  2092050.0049  8981332   17.57%
 1236260 288443        cutoff        2538107.0000  2111329.4417  9226406   16.81%
Elapsed time = 65.73 sec. (32906.78 ticks, tree = 139.75 MB, solutions = 4)
 1270556 282054  2460777.9503    79  2538107.0000  2129436.5514  9487600   16.10%
 1307727 274073  2200850.3506    97  2538107.0000  2151025.9346  9755356   15.25%
 1342256 266996  2459480.2277    87  2538107.0000  2156689.6067  9956759   15.03%
 1367694 257823  2328811.8475    96  2538107.0000  2184417.3086 10192040   13.94%
 1405216 247111        cutoff        2538107.0000  2203803.3506 10431607   13.17%
 1436970 234126  2442436.9375    78  2538107.0000  2225937.1588 10690854   12.30%
 1468810 223462        cutoff        2538107.0000  2235536.1778 10885880   11.92%
 1501922 208201  2322460.2844    99  2538107.0000  2252841.7169 11139602   11.24%
 1528951 195786  2466462.7511    94  2538107.0000  2267033.2814 11323828   10.68%
 1562154 178238        cutoff        2538107.0000  2288292.3922 11561461    9.84%
Elapsed time = 88.15 sec. (42443.79 ticks, tree = 92.20 MB, solutions = 4)
 1594929 160809        cutoff        2538107.0000  2321857.8535 11775615    8.52%
 1620548 144751  2518807.5717    96  2538107.0000  2333644.2752 11955043    8.06%
 1651584 125062  2410964.1189    95  2538107.0000  2342898.7655 12154774    7.69%
 1678823 105311  2489016.7249    97  2538107.0000  2372305.5715 12337113    6.53%
 1708155 83543        cutoff        2538107.0000  2397619.8100 12519556    5.54%
 1737236 59688  2480261.3811    84  2538107.0000  2413695.2224 12697672    4.90%
 1760522 39058  2504029.9818    98  2538107.0000  2433047.2760 12832698    4.14%
 1784912 16263        cutoff        2538107.0000  2463139.3969 12959929    2.95%
 1801666  3124  2537173.8175    90  2538107.0000  2517450.2043 13018145    0.81%

Clique cuts applied:  2
Cover cuts applied:  1
Mixed integer rounding cuts applied:  1
Gomory fractional cuts applied:  1

Root node processing (before b&c):
  Real time             =    0.37 sec. (24.19 ticks)
Parallel b&c, 32 threads:
  Real time             =  133.54 sec. (51872.12 ticks)
  Sync time (average)   =   70.98 sec.
  Wait time (average)   =    0.07 sec.
                          ------------
Total (root+branch&cut) =  133.91 sec. (51896.31 ticks)

Solution pool: 4 solutions saved.

MIP - Integer optimal solution:  Objective =  2.5381070000e+06
Solution time =  133.93 sec.  Iterations = 13032838  Nodes = 1801727
Deterministic time = 51896.31 ticks  (387.50 ticks/sec)

CPLEX> Incumbent solution written to file 'BKZ20-SVP_n40_seed3.sol'.
CPLEX> 