
Welcome to IBM(R) ILOG(R) CPLEX(R) Interactive Optimizer 12.8.0.0
  with Simplex, Mixed Integer & Barrier Optimizers
5725-A06 5725-A29 5724-Y48 5724-Y49 5724-Y54 5724-Y55 5655-Y21
Copyright IBM Corp. 1988, 2017.  All Rights Reserved.

Type 'help' for a list of available commands.
Type 'help' followed by a command name for more
information on commands.

CPLEX> New value for time limit in seconds: 86400
CPLEX> New value for mixed integer optimality gap tolerance: 1e-10
CPLEX> Problem 'BKZ20-SVP_n46_seed2.lp' read.
Read time = 0.01 sec. (0.16 ticks)
CPLEX> CPXPARAM_TimeLimit                               86400
CPXPARAM_MIP_Tolerances_MIPGap                   1e-10
Tried aggregator 2 times.
Aggregator did 46 substitutions.
Reduced MIQP has 231 rows, 478 columns, and 800 nonzeros.
Reduced MIQP has 340 binaries, 138 generals, 0 SOSs, and 0 indicators.
Reduced MIQP objective Q matrix has 2116 nonzeros.
Presolve time = 0.00 sec. (0.97 ticks)
Probing time = 0.00 sec. (0.42 ticks)
Tried aggregator 1 time.
Reduced MIQP has 231 rows, 478 columns, and 800 nonzeros.
Reduced MIQP has 340 binaries, 138 generals, 0 SOSs, and 0 indicators.
Reduced MIQP objective Q matrix has 2116 nonzeros.
Presolve time = 0.00 sec. (0.64 ticks)
Probing time = 0.00 sec. (0.42 ticks)
Clique table members: 792.
MIP emphasis: balance optimality and feasibility.
MIP search method: dynamic search.
Parallel mode: deterministic, using up to 32 threads.
Root relaxation solution time = 0.01 sec. (3.66 ticks)

        Nodes                                         Cuts/
   Node  Left     Objective  IInf  Best Integer    Best Bound    ItCnt     Gap

      0     0        0.0000    67                      0.0000       10         
*     0+    0                       1.19320e+09        0.0000           100.00%
      0     0        0.0000    99   1.19320e+09     Cuts: 146      115  100.00%
      0     0        0.0000   100   1.19320e+09       Cuts: 8      135  100.00%
*     0+    0                       1.48106e+08        0.0000           100.00%
*     0+    0                      3097025.0000        0.0000           100.00%
*     0+    0                      2857710.0000        0.0000           100.00%
      0     2        0.0000   100  2857710.0000        0.0000      135  100.00%
Elapsed time = 0.45 sec. (47.46 ticks, tree = 0.01 MB, solutions = 4)
   5499  3849   386580.2756    51  2857710.0000        0.0000    35825  100.00%
   9130  6351  1534163.7297    35  2857710.0000        0.0000    71883  100.00%
  12783  8415   154378.2001    69  2857710.0000        0.0000   103276  100.00%
  13027  3437        0.0000     5  2857710.0000        0.0000   113047  100.00%
  13176   298   160128.3875   150  2857710.0000        0.0000   112793  100.00%
  13497   358   686732.8814   117  2857710.0000        0.0000   116991  100.00%
  13776   518  1316429.0651    95  2857710.0000        0.0000   119557  100.00%
  14166   727  1011819.9647   105  2857710.0000        0.0000   123053  100.00%
  14716  1052  1235698.9111   102  2857710.0000        0.0000   128423  100.00%
  54208 25666  2642197.5059    93  2857710.0000   450150.1421   458905   84.25%
Elapsed time = 6.63 sec. (3311.06 ticks, tree = 13.45 MB, solutions = 4)
  95711 55265   913008.1965   138  2857710.0000   686470.7668   855946   75.98%
 135610 80146  2596649.9587    97  2857710.0000   771455.8337  1201045   73.00%
 171172 106380  2721806.0044   100  2857710.0000   843394.6051  1560783   70.49%
 180426 115398  1214230.4408    92  2857710.0000   866301.2049  1684483   69.69%
 213486 137189  1452785.4655   131  2857710.0000   931376.6613  1983004   67.41%
 247582 158579  1732665.5819   109  2857710.0000   931376.6613  2279009   67.41%
 273984 176568  2329039.9172   109  2857710.0000   946131.0810  2520841   66.89%
 295631 189607  1709966.0683    93  2857710.0000   990453.4509  2698750   65.34%
 328443 212852  1482287.7977   130  2857710.0000  1025333.6667  3013118   64.12%
 360780 235664  1174353.4564   138  2857710.0000  1056505.4067  3319007   63.03%
Elapsed time = 24.45 sec. (12848.39 ticks, tree = 121.40 MB, solutions = 4)
 388315 252463  2843020.5090    85  2857710.0000  1062656.6558  3546848   62.81%
 411482 264175  1264389.8078   147  2857710.0000  1096691.8559  3708979   61.62%
 445374 290456  1776595.0546   137  2857710.0000  1118657.6416  4065603   60.85%
 475529 309874  2181367.7139   108  2857710.0000  1140940.3971  4328504   60.08%
 501448 325805  2354978.3105    95  2857710.0000  1144807.5756  4544500   59.94%
 530202 343861  2118652.9454   114  2857710.0000  1169482.7106  4792871   59.08%
 561866 361023  1622266.7712   116  2857710.0000  1187490.0924  5031606   58.45%
 590750 381649  2340268.2220   102  2857710.0000  1196173.7393  5314350   58.14%
 617424 397896  2574659.1788   115  2857710.0000  1220755.1296  5537742   57.28%
 650271 420723  2555701.1504   111  2857710.0000  1233798.2822  5847467   56.83%
Elapsed time = 42.60 sec. (22385.43 ticks, tree = 218.78 MB, solutions = 4)
 680345 437330  2336099.4421    97  2857710.0000  1249878.6831  6078749   56.26%
 709661 457282  1409236.5596   138  2857710.0000  1257405.3218  6354467   56.00%
 738721 472146  2511365.7457   102  2857710.0000  1276718.5465  6556857   55.32%
 764308 489789  1664115.7212   111  2857710.0000  1281881.2981  6799738   55.14%
 800207 509154  2005208.7576   126  2857710.0000  1295800.8818  7077019   54.66%
 826717 527531  2536496.0117   114  2857710.0000  1308507.2042  7337001   54.21%
 857854 544908  1888471.6070   115  2857710.0000  1317327.2557  7585046   53.90%
 888572 561039        cutoff        2857710.0000  1331411.3212  7814721   53.41%
 920742 579032  2354273.9747    97  2857710.0000  1340958.4634  8070911   53.08%
 946628 593975  1929352.7467   114  2857710.0000  1352232.1407  8284340   52.68%
Elapsed time = 60.33 sec. (31922.39 ticks, tree = 313.52 MB, solutions = 4)
 976426 613503  2544394.2007    70  2857710.0000  1362767.0958  8566802   52.31%
 1009156 630835  2116363.9912   109  2857710.0000  1368719.3957  8819811   52.10%
 1038575 646220  2377654.7424   115  2857710.0000  1374893.0175  9040903   51.89%
 1069558 662423  2234804.2737   120  2857710.0000  1390380.4482  9277014   51.35%
 1092286 677523  2130327.0318   107  2857710.0000  1391831.7368  9494645   51.30%
 1127268 695442  1636227.8927   122  2857710.0000  1405399.5629  9755747   50.82%
 1161845 713532  1779439.4435   117  2857710.0000  1409805.0011 10016870   50.67%
 1187483 733618  1881821.9338   121  2857710.0000  1419497.2329 10308401   50.33%
 1218483 746066  1836765.2247   109  2857710.0000  1432223.4285 10489163   49.88%
 1250034 765714  2383225.6238   111  2857710.0000  1435739.8787 10776235   49.76%
Elapsed time = 78.96 sec. (41459.35 ticks, tree = 401.96 MB, solutions = 4)
 1282058 784209        cutoff        2857710.0000  1446265.8940 11047161   49.39%
 1308543 797314  2641680.9971    89  2857710.0000  1454749.5686 11239662   49.09%
 1338169 812386  1631674.4784   122  2857710.0000  1461301.9025 11459781   48.86%
 1373050 829147  2315845.6649   126  2857710.0000  1464244.9953 11709210   48.76%
 1405806 849939  2662251.0742    84  2857710.0000  1478178.4266 12019199   48.27%
 1431867 866327  2189879.5046   118  2857710.0000  1483439.6344 12264678   48.09%
 1458176 875513  1862497.5499    97  2857710.0000  1490465.0498 12404349   47.84%
 1494642 896520  1890336.4255    99  2857710.0000  1495437.8309 12716708   47.67%
 1526920 916551  2541043.7301    87  2857710.0000  1504828.5969 13008433   47.34%
 1554514 932673  2790338.5006   112  2857710.0000  1507171.2923 13246592   47.26%
Elapsed time = 97.25 sec. (50996.65 ticks, tree = 489.94 MB, solutions = 4)
 1584918 945022        cutoff        2857710.0000  1513043.1948 13426570   47.05%
 1614943 963374  1923817.8022   110  2857710.0000  1522740.0718 13696562   46.71%
 1649349 976233  1691481.2695   118  2857710.0000  1527137.3177 13884984   46.56%
 1677590 993323  1683488.9727   109  2857710.0000  1532067.0031 14135323   46.39%
 1706741 1010576  2745650.4630    82  2857710.0000  1537750.6456 14387673   46.19%
 1738180 1023623  2384506.1933   106  2857710.0000  1546505.3132 14578269   45.88%
 1769490 1042482  2455685.7059   113  2857710.0000  1553549.0430 14855685   45.64%
 1801240 1057649  2503650.5977   120  2857710.0000  1554718.0832 15078785   45.60%
 1834933 1076139  1768392.5805   114  2857710.0000  1564985.1142 15352613   45.24%
 1865132 1094876  2466441.5973    98  2857710.0000  1568466.8159 15631145   45.11%
Elapsed time = 115.79 sec. (60533.63 ticks, tree = 579.43 MB, solutions = 4)
 1893548 1108240  2502241.4759   108  2857710.0000  1570729.6786 15830275   45.04%
 1920090 1122285  1978894.7988   133  2857710.0000  1578457.2347 16038116   44.76%
 1955343 1139239        cutoff        2857710.0000  1583597.1406 16293714   44.59%
 1993338 1161443  2431797.3597    99  2857710.0000  1590278.2539 16628921   44.35%
 2020928 1176240  1956870.5646   115  2857710.0000  1595419.7818 16852546   44.17%
 2048576 1187492  1630731.2283   122  2857710.0000  1600660.5499 17022507   43.99%
 2079727 1202568  1998297.8773   122  2857710.0000  1604978.7190 17249597   43.84%
 2109333 1215760  2625451.5645    97  2857710.0000  1612463.5009 17448744   43.57%
 2143214 1233861  2777555.4585   118  2857710.0000  1615168.4729 17723226   43.48%
 2180178 1256268  2728200.5068    97  2857710.0000  1619510.5071 18066469   43.33%
Elapsed time = 134.24 sec. (70070.68 ticks, tree = 670.04 MB, solutions = 4)
 2205262 1268467  2701082.0091   112  2857710.0000  1625781.3267 18252669   43.11%
 2233863 1284235        cutoff        2857710.0000  1625781.3267 18495720   43.11%
 2267199 1297553  2796316.2153    95  2857710.0000  1636421.8557 18704190   42.74%
 2293453 1312075        cutoff        2857710.0000  1639040.4035 18928378   42.64%
 2323646 1324598  2027019.9911   103  2857710.0000  1641633.2363 19124540   42.55%
 2360718 1341038  2667487.2726   100  2857710.0000  1650076.6102 19377991   42.26%
 2393511 1359217  1683178.4993   116  2857710.0000  1650076.6102 19659316   42.26%
 2419873 1375576  2252769.0874   111  2857710.0000  1655604.3470 19913540   42.07%
 2452508 1387162  2435611.6207   130  2857710.0000  1662687.2150 20091881   41.82%
 2485391 1403807  2079808.6647   120  2857710.0000  1665942.4616 20354697   41.70%
Elapsed time = 152.86 sec. (79607.83 ticks, tree = 742.96 MB, solutions = 4)
 2517853 1421722  2054943.7676   117  2857710.0000  1669880.9543 20631794   41.57%
 2545886 1433747  2296010.5096   104  2857710.0000  1677552.7355 20820365   41.30%
 2577174 1450818  2368505.5612   110  2857710.0000  1678783.3951 21090766   41.25%
 2606219 1462651  2721625.1538    98  2857710.0000  1683015.4567 21274714   41.11%
 2637221 1483390  2256062.8687   105  2857710.0000  1685068.6896 21597517   41.03%
 2673533 1492129  2668100.9135   104  2857710.0000  1693247.0838 21734649   40.75%
 2704193 1513225  2405298.5356   116  2857710.0000  1696297.1377 22064727   40.64%
 2736569 1521483  1809623.0925   116  2857710.0000  1701712.7575 22194238   40.45%
 2762418 1537660  2427848.8217   109  2857710.0000  1703404.9446 22449924   40.39%
 2893490 1602079  2000466.7846   103  2857710.0000  1721366.8511 23462645   39.76%
Elapsed time = 177.02 sec. (92005.92 ticks, tree = 853.81 MB, solutions = 4)
 3011305 1658191  2065930.6558   111  2857710.0000  1732648.3985 24346492   39.37%
 3135237 1713845  2366524.7271    93  2857710.0000  1748728.5193 25234423   38.81%
 3260543 1771043  2496532.5667   106  2857710.0000  1761669.3394 26156119   38.35%
 3393733 1833215  2584431.3370    98  2857710.0000  1774682.5149 27183421   37.90%
 3520281 1887695  2816403.9780   103  2857710.0000  1788723.6877 28077579   37.41%
 3642608 1948104  2046202.9665   109  2857710.0000  1801502.0248 29085975   36.96%
 3768033 1997542        cutoff        2857710.0000  1811649.8301 29928775   36.60%
 3896642 2057563  2636088.1304   101  2857710.0000  1824183.0990 30944153   36.17%
 4024541 2112299  2133100.1654   125  2857710.0000  1837173.7835 31886436   35.71%
 4152156 2160981  1943282.8554   112  2857710.0000  1846708.2740 32729116   35.38%
Elapsed time = 253.64 sec. (130153.15 ticks, tree = 1170.96 MB, solutions = 4)
 4272413 2213185  2645026.6287    99  2857710.0000  1857531.2683 33636399   35.00%
 4400439 2270561  2036911.0121   109  2857710.0000  1868639.7854 34650813   34.61%
 4531446 2314136  1972343.4215   109  2857710.0000  1880611.7237 35430975   34.19%
 4653590 2371767  2184643.6583   127  2857710.0000  1888696.1499 36467143   33.91%
 4773622 2415532  2540662.5461   107  2857710.0000  1898242.8667 37268002   33.57%
 4909679 2467727  2088116.2829   113  2857710.0000  1909394.2161 38226268   33.18%
 5032100 2521556  2481415.4092   121  2857710.0000  1917603.1310 39211473   32.90%
 5150360 2565447  2847249.2426    99  2857710.0000  1926429.7408 40033667   32.59%
 5278382 2618214  2464525.5796   107  2857710.0000  1934977.3968 41033602   32.29%
 5413159 2666161  2355031.9761   123  2857710.0000  1944652.8570 41958324   31.95%
Elapsed time = 331.43 sec. (168300.32 ticks, tree = 1445.16 MB, solutions = 4)
 5537324 2709503  2009344.6127   118  2857710.0000  1951909.1221 42791240   31.70%
 5663318 2759470  2826263.3859    96  2857710.0000  1962601.6636 43780525   31.32%
 5794812 2804618  2055427.9147   126  2857710.0000  1968105.8836 44673333   31.13%
 5927050 2856802  2127759.7732   109  2857710.0000  1976855.3727 45712524   30.82%
 6053584 2894066  2595624.1739    88  2857710.0000  1985806.3160 46461312   30.51%
 6168454 2933090  2233189.9837   111  2857710.0000  1992702.7542 47252050   30.27%
 6302274 2982212        cutoff        2857710.0000  2001596.0623 48263679   29.96%
 6432187 3032915  2486816.7781   110  2857710.0000  2007763.7509 49307417   29.74%
 6557644 3068464        cutoff        2857710.0000  2016151.3558 50055345   29.45%
 6691204 3119583        cutoff        2857710.0000  2022257.2784 51142891   29.24%
Elapsed time = 410.14 sec. (206447.61 ticks, tree = 1701.46 MB, solutions = 4)
 6826547 3155093  2324276.6884   110  2857710.0000  2030355.2561 51890413   28.95%
 6949784 3198955  2831674.0522   127  2857710.0000  2036639.0278 52832452   28.73%
 7078469 3232268  2528615.9297   111  2857710.0000  2043043.3037 53559076   28.51%
 7205224 3277038  2824188.5302    98  2857710.0000  2048878.2401 54538289   28.30%
 7334729 3323159  2318069.1830   116  2857710.0000  2057078.8984 55550290   28.02%
 7467301 3355646  2544558.6705   102  2857710.0000  2062382.8474 56275954   27.83%
 7594993 3394631  2748859.5611   108  2857710.0000  2068458.5906 57165456   27.62%
 7715032 3432592  2725380.3308    72  2857710.0000  2075874.0897 58043272   27.36%
 7845685 3474193  2413396.6053   104  2857710.0000  2081581.7055 59001900   27.16%
 7993112 3504118  2677701.0244   118  2857710.0000  2088907.8597 59696433   26.90%
Elapsed time = 488.38 sec. (244595.00 ticks, tree = 1940.35 MB, solutions = 4)
 8109692 3542568  2274260.5185   117  2857710.0000  2094448.6029 60586022   26.71%
 8253043 3587862  2604189.1681    89  2857710.0000  2100047.7024 61625239   26.51%
 8368158 3615397  2752377.8462   102  2857710.0000  2105012.3313 62292749   26.34%
 8505535 3661784        cutoff        2857710.0000  2112365.8109 63419520   26.08%
 8641733 3697679  2560516.3486   102  2857710.0000  2117727.7979 64286316   25.89%
 8762028 3726594  2827988.6033   100  2857710.0000  2122496.7330 65006903   25.73%
 8902109 3763900  2690484.1100   109  2857710.0000  2128548.3153 65918518   25.52%
 9034473 3795294  2848418.4636    98  2857710.0000  2133594.5681 66704185   25.34%
 9154658 3835954  2714736.3742    89  2857710.0000  2139474.4701 67732544   25.13%
 9287283 3865771  2163039.9242   103  2857710.0000  2144761.4621 68546175   24.95%
Elapsed time = 587.67 sec. (282742.30 ticks, tree = 2117.26 MB, solutions = 4)
Nodefile size = 69.98 MB (47.44 MB after compression)
 9414187 3901013  2742284.5624    99  2857710.0000  2148978.8557 69490563   24.80%
 9555568 3923245  2303191.8879   112  2857710.0000  2154267.3986 70109637   24.62%
 9670404 3952998  2639349.6850   111  2857710.0000  2158639.5962 70939156   24.46%
 9804140 3982501  2469500.9750    99  2857710.0000  2164964.0951 71775978   24.24%
 9931480 4014540        cutoff        2857710.0000  2169851.7629 72715956   24.07%
 10058117 4050273  2439115.7827   107  2857710.0000  2174633.6079 73749873   23.90%
 10186810 4080483  2690696.1370    95  2857710.0000  2179693.9036 74659610   23.73%
 10324948 4097533  2459604.7958   103  2857710.0000  2183074.7641 75189713   23.61%
 10435809 4128417  2695929.9813   121  2857710.0000  2188886.0427 76106201   23.40%
 10573089 4156188  2444570.8312   102  2857710.0000  2194394.8346 76952211   23.21%
Elapsed time = 714.65 sec. (320889.73 ticks, tree = 2266.80 MB, solutions = 4)
Nodefile size = 218.94 MB (148.16 MB after compression)
 10712593 4180633  2288607.8524   116  2857710.0000  2199810.7440 77730583   23.02%
 10833256 4211257  2221906.1841   104  2857710.0000  2203987.8670 78715188   22.88%
 10948166 4233094  2770920.3996   102  2857710.0000  2208108.8919 79404895   22.73%
 11088648 4255826        cutoff        2857710.0000  2213175.3991 80171531   22.55%
 11219006 4284327  2469188.9170   117  2857710.0000  2216821.3894 81108954   22.43%
 11352259 4305866  2307893.8329   120  2857710.0000  2222401.7807 81865759   22.23%
 11468381 4336955  2750422.1896   112  2857710.0000  2226704.1106 82914947   22.08%
 11608029 4355788  2853678.4138   101  2857710.0000  2230148.9668 83598818   21.96%
 11743446 4375510  2837996.8234   105  2857710.0000  2234247.3152 84317846   21.82%
 11854295 4404600  2280503.2148   104  2857710.0000  2238879.3408 85333304   21.65%
Elapsed time = 840.98 sec. (359036.89 ticks, tree = 2390.28 MB, solutions = 4)
Nodefile size = 342.91 MB (231.66 MB after compression)
 12003597 4431495        cutoff        2857710.0000  2244029.9831 86345243   21.47%
 12129944 4447740  2392935.0727    99  2857710.0000  2247991.9826 86956596   21.34%
 12253820 4471614  2781889.9886    90  2857710.0000  2252514.3024 87864856   21.18%
 12393614 4492536  2694898.3772   103  2857710.0000  2256281.6544 88778943   21.05%
 12517619 4512083  2847853.7658    79  2857710.0000  2261384.5257 89617468   20.87%
 12635743 4531572  2547651.4139   120  2857710.0000  2264161.0620 90449675   20.77%
 12789383 4544933        cutoff        2857710.0000  2269083.7207 91070204   20.60%
 12896338 4564742  2399459.3411   115  2857710.0000  2273376.9174 91897555   20.45%
 13033843 4582464  2468785.6517   105  2857710.0000  2277243.8559 92747088   20.31%
 13181524 4604800        cutoff        2857710.0000  2280983.1143 93806936   20.18%
Elapsed time = 960.99 sec. (397184.43 ticks, tree = 2493.65 MB, solutions = 4)
Nodefile size = 445.89 MB (300.83 MB after compression)
 13292627 4615948  2347140.9552   109  2857710.0000  2284130.3811 94288425   20.07%
 13427494 4637925  2771983.8920    89  2857710.0000  2289746.7739 95266304   19.87%
 13555898 4650515  2457728.3718   107  2857710.0000  2293201.0326 95825807   19.75%
 13680067 4673701  2632552.1393    90  2857710.0000  2297160.8116 96946255   19.62%
 13827718 4690557        cutoff        2857710.0000  2301452.2304 97785695   19.47%
 13935563 4704245  2603382.8421   113  2857710.0000  2305610.1700 98471484   19.32%
 14083839 4722076  2848060.3938   102  2857710.0000  2308682.8828 99420040   19.21%
 14201393 4731060  2647586.5652   106  2857710.0000  2313383.9739 99889804   19.05%
 14327919 4745987  2607096.2624    98  2857710.0000  2317172.6656 1.01e+08   18.92%
 14460682 4759506  2518072.4771   102  2857710.0000  2319933.8626 1.02e+08   18.82%
Elapsed time = 1075.91 sec. (435331.69 ticks, tree = 2576.92 MB, solutions = 4)
Nodefile size = 529.87 MB (357.09 MB after compression)
 14597774 4774943  2347462.6476    90  2857710.0000  2323804.2546 1.02e+08   18.68%
 14714236 4794399  2557696.8752    98  2857710.0000  2327594.6692 1.03e+08   18.55%
 14868096 4802488  2357316.0532   114  2857710.0000  2331740.0791 1.04e+08   18.41%
 14966213 4815830  2738277.3419   108  2857710.0000  2334601.6640 1.05e+08   18.31%
 15121257 4829705  2616517.2559   118  2857710.0000  2339309.8183 1.06e+08   18.14%
 15226081 4839057  2557342.6896    95  2857710.0000  2342605.8542 1.06e+08   18.03%
 15366571 4853362  2475298.3240   107  2857710.0000  2346065.7152 1.08e+08   17.90%
 15496284 4858817        cutoff        2857710.0000  2350054.2319 1.08e+08   17.76%
 15613525 4867999  2510975.6185   120  2857710.0000  2352849.4553 1.09e+08   17.67%
 15759655 4875653  2636703.0290   104  2857710.0000  2358005.9008 1.10e+08   17.49%
Elapsed time = 1185.33 sec. (473478.85 ticks, tree = 2637.72 MB, solutions = 4)
Nodefile size = 589.85 MB (397.18 MB after compression)
 15867109 4883227  2567329.6745   109  2857710.0000  2360564.9021 1.11e+08   17.40%
 16017915 4885792  2802216.8780    95  2857710.0000  2364688.6848 1.11e+08   17.25%
 16115527 4895856  2547119.3197   103  2857710.0000  2368407.9558 1.12e+08   17.12%
 16278979 4901274        cutoff        2857710.0000  2372332.0311 1.13e+08   16.98%
 16376593 4911135        cutoff        2857710.0000  2375535.3818 1.14e+08   16.87%
 16537088 4917626        cutoff        2857710.0000  2379225.1898 1.14e+08   16.74%
 16638405 4924183        cutoff        2857710.0000  2381319.2931 1.15e+08   16.67%
 16796101 4933370  2656936.4097    95  2857710.0000  2385861.5124 1.16e+08   16.51%
 16903568 4936679  2628993.0089   115  2857710.0000  2388040.3733 1.17e+08   16.44%
 17038714 4941541  2798363.4910   109  2857710.0000  2392396.5172 1.18e+08   16.28%
Elapsed time = 1292.69 sec. (511626.07 ticks, tree = 2676.62 MB, solutions = 4)
Nodefile size = 628.85 MB (423.22 MB after compression)
 17176722 4945581  2620080.0624    97  2857710.0000  2396146.4237 1.18e+08   16.15%
 17284936 4948107  2426361.6719    88  2857710.0000  2400159.3904 1.19e+08   16.01%
 17431577 4951442  2503117.5929   118  2857710.0000  2403214.9144 1.20e+08   15.90%
 17533092 4953230  2747661.3585    77  2857710.0000  2405251.0758 1.21e+08   15.83%
 17698801 4954021  2802407.4539   107  2857710.0000  2409431.7683 1.22e+08   15.69%
 17787613 4953367        cutoff        2857710.0000  2412802.1644 1.22e+08   15.57%
 17948679 4949783  2643797.1096    90  2857710.0000  2416205.1813 1.23e+08   15.45%
 18051064 4947920  2680109.5751    89  2857710.0000  2419434.0183 1.24e+08   15.34%
 18188162 4947039  2538541.1943   118  2857710.0000  2423822.9637 1.25e+08   15.18%
 18309760 4947296  2476079.0575   114  2857710.0000  2426551.6352 1.25e+08   15.09%
Elapsed time = 1386.03 sec. (549773.36 ticks, tree = 2683.65 MB, solutions = 4)
Nodefile size = 636.84 MB (428.57 MB after compression)
 18427117 4947218  2667544.7206   116  2857710.0000  2429373.2610 1.26e+08   14.99%
 18569920 4945045        cutoff        2857710.0000  2433272.1440 1.27e+08   14.85%
 18687855 4942828  2745812.0159   118  2857710.0000  2436329.1810 1.28e+08   14.75%
 18806885 4937101  2856145.3264    90  2857710.0000  2438612.0953 1.29e+08   14.67%
 18955805 4930890  2523274.2882   111  2857710.0000  2442358.5774 1.29e+08   14.53%
 19049262 4926819  2682078.9693    89  2857710.0000  2444939.6370 1.30e+08   14.44%
 19203661 4921892  2700560.4682   112  2857710.0000  2448080.9053 1.31e+08   14.33%
 19314346 4912122  2745516.8755   101  2857710.0000  2451823.8956 1.32e+08   14.20%
 19447604 4907832  2467097.7552   119  2857710.0000  2455619.8572 1.32e+08   14.07%
 19558303 4894156  2486664.7039   106  2857710.0000  2458667.8630 1.33e+08   13.96%
Elapsed time = 1473.24 sec. (587920.62 ticks, tree = 2661.22 MB, solutions = 4)
Nodefile size = 636.84 MB (428.57 MB after compression)
 19691629 4888996  2515983.0625   100  2857710.0000  2460778.9336 1.33e+08   13.89%
 19797341 4871246  2607431.4886    94  2857710.0000  2463737.0042 1.35e+08   13.79%
 19947856 4863844        cutoff        2857710.0000  2466703.1369 1.35e+08   13.68%
 20050827 4850987  2698501.1016   100  2857710.0000  2471040.9664 1.36e+08   13.53%
 20182179 4836765  2570700.4001   110  2857710.0000  2473825.2424 1.37e+08   13.43%
 20313728 4829877  2775099.2172    91  2857710.0000  2476926.4725 1.37e+08   13.32%
 20421758 4817861  2630637.8283    96  2857710.0000  2480351.0116 1.38e+08   13.20%
 20554668 4800475  2758954.0686   106  2857710.0000  2483530.6202 1.39e+08   13.09%
 20657862 4788122        cutoff        2857710.0000  2486691.8016 1.40e+08   12.98%
 20807179 4774885  2677404.3394   110  2857710.0000  2489595.3322 1.40e+08   12.88%
Elapsed time = 1562.05 sec. (626067.87 ticks, tree = 2602.69 MB, solutions = 4)
Nodefile size = 636.84 MB (428.57 MB after compression)
 20908636 4760927  2535337.2675   109  2857710.0000  2493157.9082 1.41e+08   12.76%
 21049537 4745727  2629454.7127   110  2857710.0000  2496645.7755 1.42e+08   12.63%
 21151431 4730007  2581946.8826   110  2857710.0000  2498804.4264 1.42e+08   12.56%
 21290348 4715030  2819419.2038   101  2857710.0000  2502415.4083 1.43e+08   12.43%
 21385200 4692471  2716718.0153    97  2857710.0000  2505487.1632 1.44e+08   12.33%
 21541424 4676667  2762163.6608    86  2857710.0000  2508466.2856 1.45e+08   12.22%
 21636849 4661078        cutoff        2857710.0000  2510882.6629 1.45e+08   12.14%
 21762222 4630419  2848216.5432   100  2857710.0000  2514785.0795 1.46e+08   12.00%
 21890345 4620644  2787347.2214   109  2857710.0000  2518046.3351 1.47e+08   11.89%
 21997554 4590938  2719946.7435   113  2857710.0000  2521087.6515 1.48e+08   11.78%
Elapsed time = 1649.14 sec. (664215.05 ticks, tree = 2515.96 MB, solutions = 4)
Nodefile size = 636.84 MB (428.57 MB after compression)
 22130350 4575770  2772756.0291   105  2857710.0000  2525510.0542 1.48e+08   11.62%
 22247850 4553542  2785433.3466   106  2857710.0000  2528167.7631 1.49e+08   11.53%
 22360086 4522115  2546503.9664   100  2857710.0000  2531664.1100 1.50e+08   11.41%
 22481679 4505864  2568428.6881    96  2857710.0000  2534542.9473 1.50e+08   11.31%
 22591450 4473318  2693561.5509   100  2857710.0000  2537807.1560 1.51e+08   11.19%
 22712229 4449043  2711282.2430   102  2857710.0000  2541109.2430 1.52e+08   11.08%
 22844548 4430138        cutoff        2857710.0000  2544117.8699 1.52e+08   10.97%
 22945325 4398184  2669110.7632   120  2857710.0000  2546540.1051 1.53e+08   10.89%
 23076930 4363411  2788894.0957    96  2857710.0000  2549296.9084 1.54e+08   10.79%
 23185994 4340007  2580049.7310   103  2857710.0000  2552169.9529 1.54e+08   10.69%
Elapsed time = 1739.76 sec. (702362.32 ticks, tree = 2392.95 MB, solutions = 4)
Nodefile size = 636.84 MB (428.57 MB after compression)
 23293390 4311036  2816538.3377   105  2857710.0000  2555713.8468 1.55e+08   10.57%
 23431853 4287385        cutoff        2857710.0000  2560241.4495 1.56e+08   10.41%
 23548058 4261067        cutoff        2857710.0000  2562408.5551 1.56e+08   10.33%
 23658727 4224407  2649417.7772   107  2857710.0000  2565691.5445 1.57e+08   10.22%
 23770471 4191555        cutoff        2857710.0000  2568439.1101 1.58e+08   10.12%
 23894633 4167108  2602265.2860   120  2857710.0000  2572495.4571 1.58e+08    9.98%
 23997453 4141829  2636302.5640    88  2857710.0000  2574980.2347 1.59e+08    9.89%
 24118058 4087697  2806572.3212    90  2857710.0000  2577939.1327 1.60e+08    9.79%
 24245143 4061542        cutoff        2857710.0000  2581046.7387 1.60e+08    9.68%
 24344648 4027291        cutoff        2857710.0000  2584921.7333 1.61e+08    9.55%
Elapsed time = 1831.50 sec. (740509.68 ticks, tree = 2234.99 MB, solutions = 4)
Nodefile size = 636.84 MB (428.57 MB after compression)
 24463435 3983951  2814178.9575    92  2857710.0000  2588290.6029 1.62e+08    9.43%
 24579565 3952383  2611629.2570   106  2857710.0000  2591869.4873 1.62e+08    9.30%
 24691435 3908913  2663561.0285   117  2857710.0000  2594686.2996 1.63e+08    9.20%
 24795494 3878827  2741788.6960   127  2857710.0000  2597119.5059 1.63e+08    9.12%
 24927244 3845413        cutoff        2857710.0000  2600020.2453 1.64e+08    9.02%
 25031239 3798152  2844348.9184   102  2857710.0000  2604051.6418 1.65e+08    8.88%
 25133837 3759532  2742279.5447   105  2857710.0000  2606892.7976 1.65e+08    8.78%
 25251541 3721457  2820490.0125   123  2857710.0000  2609520.8910 1.66e+08    8.68%
 25370046 3677804  2769540.2247   104  2857710.0000  2612331.2349 1.66e+08    8.59%
 25478388 3635273        cutoff        2857710.0000  2616698.9210 1.67e+08    8.43%
Elapsed time = 1926.62 sec. (778656.91 ticks, tree = 2037.15 MB, solutions = 4)
Nodefile size = 636.84 MB (428.57 MB after compression)
 25589128 3585711        cutoff        2857710.0000  2619360.1395 1.68e+08    8.34%
 25700858 3545097        cutoff        2857710.0000  2623018.2031 1.68e+08    8.21%
 25803496 3499341  2829228.0906    85  2857710.0000  2625941.1520 1.69e+08    8.11%
 25921454 3462807  2659205.3673   108  2857710.0000  2629510.9364 1.69e+08    7.99%
 26036805 3414202  2733494.8955   118  2857710.0000  2632046.8876 1.70e+08    7.90%
 26138855 3362262  2855558.1992   112  2857710.0000  2635635.6024 1.71e+08    7.77%
 26251402 3307281        cutoff        2857710.0000  2639618.7206 1.71e+08    7.63%
 26360228 3268515  2665700.9327    90  2857710.0000  2642017.7357 1.72e+08    7.55%
 26465683 3213235  2823836.4713   115  2857710.0000  2645566.1760 1.72e+08    7.42%
 26574785 3166394  2685132.1034   110  2857710.0000  2648577.0303 1.73e+08    7.32%
Elapsed time = 2025.57 sec. (816804.31 ticks, tree = 1803.77 MB, solutions = 4)
Nodefile size = 636.84 MB (428.57 MB after compression)
 26683349 3122469  2740768.9610   100  2857710.0000  2651915.1557 1.73e+08    7.20%
 26792153 3057187        cutoff        2857710.0000  2655141.8036 1.74e+08    7.09%
 26897489 3011540  2746348.6555   103  2857710.0000  2658832.8883 1.74e+08    6.96%
 27006593 2954645        cutoff        2857710.0000  2661765.0562 1.75e+08    6.86%
 27119069 2917006  2761422.9099   109  2857710.0000  2665309.0189 1.75e+08    6.73%
 27228778 2875042  2751642.6775   110  2857710.0000  2668554.0731 1.76e+08    6.62%
 27335826 2800254        cutoff        2857710.0000  2671886.1490 1.77e+08    6.50%
 27435134 2760790        cutoff        2857710.0000  2675519.9435 1.77e+08    6.38%
 27540276 2705764        cutoff        2857710.0000  2679017.4621 1.78e+08    6.25%
 27654536 2625002        cutoff        2857710.0000  2682135.2504 1.78e+08    6.14%
Elapsed time = 2126.77 sec. (854951.71 ticks, tree = 1533.30 MB, solutions = 4)
Nodefile size = 636.84 MB (428.57 MB after compression)
 27758944 2579559        cutoff        2857710.0000  2685126.5815 1.79e+08    6.04%
 27852386 2524525  2807415.9372   105  2857710.0000  2688685.2077 1.79e+08    5.91%
 27963457 2458690  2775639.2686    90  2857710.0000  2692261.5560 1.80e+08    5.79%
 28069356 2405748  2825647.6060    97  2857710.0000  2695987.3329 1.80e+08    5.66%
 28184918 2334982        cutoff        2857710.0000  2699684.8818 1.81e+08    5.53%
 28274462 2294929  2808986.2478   109  2857710.0000  2702440.1757 1.81e+08    5.43%
 28375956 2238106        cutoff        2857710.0000  2706508.4247 1.82e+08    5.29%
 28485490 2188340        cutoff        2857710.0000  2709214.5597 1.82e+08    5.20%
 28591316 2109166        cutoff        2857710.0000  2712761.1523 1.83e+08    5.07%
 28683401 2048363  2809215.8701    99  2857710.0000  2716539.6281 1.83e+08    4.94%
Elapsed time = 2228.27 sec. (893099.13 ticks, tree = 1239.01 MB, solutions = 4)
Nodefile size = 636.84 MB (428.57 MB after compression)
 28789626 1977466        cutoff        2857710.0000  2720193.9418 1.84e+08    4.81%
 28903474 1914273  2854717.4249   100  2857710.0000  2723700.7673 1.84e+08    4.69%
 28991336 1854241  2786822.4640    95  2857710.0000  2727479.4266 1.85e+08    4.56%
 29104730 1797091        cutoff        2857710.0000  2731665.2981 1.85e+08    4.41%
 29202310 1733520        cutoff        2857710.0000  2733690.6960 1.86e+08    4.34%
 29303624 1685733  2751419.3659   102  2857710.0000  2738521.1033 1.86e+08    4.17%
 29398206 1624567        cutoff        2857710.0000  2741628.9989 1.86e+08    4.06%
 29494768 1541916        cutoff        2857710.0000  2745969.3514 1.87e+08    3.91%
 29600664 1467834  2763631.9793   110  2857710.0000  2750130.7449 1.88e+08    3.76%
 29684673 1407261        cutoff        2857710.0000  2755052.7688 1.88e+08    3.59%
Elapsed time = 2337.04 sec. (931246.38 ticks, tree = 919.78 MB, solutions = 4)
Nodefile size = 296.92 MB (200.60 MB after compression)
 29791951 1336801        cutoff        2857710.0000  2759396.7806 1.88e+08    3.44%
 29896167 1265452  2805220.6913    91  2857710.0000  2763123.8253 1.89e+08    3.31%
 29986220 1199656        cutoff        2857710.0000  2767889.3587 1.89e+08    3.14%
 30085109 1130746        cutoff        2857710.0000  2772656.9993 1.90e+08    2.98%
 30181568 1064838  2788677.0031   110  2857710.0000  2777201.6578 1.90e+08    2.82%
 30276332 993173        cutoff        2857710.0000  2782036.0006 1.91e+08    2.65%
 30372799 921345  2854489.1072   103  2857710.0000  2786293.4682 1.91e+08    2.50%
 30472195 847837        cutoff        2857710.0000  2790719.7983 1.91e+08    2.34%
 30564663 779577  2805374.1497   105  2857710.0000  2796471.6931 1.92e+08    2.14%
 30657173 707140        cutoff        2857710.0000  2801545.4108 1.92e+08    1.97%
Elapsed time = 2486.52 sec. (969393.68 ticks, tree = 566.78 MB, solutions = 4)
Nodefile size = 110.97 MB (75.16 MB after compression)
 30751932 635148        cutoff        2857710.0000  2806382.2354 1.93e+08    1.80%
 30849367 560395        cutoff        2857710.0000  2811712.7259 1.93e+08    1.61%
 30943607 485508  2836986.9303    89  2857710.0000  2817245.9783 1.94e+08    1.42%
 31034694 411562        cutoff        2857710.0000  2822299.7342 1.94e+08    1.24%
 31119748 341864        cutoff        2857710.0000  2827973.5244 1.94e+08    1.04%
 31216377 258136  2839775.2488    97  2857710.0000  2832731.6345 1.95e+08    0.87%
 31310843 179132        cutoff        2857710.0000  2839756.3536 1.95e+08    0.63%
 31402147 96814  2851684.1748   108  2857710.0000  2845203.9673 1.95e+08    0.44%
 31491404 15784        cutoff        2857710.0000  2849888.5942 1.96e+08    0.27%

Clique cuts applied:  7
Cover cuts applied:  7
Mixed integer rounding cuts applied:  1
Zero-half cuts applied:  1

Root node processing (before b&c):
  Real time             =    0.44 sec. (50.18 ticks)
Parallel b&c, 32 threads:
  Real time             = 3190.95 sec. (1007070.08 ticks)
  Sync time (average)   = 2071.26 sec.
  Wait time (average)   =    0.57 sec.
                          ------------
Total (root+branch&cut) = 3191.39 sec. (1007120.26 ticks)

Solution pool: 4 solutions saved.

MIP - Integer optimal solution:  Objective =  2.8577100000e+06
Solution time = 3191.40 sec.  Iterations = 195601237  Nodes = 31508496
Deterministic time = 1007120.26 ticks  (315.57 ticks/sec)

CPLEX> Incumbent solution written to file 'BKZ20-SVP_n46_seed2.sol'.
CPLEX> 