
Welcome to IBM(R) ILOG(R) CPLEX(R) Interactive Optimizer 12.8.0.0
  with Simplex, Mixed Integer & Barrier Optimizers
5725-A06 5725-A29 5724-Y48 5724-Y49 5724-Y54 5724-Y55 5655-Y21
Copyright IBM Corp. 1988, 2017.  All Rights Reserved.

Type 'help' for a list of available commands.
Type 'help' followed by a command name for more
information on commands.

CPLEX> New value for time limit in seconds: 86400
CPLEX> New value for mixed integer optimality gap tolerance: 1e-10
CPLEX> Problem 'BKZ20-SVP_n43_seed0.lp' read.
Read time = 0.01 sec. (0.14 ticks)
CPLEX> CPXPARAM_TimeLimit                               86400
CPXPARAM_MIP_Tolerances_MIPGap                   1e-10
Tried aggregator 2 times.
Aggregator did 43 substitutions.
Reduced MIQP has 216 rows, 450 columns, and 751 nonzeros.
Reduced MIQP has 321 binaries, 129 generals, 0 SOSs, and 0 indicators.
Reduced MIQP objective Q matrix has 1849 nonzeros.
Presolve time = 0.00 sec. (0.90 ticks)
Probing time = 0.00 sec. (0.39 ticks)
Tried aggregator 1 time.
Reduced MIQP has 216 rows, 450 columns, and 751 nonzeros.
Reduced MIQP has 321 binaries, 129 generals, 0 SOSs, and 0 indicators.
Reduced MIQP objective Q matrix has 1849 nonzeros.
Presolve time = 0.00 sec. (0.59 ticks)
Probing time = 0.00 sec. (0.39 ticks)
Clique table members: 756.
MIP emphasis: balance optimality and feasibility.
MIP search method: dynamic search.
Parallel mode: deterministic, using up to 32 threads.
Root relaxation solution time = 0.02 sec. (3.26 ticks)

        Nodes                                         Cuts/
   Node  Left     Objective  IInf  Best Integer    Best Bound    ItCnt     Gap

      0     0        0.0000    32                      0.0000       10         
*     0+    0                       3.88394e+08        0.0000           100.00%
      0     0        0.0000    46   3.88394e+08      Cuts: 79       60  100.00%
*     0+    0                       2.30563e+08        0.0000           100.00%
      0     0        0.0000    45   2.30563e+08   ZeroHalf: 2       64  100.00%
*     0+    0                       2.01074e+08        0.0000           100.00%
*     0+    0                       1.83886e+08        0.0000           100.00%
*     0+    0                      3185015.0000        0.0000           100.00%
      0     2        0.0000    45  3185015.0000        0.0000       64  100.00%
Elapsed time = 0.24 sec. (41.29 ticks, tree = 0.01 MB, solutions = 5)
*  1231+  631                      3164133.0000        0.0000           100.00%
   5467  3818        cutoff        3164133.0000        0.0000    46194  100.00%
   8822  5902  1860446.5533   125  3164133.0000        0.0000    80622  100.00%
  11751  7451  1827269.9955    81  3164133.0000        0.0000   106644  100.00%
  14937  9685  2178116.8359    92  3164133.0000        0.0000   144589  100.00%
Warning: Crossover terminates with a singular basis.
  16497 11003        0.0000     6  3164133.0000        0.0000   167506  100.00%
  18565  1386        0.0000     5  3164133.0000        0.0000   185200  100.00%
  23865  4650    34677.5730   101  3164133.0000        0.0000   219868  100.00%
  28888  8180        0.0000     5  3164133.0000        0.0000   266428  100.00%
  35681 12752  2677291.6410    20  3164133.0000        0.0000   350566  100.00%
  54381 20999   261720.5945    52  3164133.0000        0.0000   617748  100.00%
Elapsed time = 6.49 sec. (3141.20 ticks, tree = 12.43 MB, solutions = 6)
  69529 27911        cutoff        3164133.0000        0.0000   856509  100.00%
  85661 34190  2510748.1456    61  3164133.0000        0.0000  1084722  100.00%
 100960 39970  2731288.7014    50  3164133.0000        0.0000  1296197  100.00%
 114576 46177  1535444.5324    67  3164133.0000    40931.4478  1499378   98.71%
 127972 50073  2347290.3396    45  3164133.0000   111454.5317  1676266   96.48%
 143171 53304  1158457.7050   110  3164133.0000   180427.4043  1863355   94.30%
 159373 57118  2384375.9610    92  3164133.0000   272734.3167  2081566   91.38%
 179261 64735  2293371.3003   106  3164133.0000   433417.8657  2238759   86.30%
 203452 76577  3036541.0180    88  3164133.0000   615509.7405  2402638   80.55%
 229950 93932  2123996.4083   102  3164133.0000   740102.8766  2608792   76.61%
Elapsed time = 23.57 sec. (12679.27 ticks, tree = 55.74 MB, solutions = 6)
 257650 112817  1617154.8819    95  3164133.0000   826218.0465  2823013   73.89%
 284445 130424  1328973.1290   123  3164133.0000   900204.5140  3018336   71.55%
 310397 148940  1258650.8340   124  3164133.0000   959815.9124  3222041   69.67%
 335915 166566  1871051.4024   107  3164133.0000  1006073.6279  3414874   68.20%
 364467 185181  1147504.3790   127  3164133.0000  1045163.6570  3619591   66.97%
 390539 204633  1245234.0606   115  3164133.0000  1076245.9138  3831611   65.99%
 418200 218709  1721177.8639   112  3164133.0000  1103818.1201  3980066   65.11%
 444224 237377  1579753.3570   107  3164133.0000  1128986.6247  4182472   64.32%
 471975 252251  1475634.2417   103  3164133.0000  1147514.1533  4342427   63.73%
 499797 269408  1771149.6068   114  3164133.0000  1170331.4991  4525310   63.01%
Elapsed time = 40.69 sec. (22216.34 ticks, tree = 146.93 MB, solutions = 6)
 525859 287695  3057610.7229    86  3164133.0000  1187638.3299  4719538   62.47%
 552638 306685  1714348.1922    97  3164133.0000  1204032.5244  4922441   61.95%
 578127 326057  1864560.4175   106  3164133.0000  1218215.6416  5129312   61.50%
 607362 344464  1653157.1366   110  3164133.0000  1238094.9332  5326930   60.87%
 633685 357305  2765561.1911    99  3164133.0000  1251935.6507  5465146   60.43%
 660174 377084  2416216.5055    94  3164133.0000  1265953.7894  5674686   59.99%
 688374 392023  2571588.4563    80  3164133.0000  1278658.4437  5836431   59.59%
 716087 407185  1677047.4582   119  3164133.0000  1294317.6647  5999181   59.09%
 740137 428117  2462157.6764    99  3164133.0000  1304650.3934  6228082   58.77%
 768286 446811  1326165.3199   105  3164133.0000  1319212.6523  6428238   58.31%
Elapsed time = 58.33 sec. (31753.24 ticks, tree = 239.96 MB, solutions = 6)
 796583 463440  2255643.6818    94  3164133.0000  1326216.0982  6606576   58.09%
 821598 480162  2252039.1140   106  3164133.0000  1340566.9415  6787212   57.63%
 850219 495858  3158261.0730    88  3164133.0000  1351299.2813  6958495   57.29%
 876028 513847  2362058.5971   100  3164133.0000  1362281.1208  7151836   56.95%
 903172 526205  2098763.2906    96  3164133.0000  1371936.8768  7284416   56.64%
 932700 544296  2312624.9005   105  3164133.0000  1381868.8369  7481885   56.33%
 961318 564341  2184355.5754   111  3164133.0000  1390342.6719  7701512   56.06%
 986555 577065  2888405.7752    91  3164133.0000  1403414.7804  7842494   55.65%
 1013866 594002  1836998.9085   110  3164133.0000  1413919.2017  8029076   55.31%
 1037901 611848  2236914.4861   111  3164133.0000  1419982.9921  8228963   55.12%
Elapsed time = 75.95 sec. (41290.37 ticks, tree = 329.89 MB, solutions = 6)
 1066816 628961  2451486.2100   106  3164133.0000  1432047.1160  8419354   54.74%
 1094283 643039        cutoff        3164133.0000  1439286.6840  8577209   54.51%
 1123299 656449  2578461.9695    99  3164133.0000  1448399.6841  8727800   54.22%
 1148051 676782  1951608.2380   109  3164133.0000  1457085.5979  8955252   53.95%
 1174779 694747  1775970.4888   119  3164133.0000  1465125.5340  9159119   53.70%
 1204689 708914  2238791.6100    97  3164133.0000  1473367.7296  9321976   53.44%
 1228129 724250  2647249.4603   102  3164133.0000  1479097.8763  9496469   53.25%
 1255699 737744  3069909.1514    79  3164133.0000  1489165.7303  9649218   52.94%
 1282891 755339  2777840.6807    93  3164133.0000  1496950.1546  9849271   52.69%
 1312422 772700  1863969.6938   107  3164133.0000  1503879.6152 10045701   52.47%
Elapsed time = 93.46 sec. (50827.75 ticks, tree = 416.13 MB, solutions = 6)
 1339281 786111  1947148.4359    92  3164133.0000  1510825.8597 10199436   52.25%
 1363135 806312  2221704.4584   111  3164133.0000  1519368.5525 10430214   51.98%
 1395205 816552  2657451.7928    96  3164133.0000  1526612.1501 10545514   51.75%
 1417750 831888  2696440.7650   102  3164133.0000  1531378.5742 10721948   51.60%
 1445983 852741  2974576.7058    74  3164133.0000  1540201.1167 10961630   51.32%
 1472802 862902  2986088.5020    76  3164133.0000  1546199.1288 11077706   51.13%
 1500292 882883  1813938.6907    99  3164133.0000  1552236.8410 11307368   50.94%
 1527531 895817  2703386.3909    92  3164133.0000  1557877.6156 11457178   50.76%
 1554666 916709  2293241.3803    81  3164133.0000  1565312.9580 11701440   50.53%
 1584932 925131  2899589.6821    99  3164133.0000  1571602.1880 11798677   50.33%
Elapsed time = 111.30 sec. (60364.82 ticks, tree = 500.95 MB, solutions = 6)
 1607707 943468  2678248.9301    93  3164133.0000  1577544.1020 12010538   50.14%
 1636224 962524  1945181.0556   108  3164133.0000  1584612.0558 12232902   49.92%
 1663893 978700  2740985.2856    96  3164133.0000  1590259.0320 12421569   49.74%
 1691629 992082  2166712.5716   105  3164133.0000  1595596.3950 12578149   49.57%
 1717880 1010379  2110990.2140   100  3164133.0000  1601773.1805 12792482   49.38%
 1747358 1021625  1675503.7718   104  3164133.0000  1606746.7699 12927396   49.22%
 1772710 1035661  3048312.1169    93  3164133.0000  1610304.2235 13094071   49.11%
 1802317 1056166  2413490.2492   114  3164133.0000  1618515.9224 13333988   48.85%
 1826149 1065313  2610563.6226    93  3164133.0000  1624210.9447 13441328   48.67%
 1854922 1084120  2064304.3945    91  3164133.0000  1629001.6145 13664649   48.52%
Elapsed time = 129.45 sec. (69902.00 ticks, tree = 586.11 MB, solutions = 6)
 1882175 1095622  1734797.7748    95  3164133.0000  1634064.7973 13799772   48.36%
 1910414 1110829  2229811.8193   114  3164133.0000  1640053.8132 13979924   48.17%
 1936070 1127266  2865920.3518    87  3164133.0000  1644242.8389 14173678   48.03%
 1963675 1143997  2713564.1873   119  3164133.0000  1650384.3538 14372222   47.84%
 1994109 1158195  2935615.4338   101  3164133.0000  1655277.1531 14542195   47.69%
 2016511 1174757  3023315.8854    91  3164133.0000  1658412.4798 14743947   47.59%
 2050136 1194680  1841042.6968   100  3164133.0000  1664219.2038 14985221   47.40%
 2070741 1205128  2013211.0783   119  3164133.0000  1669092.5772 15108567   47.25%
 2102609 1219808  2287049.1603   104  3164133.0000  1674646.4449 15283684   47.07%
 2127689 1236183  2302570.8356   100  3164133.0000  1679118.0373 15477449   46.93%
Elapsed time = 147.09 sec. (79439.13 ticks, tree = 671.80 MB, solutions = 6)
 2155846 1251376  2991120.6445    98  3164133.0000  1683658.6563 15659558   46.79%
 2182566 1263659  2777516.5303   101  3164133.0000  1688560.4136 15808380   46.63%
 2208904 1279131  1872668.5105   115  3164133.0000  1691918.4459 15992438   46.53%
 2239049 1293884        cutoff        3164133.0000  1697353.5595 16170754   46.36%
 2265932 1310718  2404959.7815   104  3164133.0000  1701755.7523 16375929   46.22%
 2292561 1319234  2995384.3193    95  3164133.0000  1706492.1324 16478504   46.07%
 2318024 1336077  2093349.6841   101  3164133.0000  1711007.3155 16682849   45.92%
 2347394 1354605  3104451.1378    82  3164133.0000  1715160.6797 16910583   45.79%
 2372918 1367923  2716673.8276   102  3164133.0000  1719215.3363 17073257   45.67%
 2482650 1422799  2368355.7823    96  3164133.0000  1735301.0500 17746833   45.16%
Elapsed time = 170.39 sec. (91837.28 ticks, tree = 781.02 MB, solutions = 6)
 2593884 1480625  3059338.7998    84  3164133.0000  1751603.7661 18459019   44.64%
 2702884 1544994  2906816.9241    93  3164133.0000  1766007.6503 19260214   44.19%
 2811692 1594017  2489845.8555    85  3164133.0000  1780867.6891 19872826   43.72%
 2916923 1651030  3121791.1877    78  3164133.0000  1795331.3038 20591893   43.26%
 3029712 1707523        cutoff        3164133.0000  1807975.8347 21310324   42.86%
 3141671 1765982  2330546.0238    87  3164133.0000  1821431.3714 22054074   42.44%
 3247591 1820685  1844820.6326   125  3164133.0000  1834145.0036 22759155   42.03%
 3359596 1873731  2838668.0186    98  3164133.0000  1845408.0668 23439146   41.68%
 3470819 1929807  2322218.3736   105  3164133.0000  1857745.0790 24168832   41.29%
 3577677 1981201  2587677.2264    89  3164133.0000  1869712.7933 24840753   40.91%
Elapsed time = 243.19 sec. (129984.51 ticks, tree = 1073.21 MB, solutions = 6)
 3689267 2040897  2191715.1608   110  3164133.0000  1880612.0737 25632171   40.56%
 3799750 2089694  1965226.0075   108  3164133.0000  1891978.0707 26282308   40.21%
 3904700 2142700  2463404.8414   105  3164133.0000  1902736.3283 26985952   39.87%
 4018855 2196155  2718559.2805   110  3164133.0000  1912551.1514 27708190   39.56%
 4127746 2249883  2405214.0854   108  3164133.0000  1923304.5039 28436693   39.22%
 4232150 2304647  2310610.5818   110  3164133.0000  1933224.3705 29185488   38.90%
 4346344 2351960  2518694.6716    87  3164133.0000  1942514.8847 29832323   38.61%
 4457106 2403947  3160447.6588    88  3164133.0000  1951913.4077 30550615   38.31%
 4567353 2453050  3157519.5191    64  3164133.0000  1961374.4952 31232320   38.01%
 4680450 2502087  2587967.4400    89  3164133.0000  1970653.3672 31922271   37.72%
Elapsed time = 317.15 sec. (168131.73 ticks, tree = 1379.82 MB, solutions = 6)
 4787309 2556470  2691169.6533   110  3164133.0000  1979185.7853 32687064   37.45%
 4896707 2602275  2685191.8543    95  3164133.0000  1988022.1479 33333199   37.17%
 5009315 2652090  2985721.9333    82  3164133.0000  1996633.9271 34038415   36.90%
 5118118 2704210  2535013.4001    95  3164133.0000  2004819.6118 34785783   36.64%
 5229863 2756523  2488012.4510    88  3164133.0000  2012963.8893 35540809   36.38%
 5339396 2798019        cutoff        3164133.0000  2020750.5890 36142182   36.14%
 5450664 2848316  2181557.4920   111  3164133.0000  2028665.6157 36870603   35.89%
 5560847 2904523  2263385.6384   100  3164133.0000  2036659.5461 37689673   35.63%
 5671571 2940792  2648065.7708    89  3164133.0000  2044041.5168 38226735   35.40%
 5783509 2999240  2774018.2312    96  3164133.0000  2051570.6678 39081346   35.16%
Elapsed time = 391.08 sec. (206279.14 ticks, tree = 1652.85 MB, solutions = 6)
 5897659 3042246  2717444.6633    85  3164133.0000  2059339.2187 39703054   34.92%
 6005826 3089161  2431058.1294    99  3164133.0000  2066312.8023 40391078   34.70%
 6119364 3133525  2388127.5735   103  3164133.0000  2073412.3109 41047323   34.47%
 6230791 3178794  2800011.8242    92  3164133.0000  2080356.5021 41731959   34.25%
 6340381 3235281  2999223.2205    83  3164133.0000  2087232.7756 42579887   34.03%
 6447350 3267096  2927182.0082    82  3164133.0000  2093893.9235 43072420   33.82%
 6560991 3315161  3061267.3484    86  3164133.0000  2100871.4961 43818774   33.60%
 6671849 3357729  2329375.1381    90  3164133.0000  2107263.7196 44482599   33.40%
 6785157 3403244  3089828.3722    82  3164133.0000  2113902.3518 45176192   33.19%
 6897925 3453987  2656061.5036    87  3164133.0000  2119514.2918 45957559   33.01%
Elapsed time = 466.91 sec. (244426.33 ticks, tree = 1882.14 MB, solutions = 6)
 7008371 3493029  3041211.3677   101  3164133.0000  2126377.8567 46555616   32.80%
 7121690 3538090  2588463.5083   117  3164133.0000  2132401.7048 47267545   32.61%
 7235593 3588603  2462979.9179   100  3164133.0000  2138787.0041 48049866   32.41%
 7348975 3636179  2930001.9884    71  3164133.0000  2144796.0462 48797517   32.22%
 7460448 3673803  3109801.2623    83  3164133.0000  2150489.0197 49385392   32.04%
 7570643 3720154  3020788.4903    96  3164133.0000  2156777.4247 50110663   31.84%
 7679895 3758201  3043954.3157    79  3164133.0000  2162310.9147 50712073   31.66%
 7795426 3800497  2591982.0129   105  3164133.0000  2167784.1229 51390552   31.49%
 7909146 3845684  3007754.8878    93  3164133.0000  2173380.8765 52106524   31.31%
 8020147 3881404  3157048.5989    94  3164133.0000  2178762.9071 52674758   31.14%
Elapsed time = 567.61 sec. (282573.79 ticks, tree = 2138.22 MB, solutions = 6)
Nodefile size = 90.97 MB (60.67 MB after compression)
*8086181 3909957      integral     0  3037223.0000  2181927.8987 53125012   28.16%
 8130385 3516759  2866425.9968    97  3037223.0000  2184249.2657 53339428   28.08%
 8237855 3552964  2470641.6799    87  3037223.0000  2189788.6554 54065544   27.90%
 8347364 3590301  3030423.7100    56  3037223.0000  2195006.8277 54804315   27.73%
 8462087 3621425  2700155.8438    93  3037223.0000  2200471.7900 55442813   27.55%
 8574944 3652403  2434736.7949   105  3037223.0000  2206204.3312 56069262   27.36%
 8687619 3682950  2525679.4464   104  3037223.0000  2211985.5958 56694347   27.17%
 8800826 3716155  2988113.0448   100  3037223.0000  2217701.8868 57393137   26.98%
 8906401 3749103  2766041.4762    86  3037223.0000  2222969.3034 58095606   26.81%
 9017326 3774105  3008141.6586   121  3037223.0000  2228814.0511 58652371   26.62%
 9130880 3806418  2350018.3530   103  3037223.0000  2233933.7096 59352608   26.45%
Elapsed time = 664.41 sec. (320721.29 ticks, tree = 2095.87 MB, solutions = 7)
Nodefile size = 47.99 MB (32.00 MB after compression)
 9238113 3839076  2547805.9343   104  3037223.0000  2239309.5418 60087692   26.27%
 9348955 3865451  2986030.0312    77  3037223.0000  2244738.0751 60688327   26.09%
 9461859 3890962  2578113.2397    99  3037223.0000  2249685.4983 61244342   25.93%
 9570103 3923888  2326474.9374    94  3037223.0000  2255079.3805 62006216   25.75%
 9672486 3953235  2902059.9748    93  3037223.0000  2260329.8180 62688560   25.58%
 9783648 3982156  2870386.0459    77  3037223.0000  2265496.6575 63354292   25.41%
 9890532 4010730  2598374.5208    87  3037223.0000  2270453.4650 64005724   25.25%
 10001574 4038800        cutoff        3037223.0000  2275203.4411 64658736   25.09%
 10110646 4060731  2477851.8663    95  3037223.0000  2280043.5095 65178712   24.93%
 10220604 4090825  2682218.9733    95  3037223.0000  2285089.2787 65947315   24.76%
Elapsed time = 789.01 sec. (358868.51 ticks, tree = 2238.16 MB, solutions = 7)
Nodefile size = 190.95 MB (127.26 MB after compression)
 10332978 4118392  2902063.4144    85  3037223.0000  2289923.6393 66648411   24.60%
 10444787 4134535        cutoff        3037223.0000  2294650.3817 67053005   24.45%
 10554120 4166315  2935843.4020    85  3037223.0000  2299476.2310 67828446   24.29%
 10669736 4186906        cutoff        3037223.0000  2304117.4553 68354822   24.14%
 10781297 4213724  2888366.2753    94  3037223.0000  2308407.3376 69027801   24.00%
 10886571 4238899  2646769.4493    90  3037223.0000  2312967.1090 69686682   23.85%
 10992699 4263679  2989638.0495    93  3037223.0000  2317559.8178 70362983   23.69%
 11101301 4284422  3034381.3083    84  3037223.0000  2322372.8942 70924404   23.54%
 11213785 4306282        cutoff        3037223.0000  2326715.7100 71522010   23.39%
 11324988 4330321  2635717.2626   105  3037223.0000  2331421.1030 72187462   23.24%
Elapsed time = 904.53 sec. (397015.89 ticks, tree = 2362.88 MB, solutions = 7)
Nodefile size = 314.92 MB (209.62 MB after compression)
 11437560 4348193  2574161.3483    89  3037223.0000  2335780.8216 72707323   23.09%
 11550909 4373821  2885574.5601    84  3037223.0000  2340104.2251 73436523   22.95%
 11652675 4397089  3001878.5957   110  3037223.0000  2343867.0614 74076592   22.83%
 11760036 4421053  2837138.6043   101  3037223.0000  2348898.0676 74775656   22.66%
 11871723 4436227  3005075.3933   103  3037223.0000  2353173.9218 75241031   22.52%
 11984080 4455262  2370891.4061    99  3037223.0000  2357261.6032 75822832   22.39%
 12101679 4475858  2628788.7181   117  3037223.0000  2361349.4652 76426219   22.25%
 12202439 4497000  2380940.3297   100  3037223.0000  2365655.5846 77066998   22.11%
 12306087 4519607  2416425.7657    95  3037223.0000  2369794.9361 77738692   21.97%
 12418672 4538784  2945655.8693    83  3037223.0000  2374103.3557 78339257   21.83%
Elapsed time = 1019.80 sec. (435163.29 ticks, tree = 2470.54 MB, solutions = 7)
Nodefile size = 422.89 MB (281.17 MB after compression)
 12537871 4557997  2855837.6022    80  3037223.0000  2377678.9938 78946357   21.72%
 12651957 4575948  2818738.7684    96  3037223.0000  2382074.0654 79544173   21.57%
 12753387 4598132  3012086.6945    84  3037223.0000  2386069.6873 80301939   21.44%
 12862180 4612185  2811538.4964    99  3037223.0000  2390254.9698 80765234   21.30%
 12977820 4638141  2672505.2240    99  3037223.0000  2394150.1849 81639224   21.17%
 13081856 4649000  2693000.6303    96  3037223.0000  2398212.8146 82022206   21.04%
 13193409 4665530  2642926.1923    84  3037223.0000  2402198.8639 82613535   20.91%
 13302610 4684263  2767760.0587    99  3037223.0000  2406108.9761 83289078   20.78%
 13413890 4697756  2577560.1234   100  3037223.0000  2409873.1194 83767865   20.66%
 13524663 4719952  2590694.4617    86  3037223.0000  2413422.2341 84653521   20.54%
Elapsed time = 1130.97 sec. (473310.54 ticks, tree = 2561.35 MB, solutions = 7)
Nodefile size = 513.87 MB (341.22 MB after compression)
 13638405 4730172        cutoff        3037223.0000  2417201.6178 85018725   20.41%
 13749396 4745605  2895588.9388    94  3037223.0000  2421016.2055 85607837   20.29%
 13861726 4760949  2979396.1232    75  3037223.0000  2424634.1809 86209406   20.17%
 13972845 4777209  3036774.3424   100  3037223.0000  2428252.2439 86845974   20.05%
 14070486 4789364  2541363.5296   109  3037223.0000  2432213.5226 87400937   19.92%
 14187381 4803857  2545885.7471   110  3037223.0000  2435801.1006 88018146   19.80%
 14297147 4816030  2634497.0832    94  3037223.0000  2439461.2052 88592179   19.68%
 14405596 4827608  2640706.2815   108  3037223.0000  2443287.2237 89262594   19.56%
 14520830 4841335  2503867.4099   106  3037223.0000  2446531.3875 89982412   19.45%
 14630503 4852201  2882710.8222    96  3037223.0000  2449885.0407 90568089   19.34%
Elapsed time = 1235.98 sec. (511457.94 ticks, tree = 2631.30 MB, solutions = 7)
Nodefile size = 583.86 MB (387.23 MB after compression)
 14741987 4860186  2544511.9726    92  3037223.0000  2453795.7828 90977795   19.21%
 14853245 4874042  2521176.3142    99  3037223.0000  2457616.6431 91722924   19.08%
 14960506 4882381  3030604.7637    78  3037223.0000  2461468.7053 92209411   18.96%
 15070914 4891664  2565510.3938    83  3037223.0000  2465407.9562 92845546   18.83%
 15177782 4902756  2786730.9070   104  3037223.0000  2468892.8345 93581089   18.71%
 15288070 4908491  2804484.9942   104  3037223.0000  2472325.8726 93989646   18.60%
 15395520 4915633  2864526.5961    92  3037223.0000  2475885.6498 94493622   18.48%
 15508287 4926436  2943850.2543   108  3037223.0000  2479414.9756 95286271   18.37%
 15620499 4937494  2961405.9911    74  3037223.0000  2483262.7875 96038282   18.24%
 15732100 4942376  3026941.9197    74  3037223.0000  2486796.7021 96521390   18.12%
Elapsed time = 1336.49 sec. (549605.13 ticks, tree = 2681.08 MB, solutions = 7)
Nodefile size = 633.84 MB (419.94 MB after compression)
 15845065 4948607  2701261.8036   110  3037223.0000  2490150.4693 97171386   18.01%
 15955798 4951750  2902565.6105    80  3037223.0000  2493592.4797 97534601   17.90%
 16062957 4956573  2761325.4711    82  3037223.0000  2497138.9135 98113471   17.78%
 16166798 4963459  2694683.5807    97  3037223.0000  2500820.9266 98799040   17.66%
 16282087 4967304  2596002.5744   111  3037223.0000  2504619.1973 99320587   17.54%
 16390168 4972281  2720257.0809    97  3037223.0000  2508003.8274 99968069   17.42%
 16500876 4975648  2758502.3055   112  3037223.0000  2511579.2289 1.01e+08   17.31%
 16608106 4978939  2943177.6896    90  3037223.0000  2514615.4586 1.01e+08   17.21%
 16719636 4981696  2657529.3553   102  3037223.0000  2518275.0099 1.02e+08   17.09%
 16827141 4983107        cutoff        3037223.0000  2521806.8004 1.02e+08   16.97%
Elapsed time = 1439.09 sec. (587752.60 ticks, tree = 2706.23 MB, solutions = 7)
Nodefile size = 658.83 MB (436.33 MB after compression)
 16936967 4985894  2887668.0670   101  3037223.0000  2525621.8839 1.03e+08   16.84%
 17053230 4987121  2892499.5290    95  3037223.0000  2528849.7680 1.03e+08   16.74%
 17158905 4988960        cutoff        3037223.0000  2532283.8014 1.04e+08   16.63%
 17264963 4989473  2885741.2132    79  3037223.0000  2535603.4494 1.05e+08   16.52%
 17374441 4990506  2628222.9745    92  3037223.0000  2538994.5268 1.05e+08   16.40%
 17480924 4989392  2667684.8850   102  3037223.0000  2542494.3176 1.06e+08   16.29%
 17589183 4988247  2748925.9111    99  3037223.0000  2546046.5201 1.06e+08   16.17%
 17704855 4986991  2813124.3146    92  3037223.0000  2549133.5330 1.07e+08   16.07%
 17811345 4984236        cutoff        3037223.0000  2552445.1965 1.07e+08   15.96%
 17924614 4982156  2760745.6116    92  3037223.0000  2555821.6007 1.08e+08   15.85%
Elapsed time = 1528.94 sec. (625900.00 ticks, tree = 2708.99 MB, solutions = 7)
Nodefile size = 664.83 MB (440.26 MB after compression)
 18031600 4977507  2808360.5134    89  3037223.0000  2559085.9089 1.09e+08   15.74%
 18143881 4974336  2699983.2702    90  3037223.0000  2562437.8347 1.09e+08   15.63%
 18245171 4971606  2725389.1427   108  3037223.0000  2565997.9987 1.10e+08   15.51%
 18359645 4969354        cutoff        3037223.0000  2569637.7807 1.10e+08   15.40%
 18465555 4964938  2843944.4101    95  3037223.0000  2572721.2679 1.11e+08   15.29%
 18570216 4958561  2647322.1999    75  3037223.0000  2575908.3981 1.11e+08   15.19%
 18680585 4951592  2601931.2320    95  3037223.0000  2579011.4806 1.12e+08   15.09%
 18787228 4943392  2951466.6559    90  3037223.0000  2582445.7939 1.13e+08   14.97%
 18898054 4937758  2605650.9486   101  3037223.0000  2585701.4759 1.13e+08   14.87%
 19000686 4929963  2617737.1615    97  3037223.0000  2589212.3547 1.14e+08   14.75%
Elapsed time = 1610.83 sec. (664047.24 ticks, tree = 2687.13 MB, solutions = 7)
Nodefile size = 664.83 MB (440.26 MB after compression)
 19119822 4923199  2603483.2588    94  3037223.0000  2592381.5517 1.14e+08   14.65%
 19229356 4915440        cutoff        3037223.0000  2595727.3030 1.15e+08   14.54%
 19330825 4907780  2662521.5868   106  3037223.0000  2598994.5138 1.15e+08   14.43%
 19434282 4896488  2945849.2034    90  3037223.0000  2602080.2359 1.16e+08   14.33%
 19541487 4889245  2619049.7452   112  3037223.0000  2605421.5242 1.16e+08   14.22%
 19652334 4880251  2725848.3587    80  3037223.0000  2609052.5157 1.17e+08   14.10%
 19762335 4867363  2998745.6393    87  3037223.0000  2611969.8485 1.17e+08   14.00%
 19869943 4856643        cutoff        3037223.0000  2614923.5537 1.18e+08   13.90%
 19976956 4845141  2876542.0688    75  3037223.0000  2618187.8480 1.18e+08   13.80%
 20083823 4828813  2870520.3911    84  3037223.0000  2621636.8512 1.19e+08   13.68%
Elapsed time = 1692.68 sec. (702194.39 ticks, tree = 2640.39 MB, solutions = 7)
Nodefile size = 664.83 MB (440.26 MB after compression)
 20186244 4816876  2783029.8913   115  3037223.0000  2624915.1120 1.20e+08   13.58%
 20297584 4806719  2733411.2092   100  3037223.0000  2628349.5180 1.20e+08   13.46%
 20403368 4791137  2797401.6525   105  3037223.0000  2631789.4139 1.21e+08   13.35%
 20517879 4777751  2996853.2396   102  3037223.0000  2634424.4992 1.21e+08   13.26%
 20612871 4759939  2992216.8362    74  3037223.0000  2637610.6489 1.22e+08   13.16%
 20723797 4748661  2659773.6762   109  3037223.0000  2641114.4736 1.22e+08   13.04%
 20835250 4733196  2888651.2914    88  3037223.0000  2644095.7523 1.23e+08   12.94%
 20934399 4712554  2911365.2231    95  3037223.0000  2647306.1458 1.23e+08   12.84%
 21039068 4691192        cutoff        3037223.0000  2650726.8237 1.24e+08   12.73%
 21156685 4674424  2856576.8189    85  3037223.0000  2653480.5617 1.25e+08   12.63%
Elapsed time = 1773.64 sec. (740341.89 ticks, tree = 2565.41 MB, solutions = 7)
Nodefile size = 664.83 MB (440.26 MB after compression)
 21257644 4655443  2669165.5110   107  3037223.0000  2656890.8487 1.25e+08   12.52%
 21350859 4639498  2810068.7657    67  3037223.0000  2660140.2761 1.25e+08   12.42%
 21461959 4625012        cutoff        3037223.0000  2663185.7179 1.26e+08   12.32%
 21564710 4600662        cutoff        3037223.0000  2666600.0980 1.26e+08   12.20%
 21666498 4579226  3027586.0617    90  3037223.0000  2669434.1392 1.27e+08   12.11%
 21785067 4559035  2987427.3120    96  3037223.0000  2672984.1245 1.28e+08   11.99%
 21879432 4531659  2939162.1477   105  3037223.0000  2675815.0117 1.28e+08   11.90%
 21992616 4517562        cutoff        3037223.0000  2679201.8120 1.29e+08   11.79%
 22092221 4495207  2838248.2609    89  3037223.0000  2682436.1572 1.29e+08   11.68%
 22197181 4474636  3034536.1174    97  3037223.0000  2685868.8111 1.30e+08   11.57%
Elapsed time = 1857.83 sec. (778489.19 ticks, tree = 2464.35 MB, solutions = 7)
Nodefile size = 664.83 MB (440.26 MB after compression)
 22296808 4451442  2908772.0750   111  3037223.0000  2689007.2964 1.30e+08   11.46%
 22404076 4417694        cutoff        3037223.0000  2692200.8867 1.31e+08   11.36%
 22514371 4406485        cutoff        3037223.0000  2695102.3157 1.31e+08   11.26%
 22611191 4370836        cutoff        3037223.0000  2698389.6938 1.32e+08   11.16%
 22716696 4354945        cutoff        3037223.0000  2701484.5729 1.32e+08   11.05%
 22822560 4326800  2727697.5362   101  3037223.0000  2704391.4463 1.33e+08   10.96%
 22927417 4294161  2864806.7365    99  3037223.0000  2708056.7886 1.33e+08   10.84%
 23031673 4264914  2999725.7678    90  3037223.0000  2711045.4313 1.34e+08   10.74%
 23130130 4248055  2726467.8809    94  3037223.0000  2713907.5583 1.34e+08   10.65%
 23235686 4213705  2953560.5261    95  3037223.0000  2717267.9546 1.35e+08   10.53%
Elapsed time = 1940.90 sec. (816636.44 ticks, tree = 2338.53 MB, solutions = 7)
Nodefile size = 664.83 MB (440.26 MB after compression)
 23335850 4185180  3027323.3245   102  3037223.0000  2720423.5087 1.35e+08   10.43%
 23437840 4151047  2734383.3558    96  3037223.0000  2723626.1785 1.36e+08   10.33%
 23543959 4132745  2859573.1040   100  3037223.0000  2726820.2857 1.36e+08   10.22%
 23647820 4099782        cutoff        3037223.0000  2729901.1515 1.36e+08   10.12%
 23748300 4067177  2814851.2730   100  3037223.0000  2733147.9480 1.37e+08   10.01%
 23851378 4021988  2805480.2106    31  3037223.0000  2736289.8349 1.38e+08    9.91%
 23954659 4002712        cutoff        3037223.0000  2739680.0145 1.38e+08    9.80%
 24051185 3972508  2814429.7467   106  3037223.0000  2742902.6773 1.38e+08    9.69%
 24151083 3933288  2935573.7341   115  3037223.0000  2745940.0928 1.39e+08    9.59%
 24253020 3890172  2953012.5661   109  3037223.0000  2749189.5448 1.39e+08    9.48%
Elapsed time = 2023.56 sec. (854783.59 ticks, tree = 2178.13 MB, solutions = 7)
Nodefile size = 664.83 MB (440.26 MB after compression)
 24354334 3865124  3001972.9700    95  3037223.0000  2752529.9830 1.40e+08    9.37%
 24459530 3832724  2811303.1538   102  3037223.0000  2755411.6122 1.40e+08    9.28%
 24561951 3787559        cutoff        3037223.0000  2758752.3125 1.41e+08    9.17%
 24661804 3750319  2881721.5624    80  3037223.0000  2762112.8228 1.41e+08    9.06%
 24761260 3718856  2863938.6054    85  3037223.0000  2765327.9697 1.42e+08    8.95%
 24857992 3678390        cutoff        3037223.0000  2768627.7431 1.42e+08    8.84%
 24961044 3641070  3022660.6063    91  3037223.0000  2771738.9774 1.42e+08    8.74%
 25056743 3604848        cutoff        3037223.0000  2775073.9895 1.43e+08    8.63%
 25157480 3557873        cutoff        3037223.0000  2778372.6521 1.43e+08    8.52%
 25258138 3514834  2811578.6494    99  3037223.0000  2781697.4604 1.44e+08    8.41%
Elapsed time = 2107.21 sec. (892930.95 ticks, tree = 1985.11 MB, solutions = 7)
Nodefile size = 664.83 MB (440.26 MB after compression)
 25361158 3481193  2911347.5235    86  3037223.0000  2785115.3947 1.44e+08    8.30%
 25460766 3435981  3000751.8350    94  3037223.0000  2788515.3248 1.45e+08    8.19%
 25559364 3395921  2993500.8511    71  3037223.0000  2791643.9830 1.45e+08    8.09%
 25661039 3347697  2879894.5285    95  3037223.0000  2794801.8577 1.46e+08    7.98%
 25757586 3308133        cutoff        3037223.0000  2797957.0143 1.46e+08    7.88%
 25852265 3259017        cutoff        3037223.0000  2801389.8879 1.47e+08    7.76%
 25953772 3220822        cutoff        3037223.0000  2804795.7785 1.47e+08    7.65%
 26056643 3161990  3007197.5218    85  3037223.0000  2808041.9087 1.47e+08    7.55%
 26155923 3122694  2924554.2655    96  3037223.0000  2811332.4354 1.48e+08    7.44%
 26260812 3089248        cutoff        3037223.0000  2814823.7199 1.48e+08    7.32%
Elapsed time = 2191.78 sec. (931078.32 ticks, tree = 1763.64 MB, solutions = 7)
Nodefile size = 664.83 MB (440.26 MB after compression)
 26359127 3043486        cutoff        3037223.0000  2817981.0059 1.49e+08    7.22%
 26456841 2993896  2835121.2456   101  3037223.0000  2821677.4797 1.49e+08    7.10%
 26555421 2941513        cutoff        3037223.0000  2824869.5091 1.49e+08    6.99%
 26650791 2889973  2842572.6042    88  3037223.0000  2828166.6836 1.50e+08    6.88%
 26751316 2852564  2844936.5805    87  3037223.0000  2831570.8044 1.50e+08    6.77%
 26857289 2800798        cutoff        3037223.0000  2835016.3090 1.51e+08    6.66%
 26949948 2741856  2850723.9888    86  3037223.0000  2838422.2263 1.51e+08    6.55%
 27046009 2700020        cutoff        3037223.0000  2841749.1159 1.52e+08    6.44%
 27142609 2637263  3007653.0204   103  3037223.0000  2845360.1430 1.52e+08    6.32%
 27245416 2577066        cutoff        3037223.0000  2848706.5107 1.52e+08    6.21%
Elapsed time = 2277.54 sec. (969225.65 ticks, tree = 1516.70 MB, solutions = 7)
Nodefile size = 664.83 MB (440.26 MB after compression)
 27338436 2531832  2938834.4591    92  3037223.0000  2852206.0003 1.53e+08    6.09%
 27440335 2490985  3032174.1665    77  3037223.0000  2855617.0909 1.53e+08    5.98%
 27537898 2440908        cutoff        3037223.0000  2858993.1069 1.53e+08    5.87%
 27628555 2383915        cutoff        3037223.0000  2862631.1628 1.54e+08    5.75%
 27730910 2322265        cutoff        3037223.0000  2866027.8178 1.54e+08    5.64%
 27831340 2275280        cutoff        3037223.0000  2869778.3597 1.55e+08    5.51%
 27926200 2204196        cutoff        3037223.0000  2873376.6342 1.55e+08    5.39%
 28025592 2176359  2993291.6783    90  3037223.0000  2876697.3730 1.55e+08    5.29%
 28120042 2110221        cutoff        3037223.0000  2880350.8353 1.56e+08    5.16%
 28215716 2062492  2896955.6320   104  3037223.0000  2884026.3809 1.56e+08    5.04%
Elapsed time = 2365.39 sec. (1007372.96 ticks, tree = 1243.75 MB, solutions = 7)
Nodefile size = 602.85 MB (399.61 MB after compression)
 28313687 1991574        cutoff        3037223.0000  2887457.1132 1.57e+08    4.93%
 28402549 1933221        cutoff        3037223.0000  2891112.7373 1.57e+08    4.81%
 28505474 1892216  2915892.7268   104  3037223.0000  2894917.3814 1.57e+08    4.69%
 28597912 1832121        cutoff        3037223.0000  2898616.4194 1.58e+08    4.56%
 28691699 1777650  2957765.4429    99  3037223.0000  2902338.3412 1.58e+08    4.44%
 28789608 1701476  3023899.2211    91  3037223.0000  2906005.2394 1.58e+08    4.32%
 28883472 1661351        cutoff        3037223.0000  2909644.8234 1.59e+08    4.20%
 28975349 1588733        cutoff        3037223.0000  2913301.4924 1.59e+08    4.08%
 29069096 1528131  2929466.8975    80  3037223.0000  2917582.2788 1.59e+08    3.94%
 29165546 1473511        cutoff        3037223.0000  2921412.9187 1.60e+08    3.81%
Elapsed time = 2456.24 sec. (1045520.33 ticks, tree = 948.22 MB, solutions = 7)
Nodefile size = 322.92 MB (214.70 MB after compression)
 29261475 1390930  2937010.1122    96  3037223.0000  2925973.4984 1.60e+08    3.66%
 29360976 1330675  2957922.5587    95  3037223.0000  2930229.6416 1.61e+08    3.52%
 29452561 1293027        cutoff        3037223.0000  2934675.1798 1.61e+08    3.38%
 29546484 1230998  3026512.1887   101  3037223.0000  2939329.1051 1.61e+08    3.22%
 29637898 1171464        cutoff        3037223.0000  2944254.3116 1.62e+08    3.06%
 29733574 1087758        cutoff        3037223.0000  2948837.1082 1.62e+08    2.91%
 29826938 1022467        cutoff        3037223.0000  2953001.3260 1.62e+08    2.77%
 29919592 974165  2978561.4507    94  3037223.0000  2958393.2826 1.63e+08    2.60%
 30014189 911599        cutoff        3037223.0000  2963537.9867 1.63e+08    2.43%
 30103544 840872        cutoff        3037223.0000  2968250.7070 1.63e+08    2.27%
Elapsed time = 2565.62 sec. (1083667.71 ticks, tree = 629.93 MB, solutions = 7)
Nodefile size = 146.96 MB (97.88 MB after compression)
 30194463 759167        cutoff        3037223.0000  2973600.1133 1.64e+08    2.09%
 30285181 709417        cutoff        3037223.0000  2979035.3882 1.64e+08    1.92%
 30376285 623380        cutoff        3037223.0000  2984270.9840 1.64e+08    1.74%
 30465531 554870        cutoff        3037223.0000  2989455.9945 1.64e+08    1.57%
 30555171 482903        cutoff        3037223.0000  2995380.9431 1.65e+08    1.38%
 30644677 415055  3006978.7632    84  3037223.0000  3001550.2448 1.65e+08    1.17%
 30732967 338855  3035985.5224   105  3037223.0000  3007386.1099 1.65e+08    0.98%
 30822744 260537        cutoff        3037223.0000  3013399.5176 1.66e+08    0.78%
 30910029 184779        cutoff        3037223.0000  3019987.0487 1.66e+08    0.57%
 30996811 108207        cutoff        3037223.0000  3025766.7479 1.66e+08    0.38%
Elapsed time = 2849.92 sec. (1121815.10 ticks, tree = 264.94 MB, solutions = 7)
Nodefile size = 7.00 MB (4.67 MB after compression)
 31085760 25513        cutoff        3037223.0000  3032818.4907 1.66e+08    0.15%

Cover cuts applied:  3
Flow cuts applied:  3

Root node processing (before b&c):
  Real time             =    0.26 sec. (44.13 ticks)
Parallel b&c, 32 threads:
  Real time             = 3021.88 sec. (1129039.68 ticks)
  Sync time (average)   = 1870.83 sec.
  Wait time (average)   =    0.47 sec.
                          ------------
Total (root+branch&cut) = 3022.14 sec. (1129083.81 ticks)

Solution pool: 7 solutions saved.

MIP - Integer optimal solution:  Objective =  3.0372230000e+06
Solution time = 3022.15 sec.  Iterations = 166343741  Nodes = 31112267
Deterministic time = 1129083.81 ticks  (373.60 ticks/sec)

CPLEX> Incumbent solution written to file 'BKZ20-SVP_n43_seed0.sol'.
CPLEX> 