
Welcome to IBM(R) ILOG(R) CPLEX(R) Interactive Optimizer 12.8.0.0
  with Simplex, Mixed Integer & Barrier Optimizers
5725-A06 5725-A29 5724-Y48 5724-Y49 5724-Y54 5724-Y55 5655-Y21
Copyright IBM Corp. 1988, 2017.  All Rights Reserved.

Type 'help' for a list of available commands.
Type 'help' followed by a command name for more
information on commands.

CPLEX> New value for time limit in seconds: 86400
CPLEX> New value for mixed integer optimality gap tolerance: 1e-10
CPLEX> Problem 'BKZ20-SVP_n43_seed2.lp' read.
Read time = 0.01 sec. (0.14 ticks)
CPLEX> CPXPARAM_TimeLimit                               86400
CPXPARAM_MIP_Tolerances_MIPGap                   1e-10
Tried aggregator 2 times.
Aggregator did 43 substitutions.
Reduced MIQP has 216 rows, 434 columns, and 735 nonzeros.
Reduced MIQP has 305 binaries, 129 generals, 0 SOSs, and 0 indicators.
Reduced MIQP objective Q matrix has 1849 nonzeros.
Presolve time = 0.00 sec. (0.88 ticks)
Probing time = 0.00 sec. (0.36 ticks)
Tried aggregator 1 time.
Reduced MIQP has 216 rows, 434 columns, and 735 nonzeros.
Reduced MIQP has 305 binaries, 129 generals, 0 SOSs, and 0 indicators.
Reduced MIQP objective Q matrix has 1849 nonzeros.
Presolve time = 0.00 sec. (0.57 ticks)
Probing time = 0.00 sec. (0.36 ticks)
Clique table members: 672.
MIP emphasis: balance optimality and feasibility.
MIP search method: dynamic search.
Parallel mode: deterministic, using up to 32 threads.
Root relaxation solution time = 0.02 sec. (3.26 ticks)

        Nodes                                         Cuts/
   Node  Left     Objective  IInf  Best Integer    Best Bound    ItCnt     Gap

      0     0        0.0000    38                      0.0000       10         
*     0+    0                       8.43155e+08        0.0000           100.00%
      0     0        0.0000    45   8.43155e+08      Cuts: 53       40  100.00%
*     0+    0                       7.59299e+08        0.0000           100.00%
*     0+    0                       2.79353e+08        0.0000           100.00%
*     0+    0                       2.15146e+08        0.0000           100.00%
*     0+    0                      3643795.0000        0.0000           100.00%
*     0+    0                      2964210.0000        0.0000           100.00%
      0     2        0.0000    45  2964210.0000        0.0000       40  100.00%
Elapsed time = 0.49 sec. (37.93 ticks, tree = 0.01 MB, solutions = 6)
*  1948+ 1258                      2922033.0000        0.0000           100.00%
*  2782+ 1818                      2388235.0000        0.0000           100.00%
   6492  4114   794688.9860   104  2388235.0000        0.0000    57381  100.00%
  10503  6281  1969617.5324    86  2388235.0000        0.0000   103569  100.00%
  14265  8405        0.0000     5  2388235.0000        0.0000   147080  100.00%
  17993 10567   875099.4660    68  2388235.0000        0.0000   186848  100.00%
  18321   479   109644.9177    64  2388235.0000        0.0000   197686  100.00%
  18925   504   476845.4993   108  2388235.0000        0.0000   203273  100.00%
  18927     5  1442878.2108   161  2388235.0000        0.0000   196971  100.00%
  19146   621  1071106.8154    97  2388235.0000        0.0000   205686  100.00%
  19476   777   908838.5584   120  2388235.0000        0.0000   209232  100.00%
  46475 10863        cutoff        2388235.0000   332933.5089   371480   86.06%
Elapsed time = 6.73 sec. (3183.70 ticks, tree = 7.19 MB, solutions = 11)
 100419 46557  1242036.6563   118  2388235.0000   847379.0514   933682   64.52%
 150609 77062  1536011.8603   119  2388235.0000   948476.4162  1434741   60.29%
 191879 99006  1171022.8515   113  2388235.0000  1030939.1695  1804794   56.83%
 209518 108450  1635056.4730    93  2388235.0000  1052986.3905  1965235   55.91%
 247416 124292  2341439.1874    90  2388235.0000  1120152.0018  2239825   53.10%
 287343 146523  1544224.5182   103  2388235.0000  1195250.3149  2633025   49.95%
 312087 158054  2025392.2128    94  2388235.0000  1197211.9885  2841786   49.87%
 351106 172534  2215594.8248    76  2388235.0000  1262449.6869  3107373   47.14%
 389263 192478  1441507.8051   113  2388235.0000  1289844.5872  3487639   45.99%
 425280 208282        cutoff        2388235.0000  1346682.1331  3791863   43.61%
Elapsed time = 25.19 sec. (12720.67 ticks, tree = 104.07 MB, solutions = 11)
 455261 222166  1483122.5359   109  2388235.0000  1370768.2838  4065593   42.60%
 491592 237010  1955183.4540    91  2388235.0000  1418115.0911  4373261   40.62%
 532728 252324  1591088.9836   108  2388235.0000  1447246.2104  4695845   39.40%
 559989 263345  2179214.4519   108  2388235.0000  1467389.6028  4939818   38.56%
 598436 275428        cutoff        2388235.0000  1496080.3201  5213168   37.36%
 634036 289999  2298035.4820    91  2388235.0000  1520579.3405  5555253   36.33%
 668382 299073  2153093.2665   104  2388235.0000  1544340.3831  5775878   35.34%
 706396 312379  1673788.2824   113  2388235.0000  1565447.8948  6111127   34.45%
 740248 321426  1837857.6504   107  2388235.0000  1586582.3270  6348962   33.57%
 774592 333900  1972208.9621   106  2388235.0000  1604737.0283  6691340   32.81%
Elapsed time = 43.88 sec. (22257.92 ticks, tree = 170.36 MB, solutions = 11)
 815905 343106  2338265.3171    87  2388235.0000  1622118.1078  6959715   32.08%
 848055 352501  1904744.8251   102  2388235.0000  1640163.8877  7249997   31.32%
 879864 360351  2044084.7738    92  2388235.0000  1660225.7699  7499833   30.48%
 922819 370510  1856952.4256   102  2388235.0000  1687092.7738  7845516   29.36%
 957771 378853  2278239.2504   121  2388235.0000  1702793.6463  8156400   28.70%
 987360 383966  2095292.0083    99  2388235.0000  1710763.8569  8359090   28.37%
 1025074 391472  1884419.4378    94  2388235.0000  1726555.6028  8680636   27.71%
 1066360 397364  2111856.0389    94  2388235.0000  1742127.4199  8953176   27.05%
 1097253 402997  1921596.7565   104  2388235.0000  1757559.0629  9235301   26.41%
 1133809 408338  2165252.9962   106  2388235.0000  1770470.3534  9519586   25.87%
Elapsed time = 62.91 sec. (31794.92 ticks, tree = 209.97 MB, solutions = 11)
 1172200 413978  1936271.4426   109  2388235.0000  1779869.9107  9862090   25.47%
 1203311 417469  2118525.8253   103  2388235.0000  1805304.0597 10113066   24.41%
 1242567 420238  1882419.2131   110  2388235.0000  1815343.2258 10339079   23.99%
 1277902 423455  2384185.0499    99  2388235.0000  1826248.2719 10638596   23.53%
 1311198 425649  2214873.6692    95  2388235.0000  1841648.9376 10911329   22.89%
 1345155 427419  2364958.1505    85  2388235.0000  1855806.5647 11183566   22.29%
 1380798 428732  1989382.4913   110  2388235.0000  1862847.6073 11500189   22.00%
 1415575 429201  2273940.9590   113  2388235.0000  1873636.5073 11732998   21.55%
 1454901 429364  2276000.8008    88  2388235.0000  1887823.0948 12032435   20.95%
 1480784 428752  1964009.2142    95  2388235.0000  1897785.3257 12256863   20.54%
Elapsed time = 81.70 sec. (41331.93 ticks, tree = 219.93 MB, solutions = 11)
 1518921 427449  1983210.8071   117  2388235.0000  1907021.7119 12568769   20.15%
 1553020 425361  2142509.7620   111  2388235.0000  1923738.4072 12874124   19.45%
 1584072 423606  2112849.4166   124  2388235.0000  1934702.4730 13062612   18.99%
 1624331 419492  2209992.8279   102  2388235.0000  1950501.9654 13432902   18.33%
 1651852 416193  2009421.8655   104  2388235.0000  1952039.2748 13658891   18.26%
 1686031 412328  2065376.8117   105  2388235.0000  1966492.5845 13897624   17.66%
 1723016 408416  2138837.3463   103  2388235.0000  1980253.5300 14108223   17.08%
 1752513 402187  2324156.2458    98  2388235.0000  1995216.2891 14423953   16.46%
 1780620 397241  2267061.6641   100  2388235.0000  2001503.2227 14631049   16.19%
 1820516 389477  2071478.1141   101  2388235.0000  2012522.5519 14932269   15.73%
Elapsed time = 101.08 sec. (50868.98 ticks, tree = 201.75 MB, solutions = 11)
 1849713 381773  2333928.3656    91  2388235.0000  2027566.3560 15201272   15.10%
 1882725 374723  2294699.4344   107  2388235.0000  2043240.5590 15425326   14.45%
 1916260 363379  2384908.8132    83  2388235.0000  2052940.4351 15754530   14.04%
 1941831 356031  2275669.1135   109  2388235.0000  2056681.6299 15945885   13.88%
 1973103 345603        cutoff        2388235.0000  2075273.4516 16200304   13.10%
 2006513 334611  2127168.4060   114  2388235.0000  2087304.2179 16448475   12.60%
 2038928 322580        cutoff        2388235.0000  2096482.5033 16703115   12.22%
 2061639 313366  2369017.6487    87  2388235.0000  2104802.9642 16883910   11.87%
 2096102 297955  2363967.4365    92  2388235.0000  2128756.4089 17169761   10.86%
 2126840 284510        cutoff        2388235.0000  2136335.8735 17401811   10.55%
Elapsed time = 122.41 sec. (60406.07 ticks, tree = 154.16 MB, solutions = 11)
 2149792 273686  2222949.8780   106  2388235.0000  2144223.5936 17578003   10.22%
 2182863 257351        cutoff        2388235.0000  2164708.7144 17827572    9.36%
 2210981 242070  2351707.4455   103  2388235.0000  2172436.6184 18047271    9.04%
 2234167 229332  2369924.7514   106  2388235.0000  2184362.0123 18221815    8.54%
 2268584 208932  2233804.3186    95  2388235.0000  2191286.2797 18483741    8.25%
 2291491 195009        cutoff        2388235.0000  2210002.4013 18650099    7.46%
 2318210 177104  2355575.5666   106  2388235.0000  2215242.2827 18853403    7.24%
 2348735 157682        cutoff        2388235.0000  2235378.2633 19059739    6.40%
 2373821 138731        cutoff        2388235.0000  2241628.1259 19249703    6.14%
 2397040 121848  2308058.7368    93  2388235.0000  2257611.0138 19409949    5.47%
Elapsed time = 154.31 sec. (69943.39 ticks, tree = 78.33 MB, solutions = 11)
 2421283 102849  2306934.8797   109  2388235.0000  2275623.4189 19577975    4.72%
 2449414 79697  2306630.5901    92  2388235.0000  2288849.8563 19763955    4.16%
 2471129 61158  2374611.7867    86  2388235.0000  2297991.9304 19900441    3.78%
 2496382 38981        cutoff        2388235.0000  2316069.0189 20048899    3.02%
 2522567 14459        cutoff        2388235.0000  2338910.2777 20189360    2.07%
 2536081 40825  2386423.8711    79  2388235.0000  2348205.5396 20037356    1.68%
 2537532  8497  2365290.8641    93  2388235.0000  2365290.8641 20218573    0.96%

Clique cuts applied:  7
Cover cuts applied:  1
Implied bound cuts applied:  1
Gomory fractional cuts applied:  1

Root node processing (before b&c):
  Real time             =    0.44 sec. (37.68 ticks)
Parallel b&c, 32 threads:
  Real time             =  203.95 sec. (76823.57 ticks)
  Sync time (average)   =  111.89 sec.
  Wait time (average)   =    0.11 sec.
                          ------------
Total (root+branch&cut) =  204.40 sec. (76861.25 ticks)

Solution pool: 11 solutions saved.

MIP - Integer optimal solution:  Objective =  2.3882350000e+06
Solution time =  204.41 sec.  Iterations = 20257661  Nodes = 2537636
Deterministic time = 76861.25 ticks  (376.02 ticks/sec)

CPLEX> Incumbent solution written to file 'BKZ20-SVP_n43_seed2.sol'.
CPLEX> 