
Welcome to IBM(R) ILOG(R) CPLEX(R) Interactive Optimizer 12.8.0.0
  with Simplex, Mixed Integer & Barrier Optimizers
5725-A06 5725-A29 5724-Y48 5724-Y49 5724-Y54 5724-Y55 5655-Y21
Copyright IBM Corp. 1988, 2017.  All Rights Reserved.

Type 'help' for a list of available commands.
Type 'help' followed by a command name for more
information on commands.

CPLEX> New value for time limit in seconds: 86400
CPLEX> New value for mixed integer optimality gap tolerance: 1e-10
CPLEX> Problem 'BKZ20-SVP_n43_seed3.lp' read.
Read time = 0.01 sec. (0.14 ticks)
CPLEX> CPXPARAM_TimeLimit                               86400
CPXPARAM_MIP_Tolerances_MIPGap                   1e-10
Tried aggregator 2 times.
Aggregator did 43 substitutions.
Reduced MIQP has 216 rows, 452 columns, and 753 nonzeros.
Reduced MIQP has 323 binaries, 129 generals, 0 SOSs, and 0 indicators.
Reduced MIQP objective Q matrix has 1849 nonzeros.
Presolve time = 0.00 sec. (0.91 ticks)
Probing time = 0.00 sec. (0.39 ticks)
Tried aggregator 1 time.
Reduced MIQP has 216 rows, 452 columns, and 753 nonzeros.
Reduced MIQP has 323 binaries, 129 generals, 0 SOSs, and 0 indicators.
Reduced MIQP objective Q matrix has 1849 nonzeros.
Presolve time = 0.00 sec. (0.59 ticks)
Probing time = 0.00 sec. (0.39 ticks)
Clique table members: 781.
MIP emphasis: balance optimality and feasibility.
MIP search method: dynamic search.
Parallel mode: deterministic, using up to 32 threads.
Root relaxation solution time = 0.01 sec. (3.27 ticks)

        Nodes                                         Cuts/
   Node  Left     Objective  IInf  Best Integer    Best Bound    ItCnt     Gap

      0     0        0.0000    33                      0.0000       10         
*     0+    0                       3.41504e+08        0.0000           100.00%
      0     0        0.0000    54   3.41504e+08      Cuts: 72       60  100.00%
      0     0        0.0000    54   3.41504e+08   ZeroHalf: 3       68  100.00%
*     0+    0                       1.16621e+08        0.0000           100.00%
*     0+    0                      3289541.0000        0.0000           100.00%
      0     2        0.0000    54  3289541.0000        0.0000       68  100.00%
Elapsed time = 0.29 sec. (38.18 ticks, tree = 0.01 MB, solutions = 3)
   3380  1556        0.0000     5  3289541.0000        0.0000    14203  100.00%
   6901  4619  1484731.3993    66  3289541.0000        0.0000    52631  100.00%
  10631  7261  1440725.6102    90  3289541.0000        0.0000    91336  100.00%
  12810  9165        0.0000    26  3289541.0000        0.0000   121448  100.00%
  14068   820  1073228.9428   109  3289541.0000        0.0000   132059  100.00%
  15094  1665        0.0000     5  3289541.0000        0.0000   137544  100.00%
  15680  2140  2590520.3573    79  3289541.0000        0.0000   141182  100.00%
  16377  2720  2687799.5966    64  3289541.0000        0.0000   144720  100.00%
  18961  4549  1712570.9521    69  3289541.0000        0.0000   159187  100.00%
  47168 21075   301381.7398    61  3289541.0000        0.0000   352410  100.00%
Elapsed time = 6.70 sec. (3266.12 ticks, tree = 12.68 MB, solutions = 3)
  69888 36773  1637440.4098    81  3289541.0000        0.0000   570622  100.00%
  94895 49701        0.0000     5  3289541.0000        0.0000   751295  100.00%
 117455 63652  3240605.6952    49  3289541.0000        0.0000   952348  100.00%
 143525 71962   910629.1979   110  3289541.0000    98987.0665  1115119   96.99%
 175093 89623  2037453.1039    88  3289541.0000   242884.1914  1409537   92.62%
 188460 97789  2274639.5390    99  3289541.0000   308901.8555  1524326   90.61%
 215605 114888  2193036.0223   111  3289541.0000   527234.9871  1750694   83.97%
 249331 135748  1342558.2003   114  3289541.0000   559732.6270  2025049   82.98%
 282084 156795  1317581.8923   115  3289541.0000   677161.3433  2299910   79.41%
 305856 175165   964138.1161   104  3289541.0000   706425.6677  2547044   78.53%
Elapsed time = 24.57 sec. (12803.18 ticks, tree = 97.23 MB, solutions = 3)
 334556 195556   991304.6569   108  3289541.0000   756051.3951  2814824   77.02%
 364253 216730  1455661.8943   105  3289541.0000   795496.1442  3101009   75.82%
 393708 237208  1322977.1960   116  3289541.0000   839083.0357  3369041   74.49%
 420823 255927  3027251.6313    88  3289541.0000   882545.8507  3615429   73.17%
 450707 272640  2202632.8776   105  3289541.0000   898377.8188  3837579   72.69%
 479256 291326  1599541.8829   117  3289541.0000   930581.5529  4084332   71.71%
 511717 310162  1765063.0341   102  3289541.0000   959406.5570  4329372   70.83%
 540347 336326  2618153.1152    93  3289541.0000  1003331.2859  4666144   69.50%
 569973 354559  1490292.3684   113  3289541.0000  1010194.3389  4901373   69.29%
 598312 373780  1802733.5935   112  3289541.0000  1042614.3948  5145901   68.31%
Elapsed time = 42.52 sec. (22340.44 ticks, tree = 201.70 MB, solutions = 3)
 627820 395581  1507202.0769   112  3289541.0000  1064897.9042  5425205   67.63%
 660107 413050  3063536.5630    93  3289541.0000  1070751.2515  5649470   67.45%
 689273 431217  2516500.9310    97  3289541.0000  1090779.6732  5882720   66.84%
 718392 452962  2611111.2972    97  3289541.0000  1104387.9237  6162073   66.43%
 752158 477587  2457040.5750    86  3289541.0000  1118329.5969  6475421   66.00%
 785744 494128        cutoff        3289541.0000  1142901.8405  6684914   65.26%
 812712 518145  2146701.6528    77  3289541.0000  1152703.4225  6990439   64.96%
 846348 537582  2279224.3618    94  3289541.0000  1168415.8908  7236588   64.48%
 879164 555122  1241566.7661   120  3289541.0000  1181845.2676  7459102   64.07%
 910534 578095  2792266.4444   106  3289541.0000  1190194.7844  7748240   63.82%
Elapsed time = 60.80 sec. (31877.46 ticks, tree = 316.56 MB, solutions = 3)
 936709 596462  1765038.6895    80  3289541.0000  1205649.4909  7979938   63.35%
 971612 623179  1998235.0390   100  3289541.0000  1217633.1382  8316513   62.98%
 1002749 639450  2536971.3617   117  3289541.0000  1233121.4776  8523375   62.51%
 1032888 660286  1294471.4010   117  3289541.0000  1243243.6239  8789113   62.21%
 1068625 679847  3024857.8085    54  3289541.0000  1249991.8313  9041715   62.00%
 1098381 703314  2275150.2819    90  3289541.0000  1270341.7511  9339678   61.38%
 1134214 720418  1490412.2119   118  3289541.0000  1279389.1747  9558093   61.11%
 1160678 746933  1928747.7070    97  3289541.0000  1291948.8118  9896421   60.73%
 1196414 763714  2474202.8623    91  3289541.0000  1306191.2605 10109993   60.29%
 1227372 785726  3006517.8058    98  3289541.0000  1317194.9501 10395365   59.96%
Elapsed time = 80.20 sec. (41414.45 ticks, tree = 423.91 MB, solutions = 3)
 1256585 804853  2053031.8689   109  3289541.0000  1318917.0259 10638357   59.91%
 1290024 824076  2552219.8616    93  3289541.0000  1328969.3425 10884431   59.60%
 1327252 848225  2162995.9118   100  3289541.0000  1336781.3546 11191941   59.36%
 1359564 868410  2003863.0769   114  3289541.0000  1347769.3581 11448328   59.03%
 1386134 888939  3122663.2978    88  3289541.0000  1356383.9699 11715295   58.77%
*1386214 885423      integral     0  3262515.0000  1356383.9699 11668892   58.43%
 1419270 898830  2793397.7571    99  3262515.0000  1363863.6410 11930739   58.20%
 1459555 927383  2826647.5748   102  3262515.0000  1378674.5914 12307255   57.74%
 1491189 948047  1962777.8027   105  3262515.0000  1384093.9618 12575116   57.58%
 1520762 967534  1806587.6943   112  3262515.0000  1392547.1924 12830573   57.32%
Elapsed time = 96.76 sec. (49999.64 ticks, tree = 518.52 MB, solutions = 4)
 1553534 986078  2485263.3664    94  3262515.0000  1400065.9066 13072030   57.09%
 1589560 1008899  2219530.3493    95  3262515.0000  1409692.3821 13367847   56.79%
 1620366 1026741  2555799.1380   112  3262515.0000  1415129.8800 13601102   56.62%
 1654031 1051425  1854943.9795   109  3262515.0000  1422599.4590 13924343   56.40%
 1688591 1074024  2913584.2040    69  3262515.0000  1433269.2346 14219963   56.07%
*1689457+1069067                      2800928.0000  1433269.2346            48.83%
 1709071 851066  1579981.6432   114  2800928.0000  1435684.2681 14398996   48.74%
 1724297 855735  1868667.3943   107  2800928.0000  1440552.5218 14473643   48.57%
 1755207 871402  1956988.9000   107  2800928.0000  1445572.8686 14722433   48.39%
 1791534 892950  2534023.0383    75  2800928.0000  1455414.5669 15061575   48.04%
 1827663 909727  1785487.6451   106  2800928.0000  1464623.9104 15324311   47.71%
Elapsed time = 115.74 sec. (59536.95 ticks, tree = 494.43 MB, solutions = 5)
 1855773 929710  1526206.5084   120  2800928.0000  1466925.8678 15636414   47.63%
 1886747 940860  1982409.7410   115  2800928.0000  1472417.6930 15810804   47.43%
 1924552 959556  2139070.2391   101  2800928.0000  1481118.2206 16105103   47.12%
 1955771 978838  1974692.6168   106  2800928.0000  1492357.1217 16411767   46.72%
 1989063 995596  2563441.9722    94  2800928.0000  1496486.3766 16675291   46.57%
 2028589 1013575  2743875.9520   111  2800928.0000  1504449.8666 16962822   46.29%
 2056415 1029645  2024735.7784   122  2800928.0000  1509921.2415 17217372   46.09%
 2087706 1046875  1938570.3982   108  2800928.0000  1519247.8511 17491542   45.76%
 2119514 1058446        cutoff        2800928.0000  1526776.0460 17678293   45.49%
 2158641 1081108  2247162.7602    86  2800928.0000  1534322.9199 18044668   45.22%
Elapsed time = 134.68 sec. (69074.16 ticks, tree = 575.66 MB, solutions = 5)
 2193097 1100168  1896588.6419   114  2800928.0000  1541351.2835 18350749   44.97%
 2220405 1109832  1701528.1494   101  2800928.0000  1548016.2721 18507741   44.73%
 2256723 1129094  2640164.9440    74  2800928.0000  1552326.3769 18820999   44.58%
 2287420 1149281        cutoff        2800928.0000  1560235.5658 19152571   44.30%
 2328497 1167704  1715645.6762   111  2800928.0000  1570374.9004 19459374   43.93%
 2358408 1181414  2796001.8927    98  2800928.0000  1575256.1185 19683763   43.76%
 2391368 1193447  1616203.1688   101  2800928.0000  1579508.9314 19880606   43.61%
 2420150 1211878  2380808.6091    97  2800928.0000  1586815.9454 20183480   43.35%
 2458402 1228074  2163971.2259    84  2800928.0000  1594886.5948 20448683   43.06%
 2495227 1243837        cutoff        2800928.0000  1599616.0433 20712111   42.89%
Elapsed time = 153.49 sec. (78611.18 ticks, tree = 667.72 MB, solutions = 5)
 2526627 1264576  2107458.4094   110  2800928.0000  1605455.4932 21056247   42.68%
 2555951 1277507  2248605.2069    94  2800928.0000  1609506.3044 21274819   42.54%
 2594310 1293319  1860376.2074   120  2800928.0000  1617368.1023 21541071   42.26%
 2624768 1305030  1737746.8677   114  2800928.0000  1621462.3613 21742909   42.11%
 2656846 1319878  2403568.1344    98  2800928.0000  1628883.4110 21996888   41.84%
 2694540 1342830  2765193.4861    97  2800928.0000  1639258.5447 22392756   41.47%
 2725566 1354542  2650513.4231    98  2800928.0000  1640597.0478 22593773   41.43%
 2762990 1374908  2794378.1325   105  2800928.0000  1646341.2568 22945055   41.22%
 2794993 1390555  2317109.2103   111  2800928.0000  1653997.9680 23214922   40.95%
 2930260 1445983  2382049.2808   105  2800928.0000  1672536.1522 24177402   40.29%
Elapsed time = 179.15 sec. (91009.40 ticks, tree = 779.39 MB, solutions = 5)
 3068534 1510905  2044591.1589   131  2800928.0000  1693546.6252 25320499   39.54%
 3201517 1571778  2551770.0471    86  2800928.0000  1713681.5706 26418690   38.82%
 3340378 1628562  2015010.9687    96  2800928.0000  1735846.7644 27444171   38.03%
 3469917 1680769  2269270.4172   117  2800928.0000  1752121.2160 28402079   37.44%
 3608699 1738531  2738419.8119    87  2800928.0000  1769036.5409 29478793   36.84%
 3751952 1801189  2617214.0019    96  2800928.0000  1787611.4042 30683575   36.18%
 3896887 1855185  2495702.9416   119  2800928.0000  1801981.6982 31742977   35.66%
 4030051 1913484  2443982.5472    92  2800928.0000  1816136.3357 32895106   35.16%
 4171465 1957798  1934032.4395   108  2800928.0000  1830987.1086 33791678   34.63%
 4307372 2019430        cutoff        2800928.0000  1844433.2922 35056871   34.15%
Elapsed time = 257.52 sec. (129156.62 ticks, tree = 1070.97 MB, solutions = 5)
 4445606 2062779  2245523.4120   107  2800928.0000  1859057.1805 35970412   33.63%
 4587221 2119492  2752974.4637    85  2800928.0000  1873157.7108 37176338   33.12%
 4722456 2164246  2519024.9801   103  2800928.0000  1883629.7858 38136389   32.75%
 4860664 2214026  2241374.5347    98  2800928.0000  1896571.9907 39233488   32.29%
 4997551 2258418  2472467.5626   106  2800928.0000  1908391.9367 40241034   31.87%
 5148384 2300606        cutoff        2800928.0000  1920656.6556 41189205   31.43%
 5289017 2352800        cutoff        2800928.0000  1932033.5124 42395078   31.02%
 5426595 2399029  2476090.4634    98  2800928.0000  1944249.4361 43484763   30.59%
 5567838 2439733  2433979.9811   120  2800928.0000  1953251.9661 44442248   30.26%
 5709520 2483916  2576254.7030    99  2800928.0000  1964382.9959 45493644   29.87%
Elapsed time = 338.86 sec. (167303.85 ticks, tree = 1347.08 MB, solutions = 5)
 5847124 2526353  2544350.2535    92  2800928.0000  1976131.6737 46517943   29.45%
 5993720 2565658  2254779.6785    92  2800928.0000  1987077.2178 47527037   29.06%
 6138192 2614783  2594493.3820   103  2800928.0000  1995643.2703 48790829   28.75%
 6278528 2650956  2348931.6072    89  2800928.0000  2004871.5601 49733518   28.42%
 6415030 2690836        cutoff        2800928.0000  2015206.0839 50785424   28.05%
 6562560 2734155  2787304.1628    87  2800928.0000  2023600.9168 51921986   27.75%
 6702481 2764158  2582010.5367   101  2800928.0000  2032210.2412 52719279   27.45%
 6852467 2801183  2447519.6735   102  2800928.0000  2043832.1882 53752610   27.03%
 6992586 2837446  2398330.8082    92  2800928.0000  2051477.7322 54743360   26.76%
 7144055 2878044        cutoff        2800928.0000  2059586.2945 55909280   26.47%
Elapsed time = 420.11 sec. (205451.10 ticks, tree = 1538.71 MB, solutions = 5)
 7287907 2917902  2734881.4919    87  2800928.0000  2067699.9785 57034804   26.18%
 7431673 2945673  2636848.5913    99  2800928.0000  2077143.5370 57872797   25.84%
 7576081 2979248        cutoff        2800928.0000  2084804.6014 58881176   25.57%
 7726569 3013318  2756426.7197    91  2800928.0000  2092513.4001 59885678   25.29%
 7872744 3044374  2675377.2267    93  2800928.0000  2100324.7905 60817542   25.01%
 8022260 3078878  2744305.3680    85  2800928.0000  2109546.5639 61831269   24.68%
 8165443 3112214  2500427.9735    95  2800928.0000  2115761.0799 62867568   24.46%
 8308407 3146208  2465082.6844    97  2800928.0000  2122706.9874 63955132   24.21%
 8477264 3175768  2608302.6895    94  2800928.0000  2129726.5366 64862303   23.96%
 8619533 3211068  2344229.3471   111  2800928.0000  2137327.5376 65962378   23.69%
Elapsed time = 501.96 sec. (243598.30 ticks, tree = 1734.52 MB, solutions = 5)
 8760397 3236737  2657973.6186    97  2800928.0000  2145362.5887 66858917   23.41%
 8908857 3267126  2636652.6608    99  2800928.0000  2152093.9343 67923915   23.16%
 9062355 3295256  2735638.0680    95  2800928.0000  2158319.2960 68937888   22.94%
 9215349 3316245  2454755.9435    99  2800928.0000  2166046.8363 69705700   22.67%
 9368224 3350936  2649167.7594    85  2800928.0000  2171654.2622 70933129   22.47%
 9521920 3368692  2696451.4675    80  2800928.0000  2178358.2392 71614441   22.23%
 9669406 3398766  2367474.4531   106  2800928.0000  2185677.2588 72725277   21.97%
 9812520 3421290  2432458.1443    97  2800928.0000  2190721.8600 73529325   21.79%
 9962286 3452154  2255738.7492   104  2800928.0000  2197126.1618 74723338   21.56%
 10118094 3480168        cutoff        2800928.0000  2203326.4158 75743511   21.34%
Elapsed time = 585.35 sec. (281745.65 ticks, tree = 1870.00 MB, solutions = 5)
 10285945 3498030  2540736.0039    87  2800928.0000  2210434.4824 76439356   21.08%
 10426892 3520893  2436039.1073   107  2800928.0000  2216013.0076 77311595   20.88%
 10580305 3543636  2754422.5783    94  2800928.0000  2221810.1881 78310842   20.68%
 10725865 3569665  2319203.6947    97  2800928.0000  2227038.2856 79458947   20.49%
 10878077 3594980  2787911.6531   104  2800928.0000  2232932.9305 80509669   20.28%
 11024281 3612052        cutoff        2800928.0000  2238421.4614 81346396   20.08%
 11178328 3629302        cutoff        2800928.0000  2244431.6604 82093135   19.87%
 11323533 3648926  2601115.3234    99  2800928.0000  2249567.0811 83151549   19.68%
 11467992 3667631  2764842.4096    84  2800928.0000  2256283.9188 84186758   19.45%
 11622381 3687939  2700588.7884    91  2800928.0000  2261374.5560 85300568   19.26%
Elapsed time = 670.63 sec. (319892.85 ticks, tree = 2013.35 MB, solutions = 5)
 11782660 3701561  2710321.9343    87  2800928.0000  2266014.3021 86003166   19.10%
 11930700 3719105  2513695.6760   110  2800928.0000  2272275.4447 87104250   18.87%
 12065151 3731203  2559596.4215   105  2800928.0000  2276647.7349 87884348   18.72%
 12226062 3745513  2709911.0165    88  2800928.0000  2283204.6098 88795079   18.48%
 12378249 3758310  2515540.5188    90  2800928.0000  2287949.4581 89582474   18.31%
 12518199 3770783        cutoff        2800928.0000  2291361.8391 90525653   18.19%
 12656884 3784502  2449174.4245    97  2800928.0000  2296284.6538 91724307   18.02%
 12812571 3791645  2764101.7907    66  2800928.0000  2302627.4028 92402056   17.79%
 12961298 3800148  2324769.0398    99  2800928.0000  2307086.1432 93287339   17.63%
 13099313 3812914  2633699.6235    94  2800928.0000  2311804.7887 94390784   17.46%
Elapsed time = 772.47 sec. (358039.98 ticks, tree = 2078.95 MB, solutions = 5)
Nodefile size = 30.99 MB (21.67 MB after compression)
 13252163 3821369  2758721.3122   107  2800928.0000  2317876.9611 95448466   17.25%
 13393195 3827077  2733058.4584    95  2800928.0000  2322825.1000 96095333   17.07%
 13529406 3832298  2394963.8939   106  2800928.0000  2327746.4272 96997322   16.89%
 13678404 3837106  2463554.1409   111  2800928.0000  2332326.0040 97782803   16.73%
 13824544 3842063  2600548.5760    92  2800928.0000  2337277.1966 99016263   16.55%
 13974647 3847596  2693562.1039    90  2800928.0000  2341212.0605 99750803   16.41%
 14117301 3852421  2368949.6295   101  2800928.0000  2346979.6048 1.01e+08   16.21%
 14274057 3857535  2559923.9062    92  2800928.0000  2350628.0769 1.01e+08   16.08%
 14409089 3862000  2793220.5643    83  2800928.0000  2355835.2896 1.03e+08   15.89%
 14556865 3862804        cutoff        2800928.0000  2360815.6330 1.03e+08   15.71%
Elapsed time = 883.65 sec. (396187.14 ticks, tree = 2107.22 MB, solutions = 5)
Nodefile size = 59.98 MB (41.97 MB after compression)
 14699625 3862608  2377161.8002   107  2800928.0000  2366083.8591 1.04e+08   15.53%
 14840007 3862377        cutoff        2800928.0000  2370051.6891 1.05e+08   15.38%
 14979821 3865088  2688023.7078    81  2800928.0000  2375347.9866 1.06e+08   15.19%
 15134171 3864470  2752321.6330   103  2800928.0000  2380395.6832 1.07e+08   15.01%
 15284352 3860018        cutoff        2800928.0000  2383771.4796 1.08e+08   14.89%
 15424279 3856103  2405197.5546    89  2800928.0000  2388188.0764 1.09e+08   14.74%
 15560528 3850693  2618677.7323    90  2800928.0000  2392812.4728 1.09e+08   14.57%
 15683506 3841836  2465182.6094   100  2800928.0000  2397667.9660 1.10e+08   14.40%
 15853318 3832806  2792282.7188    91  2800928.0000  2402408.4067 1.11e+08   14.23%
 15983130 3826457        cutoff        2800928.0000  2407391.3935 1.12e+08   14.05%
Elapsed time = 975.00 sec. (434334.22 ticks, tree = 2093.59 MB, solutions = 5)
Nodefile size = 62.98 MB (44.07 MB after compression)
 16121029 3818307  2637710.9121   100  2800928.0000  2412311.3935 1.13e+08   13.87%
 16259617 3806993        cutoff        2800928.0000  2416536.1208 1.14e+08   13.72%
 16403374 3794575  2755586.7010    96  2800928.0000  2421826.6564 1.14e+08   13.53%
 16541007 3778263  2721394.3774   112  2800928.0000  2426136.5674 1.15e+08   13.38%
 16674900 3764801  2593351.9485    89  2800928.0000  2430131.9964 1.16e+08   13.24%
 16809779 3744561  2718001.0513    88  2800928.0000  2435071.7778 1.17e+08   13.06%
 16950173 3727393  2688163.7331    98  2800928.0000  2439329.2652 1.18e+08   12.91%
 17093445 3702296  2659661.6459   113  2800928.0000  2443130.7367 1.19e+08   12.77%
 17225456 3689911  2682973.0022    89  2800928.0000  2448438.7415 1.19e+08   12.58%
 17361271 3662617        cutoff        2800928.0000  2452218.6882 1.20e+08   12.45%
Elapsed time = 1066.95 sec. (472481.53 ticks, tree = 2018.25 MB, solutions = 5)
Nodefile size = 62.98 MB (44.07 MB after compression)
 17494048 3641750  2766908.9138    99  2800928.0000  2457257.2678 1.21e+08   12.27%
 17620778 3619055  2692146.4559    81  2800928.0000  2462362.4118 1.22e+08   12.09%
 17765436 3594046  2599831.1062    94  2800928.0000  2467234.4691 1.23e+08   11.91%
 17904415 3571755  2631049.6907    97  2800928.0000  2471619.6762 1.23e+08   11.76%
 18036781 3548496        cutoff        2800928.0000  2476032.7724 1.24e+08   11.60%
 18173995 3521239        cutoff        2800928.0000  2480372.4087 1.25e+08   11.44%
 18297230 3479102  2692514.3610    93  2800928.0000  2483675.8003 1.26e+08   11.33%
 18427985 3450681        cutoff        2800928.0000  2490131.3065 1.26e+08   11.10%
 18563101 3406871        cutoff        2800928.0000  2494063.9884 1.27e+08   10.96%
 18696972 3367646        cutoff        2800928.0000  2499158.5523 1.28e+08   10.77%
Elapsed time = 1162.06 sec. (510628.71 ticks, tree = 1875.85 MB, solutions = 5)
Nodefile size = 62.98 MB (44.07 MB after compression)
 18826289 3346522  2557246.7053   124  2800928.0000  2503676.0460 1.29e+08   10.61%
 18958952 3312800  2757968.7646    84  2800928.0000  2507638.8014 1.29e+08   10.47%
 19087300 3267164        cutoff        2800928.0000  2511737.8411 1.30e+08   10.32%
 19216430 3228241  2787765.2956    66  2800928.0000  2515926.1805 1.31e+08   10.18%
 19341989 3190403        cutoff        2800928.0000  2521603.5490 1.32e+08    9.97%
 19472812 3153564        cutoff        2800928.0000  2524509.5143 1.33e+08    9.87%
 19600217 3116410        cutoff        2800928.0000  2530549.5320 1.33e+08    9.65%
 19731744 3066621        cutoff        2800928.0000  2534558.9068 1.34e+08    9.51%
 19849904 3025258  2652628.8904    96  2800928.0000  2538947.4940 1.35e+08    9.35%
 19987507 2975853  2738313.5568    78  2800928.0000  2544032.2504 1.36e+08    9.17%
Elapsed time = 1258.11 sec. (548775.93 ticks, tree = 1684.79 MB, solutions = 5)
Nodefile size = 62.98 MB (44.07 MB after compression)
 20110626 2956291  2784602.6722    83  2800928.0000  2548238.1103 1.36e+08    9.02%
 20237248 2890554  2782553.1391    90  2800928.0000  2552183.8005 1.37e+08    8.88%
 20367661 2861059        cutoff        2800928.0000  2557359.0383 1.37e+08    8.70%
 20484092 2796578  2794871.8167    77  2800928.0000  2561265.5222 1.38e+08    8.56%
 20607611 2763069  2579083.0964    92  2800928.0000  2566086.6678 1.39e+08    8.38%
 20733643 2706986        cutoff        2800928.0000  2570532.9977 1.39e+08    8.23%
 20865675 2650077        cutoff        2800928.0000  2575585.7494 1.40e+08    8.05%
 20983468 2610421        cutoff        2800928.0000  2580295.1080 1.41e+08    7.88%
 21110020 2555916  2705999.2309    89  2800928.0000  2584036.0963 1.41e+08    7.74%
 21227320 2506529        cutoff        2800928.0000  2588494.3878 1.42e+08    7.58%
Elapsed time = 1356.36 sec. (586923.23 ticks, tree = 1448.46 MB, solutions = 5)
Nodefile size = 62.98 MB (44.07 MB after compression)
 21344126 2442098        cutoff        2800928.0000  2593326.7238 1.43e+08    7.41%
 21469261 2396702        cutoff        2800928.0000  2597485.9385 1.43e+08    7.26%
 21594863 2332129        cutoff        2800928.0000  2601891.8619 1.44e+08    7.11%
 21720351 2286012        cutoff        2800928.0000  2606539.6930 1.44e+08    6.94%
 21839899 2220994  2740289.9956    84  2800928.0000  2611400.8481 1.45e+08    6.77%
 21960430 2178795        cutoff        2800928.0000  2616744.4227 1.46e+08    6.58%
 22073340 2100959        cutoff        2800928.0000  2620750.7023 1.46e+08    6.43%
 22204074 2057467        cutoff        2800928.0000  2625391.3508 1.47e+08    6.27%
 22324402 1986331  2752401.6743    86  2800928.0000  2630490.0372 1.47e+08    6.09%
 22445003 1940887  2679749.9216    78  2800928.0000  2634734.4950 1.48e+08    5.93%
Elapsed time = 1458.27 sec. (625070.48 ticks, tree = 1160.26 MB, solutions = 5)
Nodefile size = 62.98 MB (44.07 MB after compression)
 22561485 1855584        cutoff        2800928.0000  2639199.1942 1.49e+08    5.77%
 22672676 1796599        cutoff        2800928.0000  2644174.4720 1.49e+08    5.60%
 22796025 1740176  2767696.4477   103  2800928.0000  2648283.6762 1.50e+08    5.45%
 22908990 1686510  2759965.5920   100  2800928.0000  2653880.8635 1.50e+08    5.25%
 23034377 1595331  2706341.4813   104  2800928.0000  2658503.6008 1.51e+08    5.08%
 23146182 1528385        cutoff        2800928.0000  2663518.2852 1.51e+08    4.91%
 23262791 1464110        cutoff        2800928.0000  2668473.6380 1.52e+08    4.73%
 23378894 1415421        cutoff        2800928.0000  2673909.9016 1.52e+08    4.53%
 23488452 1325427  2739543.1197    88  2800928.0000  2680048.3042 1.53e+08    4.32%
 23604760 1280601  2746588.1914    92  2800928.0000  2685200.7610 1.53e+08    4.13%
Elapsed time = 1563.84 sec. (663217.80 ticks, tree = 835.13 MB, solutions = 5)
Nodefile size = 62.98 MB (44.07 MB after compression)
 23717235 1190783  2745467.8049    98  2800928.0000  2690682.6699 1.54e+08    3.94%
 23837165 1124844        cutoff        2800928.0000  2696565.6592 1.55e+08    3.73%
 23946372 1051661  2720026.1856    96  2800928.0000  2702233.4249 1.55e+08    3.52%
 24057040 996824        cutoff        2800928.0000  2708643.6866 1.56e+08    3.29%
 24167823 904575        cutoff        2800928.0000  2714870.6050 1.56e+08    3.07%
 24276780 844441  2731839.7427   102  2800928.0000  2720989.2696 1.57e+08    2.85%
 24385884 758981        cutoff        2800928.0000  2727375.1879 1.57e+08    2.63%
 24501677 684433  2766718.8982    91  2800928.0000  2733989.9589 1.58e+08    2.39%
 24605094 607567        cutoff        2800928.0000  2740564.5337 1.58e+08    2.16%
 24717006 525648  2798511.6388    80  2800928.0000  2748035.8068 1.59e+08    1.89%
Elapsed time = 1704.85 sec. (701365.05 ticks, tree = 471.04 MB, solutions = 5)
Nodefile size = 62.98 MB (44.07 MB after compression)
 24820448 448473        cutoff        2800928.0000  2754723.3082 1.59e+08    1.65%
 24927884 366810        cutoff        2800928.0000  2761993.0028 1.59e+08    1.39%
 25028061 303084        cutoff        2800928.0000  2770265.8090 1.60e+08    1.09%
 25136028 202774        cutoff        2800928.0000  2777665.5977 1.60e+08    0.83%
 25235895 117544        cutoff        2800928.0000  2785974.0954 1.61e+08    0.53%
 25340446 27320        cutoff        2800928.0000  2793421.8574 1.61e+08    0.27%

Clique cuts applied:  11
Cover cuts applied:  4
Mixed integer rounding cuts applied:  2
Gomory fractional cuts applied:  1

Root node processing (before b&c):
  Real time             =    0.29 sec. (41.05 ticks)
Parallel b&c, 32 threads:
  Real time             = 2137.87 sec. (727310.00 ticks)
  Sync time (average)   = 1304.64 sec.
  Wait time (average)   =    0.52 sec.
                          ------------
Total (root+branch&cut) = 2138.16 sec. (727351.06 ticks)

Solution pool: 5 solutions saved.

MIP - Integer optimal solution:  Objective =  2.8009280000e+06
Solution time = 2138.18 sec.  Iterations = 161090696  Nodes = 25370706
Deterministic time = 727351.06 ticks  (340.17 ticks/sec)

CPLEX> Incumbent solution written to file 'BKZ20-SVP_n43_seed3.sol'.
CPLEX> 