
Welcome to IBM(R) ILOG(R) CPLEX(R) Interactive Optimizer 12.8.0.0
  with Simplex, Mixed Integer & Barrier Optimizers
5725-A06 5725-A29 5724-Y48 5724-Y49 5724-Y54 5724-Y55 5655-Y21
Copyright IBM Corp. 1988, 2017.  All Rights Reserved.

Type 'help' for a list of available commands.
Type 'help' followed by a command name for more
information on commands.

CPLEX> New value for time limit in seconds: 86400
CPLEX> New value for mixed integer optimality gap tolerance: 1e-10
CPLEX> Problem 'BKZ20-SVP_n46_seed0.lp' read.
Read time = 0.00 sec. (0.16 ticks)
CPLEX> CPXPARAM_TimeLimit                               86400
CPXPARAM_MIP_Tolerances_MIPGap                   1e-10
Tried aggregator 2 times.
Aggregator did 46 substitutions.
Reduced MIQP has 231 rows, 476 columns, and 798 nonzeros.
Reduced MIQP has 338 binaries, 138 generals, 0 SOSs, and 0 indicators.
Reduced MIQP objective Q matrix has 2116 nonzeros.
Presolve time = 0.00 sec. (0.97 ticks)
Probing time = 0.00 sec. (0.41 ticks)
Tried aggregator 1 time.
Reduced MIQP has 231 rows, 476 columns, and 798 nonzeros.
Reduced MIQP has 338 binaries, 138 generals, 0 SOSs, and 0 indicators.
Reduced MIQP objective Q matrix has 2116 nonzeros.
Presolve time = 0.00 sec. (0.63 ticks)
Probing time = 0.00 sec. (0.41 ticks)
Clique table members: 778.
MIP emphasis: balance optimality and feasibility.
MIP search method: dynamic search.
Parallel mode: deterministic, using up to 32 threads.
Root relaxation solution time = 0.01 sec. (3.62 ticks)

        Nodes                                         Cuts/
   Node  Left     Objective  IInf  Best Integer    Best Bound    ItCnt     Gap

      0     0        0.0000    26                      0.0000       10         
*     0+    0                       3.54587e+08        0.0000           100.00%
      0     0        0.0000    34   3.54587e+08      Cuts: 54       40  100.00%
*     0+    0                       8.20018e+07        0.0000           100.00%
*     0+    0                      3486013.0000        0.0000           100.00%
      0     2        0.0000    34  3486013.0000        0.0000       40  100.00%
Elapsed time = 0.37 sec. (43.15 ticks, tree = 0.01 MB, solutions = 3)
*   390+  142                      3298886.0000        0.0000           100.00%
*  2955+ 2000                      2989371.0000        0.0000           100.00%
   5657  3870  2787780.0759    66  2989371.0000        0.0000    51085  100.00%
   9360  6285        0.0000     5  2989371.0000        0.0000    85669  100.00%
  12408  8098  1359827.3948    90  2989371.0000        0.0000   116134  100.00%
  15257  9892  2583746.1063    66  2989371.0000        0.0000   152081  100.00%
  16081  1419   170355.7773   161  2989371.0000        0.0000   166692  100.00%
  17899  1265  2572461.9969    72  2989371.0000        0.0000   180187  100.00%
  19789  2592  1640563.1958    68  2989371.0000        0.0000   187549  100.00%
  20786  3648  2051731.0943   106  2989371.0000        0.0000   193984  100.00%
  23116  5221   385497.3720    54  2989371.0000        0.0000   204563  100.00%
  47893 21747  2955749.5949    65  2989371.0000        0.0000   352366  100.00%
Elapsed time = 6.82 sec. (3146.27 ticks, tree = 13.27 MB, solutions = 6)
  76248 40883        cutoff        2989371.0000        0.0000   564795  100.00%
 103370 58450   863024.6865   101  2989371.0000        0.0000   768022  100.00%
 130514 73104   594964.8490    38  2989371.0000        0.0000   953345  100.00%
 155943 89875  2243110.7685    75  2989371.0000        0.0000  1179851  100.00%
 178059 103693   489567.6468   118  2989371.0000        0.0000  1363948  100.00%
 194806 112660  1998724.2867    74  2989371.0000        0.0000  1487243  100.00%
 215584 124054  2970674.3650    58  2989371.0000        0.0000  1646765  100.00%
 238708 138035  1701731.4803    80  2989371.0000        0.0000  1850444  100.00%
 260079 152299  2884903.5036    70  2989371.0000        0.0000  2065397  100.00%
 282631 165916        cutoff        2989371.0000        0.0000  2266124  100.00%
Elapsed time = 24.11 sec. (12683.17 ticks, tree = 102.26 MB, solutions = 6)
 300836 175985   113966.1443   125  2989371.0000        0.0000  2428528  100.00%
 322162 188041  2150919.8618    86  2989371.0000        0.0000  2608147  100.00%
 342175 200024   735361.9568   100  2989371.0000        0.0000  2796960  100.00%
 363067 210120        cutoff        2989371.0000        0.0000  2957417  100.00%
 383143 222759  1218323.5888   100  2989371.0000        0.0000  3164214  100.00%
 402822 233154  2505705.2550    72  2989371.0000        0.0000  3329023  100.00%
 421146 241047  2333871.6319    79  2989371.0000        0.0000  3482469  100.00%
 442207 254205  1832937.8472    80  2989371.0000        0.0000  3705487  100.00%
 461531 265701  2504698.0814    79  2989371.0000        0.0000  3906176  100.00%
 481862 273787  2674092.0308    69  2989371.0000        0.0000  4059308  100.00%
Elapsed time = 41.19 sec. (22220.33 ticks, tree = 172.35 MB, solutions = 6)
 502101 286072        cutoff        2989371.0000        0.0000  4262752  100.00%
 522033 298440  1555497.6825    92  2989371.0000        0.0000  4445416  100.00%
 545312 313750        cutoff        2989371.0000        0.0000  4674608  100.00%
 566895 326851  2753872.1157    64  2989371.0000        0.0000  4862290  100.00%
 587118 336766  2073468.4712    70  2989371.0000        0.0000  5001993  100.00%
 606117 344789  1341890.1256    57  2989371.0000    33435.0936  5127623   98.88%
 624873 354855  2598331.1397    53  2989371.0000    46071.9016  5305657   98.46%
 645230 360467  2465123.9743    33  2989371.0000    68987.6380  5423632   97.69%
 662754 366142        cutoff        2989371.0000    82806.9589  5562481   97.23%
 682075 371063        cutoff        2989371.0000   107789.9945  5710820   96.39%
Elapsed time = 59.22 sec. (31757.47 ticks, tree = 231.31 MB, solutions = 6)
 700250 374612   958706.7072    63  2989371.0000   124413.1083  5841828   95.84%
 721101 379926        cutoff        2989371.0000   151264.6680  6038887   94.94%
 738511 383035  1968066.7980   112  2989371.0000   159263.5798  6169347   94.67%
 757898 386646  1407782.6973   102  2989371.0000   228920.2117  6321306   92.34%
 779301 391797        cutoff        2989371.0000   261173.5822  6498555   91.26%
 800541 398489  2745787.9322   107  2989371.0000   322500.3450  6689811   89.21%
 821419 407125  1052965.2229   123  2989371.0000   347324.5658  6884510   88.38%
 845631 419680   829588.9864   110  2989371.0000   404701.1610  7136726   86.46%
 868206 428224  2019712.8518    62  2989371.0000   420088.7919  7288600   85.95%
 892979 441310   987044.2409   108  2989371.0000   496204.1041  7527822   83.40%
Elapsed time = 77.20 sec. (41294.85 ticks, tree = 271.25 MB, solutions = 6)
 916687 455040  1075448.0042   115  2989371.0000   541634.9184  7760401   81.88%
 941348 467587  2678444.5712    90  2989371.0000   573207.7101  7965978   80.83%
 967137 481285  2032451.0118   104  2989371.0000   617781.5895  8183809   79.33%
 990382 493952  1939493.2496   119  2989371.0000   633411.2140  8379409   78.81%
 1012685 507241        cutoff        2989371.0000   664918.6214  8592651   77.76%
 1040797 522678  1687164.1512   101  2989371.0000   676256.5093  8823777   77.38%
 1063118 539297        cutoff        2989371.0000   708673.3755  9078016   76.29%
 1087091 553513  2641453.6237    96  2989371.0000   738433.6646  9295444   75.30%
 1112771 570745  1894199.0446   112  2989371.0000   756783.3950  9557010   74.68%
 1137089 583220  2254534.9677    89  2989371.0000   761002.2930  9738885   74.54%
Elapsed time = 95.26 sec. (50831.90 ticks, tree = 352.78 MB, solutions = 6)
 1163527 596896  1800939.8399    89  2989371.0000   785530.2819  9936945   73.72%
 1189290 613955  1337728.2176   124  2989371.0000   807852.0309 10190842   72.98%
 1211975 630138   841192.5549   131  2989371.0000   813345.8313 10424226   72.79%
 1238277 644920  1640700.4211    66  2989371.0000   835702.9688 10638728   72.04%
 1261652 660096  1999060.6869   122  2989371.0000   843218.2335 10858932   71.79%
 1289303 668397  1982710.5032    83  2989371.0000   854846.6734 10980726   71.40%
 1310724 685310  2817689.0432   101  2989371.0000   868575.6551 11225756   70.94%
 1337080 702364  1447029.5343   122  2989371.0000   888507.6536 11471831   70.28%
 1363891 715169  1361186.5038   105  2989371.0000   898574.3386 11653907   69.94%
 1386942 731893  2225446.9135    96  2989371.0000   908887.1834 11890160   69.60%
Elapsed time = 113.58 sec. (60368.83 ticks, tree = 437.40 MB, solutions = 6)
 1411428 747402  2190169.2702   105  2989371.0000   915671.8908 12115049   69.37%
 1438091 766979  2662167.1816    94  2989371.0000   927115.4502 12391921   68.99%
 1465079 782897  2397580.6388    92  2989371.0000   939872.3020 12612775   68.56%
 1489989 798295  1749230.2170    89  2989371.0000   947304.5306 12823828   68.31%
 1516533 812741  1277349.4062    96  2989371.0000   957497.0025 13021469   67.97%
 1540719 830590  1852300.4981   105  2989371.0000   969171.8991 13270711   67.58%
 1566608 843531  1147236.0028   129  2989371.0000   977731.8244 13450683   67.29%
 1592010 855492  2343076.4884   108  2989371.0000   984394.0076 13622247   67.07%
 1616671 874802  2808514.8533    75  2989371.0000   994523.7679 13892589   66.73%
 1645474 889177  2549540.7715    99  2989371.0000  1002902.5179 14091211   66.45%
Elapsed time = 131.96 sec. (69905.76 ticks, tree = 525.56 MB, solutions = 6)
 1671089 907905  2103749.7548   127  2989371.0000  1009322.7214 14347731   66.24%
 1696685 925299  2016559.3909   109  2989371.0000  1017437.2894 14591524   65.96%
 1723574 936986  2966559.8613    84  2989371.0000  1027009.6829 14754578   65.64%
 1748019 954453  2458947.7799   101  2989371.0000  1029952.8081 14998777   65.55%
 1773813 966313  1532045.6684   125  2989371.0000  1038023.3353 15167746   65.28%
 1800483 989033        cutoff        2989371.0000  1049599.4349 15487556   64.89%
 1826118 1003613  2203499.9830   101  2989371.0000  1056361.8086 15686959   64.66%
 1853138 1019512  2274690.4763    87  2989371.0000  1062815.5308 15908579   64.45%
 1880944 1031746  2963022.3865    79  2989371.0000  1067845.6932 16078929   64.28%
 1904320 1046215  2662402.1524   100  2989371.0000  1077059.8178 16280030   63.97%
Elapsed time = 150.22 sec. (79442.89 ticks, tree = 615.28 MB, solutions = 6)
 1930769 1060676  2894226.1474    82  2989371.0000  1083874.3782 16482831   63.74%
 1957539 1081151  2370129.2604   106  2989371.0000  1088387.7570 16777854   63.59%
 1984505 1092776  2697124.4468    99  2989371.0000  1093850.2744 16939167   63.41%
 2008184 1108535  2694910.5665   110  2989371.0000  1100421.2568 17155726   63.19%
 2037826 1130463  2229209.8906   102  2989371.0000  1109612.7537 17456650   62.88%
 2064906 1141959  1135257.2133   122  2989371.0000  1114132.5415 17618208   62.73%
 2090415 1157216  1842543.3688   107  2989371.0000  1118585.3912 17828830   62.58%
 2117076 1168735  1461657.1933    92  2989371.0000  1128539.5946 17987324   62.25%
 2144209 1194300        cutoff        2989371.0000  1132472.0118 18340074   62.12%
 2253394 1252179  2705462.0893    99  2989371.0000  1151937.1401 19153135   61.47%
Elapsed time = 174.59 sec. (91841.03 ticks, tree = 733.29 MB, solutions = 6)
 2358517 1316532  1987289.5691   100  2989371.0000  1175659.1650 20062484   60.67%
 2468221 1377209  1456722.7320   114  2989371.0000  1196966.4803 20915028   59.96%
 2574074 1441389  2450844.0934    82  2989371.0000  1214513.1303 21835680   59.37%
 2684475 1507722  1989576.4891   118  2989371.0000  1235080.8783 22775388   58.68%
 2793360 1561868  1651625.6529    95  2989371.0000  1254175.3004 23559550   58.05%
 2902820 1629270  2431074.8581   106  2989371.0000  1269854.9940 24526626   57.52%
 3012804 1682720  2112800.3770    88  2989371.0000  1285898.0827 25301095   56.98%
 3121289 1750668  2149933.3941   115  2989371.0000  1302587.8476 26270778   56.43%
 3226150 1806151  2846666.1936    85  2989371.0000  1316015.1505 27078207   55.98%
 3346764 1871701  2385357.9693    70  2989371.0000  1331906.4736 28024127   55.45%
Elapsed time = 250.24 sec. (129988.33 ticks, tree = 1079.97 MB, solutions = 6)
 3450021 1932204  2801961.8208    85  2989371.0000  1346815.2813 28897348   54.95%
 3566347 1995016  2139040.5232   125  2989371.0000  1361748.7310 29812350   54.45%
 3680191 2054674  2967397.1161   103  2989371.0000  1374083.8478 30679877   54.03%
 3787619 2109789  2937687.0032    92  2989371.0000  1385325.6358 31500330   53.66%
 3905127 2180693  1443728.3328   111  2989371.0000  1397890.2163 32541820   53.24%
 4016812 2234652        cutoff        2989371.0000  1410346.5520 33340048   52.82%
 4125149 2296383  1776510.0643   135  2989371.0000  1420426.1258 34259657   52.48%
 4243593 2350896  1963980.5478   107  2989371.0000  1434546.8979 35060959   52.01%
 4352448 2414494  2601116.0978   105  2989371.0000  1443798.0413 36005145   51.70%
 4469525 2464525  2031235.1241   114  2989371.0000  1455167.9908 36764948   51.32%
Elapsed time = 327.84 sec. (168135.74 ticks, tree = 1434.89 MB, solutions = 6)
 4585049 2530320  1607140.7165   118  2989371.0000  1465815.5207 37744541   50.97%
 4691920 2596904  2640048.0945   110  2989371.0000  1475201.6700 38737497   50.65%
 4818083 2645487  2899344.6525   103  2989371.0000  1485730.4476 39462745   50.30%
 4929130 2715133  2865213.8005   114  2989371.0000  1494323.2234 40530745   50.01%
 5035309 2772077  1633533.9535   111  2989371.0000  1504781.5016 41403540   49.66%
 5151606 2823479  2570654.1978   102  2989371.0000  1513595.8768 42179276   49.37%
 5273839 2880571        cutoff        2989371.0000  1524687.7398 43058986   49.00%
 5395057 2937951  2313860.7948   109  2989371.0000  1531460.5498 43940854   48.77%
 5503010 3003699  2401361.3804   104  2989371.0000  1540218.3559 44951088   48.48%
 5614030 3058115  2517616.4278    93  2989371.0000  1549094.4204 45805948   48.18%
Elapsed time = 406.44 sec. (206283.47 ticks, tree = 1766.34 MB, solutions = 6)
 5728944 3122118  2260570.4755   131  2989371.0000  1557119.2519 46798582   47.91%
 5853366 3174679        cutoff        2989371.0000  1566650.9961 47612043   47.59%
 5969644 3233752  2835948.8240    84  2989371.0000  1573962.9789 48538232   47.35%
 6084019 3289635  1835051.4660   130  2989371.0000  1582757.3328 49410288   47.05%
 6202999 3344326  2780548.6267   128  2989371.0000  1590077.9786 50256713   46.81%
 6321555 3406736  1866693.2222   119  2989371.0000  1597599.1930 51227452   46.56%
 6439593 3455267  2514976.9719   129  2989371.0000  1606356.0017 52000411   46.26%
 6555168 3517195  1812163.4311   109  2989371.0000  1613299.3267 52970676   46.03%
 6665841 3583046  2211279.0498   113  2989371.0000  1620420.3827 54000251   45.79%
 6776120 3628190  2556962.9846   110  2989371.0000  1626482.7748 54712548   45.59%
Elapsed time = 499.49 sec. (244430.70 ticks, tree = 2092.75 MB, solutions = 6)
Nodefile size = 45.99 MB (29.82 MB after compression)
 6888483 3683008        cutoff        2989371.0000  1633850.4626 55574506   45.34%
 7001661 3738222        cutoff        2989371.0000  1640452.3915 56450344   45.12%
 7115133 3796455  2510281.9908   115  2989371.0000  1647103.8155 57381922   44.90%
 7227831 3847901  1701718.5194   106  2989371.0000  1653529.3657 58212232   44.69%
 7340904 3893397  2926996.5383   125  2989371.0000  1659172.9706 58963450   44.50%
 7452555 3947146  2951163.1050   101  2989371.0000  1666361.2976 59833940   44.26%
 7569744 4001737        cutoff        2989371.0000  1672809.3248 60735732   44.04%
 7682432 4059364  2331039.8301    99  2989371.0000  1678492.7561 61668151   43.85%
 7802613 4111345  1853430.4055   125  2989371.0000  1685407.1038 62483764   43.62%
 7918638 4162838  1912645.0882    92  2989371.0000  1691211.7055 63337544   43.43%
Elapsed time = 644.08 sec. (282578.03 ticks, tree = 2367.23 MB, solutions = 6)
Nodefile size = 319.92 MB (208.86 MB after compression)
 8028509 4213551  2175700.7046   101  2989371.0000  1697113.1227 64169255   43.23%
 8147907 4260240  2526114.2868   115  2989371.0000  1702954.1116 64934277   43.03%
 8268516 4320567  2445554.6530   104  2989371.0000  1708561.2977 65918082   42.85%
 8379541 4363649  2241680.4523    98  2989371.0000  1714253.4336 66648407   42.66%
 8493396 4423860  2146897.9813    88  2989371.0000  1719825.6549 67632316   42.47%
 8609749 4472843  2681985.9748   101  2989371.0000  1725427.1500 68428764   42.28%
 8732399 4523894  2679520.2083    81  2989371.0000  1731272.8702 69256107   42.09%
 8849723 4585761  2575012.7261    97  2989371.0000  1735882.7153 70302352   41.93%
 8956899 4633125        cutoff        2989371.0000  1741593.1480 71099325   41.74%
 9073928 4694119  1896514.0987   101  2989371.0000  1747043.8548 72162630   41.56%
Elapsed time = 797.46 sec. (320725.43 ticks, tree = 2633.48 MB, solutions = 6)
Nodefile size = 585.85 MB (383.34 MB after compression)
 9198605 4724429  2199378.4326    70  2989371.0000  1752146.8536 72702717   41.39%
 9318774 4783503  2563512.3740    94  2989371.0000  1757688.0471 73757192   41.20%
 9438211 4837945  2413904.2804    87  2989371.0000  1762331.0345 74724362   41.05%
 9548505 4881938  2952384.7573    94  2989371.0000  1768220.7711 75509834   40.85%
 9668199 4934180  2153347.5169   113  2989371.0000  1772236.8006 76442074   40.72%
 9788186 4976312  2961237.2391   107  2989371.0000  1778121.0353 77217441   40.52%
 9905627 5032927  2363215.0845   116  2989371.0000  1783094.0512 78219572   40.35%
 10023322 5085975  2803344.8552   108  2989371.0000  1788029.8877 79190473   40.19%
 10143776 5121467  1844316.4925   110  2989371.0000  1792927.8944 79845934   40.02%
 10255424 5170386        cutoff        2989371.0000  1798145.8396 80730040   39.85%
Elapsed time = 954.59 sec. (358872.67 ticks, tree = 2881.80 MB, solutions = 6)
Nodefile size = 834.78 MB (547.24 MB after compression)
 10379552 5209405  2815262.4593    93  2989371.0000  1802648.0100 81454938   39.70%
 10501572 5265574  2230522.1501   110  2989371.0000  1807167.6219 82485178   39.55%
 10619479 5308606  2616341.2264    86  2989371.0000  1811901.9632 83238035   39.39%
 10742334 5365897  2370877.5929    87  2989371.0000  1815986.2366 84266685   39.25%
 10855052 5409901        cutoff        2989371.0000  1821118.2801 85036821   39.08%
 10978221 5463193  2517858.3146    73  2989371.0000  1826340.8766 86023142   38.91%
 11103466 5503942  2699046.5652    89  2989371.0000  1830320.4611 86762392   38.77%
 11223269 5558509  2770892.1336    99  2989371.0000  1834973.5674 87743240   38.62%
 11346467 5608392  2822312.5346   100  2989371.0000  1839801.5054 88676879   38.46%
 11469247 5651725  2557860.5700    90  2989371.0000  1843753.7988 89427709   38.32%
Elapsed time = 1114.29 sec. (397019.88 ticks, tree = 3129.71 MB, solutions = 6)
Nodefile size = 1081.71 MB (709.96 MB after compression)
 11586229 5711224  2311258.5623    82  2989371.0000  1848315.7538 90551137   38.17%
 11701196 5759167  1899452.6995   104  2989371.0000  1852876.4099 91437875   38.02%
 11830745 5798066  2555321.6576   112  2989371.0000  1857214.6816 92167550   37.87%
 11946746 5850634        cutoff        2989371.0000  1861579.8916 93094663   37.73%
 12072572 5900615  2961681.8154    96  2989371.0000  1865734.4347 93976858   37.59%
 12198131 5935628        cutoff        2989371.0000  1869351.0375 94627444   37.47%
 12321777 5994624  1907078.3776   126  2989371.0000  1873260.5638 95697773   37.34%
 12446156 6034080  2054657.5733    95  2989371.0000  1877489.9432 96421605   37.19%
 12571074 6089386  2450780.9638   119  2989371.0000  1881712.4659 97413708   37.05%
 12691580 6138820  1976861.1539   115  2989371.0000  1885346.2396 98298513   36.93%
Elapsed time = 1278.55 sec. (435167.09 ticks, tree = 3378.06 MB, solutions = 6)
Nodefile size = 1330.65 MB (874.27 MB after compression)
 12812523 6184493  1958154.4142   108  2989371.0000  1889371.1651 99095921   36.80%
 12940000 6239808        cutoff        2989371.0000  1892851.5786 1.00e+08   36.68%
 13075680 6283008  2521087.4208   119  2989371.0000  1897192.1525 1.01e+08   36.54%
 13193845 6334110  2794149.5190    89  2989371.0000  1901054.0878 1.02e+08   36.41%
 13323281 6389968  2635946.5604    81  2989371.0000  1905062.6934 1.03e+08   36.27%
 13440469 6435660  2900465.7097   101  2989371.0000  1908729.0511 1.04e+08   36.15%
 13569689 6480301  1957979.7771   117  2989371.0000  1912320.6277 1.04e+08   36.03%
 13690586 6514540  2759019.2140    90  2989371.0000  1916007.2601 1.05e+08   35.91%
 13824465 6565250  2483740.2438    84  2989371.0000  1919459.6813 1.06e+08   35.79%
 13951794 6615558        cutoff        2989371.0000  1923640.5855 1.07e+08   35.65%
Elapsed time = 1445.49 sec. (473314.40 ticks, tree = 3628.08 MB, solutions = 6)
Nodefile size = 1580.59 MB (1039.05 MB after compression)
 14079653 6675779  2517411.9353    66  2989371.0000  1927234.8701 1.08e+08   35.53%
 14207560 6718490  2478118.1435    81  2989371.0000  1930616.8445 1.09e+08   35.42%
 14328408 6767873  2842655.4016   111  2989371.0000  1933543.9811 1.10e+08   35.32%
 14448800 6808990  2684634.2447    92  2989371.0000  1937366.9826 1.10e+08   35.19%
 14584628 6861494  2864929.6578    89  2989371.0000  1941280.8618 1.11e+08   35.06%
 14715616 6904919  2021472.4274    99  2989371.0000  1944420.6314 1.12e+08   34.96%
 14846837 6953259  2217204.6932   112  2989371.0000  1947959.4389 1.13e+08   34.84%
 14964151 7008756        cutoff        2989371.0000  1951587.8500 1.14e+08   34.72%
 15087614 7068374  2961808.3695    94  2989371.0000  1954588.0470 1.15e+08   34.62%
 15221524 7114404  2703678.8780    82  2989371.0000  1958180.0299 1.16e+08   34.50%
Elapsed time = 1614.16 sec. (511461.68 ticks, tree = 3879.41 MB, solutions = 6)
Nodefile size = 1831.52 MB (1204.54 MB after compression)
 15354180 7160485  2789433.3553   104  2989371.0000  1961576.9285 1.17e+08   34.38%
 15465711 7199457  1991501.6745   127  2989371.0000  1965153.4544 1.17e+08   34.26%
 15602467 7242870  2626733.0169   112  2989371.0000  1968831.4198 1.18e+08   34.14%
 15728906 7278435  2330000.0947   127  2989371.0000  1971904.1418 1.19e+08   34.04%
 15864430 7322211  2831191.6511    89  2989371.0000  1975325.8733 1.20e+08   33.92%
 15982667 7374879  2380036.4419   115  2989371.0000  1978528.8188 1.21e+08   33.81%
 16107883 7431718  2915075.7200    86  2989371.0000  1982060.0924 1.22e+08   33.70%
 16239735 7478338  2020634.1003   107  2989371.0000  1984887.2887 1.23e+08   33.60%
 16358934 7519080  2289566.6641    99  2989371.0000  1988422.9200 1.24e+08   33.48%
 16486795 7571520  2423063.7601   127  2989371.0000  1991882.5185 1.25e+08   33.37%
Elapsed time = 1776.36 sec. (549608.84 ticks, tree = 4114.10 MB, solutions = 6)
Nodefile size = 2066.46 MB (1360.00 MB after compression)
 16619454 7603294  2647888.0663   104  2989371.0000  1995459.0754 1.25e+08   33.25%
 16748750 7650348  2218793.6231   101  2989371.0000  1998128.5501 1.26e+08   33.16%
 16875739 7682293  2102616.9317    93  2989371.0000  2001409.8888 1.27e+08   33.05%
 17008013 7747309  2796860.1946   118  2989371.0000  2004838.7341 1.28e+08   32.93%
 17123715 7778824  2913666.4584    94  2989371.0000  2008220.2516 1.29e+08   32.82%
 17255801 7836274  2494036.5306   106  2989371.0000  2011135.8929 1.30e+08   32.72%
 17380288 7868492  2830327.0329    97  2989371.0000  2014266.4257 1.30e+08   32.62%
 17510790 7917162  2953538.1704    98  2989371.0000  2017375.5032 1.31e+08   32.52%
 17639219 7951302  2843527.0196   112  2989371.0000  2020556.8475 1.32e+08   32.41%
 17765010 7994353  2277144.3505   112  2989371.0000  2023605.1202 1.33e+08   32.31%
Elapsed time = 1936.52 sec. (587756.10 ticks, tree = 4343.40 MB, solutions = 6)
Nodefile size = 2295.40 MB (1511.45 MB after compression)
 17896861 8037225  2449989.9937   111  2989371.0000  2026468.1517 1.34e+08   32.21%
 18021971 8075903  2935922.1617    77  2989371.0000  2029620.4950 1.35e+08   32.11%
 18152004 8119513  2946106.9240    75  2989371.0000  2033004.1524 1.36e+08   31.99%
 18276477 8174825  2845683.5019    94  2989371.0000  2035892.6806 1.37e+08   31.90%
 18397467 8212134  2667605.3856   128  2989371.0000  2039246.7170 1.37e+08   31.78%
 18528304 8256819  2344861.9456   120  2989371.0000  2041943.3145 1.38e+08   31.69%
 18658059 8297352        cutoff        2989371.0000  2044562.3246 1.39e+08   31.61%
 18788557 8339486  2572940.4048    83  2989371.0000  2047570.8370 1.40e+08   31.50%
 18909995 8375875  2806012.0722    89  2989371.0000  2050733.9346 1.41e+08   31.40%
 19044762 8426914  2204557.1325   109  2989371.0000  2053971.3033 1.42e+08   31.29%
Elapsed time = 2093.85 sec. (625903.42 ticks, tree = 4558.41 MB, solutions = 6)
Nodefile size = 2511.34 MB (1654.65 MB after compression)
 19168827 8461846  2666352.8733    59  2989371.0000  2056633.7850 1.43e+08   31.20%
 19305168 8508667  2768594.3040    85  2989371.0000  2059506.5247 1.44e+08   31.11%
 19419140 8550460        cutoff        2989371.0000  2062739.9238 1.45e+08   31.00%
 19555122 8565155        cutoff        2989371.0000  2065153.2626 1.45e+08   30.92%
 19683960 8612210  2302903.4697   122  2989371.0000  2067931.5731 1.46e+08   30.82%
 19800282 8661890  2555430.1374   105  2989371.0000  2070913.0514 1.47e+08   30.72%
 19935509 8684672  2216144.6298   107  2989371.0000  2074105.2541 1.48e+08   30.62%
 20065819 8731309  2353047.4405   113  2989371.0000  2076780.0770 1.49e+08   30.53%
 20192667 8778325  2982672.4908   112  2989371.0000  2079553.3410 1.50e+08   30.44%
 20323487 8817872  2164313.5031   101  2989371.0000  2082796.8885 1.51e+08   30.33%
Elapsed time = 2254.65 sec. (664050.88 ticks, tree = 4768.01 MB, solutions = 6)
Nodefile size = 2720.29 MB (1793.26 MB after compression)
 20446028 8850194  2639522.2945   108  2989371.0000  2085688.0440 1.51e+08   30.23%
 20564570 8902023  2633689.6697   103  2989371.0000  2088406.3399 1.53e+08   30.14%
 20700185 8940296  2978113.1046    83  2989371.0000  2090659.3678 1.53e+08   30.06%
 20835463 8967634        cutoff        2989371.0000  2093362.3553 1.54e+08   29.97%
 20960129 9012435  2343028.8737   103  2989371.0000  2096660.8655 1.55e+08   29.86%
 21093905 9052051  2332338.0063   104  2989371.0000  2099147.0041 1.56e+08   29.78%
 21221512 9090471  2919867.8083    94  2989371.0000  2101850.0780 1.57e+08   29.69%
 21336665 9133818        cutoff        2989371.0000  2104651.6035 1.58e+08   29.60%
 21480939 9158536  2728948.9804    86  2989371.0000  2107614.7794 1.58e+08   29.50%
 21595126 9206277  2705643.9637    98  2989371.0000  2109927.0830 1.59e+08   29.42%
Elapsed time = 2413.42 sec. (702198.13 ticks, tree = 4967.29 MB, solutions = 6)
Nodefile size = 2920.24 MB (1926.21 MB after compression)
 21730864 9247635  2496735.1558   107  2989371.0000  2112947.0639 1.60e+08   29.32%
 21864361 9280166        cutoff        2989371.0000  2115412.6786 1.61e+08   29.24%
 21994782 9316489  2339324.9928   105  2989371.0000  2118004.1233 1.62e+08   29.15%
 22121284 9348916  2581207.9788   115  2989371.0000  2120552.8865 1.63e+08   29.06%
 22250254 9381873  2296634.9217   107  2989371.0000  2123139.3333 1.64e+08   28.98%
 22383480 9425606  2666232.6333    86  2989371.0000  2125976.4961 1.65e+08   28.88%
 22503794 9455849  2870546.7024    79  2989371.0000  2128466.6720 1.65e+08   28.80%
 22638227 9491302  2677601.7303    93  2989371.0000  2131238.4498 1.66e+08   28.71%
 22775598 9527338        cutoff        2989371.0000  2133560.1507 1.67e+08   28.63%
 22896491 9581705  2555034.3941    94  2989371.0000  2136284.7974 1.68e+08   28.54%
Elapsed time = 2565.84 sec. (740345.32 ticks, tree = 5162.18 MB, solutions = 6)
Nodefile size = 3114.18 MB (2055.29 MB after compression)
 23032731 9602191  2650980.0762    87  2989371.0000  2138823.4310 1.69e+08   28.45%
 23160274 9649875  2763545.4395   106  2989371.0000  2141555.2280 1.70e+08   28.36%
 23291904 9684506  2517690.0521    78  2989371.0000  2143987.9050 1.71e+08   28.28%
 23417678 9727773        cutoff        2989371.0000  2146209.5682 1.72e+08   28.21%
 23535713 9753698  2797912.0663   107  2989371.0000  2148771.2987 1.72e+08   28.12%
 23667817 9786143  2352761.9433   141  2989371.0000  2151170.7395 1.73e+08   28.04%
 23798753 9813813  2231616.8863   121  2989371.0000  2153979.7626 1.74e+08   27.95%
 23928702 9860394        cutoff        2989371.0000  2156391.9580 1.75e+08   27.86%
 24059069 9886789  2298360.5039   105  2989371.0000  2159021.6703 1.76e+08   27.78%
 24192666 9931728        cutoff        2989371.0000  2161549.5855 1.77e+08   27.69%
Elapsed time = 2717.05 sec. (778492.64 ticks, tree = 5346.48 MB, solutions = 6)
Nodefile size = 3299.14 MB (2178.49 MB after compression)
 24323426 9963408  2444457.3786   101  2989371.0000  2162994.7692 1.78e+08   27.64%
 24445281 10000894        cutoff        2989371.0000  2165852.0268 1.79e+08   27.55%
 24582546 10019252  2896430.3730    93  2989371.0000  2168961.8604 1.79e+08   27.44%
 24705709 10054846        cutoff        2989371.0000  2171495.5184 1.80e+08   27.36%
 24840514 10089326  2181159.1589   117  2989371.0000  2173847.7589 1.81e+08   27.28%
 24965952 10136136        cutoff        2989371.0000  2176379.9206 1.82e+08   27.20%
 25098121 10172665  2305755.5170   117  2989371.0000  2178199.1166 1.83e+08   27.14%
 25235706 10200983  2627846.3227   105  2989371.0000  2180722.1029 1.84e+08   27.05%
 25363918 10229887  2708894.2820    99  2989371.0000  2183040.0624 1.85e+08   26.97%
 25486812 10273534  2702708.9490    98  2989371.0000  2185427.8785 1.86e+08   26.89%
Elapsed time = 2868.37 sec. (816639.83 ticks, tree = 5524.09 MB, solutions = 6)
Nodefile size = 3477.09 MB (2297.12 MB after compression)
 25618338 10294579  2541372.8738   113  2989371.0000  2188051.7004 1.86e+08   26.81%
 25755440 10332637  2511464.2589    87  2989371.0000  2189927.0237 1.87e+08   26.74%
 25877444 10361346  2700061.8481   114  2989371.0000  2192413.1668 1.88e+08   26.66%
 26011011 10394459        cutoff        2989371.0000  2194900.1194 1.89e+08   26.58%
 26146339 10416071  2795978.7623    98  2989371.0000  2197081.4087 1.90e+08   26.50%
 26271655 10462279  2943238.3108   106  2989371.0000  2199762.0872 1.91e+08   26.41%
 26409123 10483679  2721286.5146   114  2989371.0000  2201526.5156 1.92e+08   26.35%
 26526517 10511495  2527233.8280   106  2989371.0000  2204256.4477 1.92e+08   26.26%
 26647231 10545966  2624910.2418    93  2989371.0000  2206775.2831 1.94e+08   26.18%
 26783833 10572776  2504561.2630   109  2989371.0000  2208896.2886 1.94e+08   26.11%
Elapsed time = 3011.33 sec. (854786.96 ticks, tree = 5681.65 MB, solutions = 6)
Nodefile size = 3634.05 MB (2402.11 MB after compression)
 26913665 10591438  2759808.0696   100  2989371.0000  2210893.2681 1.95e+08   26.04%
 27047713 10620936        cutoff        2989371.0000  2213237.4676 1.96e+08   25.96%
 27180470 10653294        cutoff        2989371.0000  2215912.7607 1.97e+08   25.87%
 27308050 10679835  2603015.7803   100  2989371.0000  2217793.0073 1.98e+08   25.81%
 27432129 10708095  2773543.0724    96  2989371.0000  2220099.4033 1.99e+08   25.73%
 27558229 10735150  2470368.1898   107  2989371.0000  2222692.1150 2.00e+08   25.65%
 27687518 10759592  2467961.5741    98  2989371.0000  2224903.4026 2.00e+08   25.57%
 27814785 10801368  2363705.2236   120  2989371.0000  2227142.5562 2.01e+08   25.50%
 27955013 10835179        cutoff        2989371.0000  2229336.6188 2.02e+08   25.42%
 28079657 10851918  2709388.2870   107  2989371.0000  2231875.2166 2.03e+08   25.34%
Elapsed time = 3156.36 sec. (892934.09 ticks, tree = 5831.14 MB, solutions = 6)
Nodefile size = 3784.01 MB (2502.48 MB after compression)
 28217588 10885645  2310478.2579   103  2989371.0000  2234033.0678 2.04e+08   25.27%
 28328220 10908312  2718596.5179   103  2989371.0000  2236196.9478 2.05e+08   25.20%
 28472040 10927993        cutoff        2989371.0000  2238058.4537 2.05e+08   25.13%
 28598388 10966071  2917756.3467   106  2989371.0000  2240368.4359 2.07e+08   25.06%
 28721772 10987939  2252393.5906    98  2989371.0000  2242119.9083 2.07e+08   25.00%
 28865659 11010407        cutoff        2989371.0000  2244742.2129 2.08e+08   24.91%
 28994542 11041091  2607333.9794   116  2989371.0000  2247261.2414 2.09e+08   24.82%
 29120934 11071428  2728652.0673   115  2989371.0000  2249334.9360 2.10e+08   24.76%
 29255154 11101183  2538195.8419   118  2989371.0000  2251542.6204 2.11e+08   24.68%
 29370431 11126331  2898191.3587    88  2989371.0000  2253527.1701 2.12e+08   24.62%
Elapsed time = 3299.09 sec. (931081.41 ticks, tree = 5974.70 MB, solutions = 6)
Nodefile size = 3926.97 MB (2598.20 MB after compression)
 29509057 11162885  2891394.7273   105  2989371.0000  2255048.4789 2.13e+08   24.56%
 29636342 11185891  2515076.5449   108  2989371.0000  2257657.6260 2.14e+08   24.48%
 29766684 11207872  2685972.3229   112  2989371.0000  2259978.3254 2.14e+08   24.40%
 29898960 11233012  2860230.2979   126  2989371.0000  2261960.7905 2.15e+08   24.33%
 30032247 11249369  2683859.8454   115  2989371.0000  2264113.1446 2.16e+08   24.26%
 30147844 11273977  2710065.2865   101  2989371.0000  2265845.0776 2.17e+08   24.20%
 30277326 11301867  2790704.4123   110  2989371.0000  2268142.1509 2.18e+08   24.13%
 30412292 11331083        cutoff        2989371.0000  2270129.7080 2.19e+08   24.06%
 30546050 11346377  2320183.9862   121  2989371.0000  2272028.7690 2.19e+08   24.00%
 30678919 11370036  2959996.3607    99  2989371.0000  2274427.2258 2.20e+08   23.92%
Elapsed time = 3438.13 sec. (969228.62 ticks, tree = 6105.95 MB, solutions = 6)
Nodefile size = 4058.94 MB (2686.82 MB after compression)
 30812835 11402950  2483978.7538    80  2989371.0000  2276747.7942 2.21e+08   23.84%
 30945631 11426378  2484081.0479    88  2989371.0000  2278251.0426 2.22e+08   23.79%
 31064518 11446870  2854989.0375    86  2989371.0000  2280756.4399 2.23e+08   23.70%
 31188267 11472107  2576387.5517   108  2989371.0000  2282697.8033 2.24e+08   23.64%
 31328794 11493733  2864309.5846    98  2989371.0000  2284765.2374 2.25e+08   23.57%
 31453829 11515562  2710301.7346    90  2989371.0000  2286795.8934 2.26e+08   23.50%
 31592264 11539796  2638419.9159    95  2989371.0000  2288851.1128 2.27e+08   23.43%
 31714515 11562713  2445078.5732   112  2989371.0000  2291082.5842 2.28e+08   23.36%
 31855596 11586589        cutoff        2989371.0000  2293158.5278 2.28e+08   23.29%
 31972454 11600375        cutoff        2989371.0000  2294928.3379 2.29e+08   23.23%
Elapsed time = 3573.47 sec. (1007375.98 ticks, tree = 6226.42 MB, solutions = 6)
Nodefile size = 4178.91 MB (2767.43 MB after compression)
 32104562 11624500  2546073.5958   106  2989371.0000  2296912.1369 2.30e+08   23.16%
 32235392 11640274  2662851.6901   120  2989371.0000  2299300.9495 2.31e+08   23.08%
 32362458 11661077  2918693.6515   101  2989371.0000  2301149.3371 2.32e+08   23.02%
 32493071 11682472  2579531.3744   112  2989371.0000  2303059.3132 2.32e+08   22.96%
 32623139 11704723        cutoff        2989371.0000  2305086.1583 2.33e+08   22.89%
 32759485 11725898        cutoff        2989371.0000  2307182.4734 2.34e+08   22.82%
 32884038 11752601  2963531.0277   110  2989371.0000  2308949.7275 2.35e+08   22.76%
 33015242 11762408  2404566.1967   103  2989371.0000  2311137.1842 2.36e+08   22.69%
 33143767 11784334  2665207.9210   111  2989371.0000  2313341.1536 2.37e+08   22.61%
 33263181 11808059        cutoff        2989371.0000  2314879.0331 2.38e+08   22.56%
Elapsed time = 3706.58 sec. (1045523.32 ticks, tree = 6333.90 MB, solutions = 6)
Nodefile size = 4286.88 MB (2840.17 MB after compression)
 33410682 11822513  2353474.0815   123  2989371.0000  2316840.9959 2.38e+08   22.50%
 33523806 11845048  2679089.8111    94  2989371.0000  2318788.8907 2.39e+08   22.43%
 33662995 11871338  2837268.2485   112  2989371.0000  2320756.7048 2.41e+08   22.37%
 33776744 11882552        cutoff        2989371.0000  2323045.3662 2.41e+08   22.29%
 33913350 11905339        cutoff        2989371.0000  2324680.2132 2.42e+08   22.24%
 34042702 11917748  2913983.2661    96  2989371.0000  2326960.9849 2.43e+08   22.16%
 34185040 11945103        cutoff        2989371.0000  2328723.3339 2.44e+08   22.10%
 34304186 11957402  2529403.8778   104  2989371.0000  2330486.3019 2.45e+08   22.04%
 34442423 11977630  2738416.1743    80  2989371.0000  2332454.6350 2.46e+08   21.98%
 34568341 11999278  2382833.2074   131  2989371.0000  2334117.7579 2.47e+08   21.92%
Elapsed time = 3835.74 sec. (1083670.56 ticks, tree = 6434.79 MB, solutions = 6)
Nodefile size = 4386.86 MB (2907.53 MB after compression)
 34693997 12008358  2384085.5855   104  2989371.0000  2336001.7177 2.47e+08   21.86%
 34824701 12026863  2759184.8457   100  2989371.0000  2338156.1158 2.48e+08   21.78%
 34949816 12045669  2568840.1383   101  2989371.0000  2340031.7468 2.49e+08   21.72%
 35080470 12063487  2825496.8802    89  2989371.0000  2341889.9130 2.50e+08   21.66%
 35213136 12077436  2829073.2028    62  2989371.0000  2343857.4666 2.51e+08   21.59%
 35342730 12089865  2786631.2294   111  2989371.0000  2345933.9854 2.52e+08   21.52%
 35474119 12102668  2939188.4721   105  2989371.0000  2347855.5235 2.52e+08   21.46%
 35583269 12117276  2625311.1504   113  2989371.0000  2349404.4874 2.53e+08   21.41%
 35722929 12131307  2943470.7253    92  2989371.0000  2351596.4227 2.54e+08   21.33%
 35857684 12142168  2901428.6609    84  2989371.0000  2353314.2813 2.55e+08   21.28%
Elapsed time = 3955.74 sec. (1121817.79 ticks, tree = 6514.80 MB, solutions = 6)
Nodefile size = 4466.84 MB (2961.62 MB after compression)
 35983519 12163212  2536553.4728   121  2989371.0000  2355132.8077 2.56e+08   21.22%
 36121038 12180481  2507504.5184   120  2989371.0000  2357267.4487 2.57e+08   21.15%
 36248397 12191060        cutoff        2989371.0000  2359090.5882 2.57e+08   21.08%
 36356452 12211297  2661564.1845   110  2989371.0000  2361083.6518 2.59e+08   21.02%
 36501046 12221468  2909037.7868   101  2989371.0000  2362913.0298 2.59e+08   20.96%
 36631833 12238731  2517341.8359   106  2989371.0000  2364736.0229 2.60e+08   20.90%
 36765864 12253910  2632307.0605   115  2989371.0000  2366775.7293 2.61e+08   20.83%
 36888292 12271495        cutoff        2989371.0000  2368191.4069 2.62e+08   20.78%
 37020054 12284742  2728670.1506    93  2989371.0000  2369779.1283 2.63e+08   20.73%
 37157915 12301594  2585197.0091    95  2989371.0000  2371666.3191 2.64e+08   20.66%
Elapsed time = 4079.34 sec. (1159964.97 ticks, tree = 6597.60 MB, solutions = 6)
Nodefile size = 4549.81 MB (3017.66 MB after compression)
 37265450 12310145  2736850.3312   125  2989371.0000  2373475.9909 2.64e+08   20.60%
 37407753 12323220  2544092.7776   104  2989371.0000  2375524.0312 2.65e+08   20.53%
 37527713 12330195  2728043.3477    98  2989371.0000  2377206.1548 2.66e+08   20.48%
 37661258 12345110  2945180.6911    87  2989371.0000  2378952.5923 2.67e+08   20.42%
 37791618 12353620  2878168.1195    82  2989371.0000  2380908.4513 2.68e+08   20.35%
 37918921 12363292  2576655.5665   126  2989371.0000  2382774.0399 2.69e+08   20.29%
 38049882 12375748        cutoff        2989371.0000  2384790.2968 2.70e+08   20.22%
 38170804 12385411  2727848.3796   110  2989371.0000  2386780.0662 2.70e+08   20.16%
 38303918 12393013  2409492.6404    88  2989371.0000  2388610.5159 2.71e+08   20.10%
 38423210 12406667  2762194.3257   111  2989371.0000  2390132.6258 2.72e+08   20.05%
Elapsed time = 4195.90 sec. (1198112.28 ticks, tree = 6653.73 MB, solutions = 6)
Nodefile size = 4605.80 MB (3055.62 MB after compression)
 38565178 12416067  2419407.2388   122  2989371.0000  2391595.9171 2.73e+08   20.00%
 38690757 12421068  2876303.3976   112  2989371.0000  2393801.4963 2.74e+08   19.92%
 38818706 12433685  2613228.0425   106  2989371.0000  2395582.0589 2.75e+08   19.86%
 38934296 12440535        cutoff        2989371.0000  2397052.7086 2.75e+08   19.81%
 39073757 12449548        cutoff        2989371.0000  2399172.9526 2.76e+08   19.74%
 39199891 12460093  2573378.2944    98  2989371.0000  2400785.9834 2.77e+08   19.69%
 39328807 12469927  2537319.7950   114  2989371.0000  2402650.2457 2.78e+08   19.63%
 39458400 12485708  2967379.4325   113  2989371.0000  2404364.0200 2.79e+08   19.57%
 39587975 12490181        cutoff        2989371.0000  2406244.3892 2.79e+08   19.51%
 39708631 12503401  2947976.4790   101  2989371.0000  2407728.4583 2.81e+08   19.46%
Elapsed time = 4312.32 sec. (1236259.44 ticks, tree = 6706.69 MB, solutions = 6)
Nodefile size = 4658.79 MB (3091.56 MB after compression)
 39846691 12506202  2735379.8665   106  2989371.0000  2409691.8367 2.81e+08   19.39%
 39973716 12515616  2440998.8761   103  2989371.0000  2411994.6597 2.82e+08   19.31%
 40091151 12523404        cutoff        2989371.0000  2413483.1915 2.83e+08   19.26%
 40228333 12533500  2907569.2889   117  2989371.0000  2415111.1992 2.84e+08   19.21%
 40352325 12541433  2649666.4576   116  2989371.0000  2416748.6789 2.85e+08   19.16%
 40480361 12548593  2548301.0177   110  2989371.0000  2418475.7716 2.85e+08   19.10%
 40607084 12555625        cutoff        2989371.0000  2420357.4104 2.86e+08   19.03%
 40740475 12560997  2888940.7207   122  2989371.0000  2422030.5967 2.87e+08   18.98%
 40872492 12565662        cutoff        2989371.0000  2423694.2963 2.88e+08   18.92%
 41005907 12571913  2969651.7860    91  2989371.0000  2425208.1112 2.89e+08   18.87%
Elapsed time = 4425.14 sec. (1274406.76 ticks, tree = 6746.31 MB, solutions = 6)
Nodefile size = 4698.78 MB (3118.72 MB after compression)
 41128845 12579927  2941791.5370   116  2989371.0000  2426840.5788 2.90e+08   18.82%
 41258363 12586072        cutoff        2989371.0000  2428860.1678 2.91e+08   18.75%
 41384470 12588892  2583510.2800   105  2989371.0000  2430585.7175 2.91e+08   18.69%
 41503623 12596345  2673891.4735   106  2989371.0000  2432414.4632 2.92e+08   18.63%
 41635125 12600057  2804401.2344    58  2989371.0000  2434222.0760 2.93e+08   18.57%
 41772959 12606133  2893832.5400   120  2989371.0000  2435630.0466 2.94e+08   18.52%
 41894666 12608641        cutoff        2989371.0000  2437499.4837 2.95e+08   18.46%
 42029977 12610045  2583184.3813   115  2989371.0000  2439445.9311 2.95e+08   18.40%
 42158218 12617026  2902190.3663    95  2989371.0000  2441055.4267 2.96e+08   18.34%
 42282907 12624739  2734563.4008   107  2989371.0000  2442393.4425 2.97e+08   18.30%
Elapsed time = 4531.89 sec. (1312553.96 ticks, tree = 6775.34 MB, solutions = 6)
Nodefile size = 4727.77 MB (3138.45 MB after compression)
 42398781 12629991  2707185.6812   113  2989371.0000  2443835.4242 2.98e+08   18.25%
 42538219 12631868  2989022.8869    95  2989371.0000  2445821.4940 2.99e+08   18.18%
 42667070 12634436  2886476.4521    94  2989371.0000  2447260.3123 3.00e+08   18.13%
 42786454 12641404  2619695.9062    86  2989371.0000  2449072.1780 3.01e+08   18.07%
 42921663 12644709  2613898.7926    95  2989371.0000  2450859.5269 3.02e+08   18.01%
 43054359 12648503  2971283.1904    99  2989371.0000  2452528.4616 3.02e+08   17.96%
 43181692 12656512  2899913.5691    99  2989371.0000  2454358.1987 3.03e+08   17.90%
 43318214 12661573        cutoff        2989371.0000  2455850.1450 3.04e+08   17.85%
 43435885 12665224        cutoff        2989371.0000  2457827.7767 3.05e+08   17.78%
 43574040 12666856        cutoff        2989371.0000  2459261.0273 3.06e+08   17.73%
Elapsed time = 4640.64 sec. (1350701.13 ticks, tree = 6799.68 MB, solutions = 6)
Nodefile size = 4752.76 MB (3155.47 MB after compression)
 43690036 12666947  2739289.7506    87  2989371.0000  2460752.3255 3.06e+08   17.68%
 43823976 12669855  2947924.9723   102  2989371.0000  2462409.2364 3.07e+08   17.63%
 43958089 12673866  2643081.2473   111  2989371.0000  2464167.8357 3.08e+08   17.57%
 44098256 12674267  2905183.6238    92  2989371.0000  2465907.2162 3.09e+08   17.51%
 44226664 12675972  2805611.3572    95  2989371.0000  2467693.1166 3.10e+08   17.45%
 44336940 12675547  2962048.8943   109  2989371.0000  2468956.6308 3.11e+08   17.41%
 44466506 12674932        cutoff        2989371.0000  2470900.6494 3.11e+08   17.34%
 44598059 12676504  2478383.8572   116  2989371.0000  2472366.2607 3.12e+08   17.29%
 44724681 12677306  2851604.6224   121  2989371.0000  2473790.7483 3.13e+08   17.25%
 44746856 12678505  2595119.9028   117  2989371.0000  2473800.6059 3.13e+08   17.25%
Elapsed time = 4739.00 sec. (1406494.80 ticks, tree = 6808.29 MB, solutions = 6)
Nodefile size = 4760.76 MB (3161.03 MB after compression)
 44748669 12678514  2774515.8106    98  2989371.0000  2473800.6059 3.13e+08   17.25%
 44758431 12678479  2708097.5003   114  2989371.0000  2473800.6059 3.13e+08   17.25%
 44762304 12678370  2901726.7486    93  2989371.0000  2473800.6059 3.13e+08   17.25%
 44766319 12678429  2641107.1011   123  2989371.0000  2473800.6059 3.13e+08   17.25%
 44770226 12678402  2876355.0410   101  2989371.0000  2473800.6059 3.13e+08   17.25%
 44789568 12678588  2681080.8198    97  2989371.0000  2473800.6059 3.13e+08   17.25%
 44818537 12678015  2906830.3610   108  2989371.0000  2473800.6059 3.14e+08   17.25%
 44824008 12678024  2668591.3377    98  2989371.0000  2473800.6059 3.14e+08   17.25%
 44829001 12677776  2840087.0421    96  2989371.0000  2473800.6059 3.14e+08   17.25%
 44838867 12677420  2699816.1956    78  2989371.0000  2473800.6059 3.14e+08   17.25%
Elapsed time = 4848.12 sec. (1695773.80 ticks, tree = 6807.77 MB, solutions = 6)
Nodefile size = 4760.76 MB (3162.12 MB after compression)
 44842614 12677273  2927069.1547    81  2989371.0000  2473800.6059 3.14e+08   17.25%
 44859975 12676565  2770668.5888    92  2989371.0000  2473800.6059 3.14e+08   17.25%
 44867593 12676476  2721260.2988   103  2989371.0000  2473800.6059 3.14e+08   17.25%
 44876121 12675953  2678118.4400   111  2989371.0000  2473800.6059 3.14e+08   17.25%
 44902136 12675028  2789162.9582   102  2989371.0000  2473800.6059 3.14e+08   17.25%
 44902139 12675126        cutoff        2989371.0000  2473852.9518 3.14e+08   17.25%
 44917231 12674293  2881074.7138    89  2989371.0000  2473852.9518 3.14e+08   17.25%
 44928584 12673923        cutoff        2989371.0000  2473852.9518 3.14e+08   17.25%
 44936202 12673650        cutoff        2989371.0000  2473852.9518 3.14e+08   17.25%
 44998141 12672459  2740665.8728   115  2989371.0000  2473852.9518 3.15e+08   17.25%
Elapsed time = 4934.61 sec. (1904283.20 ticks, tree = 6805.53 MB, solutions = 6)
Nodefile size = 4757.76 MB (3161.42 MB after compression)
 44998600 12672137        cutoff        2989371.0000  2473852.9518 3.15e+08   17.25%
 45007672 12671443        cutoff        2989371.0000  2473852.9518 3.15e+08   17.25%
 45015153 12671068  2489805.0598   121  2989371.0000  2473852.9518 3.15e+08   17.25%
 45027594 12670438  2660307.8348    96  2989371.0000  2473852.9518 3.15e+08   17.25%
 45049099 12669041  2744140.2504   112  2989371.0000  2473852.9518 3.15e+08   17.25%
 45106034 12665426        cutoff        2989371.0000  2476910.1517 3.16e+08   17.14%
 45143674 12665038  2579866.3031   107  2989371.0000  2476910.1517 3.16e+08   17.14%
 45143675 12664553  2613806.1076   107  2989371.0000  2476910.1517 3.16e+08   17.14%
 45158227 12663983        cutoff        2989371.0000  2476910.1517 3.16e+08   17.14%
 45174182 12662972  2506079.3158    95  2989371.0000  2476910.1517 3.16e+08   17.14%
Elapsed time = 5056.25 sec. (2200465.50 ticks, tree = 6800.81 MB, solutions = 6)
Nodefile size = 4753.76 MB (3160.04 MB after compression)
 45221057 12660405  2893634.3874   106  2989371.0000  2478229.7856 3.16e+08   17.10%
 45223350 12658701  2560986.5770   128  2989371.0000  2478246.8091 3.16e+08   17.10%
 45283088 12655940  2485347.8389   104  2989371.0000  2478853.1234 3.17e+08   17.08%
 45283091 12655664  2763292.3050    99  2989371.0000  2478873.2034 3.17e+08   17.08%
 45373849 12650542  2819675.4139   103  2989371.0000  2480147.0923 3.17e+08   17.03%
 45386640 12649573        cutoff        2989371.0000  2480183.5270 3.17e+08   17.03%
 45391366 12649098  2570909.2606    87  2989371.0000  2480183.5270 3.17e+08   17.03%
 45436977 12647080  2910658.6857    90  2989371.0000  2480216.0962 3.18e+08   17.03%
 45500906 12643576        cutoff        2989371.0000  2480392.7801 3.18e+08   17.03%
 45575093 12637628        cutoff        2989371.0000  2482731.2813 3.19e+08   16.95%
Elapsed time = 5166.66 sec. (2305943.79 ticks, tree = 6786.86 MB, solutions = 6)
Nodefile size = 4740.76 MB (3153.34 MB after compression)
 45576329 12637249  2640341.9023   111  2989371.0000  2482731.2813 3.19e+08   16.95%
 45601790 12634971  2613784.5937   111  2989371.0000  2482731.2813 3.19e+08   16.95%
 45618358 12634398  2501097.8174   118  2989371.0000  2482731.2813 3.19e+08   16.95%
 45668652 12631405  2964855.4375   102  2989371.0000  2484814.4423 3.19e+08   16.88%
 45668656 12630709  2823850.8137   114  2989371.0000  2484814.4423 3.19e+08   16.88%
 45680387 12629318  2486723.3116   113  2989371.0000  2484814.4423 3.19e+08   16.88%
 45721525 12627063        cutoff        2989371.0000  2486272.7879 3.20e+08   16.83%
 45761351 12624060        cutoff        2989371.0000  2486272.7879 3.20e+08   16.83%
 45840684 12619498  2810393.7474    80  2989371.0000  2488126.5405 3.20e+08   16.77%
 45885871 12614625        cutoff        2989371.0000  2488126.5405 3.21e+08   16.77%
Elapsed time = 5264.59 sec. (2516897.61 ticks, tree = 6777.01 MB, solutions = 6)
Nodefile size = 4729.76 MB (3147.17 MB after compression)
 45986100 12609329  2700243.2350    86  2989371.0000  2489994.6858 3.21e+08   16.71%
 46090968 12598925        cutoff        2989371.0000  2491818.6025 3.22e+08   16.64%
 46212552 12592946  2876999.7161   114  2989371.0000  2492851.5873 3.23e+08   16.61%
 46218244 12591892        cutoff        2989371.0000  2492894.2289 3.23e+08   16.61%
 46277233 12590208  2857208.0549    96  2989371.0000  2493501.9149 3.23e+08   16.59%
 46374243 12583387        cutoff        2989371.0000  2495883.5313 3.24e+08   16.51%
 46490084 12579963  2670318.0430   117  2989371.0000  2497478.7515 3.24e+08   16.45%
 46580522 12576047  2794641.3354   100  2989371.0000  2497964.6483 3.25e+08   16.44%
 46683434 12569964  2761179.3207   127  2989371.0000  2499628.4206 3.26e+08   16.38%
 46793205 12563669  2980712.7804   122  2989371.0000  2500742.2448 3.27e+08   16.35%
Elapsed time = 5411.98 sec. (2558380.60 ticks, tree = 6751.12 MB, solutions = 6)
Nodefile size = 4704.77 MB (3133.59 MB after compression)
 46820329 12561773        cutoff        2989371.0000  2500742.2448 3.27e+08   16.35%
 46848146 12560631  2944333.2737    83  2989371.0000  2500742.2448 3.27e+08   16.35%
 46852195 12560389  2621903.9348    84  2989371.0000  2500742.2448 3.27e+08   16.35%
 46934010 12555595        cutoff        2989371.0000  2503091.2090 3.27e+08   16.27%
 47062196 12548145  2878298.0209   118  2989371.0000  2504786.9806 3.28e+08   16.21%
 47098901 12544056  2686228.5895   109  2989371.0000  2504786.9806 3.29e+08   16.21%
 47161757 12537785  2906492.7906   115  2989371.0000  2506201.5179 3.29e+08   16.16%
 47276576 12530381  2905072.6500   117  2989371.0000  2507849.6771 3.30e+08   16.11%
 47335494 12527854  2960824.1647    95  2989371.0000  2507949.8122 3.30e+08   16.10%
 47392634 12524924  2866449.0417    92  2989371.0000  2508719.8648 3.30e+08   16.08%
Elapsed time = 5530.09 sec. (2660738.65 ticks, tree = 6732.24 MB, solutions = 6)
Nodefile size = 4685.77 MB (3122.87 MB after compression)
 47392635 12524463  2952817.3828    98  2989371.0000  2508719.8648 3.30e+08   16.08%
 47463985 12521743  2822153.5092    79  2989371.0000  2509555.5075 3.31e+08   16.05%
 47464005 12521585        cutoff        2989371.0000  2509574.4487 3.31e+08   16.05%
 47554629 12516443  2772707.7049    93  2989371.0000  2511193.1005 3.31e+08   16.00%
 47581375 12513844  2624107.9117   115  2989371.0000  2511229.0477 3.32e+08   15.99%
 47624871 12512673        cutoff        2989371.0000  2511229.0477 3.32e+08   15.99%
 47634777 12512249  2672976.9522   116  2989371.0000  2511229.0477 3.32e+08   15.99%
 47711308 12507147  2804085.8502   110  2989371.0000  2513150.4261 3.33e+08   15.93%
 47835369 12502385  2788359.7493    96  2989371.0000  2515236.9022 3.33e+08   15.86%
 47905956 12494948  2873904.8618    91  2989371.0000  2515472.4619 3.34e+08   15.85%
Elapsed time = 5642.92 sec. (2814706.78 ticks, tree = 6719.08 MB, solutions = 6)
Nodefile size = 4671.77 MB (3115.05 MB after compression)
 47924927 12493379  2976329.7200   103  2989371.0000  2515472.4619 3.34e+08   15.85%
 47959548 12489742        cutoff        2989371.0000  2515472.4619 3.34e+08   15.85%
 48031785 12481940  2978836.5308   108  2989371.0000  2517525.2645 3.35e+08   15.78%
 48080008 12478383  2934379.7824   123  2989371.0000  2517589.9996 3.35e+08   15.78%
 48188166 12465584  2974551.3130    95  2989371.0000  2519363.0791 3.36e+08   15.72%
 48267190 12462620  2912718.4020   100  2989371.0000  2519789.2951 3.36e+08   15.71%
 48268927 12462330  2800245.6255    92  2989371.0000  2519789.2951 3.36e+08   15.71%
 48370020 12455175  2876898.5315    98  2989371.0000  2521602.1753 3.37e+08   15.65%
 48486204 12446219  2833137.9781    94  2989371.0000  2523215.3035 3.37e+08   15.59%
 48588338 12437997  2723300.3834   115  2989371.0000  2524725.9843 3.38e+08   15.54%
Elapsed time = 5771.35 sec. (2929911.18 ticks, tree = 6689.70 MB, solutions = 6)
Nodefile size = 4642.78 MB (3097.63 MB after compression)
 48720919 12424957        cutoff        2989371.0000  2526326.7044 3.39e+08   15.49%
 48820936 12414519        cutoff        2989371.0000  2527340.3063 3.40e+08   15.46%
 48958084 12408606  2752552.1048    87  2989371.0000  2529545.1693 3.40e+08   15.38%
 49062230 12396013  2638576.8952   110  2989371.0000  2530712.4549 3.41e+08   15.34%
 49187342 12386231  2704539.1457    97  2989371.0000  2532444.7738 3.42e+08   15.29%
 49310134 12374515        cutoff        2989371.0000  2534085.7599 3.43e+08   15.23%
 49433711 12360633        cutoff        2989371.0000  2535619.6685 3.43e+08   15.18%
 49555885 12348732  2790446.7766   108  2989371.0000  2537319.8632 3.44e+08   15.12%
 49645123 12340472  2849777.0876   114  2989371.0000  2538278.4791 3.45e+08   15.09%
 49652757 12338640  2878223.3051   112  2989371.0000  2538302.2965 3.45e+08   15.09%
Elapsed time = 5908.90 sec. (2977510.20 ticks, tree = 6641.02 MB, solutions = 6)
Nodefile size = 4593.79 MB (3067.36 MB after compression)
 49765462 12331588        cutoff        2989371.0000  2539605.1872 3.45e+08   15.05%
 49772138 12329784        cutoff        2989371.0000  2539605.1872 3.46e+08   15.05%
 49842821 12323292  2813106.7973   103  2989371.0000  2540741.2288 3.46e+08   15.01%
 49963185 12316276  2695317.9035   120  2989371.0000  2541942.0546 3.47e+08   14.97%
 49980339 12313486  2737908.9835   118  2989371.0000  2541998.3756 3.47e+08   14.97%
 50062438 12303980  2871838.4763   105  2989371.0000  2543142.0992 3.47e+08   14.93%
 50075798 12300832  2820735.3792   126  2989371.0000  2543170.6774 3.48e+08   14.93%
 50176447 12294466        cutoff        2989371.0000  2544685.3502 3.48e+08   14.88%
 50288886 12279872  2912164.0120   101  2989371.0000  2545857.8585 3.49e+08   14.84%
 50351888 12271680  2554596.1637   119  2989371.0000  2546697.2578 3.49e+08   14.81%
Elapsed time = 6026.14 sec. (3060584.12 ticks, tree = 6607.28 MB, solutions = 6)
Nodefile size = 4559.80 MB (3046.37 MB after compression)
 50465575 12259549  2556417.0171   104  2989371.0000  2548409.7396 3.50e+08   14.75%
 50507731 12254759  2928242.4888   114  2989371.0000  2548591.2087 3.50e+08   14.74%
 50604913 12242518  2595465.6522    87  2989371.0000  2550466.0307 3.51e+08   14.68%
 50733756 12234163  2663252.3071   121  2989371.0000  2551620.6001 3.51e+08   14.64%
 50746191 12230259  2977517.7883   112  2989371.0000  2551620.6001 3.52e+08   14.64%
 50781106 12226629  2644939.6343   107  2989371.0000  2551620.6001 3.52e+08   14.64%
 50871129 12217860  2975643.3817    97  2989371.0000  2553698.9961 3.52e+08   14.57%
 50891063 12211382        cutoff        2989371.0000  2553720.7958 3.53e+08   14.57%
 51012810 12199232  2980369.3419   102  2989371.0000  2555412.5458 3.53e+08   14.52%
 51136196 12185242  2770156.3291   100  2989371.0000  2557235.3653 3.54e+08   14.46%
Elapsed time = 6148.30 sec. (3137421.57 ticks, tree = 6563.66 MB, solutions = 6)
Nodefile size = 4516.81 MB (3019.49 MB after compression)
 51257146 12176216  2865438.5123    83  2989371.0000  2558622.0282 3.55e+08   14.41%
 51375185 12158714  2723739.4999   101  2989371.0000  2560113.3306 3.56e+08   14.36%
 51502055 12142248  2582602.2497   121  2989371.0000  2561626.8814 3.56e+08   14.31%
 51613882 12121291  2910557.4605    93  2989371.0000  2563457.9755 3.57e+08   14.25%
 51730222 12110137  2981861.3321   113  2989371.0000  2565117.0674 3.58e+08   14.19%
 51814076 12101138  2810093.0564    85  2989371.0000  2565501.1406 3.58e+08   14.18%
 51861981 12096214  2833940.1939   114  2989371.0000  2565699.9549 3.59e+08   14.17%
 51976527 12083815        cutoff        2989371.0000  2567363.7116 3.59e+08   14.12%
 52087880 12068680  2814365.8102   107  2989371.0000  2569170.9625 3.60e+08   14.06%
 52223592 12052603  2724473.6796   107  2989371.0000  2570767.0872 3.61e+08   14.00%
Elapsed time = 6296.56 sec. (3222136.63 ticks, tree = 6494.76 MB, solutions = 6)
Nodefile size = 4447.83 MB (2975.73 MB after compression)
 52335433 12035611        cutoff        2989371.0000  2572125.1379 3.62e+08   13.96%
 52392995 12023670  2859745.9907    99  2989371.0000  2572308.0291 3.62e+08   13.95%
 52486976 12003958  2864485.9234    92  2989371.0000  2573974.1283 3.63e+08   13.90%
 52606116 11991493  2881116.7322   101  2989371.0000  2575697.2141 3.63e+08   13.84%
 52721799 11971848  2893170.8370   122  2989371.0000  2577034.9406 3.64e+08   13.79%
 52844577 11959488        cutoff        2989371.0000  2578754.9482 3.65e+08   13.74%
 52962454 11935757  2586584.6606   114  2989371.0000  2580176.7586 3.66e+08   13.69%
 53096512 11917300  2645177.4635    92  2989371.0000  2581841.7432 3.66e+08   13.63%
 53215529 11900529  2882309.5204    94  2989371.0000  2583432.6839 3.67e+08   13.58%
 53331170 11883171  2868615.1088   116  2989371.0000  2585009.9516 3.68e+08   13.53%
Elapsed time = 6463.44 sec. (3348570.71 ticks, tree = 6407.81 MB, solutions = 6)
Nodefile size = 4360.86 MB (2920.15 MB after compression)
 53443510 11869841  2706607.3558   105  2989371.0000  2586219.9154 3.68e+08   13.49%
 53572242 11851360  2882064.4545   105  2989371.0000  2588177.8642 3.69e+08   13.42%
 53692356 11829749  2959647.5543   117  2989371.0000  2589300.3703 3.70e+08   13.38%
 53763820 11820814  2740161.0349   100  2989371.0000  2589857.5676 3.70e+08   13.36%
 53860916 11800419  2877130.9447   105  2989371.0000  2591555.2705 3.71e+08   13.31%
 53989197 11780642  2906520.8494   110  2989371.0000  2593151.8363 3.72e+08   13.25%
 54108887 11760361  2892198.7661    99  2989371.0000  2594710.0708 3.72e+08   13.20%
 54183708 11747066  2631782.4843   119  2989371.0000  2595115.7151 3.73e+08   13.19%
 54244408 11733643        cutoff        2989371.0000  2596012.4427 3.73e+08   13.16%
 54244986 11732562        cutoff        2989371.0000  2596012.4427 3.73e+08   13.16%
Elapsed time = 6587.11 sec. (3462067.29 ticks, tree = 6333.28 MB, solutions = 6)
Nodefile size = 4285.88 MB (2871.81 MB after compression)
 54370372 11712825  2967838.8353    95  2989371.0000  2597800.7222 3.74e+08   13.10%
 54501368 11690664  2703380.3440    75  2989371.0000  2599449.9064 3.75e+08   13.04%
 54612256 11666921  2785123.1935   104  2989371.0000  2600755.3497 3.76e+08   13.00%
 54735273 11639502  2883233.9316    86  2989371.0000  2602537.3275 3.77e+08   12.94%
 54856646 11618481  2713698.3774   110  2989371.0000  2604197.4303 3.77e+08   12.88%
 54978306 11608761  2934894.1941    95  2989371.0000  2605599.2730 3.78e+08   12.84%
 55095849 11580037  2778596.1576   119  2989371.0000  2607027.5388 3.79e+08   12.79%
 55219920 11557682  2736101.2771    99  2989371.0000  2608293.7367 3.79e+08   12.75%
 55338651 11537695  2910485.0690    91  2989371.0000  2609702.9105 3.80e+08   12.70%
 55458493 11509790  2707747.9793   130  2989371.0000  2611601.6378 3.81e+08   12.64%
Elapsed time = 6711.32 sec. (3500214.62 ticks, tree = 6218.49 MB, solutions = 6)
Nodefile size = 4170.91 MB (2796.66 MB after compression)
 55587183 11488076  2928775.1223   108  2989371.0000  2613256.7393 3.82e+08   12.58%
 55699378 11469309  2840305.8793   112  2989371.0000  2614526.9090 3.82e+08   12.54%
 55826869 11445100        cutoff        2989371.0000  2616162.3678 3.83e+08   12.48%
 55946766 11419580        cutoff        2989371.0000  2617629.3732 3.84e+08   12.44%
 55971201 11415696  2869290.2069   113  2989371.0000  2617629.3732 3.84e+08   12.44%
 56084043 11391960  2945209.7505    74  2989371.0000  2619073.9697 3.85e+08   12.39%
 56214570 11357244  2911432.4603    82  2989371.0000  2620613.1451 3.86e+08   12.34%
 56330321 11340161  2637323.8438   111  2989371.0000  2622047.3117 3.86e+08   12.29%
 56442994 11316361  2813160.6409   109  2989371.0000  2623718.0912 3.87e+08   12.23%
 56573716 11290238  2701565.2173   120  2989371.0000  2625423.8258 3.88e+08   12.17%
Elapsed time = 6833.26 sec. (3551510.65 ticks, tree = 6104.95 MB, solutions = 6)
Nodefile size = 4057.94 MB (2722.82 MB after compression)
 56691952 11272224        cutoff        2989371.0000  2626984.9023 3.88e+08   12.12%
 56811948 11242444  2705443.9482    92  2989371.0000  2628666.7885 3.89e+08   12.07%
 56928560 11210332        cutoff        2989371.0000  2630033.2589 3.90e+08   12.02%
 57059774 11195651  2761896.7391   117  2989371.0000  2631477.7077 3.90e+08   11.97%
 57168157 11160659  2643709.5472   126  2989371.0000  2632932.7702 3.91e+08   11.92%
 57292043 11137755        cutoff        2989371.0000  2634474.9113 3.92e+08   11.87%
 57421235 11103510        cutoff        2989371.0000  2636205.3368 3.93e+08   11.81%
 57533798 11087064        cutoff        2989371.0000  2637781.1722 3.93e+08   11.76%
 57652724 11051776        cutoff        2989371.0000  2639081.8940 3.94e+08   11.72%
 57785476 11025897  2959251.4693    65  2989371.0000  2640646.5265 3.95e+08   11.67%
Elapsed time = 6943.22 sec. (3589657.95 ticks, tree = 5964.94 MB, solutions = 6)
Nodefile size = 3921.97 MB (2633.03 MB after compression)
 57892629 10993632        cutoff        2989371.0000  2642140.7381 3.95e+08   11.62%
 58009893 10970506  2917650.9884   115  2989371.0000  2643530.3471 3.96e+08   11.57%
 58131279 10940756  2887592.2776   108  2989371.0000  2645056.6344 3.97e+08   11.52%
 58260647 10898632        cutoff        2989371.0000  2646440.1205 3.98e+08   11.47%
 58372116 10884625  2926015.6165   119  2989371.0000  2647933.9127 3.98e+08   11.42%
 58488342 10836862  2892457.2296    92  2989371.0000  2649523.0185 3.99e+08   11.37%
 58609453 10810736        cutoff        2989371.0000  2651239.4931 4.00e+08   11.31%
 58725277 10780818  2861082.2289   109  2989371.0000  2652761.0867 4.00e+08   11.26%
 58849608 10748278        cutoff        2989371.0000  2654297.2105 4.01e+08   11.21%
 58969605 10717011  2861779.2310   108  2989371.0000  2655829.8814 4.02e+08   11.16%
Elapsed time = 7044.15 sec. (3627805.43 ticks, tree = 5807.43 MB, solutions = 6)
Nodefile size = 3762.02 MB (2526.73 MB after compression)
 59084192 10675366  2972143.4066    82  2989371.0000  2657538.3799 4.03e+08   11.10%
 59204572 10644832  2958722.5994   101  2989371.0000  2658787.2614 4.03e+08   11.06%
 59315768 10608738        cutoff        2989371.0000  2660320.2804 4.04e+08   11.01%
 59438223 10590562  2876046.7559   100  2989371.0000  2661768.1547 4.04e+08   10.96%
 59555215 10551673  2905705.4508    92  2989371.0000  2663336.6855 4.05e+08   10.91%
 59674359 10525522  2671308.5802   120  2989371.0000  2664959.6093 4.06e+08   10.85%
 59791560 10484712  2906121.4902    94  2989371.0000  2666322.5585 4.07e+08   10.81%
 59920402 10452636        cutoff        2989371.0000  2668019.6210 4.07e+08   10.75%
 60030071 10421726  2820358.6835    84  2989371.0000  2669516.2637 4.08e+08   10.70%
 60145448 10388067  2743538.0962   105  2989371.0000  2670806.8873 4.09e+08   10.66%
Elapsed time = 7144.82 sec. (3665952.87 ticks, tree = 5639.30 MB, solutions = 6)
Nodefile size = 3597.06 MB (2416.99 MB after compression)
 60271836 10347614  2901289.6216   109  2989371.0000  2672343.3061 4.09e+08   10.61%
 60388170 10324586        cutoff        2989371.0000  2673733.8132 4.10e+08   10.56%
 60506647 10280239  2862844.5721    93  2989371.0000  2675292.6244 4.11e+08   10.51%
 60624085 10249557  2836638.1688   130  2989371.0000  2676721.6761 4.11e+08   10.46%
 60733489 10216650  2842534.1326   116  2989371.0000  2678319.1409 4.12e+08   10.41%
 60851857 10184868        cutoff        2989371.0000  2679949.2170 4.12e+08   10.35%
 60967471 10137939        cutoff        2989371.0000  2681550.2127 4.13e+08   10.30%
 61080330 10095331        cutoff        2989371.0000  2682974.5066 4.14e+08   10.25%
 61203374 10059711  2934680.3581    91  2989371.0000  2684221.3552 4.15e+08   10.21%
 61319979 10024474  2692288.9661    90  2989371.0000  2685914.5119 4.15e+08   10.15%
Elapsed time = 7247.26 sec. (3704100.27 ticks, tree = 5448.01 MB, solutions = 6)
Nodefile size = 3436.10 MB (2310.00 MB after compression)
 61424619 9994367  2891828.2095   121  2989371.0000  2687530.4150 4.16e+08   10.10%
 61545348 9946922        cutoff        2989371.0000  2689130.2392 4.17e+08   10.04%
 61665406 9904561  2864175.2740    98  2989371.0000  2690634.6412 4.17e+08    9.99%
 61776334 9876032        cutoff        2989371.0000  2691894.4814 4.18e+08    9.95%
 61896285 9829373  2787225.4845    81  2989371.0000  2693437.3872 4.19e+08    9.90%
 62012815 9788963  2872818.6219   127  2989371.0000  2695128.2791 4.19e+08    9.84%
 62124753 9747483  2989363.1280    75  2989371.0000  2696504.7385 4.20e+08    9.80%
 62244880 9720295  2809888.8038   117  2989371.0000  2698078.3999 4.20e+08    9.74%
 62351696 9674116        cutoff        2989371.0000  2699765.1307 4.21e+08    9.69%
 62474255 9624074        cutoff        2989371.0000  2701084.2870 4.22e+08    9.64%
Elapsed time = 7348.31 sec. (3742247.53 ticks, tree = 5244.34 MB, solutions = 6)
Nodefile size = 3311.14 MB (2226.88 MB after compression)
 62587430 9586644  2872651.9341    97  2989371.0000  2702471.7800 4.23e+08    9.60%
 62693543 9545209  2709768.0757   101  2989371.0000  2703960.0007 4.23e+08    9.55%
 62811459 9505388  2874934.9629   102  2989371.0000  2705624.8686 4.24e+08    9.49%
 62923401 9458554  2711694.8810   101  2989371.0000  2707206.2005 4.25e+08    9.44%
 63050341 9424989  2855341.8369   123  2989371.0000  2708732.7157 4.25e+08    9.39%
 63164603 9383766        cutoff        2989371.0000  2710276.9287 4.26e+08    9.34%
 63271904 9346665        cutoff        2989371.0000  2711898.5672 4.26e+08    9.28%
 63387893 9303720    infeasible        2989371.0000  2713424.3408 4.27e+08    9.23%
 63498177 9250894  2906209.0733   115  2989371.0000  2714735.8503 4.28e+08    9.19%
 63616566 9203208  2985405.0657   104  2989371.0000  2716374.9591 4.28e+08    9.13%
Elapsed time = 7450.13 sec. (3780394.78 ticks, tree = 5022.88 MB, solutions = 6)
Nodefile size = 3168.17 MB (2131.47 MB after compression)
 63731164 9165248  2946092.1400   118  2989371.0000  2717878.9521 4.29e+08    9.08%
 63839622 9124309        cutoff        2989371.0000  2719240.6354 4.29e+08    9.04%
 63950527 9077088        cutoff        2989371.0000  2720846.9330 4.30e+08    8.98%
 64065594 9027578  2769059.6856   113  2989371.0000  2722563.0780 4.31e+08    8.93%
 64179646 8990231        cutoff        2989371.0000  2724157.4096 4.31e+08    8.87%
 64288795 8939989        cutoff        2989371.0000  2725501.1771 4.32e+08    8.83%
 64403858 8886181        cutoff        2989371.0000  2726930.8498 4.33e+08    8.78%
 64514394 8842627        cutoff        2989371.0000  2728415.3706 4.33e+08    8.73%
 64632595 8804031        cutoff        2989371.0000  2730186.6945 4.34e+08    8.67%
 64746351 8751201  2949965.9867   108  2989371.0000  2731654.5773 4.34e+08    8.62%
Elapsed time = 7551.65 sec. (3818542.02 ticks, tree = 4787.02 MB, solutions = 6)
Nodefile size = 3035.20 MB (2042.70 MB after compression)
 64856109 8707814  2756809.0027   104  2989371.0000  2733173.4535 4.35e+08    8.57%
 64964412 8673415  2982010.7080   102  2989371.0000  2734618.1672 4.35e+08    8.52%
 65072216 8607377        cutoff        2989371.0000  2736214.5250 4.36e+08    8.47%
 65187453 8578599        cutoff        2989371.0000  2737760.8537 4.37e+08    8.42%
 65300056 8519525        cutoff        2989371.0000  2739551.4996 4.37e+08    8.36%
 65410838 8478175  2868429.5831   118  2989371.0000  2740957.9492 4.38e+08    8.31%
 65517157 8410915  2976818.9187   117  2989371.0000  2742494.5596 4.39e+08    8.26%
 65634798 8368690        cutoff        2989371.0000  2743974.2857 4.39e+08    8.21%
 65741997 8320785        cutoff        2989371.0000  2745655.6590 4.40e+08    8.15%
 65849827 8268443        cutoff        2989371.0000  2746982.4999 4.40e+08    8.11%
Elapsed time = 7654.19 sec. (3856689.32 ticks, tree = 4536.52 MB, solutions = 6)
Nodefile size = 2908.24 MB (1957.88 MB after compression)
 65967190 8214778        cutoff        2989371.0000  2748722.2269 4.41e+08    8.05%
 66074841 8159535  2827014.0356   118  2989371.0000  2750267.9572 4.42e+08    8.00%
 66186868 8130678  2756477.4339   113  2989371.0000  2751571.8414 4.42e+08    7.95%
 66294913 8060344        cutoff        2989371.0000  2753513.3097 4.43e+08    7.89%
 66411484 8023485        cutoff        2989371.0000  2754886.6028 4.43e+08    7.84%
 66512644 7957445  2877369.8091    98  2989371.0000  2756491.7495 4.44e+08    7.79%
 66624728 7910188  2920503.9281    88  2989371.0000  2758007.6109 4.45e+08    7.74%
 66734891 7877450  2898124.8206   100  2989371.0000  2759456.8280 4.45e+08    7.69%
 66843206 7820646        cutoff        2989371.0000  2761191.4643 4.45e+08    7.63%
 66954151 7771694  2984455.7301    89  2989371.0000  2762664.4278 4.46e+08    7.58%
Elapsed time = 7758.90 sec. (3894836.64 ticks, tree = 4266.63 MB, solutions = 6)
Nodefile size = 2485.34 MB (1673.68 MB after compression)
 67062494 7696936  2777361.4233   124  2989371.0000  2764361.5478 4.47e+08    7.53%
 67169044 7651806  2771689.3883   123  2989371.0000  2765660.1230 4.47e+08    7.48%
 67277528 7588314  2784040.3213    92  2989371.0000  2767419.9445 4.48e+08    7.42%
 67391164 7545378  2773446.1415   109  2989371.0000  2768881.4778 4.48e+08    7.38%
 67495476 7486842  2872810.4586   124  2989371.0000  2770330.8264 4.49e+08    7.33%
 67605618 7437842  2880499.0882    93  2989371.0000  2772165.9512 4.50e+08    7.27%
 67714019 7368565  2987032.5654    98  2989371.0000  2773512.2460 4.50e+08    7.22%
 67822185 7322198        cutoff        2989371.0000  2775183.8252 4.51e+08    7.16%
 67925154 7255506  2988667.7511   108  2989371.0000  2776854.1286 4.51e+08    7.11%
 68038101 7197031        cutoff        2989371.0000  2778393.8000 4.52e+08    7.06%
Elapsed time = 7864.41 sec. (3932984.08 ticks, tree = 3982.88 MB, solutions = 6)
Nodefile size = 2096.45 MB (1412.34 MB after compression)
 68144296 7155309  2843534.8498   126  2989371.0000  2780053.1439 4.52e+08    7.00%
 68257312 7083428        cutoff        2989371.0000  2781499.6225 4.53e+08    6.95%
 68362956 7040577  2837460.9399    95  2989371.0000  2783402.7056 4.53e+08    6.89%
 68468981 6982286        cutoff        2989371.0000  2784834.6206 4.54e+08    6.84%
 68571975 6925399    infeasible        2989371.0000  2786406.2174 4.55e+08    6.79%
 68681141 6862892  2791692.2170    95  2989371.0000  2787864.0326 4.55e+08    6.74%
 68793704 6826397        cutoff        2989371.0000  2789392.2214 4.55e+08    6.69%
 68896000 6742920  2866573.3067    96  2989371.0000  2791070.4291 4.56e+08    6.63%
 69008083 6687440  2861085.3618    95  2989371.0000  2792711.9013 4.57e+08    6.58%
 69108827 6635800  2932128.2142   108  2989371.0000  2794269.1054 4.57e+08    6.53%
Elapsed time = 7970.39 sec. (3971131.22 ticks, tree = 3688.37 MB, solutions = 6)
Nodefile size = 1747.54 MB (1177.64 MB after compression)
 69220604 6576614        cutoff        2989371.0000  2795808.2309 4.58e+08    6.48%
 69327675 6520562        cutoff        2989371.0000  2797613.9329 4.58e+08    6.41%
 69430907 6466597  2965163.4342    79  2989371.0000  2799184.2661 4.59e+08    6.36%
 69536958 6403022  2856558.4836   102  2989371.0000  2800754.8841 4.59e+08    6.31%
 69639783 6357178  2913942.8165    93  2989371.0000  2802470.1224 4.60e+08    6.25%
 69749529 6279491        cutoff        2989371.0000  2803989.9305 4.60e+08    6.20%
 69857339 6220772        cutoff        2989371.0000  2805742.8245 4.61e+08    6.14%
 69958399 6172342  2954036.6669    88  2989371.0000  2807385.2090 4.61e+08    6.09%
 70074706 6113276  2881877.1478    95  2989371.0000  2809046.8364 4.62e+08    6.03%
 70174482 6046715  2958850.2094   124  2989371.0000  2810550.6332 4.62e+08    5.98%
Elapsed time = 8077.02 sec. (4009278.40 ticks, tree = 3377.97 MB, solutions = 6)
Nodefile size = 1381.64 MB (931.25 MB after compression)
 70282917 5972704        cutoff        2989371.0000  2812153.3619 4.63e+08    5.93%
 70387979 5932203  2957739.3079   117  2989371.0000  2813867.0357 4.63e+08    5.87%
 70496342 5861678  2821178.2691   106  2989371.0000  2815329.8059 4.64e+08    5.82%
 70599115 5803245        cutoff        2989371.0000  2817089.0809 4.64e+08    5.76%
 70701344 5731064        cutoff        2989371.0000  2818528.2490 4.65e+08    5.72%
 70805386 5669313        cutoff        2989371.0000  2820624.8870 4.65e+08    5.64%
 70913148 5612143        cutoff        2989371.0000  2821979.9118 4.66e+08    5.60%
 71015893 5545482        cutoff        2989371.0000  2823476.4534 4.66e+08    5.55%
 71127846 5487780        cutoff        2989371.0000  2825395.8515 4.67e+08    5.49%
 71229398 5428617        cutoff        2989371.0000  2827036.9001 4.67e+08    5.43%
Elapsed time = 8184.90 sec. (4047425.74 ticks, tree = 3054.18 MB, solutions = 6)
Nodefile size = 1106.71 MB (746.15 MB after compression)
 71329840 5356986        cutoff        2989371.0000  2828687.2662 4.68e+08    5.38%
 71437501 5318169        cutoff        2989371.0000  2830486.8070 4.68e+08    5.31%
 71542341 5241812        cutoff        2989371.0000  2832159.4081 4.69e+08    5.26%
 71645930 5176754        cutoff        2989371.0000  2833711.5290 4.69e+08    5.21%
 71752244 5102951  2928759.6513   115  2989371.0000  2835387.2481 4.70e+08    5.15%
 71849198 5036906  2894281.1599   112  2989371.0000  2836924.8499 4.70e+08    5.10%
 71954779 4988222  2986414.0817   118  2989371.0000  2838797.7509 4.71e+08    5.04%
 72060897 4904443  2922811.8253   121  2989371.0000  2840811.9795 4.71e+08    4.97%
 72164385 4841169        cutoff        2989371.0000  2842312.7958 4.72e+08    4.92%
 72260381 4786675        cutoff        2989371.0000  2844015.2617 4.72e+08    4.86%
Elapsed time = 8292.36 sec. (4085573.06 ticks, tree = 2719.89 MB, solutions = 6)
Nodefile size = 868.77 MB (585.83 MB after compression)
 72361448 4734071  2861098.5048   114  2989371.0000  2845745.8994 4.73e+08    4.80%
 72467198 4653103  2858027.0312   103  2989371.0000  2847699.9825 4.73e+08    4.74%
 72573792 4577218  2855520.9239   103  2989371.0000  2849121.7193 4.74e+08    4.69%
 72672060 4517926  2857527.4995   116  2989371.0000  2851102.2308 4.74e+08    4.63%
 72776454 4444864  2977328.6052   103  2989371.0000  2852675.4910 4.75e+08    4.57%
 72878701 4380372        cutoff        2989371.0000  2854427.1919 4.75e+08    4.51%
 72974056 4311341        cutoff        2989371.0000  2856104.9164 4.76e+08    4.46%
 73077720 4249540        cutoff        2989371.0000  2858169.8334 4.76e+08    4.39%
 73177419 4182528  2865679.3569   102  2989371.0000  2860044.3340 4.77e+08    4.33%
 73282927 4108279  2866367.1378    85  2989371.0000  2861686.2902 4.77e+08    4.27%
Elapsed time = 8400.74 sec. (4123720.29 ticks, tree = 2368.65 MB, solutions = 6)
Nodefile size = 625.84 MB (421.84 MB after compression)
 73382550 4045828        cutoff        2989371.0000  2863291.1097 4.77e+08    4.22%
 73490459 3981276  2981786.0870   103  2989371.0000  2865359.9385 4.78e+08    4.15%
 73591403 3908867  2946892.4139   104  2989371.0000  2866992.2640 4.78e+08    4.09%
 73694237 3844699        cutoff        2989371.0000  2868811.3423 4.79e+08    4.03%
 73791514 3794666        cutoff        2989371.0000  2870715.7812 4.79e+08    3.97%
 73896327 3704588        cutoff        2989371.0000  2872479.2660 4.80e+08    3.91%
 73992423 3641401        cutoff        2989371.0000  2874247.2676 4.80e+08    3.85%
 74100603 3580640  2888921.4401   101  2989371.0000  2876369.3524 4.81e+08    3.78%
 74197724 3498297  2972242.2173   111  2989371.0000  2878030.2353 4.81e+08    3.72%
 74295876 3434469        cutoff        2989371.0000  2879945.5657 4.82e+08    3.66%
Elapsed time = 8511.24 sec. (4161867.80 ticks, tree = 2011.06 MB, solutions = 6)
Nodefile size = 436.89 MB (294.29 MB after compression)
 74390314 3361718        cutoff        2989371.0000  2881995.1803 4.82e+08    3.59%
 74490884 3294500        cutoff        2989371.0000  2883897.6577 4.82e+08    3.53%
 74592116 3220820    infeasible        2989371.0000  2885524.2915 4.83e+08    3.47%
 74692504 3158383  2933895.3908    98  2989371.0000  2887648.2578 4.83e+08    3.40%
 74789802 3100464        cutoff        2989371.0000  2889527.5627 4.84e+08    3.34%
 74886060 3016858  2960430.0814    80  2989371.0000  2891465.7216 4.84e+08    3.28%
 74990743 2947843        cutoff        2989371.0000  2893480.7782 4.85e+08    3.21%
 75083541 2871196  2902005.1365   108  2989371.0000  2895281.5613 4.85e+08    3.15%
 75182356 2821288  2922233.8164   102  2989371.0000  2897492.4086 4.85e+08    3.07%
 75277082 2724597  2905807.7681   137  2989371.0000  2899376.5915 4.86e+08    3.01%
Elapsed time = 8621.13 sec. (4200015.37 ticks, tree = 1641.63 MB, solutions = 6)
Nodefile size = 288.92 MB (194.39 MB after compression)
 75379876 2648597        cutoff        2989371.0000  2901432.5658 4.86e+08    2.94%
 75478631 2597711        cutoff        2989371.0000  2903794.7303 4.87e+08    2.86%
 75567821 2533090        cutoff        2989371.0000  2905507.2999 4.87e+08    2.81%
 75669761 2449245  2951683.5849   115  2989371.0000  2907679.0178 4.87e+08    2.73%
 75767213 2366276  2916568.5360   121  2989371.0000  2909798.3068 4.88e+08    2.66%
 75861718 2292505        cutoff        2989371.0000  2911787.1248 4.88e+08    2.60%
 75959765 2203786  2918968.1685   120  2989371.0000  2913918.6196 4.89e+08    2.52%
 76057228 2154351  2960393.5786    98  2989371.0000  2915841.9081 4.89e+08    2.46%
 76147567 2084990        cutoff        2989371.0000  2918196.3017 4.89e+08    2.38%
 76245016 2001258  2927454.2640   125  2989371.0000  2920412.3443 4.90e+08    2.31%
Elapsed time = 8732.72 sec. (4238162.65 ticks, tree = 1250.87 MB, solutions = 6)
Nodefile size = 150.96 MB (101.18 MB after compression)
 76339462 1916843        cutoff        2989371.0000  2922640.1433 4.90e+08    2.23%
 76433673 1870438  2971761.4034    79  2989371.0000  2924722.8871 4.91e+08    2.16%
 76529008 1782439        cutoff        2989371.0000  2927310.3409 4.91e+08    2.08%
 76620157 1697450        cutoff        2989371.0000  2929219.2589 4.92e+08    2.01%
 76709514 1608797        cutoff        2989371.0000  2931881.7745 4.92e+08    1.92%
 76801815 1533531        cutoff        2989371.0000  2934109.2222 4.92e+08    1.85%
 76888568 1457661        cutoff        2989371.0000  2936669.3099 4.93e+08    1.76%
 76977926 1392586        cutoff        2989371.0000  2939387.4454 4.93e+08    1.67%
 77075420 1298006        cutoff        2989371.0000  2942058.6900 4.94e+08    1.58%
 77165166 1218248        cutoff        2989371.0000  2944741.7886 4.94e+08    1.49%
Elapsed time = 8848.79 sec. (4276310.05 ticks, tree = 850.61 MB, solutions = 6)
Nodefile size = 69.98 MB (46.71 MB after compression)
 77254193 1153200        cutoff        2989371.0000  2947362.7920 4.94e+08    1.41%
 77347756 1068336        cutoff        2989371.0000  2950198.5640 4.95e+08    1.31%
 77445534 999087        cutoff        2989371.0000  2953436.8912 4.95e+08    1.20%
 77531673 906991        cutoff        2989371.0000  2955746.2102 4.95e+08    1.12%
 77621295 825948  2963075.1210   118  2989371.0000  2958474.4071 4.96e+08    1.03%
 77711738 749559        cutoff        2989371.0000  2961597.3083 4.96e+08    0.93%
 77801387 667286        cutoff        2989371.0000  2964229.3837 4.96e+08    0.84%
 77895372 592447        cutoff        2989371.0000  2967371.1988 4.97e+08    0.74%
 77978638 508293        cutoff        2989371.0000  2970016.9649 4.97e+08    0.65%
 78070030 421746        cutoff        2989371.0000  2972831.2895 4.97e+08    0.55%
Elapsed time = 9029.23 sec. (4314457.32 ticks, tree = 431.46 MB, solutions = 6)
Nodefile size = 22.99 MB (15.39 MB after compression)
 78161816 338196        cutoff        2989371.0000  2975929.3029 4.98e+08    0.45%
 78251601 254845        cutoff        2989371.0000  2978886.3717 4.98e+08    0.35%
 78338534 176591        cutoff        2989371.0000  2981432.5361 4.98e+08    0.27%
 78431680 88591        cutoff        2989371.0000  2984712.5665 4.98e+08    0.16%
 78519382 22256  2988822.9641   107  2989371.0000  2987234.0120 4.99e+08    0.07%

Clique cuts applied:  14
Cover cuts applied:  6
Implied bound cuts applied:  1
Flow cuts applied:  1
Mixed integer rounding cuts applied:  4
Zero-half cuts applied:  1

Root node processing (before b&c):
  Real time             =    0.44 sec. (45.83 ticks)
Parallel b&c, 32 threads:
  Real time             = 9528.37 sec. (4336025.19 ticks)
  Sync time (average)   = 6720.85 sec.
  Wait time (average)   =    1.20 sec.
                          ------------
Total (root+branch&cut) = 9528.81 sec. (4336071.02 ticks)

Solution pool: 6 solutions saved.

MIP - Integer optimal solution:  Objective =  2.9893710000e+06
Solution time = 9528.82 sec.  Iterations = 498751977  Nodes = 78524333
Deterministic time = 4336071.02 ticks  (455.05 ticks/sec)

CPLEX> Incumbent solution written to file 'BKZ20-SVP_n46_seed0.sol'.
CPLEX> 