
Welcome to IBM(R) ILOG(R) CPLEX(R) Interactive Optimizer 12.8.0.0
  with Simplex, Mixed Integer & Barrier Optimizers
5725-A06 5725-A29 5724-Y48 5724-Y49 5724-Y54 5724-Y55 5655-Y21
Copyright IBM Corp. 1988, 2017.  All Rights Reserved.

Type 'help' for a list of available commands.
Type 'help' followed by a command name for more
information on commands.

CPLEX> New value for time limit in seconds: 86400
CPLEX> New value for mixed integer optimality gap tolerance: 1e-10
CPLEX> Problem 'BKZ20-SVP_n40_seed1.lp' read.
Read time = 0.01 sec. (0.13 ticks)
CPLEX> CPXPARAM_TimeLimit                               86400
CPXPARAM_MIP_Tolerances_MIPGap                   1e-10
Tried aggregator 2 times.
Aggregator did 40 substitutions.
Reduced MIQP has 201 rows, 404 columns, and 684 nonzeros.
Reduced MIQP has 284 binaries, 120 generals, 0 SOSs, and 0 indicators.
Reduced MIQP objective Q matrix has 1600 nonzeros.
Presolve time = 0.00 sec. (0.81 ticks)
Probing time = 0.00 sec. (0.33 ticks)
Tried aggregator 1 time.
Reduced MIQP has 201 rows, 404 columns, and 684 nonzeros.
Reduced MIQP has 284 binaries, 120 generals, 0 SOSs, and 0 indicators.
Reduced MIQP objective Q matrix has 1600 nonzeros.
Presolve time = 0.00 sec. (0.52 ticks)
Probing time = 0.00 sec. (0.34 ticks)
Clique table members: 626.
MIP emphasis: balance optimality and feasibility.
MIP search method: dynamic search.
Parallel mode: deterministic, using up to 32 threads.
Root relaxation solution time = 0.01 sec. (2.89 ticks)

        Nodes                                         Cuts/
   Node  Left     Objective  IInf  Best Integer    Best Bound    ItCnt     Gap

      0     0        0.0000    25                      0.0000       10         
*     0+    0                       1.72676e+08        0.0000           100.00%
      0     0        0.0000    29   1.72676e+08      Cuts: 53       44  100.00%
*     0+    0                       1.50737e+08        0.0000           100.00%
*     0+    0                       9.55914e+07        0.0000           100.00%
*     0+    0                      3009679.0000        0.0000           100.00%
      0     2        0.0000    29  3009679.0000        0.0000       44  100.00%
Elapsed time = 0.45 sec. (31.48 ticks, tree = 0.01 MB, solutions = 4)
   6611  4132    34830.0505    80  3009679.0000        0.0000    45624  100.00%
   9964  6319        cutoff        3009679.0000        0.0000    80862  100.00%
  13844  8545  2037681.2394   128  3009679.0000        0.0000   116825  100.00%
  17553  8899        0.0000    22  3009679.0000        0.0000   154745  100.00%
  19678  1576    15008.6196    82  3009679.0000        0.0000   167601  100.00%
  21438  2763  1817742.7122    54  3009679.0000        0.0000   174634  100.00%
  23900  4886        0.0000     5  3009679.0000        0.0000   188190  100.00%
  28473  8149    43252.7476    85  3009679.0000        0.0000   214854  100.00%
  34422 12226  1287923.8815   141  3009679.0000        0.0000   250480  100.00%
  67536 31367  1997652.4591    83  3009679.0000        0.0000   472517  100.00%
Elapsed time = 6.97 sec. (3191.20 ticks, tree = 16.17 MB, solutions = 4)
  97792 48824  1200186.8641    84  3009679.0000        0.0000   713802  100.00%
 128235 63386  2233871.7842    49  3009679.0000    21280.3550   906424   99.29%
 159618 72952  2609898.0115    40  3009679.0000    98546.2712  1088080   96.73%
 196614 90269  2821649.6279    84  3009679.0000   297162.8245  1376968   90.13%
 220034 107317  3002392.9183     3  3009679.0000   475275.4144  1627085   84.21%
 246919 120582  1089869.8419    90  3009679.0000   475275.4144  1815381   84.21%
 282630 141628        cutoff        3009679.0000   679817.7135  2106574   77.41%
 316213 163555  2421179.8881   115  3009679.0000   758565.8564  2408706   74.80%
 350120 182447  2370440.8679    87  3009679.0000   904109.1485  2665429   69.96%
 377412 198811  1463007.4967   113  3009679.0000   966892.4747  2888667   67.87%
Elapsed time = 25.56 sec. (12728.11 ticks, tree = 102.06 MB, solutions = 4)
 412742 219417  2668160.1870    88  3009679.0000   975633.6685  3168583   67.58%
 443589 239750  1227006.4763   107  3009679.0000  1047301.4490  3446135   65.20%
 478105 257758  1530069.3651   100  3009679.0000  1056278.8664  3693957   64.90%
 513603 276902  2082917.2417    88  3009679.0000  1127210.8904  3951646   62.55%
 545985 295491        cutoff        3009679.0000  1157814.8353  4198711   61.53%
 579421 314430  2820809.1465    74  3009679.0000  1187987.0233  4454759   60.53%
 613575 332798  2133162.0124    75  3009679.0000  1227434.0498  4702804   59.22%
 651092 353025  2040690.7080   102  3009679.0000  1230143.5931  4976229   59.13%
 683990 372734  2238443.4871   105  3009679.0000  1269707.2678  5243802   57.81%
 713584 392945  1322274.6812   113  3009679.0000  1283052.4675  5518507   57.37%
Elapsed time = 44.62 sec. (22265.19 ticks, tree = 196.23 MB, solutions = 4)
 751868 411355  2175708.5574    98  3009679.0000  1299381.0638  5770057   56.83%
 786107 429069  1522195.4966    97  3009679.0000  1312565.5642  6013928   56.39%
 820744 448287  2933744.6611    74  3009679.0000  1344567.8163  6281601   55.33%
 855053 466066  2185358.1164   102  3009679.0000  1358918.0170  6526406   54.85%
 890414 484707  2667145.5757    79  3009679.0000  1381391.2484  6785404   54.10%
 923318 505065  2006252.3009    96  3009679.0000  1396997.5019  7066759   53.58%
 958031 525876        cutoff        3009679.0000  1413968.0895  7355946   53.02%
 993931 541190  1947106.5660   101  3009679.0000  1433392.3975  7568325   52.37%
 1031435 561897  2023943.1919   104  3009679.0000  1447855.5238  7856678   51.89%
 1064197 579340  2632856.5612    93  3009679.0000  1463267.2316  8102989   51.38%
Elapsed time = 63.74 sec. (31802.12 ticks, tree = 295.89 MB, solutions = 4)
 1102430 596857        cutoff        3009679.0000  1479981.3509  8351191   50.83%
 1138382 619267  2483965.2773    64  3009679.0000  1495301.2176  8673637   50.32%
 1169757 632551  1787066.0388    76  3009679.0000  1511662.0352  8865952   49.77%
 1207473 650035  2003133.3909   105  3009679.0000  1521402.9212  9120627   49.45%
 1243705 672225  2136970.4737    97  3009679.0000  1538469.3051  9442728   48.88%
 1279858 690839  2370124.7564    98  3009679.0000  1552086.5851  9714515   48.43%
 1317791 707938  1961664.9254    99  3009679.0000  1561244.1378  9966043   48.13%
 1346896 722092  1774949.9651   110  3009679.0000  1570583.9003 10171112   47.82%
 1387613 738851  2310134.5794    74  3009679.0000  1588760.3823 10418937   47.21%
 1422186 761163  2787933.4697    61  3009679.0000  1594174.4504 10752248   47.03%
Elapsed time = 83.22 sec. (41339.09 ticks, tree = 384.09 MB, solutions = 4)
 1459880 775288  2660616.5614    80  3009679.0000  1608895.1019 10963383   46.54%
 1494539 792127  2608461.7995    80  3009679.0000  1621699.6043 11213142   46.12%
 1530295 807796  1733942.5312   112  3009679.0000  1631296.0570 11449254   45.80%
 1566376 830209  2776765.9189    79  3009679.0000  1641470.5004 11785573   45.46%
 1603763 848783  2644566.8445    83  3009679.0000  1653412.5436 12067089   45.06%
 1637006 861002  2702639.5982    97  3009679.0000  1663280.1470 12253108   44.74%
 1674334 877798  2029953.8052   100  3009679.0000  1672426.5950 12509430   44.43%
 1712137 899154  2837862.4266    83  3009679.0000  1682100.6956 12834297   44.11%
 1745513 913134  2575602.7337    81  3009679.0000  1687219.3935 13051185   43.94%
 1785649 928853  2152073.2661    98  3009679.0000  1698801.7045 13296111   43.56%
Elapsed time = 102.49 sec. (50876.07 ticks, tree = 469.21 MB, solutions = 4)
 1820494 948186  2714839.1466    76  3009679.0000  1710380.7886 13595881   43.17%
 1856524 960000  2157275.2328    94  3009679.0000  1715550.4489 13782881   43.00%
 1888374 977500  2876011.8424    71  3009679.0000  1728522.9175 14056883   42.57%
 1931064 998179  2437542.9608    79  3009679.0000  1738046.6686 14389941   42.25%
 1964957 1014473  2954767.2646    85  3009679.0000  1746721.4964 14651513   41.96%
 2002964 1029317  2055246.0126   102  3009679.0000  1754106.5295 14889799   41.72%
 2042384 1044098  2584520.6061    82  3009679.0000  1764517.8973 15126358   41.37%
 2076508 1061137  2727927.0730    74  3009679.0000  1769348.9455 15399898   41.21%
 2112809 1072467  2876734.2443    77  3009679.0000  1774929.5675 15581222   41.03%
 2148499 1092997  2184298.9302    99  3009679.0000  1786479.8047 15913396   40.64%
Elapsed time = 122.41 sec. (60413.08 ticks, tree = 553.45 MB, solutions = 4)
 2186034 1109927  2733948.4939    71  3009679.0000  1792776.4424 16191371   40.43%
 2223243 1123055  2710017.8214    89  3009679.0000  1800306.2428 16410373   40.18%
 2261910 1135757  2855745.8504    87  3009679.0000  1808727.1285 16620290   39.90%
 2296488 1155486  2454454.7367    79  3009679.0000  1813992.4560 16948066   39.73%
 2337326 1172177  2135563.9145   104  3009679.0000  1822525.7040 17221537   39.44%
 2372953 1186950  2363760.2946   103  3009679.0000  1825401.8954 17468402   39.35%
 2411155 1203294  2317987.7075   103  3009679.0000  1836819.5836 17742734   38.97%
 2446658 1213433  2636124.0896    77  3009679.0000  1843787.0531 17916537   38.74%
 2482199 1230397  2088527.6980    82  3009679.0000  1851598.8510 18204091   38.48%
 2516410 1245459  1884111.9209   101  3009679.0000  1856112.0670 18459824   38.33%
Elapsed time = 142.11 sec. (69950.03 ticks, tree = 635.70 MB, solutions = 4)
 2560297 1258358  1906013.3381   106  3009679.0000  1863752.7943 18683119   38.07%
 2593818 1279803  1894505.9540   102  3009679.0000  1869205.7852 19058554   37.89%
 2632793 1289511  2981257.4806    68  3009679.0000  1874732.1959 19229377   37.71%
 2671351 1304203  2344145.0983    75  3009679.0000  1880153.1933 19487160   37.53%
 2704490 1322269  2303958.5345    97  3009679.0000  1887101.4654 19803522   37.30%
 2745250 1337885  2262122.9452   102  3009679.0000  1894968.5971 20084091   37.04%
 2779656 1349777        cutoff        3009679.0000  1898568.1867 20299915   36.92%
 2817373 1359736  2998494.9325    70  3009679.0000  1908412.4463 20480831   36.59%
 2855252 1378550  2753348.0583    80  3009679.0000  1912248.1397 20823553   36.46%
 2891398 1393264  2856582.2871    87  3009679.0000  1917578.4896 21090920   36.29%
Elapsed time = 161.99 sec. (79486.96 ticks, tree = 701.75 MB, solutions = 4)
 2934163 1403832  2294805.9436    88  3009679.0000  1924588.8530 21282836   36.05%
 2969673 1420415  1999189.4872   112  3009679.0000  1928086.7399 21589316   35.94%
 3003734 1433782  2598423.4911    98  3009679.0000  1933919.8811 21842301   35.74%
 3042168 1449198  2538759.9183    90  3009679.0000  1940796.1576 22127321   35.51%
 3077291 1456677  1967562.6622    97  3009679.0000  1945811.2749 22268082   35.35%
 3121565 1471417  2228828.0335    83  3009679.0000  1952375.3704 22552463   35.13%
 3148104 1486622  2667289.0239    95  3009679.0000  1956024.7227 22842291   35.01%
 3194493 1504675  2244676.8264    71  3009679.0000  1963535.6524 23190559   34.76%
 3229919 1511904  2208107.0214    89  3009679.0000  1966054.2776 23333417   34.68%
 3380572 1563183  2076029.6152   106  3009679.0000  1990298.7988 24331077   33.87%
Elapsed time = 188.56 sec. (91884.84 ticks, tree = 797.05 MB, solutions = 4)
 3533987 1618509  2769949.5950   108  3009679.0000  2009853.3819 25434050   33.22%
 3678638 1669806  2868088.6482    51  3009679.0000  2026918.4278 26500789   32.65%
 3836849 1715751  2477283.3305    87  3009679.0000  2046692.1784 27494981   32.00%
 3986620 1765019  2408172.2057   103  3009679.0000  2063472.9322 28588255   31.44%
 4135600 1805419  2214186.0367    96  3009679.0000  2081307.4844 29518178   30.85%
 4289009 1852471  2261012.5218    94  3009679.0000  2101389.7370 30621598   30.18%
 4438401 1888381  2245309.6937    95  3009679.0000  2116038.7249 31509117   29.69%
 4587914 1927948  2398845.0116    85  3009679.0000  2133617.3232 32533857   29.11%
 4745148 1967263  2841916.6627    82  3009679.0000  2148700.6035 33536753   28.61%
 4894298 2006796  2601734.5331    93  3009679.0000  2165074.4041 34617842   28.06%
Elapsed time = 271.48 sec. (130032.02 ticks, tree = 1017.20 MB, solutions = 4)
 5044268 2042356  2961320.8041    93  3009679.0000  2181025.7704 35648842   27.53%
 5196432 2075097        cutoff        3009679.0000  2195268.4098 36640120   27.06%
 5344013 2107274  2406928.2018    86  3009679.0000  2209696.0228 37632823   26.58%
 5504197 2132821  2298367.2982    69  3009679.0000  2222122.6914 38449949   26.17%
 5659634 2164935  2432487.3685   103  3009679.0000  2238302.1327 39560237   25.63%
 5803483 2191878        cutoff        3009679.0000  2252175.4157 40575388   25.17%
 5954067 2216733  2472200.8293    82  3009679.0000  2265681.6178 41551540   24.72%
 6122998 2243008        cutoff        3009679.0000  2278116.4785 42633436   24.31%
 6257710 2262737  2809851.3528    85  3009679.0000  2290286.2571 43538642   23.90%
 6416936 2283807  2687547.4698    78  3009679.0000  2305310.6796 44572687   23.40%
Elapsed time = 355.27 sec. (168179.19 ticks, tree = 1168.31 MB, solutions = 4)
 6562482 2300577  2347154.8630    87  3009679.0000  2317251.8635 45412687   23.01%
 6723516 2321386  2606176.1684   100  3009679.0000  2328131.1713 46594091   22.65%
 6875109 2335613  2364538.1435    90  3009679.0000  2339551.9572 47454930   22.27%
 7029534 2348532  2630594.7397    90  3009679.0000  2352667.9024 48341691   21.83%
 7180304 2364454  2961665.9932    86  3009679.0000  2364557.2876 49491003   21.43%
 7336307 2376235  2550383.7105    78  3009679.0000  2375300.4845 50463231   21.08%
 7490947 2384074  2570127.8711    89  3009679.0000  2386859.3855 51169107   20.69%
 7641728 2395561        cutoff        3009679.0000  2396898.4658 52410722   20.36%
 7791244 2401509  2851756.7708    78  3009679.0000  2407890.3754 53189985   20.00%
 7947981 2407152  2798327.2075    76  3009679.0000  2419863.4445 54152821   19.60%
Elapsed time = 440.68 sec. (206326.44 ticks, tree = 1226.93 MB, solutions = 4)
 8095647 2410349  2937556.6723    82  3009679.0000  2429446.2444 55134773   19.28%
 8249149 2412046  2652895.3745    80  3009679.0000  2440075.7025 56059803   18.93%
 8403481 2411768  2946630.1409    99  3009679.0000  2449703.4021 57080017   18.61%
 8553241 2411269  2936865.1768   102  3009679.0000  2461136.2764 57869867   18.23%
 8721876 2409894  2986830.1518    99  3009679.0000  2472362.2694 58771444   17.85%
 8877158 2408474  2558371.8182    94  3009679.0000  2481646.0573 59680415   17.54%
 9021686 2403569  2929626.3875    99  3009679.0000  2491560.0375 60745122   17.22%
 9180048 2400520  2540464.8030    84  3009679.0000  2498603.4499 61698722   16.98%
 9332096 2395253        cutoff        3009679.0000  2510083.8048 62488141   16.60%
 9493584 2389708  2837949.7621    72  3009679.0000  2520719.9707 63480652   16.25%
Elapsed time = 528.62 sec. (244473.66 ticks, tree = 1220.76 MB, solutions = 4)
 9646230 2384316  2941588.7350    62  3009679.0000  2529663.8736 64473249   15.95%
 9801952 2378445  2903766.7341    79  3009679.0000  2536510.7609 65264028   15.72%
 9968737 2374505  2572637.2034    94  3009679.0000  2545852.4639 66137622   15.41%
 10128080 2368863  2605748.1617    89  3009679.0000  2555345.8847 66902060   15.10%
 10284037 2360091        cutoff        3009679.0000  2563257.8755 67966605   14.83%
 10433642 2355089  2910825.1305    70  3009679.0000  2570473.5376 68646707   14.59%
 10596733 2345848  2747910.2606    86  3009679.0000  2581049.6155 69656781   14.24%
 10746177 2333574  2982266.3152    76  3009679.0000  2589472.5424 70568362   13.96%
 10903848 2323759  2774228.7250    67  3009679.0000  2597090.5913 71285735   13.71%
 11053826 2309302  2713479.9641    78  3009679.0000  2603985.9016 72345535   13.48%
Elapsed time = 619.83 sec. (282620.87 ticks, tree = 1185.72 MB, solutions = 4)
 11207691 2297362        cutoff        3009679.0000  2613399.9302 73031460   13.17%
 11363259 2277903        cutoff        3009679.0000  2621337.2932 74002807   12.90%
 11508208 2260768  2743447.6677    88  3009679.0000  2629224.2138 74770048   12.64%
 11664437 2238867  2861150.6864    82  3009679.0000  2637856.9928 75734613   12.35%
 11824880 2222832  2976060.4147    88  3009679.0000  2645476.1557 76412903   12.10%
 11971995 2201753  2815601.0136    85  3009679.0000  2653906.1785 77238518   11.82%
 12123031 2176320  2737447.5662    88  3009679.0000  2661090.4429 78189063   11.58%
 12265211 2154419        cutoff        3009679.0000  2668881.5229 78892852   11.32%
 12411651 2128301        cutoff        3009679.0000  2676648.9598 79672887   11.07%
 12558218 2097957  2902589.7092    84  3009679.0000  2684842.4584 80493412   10.79%
Elapsed time = 713.28 sec. (320768.07 ticks, tree = 1089.43 MB, solutions = 4)
 12704608 2074686  2718624.3992    99  3009679.0000  2691431.1681 81106381   10.57%
 12851970 2036660  3007566.3954    92  3009679.0000  2699753.3030 81996140   10.30%
 13001390 1999744  2770044.0623    81  3009679.0000  2707436.1060 82760252   10.04%
 13147786 1973138  2876202.5461    70  3009679.0000  2714912.1996 83314674    9.79%
 13284618 1920106        cutoff        3009679.0000  2722432.9877 84302413    9.54%
 13423476 1889197  2945579.5633    80  3009679.0000  2731266.5703 84849170    9.25%
 13577038 1849443        cutoff        3009679.0000  2738477.3530 85529721    9.01%
 13708734 1793470        cutoff        3009679.0000  2746423.8698 86433717    8.75%
 13852650 1764286        cutoff        3009679.0000  2754273.5679 86879620    8.49%
 13990418 1707121        cutoff        3009679.0000  2761765.9132 87699765    8.24%
Elapsed time = 810.53 sec. (358915.28 ticks, tree = 903.19 MB, solutions = 4)
 14122452 1658627        cutoff        3009679.0000  2769279.6814 88364118    7.99%
 14262731 1605049        cutoff        3009679.0000  2777376.8678 89051718    7.72%
 14393003 1546711        cutoff        3009679.0000  2785384.7646 89770034    7.45%
 14534834 1481989  3000511.2054    93  3009679.0000  2793146.3015 90519368    7.19%
 14671056 1418765        cutoff        3009679.0000  2801779.5490 91210672    6.91%
 14808419 1372840        cutoff        3009679.0000  2810206.7276 91691713    6.63%
 14933160 1307216  2894039.8160    90  3009679.0000  2819121.8681 92348901    6.33%
 15063588 1259294  3000651.2413    89  3009679.0000  2828192.6453 92811751    6.03%
 15201391 1162834  2880143.0015    69  3009679.0000  2837767.2113 93700978    5.71%
 15326725 1090020        cutoff        3009679.0000  2847531.2164 94332886    5.39%
Elapsed time = 916.38 sec. (397062.48 ticks, tree = 622.27 MB, solutions = 4)
 15456881 1053300  2875169.1010    83  3009679.0000  2856659.5112 94641966    5.08%
 15578809 972613        cutoff        3009679.0000  2867518.6998 95292486    4.72%
 15705923 877647        cutoff        3009679.0000  2877549.0987 96023874    4.39%
 15835161 799811        cutoff        3009679.0000  2888008.4865 96593105    4.04%
 15958036 723245        cutoff        3009679.0000  2898627.6718 97136599    3.69%
 16077446 647582        cutoff        3009679.0000  2910582.9335 97649713    3.29%
 16200955 565122        cutoff        3009679.0000  2920630.9553 98175995    2.96%
 16317172 479532  2999593.1378    71  3009679.0000  2933545.0879 98699926    2.53%
 16432685 390622  2955162.7409    81  3009679.0000  2946137.8308 99208526    2.11%
 16542398 303635        cutoff        3009679.0000  2959228.5163 99673643    1.68%
Elapsed time = 1082.06 sec. (435209.76 ticks, tree = 256.58 MB, solutions = 4)
 16654449 208337  2980881.2649    89  3009679.0000  2973057.5057 1.00e+08    1.22%
 16764250 111947        cutoff        3009679.0000  2987464.7004 1.01e+08    0.74%
 16869539 13802        cutoff        3009679.0000  3001723.1536 1.01e+08    0.26%

Clique cuts applied:  15
Cover cuts applied:  5
Mixed integer rounding cuts applied:  1
Gomory fractional cuts applied:  2

Root node processing (before b&c):
  Real time             =    0.41 sec. (33.16 ticks)
Parallel b&c, 32 threads:
  Real time             = 1393.44 sec. (448026.87 ticks)
  Sync time (average)   =  863.57 sec.
  Wait time (average)   =    0.36 sec.
                          ------------
Total (root+branch&cut) = 1393.86 sec. (448060.03 ticks)

Solution pool: 4 solutions saved.

MIP - Integer optimal solution:  Objective =  3.0096790000e+06
Solution time = 1393.86 sec.  Iterations = 100993535  Nodes = 16883787
Deterministic time = 448060.03 ticks  (321.45 ticks/sec)

CPLEX> Incumbent solution written to file 'BKZ20-SVP_n40_seed1.sol'.
CPLEX> 