
Welcome to IBM(R) ILOG(R) CPLEX(R) Interactive Optimizer 12.8.0.0
  with Simplex, Mixed Integer & Barrier Optimizers
5725-A06 5725-A29 5724-Y48 5724-Y49 5724-Y54 5724-Y55 5655-Y21
Copyright IBM Corp. 1988, 2017.  All Rights Reserved.

Type 'help' for a list of available commands.
Type 'help' followed by a command name for more
information on commands.

CPLEX> New value for time limit in seconds: 86400
CPLEX> New value for mixed integer optimality gap tolerance: 1e-10
CPLEX> Problem 'BKZ20-SVP_n40_seed2.lp' read.
Read time = 0.01 sec. (0.13 ticks)
CPLEX> CPXPARAM_TimeLimit                               86400
CPXPARAM_MIP_Tolerances_MIPGap                   1e-10
Tried aggregator 2 times.
Aggregator did 40 substitutions.
Reduced MIQP has 201 rows, 386 columns, and 666 nonzeros.
Reduced MIQP has 266 binaries, 120 generals, 0 SOSs, and 0 indicators.
Reduced MIQP objective Q matrix has 1600 nonzeros.
Presolve time = 0.00 sec. (0.78 ticks)
Probing time = 0.00 sec. (0.31 ticks)
Tried aggregator 1 time.
Reduced MIQP has 201 rows, 386 columns, and 666 nonzeros.
Reduced MIQP has 266 binaries, 120 generals, 0 SOSs, and 0 indicators.
Reduced MIQP objective Q matrix has 1600 nonzeros.
Presolve time = 0.00 sec. (0.51 ticks)
Probing time = 0.00 sec. (0.31 ticks)
Clique table members: 534.
MIP emphasis: balance optimality and feasibility.
MIP search method: dynamic search.
Parallel mode: deterministic, using up to 32 threads.
Root relaxation solution time = 0.01 sec. (2.90 ticks)

        Nodes                                         Cuts/
   Node  Left     Objective  IInf  Best Integer    Best Bound    ItCnt     Gap

      0     0        0.0000    32                      0.0000       10         
*     0+    0                       5.99660e+08        0.0000           100.00%
      0     0        0.0000    34   5.99660e+08       Cuts: 7       14  100.00%
*     0+    0                       5.00536e+08        0.0000           100.00%
*     0+    0                       1.16636e+08        0.0000           100.00%
*     0+    0                       1.54384e+07        0.0000           100.00%
*     0+    0                      3859605.0000        0.0000           100.00%
*     0+    0                      2841013.0000        0.0000           100.00%
      0     2        0.0000    34  2841013.0000        0.0000       14  100.00%
Elapsed time = 0.54 sec. (27.70 ticks, tree = 0.01 MB, solutions = 6)
   8077  4921  1471729.3199    69  2841013.0000        0.0000    55708  100.00%
  13505  8841        cutoff        2841013.0000        0.0000   116336  100.00%
  18203 11910        0.0000     5  2841013.0000        0.0000   166059  100.00%
  20320   868   368600.6977    33  2841013.0000        0.0000   189311  100.00%
  23624  3443   866766.6298    29  2841013.0000        0.0000   204521  100.00%
  24573  4238   637583.5505    43  2841013.0000        0.0000   210310  100.00%
  28575  6941        0.0000     5  2841013.0000        0.0000   230436  100.00%
  34239 10646   146609.0718    70  2841013.0000        0.0000   266553  100.00%
  40184 14161    67172.4697    71  2841013.0000        0.0000   304496  100.00%
  72317 29920  1597577.3059    71  2841013.0000        0.0000   520473  100.00%
Elapsed time = 7.27 sec. (3127.47 ticks, tree = 16.37 MB, solutions = 6)
 103040 43742  2373419.1988    37  2841013.0000        0.0000   772203  100.00%
 135215 55344  1919364.0288    56  2841013.0000    99025.6937   988615   96.51%
 171952 68234  1352588.6153   105  2841013.0000   280319.8542  1270023   90.13%
 207846 87451  1305771.1863    74  2841013.0000   591552.0697  1555111   79.18%
 231278 99506        cutoff        2841013.0000   604816.4159  1731072   78.71%
 264034 117261  1268695.0390   105  2841013.0000   753540.0402  1977301   73.48%
 301589 142062  2528949.5604    95  2841013.0000   862702.8041  2327609   69.63%
 331410 161751  2073237.5957    84  2841013.0000   944169.7499  2608607   66.77%
 363562 176461  1825778.5911   105  2841013.0000  1034847.2211  2820871   63.57%
 395934 194742  1256147.6722    79  2841013.0000  1045918.8129  3080426   63.19%
Elapsed time = 25.73 sec. (12664.42 ticks, tree = 99.76 MB, solutions = 6)
 429941 215845  1803803.8510    92  2841013.0000  1109646.7229  3374625   60.94%
 463832 232402  2674249.7259    84  2841013.0000  1146204.0625  3609974   59.66%
 500214 250329        cutoff        2841013.0000  1204573.0893  3860048   57.60%
 533188 272260  2029475.1989    88  2841013.0000  1234911.9695  4170023   56.53%
 568056 286769  1360793.5460    93  2841013.0000  1268989.8287  4374326   55.33%
 603802 308826  2620527.7778    82  2841013.0000  1295906.1219  4683845   54.39%
 639591 327121  2332051.8297    90  2841013.0000  1320320.0659  4942250   53.53%
 671224 345561  2454430.0073    78  2841013.0000  1356426.5665  5204141   52.26%
 708984 365915  2258557.9154    95  2841013.0000  1385700.4179  5496392   51.23%
 742144 383138  1923719.9050    90  2841013.0000  1398531.0735  5751285   50.77%
Elapsed time = 44.35 sec. (22201.48 ticks, tree = 190.15 MB, solutions = 6)
 776271 396988  2003682.8275    92  2841013.0000  1406011.9556  5957609   50.51%
 811647 417357  1592999.6824    94  2841013.0000  1438090.8249  6262956   49.38%
 848942 432308        cutoff        2841013.0000  1462902.3078  6492505   48.51%
 883487 452089  1909428.5130   100  2841013.0000  1479795.6200  6797137   47.91%
 918653 467084  2700876.3644    90  2841013.0000  1492330.1967  7029985   47.47%
 953667 481861  2235507.1885    68  2841013.0000  1521037.0038  7264147   46.46%
 990726 500700  2824929.5470    58  2841013.0000  1533605.8170  7560777   46.02%
 1025295 517239        cutoff        2841013.0000  1553338.2877  7826144   45.32%
 1058632 528429  2664243.5016    77  2841013.0000  1559784.1011  8006785   45.10%
 1094188 545496  2411477.6168    75  2841013.0000  1578843.1778  8283468   44.43%
Elapsed time = 63.58 sec. (31738.65 ticks, tree = 273.04 MB, solutions = 6)
 1130160 560154  2727379.3960    84  2841013.0000  1589298.4279  8522491   44.06%
 1166737 580153  2244269.5437    98  2841013.0000  1611854.1547  8846284   43.26%
 1204739 595903  1875224.2572   113  2841013.0000  1630364.1753  9111716   42.61%
 1240549 608463  2222407.7626    87  2841013.0000  1635056.4330  9322836   42.45%
 1272264 623260  1860688.2332    95  2841013.0000  1648387.1886  9574144   41.98%
 1312532 636563  1947150.3702    91  2841013.0000  1665886.0918  9803408   41.36%
 1348457 652531  2716881.2968    98  2841013.0000  1678306.1017 10082196   40.93%
 1383560 669731  1906951.5482   100  2841013.0000  1694011.7791 10383356   40.37%
 1417421 681677  2759946.2324    84  2841013.0000  1708251.9524 10600009   39.87%
 1456613 696669        cutoff        2841013.0000  1718942.7175 10870765   39.50%
Elapsed time = 82.47 sec. (41275.74 ticks, tree = 354.01 MB, solutions = 6)
 1490476 711592  2836554.5988    79  2841013.0000  1728312.5522 11141518   39.17%
 1529671 723625  2250448.4735    91  2841013.0000  1737767.5445 11360858   38.83%
 1563355 739500        cutoff        2841013.0000  1750592.7640 11658577   38.38%
 1598961 751018        cutoff        2841013.0000  1760083.3822 11879811   38.05%
 1637587 766673  1902925.3234    80  2841013.0000  1768675.1232 12177041   37.74%
 1675951 775497  2137999.4304    97  2841013.0000  1789176.0203 12347461   37.02%
 1710091 791990  2224839.0685    75  2841013.0000  1793563.5279 12665791   36.87%
 1744838 805540  1841508.2715    98  2841013.0000  1811563.7652 12931752   36.24%
 1780898 813594        cutoff        2841013.0000  1813433.7041 13096085   36.17%
 1817650 827222  2828445.8167    72  2841013.0000  1826525.5061 13369313   35.71%
Elapsed time = 101.38 sec. (50812.83 ticks, tree = 422.32 MB, solutions = 6)
 1855649 842414  2820676.5733    87  2841013.0000  1833606.5800 13677942   35.46%
 1894948 855913        cutoff        2841013.0000  1844161.4429 13958450   35.09%
 1929640 865594  2410987.5071    75  2841013.0000  1848236.1047 14165584   34.94%
 1963812 876928  2607042.6548    94  2841013.0000  1864831.2941 14408509   34.36%
 2000676 889219  2108023.8544    93  2841013.0000  1870619.2838 14675715   34.16%
 2038067 899213  2766652.3552    79  2841013.0000  1880379.9013 14896175   33.81%
 2074720 911744  2014081.6837   106  2841013.0000  1885006.0710 15177367   33.65%
 2113518 924735  2474457.2981    83  2841013.0000  1897962.3212 15474455   33.19%
 2146221 933542  2141079.9568    94  2841013.0000  1901947.9540 15678903   33.05%
 2185195 943051  2810185.6414    79  2841013.0000  1915461.5392 15909139   32.58%
Elapsed time = 120.98 sec. (60349.81 ticks, tree = 474.30 MB, solutions = 6)
 2221530 956860  2080136.4766    91  2841013.0000  1924785.0907 16235514   32.25%
 2260649 968008        cutoff        2841013.0000  1931385.1876 16511739   32.02%
*2279685 970724      integral     0  2728263.0000  1936534.7684 16581801   29.02%
 2319417 878331  2080523.8460    86  2728263.0000  1940832.3338 16907951   28.86%
 2356762 884646  2178115.3589   100  2728263.0000  1951265.3780 17143622   28.48%
 2394452 890410  2240017.2832    89  2728263.0000  1960345.7889 17364669   28.15%
 2429249 895254  2452542.7159    84  2728263.0000  1964418.0125 17558433   28.00%
 2464728 901929  2257299.8316    94  2728263.0000  1973779.1488 17834235   27.65%
 2503166 908971        cutoff        2728263.0000  1987670.2556 18125582   27.15%
 2538425 913501        cutoff        2728263.0000  1996908.1807 18327006   26.81%
Elapsed time = 139.83 sec. (69525.28 ticks, tree = 459.75 MB, solutions = 7)
 2574953 919126  2520489.8351    87  2728263.0000  2000378.7292 18589791   26.68%
 2614626 923828  2244120.7635   100  2728263.0000  2007108.2698 18841000   26.43%
 2649069 929612  2508599.9561    96  2728263.0000  2014870.6728 19143768   26.15%
 2678879 931807  2526660.7883    85  2728263.0000  2024030.2417 19270939   25.81%
 2718274 935432        cutoff        2728263.0000  2031374.9009 19484831   25.54%
 2757569 941611  2287602.9973    91  2728263.0000  2042403.3950 19880910   25.14%
 2793549 944327  2103271.6880    88  2728263.0000  2050984.9267 20084128   24.82%
 2830989 947994  2093198.5121    76  2728263.0000  2057891.7622 20363232   24.57%
 2866263 950005  2683052.1694    85  2728263.0000  2062535.8476 20539841   24.40%
 2905330 953396        cutoff        2728263.0000  2068563.6744 20847470   24.18%
Elapsed time = 159.39 sec. (79062.41 ticks, tree = 477.57 MB, solutions = 7)
 2936500 955227  2330327.2715    89  2728263.0000  2079005.7885 21017518   23.80%
 2973628 956888  2189382.8764   100  2728263.0000  2085408.3548 21204579   23.56%
 3005832 959003        cutoff        2728263.0000  2092222.1823 21486130   23.31%
 3049922 960909  2691454.9706    82  2728263.0000  2097980.7877 21816414   23.10%
 3083554 961922  2604372.4671    84  2728263.0000  2111544.7647 21970222   22.60%
 3121307 962863  2404127.4671    86  2728263.0000  2117208.3436 22190317   22.40%
 3157686 963648  2660330.2460    87  2728263.0000  2121291.4405 22443201   22.25%
 3186441 963967  2445125.2038    88  2728263.0000  2128834.4860 22745791   21.97%
 3226297 963986  2513656.2578    86  2728263.0000  2134919.3903 22878386   21.75%
 3370968 960806        cutoff        2728263.0000  2165684.5640 23901416   20.62%
Elapsed time = 185.38 sec. (91460.46 ticks, tree = 481.51 MB, solutions = 7)
 3517390 952557  2608684.6317    78  2728263.0000  2196378.2951 24878677   19.50%
 3656095 939977        cutoff        2728263.0000  2219198.7699 25775145   18.66%
 3794616 921087  2331497.4044    90  2728263.0000  2246193.0587 26736854   17.67%
 3934160 899834  2707646.0599    71  2728263.0000  2274176.8446 27565816   16.64%
 4066565 869455  2699198.5256    81  2728263.0000  2301492.2473 28501698   15.64%
 4203398 835054  2378358.3878    86  2728263.0000  2326993.1796 29368831   14.71%
 4332103 794157  2391729.2956    89  2728263.0000  2352219.0812 30239552   13.78%
 4459435 747725        cutoff        2728263.0000  2381028.2743 31090039   12.73%
 4594358 702533  2597347.3354    82  2728263.0000  2406627.0706 31800442   11.79%
 4717309 638237  2625885.7211    85  2728263.0000  2436115.5016 32702126   10.71%
Elapsed time = 271.83 sec. (129607.81 ticks, tree = 337.12 MB, solutions = 7)
 4841478 578471        cutoff        2728263.0000  2467045.9781 33436432    9.57%
 4964034 513651  2530876.9380    83  2728263.0000  2497460.2173 34139524    8.46%
 5084391 436255        cutoff        2728263.0000  2528372.4267 34880755    7.33%
 5197926 359163  2599678.1856    80  2728263.0000  2562087.9742 35526836    6.09%
 5313951 275213        cutoff        2728263.0000  2592674.1435 36147685    4.97%
 5425545 182904        cutoff        2728263.0000  2635900.2051 36734274    3.39%
 5531200 91661  2692186.7730    88  2728263.0000  2672976.6385 37225351    2.03%
 5629687 10640  2725175.3788    96  2728263.0000  2714943.1376 37563297    0.49%

Clique cuts applied:  3
Cover cuts applied:  1

Root node processing (before b&c):
  Real time             =    0.47 sec. (28.06 ticks)
Parallel b&c, 32 threads:
  Real time             =  464.34 sec. (161244.36 ticks)
  Sync time (average)   =  275.66 sec.
  Wait time (average)   =    0.15 sec.
                          ------------
Total (root+branch&cut) =  464.82 sec. (161272.42 ticks)

Solution pool: 7 solutions saved.

MIP - Integer optimal solution:  Objective =  2.7282630000e+06
Solution time =  464.83 sec.  Iterations = 37596974  Nodes = 5630909
Deterministic time = 161272.42 ticks  (346.95 ticks/sec)

CPLEX> Incumbent solution written to file 'BKZ20-SVP_n40_seed2.sol'.
CPLEX> 