0s [1999/1153(2000)] dpt:17 [ 1198387.000, 487752.600, 2438763.000, 80.000%] cutoff:37 AF:0.931
0s [3000/1693(3001)] dpt:13 [ 1367460.000, 731628.900, 2438763.000, 70.000%] cutoff:24 AF:0.931
0s [4000/2224(4001)] dpt:22 [ 1959955.000, 731628.900, 2438763.000, 70.000%] cutoff:24 AF:0.931
0s [5000/2741(5000)] dpt:22 [ 2096917.000, 731628.900, 2438763.000, 70.000%] cutoff:27 AF:0.931
0s [5001/2741(5001)] dpt:23 [ 2302326.000, 731628.900, 2438763.000, 70.000%] cutoff:0 AF:0.931
0s [5999/3259(6000)] dpt:11 [ 909607.000, 731628.900, 2438763.000, 70.000%] cutoff:26 AF:0.931
0s [6999/3739(7000)] dpt:22 [ 1842273.000, 975505.200, 2438763.000, 60.000%] cutoff:31 AF:0.931
0s [7999/4210(8000)] dpt:11 [ 1243711.000, 975505.200, 2438763.000, 60.000%] cutoff:34 AF:0.931
0s [9999/5140(10000)] dpt:10 [ 1254636.000, 975505.200, 2438763.000, 60.000%] cutoff:69 AF:0.931
0s [11000/5617(11000)] dpt:13 [ 1771101.000, 975505.200, 2438763.000, 60.000%] cutoff:32 AF:0.931
0s [12000/6104(12001)] dpt:16 [ 1505154.000, 975505.200, 2438763.000, 60.000%] cutoff:31 AF:0.931
0s [13000/6596(13001)] dpt:15 [ 1730957.000, 975505.200, 2438763.000, 60.000%] cutoff:32 AF:0.931
0s [14000/7073(14001)] dpt:13 [ 1370795.000, 975505.200, 2438763.000, 60.000%] cutoff:34 AF:0.931
0s [14999/7524(15000)] dpt:14 [ 1213688.000, 975505.200, 2438763.000, 60.000%] cutoff:35 AF:0.931
0s [16000/8006(16001)] dpt:16 [ 1571636.000, 975505.200, 2438763.000, 60.000%] cutoff:32 AF:0.931
0s [17000/8474(17000)] dpt:18 [ 2218374.000, 1219381.500, 2438763.000, 50.000%] cutoff:35 AF:0.931
0s [17001/8474(17001)] dpt:19 [ 2224344.000, 1219381.500, 2438763.000, 50.000%] cutoff:0 AF:0.931
0s [17999/8894(18000)] dpt:21 [ 1711495.000, 1219381.500, 2438763.000, 50.000%] cutoff:43 AF:0.931
0s [18001/8894(18001)] dpt:22 [ 1734951.000, 1219381.500, 2438763.000, 50.000%] cutoff:0 AF:0.931
0s [18999/9311(19000)] dpt:10 [ 1404264.000, 1219381.500, 2438763.000, 50.000%] cutoff:49 AF:0.931
0s [21000/10092(21001)] dpt:18 [ 2149923.000, 1219381.500, 2438763.000, 50.000%] cutoff:96 AF:0.931
0s [22000/10533(22000)] dpt:24 [ 2202218.000, 1219381.500, 2438763.000, 50.000%] cutoff:42 AF:0.931
0s [22001/10533(22001)] dpt:25 [ 2211056.000, 1219381.500, 2438763.000, 50.000%] cutoff:0 AF:0.931
0s [22999/10928(23000)] dpt:23 [ 2237587.000, 1219381.500, 2438763.000, 50.000%] cutoff:46 AF:0.931
0s [23001/10928(23001)] dpt:24 [ 2244971.000, 1219381.500, 2438763.000, 50.000%] cutoff:0 AF:0.931
0s [23999/11362(24000)] dpt:13 [ 1273756.000, 1219381.500, 2438763.000, 50.000%] cutoff:43 AF:0.931
0s [25001/11750(25001)] dpt:18 [ 1432347.000, 1219381.500, 2438763.000, 50.000%] cutoff:49 AF:0.931
0s [26001/12165(26001)] dpt:19 [ 1675678.000, 1219381.500, 2438763.000, 50.000%] cutoff:46 AF:0.931
0s [27001/12563(27001)] dpt:17 [ 1595942.000, 1219381.500, 2438763.000, 50.000%] cutoff:46 AF:0.931
0s [28001/12963(28001)] dpt:15 [ 1824943.000, 1219381.500, 2438763.000, 50.000%] cutoff:42 AF:0.931
0s [28999/13376(29000)] dpt:16 [ 1422601.000, 1219381.500, 2438763.000, 50.000%] cutoff:44 AF:0.931
0s [30000/13787(30001)] dpt:10 [ 1321955.000, 1219381.500, 2438763.000, 50.000%] cutoff:48 AF:0.931
0s [31000/14186(31000)] dpt:24 [ 2270699.000, 1219381.500, 2438763.000, 50.000%] cutoff:45 AF:0.931
0s [32000/14571(32000)] dpt:23 [ 2116526.000, 1219381.500, 2438763.000, 50.000%] cutoff:50 AF:0.931
0s [32001/14571(32001)] dpt:24 [ 2163337.000, 1219381.500, 2438763.000, 50.000%] cutoff:0 AF:0.931
0s [33000/14986(33000)] dpt:7 [ 1564239.000, 1219381.500, 2438763.000, 50.000%] cutoff:45 AF:0.931
0s [35000/15830(35000)] dpt:15 [ 1901040.000, 1219381.500, 2438763.000, 50.000%] cutoff:86 AF:0.931
0s [35999/16220(36000)] dpt:13 [ 1461752.000, 1219381.500, 2438763.000, 50.000%] cutoff:46 AF:0.931
0s [37001/16612(37001)] dpt:25 [ 1924082.000, 1219381.500, 2438763.000, 50.000%] cutoff:45 AF:0.931
0s [38001/17023(38001)] dpt:15 [ 1584802.000, 1219381.500, 2438763.000, 50.000%] cutoff:43 AF:0.931
0s [38999/17449(39000)] dpt:12 [ 1539894.000, 1219381.500, 2438763.000, 50.000%] cutoff:42 AF:0.931
0s [40000/17858(40000)] dpt:17 [ 2261353.000, 1463257.800, 2438763.000, 40.000%] cutoff:48 AF:0.931
0s [41000/18184(41000)] dpt:25 [ 2299941.000, 1463257.800, 2438763.000, 40.000%] cutoff:67 AF:0.931
0s [41001/18183(41001)] dpt:22 [ 1682095.000, 1463257.800, 2438763.000, 40.000%] cutoff:1 AF:0.931
0s [42000/18499(42000)] dpt:24 [ 2218826.000, 1463257.800, 2438763.000, 40.000%] cutoff:68 AF:0.931
0s [42001/18499(42001)] dpt:25 [ 2394366.000, 1463257.800, 2438763.000, 40.000%] cutoff:0 AF:0.931
0s [43000/18845(43000)] dpt:19 [ 1772534.000, 1463257.800, 2438763.000, 40.000%] cutoff:63 AF:0.931
0s [43001/18845(43001)] dpt:20 [ 1773147.000, 1463257.800, 2438763.000, 40.000%] cutoff:0 AF:0.931
0s [44000/19170(44000)] dpt:24 [ 2193098.000, 1463257.800, 2438763.000, 40.000%] cutoff:61 AF:0.931
0s [44001/19170(44001)] dpt:25 [ 2210252.000, 1463257.800, 2438763.000, 40.000%] cutoff:0 AF:0.931
0s [45000/19522(45001)] dpt:15 [ 2177856.000, 1463257.800, 2438763.000, 40.000%] cutoff:64 AF:0.931
0s [46000/19839(46000)] dpt:17 [ 2377131.000, 1463257.800, 2438763.000, 40.000%] cutoff:68 AF:0.931
0s [47000/20137(47000)] dpt:15 [ 1875021.000, 1463257.800, 2438763.000, 40.000%] cutoff:70 AF:0.931
0s [48000/20453(48000)] dpt:27 [ 2165981.000, 1463257.800, 2438763.000, 40.000%] cutoff:65 AF:0.931
0s [48001/20452(48001)] dpt:26 [ 1707147.000, 1463257.800, 2438763.000, 40.000%] cutoff:1 AF:0.931
0s [49000/20787(49001)] dpt:14 [ 1666456.000, 1463257.800, 2438763.000, 40.000%] cutoff:67 AF:0.931
0s [50000/21072(50001)] dpt:20 [ 2041250.000, 1463257.800, 2438763.000, 40.000%] cutoff:76 AF:0.931
0s [50999/21384(51000)] dpt:13 [ 1777935.000, 1463257.800, 2438763.000, 40.000%] cutoff:68 AF:0.931
0s [52000/21698(52001)] dpt:12 [ 1502762.000, 1463257.800, 2438763.000, 40.000%] cutoff:73 AF:0.931
0s [53001/22008(53001)] dpt:11 [ 1803689.000, 1463257.800, 2438763.000, 40.000%] cutoff:71 AF:0.931
0s [54001/22317(54001)] dpt:17 [ 1814968.000, 1463257.800, 2438763.000, 40.000%] cutoff:69 AF:0.931
0s [55000/22657(55000)] dpt:16 [ 2044160.000, 1463257.800, 2438763.000, 40.000%] cutoff:60 AF:0.931
0s [55001/22657(55001)] dpt:17 [ 2074493.000, 1463257.800, 2438763.000, 40.000%] cutoff:0 AF:0.931
0s [56000/22968(56000)] dpt:17 [ 1719857.000, 1463257.800, 2438763.000, 40.000%] cutoff:70 AF:0.931
0s [56001/22968(56001)] dpt:18 [ 1725545.000, 1463257.800, 2438763.000, 40.000%] cutoff:0 AF:0.931
0s [57000/23322(57001)] dpt:12 [ 1684762.000, 1463257.800, 2438763.000, 40.000%] cutoff:58 AF:0.931
0s [58000/23646(58001)] dpt:17 [ 1975609.000, 1463257.800, 2438763.000, 40.000%] cutoff:63 AF:0.931
0s [59000/23949(59000)] dpt:22 [ 2103198.000, 1463257.800, 2438763.000, 40.000%] cutoff:67 AF:0.931
0s [59001/23949(59001)] dpt:23 [ 2266938.000, 1463257.800, 2438763.000, 40.000%] cutoff:0 AF:0.931
0s [60000/24250(60000)] dpt:16 [ 1725784.000, 1463257.800, 2438763.000, 40.000%] cutoff:67 AF:0.931
0s [60001/24250(60001)] dpt:17 [ 1728995.000, 1463257.800, 2438763.000, 40.000%] cutoff:0 AF:0.931
0s [60999/24583(61000)] dpt:21 [ 2179483.000, 1463257.800, 2438763.000, 40.000%] cutoff:61 AF:0.931
0s [61001/24583(61001)] dpt:22 [ 2311803.000, 1463257.800, 2438763.000, 40.000%] cutoff:0 AF:0.931
0s [62000/24912(62000)] dpt:13 [ 1814371.000, 1463257.800, 2438763.000, 40.000%] cutoff:63 AF:0.931
0s [63000/25299(63000)] dpt:13 [ 1827674.000, 1463257.800, 2438763.000, 40.000%] cutoff:50 AF:0.931
0s [64000/25636(64001)] dpt:19 [ 2263526.000, 1463257.800, 2438763.000, 40.000%] cutoff:64 AF:0.931
0s [65000/25948(65000)] dpt:26 [ 2092345.000, 1463257.800, 2438763.000, 40.000%] cutoff:69 AF:0.931
0s [65001/25948(65001)] dpt:27 [ 2106501.000, 1463257.800, 2438763.000, 40.000%] cutoff:0 AF:0.931
0s [66000/26262(66000)] dpt:15 [ 1974796.000, 1463257.800, 2438763.000, 40.000%] cutoff:63 AF:0.931
0s [66001/26262(66001)] dpt:16 [ 1995764.000, 1463257.800, 2438763.000, 40.000%] cutoff:0 AF:0.931
0s [67001/26599(67001)] dpt:17 [ 2158855.000, 1463257.800, 2438763.000, 40.000%] cutoff:60 AF:0.931
0s [68000/26930(68000)] dpt:22 [ 1774149.000, 1463257.800, 2438763.000, 40.000%] cutoff:66 AF:0.931
0s [69000/27282(69001)] dpt:14 [ 1733310.000, 1463257.800, 2438763.000, 40.000%] cutoff:60 AF:0.931
0s [70000/27578(70001)] dpt:21 [ 1982730.000, 1463257.800, 2438763.000, 40.000%] cutoff:68 AF:0.931
0s [71001/27870(71001)] dpt:12 [ 1685603.000, 1463257.800, 2438763.000, 40.000%] cutoff:72 AF:0.931
0s [72000/28177(72000)] dpt:18 [ 2371833.000, 1463257.800, 2438763.000, 40.000%] cutoff:66 AF:0.931
0s [73000/28511(73001)] dpt:16 [ 1952000.000, 1463257.800, 2438763.000, 40.000%] cutoff:60 AF:0.931
0s [74000/28836(74000)] dpt:21 [ 2117572.000, 1463257.800, 2438763.000, 40.000%] cutoff:66 AF:0.931
0s [74001/28836(74001)] dpt:22 [ 2160940.000, 1463257.800, 2438763.000, 40.000%] cutoff:0 AF:0.931
0s [75001/29135(75001)] dpt:15 [ 1801624.000, 1463257.800, 2438763.000, 40.000%] cutoff:75 AF:0.931
0s [76000/29462(76001)] dpt:15 [ 1952271.000, 1463257.800, 2438763.000, 40.000%] cutoff:66 AF:0.931
0s [77000/29786(77001)] dpt:12 [ 1690917.000, 1463257.800, 2438763.000, 40.000%] cutoff:64 AF:0.931
0s [78001/30122(78001)] dpt:15 [ 1903513.000, 1463257.800, 2438763.000, 40.000%] cutoff:63 AF:0.931
0s [79001/30450(79001)] dpt:11 [ 1693605.000, 1463257.800, 2438763.000, 40.000%] cutoff:70 AF:0.931
0s [80000/30811(80000)] dpt:16 [ 2033415.000, 1463257.800, 2438763.000, 40.000%] cutoff:56 AF:0.931
0s [81000/31134(81000)] dpt:18 [ 1893702.000, 1463257.800, 2438763.000, 40.000%] cutoff:66 AF:0.931
0s [81999/31455(82000)] dpt:8 [ 1887894.000, 1707134.100, 2438763.000, 30.000%] cutoff:65 AF:0.931
0s [83000/31635(83000)] dpt:24 [ 2058761.000, 1707134.100, 2438763.000, 30.000%] cutoff:112 AF:0.931
0s [83001/31635(83001)] dpt:25 [ 2231921.000, 1707134.100, 2438763.000, 30.000%] cutoff:0 AF:0.931
0s [83999/31826(84000)] dpt:23 [ 2067594.000, 1707134.100, 2438763.000, 30.000%] cutoff:111 AF:0.931
0s [84001/31826(84001)] dpt:24 [ 2099314.000, 1707134.100, 2438763.000, 30.000%] cutoff:0 AF:0.931
0s [85000/32029(85000)] dpt:19 [ 2025719.000, 1707134.100, 2438763.000, 30.000%] cutoff:107 AF:0.931
0s [85001/32029(85001)] dpt:20 [ 2134122.000, 1707134.100, 2438763.000, 30.000%] cutoff:0 AF:0.931
0s [86001/32218(86001)] dpt:20 [ 2146503.000, 1707134.100, 2438763.000, 30.000%] cutoff:109 AF:0.931
0s [87000/32407(87000)] dpt:10 [ 1814764.000, 1707134.100, 2438763.000, 30.000%] cutoff:111 AF:0.931
0s [87999/32610(88000)] dpt:16 [ 2070023.000, 1707134.100, 2438763.000, 30.000%] cutoff:102 AF:0.931
0s [88001/32610(88001)] dpt:17 [ 2070371.000, 1707134.100, 2438763.000, 30.000%] cutoff:0 AF:0.931
0s [89000/32790(89001)] dpt:15 [ 2148496.000, 1707134.100, 2438763.000, 30.000%] cutoff:114 AF:0.931
0s [89999/32970(90000)] dpt:15 [ 1936081.000, 1707134.100, 2438763.000, 30.000%] cutoff:119 AF:0.931
0s [90001/32970(90001)] dpt:16 [ 1977201.000, 1707134.100, 2438763.000, 30.000%] cutoff:0 AF:0.931
0s [91000/33148(91000)] dpt:18 [ 1976688.000, 1707134.100, 2438763.000, 30.000%] cutoff:120 AF:0.931
0s [91999/33334(92000)] dpt:16 [ 1939786.000, 1707134.100, 2438763.000, 30.000%] cutoff:115 AF:0.931
0s [93000/33511(93000)] dpt:20 [ 2222735.000, 1707134.100, 2438763.000, 30.000%] cutoff:111 AF:0.931
0s [93001/33511(93001)] dpt:21 [ 2237500.000, 1707134.100, 2438763.000, 30.000%] cutoff:0 AF:0.931
0s [94000/33704(94000)] dpt:17 [ 2251692.000, 1707134.100, 2438763.000, 30.000%] cutoff:104 AF:0.931
0s [94001/33704(94001)] dpt:18 [ 2335480.000, 1707134.100, 2438763.000, 30.000%] cutoff:0 AF:0.931
0s [95000/33914(95000)] dpt:16 [ 1965337.000, 1707134.100, 2438763.000, 30.000%] cutoff:100 AF:0.931
0s [96000/34086(96000)] dpt:22 [ 2098502.000, 1707134.100, 2438763.000, 30.000%] cutoff:113 AF:0.931
0s [96001/34086(96001)] dpt:23 [ 2185766.000, 1707134.100, 2438763.000, 30.000%] cutoff:0 AF:0.931
0s [96999/34255(97000)] dpt:14 [ 2046062.000, 1707134.100, 2438763.000, 30.000%] cutoff:120 AF:0.931
0s [98000/34450(98000)] dpt:16 [ 2222367.000, 1707134.100, 2438763.000, 30.000%] cutoff:103 AF:0.931
0s [98001/34450(98001)] dpt:17 [ 2350221.000, 1707134.100, 2438763.000, 30.000%] cutoff:0 AF:0.931
0s [99000/34692(99000)] dpt:14 [ 1905174.000, 1707134.100, 2438763.000, 30.000%] cutoff:87 AF:0.931
0s [100000/34921(100000)] dpt:16 [ 1963275.000, 1707134.100, 2438763.000, 30.000%] cutoff:99 AF:0.931
0s [100001/34921(100001)] dpt:17 [ 1997015.000, 1707134.100, 2438763.000, 30.000%] cutoff:0 AF:0.931
0s [101000/35113(101000)] dpt:24 [ 2407998.000, 1707134.100, 2438763.000, 30.000%] cutoff:111 AF:0.931
0s [101001/35112(101001)] dpt:16 [ 1875931.000, 1707134.100, 2438763.000, 30.000%] cutoff:1 AF:0.931
0s [102001/35274(102001)] dpt:14 [ 1949384.000, 1707134.100, 2438763.000, 30.000%] cutoff:117 AF:0.931
0s [103000/35483(103000)] dpt:21 [ 1996884.000, 1707134.100, 2438763.000, 30.000%] cutoff:102 AF:0.931
0s [103001/35483(103001)] dpt:22 [ 2062336.000, 1707134.100, 2438763.000, 30.000%] cutoff:0 AF:0.931
0s [104000/35705(104000)] dpt:22 [ 2361993.000, 1707134.100, 2438763.000, 30.000%] cutoff:100 AF:0.931
0s [105000/35946(105000)] dpt:17 [ 2024770.000, 1707134.100, 2438763.000, 30.000%] cutoff:96 AF:0.931
0s [106000/36128(106000)] dpt:16 [ 2186752.000, 1707134.100, 2438763.000, 30.000%] cutoff:110 AF:0.931
0s [106001/36128(106001)] dpt:17 [ 2203283.000, 1707134.100, 2438763.000, 30.000%] cutoff:0 AF:0.931
0s [107000/36299(107000)] dpt:15 [ 1768723.000, 1707134.100, 2438763.000, 30.000%] cutoff:121 AF:0.931
0s [107001/36299(107001)] dpt:16 [ 1768882.000, 1707134.100, 2438763.000, 30.000%] cutoff:0 AF:0.931
0s [108000/36464(108000)] dpt:21 [ 1933850.000, 1707134.100, 2438763.000, 30.000%] cutoff:117 AF:0.931
0s [108001/36464(108001)] dpt:22 [ 1933884.000, 1707134.100, 2438763.000, 30.000%] cutoff:0 AF:0.931
0s [109000/36654(109001)] dpt:17 [ 2168392.000, 1707134.100, 2438763.000, 30.000%] cutoff:119 AF:0.931
0s [110001/36846(110001)] dpt:19 [ 2083344.000, 1707134.100, 2438763.000, 30.000%] cutoff:109 AF:0.931
0s [111000/37037(111000)] dpt:17 [ 1890689.000, 1707134.100, 2438763.000, 30.000%] cutoff:100 AF:0.931
0s [112000/37224(112000)] dpt:16 [ 2093710.000, 1707134.100, 2438763.000, 30.000%] cutoff:112 AF:0.931
0s [112001/37224(112001)] dpt:17 [ 2108332.000, 1707134.100, 2438763.000, 30.000%] cutoff:0 AF:0.931
0s [113001/37372(113001)] dpt:22 [ 2265114.000, 1707134.100, 2438763.000, 30.000%] cutoff:115 AF:0.931
0s [114000/37529(114000)] dpt:19 [ 1961524.000, 1707134.100, 2438763.000, 30.000%] cutoff:118 AF:0.931
0s [114001/37529(114001)] dpt:20 [ 2032352.000, 1707134.100, 2438763.000, 30.000%] cutoff:0 AF:0.931
0s [115000/37713(115000)] dpt:17 [ 2196971.000, 1707134.100, 2438763.000, 30.000%] cutoff:114 AF:0.931
0s [115001/37713(115001)] dpt:18 [ 2235325.000, 1707134.100, 2438763.000, 30.000%] cutoff:0 AF:0.931
0s [116000/37940(116000)] dpt:18 [ 2067474.000, 1707134.100, 2438763.000, 30.000%] cutoff:100 AF:0.931
0s [116001/37940(116001)] dpt:19 [ 2181508.000, 1707134.100, 2438763.000, 30.000%] cutoff:0 AF:0.931
0s [116999/38164(117000)] dpt:16 [ 2121855.000, 1707134.100, 2438763.000, 30.000%] cutoff:102 AF:0.931
0s [118001/38365(118001)] dpt:13 [ 2185892.000, 1707134.100, 2438763.000, 30.000%] cutoff:112 AF:0.931
0s [119000/38535(119000)] dpt:16 [ 1970269.000, 1707134.100, 2438763.000, 30.000%] cutoff:118 AF:0.931
0s [120000/38747(120000)] dpt:12 [ 2178410.000, 1707134.100, 2438763.000, 30.000%] cutoff:103 AF:0.931
0s [120001/38747(120001)] dpt:13 [ 2245307.000, 1707134.100, 2438763.000, 30.000%] cutoff:0 AF:0.931
0s [120999/38989(121000)] dpt:12 [ 1957892.000, 1707134.100, 2438763.000, 30.000%] cutoff:85 AF:0.931
0s [121999/39205(122000)] dpt:10 [ 1916251.000, 1707134.100, 2438763.000, 30.000%] cutoff:100 AF:0.931
0s [123001/39430(123001)] dpt:19 [ 2155079.000, 1707134.100, 2438763.000, 30.000%] cutoff:96 AF:0.931
0s [124000/39641(124000)] dpt:23 [ 2172684.000, 1707134.100, 2438763.000, 30.000%] cutoff:101 AF:0.931
0s [124001/39641(124001)] dpt:24 [ 2230436.000, 1707134.100, 2438763.000, 30.000%] cutoff:0 AF:0.931
0s [124999/39831(125000)] dpt:21 [ 2129884.000, 1707134.100, 2438763.000, 30.000%] cutoff:104 AF:0.931
0s [125001/39831(125001)] dpt:22 [ 2205617.000, 1707134.100, 2438763.000, 30.000%] cutoff:0 AF:0.931
0s [125999/40010(126000)] dpt:17 [ 2177587.000, 1707134.100, 2438763.000, 30.000%] cutoff:106 AF:0.931
0s [126001/40010(126001)] dpt:18 [ 2177654.000, 1707134.100, 2438763.000, 30.000%] cutoff:0 AF:0.931
0s [126999/40202(127000)] dpt:13 [ 1908836.000, 1707134.100, 2438763.000, 30.000%] cutoff:112 AF:0.931
0s [127001/40202(127001)] dpt:14 [ 1918149.000, 1707134.100, 2438763.000, 30.000%] cutoff:0 AF:0.931
0s [128001/40395(128001)] dpt:26 [ 2363975.000, 1707134.100, 2438763.000, 30.000%] cutoff:111 AF:0.931
0s [129000/40578(129000)] dpt:20 [ 2233943.000, 1707134.100, 2438763.000, 30.000%] cutoff:117 AF:0.931
0s [129001/40577(129001)] dpt:19 [ 2011108.000, 1707134.100, 2438763.000, 30.000%] cutoff:1 AF:0.931
0s [130001/40742(130001)] dpt:16 [ 2284998.000, 1707134.100, 2438763.000, 30.000%] cutoff:121 AF:0.931
0s [131000/40920(131001)] dpt:13 [ 1762801.000, 1707134.100, 2438763.000, 30.000%] cutoff:109 AF:0.931
0s [132000/41121(132001)] dpt:17 [ 2212640.000, 1707134.100, 2438763.000, 30.000%] cutoff:102 AF:0.931
0s [133000/41304(133001)] dpt:16 [ 2012841.000, 1707134.100, 2438763.000, 30.000%] cutoff:109 AF:0.931
0s [134001/41479(134001)] dpt:20 [ 2350597.000, 1707134.100, 2438763.000, 30.000%] cutoff:113 AF:0.931
0s [135000/41677(135000)] dpt:16 [ 2249958.000, 1707134.100, 2438763.000, 30.000%] cutoff:110 AF:0.931
0s [135001/41677(135001)] dpt:17 [ 2257450.000, 1707134.100, 2438763.000, 30.000%] cutoff:0 AF:0.931
0s [136000/41952(136000)] dpt:26 [ 1987179.000, 1707134.100, 2438763.000, 30.000%] cutoff:81 AF:0.931
0s [136001/41952(136001)] dpt:27 [ 2233378.000, 1707134.100, 2438763.000, 30.000%] cutoff:0 AF:0.931
0s [137001/42144(137001)] dpt:20 [ 2270813.000, 1707134.100, 2438763.000, 30.000%] cutoff:111 AF:0.931
0s [138000/42361(138000)] dpt:18 [ 2149691.000, 1707134.100, 2438763.000, 30.000%] cutoff:98 AF:0.931
0s [138001/42361(138001)] dpt:19 [ 2341433.000, 1707134.100, 2438763.000, 30.000%] cutoff:0 AF:0.931
0s [138999/42556(139000)] dpt:15 [ 1938430.000, 1707134.100, 2438763.000, 30.000%] cutoff:105 AF:0.931
0s [139001/42556(139001)] dpt:16 [ 1939046.000, 1707134.100, 2438763.000, 30.000%] cutoff:0 AF:0.931
0s [140000/42764(140000)] dpt:19 [ 2032354.000, 1707134.100, 2438763.000, 30.000%] cutoff:102 AF:0.931
0s [140001/42764(140001)] dpt:20 [ 2034666.000, 1707134.100, 2438763.000, 30.000%] cutoff:0 AF:0.931
0s [141000/42925(141000)] dpt:10 [ 1862121.000, 1707134.100, 2438763.000, 30.000%] cutoff:119 AF:0.931
0s [142000/43133(142000)] dpt:18 [ 2110550.000, 1707134.100, 2438763.000, 30.000%] cutoff:101 AF:0.931
0s [142001/43133(142001)] dpt:19 [ 2226068.000, 1707134.100, 2438763.000, 30.000%] cutoff:0 AF:0.931
0s [143000/43316(143000)] dpt:17 [ 2040193.000, 1707134.100, 2438763.000, 30.000%] cutoff:116 AF:0.931
0s [143001/43316(143001)] dpt:18 [ 2154918.000, 1707134.100, 2438763.000, 30.000%] cutoff:0 AF:0.931
0s [144000/43508(144001)] dpt:18 [ 2109289.000, 1707134.100, 2438763.000, 30.000%] cutoff:109 AF:0.931
0s [145001/43699(145001)] dpt:15 [ 1944276.000, 1707134.100, 2438763.000, 30.000%] cutoff:110 AF:0.931
0s [145999/43896(146000)] dpt:13 [ 1942866.000, 1707134.100, 2438763.000, 30.000%] cutoff:104 AF:0.931
0s [146001/43896(146001)] dpt:14 [ 1947285.000, 1707134.100, 2438763.000, 30.000%] cutoff:0 AF:0.931
0s [147000/44084(147001)] dpt:13 [ 2120851.000, 1707134.100, 2438763.000, 30.000%] cutoff:112 AF:0.931
0s [148000/44253(148000)] dpt:14 [ 2019489.000, 1951010.400, 2438763.000, 20.000%] cutoff:123 AF:0.931
0s [149000/44185(149000)] dpt:16 [ 2291733.000, 1951010.400, 2438763.000, 20.000%] cutoff:241 AF:0.931
0s [150000/44118(150000)] dpt:18 [ 2267485.000, 1951010.400, 2438763.000, 20.000%] cutoff:254 AF:0.931
0s [150001/44117(150001)] dpt:13 [ 2111609.000, 1951010.400, 2438763.000, 20.000%] cutoff:1 AF:0.931
0s [151001/44068(151001)] dpt:14 [ 2380406.000, 1951010.400, 2438763.000, 20.000%] cutoff:236 AF:0.931
0s [152000/43997(152000)] dpt:20 [ 2271313.000, 1951010.400, 2438763.000, 20.000%] cutoff:245 AF:0.931
0s [153000/43910(153001)] dpt:23 [ 2370207.000, 1951010.400, 2438763.000, 20.000%] cutoff:260 AF:0.931
0s [154000/43867(154000)] dpt:19 [ 2075609.000, 1951010.400, 2438763.000, 20.000%] cutoff:230 AF:0.931
0s [154001/43867(154001)] dpt:20 [ 2132378.000, 1951010.400, 2438763.000, 20.000%] cutoff:0 AF:0.931
0s [155000/43773(155001)] dpt:11 [ 2014446.000, 1951010.400, 2438763.000, 20.000%] cutoff:268 AF:0.931
0s [156000/43774(156000)] dpt:5 [ 2109294.000, 1951010.400, 2438763.000, 20.000%] cutoff:203 AF:0.931
0s [157000/43746(157001)] dpt:16 [ 2257288.000, 1951010.400, 2438763.000, 20.000%] cutoff:226 AF:0.931
0s [158000/43673(158000)] dpt:17 [ 2349414.000, 1951010.400, 2438763.000, 20.000%] cutoff:246 AF:0.931
0s [158001/43672(158001)] dpt:16 [ 2177325.000, 1951010.400, 2438763.000, 20.000%] cutoff:1 AF:0.931
0s [159000/43644(159000)] dpt:18 [ 2319215.000, 1951010.400, 2438763.000, 20.000%] cutoff:218 AF:0.931
0s [160000/43601(160000)] dpt:17 [ 2243591.000, 1951010.400, 2438763.000, 20.000%] cutoff:229 AF:0.931
0s [160001/43601(160001)] dpt:18 [ 2416272.000, 1951010.400, 2438763.000, 20.000%] cutoff:0 AF:0.931
0s [161001/43497(161001)] dpt:20 [ 2276770.000, 1951010.400, 2438763.000, 20.000%] cutoff:265 AF:0.931
0s [162000/43425(162000)] dpt:18 [ 2070093.000, 1951010.400, 2438763.000, 20.000%] cutoff:237 AF:0.931
0s [162001/43425(162001)] dpt:19 [ 2174642.000, 1951010.400, 2438763.000, 20.000%] cutoff:0 AF:0.931
0s [163000/43354(163000)] dpt:13 [ 2190198.000, 1951010.400, 2438763.000, 20.000%] cutoff:234 AF:0.931
0s [163001/43354(163001)] dpt:14 [ 2195291.000, 1951010.400, 2438763.000, 20.000%] cutoff:0 AF:0.931
0s [164000/43287(164000)] dpt:19 [ 2242117.000, 1951010.400, 2438763.000, 20.000%] cutoff:237 AF:0.931
0s [164001/43287(164001)] dpt:20 [ 2333080.000, 1951010.400, 2438763.000, 20.000%] cutoff:0 AF:0.931
0s [165000/43192(165000)] dpt:19 [ 2211592.000, 1951010.400, 2438763.000, 20.000%] cutoff:259 AF:0.931
0s [165001/43192(165001)] dpt:20 [ 2219503.000, 1951010.400, 2438763.000, 20.000%] cutoff:0 AF:0.931
0s [166000/43144(166000)] dpt:14 [ 2054650.000, 1951010.400, 2438763.000, 20.000%] cutoff:228 AF:0.931
0s [166001/43144(166001)] dpt:15 [ 2066486.000, 1951010.400, 2438763.000, 20.000%] cutoff:0 AF:0.931
0s [166999/43081(167000)] dpt:14 [ 2213428.000, 1951010.400, 2438763.000, 20.000%] cutoff:234 AF:0.931
0s [167001/43081(167001)] dpt:15 [ 2231261.000, 1951010.400, 2438763.000, 20.000%] cutoff:0 AF:0.931
0s [168000/42998(168000)] dpt:16 [ 2297012.000, 1951010.400, 2438763.000, 20.000%] cutoff:257 AF:0.931
0s [168001/42997(168001)] dpt:15 [ 2213085.000, 1951010.400, 2438763.000, 20.000%] cutoff:1 AF:0.931
0s [169000/42980(169000)] dpt:19 [ 2336000.000, 1951010.400, 2438763.000, 20.000%] cutoff:209 AF:0.931
0s [170000/42984(170000)] dpt:14 [ 2216015.000, 1951010.400, 2438763.000, 20.000%] cutoff:210 AF:0.931
0s [170001/42984(170001)] dpt:15 [ 2219797.000, 1951010.400, 2438763.000, 20.000%] cutoff:0 AF:0.931
0s [171000/42939(171000)] dpt:22 [ 2255481.000, 1951010.400, 2438763.000, 20.000%] cutoff:232 AF:0.931
0s [171001/42937(171001)] dpt:25 [ 2205113.000, 1951010.400, 2438763.000, 20.000%] cutoff:2 AF:0.931
0s [172000/42892(172000)] dpt:19 [ 2260290.000, 1951010.400, 2438763.000, 20.000%] cutoff:230 AF:0.931
0s [172001/42892(172001)] dpt:20 [ 2262659.000, 1951010.400, 2438763.000, 20.000%] cutoff:0 AF:0.931
0s [173000/42841(173000)] dpt:14 [ 2195871.000, 1951010.400, 2438763.000, 20.000%] cutoff:236 AF:0.931
0s [173001/42841(173001)] dpt:15 [ 2204095.000, 1951010.400, 2438763.000, 20.000%] cutoff:0 AF:0.931
0s [174000/42744(174000)] dpt:14 [ 2166715.000, 1951010.400, 2438763.000, 20.000%] cutoff:256 AF:0.931
0s [174001/42744(174001)] dpt:15 [ 2186040.000, 1951010.400, 2438763.000, 20.000%] cutoff:0 AF:0.931
0s [175000/42683(175000)] dpt:19 [ 2397643.000, 1951010.400, 2438763.000, 20.000%] cutoff:238 AF:0.931
0s [176000/42592(176000)] dpt:16 [ 2116598.000, 1951010.400, 2438763.000, 20.000%] cutoff:258 AF:0.931
0s [176001/42592(176001)] dpt:17 [ 2196907.000, 1951010.400, 2438763.000, 20.000%] cutoff:0 AF:0.931
0s [177000/42481(177000)] dpt:16 [ 2185795.000, 1951010.400, 2438763.000, 20.000%] cutoff:262 AF:0.931
0s [177001/42481(177001)] dpt:17 [ 2332595.000, 1951010.400, 2438763.000, 20.000%] cutoff:0 AF:0.931
0s [178000/42380(178000)] dpt:23 [ 2249331.000, 1951010.400, 2438763.000, 20.000%] cutoff:255 AF:0.931
0s [178001/42380(178001)] dpt:24 [ 2257726.000, 1951010.400, 2438763.000, 20.000%] cutoff:0 AF:0.931
0s [179000/42314(179000)] dpt:14 [ 2030425.000, 1951010.400, 2438763.000, 20.000%] cutoff:252 AF:0.931
0s [180000/42239(180000)] dpt:15 [ 2029886.000, 1951010.400, 2438763.000, 20.000%] cutoff:240 AF:0.931
0s [180001/42239(180001)] dpt:16 [ 2050065.000, 1951010.400, 2438763.000, 20.000%] cutoff:0 AF:0.931
0s [180999/42146(181000)] dpt:15 [ 2153551.000, 1951010.400, 2438763.000, 20.000%] cutoff:255 AF:0.931
0s [181001/42146(181001)] dpt:16 [ 2171641.000, 1951010.400, 2438763.000, 20.000%] cutoff:0 AF:0.931
0s [182000/42075(182000)] dpt:12 [ 2294778.000, 1951010.400, 2438763.000, 20.000%] cutoff:241 AF:0.931
0s [182001/42075(182001)] dpt:13 [ 2414239.000, 1951010.400, 2438763.000, 20.000%] cutoff:0 AF:0.931
0s [183000/42108(183000)] dpt:15 [ 2245396.000, 1951010.400, 2438763.000, 20.000%] cutoff:188 AF:0.931
0s [183001/42108(183001)] dpt:16 [ 2293247.000, 1951010.400, 2438763.000, 20.000%] cutoff:0 AF:0.931
0s [183999/42020(184000)] dpt:16 [ 2025726.000, 1951010.400, 2438763.000, 20.000%] cutoff:251 AF:0.931
0s [184001/42020(184001)] dpt:17 [ 2085047.000, 1951010.400, 2438763.000, 20.000%] cutoff:0 AF:0.931
0s [185000/41994(185000)] dpt:19 [ 2308062.000, 1951010.400, 2438763.000, 20.000%] cutoff:216 AF:0.931
0s [186000/41969(186000)] dpt:14 [ 2127150.000, 1951010.400, 2438763.000, 20.000%] cutoff:234 AF:0.931
0s [187000/41913(187000)] dpt:17 [ 1968879.000, 1951010.400, 2438763.000, 20.000%] cutoff:236 AF:0.931
0s [187001/41913(187001)] dpt:18 [ 2010290.000, 1951010.400, 2438763.000, 20.000%] cutoff:0 AF:0.931
0s [188000/41838(188000)] dpt:19 [ 2246038.000, 1951010.400, 2438763.000, 20.000%] cutoff:241 AF:0.931
0s [188001/41838(188001)] dpt:20 [ 2246323.000, 1951010.400, 2438763.000, 20.000%] cutoff:0 AF:0.931
0s [189000/41781(189000)] dpt:19 [ 2120111.000, 1951010.400, 2438763.000, 20.000%] cutoff:241 AF:0.931
0s [189001/41781(189001)] dpt:20 [ 2169769.000, 1951010.400, 2438763.000, 20.000%] cutoff:0 AF:0.931
0s [190000/41694(190000)] dpt:19 [ 2289823.000, 1951010.400, 2438763.000, 20.000%] cutoff:256 AF:0.931
0s [190001/41694(190001)] dpt:20 [ 2310462.000, 1951010.400, 2438763.000, 20.000%] cutoff:0 AF:0.931
0s [191000/41630(191000)] dpt:19 [ 2318302.000, 1951010.400, 2438763.000, 20.000%] cutoff:235 AF:0.931
0s [192000/41589(192000)] dpt:13 [ 2180060.000, 1951010.400, 2438763.000, 20.000%] cutoff:218 AF:0.931
0s [192001/41589(192001)] dpt:14 [ 2183994.000, 1951010.400, 2438763.000, 20.000%] cutoff:0 AF:0.931
0s [193000/41547(193000)] dpt:17 [ 2229030.000, 1951010.400, 2438763.000, 20.000%] cutoff:220 AF:0.931
0s [194000/41562(194000)] dpt:13 [ 2096477.000, 1951010.400, 2438763.000, 20.000%] cutoff:197 AF:0.931
0s [194001/41562(194001)] dpt:14 [ 2135937.000, 1951010.400, 2438763.000, 20.000%] cutoff:0 AF:0.931
0s [195001/41551(195001)] dpt:12 [ 2247941.000, 1951010.400, 2438763.000, 20.000%] cutoff:215 AF:0.931
0s [196000/41494(196000)] dpt:16 [ 2243125.000, 1951010.400, 2438763.000, 20.000%] cutoff:233 AF:0.931
0s [196001/41494(196001)] dpt:17 [ 2320930.000, 1951010.400, 2438763.000, 20.000%] cutoff:0 AF:0.931
0s [197000/41433(197000)] dpt:14 [ 2159836.000, 1951010.400, 2438763.000, 20.000%] cutoff:240 AF:0.931
0s [198000/41327(198000)] dpt:18 [ 2344733.000, 1951010.400, 2438763.000, 20.000%] cutoff:265 AF:0.931
0s [198001/41326(198001)] dpt:19 [ 2091226.000, 1951010.400, 2438763.000, 20.000%] cutoff:1 AF:0.931
0s [199000/41256(199000)] dpt:21 [ 2320926.000, 1951010.400, 2438763.000, 20.000%] cutoff:244 AF:0.931
0s [199001/41255(199001)] dpt:17 [ 2161979.000, 1951010.400, 2438763.000, 20.000%] cutoff:1 AF:0.931
0s [200000/41183(200000)] dpt:24 [ 2229048.000, 1951010.400, 2438763.000, 20.000%] cutoff:246 AF:0.931
0s [200001/41183(200001)] dpt:25 [ 2229622.000, 1951010.400, 2438763.000, 20.000%] cutoff:0 AF:0.931
0s [201000/41162(201001)] dpt:11 [ 2251984.000, 1951010.400, 2438763.000, 20.000%] cutoff:223 AF:0.931
0s [202000/41081(202000)] dpt:18 [ 2203049.000, 1951010.400, 2438763.000, 20.000%] cutoff:254 AF:0.931
0s [202001/41081(202001)] dpt:19 [ 2205947.000, 1951010.400, 2438763.000, 20.000%] cutoff:0 AF:0.931
0s [203000/41037(203000)] dpt:15 [ 2382104.000, 1951010.400, 2438763.000, 20.000%] cutoff:226 AF:0.931
0s [203001/41036(203001)] dpt:12 [ 2216334.000, 1951010.400, 2438763.000, 20.000%] cutoff:1 AF:0.931
0s [204000/40962(204000)] dpt:17 [ 2269888.000, 1951010.400, 2438763.000, 20.000%] cutoff:240 AF:0.931
0s [204001/40962(204001)] dpt:18 [ 2429318.000, 1951010.400, 2438763.000, 20.000%] cutoff:0 AF:0.931
0s [205000/40804(205000)] dpt:17 [ 2164731.000, 1951010.400, 2438763.000, 20.000%] cutoff:290 AF:0.931
0s [205001/40804(205001)] dpt:18 [ 2292647.000, 1951010.400, 2438763.000, 20.000%] cutoff:0 AF:0.931
0s [206000/40714(206000)] dpt:16 [ 2359950.000, 1951010.400, 2438763.000, 20.000%] cutoff:254 AF:0.931
0s [207000/40598(207000)] dpt:20 [ 2374133.000, 1951010.400, 2438763.000, 20.000%] cutoff:278 AF:0.931
0s [208000/40471(208000)] dpt:16 [ 2281055.000, 1951010.400, 2438763.000, 20.000%] cutoff:269 AF:0.931
0s [208001/40471(208001)] dpt:17 [ 2433337.000, 1951010.400, 2438763.000, 20.000%] cutoff:0 AF:0.931
0s [209001/40437(209001)] dpt:10 [ 2233952.000, 1951010.400, 2438763.000, 20.000%] cutoff:225 AF:0.931
0s [210000/40403(210000)] dpt:15 [ 2347698.000, 1951010.400, 2438763.000, 20.000%] cutoff:217 AF:0.931
0s [211000/40371(211000)] dpt:18 [ 2133642.000, 1951010.400, 2438763.000, 20.000%] cutoff:225 AF:0.931
0s [211001/40371(211001)] dpt:19 [ 2151624.000, 1951010.400, 2438763.000, 20.000%] cutoff:0 AF:0.931
0s [212000/40265(212000)] dpt:13 [ 2168519.000, 1951010.400, 2438763.000, 20.000%] cutoff:259 AF:0.931
0s [213001/40176(213001)] dpt:16 [ 2234774.000, 1951010.400, 2438763.000, 20.000%] cutoff:254 AF:0.931
0s [214000/40136(214001)] dpt:9 [ 2147485.000, 1951010.400, 2438763.000, 20.000%] cutoff:230 AF:0.931
0s [214999/40097(215000)] dpt:10 [ 1976087.000, 1951010.400, 2438763.000, 20.000%] cutoff:222 AF:0.931
0s [216001/40043(216001)] dpt:15 [ 2129337.000, 1951010.400, 2438763.000, 20.000%] cutoff:229 AF:0.931
0s [217000/39962(217000)] dpt:19 [ 2126993.000, 1951010.400, 2438763.000, 20.000%] cutoff:247 AF:0.931
0s [218000/39895(218000)] dpt:16 [ 2406286.000, 1951010.400, 2438763.000, 20.000%] cutoff:233 AF:0.931
0s [218001/39894(218001)] dpt:11 [ 2192426.000, 1951010.400, 2438763.000, 20.000%] cutoff:1 AF:0.931
0s [219000/39793(219000)] dpt:17 [ 2412619.000, 1951010.400, 2438763.000, 20.000%] cutoff:252 AF:0.931
0s [219001/39792(219001)] dpt:14 [ 2215476.000, 1951010.400, 2438763.000, 20.000%] cutoff:1 AF:0.931
0s [220000/39161(220000)] dpt:16 [ 2276347.000, 2194886.700, 2438763.000, 10.000%] cutoff:731 AF:0.931
0s [220001/39161(220001)] dpt:17 [ 2320873.000, 2194886.700, 2438763.000, 10.000%] cutoff:0 AF:0.931
0s [221000/37481(221000)] dpt:20 [ 2416302.000, 2194886.700, 2438763.000, 10.000%] cutoff:1718 AF:0.931
0s [221001/37479(221001)] dpt:21 [ 2243063.000, 2194886.700, 2438763.000, 10.000%] cutoff:2 AF:0.931
0s [222000/35668(222000)] dpt:15 [ 2392053.000, 2194886.700, 2438763.000, 10.000%] cutoff:1842 AF:0.931
0s [222001/35664(222001)] dpt:18 [ 2219655.000, 2194886.700, 2438763.000, 10.000%] cutoff:4 AF:0.931
0s [223000/34038(223000)] dpt:8 [ 2311136.000, 2194886.700, 2438763.000, 10.000%] cutoff:1666 AF:0.931
0s [223001/34038(223001)] dpt:9 [ 2367593.000, 2194886.700, 2438763.000, 10.000%] cutoff:0 AF:0.931
0s [224000/32412(224000)] dpt:12 [ 2419390.000, 2194886.700, 2438763.000, 10.000%] cutoff:1652 AF:0.931
0s [224001/32411(224001)] dpt:11 [ 2198616.000, 2194886.700, 2438763.000, 10.000%] cutoff:1 AF:0.931
0s [225000/30458(225000)] dpt:15 [ 2332354.000, 2194886.700, 2438763.000, 10.000%] cutoff:1980 AF:0.931
0s [225001/30451(225001)] dpt:18 [ 2227146.000, 2194886.700, 2438763.000, 10.000%] cutoff:7 AF:0.931
0s [226000/28665(226000)] dpt:17 [ 2276857.000, 2194886.700, 2438763.000, 10.000%] cutoff:1823 AF:0.931
0s [226001/28665(226001)] dpt:18 [ 2288577.000, 2194886.700, 2438763.000, 10.000%] cutoff:0 AF:0.931
0s [227000/26915(227000)] dpt:16 [ 2323139.000, 2194886.700, 2438763.000, 10.000%] cutoff:1780 AF:0.931
0s [227001/26912(227001)] dpt:20 [ 2376045.000, 2194886.700, 2438763.000, 10.000%] cutoff:3 AF:0.931
0s [228000/25186(228000)] dpt:16 [ 2336697.000, 2194886.700, 2438763.000, 10.000%] cutoff:1756 AF:0.931
0s [229000/23241(229000)] dpt:15 [ 2304332.000, 2194886.700, 2438763.000, 10.000%] cutoff:1980 AF:0.931
0s [229001/23241(229001)] dpt:16 [ 2424109.000, 2194886.700, 2438763.000, 10.000%] cutoff:0 AF:0.931
0s [230000/21488(230000)] dpt:17 [ 2369215.000, 2194886.700, 2438763.000, 10.000%] cutoff:1792 AF:0.931
0s [230001/21487(230001)] dpt:17 [ 2244962.000, 2194886.700, 2438763.000, 10.000%] cutoff:1 AF:0.931
0s [231000/19393(231000)] dpt:15 [ 2314723.000, 2194886.700, 2438763.000, 10.000%] cutoff:2121 AF:0.931
0s [231001/19392(231001)] dpt:17 [ 2283948.000, 2194886.700, 2438763.000, 10.000%] cutoff:1 AF:0.931
0s [232000/17675(232000)] dpt:16 [ 2378755.000, 2194886.700, 2438763.000, 10.000%] cutoff:1753 AF:0.931
0s [232001/17661(232001)] dpt:16 [ 2237035.000, 2194886.700, 2438763.000, 10.000%] cutoff:14 AF:0.931
0s [233000/15865(233000)] dpt:18 [ 2324679.000, 2194886.700, 2438763.000, 10.000%] cutoff:1831 AF:0.931
0s [233001/15864(233001)] dpt:13 [ 2282120.000, 2194886.700, 2438763.000, 10.000%] cutoff:1 AF:0.931
0s [234000/14246(234000)] dpt:16 [ 2297915.000, 2194886.700, 2438763.000, 10.000%] cutoff:1652 AF:0.931
0s [234001/14246(234001)] dpt:17 [ 2301584.000, 2194886.700, 2438763.000, 10.000%] cutoff:0 AF:0.931
0s [235000/12722(235000)] dpt:8 [ 2261204.000, 2194886.700, 2438763.000, 10.000%] cutoff:1565 AF:0.931
0s [235001/12722(235001)] dpt:9 [ 2264883.000, 2194886.700, 2438763.000, 10.000%] cutoff:0 AF:0.931
0s [236000/10158(236000)] dpt:15 [ 2357330.000, 2194886.700, 2438763.000, 10.000%] cutoff:2600 AF:0.931
0s [236001/10153(236001)] dpt:20 [ 2300999.000, 2194886.700, 2438763.000, 10.000%] cutoff:5 AF:0.931
0s [237000/7440(237000)] dpt:20 [ 2329324.000, 2194886.700, 2438763.000, 10.000%] cutoff:2754 AF:0.931
0s [237001/7437(237001)] dpt:16 [ 2345383.000, 2194886.700, 2438763.000, 10.000%] cutoff:3 AF:0.931
0s [238000/4791(238000)] dpt:11 [ 2366085.000, 2194886.700, 2438763.000, 10.000%] cutoff:2680 AF:0.931
0s [238001/4784(238001)] dpt:13 [ 2306951.000, 2194886.700, 2438763.000, 10.000%] cutoff:7 AF:0.931
0s [239000/2055(239000)] dpt:14 [ 2337444.000, 2194886.700, 2438763.000, 10.000%] cutoff:2763 AF:0.931
0s [239001/2054(239001)] dpt:14 [ 2331389.000, 2194886.700, 2438763.000, 10.000%] cutoff:1 AF:0.931
End

SVPSOLVER found an optimal solution

time: 0s
best value: 2438763.000
norm: 1561.654
AF: 0.931
Nodes: 239433
best solution:
 0: 1.000
