0s [2000/1108(2000)] dpt:26 [ 2236529.000, 671230.200, 2237434.000, 70.000%] cutoff:43 AF:0.892
0s [3000/1630(3000)] dpt:32 [ 2231496.000, 671230.200, 2237434.000, 70.000%] cutoff:26 AF:0.892
0s [3999/2133(4000)] dpt:8 [ 1109396.000, 894973.600, 2237434.000, 60.000%] cutoff:30 AF:0.892
0s [5001/2603(5001)] dpt:14 [ 1102620.000, 894973.600, 2237434.000, 60.000%] cutoff:34 AF:0.892
0s [5999/3071(6000)] dpt:13 [ 1473290.000, 894973.600, 2237434.000, 60.000%] cutoff:35 AF:0.892
0s [7000/3539(7001)] dpt:10 [ 994740.000, 894973.600, 2237434.000, 60.000%] cutoff:34 AF:0.892
0s [8000/4012(8001)] dpt:11 [ 1187666.000, 894973.600, 2237434.000, 60.000%] cutoff:35 AF:0.892
0s [9000/4484(9001)] dpt:13 [ 1167749.000, 894973.600, 2237434.000, 60.000%] cutoff:32 AF:0.892
0s [9999/4953(10000)] dpt:12 [ 1303916.000, 894973.600, 2237434.000, 60.000%] cutoff:34 AF:0.892
0s [10999/5390(11000)] dpt:13 [ 1523474.000, 1118717.000, 2237434.000, 50.000%] cutoff:42 AF:0.892
0s [12000/5776(12001)] dpt:21 [ 1753667.000, 1118717.000, 2237434.000, 50.000%] cutoff:47 AF:0.892
0s [13000/6183(13001)] dpt:18 [ 1693352.000, 1118717.000, 2237434.000, 50.000%] cutoff:47 AF:0.892
0s [14000/6591(14000)] dpt:23 [ 1820034.000, 1118717.000, 2237434.000, 50.000%] cutoff:44 AF:0.892
0s [14001/6591(14001)] dpt:24 [ 1921325.000, 1118717.000, 2237434.000, 50.000%] cutoff:0 AF:0.892
0s [15999/7385(16000)] dpt:20 [ 1440095.000, 1118717.000, 2237434.000, 50.000%] cutoff:95 AF:0.892
0s [17001/7781(17001)] dpt:8 [ 1333365.000, 1118717.000, 2237434.000, 50.000%] cutoff:49 AF:0.892
0s [18000/8178(18001)] dpt:24 [ 1791890.000, 1118717.000, 2237434.000, 50.000%] cutoff:47 AF:0.892
0s [19001/8584(19001)] dpt:19 [ 1916229.000, 1118717.000, 2237434.000, 50.000%] cutoff:48 AF:0.892
0s [20000/8979(20000)] dpt:21 [ 1933751.000, 1118717.000, 2237434.000, 50.000%] cutoff:46 AF:0.892
0s [20001/8979(20001)] dpt:22 [ 2026101.000, 1118717.000, 2237434.000, 50.000%] cutoff:0 AF:0.892
0s [21000/9384(21000)] dpt:15 [ 1584716.000, 1118717.000, 2237434.000, 50.000%] cutoff:46 AF:0.892
0s [22000/9805(22001)] dpt:22 [ 1677164.000, 1118717.000, 2237434.000, 50.000%] cutoff:42 AF:0.892
0s [23001/10215(23001)] dpt:18 [ 1570292.000, 1118717.000, 2237434.000, 50.000%] cutoff:45 AF:0.892
0s [24001/10588(24001)] dpt:14 [ 1698047.000, 1342460.400, 2237434.000, 40.000%] cutoff:52 AF:0.892
0s [25000/10897(25001)] dpt:14 [ 1735353.000, 1342460.400, 2237434.000, 40.000%] cutoff:69 AF:0.892
0s [25999/11199(26000)] dpt:18 [ 1496251.000, 1342460.400, 2237434.000, 40.000%] cutoff:68 AF:0.892
0s [26999/11525(27000)] dpt:17 [ 1695342.000, 1342460.400, 2237434.000, 40.000%] cutoff:67 AF:0.892
0s [27001/11525(27001)] dpt:18 [ 1695980.000, 1342460.400, 2237434.000, 40.000%] cutoff:0 AF:0.892
0s [28000/11869(28000)] dpt:14 [ 1494270.000, 1342460.400, 2237434.000, 40.000%] cutoff:66 AF:0.892
0s [29000/12210(29000)] dpt:16 [ 1763314.000, 1342460.400, 2237434.000, 40.000%] cutoff:63 AF:0.892
0s [30000/12537(30000)] dpt:12 [ 1575233.000, 1342460.400, 2237434.000, 40.000%] cutoff:68 AF:0.892
0s [31000/12839(31001)] dpt:17 [ 1837642.000, 1342460.400, 2237434.000, 40.000%] cutoff:75 AF:0.892
0s [32000/13161(32001)] dpt:13 [ 1470488.000, 1342460.400, 2237434.000, 40.000%] cutoff:64 AF:0.892
0s [33000/13462(33000)] dpt:20 [ 1950001.000, 1342460.400, 2237434.000, 40.000%] cutoff:67 AF:0.892
0s [33001/13462(33001)] dpt:21 [ 1958852.000, 1342460.400, 2237434.000, 40.000%] cutoff:0 AF:0.892
0s [34000/13747(34000)] dpt:18 [ 1828057.000, 1342460.400, 2237434.000, 40.000%] cutoff:78 AF:0.892
0s [35001/14083(35001)] dpt:15 [ 1669481.000, 1342460.400, 2237434.000, 40.000%] cutoff:63 AF:0.892
0s [35999/14385(36000)] dpt:11 [ 1543820.000, 1342460.400, 2237434.000, 40.000%] cutoff:67 AF:0.892
0s [37000/14701(37000)] dpt:17 [ 2028960.000, 1342460.400, 2237434.000, 40.000%] cutoff:69 AF:0.892
0s [37001/14701(37001)] dpt:18 [ 2034274.000, 1342460.400, 2237434.000, 40.000%] cutoff:0 AF:0.892
0s [38000/15022(38000)] dpt:10 [ 1660141.000, 1342460.400, 2237434.000, 40.000%] cutoff:63 AF:0.892
0s [39000/15379(39000)] dpt:23 [ 1696288.000, 1342460.400, 2237434.000, 40.000%] cutoff:59 AF:0.892
0s [39001/15379(39001)] dpt:24 [ 1720316.000, 1342460.400, 2237434.000, 40.000%] cutoff:0 AF:0.892
0s [40000/15665(40000)] dpt:21 [ 1727665.000, 1342460.400, 2237434.000, 40.000%] cutoff:71 AF:0.892
0s [41001/15969(41001)] dpt:11 [ 1569433.000, 1342460.400, 2237434.000, 40.000%] cutoff:70 AF:0.892
0s [42000/16298(42000)] dpt:19 [ 1776997.000, 1342460.400, 2237434.000, 40.000%] cutoff:64 AF:0.892
0s [43000/16618(43000)] dpt:22 [ 1892585.000, 1342460.400, 2237434.000, 40.000%] cutoff:62 AF:0.892
0s [43001/16618(43001)] dpt:23 [ 1897451.000, 1342460.400, 2237434.000, 40.000%] cutoff:0 AF:0.892
0s [43999/16926(44000)] dpt:20 [ 2102653.000, 1342460.400, 2237434.000, 40.000%] cutoff:69 AF:0.892
0s [44999/17220(45000)] dpt:17 [ 1879232.000, 1342460.400, 2237434.000, 40.000%] cutoff:71 AF:0.892
0s [46000/17533(46000)] dpt:18 [ 1856283.000, 1342460.400, 2237434.000, 40.000%] cutoff:67 AF:0.892
0s [47001/17848(47001)] dpt:14 [ 1634750.000, 1342460.400, 2237434.000, 40.000%] cutoff:63 AF:0.892
0s [48000/18152(48000)] dpt:18 [ 1902527.000, 1566203.800, 2237434.000, 30.000%] cutoff:72 AF:0.892
0s [48001/18152(48001)] dpt:19 [ 1907511.000, 1566203.800, 2237434.000, 30.000%] cutoff:0 AF:0.892
0s [49000/18359(49001)] dpt:10 [ 1588403.000, 1566203.800, 2237434.000, 30.000%] cutoff:111 AF:0.892
0s [50000/18549(50000)] dpt:20 [ 2023902.000, 1566203.800, 2237434.000, 30.000%] cutoff:110 AF:0.892
0s [50001/18549(50001)] dpt:21 [ 2073225.000, 1566203.800, 2237434.000, 30.000%] cutoff:0 AF:0.892
0s [51000/18745(51000)] dpt:20 [ 1763933.000, 1566203.800, 2237434.000, 30.000%] cutoff:107 AF:0.892
0s [51001/18745(51001)] dpt:21 [ 1829358.000, 1566203.800, 2237434.000, 30.000%] cutoff:0 AF:0.892
0s [52000/18935(52000)] dpt:16 [ 1750892.000, 1566203.800, 2237434.000, 30.000%] cutoff:109 AF:0.892
0s [52001/18935(52001)] dpt:17 [ 1760873.000, 1566203.800, 2237434.000, 30.000%] cutoff:0 AF:0.892
0s [53000/19079(53000)] dpt:18 [ 2043618.000, 1566203.800, 2237434.000, 30.000%] cutoff:122 AF:0.892
0s [53001/19079(53001)] dpt:19 [ 2073298.000, 1566203.800, 2237434.000, 30.000%] cutoff:0 AF:0.892
0s [53999/19249(54000)] dpt:12 [ 1718193.000, 1566203.800, 2237434.000, 30.000%] cutoff:117 AF:0.892
0s [55000/19427(55000)] dpt:15 [ 1935222.000, 1566203.800, 2237434.000, 30.000%] cutoff:114 AF:0.892
0s [55001/19427(55001)] dpt:16 [ 1936157.000, 1566203.800, 2237434.000, 30.000%] cutoff:0 AF:0.892
0s [56000/19620(56000)] dpt:18 [ 1761497.000, 1566203.800, 2237434.000, 30.000%] cutoff:105 AF:0.892
0s [57000/19804(57000)] dpt:20 [ 1982275.000, 1566203.800, 2237434.000, 30.000%] cutoff:116 AF:0.892
0s [57001/19804(57001)] dpt:21 [ 2152830.000, 1566203.800, 2237434.000, 30.000%] cutoff:0 AF:0.892
0s [58000/20028(58001)] dpt:15 [ 1842078.000, 1566203.800, 2237434.000, 30.000%] cutoff:98 AF:0.892
0s [59000/20211(59000)] dpt:14 [ 1860671.000, 1566203.800, 2237434.000, 30.000%] cutoff:111 AF:0.892
0s [60000/20410(60001)] dpt:19 [ 1852964.000, 1566203.800, 2237434.000, 30.000%] cutoff:112 AF:0.892
0s [60999/20576(61000)] dpt:19 [ 1637996.000, 1566203.800, 2237434.000, 30.000%] cutoff:123 AF:0.892
0s [62001/20749(62001)] dpt:26 [ 2046566.000, 1566203.800, 2237434.000, 30.000%] cutoff:113 AF:0.892
0s [63000/20911(63000)] dpt:17 [ 1821435.000, 1566203.800, 2237434.000, 30.000%] cutoff:118 AF:0.892
0s [63001/20911(63001)] dpt:18 [ 1907236.000, 1566203.800, 2237434.000, 30.000%] cutoff:0 AF:0.892
0s [64000/21103(64001)] dpt:16 [ 1868602.000, 1566203.800, 2237434.000, 30.000%] cutoff:107 AF:0.892
0s [65000/21283(65001)] dpt:16 [ 1677449.000, 1566203.800, 2237434.000, 30.000%] cutoff:115 AF:0.892
0s [66000/21444(66000)] dpt:12 [ 1644796.000, 1566203.800, 2237434.000, 30.000%] cutoff:116 AF:0.892
0s [67000/21630(67000)] dpt:21 [ 1866553.000, 1566203.800, 2237434.000, 30.000%] cutoff:113 AF:0.892
0s [67001/21630(67001)] dpt:22 [ 1902594.000, 1566203.800, 2237434.000, 30.000%] cutoff:0 AF:0.892
0s [68000/21816(68001)] dpt:19 [ 2133416.000, 1566203.800, 2237434.000, 30.000%] cutoff:105 AF:0.892
0s [69000/21981(69000)] dpt:15 [ 1898255.000, 1566203.800, 2237434.000, 30.000%] cutoff:112 AF:0.892
0s [70000/22218(70000)] dpt:17 [ 2176320.000, 1566203.800, 2237434.000, 30.000%] cutoff:93 AF:0.892
0s [71000/22423(71000)] dpt:9 [ 1831006.000, 1566203.800, 2237434.000, 30.000%] cutoff:104 AF:0.892
0s [72000/22621(72000)] dpt:15 [ 1979897.000, 1566203.800, 2237434.000, 30.000%] cutoff:105 AF:0.892
0s [73001/22802(73001)] dpt:13 [ 1679318.000, 1566203.800, 2237434.000, 30.000%] cutoff:104 AF:0.892
0s [73999/22982(74000)] dpt:13 [ 1917426.000, 1566203.800, 2237434.000, 30.000%] cutoff:110 AF:0.892
0s [74001/22982(74001)] dpt:14 [ 1925265.000, 1566203.800, 2237434.000, 30.000%] cutoff:0 AF:0.892
0s [75000/23186(75000)] dpt:21 [ 2001458.000, 1566203.800, 2237434.000, 30.000%] cutoff:108 AF:0.892
0s [75001/23186(75001)] dpt:22 [ 2103408.000, 1566203.800, 2237434.000, 30.000%] cutoff:0 AF:0.892
0s [76001/23352(76001)] dpt:14 [ 2070862.000, 1566203.800, 2237434.000, 30.000%] cutoff:121 AF:0.892
0s [77000/23547(77000)] dpt:16 [ 1861991.000, 1566203.800, 2237434.000, 30.000%] cutoff:108 AF:0.892
0s [78001/23748(78001)] dpt:14 [ 2067721.000, 1566203.800, 2237434.000, 30.000%] cutoff:106 AF:0.892
0s [78999/23967(79000)] dpt:13 [ 1653911.000, 1566203.800, 2237434.000, 30.000%] cutoff:99 AF:0.892
0s [79999/24147(80000)] dpt:16 [ 1908575.000, 1566203.800, 2237434.000, 30.000%] cutoff:118 AF:0.892
0s [81000/24328(81000)] dpt:21 [ 2069628.000, 1566203.800, 2237434.000, 30.000%] cutoff:109 AF:0.892
0s [82001/24500(82001)] dpt:15 [ 2019919.000, 1566203.800, 2237434.000, 30.000%] cutoff:115 AF:0.892
0s [83000/24680(83001)] dpt:15 [ 1981940.000, 1566203.800, 2237434.000, 30.000%] cutoff:108 AF:0.892
0s [84000/24885(84000)] dpt:17 [ 1939221.000, 1566203.800, 2237434.000, 30.000%] cutoff:104 AF:0.892
0s [84001/24885(84001)] dpt:18 [ 2070419.000, 1566203.800, 2237434.000, 30.000%] cutoff:0 AF:0.892
0s [84999/24885(85000)] dpt:11 [ 2036504.000, 1789947.200, 2237434.000, 20.000%] cutoff:207 AF:0.892
0s [86000/24801(86000)] dpt:10 [ 2122857.000, 1789947.200, 2237434.000, 20.000%] cutoff:254 AF:0.892
0s [87000/24725(87000)] dpt:15 [ 1994108.000, 1789947.200, 2237434.000, 20.000%] cutoff:263 AF:0.892
0s [87001/24725(87001)] dpt:16 [ 2088154.000, 1789947.200, 2237434.000, 20.000%] cutoff:0 AF:0.892
0s [88000/24628(88000)] dpt:15 [ 1933776.000, 1789947.200, 2237434.000, 20.000%] cutoff:256 AF:0.892
0s [89000/24563(89000)] dpt:15 [ 1992656.000, 1789947.200, 2237434.000, 20.000%] cutoff:240 AF:0.892
0s [89001/24563(89001)] dpt:16 [ 2000857.000, 1789947.200, 2237434.000, 20.000%] cutoff:0 AF:0.892
0s [90000/24524(90000)] dpt:14 [ 2036695.000, 1789947.200, 2237434.000, 20.000%] cutoff:224 AF:0.892
0s [90001/24524(90001)] dpt:15 [ 2112994.000, 1789947.200, 2237434.000, 20.000%] cutoff:0 AF:0.892
0s [91000/24445(91000)] dpt:17 [ 2123994.000, 1789947.200, 2237434.000, 20.000%] cutoff:253 AF:0.892
0s [91001/24444(91001)] dpt:15 [ 1971029.000, 1789947.200, 2237434.000, 20.000%] cutoff:1 AF:0.892
0s [92000/24335(92000)] dpt:18 [ 2011721.000, 1789947.200, 2237434.000, 20.000%] cutoff:270 AF:0.892
0s [92001/24335(92001)] dpt:19 [ 2015655.000, 1789947.200, 2237434.000, 20.000%] cutoff:0 AF:0.892
0s [93000/24258(93000)] dpt:13 [ 2023722.000, 1789947.200, 2237434.000, 20.000%] cutoff:240 AF:0.892
0s [93001/24258(93001)] dpt:14 [ 2024370.000, 1789947.200, 2237434.000, 20.000%] cutoff:0 AF:0.892
0s [94000/24170(94001)] dpt:17 [ 2138622.000, 1789947.200, 2237434.000, 20.000%] cutoff:252 AF:0.892
0s [95000/24070(95000)] dpt:20 [ 2066762.000, 1789947.200, 2237434.000, 20.000%] cutoff:255 AF:0.892
0s [95001/24070(95001)] dpt:21 [ 2200860.000, 1789947.200, 2237434.000, 20.000%] cutoff:0 AF:0.892
0s [96000/24005(96001)] dpt:13 [ 1920572.000, 1789947.200, 2237434.000, 20.000%] cutoff:249 AF:0.892
0s [97000/24014(97000)] dpt:19 [ 1975024.000, 1789947.200, 2237434.000, 20.000%] cutoff:194 AF:0.892
0s [97001/24014(97001)] dpt:20 [ 1989515.000, 1789947.200, 2237434.000, 20.000%] cutoff:0 AF:0.892
0s [97999/23944(98000)] dpt:20 [ 1937709.000, 1789947.200, 2237434.000, 20.000%] cutoff:242 AF:0.892
0s [98001/23944(98001)] dpt:21 [ 2082289.000, 1789947.200, 2237434.000, 20.000%] cutoff:0 AF:0.892
0s [99000/23872(99000)] dpt:16 [ 1991035.000, 1789947.200, 2237434.000, 20.000%] cutoff:237 AF:0.892
0s [99001/23872(99001)] dpt:17 [ 2034176.000, 1789947.200, 2237434.000, 20.000%] cutoff:0 AF:0.892
0s [100000/23823(100000)] dpt:13 [ 2026129.000, 1789947.200, 2237434.000, 20.000%] cutoff:224 AF:0.892
0s [101000/23726(101000)] dpt:13 [ 2073397.000, 1789947.200, 2237434.000, 20.000%] cutoff:252 AF:0.892
0s [101001/23726(101001)] dpt:14 [ 2081576.000, 1789947.200, 2237434.000, 20.000%] cutoff:0 AF:0.892
0s [102000/23644(102000)] dpt:21 [ 2163133.000, 1789947.200, 2237434.000, 20.000%] cutoff:253 AF:0.892
0s [102001/23643(102001)] dpt:21 [ 2058274.000, 1789947.200, 2237434.000, 20.000%] cutoff:1 AF:0.892
0s [103000/23529(103000)] dpt:16 [ 1975333.000, 1789947.200, 2237434.000, 20.000%] cutoff:266 AF:0.892
0s [103001/23529(103001)] dpt:17 [ 1990993.000, 1789947.200, 2237434.000, 20.000%] cutoff:0 AF:0.892
0s [104000/23469(104001)] dpt:18 [ 2148598.000, 1789947.200, 2237434.000, 20.000%] cutoff:241 AF:0.892
0s [105000/23436(105000)] dpt:16 [ 2126839.000, 1789947.200, 2237434.000, 20.000%] cutoff:214 AF:0.892
0s [105001/23436(105001)] dpt:17 [ 2158519.000, 1789947.200, 2237434.000, 20.000%] cutoff:0 AF:0.892
0s [106000/23368(106000)] dpt:17 [ 2044758.000, 1789947.200, 2237434.000, 20.000%] cutoff:240 AF:0.892
0s [106001/23368(106001)] dpt:18 [ 2074847.000, 1789947.200, 2237434.000, 20.000%] cutoff:0 AF:0.892
0s [107000/23279(107000)] dpt:19 [ 2186489.000, 1789947.200, 2237434.000, 20.000%] cutoff:249 AF:0.892
0s [107001/23278(107001)] dpt:14 [ 1807518.000, 1789947.200, 2237434.000, 20.000%] cutoff:1 AF:0.892
0s [108000/23215(108000)] dpt:16 [ 2179898.000, 1789947.200, 2237434.000, 20.000%] cutoff:231 AF:0.892
0s [108999/23131(109000)] dpt:16 [ 1962248.000, 1789947.200, 2237434.000, 20.000%] cutoff:248 AF:0.892
0s [109001/23131(109001)] dpt:17 [ 1962573.000, 1789947.200, 2237434.000, 20.000%] cutoff:0 AF:0.892
0s [110000/23052(110000)] dpt:20 [ 2178259.000, 1789947.200, 2237434.000, 20.000%] cutoff:242 AF:0.892
0s [110999/23059(111000)] dpt:9 [ 1944741.000, 1789947.200, 2237434.000, 20.000%] cutoff:210 AF:0.892
0s [111001/23059(111001)] dpt:10 [ 1946187.000, 1789947.200, 2237434.000, 20.000%] cutoff:0 AF:0.892
0s [112001/23017(112001)] dpt:11 [ 2003774.000, 1789947.200, 2237434.000, 20.000%] cutoff:232 AF:0.892
0s [113000/22942(113000)] dpt:14 [ 2023096.000, 1789947.200, 2237434.000, 20.000%] cutoff:239 AF:0.892
0s [113001/22942(113001)] dpt:15 [ 2152635.000, 1789947.200, 2237434.000, 20.000%] cutoff:0 AF:0.892
0s [114000/22837(114000)] dpt:15 [ 2055205.000, 1789947.200, 2237434.000, 20.000%] cutoff:262 AF:0.892
0s [114001/22837(114001)] dpt:16 [ 2089134.000, 1789947.200, 2237434.000, 20.000%] cutoff:0 AF:0.892
0s [115000/22768(115001)] dpt:16 [ 2145016.000, 1789947.200, 2237434.000, 20.000%] cutoff:247 AF:0.892
0s [115999/22681(116000)] dpt:15 [ 2024122.000, 1789947.200, 2237434.000, 20.000%] cutoff:255 AF:0.892
0s [116001/22681(116001)] dpt:16 [ 2132591.000, 1789947.200, 2237434.000, 20.000%] cutoff:0 AF:0.892
0s [116999/22550(117000)] dpt:13 [ 2175595.000, 1789947.200, 2237434.000, 20.000%] cutoff:273 AF:0.892
0s [117001/22549(117001)] dpt:13 [ 1984848.000, 1789947.200, 2237434.000, 20.000%] cutoff:1 AF:0.892
0s [118000/22441(118000)] dpt:14 [ 1912484.000, 1789947.200, 2237434.000, 20.000%] cutoff:271 AF:0.892
0s [118001/22441(118001)] dpt:15 [ 1912868.000, 1789947.200, 2237434.000, 20.000%] cutoff:0 AF:0.892
0s [119000/22402(119000)] dpt:14 [ 2008369.000, 1789947.200, 2237434.000, 20.000%] cutoff:220 AF:0.892
0s [119001/22402(119001)] dpt:15 [ 2052965.000, 1789947.200, 2237434.000, 20.000%] cutoff:0 AF:0.892
0s [120000/22325(120000)] dpt:15 [ 2009205.000, 1789947.200, 2237434.000, 20.000%] cutoff:244 AF:0.892
0s [121000/22204(121000)] dpt:16 [ 1885844.000, 1789947.200, 2237434.000, 20.000%] cutoff:288 AF:0.892
0s [121001/22204(121001)] dpt:17 [ 1887201.000, 1789947.200, 2237434.000, 20.000%] cutoff:0 AF:0.892
0s [122000/22146(122000)] dpt:22 [ 2026562.000, 1789947.200, 2237434.000, 20.000%] cutoff:231 AF:0.892
0s [122001/22146(122001)] dpt:23 [ 2092011.000, 1789947.200, 2237434.000, 20.000%] cutoff:0 AF:0.892
0s [123001/22034(123001)] dpt:10 [ 2007109.000, 1789947.200, 2237434.000, 20.000%] cutoff:264 AF:0.892
0s [124000/21899(124000)] dpt:12 [ 1998407.000, 1789947.200, 2237434.000, 20.000%] cutoff:276 AF:0.892
0s [124001/21899(124001)] dpt:13 [ 2002936.000, 1789947.200, 2237434.000, 20.000%] cutoff:0 AF:0.892
0s [125000/20248(125000)] dpt:17 [ 2047170.000, 2013690.600, 2237434.000, 10.000%] cutoff:1703 AF:0.892
0s [125001/20248(125001)] dpt:18 [ 2207200.000, 2013690.600, 2237434.000, 10.000%] cutoff:0 AF:0.892
0s [126000/18446(126000)] dpt:15 [ 2178817.000, 2013690.600, 2237434.000, 10.000%] cutoff:1836 AF:0.892
0s [126001/18445(126001)] dpt:17 [ 2128277.000, 2013690.600, 2237434.000, 10.000%] cutoff:1 AF:0.892
0s [127000/16441(127000)] dpt:12 [ 2121353.000, 2013690.600, 2237434.000, 10.000%] cutoff:2027 AF:0.892
0s [127001/16441(127001)] dpt:13 [ 2217394.000, 2013690.600, 2237434.000, 10.000%] cutoff:0 AF:0.892
0s [128000/14593(128000)] dpt:14 [ 2127021.000, 2013690.600, 2237434.000, 10.000%] cutoff:1881 AF:0.892
0s [128001/14592(128001)] dpt:11 [ 2207880.000, 2013690.600, 2237434.000, 10.000%] cutoff:1 AF:0.892
0s [129000/12891(129000)] dpt:11 [ 2056716.000, 2013690.600, 2237434.000, 10.000%] cutoff:1733 AF:0.892
0s [130000/11105(130000)] dpt:16 [ 2101640.000, 2013690.600, 2237434.000, 10.000%] cutoff:1819 AF:0.892
0s [130001/11104(130001)] dpt:17 [ 2098273.000, 2013690.600, 2237434.000, 10.000%] cutoff:1 AF:0.892
0s [131000/9304(131000)] dpt:18 [ 2130928.000, 2013690.600, 2237434.000, 10.000%] cutoff:1835 AF:0.892
0s [131001/9298(131001)] dpt:13 [ 2218702.000, 2013690.600, 2237434.000, 10.000%] cutoff:6 AF:0.892
0s [132000/7564(132000)] dpt:14 [ 2106721.000, 2013690.600, 2237434.000, 10.000%] cutoff:1776 AF:0.892
0s [132001/7564(132001)] dpt:15 [ 2132567.000, 2013690.600, 2237434.000, 10.000%] cutoff:0 AF:0.892
0s [133000/5563(133000)] dpt:9 [ 2151185.000, 2013690.600, 2237434.000, 10.000%] cutoff:2034 AF:0.892
0s [133001/5556(133001)] dpt:14 [ 2136173.000, 2013690.600, 2237434.000, 10.000%] cutoff:7 AF:0.892
0s [134000/3053(134000)] dpt:19 [ 2176528.000, 2013690.600, 2237434.000, 10.000%] cutoff:2531 AF:0.892
0s [134001/3049(134001)] dpt:18 [ 2047650.000, 2013690.600, 2237434.000, 10.000%] cutoff:4 AF:0.892
End

SVPSOLVER found an optimal solution

time: 0s
best value: 2237434.000
norm: 1495.805
AF: 0.892
Nodes: 134934
best solution:
 0: 1.000
