Bounds: 
x_0: [ -19.000, 19.000]
x_1: [ -6.000, 6.000]
x_2: [ -26.000, 26.000]
x_3: [ -12.000, 12.000]
x_4: [ -11.000, 11.000]
x_5: [ -18.000, 18.000]
x_6: [ -14.000, 14.000]
x_7: [ -14.000, 14.000]
x_8: [ -11.000, 11.000]
x_9: [ -14.000, 14.000]
x_10: [ -15.000, 15.000]
x_11: [ -7.000, 7.000]
x_12: [ -8.000, 8.000]
x_13: [ -11.000, 11.000]
x_14: [ -12.000, 12.000]
x_15: [ -8.000, 8.000]
x_16: [ -9.000, 9.000]
x_17: [ -9.000, 9.000]
x_18: [ -11.000, 11.000]
x_19: [ -8.000, 8.000]
x_20: [ -11.000, 11.000]
x_21: [ -8.000, 8.000]
x_22: [ -7.000, 7.000]
x_23: [ -6.000, 6.000]
x_24: [ -9.000, 9.000]
x_25: [ -5.000, 5.000]
x_26: [ -5.000, 5.000]
x_27: [ -8.000, 8.000]
x_28: [ -4.000, 4.000]
x_29: [ -6.000, 6.000]
x_30: [ -7.000, 7.000]
x_31: [ -5.000, 5.000]
x_32: [ -6.000, 6.000]
x_33: [ -3.000, 3.000]
x_34: [ -5.000, 5.000]
x_35: [ -3.000, 3.000]
x_36: [ -5.000, 5.000]
x_37: [ -3.000, 3.000]
x_38: [ -4.000, 4.000]
x_39: [ -5.000, 5.000]
x_40: [ -4.000, 4.000]
x_41: [ -4.000, 4.000]
x_42: [ -4.000, 4.000]
x_43: [ -4.000, 4.000]
x_44: [ -3.000, 3.000]
x_45: [ -3.000, 3.000]
x_46: [ -3.000, 3.000]
x_47: [ -3.000, 3.000]
-[0]--------------------------------------------
selection: 47

Welcome to IBM(R) ILOG(R) CPLEX(R) Interactive Optimizer 12.8.0.0
  with Simplex, Mixed Integer & Barrier Optimizers
5725-A06 5725-A29 5724-Y48 5724-Y49 5724-Y54 5724-Y55 5655-Y21
Copyright IBM Corp. 1988, 2017.  All Rights Reserved.

Type 'help' for a list of available commands.
Type 'help' followed by a command name for more
information on commands.

CPLEX> Problem 'cplex.lp' read.
Read time = 0.00 sec. (0.13 ticks)
CPLEX> New value for time limit in seconds: 5000
CPLEX> New value for mixed integer optimality gap tolerance: 1e-10
CPLEX> CPXPARAM_TimeLimit                               5000
CPXPARAM_MIP_Tolerances_MIPGap                   1e-10
Found incumbent of value 1.9053379e+10 after 0.00 sec. (0.02 ticks)
Tried aggregator 1 time.
Reduced MIQP has 0 rows, 48 columns, and 0 nonzeros.
Reduced MIQP has 0 binaries, 48 generals, 0 SOSs, and 0 indicators.
Reduced MIQP objective Q matrix has 2304 nonzeros.
Presolve time = 0.00 sec. (0.21 ticks)
Tried aggregator 1 time.
Reduced MIQP has 0 rows, 48 columns, and 0 nonzeros.
Reduced MIQP has 0 binaries, 48 generals, 0 SOSs, and 0 indicators.
Reduced MIQP objective Q matrix has 2304 nonzeros.
Presolve time = 0.00 sec. (0.19 ticks)
MIP emphasis: balance optimality and feasibility.
MIP search method: dynamic search.
Parallel mode: deterministic, using up to 32 threads.
Root relaxation solution time = 0.00 sec. (1.12 ticks)

        Nodes                                         Cuts/
   Node  Left     Objective  IInf  Best Integer    Best Bound    ItCnt     Gap

*     0+    0                       1.90534e+10  -1.37632e+11           822.35%
      0     0   254121.8509    47   1.90534e+10   254121.8509        7  100.00%
*     0+    0                       2.32483e+07   254121.8509            98.91%
*     0+    0                      5763004.0000   254121.8509            95.59%
      0     2   254121.8509    47  5763004.0000   286368.5208        7   95.03%
Elapsed time = 0.57 sec. (12.24 ticks, tree = 0.01 MB, solutions = 3)
*   238+   30                      5355254.0000   287951.3357            94.62%
*  2194+  762                      4374577.0000   287951.3357            93.42%
  35304 19391  2665770.5317    29  4374577.0000   907300.7660    75353   79.26%
  90094 61804  3893854.2541    23  4374577.0000  1102866.8442   198332   74.79%
* 96079+64044                      4257509.0000  1119886.5850            73.70%
 152914 103430  1832954.5569    37  4257509.0000  1212290.5279   329076   71.53%
*155859+105675                      3789745.0000  1217505.0875            67.87%
 206891 123367  3474687.0109    23  3789745.0000  1291196.2593   435890   65.93%
 271672 166615  3719862.0268    21  3789745.0000  1353193.9453   570903   64.29%
 338399 224191  2945095.8030    20  3789745.0000  1406779.0126   748028   62.88%
 406328 282927  1620278.9951    35  3789745.0000  1471902.1145   927426   61.16%
 475095 333520  3072293.4453    26  3789745.0000  1522962.0903  1083879   59.81%
*493897+337510                      3657580.0000  1535335.7255            58.02%
 525744 341712  3151251.9309    22  3657580.0000  1563405.3538  1155491   57.26%
 805345 544147  3620910.4631    16  3657580.0000  1673939.7277  1790302   54.23%
Elapsed time = 8.88 sec. (3111.72 ticks, tree = 136.08 MB, solutions = 10)
 1095918 742627  2632597.8275    25  3657580.0000  1755335.9667  2413626   52.01%
 1397459 926853  3396870.5130    24  3657580.0000  1815248.7045  3002595   50.37%
 1707406 1132965  2582100.5684    25  3657580.0000  1860063.7043  3641126   49.14%
 2020250 1348488  2234458.8069    27  3657580.0000  1898153.8113  4312998   48.10%
 2334092 1565050  2070430.7379    34  3657580.0000  1929615.1318  4995404   47.24%
 2649920 1765946  2576860.3444    30  3657580.0000  1957180.3073  5623263   46.49%
*2777365+1854651                      3636843.0000  1967256.7703            45.91%
 2947619 1973453  3479213.1339    23  3636843.0000  1980765.2445  6328485   45.54%
 3265660 2178862  3325371.6691    21  3636843.0000  2003053.0715  6966436   44.92%
 3583840 2330181  3389552.4449    20  3636843.0000  2021590.9569  7451727   44.41%
 3902073 2592824  2128495.0731    35  3636843.0000  2039353.6183  8275635   43.93%
Elapsed time = 37.02 sec. (12648.50 ticks, tree = 668.21 MB, solutions = 11)
 4222225 2774800  3089346.6670    22  3636843.0000  2056656.5474  8848530   43.45%
 4543895 2970395        cutoff        3636843.0000  2071973.1449  9462147   43.03%
 4863112 3195597  2773988.1577    28  3636843.0000  2086741.9185 10183663   42.62%
 5187000 3384287  2719155.5606    23  3636843.0000  2100283.4879 10779786   42.25%
 5508086 3614336  3275229.5835    26  3636843.0000  2112863.5770 11505653   41.90%
 5831355 3796495        cutoff        3636843.0000  2125034.5297 12084957   41.57%
 6152430 4008005  2316651.5429    32  3636843.0000  2136068.4285 12770055   41.27%
 6476445 4254770  3244930.6961    23  3636843.0000  2146942.8898 13563814   40.97%
 6800564 4490813  2368421.5895    32  3636843.0000  2157560.9402 14310699   40.67%
 7122558 4693308  2539050.8604    31  3636843.0000  2167347.4385 14974808   40.41%
Elapsed time = 68.27 sec. (22185.27 ticks, tree = 1203.78 MB, solutions = 11)
 7448608 4811389  3223379.3571    25  3636843.0000  2177167.2934 15362389   40.14%
 7771704 5064700  2909411.7823    29  3636843.0000  2186550.3502 16161581   39.88%
 8094896 5281477        cutoff        3636843.0000  2195279.9667 16868651   39.64%
 8421605 5510975  2682338.6426    28  3636843.0000  2203917.3172 17626314   39.40%
 8745117 5734083  2849520.9867    26  3636843.0000  2211770.7451 18352902   39.18%
 9068874 5864330  2941392.2881    29  3636843.0000  2219634.7042 18779411   38.97%
 9393399 6054358  2593660.9183    24  3636843.0000  2227277.8135 19412503   38.76%
 9714739 6257917  3367210.5689    30  3636843.0000  2234766.9642 20091924   38.55%
 10036679 6489636  3019077.0899    29  3636843.0000  2241883.9583 20865911   38.36%
 10363513 6745704  3077325.3510    23  3636843.0000  2248727.3628 21729095   38.17%
Elapsed time = 102.62 sec. (31722.04 ticks, tree = 1736.82 MB, solutions = 11)
 10688330 6863085  3136651.8355    24  3636843.0000  2255550.3679 22116762   37.98%
 11007949 7122393  2854823.3765    25  3636843.0000  2262051.8862 22987225   37.80%
 11333640 7341859  3543970.8677    18  3636843.0000  2268462.2510 23763721   37.63%
 11660607 7536409  2381250.7653    31  3636843.0000  2274771.2532 24417303   37.45%
 11985986 7727247  3385177.4698    28  3636843.0000  2281129.3339 25058202   37.28%
*12173023+7793997                      3517018.0000  2284256.0393            35.05%
 12298119 7858349  3441630.0196    23  3517018.0000  2286434.2407 25498524   34.99%
 12607245 7478511  2938766.6583    26  3517018.0000  2292526.9787 26325170   34.82%
 12933056 7580578  2396480.0381    30  3517018.0000  2298288.3679 26702420   34.65%
 13255094 7922836  3134819.2937    19  3517018.0000  2303959.0838 27917809   34.49%
 13474032 7968197  2887480.9557    27  3517018.0000  2305158.0785 28082652   34.46%
Elapsed time = 141.35 sec. (41258.82 ticks, tree = 2045.62 MB, solutions = 12)
Nodefile size = 4.00 MB (2.61 MB after compression)
 13512760 7984904  2360376.1055    37  3517018.0000  2305333.4924 28143604   34.45%
 13577505 8031254  2480971.6747    34  3517018.0000  2305333.4924 28312119   34.45%
 13633300 8064905  2671568.6461    25  3517018.0000  2305333.4924 28440236   34.45%
 13695017 8085402  3284660.5950    27  3517018.0000  2305333.4924 28518034   34.45%
 13727497 8113648  2923312.8976    26  3517018.0000  2305333.4924 28630315   34.45%
 13761415 8131708  3317773.2653    16  3517018.0000  2305333.4924 28698585   34.45%
 13806743 8153347  3257687.8120    21  3517018.0000  2305333.4924 28781887   34.45%
 13844216 8163366  2589906.9061    31  3517018.0000  2305333.4924 28821481   34.45%
 13898229 8195576  2897110.0659    26  3517018.0000  2305333.4924 28947075   34.45%
 13931198 8224205  2465642.8148    28  3517018.0000  2305333.4924 29063556   34.45%
Elapsed time = 185.81 sec. (50796.24 ticks, tree = 2102.02 MB, solutions = 12)
Nodefile size = 54.99 MB (35.94 MB after compression)
 13965084 8241434  2877211.0720    24  3517018.0000  2305333.4924 29133773   34.45%
 14005690 8266002  3446982.7622    25  3517018.0000  2305333.4924 29236375   34.45%
 14051100 8287770  2444503.2100    32  3517018.0000  2305333.4924 29328355   34.45%
 14097297 8317022  3136382.7559    26  3517018.0000  2305333.4924 29453364   34.45%
 14138878 8336600  2800271.7962    20  3517018.0000  2305333.4924 29541236   34.45%
 14205029 8363481  2647955.5914    31  3517018.0000  2305333.4924 29659130   34.45%
 14237831 8387486  3186838.4193    27  3517018.0000  2305333.4924 29755970   34.45%
 14271860 8396168        cutoff        3517018.0000  2305333.4924 29793564   34.45%
 14301702 8414633  2671946.5650    25  3517018.0000  2305333.4924 29874787   34.45%
 14351319 8430882  3012149.7305    28  3517018.0000  2305333.4924 29943255   34.45%
Elapsed time = 220.11 sec. (60333.34 ticks, tree = 2145.23 MB, solutions = 12)
Nodefile size = 97.99 MB (64.11 MB after compression)
 14432803 8471165  2563894.5777    34  3517018.0000  2305333.4924 30120527   34.45%
 14468404 8504750  3127694.7211    22  3517018.0000  2305333.4924 30258746   34.45%
 14504602 8516769  3267125.3634    20  3517018.0000  2305333.4924 30310880   34.45%
 14543890 8542902  3276168.5015    24  3517018.0000  2305333.4924 30419710   34.45%
 14591823 8569213  2713480.2373    33  3517018.0000  2305333.4924 30530737   34.45%
 14650180 8600163  3444635.8881    30  3517018.0000  2305333.4924 30667093   34.45%
 14717408 8626615  2725846.9312    30  3517018.0000  2305333.4924 30783834   34.45%
 14773556 8650608  3275832.6787    22  3517018.0000  2305333.4924 30884024   34.45%
 14789795 8664592  2560783.1351    29  3517018.0000  2305333.4924 30944415   34.45%
 14823941 8681064  2435095.4679    31  3517018.0000  2305333.4924 31014591   34.45%
Elapsed time = 257.59 sec. (69870.24 ticks, tree = 2191.90 MB, solutions = 12)
Nodefile size = 144.99 MB (94.97 MB after compression)
 14862379 8710429  3178182.1416    27  3517018.0000  2305333.4924 31146019   34.45%
 14916958 8722945  3449462.0355    24  3517018.0000  2305333.4924 31201643   34.45%
 14963304 8743830        cutoff        3517018.0000  2305333.4924 31298416   34.45%
 14999171 8759059  2505576.9909    30  3517018.0000  2305333.4924 31368154   34.45%
 15036934 8781880  2558064.2193    34  3517018.0000  2305333.4924 31469157   34.45%
 15107691 8813067  2821704.9244    27  3517018.0000  2305333.4924 31612262   34.45%
 15198242 8839455  2746828.5119    29  3517018.0000  2305333.4924 31731638   34.45%
 15252063 8895031  2770300.0220    32  3517018.0000  2305333.4924 31964347   34.45%
 15293473 8907629  3199449.8049    26  3517018.0000  2305333.4924 32018011   34.45%
 15334847 8928012  2570912.6112    30  3517018.0000  2305333.4924 32105196   34.45%
Elapsed time = 296.41 sec. (79407.31 ticks, tree = 2242.23 MB, solutions = 12)
Nodefile size = 194.98 MB (127.87 MB after compression)
 15380449 8960130  2823756.5022    26  3517018.0000  2305333.4924 32235582   34.45%
 15424467 8985736  2966967.8802    23  3517018.0000  2305333.4924 32346393   34.45%
 15480051 8990445  3077375.1011    30  3517018.0000  2305333.4924 32366806   34.45%
 15559412 9027504  3509487.2326    28  3517018.0000  2305333.4924 32525488   34.45%
 15614173 9077074  3276219.4901    27  3517018.0000  2305333.4924 32740957   34.45%
 15651119 9085291  3497861.2321    23  3517018.0000  2305333.4924 32776505   34.45%
 15697943 9134280  3441853.7962    22  3517018.0000  2305333.4924 32986124   34.45%
 15767537 9143341  3138909.7588    29  3517018.0000  2305333.4924 33027078   34.45%
 15858960 9184637  2612719.3088    28  3517018.0000  2305333.4924 33210799   34.45%
 16111959 9324127  2629706.7656    34  3517018.0000  2305333.4924 33823689   34.45%
Elapsed time = 353.59 sec. (91805.26 ticks, tree = 2318.69 MB, solutions = 12)
Nodefile size = 271.97 MB (178.64 MB after compression)
 16311080 9433323  3144219.7476    29  3517018.0000  2305333.4924 34302123   34.45%
 16579522 9558091        cutoff        3517018.0000  2305333.4924 34858606   34.45%
 16805656 9678142  2905011.4453    26  3517018.0000  2305333.4924 35382903   34.45%
 16981476 9763733  2955866.7304    29  3517018.0000  2305333.4924 35769311   34.45%
 17247185 9887549        cutoff        3517018.0000  2305686.2599 36312638   34.44%
 17595158 10067891  2490706.4556    30  3517018.0000  2305686.2599 37125144   34.44%
 17823220 10173181  2768081.9546    26  3517018.0000  2305686.2599 37560405   34.44%
 18000786 10265766        cutoff        3517018.0000  2305686.2599 37961990   34.44%
 18209534 10382057  2796292.8090    26  3517018.0000  2305686.2599 38492641   34.44%
 18421355 10473354  2864440.1015    24  3517018.0000  2305686.2599 38901188   34.44%
Elapsed time = 535.36 sec. (129952.49 ticks, tree = 2546.93 MB, solutions = 12)
Nodefile size = 499.95 MB (329.51 MB after compression)
 18647675 10581512  3488521.2646    31  3517018.0000  2305686.2599 39388597   34.44%
 18907460 10722737  2635125.8782    33  3517018.0000  2305686.2599 40025640   34.44%
 19142128 10836350  3346557.5998    22  3517018.0000  2305686.2599 40518116   34.44%
 19415526 10953382  3385931.6986    27  3517018.0000  2305686.2599 41033991   34.44%
 19721601 11124966  2923882.6829    34  3517018.0000  2305686.2599 41797556   34.44%
 19940274 11245356        cutoff        3517018.0000  2305686.2599 42341456   34.44%
 20229879 11348930  3229698.9141    21  3517018.0000  2305686.2599 42820813   34.44%
 20575777 11562930  3161044.6135    24  3517018.0000  2305686.2599 43803239   34.44%
 20832929 11708638  2667016.3983    35  3517018.0000  2305860.2485 44446963   34.44%
 21189275 11839938  2871415.4407    28  3517018.0000  2306534.5378 45089363   34.42%
Elapsed time = 766.39 sec. (168099.59 ticks, tree = 2819.74 MB, solutions = 12)
Nodefile size = 772.92 MB (510.74 MB after compression)
 21608346 12029925  3120897.4471    31  3517018.0000  2306534.5378 45970368   34.42%
 22020945 12254490  3484460.7913    22  3517018.0000  2306534.5378 47048449   34.42%
 22289074 12356424  3079362.7966    35  3517018.0000  2306534.5378 47514311   34.42%
 22471436 12468078  3284242.2423    25  3517018.0000  2306534.5378 48030819   34.42%
 22757360 12586933        cutoff        3517018.0000  2306534.5378 48604586   34.42%
 23057350 12733074        cutoff        3517018.0000  2306534.5378 49294302   34.42%
*23214378+12795846                      3509994.0000  2306534.5378            34.29%
 23402947 12871182  2935007.2272    30  3509994.0000  2306534.5378 50125272   34.29%
 23859368 13045580  3320150.9762    28  3509994.0000  2306534.5378 50980091   34.29%
 24371673 13314096  2976144.8564    26  3509994.0000  2306534.5378 52214512   34.29%
 24674729 13466157  2746452.6420    25  3509994.0000  2306534.5378 52916737   34.29%
Elapsed time = 1044.31 sec. (206246.80 ticks, tree = 3135.64 MB, solutions = 13)
Nodefile size = 1088.89 MB (721.10 MB after compression)
 25062336 13642834  3156944.6199    28  3509994.0000  2306534.5378 53759700   34.29%
 25503267 13845008  2756737.4123    29  3509994.0000  2306534.5378 54750091   34.29%
 26020782 14071329  2743507.9210    32  3509994.0000  2306534.5378 55815060   34.29%
 26441340 14312166  3154052.1543    30  3509994.0000  2306534.5378 56917080   34.29%
 26794495 14442604  2742558.0728    27  3509994.0000  2306534.5378 57526776   34.29%
 27284034 14716618  2984933.5865    26  3509994.0000  2306534.5378 58851012   34.29%
 27706824 14876439        cutoff        3509994.0000  2306534.5378 59592170   34.29%
 28221457 15124867  3233514.6461    21  3509994.0000  2306534.5378 60767162   34.29%
 28561477 15286201  3166341.1289    32  3509994.0000  2306534.5378 61541475   34.29%
 29080224 15520452  3048365.2513    24  3509994.0000  2306534.5378 62738020   34.29%
Elapsed time = 1399.62 sec. (244393.97 ticks, tree = 3542.91 MB, solutions = 13)
Nodefile size = 1495.85 MB (991.89 MB after compression)
 29648787 15780778  2834777.8088    31  3509994.0000  2306534.5378 63995319   34.29%
 30193224 16003605  3045245.9204    26  3509994.0000  2306534.5378 65093155   34.29%
 30743708 16305100  3341638.3379    27  3509994.0000  2306534.5378 66541513   34.29%
 31196043 16472579  2781041.7174    25  3509994.0000  2306534.5378 67425522   34.29%
 31701476 16672915  2848111.7152    26  3509994.0000  2306534.5378 68494797   34.29%
 32239970 16982050  2657262.2292    35  3509994.0000  2306534.5378 70031285   34.29%
 32713050 17219603  3174008.4012    24  3509994.0000  2306534.5378 71270291   34.29%
 33377201 17436657  3477880.5524    28  3509994.0000  2465792.0769 72465032   29.75%
 34039473 17719808  2831003.4958    29  3509994.0000  2465792.0769 74023539   29.75%
 34655117 17958265  2861979.8343    31  3509994.0000  2465792.0769 75320123   29.75%
Elapsed time = 1877.32 sec. (282541.01 ticks, tree = 4030.23 MB, solutions = 13)
Nodefile size = 1982.81 MB (1316.08 MB after compression)
 35344259 18280882  3509760.9284    22  3509994.0000  2465792.0769 77009928   29.75%
 36082104 18551034  3277127.6262    17  3509994.0000  2465792.0769 78484014   29.75%
 36794985 18869916  3036934.7378    30  3509994.0000  2465792.0769 80241948   29.75%
 37369986 19084264  3310717.7799    22  3509994.0000  2465792.0769 81333870   29.75%
 38011297 19321690  2991541.6263    24  3509994.0000  2465792.0769 82664396   29.75%
 38695650 19663081  3433303.3863    26  3509994.0000  2465792.0769 84424005   29.75%
 39364585 19967612  3196064.6454    32  3509994.0000  2465792.0769 86069867   29.75%
 40143453 20276250  3044384.2005    31  3509994.0000  2465792.0769 87850592   29.75%
 40842585 20559618  2918103.4126    24  3509994.0000  2465792.0769 89335651   29.75%
 41509487 20789972  3223965.4120    25  3509994.0000  2465792.0769 90667510   29.75%
Elapsed time = 2430.97 sec. (320688.02 ticks, tree = 4594.59 MB, solutions = 13)
Nodefile size = 2547.75 MB (1692.04 MB after compression)
 42275925 21145912  3110629.4065    31  3509994.0000  2465792.0769 92559505   29.75%
 42910798 21396395  3379936.1251    27  3509994.0000  2465792.0769 93958003   29.75%
 43543441 21644738  2782464.3762    34  3509994.0000  2465792.0769 95410985   29.75%
 44323359 21926895  3290965.8880    26  3509994.0000  2465792.0769 97163275   29.75%
 45006272 22198994  2781778.8662    33  3509994.0000  2465792.0769 98766079   29.75%
 45827045 22445215  3237083.2097    32  3509994.0000  2637088.2519 1.00e+08   24.87%
 46449883 22756380  3386847.6148    26  3509994.0000  2637088.2519 1.02e+08   24.87%
 47313178 23038618  3230983.7141    26  3509994.0000  2637088.2519 1.04e+08   24.87%
 48140353 23310807  3371428.3869    26  3509994.0000  2710103.5796 1.06e+08   22.79%
 48979104 23652288  3109581.4537    24  3509994.0000  2711228.6531 1.08e+08   22.76%
Elapsed time = 2997.06 sec. (358835.03 ticks, tree = 5161.92 MB, solutions = 13)
Nodefile size = 3114.70 MB (2069.67 MB after compression)
 49831033 23922105  3345788.6271    29  3509994.0000  2719597.1377 1.09e+08   22.52%
 50609550 24248218        cutoff        3509994.0000  2725066.5511 1.12e+08   22.36%
 51412859 24521340  2890277.6760    26  3509994.0000  2726389.2110 1.13e+08   22.32%
 52167497 24776344  2960164.4903    30  3509994.0000  2726389.2110 1.15e+08   22.32%
 52980990 25053148  3244069.4968    29  3509994.0000  2726389.2110 1.17e+08   22.32%
 53836300 25288325  2916788.9920    31  3509994.0000  2726453.8412 1.18e+08   22.32%
 54905980 25696720  3077643.5670    27  3509994.0000  2756467.4799 1.21e+08   21.47%
 55867506 26026492  2981962.0909    33  3509994.0000  2763336.9591 1.24e+08   21.27%
 56697207 26251815  3098847.2868    30  3509994.0000  2767932.5390 1.25e+08   21.14%
 57503535 26490618  3326481.4039    31  3509994.0000  2768456.4328 1.27e+08   21.13%
Elapsed time = 3583.71 sec. (396982.05 ticks, tree = 5738.63 MB, solutions = 13)
Nodefile size = 3690.64 MB (2453.69 MB after compression)
 58425111 26806695  2922619.7434    31  3509994.0000  2778560.5220 1.29e+08   20.84%
 59163111 27042723  3321035.3851    25  3509994.0000  2778613.0556 1.31e+08   20.84%
 60049438 27327443  3412138.1064    23  3509994.0000  2790643.5814 1.33e+08   20.49%
 60981224 27618752  3225054.0905    28  3509994.0000  2796102.0996 1.35e+08   20.34%
 61917531 27895117        cutoff        3509994.0000  2801507.6621 1.37e+08   20.18%
 62802217 28171301  3023976.1911    30  3509994.0000  2807026.8255 1.39e+08   20.03%
 63646593 28394576  3349672.5620    23  3509994.0000  2812043.8579 1.41e+08   19.88%
 64522620 28615082  3222355.2655    31  3509994.0000  2817885.3000 1.43e+08   19.72%
 65434809 28919783  3305367.1132    27  3509994.0000  2823198.9786 1.45e+08   19.57%
 66181181 29100465  3321516.9324    21  3509994.0000  2827188.7376 1.47e+08   19.45%
Elapsed time = 4140.18 sec. (435129.09 ticks, tree = 6246.36 MB, solutions = 13)
Nodefile size = 4199.59 MB (2793.30 MB after compression)
 67042423 29335844  3269211.3025    31  3509994.0000  2827279.7856 1.49e+08   19.45%
 67911063 29556271        cutoff        3509994.0000  2837527.9384 1.51e+08   19.16%
 68871981 29796581        cutoff        3509994.0000  2842674.2270 1.53e+08   19.01%
 69771324 30030971  3507089.9301    31  3509994.0000  2848410.1931 1.55e+08   18.85%
 70712317 30256047  2891421.6664    32  3509994.0000  2854486.5111 1.57e+08   18.68%
 71592117 30500182  3158199.6787    25  3509994.0000  2858978.2629 1.60e+08   18.55%
 72437916 30730962  3371837.9679    28  3509994.0000  2864465.4398 1.62e+08   18.39%
 72705544 30792178        cutoff        3509994.0000  2868303.8382 1.62e+08   18.28%
 72974270 30859911  3327341.9645    28  3509994.0000  2872960.4867 1.63e+08   18.15%
 73240419 30905828  3485735.6011    29  3509994.0000  2874490.8292 1.64e+08   18.11%
Elapsed time = 4585.33 sec. (473276.12 ticks, tree = 6606.46 MB, solutions = 13)
Nodefile size = 4559.56 MB (3034.17 MB after compression)
 73509422 30957390  2964272.0985    33  3509994.0000  2876200.6539 1.64e+08   18.06%
 73776635 31004817  3398188.5767    24  3509994.0000  2877601.8975 1.65e+08   18.02%
 74048033 31056507  3331289.8365    26  3509994.0000  2879315.1608 1.66e+08   17.97%
 74319254 31108024  2981175.5801    29  3509994.0000  2880706.0914 1.66e+08   17.93%
 74588177 31151487  2904961.2884    32  3509994.0000  2882321.5999 1.67e+08   17.88%
 74857335 31203014  3259372.6535    33  3509994.0000  2883892.9093 1.67e+08   17.84%
 75125135 31266730  3216732.2932    32  3509994.0000  2885429.0274 1.68e+08   17.79%
 75395368 31309774  3081333.3171    29  3509994.0000  2886930.4938 1.69e+08   17.75%
 75665310 31363929  2989301.0983    26  3509994.0000  2888416.5689 1.69e+08   17.71%
 75938908 31410631  3406808.7906    24  3509994.0000  2889957.0916 1.70e+08   17.66%
Elapsed time = 4825.21 sec. (511423.57 ticks, tree = 6707.85 MB, solutions = 13)
Nodefile size = 4660.55 MB (3102.04 MB after compression)
 76206771 31459660  2893868.5510    30  3509994.0000  2891489.3351 1.71e+08   17.62%
 76476087 31507754  3288486.6387    31  3509994.0000  2893029.2827 1.71e+08   17.58%
 76742686 31558272  3478159.0833    27  3509994.0000  2894394.2483 1.72e+08   17.54%
 77011522 31604449        cutoff        3509994.0000  2895990.8881 1.73e+08   17.49%
 77282163 31645723  2965674.9265    34  3509994.0000  2897412.6348 1.73e+08   17.45%
 77557319 31699605        cutoff        3509994.0000  2898960.7619 1.74e+08   17.41%
 77826390 31747259        cutoff        3509994.0000  2900377.4572 1.74e+08   17.37%

Root node processing (before b&c):
  Real time             =    0.56 sec. (11.90 ticks)
Parallel b&c, 32 threads:
  Real time             = 5010.90 sec. (546965.37 ticks)
  Sync time (average)   = 4438.10 sec.
  Wait time (average)   =    4.40 sec.
                          ------------
Total (root+branch&cut) = 5011.45 sec. (546977.28 ticks)

Solution pool: 14 solutions saved.

MIP - Time limit exceeded, integer feasible:  Objective =  3.5099940000e+06
Current MIP best bound =  2.9014869296e+06 (gap = 608507, 17.34%)
Solution time = 5011.46 sec.  Iterations = 174835947  Nodes = 77973792 (31778841)
Deterministic time = 546977.28 ticks  (109.15 ticks/sec)

CPLEX> Incumbent solution written to file 'cplex.sol'.
CPLEX> 

optval(Q): 3509994.000, lowerbound(P): 254121.851
bestval: 2901030.000
could not solve ..

time: 5022s
best value: 2901030.000
norm: 1703.241
AF: 0.950
Nodes: 0
best solution:
 0: 1.000
