Bounds: 
x_0: [ -11.000, 11.000]
x_1: [ -19.000, 19.000]
x_2: [ -13.000, 13.000]
x_3: [ -23.000, 23.000]
x_4: [ -15.000, 15.000]
x_5: [ -9.000, 9.000]
x_6: [ -12.000, 12.000]
x_7: [ -9.000, 9.000]
x_8: [ -9.000, 9.000]
x_9: [ -15.000, 15.000]
x_10: [ -12.000, 12.000]
x_11: [ -10.000, 10.000]
x_12: [ -6.000, 6.000]
x_13: [ -9.000, 9.000]
x_14: [ -7.000, 7.000]
x_15: [ -9.000, 9.000]
x_16: [ -10.000, 10.000]
x_17: [ -5.000, 5.000]
x_18: [ -9.000, 9.000]
x_19: [ -8.000, 8.000]
x_20: [ -6.000, 6.000]
x_21: [ -8.000, 8.000]
x_22: [ -5.000, 5.000]
x_23: [ -8.000, 8.000]
x_24: [ -12.000, 12.000]
x_25: [ -5.000, 5.000]
x_26: [ -7.000, 7.000]
x_27: [ -8.000, 8.000]
x_28: [ -9.000, 9.000]
x_29: [ -6.000, 6.000]
x_30: [ -4.000, 4.000]
x_31: [ -3.000, 3.000]
x_32: [ -3.000, 3.000]
x_33: [ -5.000, 5.000]
x_34: [ -4.000, 4.000]
x_35: [ -3.000, 3.000]
x_36: [ -5.000, 5.000]
x_37: [ -3.000, 3.000]
x_38: [ -3.000, 3.000]
x_39: [ -4.000, 4.000]
x_40: [ -3.000, 3.000]
x_41: [ -4.000, 4.000]
x_42: [ -3.000, 3.000]
x_43: [ -4.000, 4.000]
x_44: [ -3.000, 3.000]
x_45: [ -3.000, 3.000]
x_46: [ -3.000, 3.000]
-[0]--------------------------------------------
selection: 46

Welcome to IBM(R) ILOG(R) CPLEX(R) Interactive Optimizer 12.8.0.0
  with Simplex, Mixed Integer & Barrier Optimizers
5725-A06 5725-A29 5724-Y48 5724-Y49 5724-Y54 5724-Y55 5655-Y21
Copyright IBM Corp. 1988, 2017.  All Rights Reserved.

Type 'help' for a list of available commands.
Type 'help' followed by a command name for more
information on commands.

CPLEX> Problem 'cplex.lp' read.
Read time = 0.00 sec. (0.12 ticks)
CPLEX> New value for time limit in seconds: 5000
CPLEX> New value for mixed integer optimality gap tolerance: 1e-10
CPLEX> CPXPARAM_TimeLimit                               5000
CPXPARAM_MIP_Tolerances_MIPGap                   1e-10
Found incumbent of value 1.5492193e+10 after 0.00 sec. (0.02 ticks)
Tried aggregator 1 time.
Reduced MIQP has 0 rows, 47 columns, and 0 nonzeros.
Reduced MIQP has 0 binaries, 47 generals, 0 SOSs, and 0 indicators.
Reduced MIQP objective Q matrix has 2209 nonzeros.
Presolve time = 0.00 sec. (0.20 ticks)
Tried aggregator 1 time.
Reduced MIQP has 0 rows, 47 columns, and 0 nonzeros.
Reduced MIQP has 0 binaries, 47 generals, 0 SOSs, and 0 indicators.
Reduced MIQP objective Q matrix has 2209 nonzeros.
Presolve time = 0.00 sec. (0.19 ticks)
MIP emphasis: balance optimality and feasibility.
MIP search method: dynamic search.
Parallel mode: deterministic, using up to 32 threads.
Root relaxation solution time = 0.01 sec. (1.07 ticks)

        Nodes                                         Cuts/
   Node  Left     Objective  IInf  Best Integer    Best Bound    ItCnt     Gap

*     0+    0                       1.54922e+10  -1.12941e+11           829.02%
      0     0   305752.3851    46   1.54922e+10   305752.3851        7  100.00%
*     0+    0                       2.17422e+07   305752.3851            98.59%
*     0+    0                      9653210.0000   305752.3851            96.83%
*     0+    0                      7162974.0000   305752.3851            95.73%
      0     2   305752.3851    46  7162974.0000   345167.8029        7   95.18%
Elapsed time = 0.30 sec. (11.66 ticks, tree = 0.01 MB, solutions = 4)
*    10+   10                      6683066.0000   345167.8029            94.84%
*   114+   16                      5408118.0000   345468.5057            93.61%
*   543+  122                      5359215.0000   345468.5057            93.55%
*   655+  243                      5039489.0000   345468.5057            93.14%
*  2572+ 1443                      4956911.0000   362101.2551            92.70%
*  5095+ 2865                      4457941.0000   369432.9800            91.71%
* 15468+ 2885                      4263691.0000   628154.0549            85.27%
  31791 14706  2197440.2716    31  4263691.0000   956097.3418    60339   77.58%
* 32465+16454                      4219550.0000   960101.2224            77.25%
* 33113+15287                      3970718.0000   965436.4819            75.69%
* 46167+22392                      3947227.0000  1047146.4657            73.47%
  70814 39141  3180781.2226    27  3947227.0000  1138331.1715   135161   71.16%
*117683+73959                      3786649.0000  1253224.5692            66.90%
 129566 77339  2134964.1844    32  3786649.0000  1282306.3130   248855   66.14%
 180588 111266  3308571.0647    23  3786649.0000  1374163.6446   362557   63.71%
 247625 166279  3713384.5517    25  3786649.0000  1423095.4632   531998   62.42%
 316874 217981  3246981.8166    23  3786649.0000  1491899.2071   690115   60.60%
 387358 265711  2447291.2020    27  3786649.0000  1557868.3428   836886   58.86%
 459977 300558  1980111.4162    32  3786649.0000  1612787.0273   944124   57.41%
 533298 356032  2646486.6782    26  3786649.0000  1657352.6518  1113973   56.23%
 835959 577045  3771045.2181    18  3786649.0000  1780257.1052  1794027   52.99%
Elapsed time = 8.91 sec. (3111.14 ticks, tree = 148.04 MB, solutions = 25)
 1150549 775005  1942239.3893    30  3786649.0000  1856914.7410  2407972   50.96%
*1160967+784984                      3727555.0000  1859114.3660            50.13%
 1451546 971899  2352629.8758    28  3727555.0000  1913251.2751  3071970   48.67%
 1775822 1177020  3102655.9483    23  3727555.0000  1954427.7001  3707100   47.57%
 2105395 1394787  2527846.9700    29  3727555.0000  1992215.2486  4379163   46.55%
*2236462+1498203                      3545324.0000  2005719.3605            43.43%
 2413182 1478200  2234335.2180    33  3545324.0000  2024368.4541  5099820   42.90%
 2741317 1663824  2819134.6351    24  3545324.0000  2052599.9667  5696760   42.10%
 3070132 1836015  3351570.2853    22  3545324.0000  2077420.1881  6261251   41.40%
*3301161+2015291                      3487525.0000  2094163.7356            39.95%
 3383567 1964355  2341183.9719    33  3487525.0000  2100032.7509  6919082   39.78%
 3710557 2199030  3007387.0393    25  3487525.0000  2123592.7467  7706987   39.11%
 4038308 2351844  2340937.7120    27  3487525.0000  2142877.3837  8221070   38.56%
Elapsed time = 37.90 sec. (12647.91 ticks, tree = 595.01 MB, solutions = 28)
 4369126 2575199  3470208.9908    23  3487525.0000  2160821.1526  8979552   38.04%
 4701261 2786616  3458777.0512    20  3487525.0000  2178935.8048  9682098   37.52%
 5031945 2980897  3433190.6300    27  3487525.0000  2195288.2708 10343298   37.05%
 5361932 3166920  3141327.1896    21  3487525.0000  2210473.0444 10973271   36.62%
 5693879 3365501  2786825.2591    26  3487525.0000  2225087.5775 11661675   36.20%
 6027748 3587343  3073251.2605    26  3487525.0000  2238910.4688 12425538   35.80%
 6360853 3752144  3465497.4598    19  3487525.0000  2251665.4251 13004872   35.44%
 6692082 3962830        cutoff        3487525.0000  2264436.0838 13735341   35.07%
 7025361 4115553  2480113.0967    26  3487525.0000  2276192.9019 14279317   34.73%
 7360052 4387299  2903834.9877    30  3487525.0000  2287363.8640 15227728   34.41%
Elapsed time = 70.37 sec. (22184.67 ticks, tree = 1122.57 MB, solutions = 28)
 7691483 4473307  3027318.1868    23  3487525.0000  2297683.8724 15527500   34.12%
 8022794 4680235  3163443.7349    20  3487525.0000  2307908.5380 16279982   33.82%
 8356932 4878768  3275244.1025    23  3487525.0000  2317574.6632 17005513   33.55%
 8685316 5057608  3111009.7535    26  3487525.0000  2327020.9323 17658772   33.28%
 9015810 5213184  3424139.4664    28  3487525.0000  2336185.5042 18251538   33.01%
 9348020 5419674  3191930.7289    30  3487525.0000  2345087.1214 19028282   32.76%
 9682938 5598627  2854215.7800    21  3487525.0000  2353687.4949 19704887   32.51%
 10015646 5796361  2564569.9480    30  3487525.0000  2361768.8776 20443377   32.28%
 10346847 6029408  2707285.5830    28  3487525.0000  2370039.7510 21317670   32.04%
 10677414 6150491  2997808.7964    30  3487525.0000  2377828.5726 21779400   31.82%
Elapsed time = 106.08 sec. (31721.45 ticks, tree = 1605.54 MB, solutions = 28)
 11008559 6272905  3320885.9929    23  3487525.0000  2385275.3561 22253524   31.61%
 11341095 6529277  2640806.8768    25  3487525.0000  2392529.7044 23256505   31.40%
 11673763 6759281  2934430.5182    23  3487525.0000  2399567.4361 24155580   31.20%
 12007364 6807946  2834499.5777    29  3487525.0000  2406321.7101 24344457   31.00%
 12337682 7057140  2907777.3232    28  3487525.0000  2413260.4869 25313012   30.80%
 12668712 7168091  2507889.8985    33  3487525.0000  2419886.6659 25746585   30.61%
 12999365 7416112        cutoff        3487525.0000  2426381.2888 26743966   30.43%
 13331428 7513296  2609677.0370    27  3487525.0000  2432621.2945 27138759   30.25%
 13661318 7759953  2893065.8155    23  3487525.0000  2438996.6246 28131414   30.07%
 13990941 7860078  3394791.3885    28  3487525.0000  2444918.4653 28539697   29.90%
Elapsed time = 141.37 sec. (41258.22 ticks, tree = 2027.72 MB, solutions = 28)
 14309422 8121437  2611721.9857    32  3487525.0000  2449137.6893 29617085   29.77%
 14461541 8138137  3221002.6794    14  3487525.0000  2449137.6893 29687289   29.77%
 14499595 8171228  2620769.4223    27  3487525.0000  2449137.6893 29827593   29.77%
 14576852 8191505  2913497.4914    24  3487525.0000  2449137.6893 29912209   29.77%
 14605308 8211156  2738810.0425    35  3487525.0000  2449137.6893 29996731   29.77%
 14643219 8231805  3415383.4125    21  3487525.0000  2449137.6893 30088353   29.77%
 14684410 8240579        cutoff        3487525.0000  2449137.6893 30126164   29.77%
 14743035 8268121  2916967.3259    30  3487525.0000  2449137.6893 30247243   29.77%
 14802854 8299629  2891039.0473    30  3487525.0000  2449137.6893 30385304   29.77%
 14832991 8320172  3418119.0795    21  3487525.0000  2449137.6893 30473754   29.77%
Elapsed time = 188.21 sec. (50795.43 ticks, tree = 2095.27 MB, solutions = 28)
Nodefile size = 48.00 MB (30.11 MB after compression)
 14867751 8329170  2887864.8527    23  3487525.0000  2449137.6893 30513283   29.77%
 14916625 8372421  2871687.4016    30  3487525.0000  2449137.6893 30706222   29.77%
 14978951 8384794  3090364.6439    26  3487525.0000  2449137.6893 30766754   29.77%
 15047312 8416872  3302457.4828    27  3487525.0000  2449137.6893 30926267   29.77%
 15106225 8436803  2643777.1012    32  3487525.0000  2449137.6893 31028070   29.77%
 15159865 8466509  2888459.1118    30  3487525.0000  2449137.6893 31182672   29.77%
 15221038 8508861  2583367.7388    31  3487525.0000  2449137.6893 31385798   29.77%
 15299812 8513026  3112270.3766    32  3487525.0000  2449137.6893 31406635   29.77%
 15359361 8574440  2710704.8541    28  3487525.0000  2449137.6893 31693245   29.77%
 15437677 8591109  3124677.9110    33  3487525.0000  2449137.6893 31775706   29.77%
Elapsed time = 232.37 sec. (60332.34 ticks, tree = 2149.59 MB, solutions = 28)
Nodefile size = 101.99 MB (64.04 MB after compression)
 15519540 8648430  2828330.0321    30  3487525.0000  2449137.6893 32063200   29.77%
 15607684 8677532  3073696.0647    25  3487525.0000  2449137.6893 32210362   29.77%
 15668759 8701628  3213531.8537    19  3487525.0000  2449137.6893 32326771   29.77%
 15712152 8709790  3227152.8476    26  3487525.0000  2449137.6893 32365843   29.77%
 15804006 8798093  2819746.2133    25  3487525.0000  2449137.6893 32771872   29.77%
 15923002 8824695  3141354.9579    21  3487525.0000  2449137.6893 32894013   29.77%
 15999378 8869044  3085732.1572    25  3487525.0000  2449137.6893 33107095   29.77%
 16088734 8887117        cutoff        3487525.0000  2449137.6893 33191974   29.77%
 16167095 8933863  3351033.5461    19  3487525.0000  2449137.6893 33415152   29.77%
 16268789 8942517  3175183.8348    24  3487525.0000  2449137.6893 33456348   29.77%
Elapsed time = 288.10 sec. (69869.18 ticks, tree = 2224.00 MB, solutions = 28)
Nodefile size = 177.98 MB (111.86 MB after compression)
 16390052 9025844  2819304.3873    35  3487525.0000  2449137.6893 33850257   29.77%
 16499753 9091601  3471803.4922    29  3487525.0000  2449137.6893 34156768   29.77%
 16597121 9118792  3310748.2049    20  3487525.0000  2449137.6893 34286234   29.77%
 16677044 9147257  3418313.9784    20  3487525.0000  2449137.6893 34430718   29.77%
 16761113 9193420  3351487.1852    20  3487525.0000  2449137.6893 34664179   29.77%
 16840209 9222202  2883506.0714    28  3487525.0000  2449137.6893 34808553   29.77%
 16901657 9272276  3127356.1278    28  3487525.0000  2449137.6893 35050278   29.77%
 16987868 9289817  2787028.2409    32  3487525.0000  2449137.6893 35137749   29.77%
 17048522 9321713  3106424.5872    25  3487525.0000  2449137.6893 35297062   29.77%
 17116181 9361291  3080389.2230    31  3487525.0000  2449137.6893 35502559   29.77%
Elapsed time = 339.80 sec. (79406.00 ticks, tree = 2296.62 MB, solutions = 28)
Nodefile size = 248.97 MB (156.62 MB after compression)
 17190197 9381439  2548439.0626    33  3487525.0000  2449137.6893 35608987   29.77%
 17291587 9409929  2905846.2641    30  3487525.0000  2449137.6893 35758218   29.77%
 17396204 9487088  2638392.1577    26  3487525.0000  2449137.6893 36139784   29.77%
 17487101 9505626  2818951.4577    27  3487525.0000  2449137.6893 36227592   29.77%
 17540190 9538824  3090144.7031    27  3487525.0000  2449137.6893 36385250   29.77%
 17593921 9552059  3147529.3178    30  3487525.0000  2449137.6893 36449277   29.77%
 17652135 9588324  2726337.6125    25  3487525.0000  2449137.6893 36626608   29.77%
 17744735 9623683        cutoff        3487525.0000  2449137.6893 36799459   29.77%
 17823781 9669145  2922359.1130    29  3487525.0000  2449137.6893 37028444   29.77%
 18200727 9836712  3079223.9476    23  3487525.0000  2449137.6893 37902586   29.77%
Elapsed time = 408.06 sec. (91803.95 ticks, tree = 2388.33 MB, solutions = 28)
Nodefile size = 341.97 MB (215.36 MB after compression)
 18597821 9990230  3483198.2848    21  3487525.0000  2449137.6893 38678041   29.77%
 19025900 10166470  3214864.4024    25  3487525.0000  2449137.6893 39544566   29.77%
 19404351 10348157  3469821.6536    26  3487525.0000  2449137.6893 40485958   29.77%
 19796367 10516693  3106670.3781    24  3487525.0000  2449137.6893 41394268   29.77%
 20119227 10674703  3329646.0317    26  3487525.0000  2449137.6893 42196314   29.77%
 20621659 10865043  3408633.7255    28  3487525.0000  2449137.6893 43224280   29.77%
 20978471 11022549  3365632.1640    21  3487525.0000  2449137.6893 44037217   29.77%
 21496400 11271869  3451774.9259    23  3487525.0000  2449137.6893 45323704   29.77%
 21903223 11411461  2876923.5979    29  3487525.0000  2449137.6893 46041192   29.77%
 22392588 11641304  2910597.9879    29  3487525.0000  2449137.6893 47276589   29.77%
Elapsed time = 698.39 sec. (129950.97 ticks, tree = 2740.95 MB, solutions = 28)
Nodefile size = 693.93 MB (438.37 MB after compression)
 23005191 11909514  3332335.1414    26  3487525.0000  2449137.6893 48645134   29.77%
 23477775 12100570  3244824.5681    25  3487525.0000  2449137.6893 49667865   29.77%
 24038463 12338873  3264479.8357    26  3487525.0000  2449137.6893 50923544   29.77%
 24693280 12550809  2876589.6687    28  3487525.0000  2449137.6893 52135721   29.77%
 25288527 12808367  3110332.5117    26  3487525.0000  2449137.6893 53551433   29.77%
 25963136 13068663        cutoff        3487525.0000  2449137.6893 55022235   29.77%
 26650694 13371196  3429444.1773    22  3487525.0000  2449137.6893 56819060   29.77%
 27349844 13658305  2651753.0172    31  3487525.0000  2495588.2719 58518270   28.44%
 28191681 13922542  3037548.7754    30  3487525.0000  2523438.7515 60113127   27.64%
 28915051 14214693  2760241.4259    26  3487525.0000  2523438.7515 61773672   27.64%
Elapsed time = 1137.20 sec. (168199.52 ticks, tree = 3241.77 MB, solutions = 28)
Nodefile size = 1194.89 MB (756.53 MB after compression)
 29699094 14479632  3372219.8828    25  3487525.0000  2559761.0255 63429879   26.60%
 30405180 14754539  2872566.7013    29  3487525.0000  2559761.0255 65135069   26.60%
 31156469 15010484  2919134.7462    27  3487525.0000  2559761.0255 66732936   26.60%
 32061857 15335564  2984607.1494    30  3487525.0000  2702905.4288 68753612   22.50%
 32944479 15609321  2907621.1810    22  3487525.0000  2702905.4288 70609879   22.50%
 33803318 15913850  3169438.1421    28  3487525.0000  2733508.5884 72689246   21.62%
 34701395 16199063  3073214.8080    30  3487525.0000  2743216.7120 74510916   21.34%
 35617619 16489147  3423365.3337    29  3487525.0000  2747440.5140 76585405   21.22%
 36443233 16745937  2936644.4702    31  3487525.0000  2747440.5140 78421729   21.22%
 37357000 17008769  2947784.5718    24  3487525.0000  2765568.7803 80402980   20.70%
Elapsed time = 1647.85 sec. (206346.52 ticks, tree = 3789.08 MB, solutions = 28)
Nodefile size = 1743.83 MB (1105.24 MB after compression)
 38189468 17254706  3326161.5051    28  3487525.0000  2774812.4735 82268260   20.44%
 38834505 17463254  2978838.3961    29  3487525.0000  2774812.4735 83808864   20.44%
 39743840 17693397  3434746.5091    22  3487525.0000  2793860.1433 85800369   19.89%
 40682826 17946963  3267146.7820    25  3487525.0000  2802653.4560 87963597   19.64%
 41721070 18250197  3407652.9012    34  3487525.0000  2813834.5263 90646130   19.32%
 42737258 18475582        cutoff        3487525.0000  2823484.4423 92751235   19.04%
 43661814 18699673  3394527.8683    22  3487525.0000  2829015.0423 94885358   18.88%
 44604682 18935008        cutoff        3487525.0000  2840411.7400 97011073   18.56%
 45640719 19158187  3073483.8964    27  3487525.0000  2850080.9435 99344390   18.28%
 46713337 19391787  3359865.2980    25  3487525.0000  2859868.1534 1.02e+08   18.00%
Elapsed time = 2149.47 sec. (244493.52 ticks, tree = 4254.69 MB, solutions = 28)
Nodefile size = 2206.79 MB (1400.18 MB after compression)
 47846824 19624973  3129281.8815    22  3487525.0000  2869387.0943 1.05e+08   17.72%
 48964625 19813921  3422683.1618    25  3487525.0000  2879361.4140 1.07e+08   17.44%
 50025085 19993303        cutoff        3487525.0000  2888797.7701 1.09e+08   17.17%
 51147038 20199848  3393930.7374    25  3487525.0000  2898593.5767 1.12e+08   16.89%
 52230912 20371200  3279185.9929    27  3487525.0000  2907366.8027 1.14e+08   16.64%
 53343491 20527310  3033300.9454    29  3487525.0000  2917153.2698 1.17e+08   16.35%
 54429923 20673929  3056045.6340    31  3487525.0000  2926283.4276 1.20e+08   16.09%
 55526159 20797479        cutoff        3487525.0000  2935641.3707 1.22e+08   15.82%
 56638582 20915159  3151206.4521    35  3487525.0000  2944941.6536 1.25e+08   15.56%
 57732403 21024192  3434902.3574    29  3487525.0000  2953828.8250 1.28e+08   15.30%
Elapsed time = 2603.13 sec. (282640.52 ticks, tree = 4573.84 MB, solutions = 28)
Nodefile size = 2526.76 MB (1604.96 MB after compression)
 58820425 21123455  3202326.6907    31  3487525.0000  2962700.9427 1.30e+08   15.05%
 59919829 21188114  3373255.7338    25  3487525.0000  2971434.6782 1.33e+08   14.80%
 60991052 21246095  3395627.8336    27  3487525.0000  2980330.2543 1.35e+08   14.54%
 62098768 21298556  3309766.6095    22  3487525.0000  2989371.7401 1.38e+08   14.28%
 63185877 21319696  3146743.3306    29  3487525.0000  2997845.7867 1.40e+08   14.04%
 64297574 21331367  3167307.8535    25  3487525.0000  3006833.5130 1.43e+08   13.78%
 65404024 21327559  3311816.0196    25  3487525.0000  3015975.1726 1.46e+08   13.52%
 66512208 21309238  3032354.7933    23  3487525.0000  3024779.7273 1.48e+08   13.27%
 67618092 21277735  3414692.6423    18  3487525.0000  3033659.1320 1.51e+08   13.01%
 68715149 21225738  3216206.8246    24  3487525.0000  3042515.5786 1.54e+08   12.76%
Elapsed time = 2906.52 sec. (320787.53 ticks, tree = 4615.40 MB, solutions = 28)
Nodefile size = 2588.75 MB (1644.87 MB after compression)
 69805238 21155573        cutoff        3487525.0000  3051143.1918 1.56e+08   12.51%
 70887073 21068977  3471816.0574    32  3487525.0000  3059899.3845 1.59e+08   12.26%
 71965559 20967092  3237874.5561    22  3487525.0000  3068569.8368 1.62e+08   12.01%
 73036358 20849989  3449601.8542    25  3487525.0000  3076876.2054 1.64e+08   11.77%
 74100558 20715753  3122119.9953    33  3487525.0000  3085580.7946 1.67e+08   11.53%
 75162372 20570671  3196713.8414    25  3487525.0000  3094148.2083 1.69e+08   11.28%
 76214082 20398962  3234591.6694    30  3487525.0000  3102542.9025 1.72e+08   11.04%
 77253485 20232878  3407468.0628    24  3487525.0000  3111016.8773 1.74e+08   10.80%
 78292287 20027338  3420379.8428    32  3487525.0000  3119495.7940 1.77e+08   10.55%
 79324405 19798401  3239390.3809    30  3487525.0000  3128019.2197 1.80e+08   10.31%
Elapsed time = 3208.14 sec. (358934.53 ticks, tree = 4335.69 MB, solutions = 28)
Nodefile size = 2588.75 MB (1644.87 MB after compression)
 80350594 19560492  3187128.9152    26  3487525.0000  3136380.2941 1.82e+08   10.07%
 81370596 19334022        cutoff        3487525.0000  3144787.6216 1.84e+08    9.83%
 82382848 19048002  3321997.2012    27  3487525.0000  3153206.8647 1.87e+08    9.59%
 83388611 18765666  3382973.2988    30  3487525.0000  3161666.4154 1.90e+08    9.34%
 84388153 18485286  3414116.1710    26  3487525.0000  3169959.6615 1.92e+08    9.11%
 85384050 18181204  3293620.5816    27  3487525.0000  3178361.0327 1.94e+08    8.86%
 86248798 17883150        cutoff        3487525.0000  3184173.8115 1.97e+08    8.70%
 86306807 17863585        cutoff        3487525.0000  3184173.8115 1.97e+08    8.70%
 86658590 17735334  3212600.1376    34  3487525.0000  3188931.8703 1.98e+08    8.56%
 86869349 17654429  3334975.5277    36  3487525.0000  3190852.2264 1.98e+08    8.51%
Elapsed time = 3581.93 sec. (583309.25 ticks, tree = 3927.30 MB, solutions = 28)
Nodefile size = 1879.82 MB (1194.54 MB after compression)
 87345406 17468469        cutoff        3487525.0000  3194795.5052 1.99e+08    8.39%
 87925088 17244158  3281797.6971    26  3487525.0000  3200217.6515 2.01e+08    8.24%
 88533148 16997571        cutoff        3487525.0000  3205018.3042 2.02e+08    8.10%
 89237248 16709264        cutoff        3487525.0000  3212270.4967 2.04e+08    7.89%
 89811292 16449113  3452861.4956    24  3487525.0000  3217674.1660 2.06e+08    7.74%
 90473014 16135241  3320233.5341    31  3487525.0000  3223901.2893 2.07e+08    7.56%
 91317813 15753886        cutoff        3487525.0000  3231772.1334 2.09e+08    7.33%
 92253755 15310177        cutoff        3487525.0000  3240453.5352 2.12e+08    7.08%
 93186459 14863199  3344016.9501    29  3487525.0000  3249097.5135 2.14e+08    6.84%
 94109443 14369931  3396554.0481    25  3487525.0000  3257953.7628 2.16e+08    6.58%
Elapsed time = 4120.49 sec. (748027.15 ticks, tree = 3288.93 MB, solutions = 28)
Nodefile size = 1276.88 MB (811.92 MB after compression)
 95021537 13872872  3382413.8665    25  3487525.0000  3266835.2361 2.19e+08    6.33%
 95923853 13357033  3405204.1174    23  3487525.0000  3275895.8630 2.21e+08    6.07%
 96817003 12834827  3480210.0790    26  3487525.0000  3284943.4648 2.23e+08    5.81%
 97705473 12279047  3366026.6208    25  3487525.0000  3294078.8595 2.25e+08    5.55%
 98582350 11723375  3317797.8123    30  3487525.0000  3303328.1663 2.27e+08    5.28%
 99446866 11130984  3316428.0811    29  3487525.0000  3312791.3769 2.29e+08    5.01%
 100304938 10525520        cutoff        3487525.0000  3322297.9547 2.32e+08    4.74%
 100991125 10016103        cutoff        3487525.0000  3330016.9199 2.33e+08    4.52%
 101379017 9728228  3441975.9919    21  3487525.0000  3334389.3466 2.34e+08    4.39%
 101768259 9440975  3342729.6745    27  3487525.0000  3338971.6029 2.35e+08    4.26%
Elapsed time = 4573.65 sec. (786174.18 ticks, tree = 2321.64 MB, solutions = 28)
Nodefile size = 705.93 MB (448.85 MB after compression)
 102151886 9140287  3378900.7018    27  3487525.0000  3343364.1425 2.36e+08    4.13%
 102544575 8856436        cutoff        3487525.0000  3348076.0971 2.37e+08    4.00%
 102943952 8533265        cutoff        3487525.0000  3352790.3992 2.38e+08    3.86%
 103335094 8214673        cutoff        3487525.0000  3357524.0506 2.39e+08    3.73%
 103742821 7896550  3365938.5208    22  3487525.0000  3362320.8777 2.40e+08    3.59%
 104142734 7584227  3416254.8173    26  3487525.0000  3367196.8658 2.41e+08    3.45%
 104549854 7239402  3405460.4825    27  3487525.0000  3372320.1045 2.42e+08    3.30%
 104954848 6909925  3388149.1859    31  3487525.0000  3377274.7125 2.43e+08    3.16%
 105363707 6576576  3410938.2675    23  3487525.0000  3382279.9640 2.44e+08    3.02%
 105776283 6256280  3417086.4054    25  3487525.0000  3387574.4252 2.45e+08    2.87%
Elapsed time = 4894.18 sec. (824321.26 ticks, tree = 1690.07 MB, solutions = 28)
Nodefile size = 500.95 MB (318.64 MB after compression)
 106199054 5864691  3448563.3351    27  3487525.0000  3392952.9523 2.46e+08    2.71%
 106624502 5519253  3424249.6400    27  3487525.0000  3398485.9919 2.47e+08    2.55%
 107052651 5136359  3451952.9608    24  3487525.0000  3403907.4024 2.48e+08    2.40%

Root node processing (before b&c):
  Real time             =    0.24 sec. (11.34 ticks)
Parallel b&c, 32 threads:
  Real time             = 5000.00 sec. (836366.31 ticks)
  Sync time (average)   = 4340.42 sec.
  Wait time (average)   =    6.24 sec.
                          ------------
Total (root+branch&cut) = 5000.24 sec. (836377.65 ticks)

Solution pool: 29 solutions saved.

MIP - Time limit exceeded, integer feasible:  Objective =  3.4875250000e+06
Current MIP best bound =  3.4050505189e+06 (gap = 82474.5, 2.36%)
Solution time = 5000.24 sec.  Iterations = 247715051  Nodes = 107098907 (5069677)
Deterministic time = 836377.65 ticks  (167.27 ticks/sec)

CPLEX> Incumbent solution written to file 'cplex.sol'.
CPLEX> 

optval(Q): 3487525.000, lowerbound(P): 280752.639
bestval: 2817862.000
could not solve ..

time: 5006s
best value: 2817862.000
norm: 1678.649
AF: 0.944
Nodes: 0
best solution:
 0: 1.000
