
Log started (V12.8.0.0) Tue May 22 17:26:11 2018


Problem 'cplex.lp' read.
Read time = 0.00 sec. (0.14 ticks)
New value for time limit in seconds: 5000
New value for mixed integer optimality gap tolerance: 1e-10
CPXPARAM_TimeLimit                               5000
CPXPARAM_MIP_Tolerances_MIPGap                   1e-10
Found incumbent of value 3.1605071e+10 after 0.00 sec. (0.02 ticks)
Tried aggregator 1 time.
Reduced MIQP has 0 rows, 49 columns, and 0 nonzeros.
Reduced MIQP has 0 binaries, 49 generals, 0 SOSs, and 0 indicators.
Reduced MIQP objective Q matrix has 2401 nonzeros.
Presolve time = 0.00 sec. (0.22 ticks)
Tried aggregator 1 time.
Reduced MIQP has 0 rows, 49 columns, and 0 nonzeros.
Reduced MIQP has 0 binaries, 49 generals, 0 SOSs, and 0 indicators.
Reduced MIQP objective Q matrix has 2401 nonzeros.
Presolve time = 0.00 sec. (0.20 ticks)
MIP emphasis: balance optimality and feasibility.
MIP search method: dynamic search.
Parallel mode: deterministic, using up to 32 threads.
Root relaxation solution time = 0.01 sec. (1.16 ticks)

        Nodes                                         Cuts/
   Node  Left     Objective  IInf  Best Integer    Best Bound    ItCnt     Gap

*     0+    0                       3.16051e+10  -2.25952e+11           814.92%
      0     0   308498.2587    48   3.16051e+10   308498.2587        7  100.00%
*     0+    0                       1.91023e+07   308498.2587            98.39%
*     0+    0                      7707428.0000   308498.2587            96.00%
      0     2   308498.2587    48  7707428.0000   379029.7267        7   95.08%
Elapsed time = 0.36 sec. (12.23 ticks, tree = 0.01 MB, solutions = 3)
*   115+   27                      6590066.0000   421731.6718            93.60%
*   134+   43                      6271507.0000   421731.6718            93.28%
*   979+  446                      5267424.0000   422148.6445            91.99%
*  1423+  955                      4585676.0000   422148.6445            90.79%
*  4479+ 2067                      4556243.0000   444014.6680            90.25%
* 26563+ 9507                      4365048.0000   892647.9966            79.55%
  31402 14680  4097376.9246    20  4365048.0000   941764.7093    65061   78.42%
* 32426+16346                      4356492.0000   954525.2413            78.09%
* 50093+25995                      4160608.0000  1038228.1637            75.05%
  59979 36002  2067763.6221    30  4160608.0000  1079427.7588   130502   74.06%
 112156 67516  2840700.2994    25  4160608.0000  1197043.9135   224678   71.23%
*151885+105211                      4080068.0000  1266459.7991            68.96%
 165141 104702  1543566.0752    34  4080068.0000  1299152.3031   336667   68.16%
 218811 135319  4036323.6400    22  4080068.0000  1363062.8355   435675   66.59%
 282525 200401  2858155.6169    22  4080068.0000  1414996.2204   633820   65.32%
*342874+237465                      3885897.0000  1451618.9466            62.64%
 347806 235898  2417987.1368    28  3885897.0000  1456584.5242   741981   62.52%
 402238 264963  3613608.8568    22  3885897.0000  1515768.6180   871925   60.99%
 469257 311677  1954380.6150    35  3885897.0000  1557148.2953  1013904   59.93%
*559138+389410                      3681119.0000  1596371.2921            56.63%
 722631 487529  2131526.8493    34  3681119.0000  1669403.6890  1643758   54.65%
Elapsed time = 8.33 sec. (3111.71 ticks, tree = 127.93 MB, solutions = 20)
 1005393 677472        cutoff        3681119.0000  1741785.9768  2236134   52.68%
 1296537 865122  2257204.1238    30  3681119.0000  1798773.6364  2819199   51.14%
 1594834 1062319  2921787.5158    30  3681119.0000  1842951.5074  3432573   49.94%
 1895669 1277853  3422597.4633    25  3681119.0000  1877330.1940  4103076   49.00%
 2196905 1456425  3570426.3569    20  3681119.0000  1906953.9626  4659056   48.20%
 2500674 1672602        cutoff        3681119.0000  1933153.4505  5330481   47.48%
 2805696 1881773  3173646.6003    24  3681119.0000  1955712.6203  5978400   46.87%
 3114135 2110630  3138251.8164    23  3681119.0000  1976246.0428  6675566   46.31%
 3421159 2300938  3457641.6498    25  3681119.0000  1994393.5451  7267500   45.82%
 3729431 2531176  3410257.1132    22  3681119.0000  2011289.1796  7985275   45.36%
Elapsed time = 36.42 sec. (12648.48 ticks, tree = 676.88 MB, solutions = 20)
 4038179 2690011  2751396.9356    27  3681119.0000  2026222.8374  8477014   44.96%
 4347407 2953368  2492125.7258    33  3681119.0000  2040920.3492  9299516   44.56%
 4657865 3106923  2085123.2169    33  3681119.0000  2054322.5213  9769903   44.19%
 4968720 3344060  2550899.0089    27  3681119.0000  2066673.2641 10513246   43.86%
 5279371 3510288  3520228.2702    20  3681119.0000  2078355.8170 11028117   43.54%
 5588785 3759243  2370754.9722    30  3681119.0000  2089591.3420 11816459   43.23%
 5902869 3950138  2840286.8266    29  3681119.0000  2099932.5454 12414404   42.95%
 6213937 4219002  2347870.7009    35  3681119.0000  2109925.2590 13250089   42.68%
 6524988 4326518  2964241.3581    22  3681119.0000  2119476.6950 13595526   42.42%
 6840257 4570854  3221600.7417    23  3681119.0000  2128290.6493 14363234   42.18%
Elapsed time = 67.84 sec. (22185.25 ticks, tree = 1225.49 MB, solutions = 20)
 7148743 4782398  2718346.8185    24  3681119.0000  2136958.2843 15033514   41.95%
 7462904 5046627  3284953.4792    18  3681119.0000  2145427.1100 15885787   41.72%
 7776714 5163583  2300959.9146    31  3681119.0000  2153571.2373 16252674   41.50%
 8087200 5462289  2711970.1840    29  3681119.0000  2161124.7718 17207700   41.29%
 8402298 5553399  2200053.4777    31  3681119.0000  2168577.2564 17506438   41.09%
 8713698 5788153  2358035.1193    32  3681119.0000  2175959.5860 18243198   40.89%
 9027222 6030866  2266324.2133    37  3681119.0000  2182583.6969 19034100   40.71%
 9343537 6210298  3048393.3855    31  3681119.0000  2189507.1151 19607388   40.52%
 9653854 6512716  2865459.0481    29  3681119.0000  2196105.4119 20579691   40.34%
 9965528 6688040  3070505.1444    26  3681119.0000  2202252.6163 21158355   40.17%
Elapsed time = 101.69 sec. (31722.02 ticks, tree = 1777.49 MB, solutions = 20)
 10278887 6847537  2550714.1073    33  3681119.0000  2208320.4954 21688638   40.01%
 10593109 6962742  2631018.1172    31  3681119.0000  2214503.3796 22058169   39.84%
 10905120 7213526  2764809.4131    27  3681119.0000  2220031.0838 22879933   39.69%
 11215070 7429670  3666617.6387    22  3681119.0000  2225709.2779 23595520   39.54%
 11487455 7590414        cutoff        3681119.0000  2228856.7120 24129422   39.45%
 11585029 7675557  3417525.2449    25  3681119.0000  2229143.1547 24413477   39.44%
 11617470 7688048  2887585.1661    27  3681119.0000  2229143.1547 24455545   39.44%
 11648350 7716984  2235773.8793    33  3681119.0000  2229143.1547 24550850   39.44%
 11678414 7736942  2415480.1635    32  3681119.0000  2229143.1547 24619224   39.44%
 11699664 7750805  2846512.6084    28  3681119.0000  2229143.1547 24666359   39.44%
Elapsed time = 139.97 sec. (41437.03 ticks, tree = 2073.27 MB, solutions = 20)
Nodefile size = 26.00 MB (16.06 MB after compression)
 11726205 7765297  3004636.1652    19  3681119.0000  2229143.1547 24715317   39.44%
 11758623 7796059  3034920.3629    30  3681119.0000  2229143.1547 24822349   39.44%
 11801113 7806135  3291527.3341    25  3681119.0000  2229143.1547 24857839   39.44%
 11834026 7837546  3518250.5943    19  3681119.0000  2229143.1547 24965638   39.44%
 11865852 7853290  2274077.1120    35  3681119.0000  2229143.1547 25023924   39.44%
 11896026 7873398  2811911.5635    32  3681119.0000  2229143.1547 25097442   39.44%
 11932445 7905082  2411469.8413    33  3681119.0000  2229143.1547 25216464   39.44%
 11981771 7926556        cutoff        3681119.0000  2229143.1547 25298149   39.44%
 12026630 7947441  3280920.8738    21  3681119.0000  2229143.1547 25377573   39.44%
 12098770 7987964  2503578.0506    31  3681119.0000  2229143.1547 25529485   39.44%
Elapsed time = 179.09 sec. (50974.11 ticks, tree = 2123.30 MB, solutions = 20)
Nodefile size = 77.99 MB (48.11 MB after compression)
 12123303 8014888  2540607.9147    25  3681119.0000  2229143.1547 25629505   39.44%
 12149250 8023413  2947713.4365    35  3681119.0000  2229143.1547 25660994   39.44%
 12191305 8053993  3504244.6125    23  3681119.0000  2229143.1547 25773048   39.44%
 12230796 8072156  2456495.3156    31  3681119.0000  2229143.1547 25840014   39.44%
 12254120 8094654  3333498.1210    25  3681119.0000  2229143.1547 25922681   39.44%
 12277838 8103368  3445807.6703    27  3681119.0000  2229143.1547 25955379   39.44%
 12303872 8125314  3263510.4386    31  3681119.0000  2229143.1547 26038924   39.44%
 12346327 8159707  3363140.7887    26  3681119.0000  2229143.1547 26169751   39.44%
 12427445 8173200  2718646.3764    31  3681119.0000  2229143.1547 26222021   39.44%
 12489461 8232199  3156575.0804    28  3681119.0000  2229143.1547 26441598   39.44%
Elapsed time = 214.26 sec. (60511.10 ticks, tree = 2171.79 MB, solutions = 20)
Nodefile size = 124.99 MB (77.03 MB after compression)
 12517262 8247873  2869981.0128    27  3681119.0000  2229143.1547 26501676   39.44%
 12559198 8265043  2498626.7664    32  3681119.0000  2229143.1547 26566385   39.44%
 12610009 8304370  2452922.2373    32  3681119.0000  2229143.1547 26715635   39.44%
 12655570 8329976  3225139.3392    24  3681119.0000  2229143.1547 26815342   39.44%
 12686534 8346032  3239122.8530    23  3681119.0000  2229143.1547 26877018   39.44%
 12714244 8365642  3675887.8329    20  3681119.0000  2229143.1547 26951891   39.44%
 12742033 8389512  2831944.0790    25  3681119.0000  2229143.1547 27042827   39.44%
 12808634 8430858  2815850.3555    33  3681119.0000  2229143.1547 27202053   39.44%
 12854613 8448332  2578449.0154    31  3681119.0000  2229143.1547 27271945   39.44%
 12861903 8455096        cutoff        3681119.0000  2229143.1547 27298478   39.44%
Elapsed time = 245.82 sec. (70048.02 ticks, tree = 2216.84 MB, solutions = 20)
Nodefile size = 169.98 MB (104.72 MB after compression)
 12885598 8462904        cutoff        3681119.0000  2229143.1547 27330160   39.44%
 12917122 8479018  2697682.0986    29  3681119.0000  2229143.1547 27394396   39.44%
 12948045 8502091  2375212.9413    34  3681119.0000  2229143.1547 27486333   39.44%
 12975121 8518200  2972927.5876    20  3681119.0000  2229143.1547 27550265   39.44%
 12995712 8531424  2332179.0717    31  3681119.0000  2229143.1547 27602603   39.44%
 13045689 8557925  3679183.6869    24  3681119.0000  2229143.1547 27706678   39.44%
 13110904 8607148  3259206.4505    24  3681119.0000  2229143.1547 27899646   39.44%
 13141590 8614178  3030717.4334    29  3681119.0000  2229143.1547 27927838   39.44%
 13180464 8640293  2548533.1248    34  3681119.0000  2229143.1547 28029179   39.44%
 13246126 8682378  3373276.6370    19  3681119.0000  2229143.1547 28193595   39.44%
Elapsed time = 278.23 sec. (79584.97 ticks, tree = 2260.67 MB, solutions = 20)
Nodefile size = 215.98 MB (133.00 MB after compression)
 13283899 8689836  3262482.5050    28  3681119.0000  2229143.1547 28223425   39.44%
 13320481 8723149  3503458.2965    21  3681119.0000  2229143.1547 28353775   39.44%
 13377555 8741970  3661095.9060    20  3681119.0000  2229143.1547 28427170   39.44%
 13402139 8762435  2380000.6647    31  3681119.0000  2229143.1547 28507022   39.44%
 13444701 8797562  3613063.9639    25  3681119.0000  2229143.1547 28643893   39.44%
 13480726 8822548  3434143.0873    22  3681119.0000  2229143.1547 28742092   39.44%
 13515749 8834830  3576663.8723    23  3681119.0000  2229143.1547 28792071   39.44%
 13563169 8848281  3554132.8691    30  3681119.0000  2229143.1547 28846011   39.44%
 13608765 8887158  3156672.9371    38  3681119.0000  2229143.1547 29000800   39.44%
 13762528 8959118  2803601.3129    31  3681119.0000  2229143.1547 29286552   39.44%
Elapsed time = 324.16 sec. (91982.99 ticks, tree = 2327.87 MB, solutions = 20)
Nodefile size = 280.97 MB (172.92 MB after compression)
 13944338 9078159  2977548.0743    28  3681119.0000  2229143.1547 29763603   39.44%
 14130030 9177676  2617007.6790    30  3681119.0000  2229143.1547 30159001   39.44%
*14131160+9191909                      3648852.0000  2229143.1547            38.91%
 14302420 9152197  3484546.5879    20  3648852.0000  2229143.1547 30564217   38.91%
 14500664 9265013  2694636.7009    30  3648852.0000  2229143.1547 31007499   38.91%
 14677537 9360873  3158612.9183    25  3648852.0000  2229143.1547 31373445   38.91%
 14861381 9474757  3330018.9545    28  3648852.0000  2229143.1547 31816553   38.91%
 15040365 9577609  3388606.6779    24  3648852.0000  2229143.1547 32213219   38.91%
 15214294 9675243  3369518.0019    27  3648852.0000  2229143.1547 32595551   38.91%
 15401109 9778052  3093894.9968    28  3648852.0000  2229143.1547 32993115   38.91%
 15573030 9865448  3243028.9584    31  3648852.0000  2229143.1547 33339947   38.91%
Elapsed time = 475.71 sec. (130130.18 ticks, tree = 2507.89 MB, solutions = 21)
Nodefile size = 461.95 MB (283.96 MB after compression)
 15734938 9986326  3621725.7552    22  3648852.0000  2229143.1547 33818436   38.91%
 15916904 10062702  2526925.7117    34  3648852.0000  2229143.1547 34129931   38.91%
 16102182 10181849  3351811.4044    31  3648852.0000  2229143.1547 34591165   38.91%
 16274015 10293060  3273487.1002    30  3648852.0000  2229143.1547 35030673   38.91%
 16470922 10377498  2572459.3953    35  3648852.0000  2229143.1547 35365745   38.91%
 16678667 10500761  3080557.5169    27  3648852.0000  2229143.1547 35864741   38.91%
 16866715 10616599  2748399.5713    36  3648852.0000  2229143.1547 36325823   38.91%
 17028672 10698339        cutoff        3648852.0000  2229143.1547 36655870   38.91%
 17232515 10814302  3278416.7200    23  3648852.0000  2229143.1547 37112536   38.91%
 17403492 10917616  2944231.1033    29  3648852.0000  2229143.1547 37514934   38.91%
Elapsed time = 637.29 sec. (168277.38 ticks, tree = 2723.69 MB, solutions = 21)
Nodefile size = 675.93 MB (415.36 MB after compression)
 17665987 11070195  2701184.6372    31  3648852.0000  2229143.1547 38115810   38.91%
 17885690 11182836  2893695.6193    33  3648852.0000  2229143.1547 38560335   38.91%
 18079251 11300147  2962517.7523    30  3648852.0000  2229143.1547 39035261   38.91%
 18310311 11425808  2968495.7677    26  3648852.0000  2229143.1547 39541457   38.91%
 18492175 11528948  3077405.0375    23  3648852.0000  2229143.1547 39969978   38.91%
 18739051 11675089  3113615.8656    29  3648852.0000  2229143.1547 40564264   38.91%
 18975361 11809030  2997284.0872    21  3648852.0000  2229143.1547 41116438   38.91%
 19233716 11936009  2857199.4361    25  3648852.0000  2229143.1547 41625015   38.91%
 19463344 12071036  3536650.9389    23  3648852.0000  2229143.1547 42157506   38.91%
 19674442 12182008        cutoff        3648852.0000  2229143.1547 42586753   38.91%
Elapsed time = 837.70 sec. (206424.64 ticks, tree = 2985.56 MB, solutions = 21)
Nodefile size = 937.90 MB (576.52 MB after compression)
 19889136 12310532  3080423.2787    23  3648852.0000  2229143.1547 43109749   38.91%
 20141774 12438564  3040467.9741    30  3648852.0000  2229143.1547 43621890   38.91%
 20366611 12573823  3258456.9431    31  3648852.0000  2229143.1547 44151837   38.91%
 20533864 12678496  2922523.5371    27  3648852.0000  2229143.1547 44563237   38.91%
 20790038 12810621  3632202.8374    24  3648852.0000  2229143.1547 45115799   38.91%
 21049266 12957946  2782717.5448    33  3648852.0000  2229143.1547 45739410   38.91%
 21280064 13086716  2919514.4997    27  3648852.0000  2229143.1547 46288951   38.91%
 21528374 13197340  3099344.6491    22  3648852.0000  2229143.1547 46760741   38.91%
 21744421 13339023  3449417.9639    19  3648852.0000  2229143.1547 47346371   38.91%
 21979321 13457092  3569754.8023    18  3648852.0000  2229143.1547 47844604   38.91%
Elapsed time = 1041.58 sec. (244571.79 ticks, tree = 3246.92 MB, solutions = 21)
Nodefile size = 1199.88 MB (737.85 MB after compression)
 22254870 13597408  3629221.3196    20  3648852.0000  2229143.1547 48451321   38.91%
 22488219 13731136  3432989.9989    23  3648852.0000  2229143.1547 48987736   38.91%
 22719186 13846099  3200771.5600    26  3648852.0000  2229143.1547 49482212   38.91%
 22945503 13976894  2557522.0476    27  3648852.0000  2229143.1547 50015764   38.91%
 23163223 14089512  2934104.9713    31  3648852.0000  2229143.1547 50473212   38.91%
 23417853 14240820        cutoff        3648852.0000  2229143.1547 51096565   38.91%
 23695641 14384163  3500006.7754    18  3648852.0000  2229143.1547 51696204   38.91%
 23980863 14556133  2584487.1434    30  3648852.0000  2229143.1547 52392811   38.91%
 24197613 14673046  3311539.1706    23  3648852.0000  2229143.1547 52865260   38.91%
 24479299 14804369  2860923.5942    33  3648852.0000  2229143.1547 53411935   38.91%
Elapsed time = 1263.51 sec. (282719.17 ticks, tree = 3527.95 MB, solutions = 21)
Nodefile size = 1480.85 MB (910.88 MB after compression)
 24741956 14940465  2798282.8169    29  3648852.0000  2229143.1547 53996716   38.91%
 25051949 15137592  3362351.7866    20  3648852.0000  2229143.1547 54825069   38.91%
 25298023 15266517  3383982.4945    25  3648852.0000  2229143.1547 55377589   38.91%
 25535450 15376492        cutoff        3648852.0000  2229143.1547 55833320   38.91%
 25759868 15520647  2984792.0371    28  3648852.0000  2229143.1547 56423518   38.91%
 25986601 15637907  2800343.6873    30  3648852.0000  2229143.1547 56918778   38.91%
 26254438 15801562  3031822.0369    26  3648852.0000  2229143.1547 57622084   38.91%
 26498430 15977339  2843634.3969    32  3648852.0000  2229463.9443 58334638   38.90%
 26730410 16107589  3205156.4323    29  3648852.0000  2229463.9443 58853795   38.90%
 27056219 16287654  3645219.5419    22  3648852.0000  2230709.4004 59580153   38.87%
Elapsed time = 1521.82 sec. (320911.35 ticks, tree = 3828.51 MB, solutions = 21)
Nodefile size = 1782.82 MB (1096.73 MB after compression)
 27417515 16442833  3225733.3916    23  3648852.0000  2230709.4004 60253951   38.87%
 27723026 16598293        cutoff        3648852.0000  2230709.4004 60943928   38.87%
 28077056 16777768  2951263.4856    27  3648852.0000  2230709.4004 61715445   38.87%
 28344558 16929169  3059367.0470    27  3648852.0000  2230709.4004 62333510   38.87%
 28617549 17089735  2602995.1762    30  3648852.0000  2230709.4004 63027662   38.87%
 29023057 17267074  2988052.8633    32  3648852.0000  2230709.4004 63791744   38.87%
 29343449 17448448  3117016.5541    29  3648852.0000  2230709.4004 64564141   38.87%
 29680918 17661902  3339563.6547    26  3648852.0000  2230709.4004 65467966   38.87%
 29905375 17757841  3295547.4978    26  3648852.0000  2230709.4004 65870034   38.87%
 30159888 17877012  3586728.7974    27  3648852.0000  2230709.4004 66373631   38.87%
Elapsed time = 1787.68 sec. (359058.51 ticks, tree = 4154.66 MB, solutions = 21)
Nodefile size = 2110.79 MB (1298.89 MB after compression)
 30463671 18056099  3249014.0322    30  3648852.0000  2230709.4004 67150770   38.87%
 30780352 18219502  3442380.5428    16  3648852.0000  2230709.4004 67841704   38.87%
 31023677 18351847  3421343.0954    22  3648852.0000  2230709.4004 68416730   38.87%
 31401633 18539662  2784053.7531    32  3648852.0000  2230709.4004 69243269   38.87%
 31753210 18733534  2974768.2785    32  3648852.0000  2230709.4004 70099108   38.87%
 32008883 18881284        cutoff        3648852.0000  2230709.4004 70731213   38.87%
 32317075 19013799  3375883.3671    26  3648852.0000  2230709.4004 71307533   38.87%
 32599464 19175553  3379528.1028    29  3648852.0000  2230709.4004 72006453   38.87%
 32972358 19326698  3015926.1539    31  3648852.0000  2230709.4004 72689801   38.87%
 33367659 19563025  2820421.7647    32  3648852.0000  2230709.4004 73741927   38.87%
Elapsed time = 2074.13 sec. (397205.59 ticks, tree = 4504.86 MB, solutions = 21)
Nodefile size = 2458.75 MB (1513.09 MB after compression)
 33673476 19738843  3084148.7848    26  3648852.0000  2230709.4004 74491104   38.87%
 34024737 19919271  3551071.3461    20  3648852.0000  2230709.4004 75249237   38.87%
 34304384 20069348  2554789.2270    28  3648852.0000  2230709.4004 75888054   38.87%
 34577533 20202561  3258521.2035    33  3648852.0000  2230709.4004 76458651   38.87%
 34957147 20370027  3145118.2352    27  3648852.0000  2230709.4004 77212720   38.87%
 35468342 20659844  3644461.0821    28  3648852.0000  2230709.4004 78521860   38.87%
 35806124 20819744  2641454.3229    27  3648852.0000  2230709.4004 79213698   38.87%
 36145355 21006261  3587898.1389    23  3648852.0000  2230709.4004 80019864   38.87%
 36477217 21169218  3284260.5559    26  3648852.0000  2230709.4004 80749650   38.87%
 36749867 21333385  2868638.0641    29  3648852.0000  2230709.4004 81486179   38.87%
Elapsed time = 2375.59 sec. (435352.80 ticks, tree = 4868.49 MB, solutions = 21)
Nodefile size = 2821.71 MB (1736.51 MB after compression)
 37108212 21518829  3446356.9470    26  3648852.0000  2230709.4004 82360209   38.87%
 37574574 21735648  3094698.0028    27  3648852.0000  2230709.4004 83351633   38.87%
 37889154 21908325  2663405.3147    28  3648852.0000  2230709.4004 84086158   38.87%
 38373465 22124660  3401421.1717    22  3648852.0000  2230709.4004 85077386   38.87%
 38675541 22332103  3344879.7877    26  3648852.0000  2230709.4004 85983424   38.87%
 39068455 22491284  3382704.9024    30  3648852.0000  2230709.4004 86710473   38.87%
 39407289 22666459  3381163.6229    32  3648852.0000  2230709.4004 87509383   38.87%
 39817490 22861022  3415822.5069    27  3648852.0000  2230709.4004 88401426   38.87%
 40302225 23135965  2954540.7009    29  3648852.0000  2230709.4004 89662284   38.87%
 40779447 23318833  3291411.7037    24  3648852.0000  2230709.4004 90505474   38.87%
Elapsed time = 2727.83 sec. (473499.95 ticks, tree = 5294.62 MB, solutions = 21)
Nodefile size = 3248.67 MB (1999.40 MB after compression)
 41214399 23547162  3289316.1250    25  3648852.0000  2230709.4004 91569822   38.87%
 41678633 23813674  2619173.5057    36  3648852.0000  2230709.4004 92822891   38.87%
 42016735 23948972  3588500.4593    18  3648852.0000  2230709.4004 93439233   38.87%
 42438724 24192107  3363006.6764    21  3648852.0000  2230709.4004 94567439   38.87%
 42863848 24379041  3477204.0813    24  3648852.0000  2230709.4004 95420850   38.87%
 43261301 24595211  3463448.9414    27  3648852.0000  2230709.4004 96410024   38.87%
 43619758 24776729  3039194.0527    27  3648852.0000  2230709.4004 97243455   38.87%
 43956139 24944279  2665725.4384    29  3648852.0000  2230709.4004 98023425   38.87%
 44346177 25138904        cutoff        3648852.0000  2230709.4004 98925565   38.87%
 44784825 25349375  2936924.2487    29  3648852.0000  2230709.4004 99908712   38.87%
Elapsed time = 3083.45 sec. (511647.00 ticks, tree = 5704.10 MB, solutions = 21)
Nodefile size = 3657.63 MB (2251.19 MB after compression)
 45278893 25611873  3062890.6279    27  3648852.0000  2230709.4004 1.01e+08   38.87%
 45621401 25798450  3063011.7904    22  3648852.0000  2230709.4004 1.02e+08   38.87%
 46126209 25986228  3625069.8840    21  3648852.0000  2230709.4004 1.03e+08   38.87%
 46577234 26276625  2330142.8941    31  3648852.0000  2231929.1300 1.04e+08   38.83%
 46881931 26406037  3554303.8349    28  3648852.0000  2265337.0880 1.05e+08   37.92%
 47361106 26633139  2916652.5669    29  3648852.0000  2447153.1894 1.06e+08   32.93%
 47929689 26855713  3389068.8551    25  3648852.0000  2448214.0604 1.07e+08   32.90%
 48427362 27102404  3184096.0501    32  3648852.0000  2448214.0604 1.08e+08   32.90%
 48742957 27265629  2933139.4961    20  3648852.0000  2448214.0604 1.09e+08   32.90%
 49219462 27504929  3385844.8833    31  3648852.0000  2448214.0604 1.10e+08   32.90%
Elapsed time = 3499.13 sec. (549883.72 ticks, tree = 6145.21 MB, solutions = 21)
Nodefile size = 4098.58 MB (2522.28 MB after compression)
 49847033 27786541  2849672.5258    30  3648852.0000  2448214.0604 1.12e+08   32.90%
 50280055 27984825  3159872.2775    32  3648852.0000  2448214.0604 1.13e+08   32.90%
 50745447 28216171  3236547.9049    32  3648852.0000  2448214.0604 1.14e+08   32.90%
 51238149 28440852  3428636.0541    32  3648852.0000  2448214.0604 1.15e+08   32.90%
 51803426 28710388  3268331.1670    23  3648852.0000  2448214.0604 1.16e+08   32.90%
 52243179 28906981  3216069.0827    28  3648852.0000  2448214.0604 1.17e+08   32.90%
 52732191 29185462  3641778.7764    21  3648852.0000  2448214.0604 1.18e+08   32.90%
 53254867 29399511  2807777.7192    32  3648852.0000  2448214.0604 1.19e+08   32.90%
 53709069 29614186  3570548.0539    27  3648852.0000  2448214.0604 1.20e+08   32.90%
 54182510 29829236        cutoff        3648852.0000  2448214.0604 1.21e+08   32.90%
Elapsed time = 3915.49 sec. (588030.77 ticks, tree = 6632.35 MB, solutions = 21)
Nodefile size = 4585.53 MB (2821.35 MB after compression)
 54719912 30079609  3142448.8420    23  3648852.0000  2448214.0604 1.23e+08   32.90%
 55134248 30283286  3636029.6810    22  3648852.0000  2448214.0604 1.24e+08   32.90%
 55718404 30571113  3526843.0242    27  3648852.0000  2448214.0604 1.25e+08   32.90%
 56187100 30759875  3366961.6195    20  3648852.0000  2448214.0604 1.26e+08   32.90%
 56640134 30965140  3493189.5855    31  3648852.0000  2448214.0604 1.27e+08   32.90%
 57149595 31204757  3129128.5400    29  3648852.0000  2448214.0604 1.28e+08   32.90%
 57672738 31460260  2800428.7789    27  3648852.0000  2448214.0604 1.30e+08   32.90%
 58216879 31758361  2845069.9163    31  3648852.0000  2448214.0604 1.31e+08   32.90%
 58845110 32020188  3414441.7786    22  3648852.0000  2448214.0604 1.32e+08   32.90%
 59404447 32268122  2989137.8713    30  3648852.0000  2448214.0604 1.34e+08   32.90%
Elapsed time = 4360.28 sec. (626177.84 ticks, tree = 7138.27 MB, solutions = 21)
Nodefile size = 5091.49 MB (3132.22 MB after compression)
 60014916 32538762  3428293.8919    30  3648852.0000  2448214.0604 1.35e+08   32.90%
 60609163 32801274  3642660.2026    23  3648852.0000  2448214.0604 1.36e+08   32.90%
 61181867 33098209  2942500.6846    27  3648852.0000  2448214.0604 1.38e+08   32.90%
 61435706 33311723  3400588.3157    21  3648852.0000  2632617.0181 1.39e+08   27.85%
 61698550 33423100  3553981.4782    22  3648852.0000  2708702.5885 1.39e+08   25.77%
 61957489 33535572  2721233.7878    33  3648852.0000  2710503.7073 1.40e+08   25.72%
 62214369 33639421  3452052.7806    30  3648852.0000  2711820.1351 1.41e+08   25.68%
 62473434 33739630  3250817.3472    21  3648852.0000  2713085.7580 1.41e+08   25.65%
 62727384 33843953  3410163.6108    14  3648852.0000  2714420.9197 1.42e+08   25.61%
 62980580 33963359  2854292.0612    28  3648852.0000  2715708.6769 1.42e+08   25.57%
Elapsed time = 4748.23 sec. (664325.02 ticks, tree = 7484.76 MB, solutions = 21)
Nodefile size = 5437.45 MB (3342.31 MB after compression)
 63236139 34068030  2995014.6825    28  3648852.0000  2716930.6951 1.43e+08   25.54%
 63494810 34159734  3482255.2102    21  3648852.0000  2718169.3862 1.43e+08   25.51%
 63751329 34266594  2755663.8070    29  3648852.0000  2719479.3560 1.44e+08   25.47%
 64005010 34374027  3104977.0756    27  3648852.0000  2720762.4362 1.45e+08   25.44%
 64261056 34482674  3354785.1277    27  3648852.0000  2721926.9302 1.45e+08   25.40%
 64516225 34599016  3078680.8024    27  3648852.0000  2723209.8188 1.46e+08   25.37%
 64771866 34690000  3176892.6997    28  3648852.0000  2724501.1407 1.46e+08   25.33%
 65032071 34789435  3298012.7117    26  3648852.0000  2725738.7239 1.47e+08   25.30%

Root node processing (before b&c):
  Real time             =    0.35 sec. (11.88 ticks)
Parallel b&c, 32 threads:
  Real time             = 5014.10 sec. (707604.68 ticks)
  Sync time (average)   = 4502.43 sec.
  Wait time (average)   =    3.34 sec.
                          ------------
Total (root+branch&cut) = 5014.44 sec. (707616.56 ticks)

Solution pool: 22 solutions saved.

MIP - Time limit exceeded, integer feasible:  Objective =  3.6488520000e+06
Current MIP best bound =  2.7261369584e+06 (gap = 922715, 25.29%)
Solution time = 5014.44 sec.  Iterations = 147112653  Nodes = 65064787 (34849023)
Deterministic time = 707616.56 ticks  (141.12 ticks/sec)


Incumbent solution written to file 'cplex.sol'.
