Parallel mode ----------------------------------------------------------------------------------------
*2s: GLB=261360.366, best=2475864.000, gap=89.444%, AF=0.907, #solved=1
*2s: GLB=261360.366, best=2475864.000, gap=89.444%, AF=0.907, #solved=2
*2s: GLB=261360.366, best=2475864.000, gap=89.444%, AF=0.907, #solved=3
*2s: GLB=261360.366, best=2475864.000, gap=89.444%, AF=0.907, #solved=6
*2s: GLB=261360.366, best=2475864.000, gap=89.444%, AF=0.907, #solved=7
*2s: GLB=261360.366, best=2475864.000, gap=89.444%, AF=0.907, #solved=8
*2s: GLB=261360.366, best=2475864.000, gap=89.444%, AF=0.907, #solved=10
*2s: GLB=261360.366, best=2475864.000, gap=89.444%, AF=0.907, #solved=12
*2s: GLB=261360.366, best=2475864.000, gap=89.444%, AF=0.907, #solved=11
*2s: GLB=261360.366, best=2475864.000, gap=89.444%, AF=0.907, #solved=14
*2s: GLB=261360.366, best=2475864.000, gap=89.444%, AF=0.907, #solved=15
*2s: GLB=261360.366, best=2475864.000, gap=89.444%, AF=0.907, #solved=13
*2s: GLB=261360.366, best=2475864.000, gap=89.444%, AF=0.907, #solved=18
*2s: GLB=261360.366, best=2475864.000, gap=89.444%, AF=0.907, #solved=21
*2s: GLB=261360.366, best=2475864.000, gap=89.444%, AF=0.907, #solved=22
*2s: GLB=261360.366, best=2475864.000, gap=89.444%, AF=0.907, #solved=23
*2s: GLB=261360.366, best=2475864.000, gap=89.444%, AF=0.907, #solved=24
*2s: GLB=261360.366, best=2475864.000, gap=89.444%, AF=0.907, #solved=25
*2s: GLB=261360.366, best=2475864.000, gap=89.444%, AF=0.907, #solved=26
*2s: GLB=261360.366, best=2475864.000, gap=89.444%, AF=0.907, #solved=35
*2s: GLB=261360.366, best=2475864.000, gap=89.444%, AF=0.907, #solved=45
*2s: GLB=261360.366, best=2475864.000, gap=89.444%, AF=0.907, #solved=54
*2s: GLB=261360.366, best=2475864.000, gap=89.444%, AF=0.907, #solved=57
*2s: GLB=261360.366, best=2475864.000, gap=89.444%, AF=0.907, #solved=112
*2s: GLB=261360.366, best=2475864.000, gap=89.444%, AF=0.907, #solved=119
*2s: GLB=261360.366, best=2475864.000, gap=89.444%, AF=0.907, #solved=125
*2s: GLB=261360.366, best=2475864.000, gap=89.444%, AF=0.907, #solved=149
*2s: GLB=261360.366, best=2475864.000, gap=89.444%, AF=0.907, #solved=169
*2s: GLB=261360.366, best=2475864.000, gap=89.444%, AF=0.907, #solved=176
*2s: GLB=261360.366, best=2475864.000, gap=89.444%, AF=0.907, #solved=239
*3s: GLB=261360.366, best=2475864.000, gap=89.444%, AF=0.907, #solved=272
*3s: GLB=261360.366, best=2475864.000, gap=89.444%, AF=0.907, #solved=533
*4s: GLB=261360.366, best=2475864.000, gap=89.444%, AF=0.907, #solved=1529
*4s: GLB=261360.366, best=2475864.000, gap=89.444%, AF=0.907, #solved=1665
*4s: GLB=261360.366, best=2475864.000, gap=89.444%, AF=0.907, #solved=1696
*4s: GLB=261360.366, best=2475864.000, gap=89.444%, AF=0.907, #solved=1806
*4s: GLB=261360.366, best=2475864.000, gap=89.444%, AF=0.907, #solved=1830
*4s: GLB=261360.366, best=2475864.000, gap=89.444%, AF=0.907, #solved=1908
*4s: GLB=261360.366, best=2475864.000, gap=89.444%, AF=0.907, #solved=1915
*4s: GLB=261754.114, best=2475864.000, gap=89.428%, AF=0.907, #solved=2136
*4s: GLB=261754.114, best=2475864.000, gap=89.428%, AF=0.907, #solved=2231
*4s: GLB=261754.114, best=2475864.000, gap=89.428%, AF=0.907, #solved=2456
*5s: GLB=261754.114, best=2475864.000, gap=89.428%, AF=0.907, #solved=2746
*5s: GLB=261754.114, best=2475864.000, gap=89.428%, AF=0.907, #solved=2814
*5s: GLB=261754.114, best=2475864.000, gap=89.428%, AF=0.907, #solved=2819
*5s: GLB=261754.114, best=2475864.000, gap=89.428%, AF=0.907, #solved=2885
*5s: GLB=359052.401, best=2475864.000, gap=85.498%, AF=0.907, #solved=3387
*5s: GLB=359052.401, best=2475864.000, gap=85.498%, AF=0.907, #solved=3410
*5s: GLB=359052.401, best=2475864.000, gap=85.498%, AF=0.907, #solved=3488
*5s: GLB=359052.401, best=2475864.000, gap=85.498%, AF=0.907, #solved=3517
*5s: GLB=359052.401, best=2475864.000, gap=85.498%, AF=0.907, #solved=3598
*5s: GLB=359052.401, best=2475864.000, gap=85.498%, AF=0.907, #solved=3599
*5s: GLB=359052.401, best=2475864.000, gap=85.498%, AF=0.907, #solved=3645
*5s: GLB=359052.401, best=2475864.000, gap=85.498%, AF=0.907, #solved=3648
*5s: GLB=359052.401, best=2475864.000, gap=85.498%, AF=0.907, #solved=3728
*5s: GLB=359052.401, best=2475864.000, gap=85.498%, AF=0.907, #solved=3780
*5s: GLB=359052.401, best=2475864.000, gap=85.498%, AF=0.907, #solved=3810
*5s: GLB=359052.401, best=2475864.000, gap=85.498%, AF=0.907, #solved=3910
*6s: GLB=377778.001, best=2475864.000, gap=84.742%, AF=0.907, #solved=4442
*6s: GLB=377778.001, best=2475864.000, gap=84.742%, AF=0.907, #solved=4445
*6s: GLB=377778.001, best=2475864.000, gap=84.742%, AF=0.907, #solved=4530
*6s: GLB=377778.001, best=2475864.000, gap=84.742%, AF=0.907, #solved=4633
*6s: GLB=377778.001, best=2475864.000, gap=84.742%, AF=0.907, #solved=4646
*6s: GLB=377778.001, best=2475864.000, gap=84.742%, AF=0.907, #solved=5006
*6s: GLB=377778.001, best=2475864.000, gap=84.742%, AF=0.907, #solved=5170
*6s: GLB=377778.001, best=2475864.000, gap=84.742%, AF=0.907, #solved=5406
*6s: GLB=377778.001, best=2475864.000, gap=84.742%, AF=0.907, #solved=5461
*6s: GLB=377778.001, best=2475864.000, gap=84.742%, AF=0.907, #solved=5463
*6s: GLB=377778.001, best=2475864.000, gap=84.742%, AF=0.907, #solved=5529
*6s: GLB=377778.001, best=2475864.000, gap=84.742%, AF=0.907, #solved=5553
*6s: GLB=377778.001, best=2475864.000, gap=84.742%, AF=0.907, #solved=5572
*6s: GLB=377778.001, best=2475864.000, gap=84.742%, AF=0.907, #solved=5585
*6s: GLB=377778.001, best=2475864.000, gap=84.742%, AF=0.907, #solved=5592
*6s: GLB=377778.001, best=2475864.000, gap=84.742%, AF=0.907, #solved=5607
*6s: GLB=377778.001, best=2475864.000, gap=84.742%, AF=0.907, #solved=5635
*6s: GLB=377778.001, best=2475864.000, gap=84.742%, AF=0.907, #solved=5639
*6s: GLB=377778.001, best=2475864.000, gap=84.742%, AF=0.907, #solved=5665
*6s: GLB=377778.001, best=2475864.000, gap=84.742%, AF=0.907, #solved=5701
*6s: GLB=377778.001, best=2475864.000, gap=84.742%, AF=0.907, #solved=6127
*6s: GLB=377778.001, best=2475864.000, gap=84.742%, AF=0.907, #solved=6264
*6s: GLB=377778.001, best=2475864.000, gap=84.742%, AF=0.907, #solved=6276
*6s: GLB=377778.001, best=2475864.000, gap=84.742%, AF=0.907, #solved=6635
*6s: GLB=415878.129, best=2475864.000, gap=83.203%, AF=0.907, #solved=6820
*6s: GLB=415878.129, best=2475864.000, gap=83.203%, AF=0.907, #solved=7326
*6s: GLB=415878.129, best=2475864.000, gap=83.203%, AF=0.907, #solved=7386
*6s: GLB=440978.544, best=2475864.000, gap=82.189%, AF=0.907, #solved=7509
*6s: GLB=440978.544, best=2475864.000, gap=82.189%, AF=0.907, #solved=7519
*6s: GLB=440978.544, best=2475864.000, gap=82.189%, AF=0.907, #solved=7523
*6s: GLB=440978.544, best=2475864.000, gap=82.189%, AF=0.907, #solved=7547
*6s: GLB=440978.544, best=2475864.000, gap=82.189%, AF=0.907, #solved=7567
*6s: GLB=440978.544, best=2475864.000, gap=82.189%, AF=0.907, #solved=7604
*6s: GLB=440978.544, best=2475864.000, gap=82.189%, AF=0.907, #solved=7710
*6s: GLB=440978.544, best=2475864.000, gap=82.189%, AF=0.907, #solved=7710
*6s: GLB=440978.544, best=2475864.000, gap=82.189%, AF=0.907, #solved=7714
*6s: GLB=440978.544, best=2475864.000, gap=82.189%, AF=0.907, #solved=7760
*6s: GLB=440978.544, best=2475864.000, gap=82.189%, AF=0.907, #solved=7791
*6s: GLB=440978.544, best=2475864.000, gap=82.189%, AF=0.907, #solved=7810
*6s: GLB=440978.544, best=2475864.000, gap=82.189%, AF=0.907, #solved=7884
*6s: GLB=440978.544, best=2475864.000, gap=82.189%, AF=0.907, #solved=7939
*6s: GLB=440978.544, best=2475864.000, gap=82.189%, AF=0.907, #solved=8223
*6s: GLB=440978.544, best=2475864.000, gap=82.189%, AF=0.907, #solved=8273
*7s: GLB=440978.544, best=2475864.000, gap=82.189%, AF=0.907, #solved=8409
*7s: GLB=440978.544, best=2475864.000, gap=82.189%, AF=0.907, #solved=8679
*7s: GLB=440978.544, best=2475864.000, gap=82.189%, AF=0.907, #solved=9470
*7s: GLB=440978.544, best=2475864.000, gap=82.189%, AF=0.907, #solved=9584
*7s: GLB=440978.544, best=2475864.000, gap=82.189%, AF=0.907, #solved=9586
*7s: GLB=440978.544, best=2475864.000, gap=82.189%, AF=0.907, #solved=9647
*7s: GLB=440978.544, best=2475864.000, gap=82.189%, AF=0.907, #solved=9668
*7s: GLB=440978.544, best=2475864.000, gap=82.189%, AF=0.907, #solved=9671
*7s: GLB=440978.544, best=2475864.000, gap=82.189%, AF=0.907, #solved=9680
*7s: GLB=486928.448, best=2475864.000, gap=80.333%, AF=0.907, #solved=9704
*7s: GLB=486928.448, best=2475864.000, gap=80.333%, AF=0.907, #solved=9710
*7s: GLB=486928.448, best=2475864.000, gap=80.333%, AF=0.907, #solved=9727
*7s: GLB=486928.448, best=2475864.000, gap=80.333%, AF=0.907, #solved=9729
*7s: GLB=486928.448, best=2475864.000, gap=80.333%, AF=0.907, #solved=9767
*7s: GLB=486928.448, best=2475864.000, gap=80.333%, AF=0.907, #solved=9783
*7s: GLB=486928.448, best=2475864.000, gap=80.333%, AF=0.907, #solved=9834
*7s: GLB=486928.448, best=2475864.000, gap=80.333%, AF=0.907, #solved=9859
*7s: GLB=486928.448, best=2475864.000, gap=80.333%, AF=0.907, #solved=9898
*7s: GLB=486928.448, best=2475864.000, gap=80.333%, AF=0.907, #solved=10027
*7s: GLB=486928.448, best=2475864.000, gap=80.333%, AF=0.907, #solved=10164
*7s: GLB=486928.448, best=2475864.000, gap=80.333%, AF=0.907, #solved=10190
*7s: GLB=486928.448, best=2475864.000, gap=80.333%, AF=0.907, #solved=10900
*7s: GLB=486928.448, best=2475864.000, gap=80.333%, AF=0.907, #solved=11651
*7s: GLB=486928.448, best=2475864.000, gap=80.333%, AF=0.907, #solved=11656
*7s: GLB=486928.448, best=2475864.000, gap=80.333%, AF=0.907, #solved=11664
*7s: GLB=486928.448, best=2475864.000, gap=80.333%, AF=0.907, #solved=11679
*7s: GLB=486928.448, best=2475864.000, gap=80.333%, AF=0.907, #solved=11726
*7s: GLB=486928.448, best=2475864.000, gap=80.333%, AF=0.907, #solved=11728
*7s: GLB=486928.448, best=2475864.000, gap=80.333%, AF=0.907, #solved=11755
*7s: GLB=486928.448, best=2475864.000, gap=80.333%, AF=0.907, #solved=11755
*7s: GLB=486928.448, best=2475864.000, gap=80.333%, AF=0.907, #solved=11762
*7s: GLB=486928.448, best=2475864.000, gap=80.333%, AF=0.907, #solved=11789
*7s: GLB=486928.448, best=2475864.000, gap=80.333%, AF=0.907, #solved=11803
*7s: GLB=486928.448, best=2475864.000, gap=80.333%, AF=0.907, #solved=11817
*7s: GLB=486928.448, best=2475864.000, gap=80.333%, AF=0.907, #solved=11880
*7s: GLB=486928.448, best=2475864.000, gap=80.333%, AF=0.907, #solved=11924
*7s: GLB=486928.448, best=2475864.000, gap=80.333%, AF=0.907, #solved=11940
*7s: GLB=486928.448, best=2475864.000, gap=80.333%, AF=0.907, #solved=11941
*7s: GLB=486928.448, best=2475864.000, gap=80.333%, AF=0.907, #solved=11977
*7s: GLB=486928.448, best=2475864.000, gap=80.333%, AF=0.907, #solved=11992
*7s: GLB=486928.448, best=2475864.000, gap=80.333%, AF=0.907, #solved=12073
*7s: GLB=486928.448, best=2475864.000, gap=80.333%, AF=0.907, #solved=12888
*7s: GLB=498425.293, best=2475864.000, gap=79.869%, AF=0.907, #solved=13156
*7s: GLB=498425.293, best=2475864.000, gap=79.869%, AF=0.907, #solved=13631
*7s: GLB=498425.293, best=2475864.000, gap=79.869%, AF=0.907, #solved=13694
*7s: GLB=498425.293, best=2475864.000, gap=79.869%, AF=0.907, #solved=13794
*7s: GLB=498425.293, best=2475864.000, gap=79.869%, AF=0.907, #solved=13802
*7s: GLB=498425.293, best=2475864.000, gap=79.869%, AF=0.907, #solved=13813
*7s: GLB=498425.293, best=2475864.000, gap=79.869%, AF=0.907, #solved=13835
*7s: GLB=498425.293, best=2475864.000, gap=79.869%, AF=0.907, #solved=13879
*7s: GLB=498425.293, best=2475864.000, gap=79.869%, AF=0.907, #solved=13886
*7s: GLB=498425.293, best=2475864.000, gap=79.869%, AF=0.907, #solved=13887
*7s: GLB=498425.293, best=2475864.000, gap=79.869%, AF=0.907, #solved=13888
*7s: GLB=498425.293, best=2475864.000, gap=79.869%, AF=0.907, #solved=13896
*7s: GLB=498425.293, best=2475864.000, gap=79.869%, AF=0.907, #solved=13922
*7s: GLB=498425.293, best=2475864.000, gap=79.869%, AF=0.907, #solved=13922
*7s: GLB=498425.293, best=2475864.000, gap=79.869%, AF=0.907, #solved=13951
*7s: GLB=498425.293, best=2475864.000, gap=79.869%, AF=0.907, #solved=13955
*7s: GLB=498425.293, best=2475864.000, gap=79.869%, AF=0.907, #solved=13978
*7s: GLB=498425.293, best=2475864.000, gap=79.869%, AF=0.907, #solved=14009
*7s: GLB=498425.293, best=2475864.000, gap=79.869%, AF=0.907, #solved=14011
*7s: GLB=498425.293, best=2475864.000, gap=79.869%, AF=0.907, #solved=14178
*7s: GLB=498425.293, best=2475864.000, gap=79.869%, AF=0.907, #solved=15071
*7s: GLB=498425.293, best=2475864.000, gap=79.869%, AF=0.907, #solved=15223
*7s: GLB=498425.293, best=2475864.000, gap=79.869%, AF=0.907, #solved=15843
*7s: GLB=498425.293, best=2475864.000, gap=79.869%, AF=0.907, #solved=15878
*7s: GLB=498425.293, best=2475864.000, gap=79.869%, AF=0.907, #solved=15874
*7s: GLB=498425.293, best=2475864.000, gap=79.869%, AF=0.907, #solved=15843
*7s: GLB=498425.293, best=2475864.000, gap=79.869%, AF=0.907, #solved=15882
*7s: GLB=498425.293, best=2475864.000, gap=79.869%, AF=0.907, #solved=15916
*7s: GLB=498425.293, best=2475864.000, gap=79.869%, AF=0.907, #solved=15933
*7s: GLB=498425.293, best=2475864.000, gap=79.869%, AF=0.907, #solved=15948
*7s: GLB=498425.293, best=2475864.000, gap=79.869%, AF=0.907, #solved=15953
*7s: GLB=498425.293, best=2475864.000, gap=79.869%, AF=0.907, #solved=15972
*7s: GLB=498425.293, best=2475864.000, gap=79.869%, AF=0.907, #solved=15999
*7s: GLB=498425.293, best=2475864.000, gap=79.869%, AF=0.907, #solved=16045
*7s: GLB=498425.293, best=2475864.000, gap=79.869%, AF=0.907, #solved=16047
*7s: GLB=498425.293, best=2475864.000, gap=79.869%, AF=0.907, #solved=16055
*7s: GLB=498425.293, best=2475864.000, gap=79.869%, AF=0.907, #solved=16059
*7s: GLB=498425.293, best=2475864.000, gap=79.869%, AF=0.907, #solved=16065
*7s: GLB=498425.293, best=2475864.000, gap=79.869%, AF=0.907, #solved=16093
*7s: GLB=498425.293, best=2475864.000, gap=79.869%, AF=0.907, #solved=16168
*7s: GLB=498425.293, best=2475864.000, gap=79.869%, AF=0.907, #solved=16332
*7s: GLB=498425.293, best=2475864.000, gap=79.869%, AF=0.907, #solved=17258
*7s: GLB=505093.436, best=2475864.000, gap=79.599%, AF=0.907, #solved=17501
*7s: GLB=514841.557, best=2475864.000, gap=79.206%, AF=0.907, #solved=17971
*7s: GLB=514841.557, best=2475864.000, gap=79.206%, AF=0.907, #solved=18042
*7s: GLB=514841.557, best=2475864.000, gap=79.206%, AF=0.907, #solved=18042
*7s: GLB=514841.557, best=2475864.000, gap=79.206%, AF=0.907, #solved=18054
*7s: GLB=514841.557, best=2475864.000, gap=79.206%, AF=0.907, #solved=18064
*7s: GLB=514841.557, best=2475864.000, gap=79.206%, AF=0.907, #solved=18065
*7s: GLB=514841.557, best=2475864.000, gap=79.206%, AF=0.907, #solved=18066
*7s: GLB=514841.557, best=2475864.000, gap=79.206%, AF=0.907, #solved=18084
*7s: GLB=514841.557, best=2475864.000, gap=79.206%, AF=0.907, #solved=18101
*7s: GLB=514841.557, best=2475864.000, gap=79.206%, AF=0.907, #solved=18102
*7s: GLB=514841.557, best=2475864.000, gap=79.206%, AF=0.907, #solved=18102
*7s: GLB=514841.557, best=2475864.000, gap=79.206%, AF=0.907, #solved=18156
*7s: GLB=514841.557, best=2475864.000, gap=79.206%, AF=0.907, #solved=18161
*7s: GLB=514841.557, best=2475864.000, gap=79.206%, AF=0.907, #solved=18172
*7s: GLB=514841.557, best=2475864.000, gap=79.206%, AF=0.907, #solved=18176
*7s: GLB=514841.557, best=2475864.000, gap=79.206%, AF=0.907, #solved=18187
*7s: GLB=514841.557, best=2475864.000, gap=79.206%, AF=0.907, #solved=18189
*7s: GLB=514841.557, best=2475864.000, gap=79.206%, AF=0.907, #solved=18294
*7s: GLB=514841.557, best=2475864.000, gap=79.206%, AF=0.907, #solved=18382
*7s: GLB=514841.557, best=2475864.000, gap=79.206%, AF=0.907, #solved=18701
*7s: GLB=514841.557, best=2475864.000, gap=79.206%, AF=0.907, #solved=19405
*7s: GLB=514841.557, best=2475864.000, gap=79.206%, AF=0.907, #solved=19453
*8s: GLB=514841.557, best=2475864.000, gap=79.206%, AF=0.907, #solved=19725
*8s: GLB=514841.557, best=2475864.000, gap=79.206%, AF=0.907, #solved=20223
*8s: GLB=514841.557, best=2475864.000, gap=79.206%, AF=0.907, #solved=20228
*8s: GLB=514841.557, best=2475864.000, gap=79.206%, AF=0.907, #solved=20324
*8s: GLB=514841.557, best=2475864.000, gap=79.206%, AF=0.907, #solved=20327
*8s: GLB=514841.557, best=2475864.000, gap=79.206%, AF=0.907, #solved=20329
*8s: GLB=514841.557, best=2475864.000, gap=79.206%, AF=0.907, #solved=20329
*8s: GLB=514841.557, best=2475864.000, gap=79.206%, AF=0.907, #solved=20330
*8s: GLB=514841.557, best=2475864.000, gap=79.206%, AF=0.907, #solved=20332
*8s: GLB=514841.557, best=2475864.000, gap=79.206%, AF=0.907, #solved=20341
*8s: GLB=514841.557, best=2475864.000, gap=79.206%, AF=0.907, #solved=20341
*8s: GLB=514841.557, best=2475864.000, gap=79.206%, AF=0.907, #solved=20359
*8s: GLB=514841.557, best=2475864.000, gap=79.206%, AF=0.907, #solved=20378
*8s: GLB=514841.557, best=2475864.000, gap=79.206%, AF=0.907, #solved=20379
*8s: GLB=514841.557, best=2475864.000, gap=79.206%, AF=0.907, #solved=20406
*8s: GLB=514841.557, best=2475864.000, gap=79.206%, AF=0.907, #solved=20406
*8s: GLB=514841.557, best=2475864.000, gap=79.206%, AF=0.907, #solved=20428
*8s: GLB=514841.557, best=2475864.000, gap=79.206%, AF=0.907, #solved=20430
*8s: GLB=514841.557, best=2475864.000, gap=79.206%, AF=0.907, #solved=20504
*8s: GLB=514841.557, best=2475864.000, gap=79.206%, AF=0.907, #solved=20601
*8s: GLB=514841.557, best=2475864.000, gap=79.206%, AF=0.907, #solved=20933
*8s: GLB=514841.557, best=2475864.000, gap=79.206%, AF=0.907, #solved=21727
*8s: GLB=514841.557, best=2475864.000, gap=79.206%, AF=0.907, #solved=21761
*8s: GLB=514841.557, best=2475864.000, gap=79.206%, AF=0.907, #solved=22148
*8s: GLB=514841.557, best=2475864.000, gap=79.206%, AF=0.907, #solved=22405
*8s: GLB=514841.557, best=2475864.000, gap=79.206%, AF=0.907, #solved=22489
*8s: GLB=514841.557, best=2475864.000, gap=79.206%, AF=0.907, #solved=22585
*8s: GLB=514841.557, best=2475864.000, gap=79.206%, AF=0.907, #solved=22623
*8s: GLB=514841.557, best=2475864.000, gap=79.206%, AF=0.907, #solved=22657
*8s: GLB=514841.557, best=2475864.000, gap=79.206%, AF=0.907, #solved=22675
*8s: GLB=514841.557, best=2475864.000, gap=79.206%, AF=0.907, #solved=22677
*8s: GLB=514841.557, best=2475864.000, gap=79.206%, AF=0.907, #solved=22678
*8s: GLB=514841.557, best=2475864.000, gap=79.206%, AF=0.907, #solved=22680
*8s: GLB=514841.557, best=2475864.000, gap=79.206%, AF=0.907, #solved=22680
*8s: GLB=514841.557, best=2475864.000, gap=79.206%, AF=0.907, #solved=22687
*8s: GLB=514841.557, best=2475864.000, gap=79.206%, AF=0.907, #solved=22695
*8s: GLB=514841.557, best=2475864.000, gap=79.206%, AF=0.907, #solved=22703
*8s: GLB=514841.557, best=2475864.000, gap=79.206%, AF=0.907, #solved=22751
*8s: GLB=514841.557, best=2475864.000, gap=79.206%, AF=0.907, #solved=22796
*8s: GLB=514841.557, best=2475864.000, gap=79.206%, AF=0.907, #solved=22813
*8s: GLB=514841.557, best=2475864.000, gap=79.206%, AF=0.907, #solved=22851
*8s: GLB=514841.557, best=2475864.000, gap=79.206%, AF=0.907, #solved=22856
*8s: GLB=514841.557, best=2475864.000, gap=79.206%, AF=0.907, #solved=22871
*8s: GLB=514841.557, best=2475864.000, gap=79.206%, AF=0.907, #solved=23112
*8s: GLB=514841.557, best=2475864.000, gap=79.206%, AF=0.907, #solved=23966
*8s: GLB=514841.557, best=2475864.000, gap=79.206%, AF=0.907, #solved=24048
*8s: GLB=514841.557, best=2475864.000, gap=79.206%, AF=0.907, #solved=24565
*8s: GLB=514841.557, best=2475864.000, gap=79.206%, AF=0.907, #solved=24729
*8s: GLB=514841.557, best=2475864.000, gap=79.206%, AF=0.907, #solved=24766
*8s: GLB=514841.557, best=2475864.000, gap=79.206%, AF=0.907, #solved=24876
*8s: GLB=514841.557, best=2475864.000, gap=79.206%, AF=0.907, #solved=24928
*8s: GLB=514841.557, best=2475864.000, gap=79.206%, AF=0.907, #solved=24951
*8s: GLB=514841.557, best=2475864.000, gap=79.206%, AF=0.907, #solved=24974
*8s: GLB=514841.557, best=2475864.000, gap=79.206%, AF=0.907, #solved=24974
*8s: GLB=514841.557, best=2475864.000, gap=79.206%, AF=0.907, #solved=24989
*8s: GLB=514841.557, best=2475864.000, gap=79.206%, AF=0.907, #solved=25026
*8s: GLB=514841.557, best=2475864.000, gap=79.206%, AF=0.907, #solved=25038
*8s: GLB=514841.557, best=2475864.000, gap=79.206%, AF=0.907, #solved=25046
*8s: GLB=514841.557, best=2475864.000, gap=79.206%, AF=0.907, #solved=25055
*8s: GLB=514841.557, best=2475864.000, gap=79.206%, AF=0.907, #solved=25076
*8s: GLB=514841.557, best=2475864.000, gap=79.206%, AF=0.907, #solved=25078
*8s: GLB=514841.557, best=2475864.000, gap=79.206%, AF=0.907, #solved=25082
*8s: GLB=514841.557, best=2475864.000, gap=79.206%, AF=0.907, #solved=25100
*8s: GLB=518202.829, best=2475864.000, gap=79.070%, AF=0.907, #solved=25203
*8s: GLB=518202.829, best=2475864.000, gap=79.070%, AF=0.907, #solved=25210
*8s: GLB=518202.829, best=2475864.000, gap=79.070%, AF=0.907, #solved=25243
*8s: GLB=518202.829, best=2475864.000, gap=79.070%, AF=0.907, #solved=25348
*8s: GLB=518202.829, best=2475864.000, gap=79.070%, AF=0.907, #solved=26263
*8s: GLB=518202.829, best=2475864.000, gap=79.070%, AF=0.907, #solved=26456
*8s: GLB=518202.829, best=2475864.000, gap=79.070%, AF=0.907, #solved=26927
*8s: GLB=518202.829, best=2475864.000, gap=79.070%, AF=0.907, #solved=27031
*8s: GLB=518202.829, best=2475864.000, gap=79.070%, AF=0.907, #solved=27049
*8s: GLB=518202.829, best=2475864.000, gap=79.070%, AF=0.907, #solved=27172
*8s: GLB=518202.829, best=2475864.000, gap=79.070%, AF=0.907, #solved=27237
*8s: GLB=518202.829, best=2475864.000, gap=79.070%, AF=0.907, #solved=27257
*8s: GLB=518202.829, best=2475864.000, gap=79.070%, AF=0.907, #solved=27302
*8s: GLB=518202.829, best=2475864.000, gap=79.070%, AF=0.907, #solved=27302
*8s: GLB=518202.829, best=2475864.000, gap=79.070%, AF=0.907, #solved=27303
*8s: GLB=518202.829, best=2475864.000, gap=79.070%, AF=0.907, #solved=27305
*8s: GLB=518202.829, best=2475864.000, gap=79.070%, AF=0.907, #solved=27326
*8s: GLB=518202.829, best=2475864.000, gap=79.070%, AF=0.907, #solved=27328
*8s: GLB=518202.829, best=2475864.000, gap=79.070%, AF=0.907, #solved=27371
*8s: GLB=518202.829, best=2475864.000, gap=79.070%, AF=0.907, #solved=27402
*8s: GLB=518202.829, best=2475864.000, gap=79.070%, AF=0.907, #solved=27423
*8s: GLB=518202.829, best=2475864.000, gap=79.070%, AF=0.907, #solved=27445
*8s: GLB=518202.829, best=2475864.000, gap=79.070%, AF=0.907, #solved=27446
*8s: GLB=518202.829, best=2475864.000, gap=79.070%, AF=0.907, #solved=27446
*8s: GLB=518202.829, best=2475864.000, gap=79.070%, AF=0.907, #solved=27508
*8s: GLB=518202.829, best=2475864.000, gap=79.070%, AF=0.907, #solved=27596
*8s: GLB=518202.829, best=2475864.000, gap=79.070%, AF=0.907, #solved=27618
*8s: GLB=518202.829, best=2475864.000, gap=79.070%, AF=0.907, #solved=27666
*8s: GLB=518202.829, best=2475864.000, gap=79.070%, AF=0.907, #solved=28585
End

SVPSOLVER found an optimal solution

time: 14s
best value: 2475864.000
norm: 1573.488
AF: 0.907
Nodes: 3378258
best solution:
 0: 1.000
