Bounds: 
x_0: [ -14.000, 14.000]
x_1: [ -13.000, 13.000]
x_2: [ -16.000, 16.000]
x_3: [ -10.000, 10.000]
x_4: [ -6.000, 6.000]
x_5: [ -8.000, 8.000]
x_6: [ -20.000, 20.000]
x_7: [ -10.000, 10.000]
x_8: [ -10.000, 10.000]
x_9: [ -14.000, 14.000]
x_10: [ -6.000, 6.000]
x_11: [ -7.000, 7.000]
x_12: [ -6.000, 6.000]
x_13: [ -5.000, 5.000]
x_14: [ -9.000, 9.000]
x_15: [ -10.000, 10.000]
x_16: [ -5.000, 5.000]
x_17: [ -7.000, 7.000]
x_18: [ -9.000, 9.000]
x_19: [ -13.000, 13.000]
x_20: [ -10.000, 10.000]
x_21: [ -8.000, 8.000]
x_22: [ -7.000, 7.000]
x_23: [ -6.000, 6.000]
x_24: [ -3.000, 3.000]
x_25: [ -6.000, 6.000]
x_26: [ -6.000, 6.000]
x_27: [ -5.000, 5.000]
x_28: [ -4.000, 4.000]
x_29: [ -4.000, 4.000]
x_30: [ -3.000, 3.000]
x_31: [ -3.000, 3.000]
x_32: [ -3.000, 3.000]
x_33: [ -4.000, 4.000]
x_34: [ -4.000, 4.000]
x_35: [ -3.000, 3.000]
x_36: [ -3.000, 3.000]
x_37: [ -3.000, 3.000]
x_38: [ -3.000, 3.000]
x_39: [ -2.000, 2.000]
x_40: [ -3.000, 3.000]
x_41: [ -3.000, 3.000]
x_42: [ -3.000, 3.000]
x_43: [ -3.000, 3.000]
0s(:0.026,0.021,0.000) [500/501(1000)] dpt:8 [ 1084647.800, 261360.366, 2475864.000, 89.444%] cutoff:0 AF:0.907
0s(:0.027,0.023,0.000) [1001/1000(2000)] dpt:9 [ 1100435.255, 261360.366, 2475864.000, 89.444%] cutoff:1 AF:0.907
0s(:0.027,0.023,0.000) [1511/1490(3000)] dpt:10 [ 1036991.483, 261360.366, 2475864.000, 89.444%] cutoff:10 AF:0.907
0s(:0.029,0.025,0.000) [2012/1989(4000)] dpt:10 [ 1871485.442, 261360.366, 2475864.000, 89.444%] cutoff:1 AF:0.907
0s(:0.027,0.023,0.000) [2545/2456(5000)] dpt:11 [ 1760341.646, 261360.366, 2475864.000, 89.444%] cutoff:33 AF:0.907
0s(:0.029,0.024,0.000) [3048/2953(6000)] dpt:11 [ 2238336.629, 261360.366, 2475864.000, 89.444%] cutoff:3 AF:0.907
0s(:0.030,0.026,0.000) [3553/3448(7000)] dpt:11 [ 1734776.588, 261360.366, 2475864.000, 89.444%] cutoff:5 AF:0.907
0s(:0.030,0.026,0.000) [4053/3948(8000)] dpt:11 [ 1268171.403, 261360.366, 2475864.000, 89.444%] cutoff:0 AF:0.907
0s(:0.029,0.024,0.000) [4625/4376(9000)] dpt:12 [ 1811165.168, 261360.366, 2475864.000, 89.444%] cutoff:72 AF:0.907
Sorting Time: 0.000s
0s(:0.030,0.025,0.000) [7055/4838(10000)] dpt:12 [ 261360.366, 261360.366, 2475864.000, 89.444%] cutoff:38 AF:0.907
0s(:0.030,0.026,0.000) [8039/5338(11000)] dpt:13 [ 1797102.340, 261360.366, 2475864.000, 89.444%] cutoff:0 AF:0.907
0s(:0.031,0.026,0.000) [6597/5838(12000)] dpt:12 [ 1734730.148, 261360.366, 2475864.000, 89.444%] cutoff:0 AF:0.907
0s(:0.030,0.026,0.000) [7318/6335(13000)] dpt:12 [ 1302661.512, 261360.366, 2475864.000, 89.444%] cutoff:3 AF:0.907
0s(:0.029,0.025,0.000) [6449/6834(14000)] dpt:12 [ 1401266.997, 261360.366, 2475864.000, 89.444%] cutoff:1 AF:0.907
0s(:0.029,0.025,0.000) [7851/7328(15000)] dpt:12 [ 2203376.279, 261360.366, 2475864.000, 89.444%] cutoff:6 AF:0.907
0s(:0.027,0.023,0.000) [5616/7827(16000)] dpt:12 [ 1725754.006, 261360.366, 2475864.000, 89.444%] cutoff:1 AF:0.907
0s(:0.028,0.023,0.000) [6451/8316(17000)] dpt:12 [ 2112981.718, 261360.366, 2475864.000, 89.444%] cutoff:11 AF:0.907
0s(:0.029,0.024,0.000) [6686/8759(18000)] dpt:12 [ 2396874.976, 261360.366, 2475864.000, 89.444%] cutoff:57 AF:0.907
0s(:0.039,0.034,0.000) [10041/8960(19000)] dpt:13 [ 1235417.818, 261360.366, 2475864.000, 89.444%] cutoff:299 AF:0.907
Sorting Time: 0.001s
0s(:0.031,0.026,0.000) [18923/9457(20000)] dpt:14 [ 545642.122, 261360.366, 2475864.000, 89.444%] cutoff:3 AF:0.907
0s(:0.032,0.028,0.000) [10805/9954(21000)] dpt:13 [ 993387.669, 261360.366, 2475864.000, 89.444%] cutoff:3 AF:0.907
0s(:0.030,0.026,0.000) [10572/10453(22000)] dpt:13 [ 1178710.886, 261360.366, 2475864.000, 89.444%] cutoff:1 AF:0.907
0s(:0.029,0.024,0.000) [12023/10952(23000)] dpt:14 [ 1306547.090, 261360.366, 2475864.000, 89.444%] cutoff:1 AF:0.907
0s(:0.029,0.025,0.000) [12875/11452(24000)] dpt:13 [ 1713171.222, 261360.366, 2475864.000, 89.444%] cutoff:0 AF:0.907
0s(:0.029,0.025,0.000) [13501/11948(25000)] dpt:13 [ 1398152.048, 261360.366, 2475864.000, 89.444%] cutoff:4 AF:0.907
0s(:0.029,0.025,0.000) [13701/12446(26000)] dpt:14 [ 1493912.166, 261360.366, 2475864.000, 89.444%] cutoff:2 AF:0.907
0s(:0.029,0.024,0.000) [13559/12942(27000)] dpt:13 [ 1541159.977, 261360.366, 2475864.000, 89.444%] cutoff:4 AF:0.907
0s(:0.030,0.025,0.000) [15068/13439(28000)] dpt:14 [ 1676927.989, 261360.366, 2475864.000, 89.444%] cutoff:3 AF:0.907
0s(:0.028,0.024,0.000) [15232/13935(29000)] dpt:14 [ 2189599.221, 261360.366, 2475864.000, 89.444%] cutoff:4 AF:0.907
Sorting Time: 0.002s
0s(:0.031,0.024,0.000) [20003/14427(30000)] dpt:15 [ 343522.501, 261360.366, 2475864.000, 89.444%] cutoff:8 AF:0.907
0s(:0.033,0.029,0.000) [21102/14926(31000)] dpt:15 [ 969439.272, 261360.366, 2475864.000, 89.444%] cutoff:1 AF:0.907
1s(:0.031,0.026,0.000) [21709/15425(32000)] dpt:14 [ 1121961.021, 261360.366, 2475864.000, 89.444%] cutoff:1 AF:0.907
1s(:0.030,0.025,0.000) [22861/15925(33000)] dpt:15 [ 1862267.143, 261360.366, 2475864.000, 89.444%] cutoff:0 AF:0.907
1s(:0.030,0.026,0.000) [22728/16424(34000)] dpt:14 [ 1891763.461, 261360.366, 2475864.000, 89.444%] cutoff:1 AF:0.907
1s(:0.030,0.026,0.000) [22833/16923(35000)] dpt:14 [ 1519491.038, 261360.366, 2475864.000, 89.444%] cutoff:1 AF:0.907
1s(:0.031,0.026,0.000) [22932/17420(36000)] dpt:14 [ 1586710.745, 261360.366, 2475864.000, 89.444%] cutoff:3 AF:0.907
1s(:0.030,0.025,0.000) [20419/17913(37000)] dpt:16 [ 1943017.565, 261360.366, 2475864.000, 89.444%] cutoff:7 AF:0.907
1s(:0.031,0.026,0.000) [26302/18410(38000)] dpt:14 [ 1847206.585, 261360.366, 2475864.000, 89.444%] cutoff:3 AF:0.907
1s(:0.030,0.026,0.000) [24765/18905(39000)] dpt:15 [ 1753007.864, 261360.366, 2475864.000, 89.444%] cutoff:5 AF:0.907
Sorting Time: 0.003s
1s(:0.032,0.025,0.000) [30003/19403(40000)] dpt:16 [ 261360.366, 261360.366, 2475864.000, 89.444%] cutoff:2 AF:0.907
1s(:0.034,0.029,0.000) [30864/19902(41000)] dpt:16 [ 1520167.511, 261360.366, 2475864.000, 89.444%] cutoff:1 AF:0.907
1s(:0.032,0.027,0.000) [30962/20402(42000)] dpt:16 [ 1565060.442, 261360.366, 2475864.000, 89.444%] cutoff:0 AF:0.907
1s(:0.031,0.026,0.000) [32940/20902(43000)] dpt:15 [ 1171529.744, 261360.366, 2475864.000, 89.444%] cutoff:0 AF:0.907
1s(:0.032,0.027,0.000) [31157/21401(44000)] dpt:15 [ 1826611.936, 261360.366, 2475864.000, 89.444%] cutoff:1 AF:0.907
1s(:0.031,0.026,0.000) [34525/21901(45000)] dpt:15 [ 1304316.082, 261360.366, 2475864.000, 89.444%] cutoff:0 AF:0.907
1s(:0.031,0.026,0.000) [35167/22401(46000)] dpt:15 [ 1473078.844, 261360.366, 2475864.000, 89.444%] cutoff:0 AF:0.907
1s(:0.031,0.026,0.000) [34385/22901(47000)] dpt:15 [ 1535755.785, 261360.366, 2475864.000, 89.444%] cutoff:0 AF:0.907
1s(:0.031,0.026,0.000) [36261/23401(48000)] dpt:16 [ 1945295.642, 261360.366, 2475864.000, 89.444%] cutoff:0 AF:0.907
1s(:0.031,0.026,0.000) [37398/23898(49000)] dpt:15 [ 2045371.319, 261360.366, 2475864.000, 89.444%] cutoff:3 AF:0.907
Sorting Time: 0.003s
1s(:0.035,0.027,0.000) [40001/24397(50000)] dpt:17 [ 820122.911, 261360.366, 2475864.000, 89.444%] cutoff:1 AF:0.907
1s(:0.035,0.030,0.000) [40576/24896(51000)] dpt:18 [ 962435.412, 261360.366, 2475864.000, 89.444%] cutoff:1 AF:0.907
1s(:0.034,0.029,0.000) [41716/25394(52000)] dpt:17 [ 1091753.894, 261360.366, 2475864.000, 89.444%] cutoff:2 AF:0.907
1s(:0.032,0.027,0.000) [42919/25893(53000)] dpt:16 [ 1574640.416, 261360.366, 2475864.000, 89.444%] cutoff:1 AF:0.907
1s(:0.032,0.027,0.000) [43925/26393(54000)] dpt:16 [ 1228168.739, 261360.366, 2475864.000, 89.444%] cutoff:0 AF:0.907
1s(:0.034,0.029,0.000) [44793/26893(55000)] dpt:16 [ 1565638.994, 261360.366, 2475864.000, 89.444%] cutoff:0 AF:0.907
1s(:0.032,0.027,0.000) [45259/27393(56000)] dpt:16 [ 1560396.256, 261360.366, 2475864.000, 89.444%] cutoff:0 AF:0.907
1s(:0.032,0.027,0.000) [41569/27891(57000)] dpt:18 [ 1798653.842, 261360.366, 2475864.000, 89.444%] cutoff:2 AF:0.907
1s(:0.032,0.027,0.000) [41743/28391(58000)] dpt:17 [ 1398802.785, 261360.366, 2475864.000, 89.444%] cutoff:0 AF:0.907
1s(:0.032,0.027,0.000) [48451/28889(59000)] dpt:16 [ 1827287.837, 261360.366, 2475864.000, 89.444%] cutoff:2 AF:0.907
Sorting Time: 0.004s
1s(:0.037,0.028,0.000) [50003/29388(60000)] dpt:18 [ 531499.701, 261360.366, 2475864.000, 89.444%] cutoff:1 AF:0.907
1s(:0.036,0.031,0.000) [51089/29888(61000)] dpt:18 [ 1766210.642, 261360.366, 2475864.000, 89.444%] cutoff:0 AF:0.907
Parallel mode ----------------------------------------------------------------------------------------
*2s: GLB=261360.366, best=2475864.000, gap=89.444%, AF=0.907, #solved=1
*2s: GLB=261360.366, best=2475864.000, gap=89.444%, AF=0.907, #solved=2
*2s: GLB=261360.366, best=2475864.000, gap=89.444%, AF=0.907, #solved=3
*2s: GLB=261360.366, best=2475864.000, gap=89.444%, AF=0.907, #solved=4
*2s: GLB=261360.366, best=2475864.000, gap=89.444%, AF=0.907, #solved=5
*2s: GLB=261360.366, best=2475864.000, gap=89.444%, AF=0.907, #solved=6
*2s: GLB=261360.366, best=2475864.000, gap=89.444%, AF=0.907, #solved=8
*2s: GLB=261360.366, best=2475864.000, gap=89.444%, AF=0.907, #solved=8
*2s: GLB=261360.366, best=2475864.000, gap=89.444%, AF=0.907, #solved=9
*2s: GLB=261360.366, best=2475864.000, gap=89.444%, AF=0.907, #solved=10
*2s: GLB=261360.366, best=2475864.000, gap=89.444%, AF=0.907, #solved=11
*2s: GLB=261360.366, best=2475864.000, gap=89.444%, AF=0.907, #solved=12
*2s: GLB=261360.366, best=2475864.000, gap=89.444%, AF=0.907, #solved=13
*2s: GLB=261360.366, best=2475864.000, gap=89.444%, AF=0.907, #solved=14
*2s: GLB=261360.366, best=2475864.000, gap=89.444%, AF=0.907, #solved=16
*2s: GLB=261360.366, best=2475864.000, gap=89.444%, AF=0.907, #solved=20
*2s: GLB=261360.366, best=2475864.000, gap=89.444%, AF=0.907, #solved=21
*2s: GLB=261360.366, best=2475864.000, gap=89.444%, AF=0.907, #solved=26
*2s: GLB=261360.366, best=2475864.000, gap=89.444%, AF=0.907, #solved=31
*2s: GLB=261360.366, best=2475864.000, gap=89.444%, AF=0.907, #solved=32
*2s: GLB=261360.366, best=2475864.000, gap=89.444%, AF=0.907, #solved=35
*2s: GLB=261360.366, best=2475864.000, gap=89.444%, AF=0.907, #solved=36
*2s: GLB=261360.366, best=2475864.000, gap=89.444%, AF=0.907, #solved=41
t24:0s(:10.639,10.038,0.139) [693/308(1000)] dpt:10 [ 2144625.325, 962762.565, 2475864.000, 61.114%] cutoff:193 AF:0.907
*2s: GLB=261360.366, best=2475864.000, gap=89.444%, AF=0.907, #solved=45
*2s: GLB=261360.366, best=2475864.000, gap=89.444%, AF=0.907, #solved=49
*2s: GLB=261360.366, best=2475864.000, gap=89.444%, AF=0.907, #solved=52
*2s: GLB=261360.366, best=2475864.000, gap=89.444%, AF=0.907, #solved=63
*2s: GLB=261360.366, best=2475864.000, gap=89.444%, AF=0.907, #solved=66
*2s: GLB=261360.366, best=2475864.000, gap=89.444%, AF=0.907, #solved=70
t30:0s(:18.991,18.035,0.226) [899/102(1000)] dpt:17 [ 2897595.205, 1696211.423, 2475864.000, 31.490%] cutoff:400 AF:0.907
t9:0s(:21.359,20.342,0.237) [915/86(1000)] dpt:15 [ 2800164.388, 1763741.553, 2475864.000, 28.763%] cutoff:416 AF:0.907
t11:1s(:13.821,12.660,0.306) [879/122(1000)] dpt:14 [ 2322105.248, 1648510.843, 2475864.000, 33.417%] cutoff:379 AF:0.907
t22:1s(:23.330,22.153,0.294) [997/4(1000)] dpt:26 [ 3926648.685, 2345039.990, 2475864.000, 5.284%] cutoff:498 AF:0.907
t16:1s(:14.790,13.506,0.347) [972/29(1000)] dpt:19 [ 3269220.241, 1920433.852, 2475864.000, 22.434%] cutoff:473 AF:0.907
t24:1s(:21.447,19.989,0.392) [1529/472(2000)] dpt:12 [ 2440926.588, 995277.313, 2475864.000, 59.801%] cutoff:336 AF:0.907
*3s: GLB=261360.366, best=2475864.000, gap=89.444%, AF=0.907, #solved=124
*3s: GLB=261360.366, best=2475864.000, gap=89.444%, AF=0.907, #solved=142
t19:1s(:27.964,25.995,0.536) [974/27(1000)] dpt:21 [ 3978185.440, 2071017.617, 2475864.000, 16.352%] cutoff:475 AF:0.907
t0:1s(:25.606,23.569,0.542) [968/33(1000)] dpt:21 [ 3056704.870, 2143108.815, 2475864.000, 13.440%] cutoff:469 AF:0.907
t24:1s(:20.744,18.689,0.566) [2458/543(3000)] dpt:14 [ 3248745.715, 1152779.939, 2475864.000, 53.439%] cutoff:430 AF:0.907
t20:1s(:26.627,24.555,0.547) [936/65(1000)] dpt:18 [ 2794480.464, 1837889.930, 2475864.000, 25.768%] cutoff:437 AF:0.907
t1:1s(:23.558,21.419,0.579) [964/37(1000)] dpt:21 [ 3002226.163, 2046895.924, 2475864.000, 17.326%] cutoff:465 AF:0.907
t30:1s(:26.814,24.798,0.539) [937/64(1000)] dpt:17 [ 2244612.063, 1891752.850, 2475864.000, 23.592%] cutoff:437 AF:0.907
t31:1s(:26.641,24.474,0.585) [973/28(1000)] dpt:22 [ 2101846.470, 2021987.805, 2475864.000, 18.332%] cutoff:473 AF:0.907
t19:1s(:27.452,25.324,0.577) [985/16(1000)] dpt:23 [ 2210432.474, 2061650.407, 2475864.000, 16.730%] cutoff:485 AF:0.907
t0:1s(:21.834,19.912,0.503) [879/122(1000)] dpt:14 [ 2368070.479, 1706377.891, 2475864.000, 31.079%] cutoff:379 AF:0.907
t24:2s(:24.069,21.855,0.614) [3457/544(4000)] dpt:16 [ 2058233.191, 1152814.943, 2475864.000, 53.438%] cutoff:498 AF:0.907
t9:1s(:26.289,24.195,0.566) [919/82(1000)] dpt:16 [ 2318978.370, 1689133.282, 2475864.000, 31.776%] cutoff:419 AF:0.907
t1:1s(:27.180,25.054,0.567) [949/52(1000)] dpt:20 [ 3228892.633, 1836196.847, 2475864.000, 25.836%] cutoff:450 AF:0.907
t30:1s(:20.305,18.561,0.456) [811/190(1000)] dpt:12 [ 3229512.790, 1250680.806, 2475864.000, 49.485%] cutoff:312 AF:0.907
t11:1s(:26.770,24.775,0.529) [951/50(1000)] dpt:20 [ 1974533.693, 1840043.418, 2475864.000, 25.681%] cutoff:451 AF:0.907
t14:1s(:24.909,22.875,0.535) [954/47(1000)] dpt:18 [ 2851524.101, 1946696.682, 2475864.000, 21.373%] cutoff:455 AF:0.907
t24:3s(:26.190,23.870,0.639) [4520/481(5000)] dpt:18 [ 3436451.392, 1418503.306, 2475864.000, 42.707%] cutoff:564 AF:0.907
t19:1s(:27.816,25.736,0.566) [973/28(1000)] dpt:20 [ 3052275.505, 1876191.260, 2475864.000, 24.221%] cutoff:474 AF:0.907
t30:2s(:24.058,21.984,0.556) [1849/152(2000)] dpt:17 [ 2819044.869, 1412966.107, 2475864.000, 42.930%] cutoff:538 AF:0.907
t0:1s(:24.409,22.422,0.527) [967/34(1000)] dpt:21 [ 2150578.122, 2006393.792, 2475864.000, 18.962%] cutoff:467 AF:0.907
t24:4s(:28.991,26.656,0.638) [5631/370(6000)] dpt:21 [ 2412191.924, 1471686.317, 2475864.000, 40.559%] cutoff:610 AF:0.907
t22:1s(:25.294,23.357,0.511) [948/53(1000)] dpt:18 [ 3766521.004, 1598272.489, 2475864.000, 35.446%] cutoff:449 AF:0.907
t2:0s(:29.079,27.033,0.554) [946/55(1000)] dpt:18 [ 3517465.394, 1884092.612, 2475864.000, 23.902%] cutoff:447 AF:0.907
t20:1s(:27.688,25.569,0.567) [996/5(1000)] dpt:29 [ 3689665.942, 2120003.276, 2475864.000, 14.373%] cutoff:497 AF:0.907
t24:5s(:32.944,30.361,0.718) [6813/188(7000)] dpt:24 [ 2291887.969, 1557666.712, 2475864.000, 37.086%] cutoff:682 AF:0.907
t0:1s(:24.761,22.684,0.544) [943/58(1000)] dpt:17 [ 2323793.628, 1866632.402, 2475864.000, 24.607%] cutoff:443 AF:0.907
t22:0s(:23.508,21.596,0.506) [934/67(1000)] dpt:18 [ 3034276.229, 1883420.976, 2475864.000, 23.929%] cutoff:435 AF:0.907
t30:0s(:20.330,18.573,0.473) [880/121(1000)] dpt:15 [ 2594721.304, 1308739.371, 2475864.000, 47.140%] cutoff:381 AF:0.907
t31:1s(:29.552,27.458,0.560) [959/42(1000)] dpt:20 [ 2476612.908, 1938060.444, 2475864.000, 21.722%] cutoff:460 AF:0.907
t12:1s(:23.295,21.359,0.517) [983/18(1000)] dpt:23 [ 2305795.656, 2225058.689, 2475864.000, 10.130%] cutoff:483 AF:0.907
*8s: GLB=261360.366, best=2475864.000, gap=89.444%, AF=0.907, #solved=581
t9:1s(:26.500,24.442,0.557) [955/46(1000)] dpt:20 [ 2664921.061, 2039057.576, 2475864.000, 17.643%] cutoff:456 AF:0.907
t24:0s(:14.507,13.065,0.395) [653/348(1000)] dpt:10 [ 1823701.006, 261360.366, 2475864.000, 89.444%] cutoff:153 AF:0.907
t11:1s(:21.882,19.933,0.525) [932/69(1000)] dpt:17 [ 1872646.433, 1570449.292, 2475864.000, 36.570%] cutoff:432 AF:0.907
t24:1s(:15.711,14.085,0.452) [1394/607(2000)] dpt:11 [ 1978316.057, 261360.366, 2475864.000, 89.444%] cutoff:241 AF:0.907
t31:1s(:24.230,22.214,0.542) [880/121(1000)] dpt:15 [ 2363500.662, 1567544.683, 2475864.000, 36.687%] cutoff:380 AF:0.907
t19:1s(:28.726,26.624,0.560) [919/82(1000)] dpt:17 [ 2362997.224, 1525888.868, 2475864.000, 38.369%] cutoff:419 AF:0.907
t30:1s(:24.688,22.640,0.548) [931/70(1000)] dpt:17 [ 2231563.336, 1585076.495, 2475864.000, 35.979%] cutoff:431 AF:0.907
t24:1s(:17.304,15.493,0.509) [2232/769(3000)] dpt:13 [ 2816435.448, 261360.366, 2475864.000, 89.444%] cutoff:339 AF:0.907
t14:1s(:24.931,22.804,0.569) [956/45(1000)] dpt:18 [ 3257692.063, 1853491.570, 2475864.000, 25.138%] cutoff:457 AF:0.907
t24:2s(:19.797,17.874,0.538) [3143/858(4000)] dpt:14 [ 3227903.183, 261360.366, 2475864.000, 89.444%] cutoff:411 AF:0.907
t23:1s(:28.480,26.314,0.577) [979/22(1000)] dpt:22 [ 2120607.547, 2120605.941, 2475864.000, 14.349%] cutoff:479 AF:0.907
t19:1s(:21.451,19.474,0.532) [880/121(1000)] dpt:15 [ 3291371.887, 1412479.748, 2475864.000, 42.950%] cutoff:381 AF:0.907
t11:1s(:29.076,27.033,0.557) [951/50(1000)] dpt:20 [ 2467919.027, 1810716.231, 2475864.000, 26.865%] cutoff:451 AF:0.907
t7:1s(:25.930,23.769,0.578) [985/16(1000)] dpt:23 [ 2669359.686, 1919259.666, 2475864.000, 22.481%] cutoff:486 AF:0.907
t31:0s(:26.143,24.045,0.567) [937/64(1000)] dpt:18 [ 2512226.051, 1906870.335, 2475864.000, 22.982%] cutoff:438 AF:0.907
t24:2s(:18.834,16.892,0.542) [4042/959(5000)] dpt:15 [ 1224052.581, 261360.366, 2475864.000, 89.444%] cutoff:398 AF:0.907
t1:0s(:29.027,26.864,0.585) [973/28(1000)] dpt:22 [ 3637944.535, 2059004.438, 2475864.000, 16.837%] cutoff:474 AF:0.907
t8:1s(:24.557,22.331,0.588) [993/8(1000)] dpt:24 [ 3394817.194, 2206458.034, 2475864.000, 10.881%] cutoff:494 AF:0.907
t24:3s(:22.399,20.401,0.561) [4987/1014(6000)] dpt:16 [ 2830097.724, 261360.366, 2475864.000, 89.444%] cutoff:446 AF:0.907
t0:0s(:22.508,20.440,0.542) [928/73(1000)] dpt:17 [ 2904738.638, 1833492.081, 2475864.000, 25.945%] cutoff:429 AF:0.907
t30:0s(:22.293,20.394,0.506) [881/120(1000)] dpt:14 [ 3730468.838, 1613283.796, 2475864.000, 34.840%] cutoff:382 AF:0.907
t20:1s(:28.626,26.591,0.537) [938/63(1000)] dpt:18 [ 3267945.219, 1850696.131, 2475864.000, 25.250%] cutoff:439 AF:0.907
t22:0s(:27.201,25.242,0.519) [924/77(1000)] dpt:17 [ 3550425.977, 1649119.832, 2475864.000, 33.392%] cutoff:425 AF:0.907
t24:4s(:19.932,18.036,0.527) [5933/1068(7000)] dpt:17 [ 1825745.060, 261360.366, 2475864.000, 89.444%] cutoff:445 AF:0.907
t24:4s(:22.246,20.173,0.579) [6908/1093(8000)] dpt:18 [ 3968035.726, 261360.366, 2475864.000, 89.444%] cutoff:476 AF:0.907
t31:1s(:20.312,18.312,0.539) [912/89(1000)] dpt:16 [ 3695230.208, 1585052.262, 2475864.000, 35.980%] cutoff:413 AF:0.907
t1:1s(:28.797,26.681,0.584) [993/8(1000)] dpt:23 [ 2368292.965, 2343085.956, 2475864.000, 5.363%] cutoff:493 AF:0.907
t9:1s(:23.966,21.956,0.533) [921/80(1000)] dpt:17 [ 3189323.420, 1652413.819, 2475864.000, 33.259%] cutoff:422 AF:0.907
t22:1s(:30.895,28.780,0.561) [977/24(1000)] dpt:22 [ 1846366.018, 1845194.876, 2475864.000, 25.473%] cutoff:477 AF:0.907
t16:1s(:27.869,25.812,0.541) [952/49(1000)] dpt:17 [ 2687329.165, 1857258.388, 2475864.000, 24.985%] cutoff:453 AF:0.907
t24:5s(:20.607,18.639,0.538) [7866/1135(9000)] dpt:19 [ 3200326.414, 261360.366, 2475864.000, 89.444%] cutoff:458 AF:0.907
t30:1s(:23.450,21.561,0.498) [896/105(1000)] dpt:14 [ 3443643.297, 1563964.426, 2475864.000, 36.832%] cutoff:397 AF:0.907
t18:0s(:24.072,22.034,0.545) [987/14(1000)] dpt:22 [ 2316231.243, 2113478.094, 2475864.000, 14.637%] cutoff:487 AF:0.907
t2:1s(:22.642,20.605,0.544) [967/34(1000)] dpt:19 [ 2564738.417, 1787576.164, 2475864.000, 27.800%] cutoff:468 AF:0.907
Sorting Time: 0.005s
t24:6s(:22.594,20.536,0.574) [9423/1139(10000)] dpt:20 [ 261360.366, 261360.366, 2475864.000, 89.444%] cutoff:495 AF:0.907
t1:1s(:24.812,22.659,0.578) [995/6(1000)] dpt:29 [ 2480365.712, 2172659.077, 2475864.000, 12.246%] cutoff:496 AF:0.907
t20:1s(:24.762,22.772,0.536) [931/70(1000)] dpt:16 [ 2530559.420, 1888339.250, 2475864.000, 23.730%] cutoff:432 AF:0.907
t31:0s(:20.944,19.028,0.520) [870/131(1000)] dpt:14 [ 3260151.890, 1455001.337, 2475864.000, 41.233%] cutoff:371 AF:0.907
t11:1s(:27.407,25.264,0.583) [995/6(1000)] dpt:26 [ 2480951.037, 2317089.836, 2475864.000, 6.413%] cutoff:496 AF:0.907
t24:6s(:20.604,18.641,0.550) [9069/1210(11000)] dpt:20 [ 2829354.488, 261360.366, 2475864.000, 89.444%] cutoff:430 AF:0.907
t14:1s(:22.233,20.166,0.555) [941/60(1000)] dpt:18 [ 2011441.775, 1646709.550, 2475864.000, 33.489%] cutoff:441 AF:0.907
t19:1s(:19.464,17.498,0.529) [885/116(1000)] dpt:15 [ 2447224.032, 1453905.936, 2475864.000, 41.277%] cutoff:385 AF:0.907
t1:1s(:24.763,22.640,0.573) [962/39(1000)] dpt:19 [ 2799971.141, 1894503.413, 2475864.000, 23.481%] cutoff:463 AF:0.907
t30:1s(:26.496,24.404,0.557) [951/50(1000)] dpt:20 [ 2897216.244, 1752994.059, 2475864.000, 29.197%] cutoff:452 AF:0.907
t9:1s(:27.931,25.744,0.591) [988/13(1000)] dpt:25 [ 3480642.784, 2239501.034, 2475864.000, 9.547%] cutoff:489 AF:0.907
t24:7s(:24.585,22.357,0.629) [10841/1160(12000)] dpt:21 [ 2400054.161, 261360.366, 2475864.000, 89.444%] cutoff:549 AF:0.907
t21:0s(:22.325,20.136,0.592) [999/2(1000)] dpt:27 [ 2993379.863, 2431676.218, 2475864.000, 1.785%] cutoff:500 AF:0.907
t11:0s(:26.836,24.808,0.545) [935/66(1000)] dpt:18 [ 2440256.915, 1727178.367, 2475864.000, 30.239%] cutoff:435 AF:0.907
t0:1s(:21.055,19.073,0.529) [873/128(1000)] dpt:14 [ 3422977.570, 1582044.035, 2475864.000, 36.101%] cutoff:374 AF:0.907
t3:1s(:28.785,26.641,0.566) [964/37(1000)] dpt:19 [ 3415081.977, 1607543.867, 2475864.000, 35.071%] cutoff:465 AF:0.907
t28:1s(:24.137,22.029,0.565) [959/42(1000)] dpt:19 [ 3364031.751, 2114465.507, 2475864.000, 14.597%] cutoff:460 AF:0.907
t1:1s(:23.965,21.980,0.531) [893/108(1000)] dpt:15 [ 3073360.468, 1546048.817, 2475864.000, 37.555%] cutoff:394 AF:0.907
t13:1s(:26.809,24.753,0.542) [923/78(1000)] dpt:16 [ 2129388.367, 1816370.340, 2475864.000, 26.637%] cutoff:423 AF:0.907
t24:8s(:27.943,25.527,0.683) [11993/1008(13000)] dpt:21 [ 2405876.319, 261360.366, 2475864.000, 89.444%] cutoff:652 AF:0.907
t19:1s(:28.103,26.022,0.559) [940/61(1000)] dpt:19 [ 3329026.333, 1901331.459, 2475864.000, 23.205%] cutoff:441 AF:0.907
t9:0s(:23.464,21.367,0.561) [940/61(1000)] dpt:17 [ 3253576.573, 1882730.149, 2475864.000, 23.957%] cutoff:441 AF:0.907
t22:1s(:28.035,25.896,0.569) [970/31(1000)] dpt:21 [ 3329250.691, 1809926.377, 2475864.000, 26.897%] cutoff:471 AF:0.907
t28:1s(:24.987,22.832,0.585) [977/24(1000)] dpt:24 [ 3062191.516, 1955753.436, 2475864.000, 21.007%] cutoff:478 AF:0.907
t24:9s(:27.809,25.395,0.678) [13147/854(14000)] dpt:24 [ 2056904.869, 342628.465, 2475864.000, 86.161%] cutoff:654 AF:0.907
t31:1s(:22.402,20.383,0.538) [903/98(1000)] dpt:16 [ 2098385.235, 1571770.579, 2475864.000, 36.516%] cutoff:403 AF:0.907
t24:10s(:28.229,25.767,0.696) [14290/711(15000)] dpt:25 [ 3209084.344, 343191.744, 2475864.000, 86.139%] cutoff:644 AF:0.907
t9:1s(:25.331,23.257,0.565) [937/64(1000)] dpt:18 [ 3641818.146, 1968209.899, 2475864.000, 20.504%] cutoff:438 AF:0.907
t11:1s(:25.214,23.251,0.521) [909/92(1000)] dpt:16 [ 2395081.731, 1624949.980, 2475864.000, 34.368%] cutoff:409 AF:0.907
t24:11s(:29.199,26.791,0.677) [15515/486(16000)] dpt:27 [ 3351971.065, 368505.766, 2475864.000, 85.116%] cutoff:725 AF:0.907
t30:1s(:15.035,13.504,0.401) [781/220(1000)] dpt:12 [ 2383567.098, 1221738.837, 2475864.000, 50.654%] cutoff:281 AF:0.907
t0:1s(:20.717,18.910,0.467) [892/109(1000)] dpt:15 [ 3365817.712, 1845614.375, 2475864.000, 25.456%] cutoff:393 AF:0.907
t19:1s(:18.550,16.892,0.444) [923/78(1000)] dpt:16 [ 2475456.262, 1823391.089, 2475864.000, 26.353%] cutoff:423 AF:0.907
t16:0s(:18.350,16.822,0.411) [901/100(1000)] dpt:15 [ 3123612.601, 1894865.662, 2475864.000, 23.466%] cutoff:402 AF:0.907
t30:2s(:19.827,18.022,0.475) [1790/211(2000)] dpt:16 [ 2148271.185, 1410092.141, 2475864.000, 43.046%] cutoff:509 AF:0.907
t24:12s(:29.607,27.316,0.645) [16830/171(17000)] dpt:31 [ 3881180.964, 465412.128, 2475864.000, 81.202%] cutoff:815 AF:0.907
t22:1s(:19.914,18.068,0.488) [890/111(1000)] dpt:15 [ 2573361.996, 1512780.347, 2475864.000, 38.899%] cutoff:391 AF:0.907
t3:0s(:23.202,21.238,0.517) [917/84(1000)] dpt:17 [ 2793808.213, 1730591.636, 2475864.000, 30.102%] cutoff:418 AF:0.907
t30:2s(:28.855,26.552,0.621) [2894/107(3000)] dpt:22 [ 3367911.484, 1657105.192, 2475864.000, 33.070%] cutoff:605 AF:0.907
t9:1s(:25.113,22.978,0.573) [978/23(1000)] dpt:22 [ 4167721.888, 2067953.763, 2475864.000, 16.475%] cutoff:479 AF:0.907
t11:1s(:24.094,22.134,0.522) [886/115(1000)] dpt:16 [ 2159675.668, 1526362.555, 2475864.000, 38.350%] cutoff:386 AF:0.907
t20:1s(:30.545,28.459,0.570) [976/25(1000)] dpt:22 [ 3164141.131, 1785665.032, 2475864.000, 27.877%] cutoff:477 AF:0.907
t24:1s(:22.100,20.050,0.579) [968/33(1000)] dpt:21 [ 3091226.584, 1919477.092, 2475864.000, 22.472%] cutoff:469 AF:0.907
t19:0s(:15.528,13.782,0.466) [781/220(1000)] dpt:12 [ 2256976.106, 1265580.356, 2475864.000, 48.883%] cutoff:281 AF:0.907
t1:1s(:25.126,22.927,0.595) [985/16(1000)] dpt:22 [ 2676709.707, 2264124.172, 2475864.000, 8.552%] cutoff:486 AF:0.907
t22:0s(:22.935,20.951,0.528) [897/104(1000)] dpt:16 [ 2815142.725, 1363680.668, 2475864.000, 44.921%] cutoff:398 AF:0.907
t3:1s(:22.898,20.893,0.532) [907/94(1000)] dpt:15 [ 2709383.482, 1803809.519, 2475864.000, 27.144%] cutoff:408 AF:0.907
t2:1s(:23.534,21.414,0.574) [956/45(1000)] dpt:19 [ 2813422.963, 2044602.712, 2475864.000, 17.419%] cutoff:457 AF:0.907
t9:1s(:21.892,19.821,0.560) [926/75(1000)] dpt:17 [ 3159966.236, 1602566.135, 2475864.000, 35.272%] cutoff:427 AF:0.907
t24:1s(:16.075,14.577,0.415) [695/306(1000)] dpt:10 [ 1520455.374, 261754.114, 2475864.000, 89.428%] cutoff:195 AF:0.907
t30:1s(:27.098,25.081,0.538) [909/92(1000)] dpt:17 [ 2978629.883, 1698721.785, 2475864.000, 31.389%] cutoff:410 AF:0.907
t19:1s(:21.432,19.186,0.612) [1795/206(2000)] dpt:16 [ 1876794.492, 1518638.196, 2475864.000, 38.662%] cutoff:514 AF:0.907
t31:1s(:31.707,29.558,0.581) [991/10(1000)] dpt:24 [ 3049150.331, 2036403.147, 2475864.000, 17.750%] cutoff:492 AF:0.907
*22s: GLB=261754.114, best=2475864.000, gap=89.428%, AF=0.907, #solved=1909
t24:1s(:18.394,16.626,0.494) [1526/475(2000)] dpt:13 [ 1694041.365, 261754.114, 2475864.000, 89.428%] cutoff:331 AF:0.907
t0:1s(:27.950,25.683,0.604) [986/15(1000)] dpt:25 [ 3669627.805, 2218249.001, 2475864.000, 10.405%] cutoff:487 AF:0.907
t2:1s(:23.663,21.556,0.567) [940/61(1000)] dpt:17 [ 2191847.711, 1890102.124, 2475864.000, 23.659%] cutoff:440 AF:0.907
t11:1s(:24.987,22.913,0.556) [956/45(1000)] dpt:19 [ 1987395.635, 1435006.604, 2475864.000, 42.040%] cutoff:456 AF:0.907
t19:2s(:30.008,27.357,0.735) [2995/6(3000)] dpt:33 [ 2340794.165, 2340129.098, 2475864.000, 5.482%] cutoff:700 AF:0.907
t20:1s(:26.439,24.368,0.550) [935/66(1000)] dpt:17 [ 2707594.556, 1904923.838, 2475864.000, 23.060%] cutoff:436 AF:0.907
t9:1s(:24.343,22.172,0.586) [974/27(1000)] dpt:22 [ 3512394.113, 1943684.182, 2475864.000, 21.495%] cutoff:475 AF:0.907
t24:2s(:21.336,19.254,0.587) [2496/505(3000)] dpt:15 [ 2185201.240, 338658.820, 2475864.000, 86.322%] cutoff:470 AF:0.907
t16:1s(:23.862,21.929,0.505) [873/128(1000)] dpt:13 [ 2383627.460, 1764446.211, 2475864.000, 28.734%] cutoff:373 AF:0.907
*23s: GLB=261754.114, best=2475864.000, gap=89.428%, AF=0.907, #solved=2041
t31:0s(:25.309,23.200,0.559) [976/25(1000)] dpt:20 [ 3004236.783, 2116699.875, 2475864.000, 14.507%] cutoff:477 AF:0.907
t24:3s(:21.728,19.628,0.596) [3486/515(4000)] dpt:17 [ 1972923.060, 487144.292, 2475864.000, 80.324%] cutoff:490 AF:0.907
t22:1s(:30.225,28.111,0.558) [966/35(1000)] dpt:21 [ 3275628.174, 2032804.518, 2475864.000, 17.895%] cutoff:467 AF:0.907
*24s: GLB=261754.114, best=2475864.000, gap=89.428%, AF=0.907, #solved=2108
*24s: GLB=261754.114, best=2475864.000, gap=89.428%, AF=0.907, #solved=2127
t12:1s(:30.825,28.687,0.569) [977/24(1000)] dpt:21 [ 3180428.130, 2215245.075, 2475864.000, 10.526%] cutoff:478 AF:0.907
t14:0s(:24.053,21.902,0.580) [960/41(1000)] dpt:19 [ 3811623.677, 2143184.735, 2475864.000, 13.437%] cutoff:461 AF:0.907
t11:0s(:26.711,24.698,0.545) [929/72(1000)] dpt:17 [ 2275443.644, 1809984.751, 2475864.000, 26.895%] cutoff:429 AF:0.907
*24s: GLB=261754.114, best=2475864.000, gap=89.428%, AF=0.907, #solved=2152
t24:3s(:24.785,22.540,0.637) [4543/458(5000)] dpt:19 [ 3131583.835, 503886.089, 2475864.000, 79.648%] cutoff:558 AF:0.907
t31:0s(:21.636,19.670,0.523) [894/107(1000)] dpt:15 [ 3414012.699, 1576203.117, 2475864.000, 36.337%] cutoff:395 AF:0.907
t30:1s(:25.963,23.979,0.529) [904/97(1000)] dpt:17 [ 3016591.393, 1612716.753, 2475864.000, 34.862%] cutoff:405 AF:0.907
t24:4s(:26.051,23.801,0.637) [5639/362(6000)] dpt:21 [ 2809220.801, 590453.457, 2475864.000, 76.152%] cutoff:596 AF:0.907
t2:0s(:19.426,17.494,0.516) [915/86(1000)] dpt:15 [ 2473225.796, 1971371.193, 2475864.000, 20.376%] cutoff:415 AF:0.907
*25s: GLB=261754.114, best=2475864.000, gap=89.428%, AF=0.907, #solved=2268
t0:1s(:23.304,21.193,0.560) [963/38(1000)] dpt:19 [ 3759272.612, 1969290.989, 2475864.000, 20.460%] cutoff:464 AF:0.907
t30:1s(:20.037,18.307,0.478) [834/167(1000)] dpt:12 [ 3859598.328, 1162233.608, 2475864.000, 53.057%] cutoff:335 AF:0.907
t17:1s(:26.319,24.170,0.577) [992/9(1000)] dpt:26 [ 4551220.417, 2134573.314, 2475864.000, 13.785%] cutoff:493 AF:0.907
t24:5s(:28.362,25.946,0.682) [6779/222(7000)] dpt:25 [ 2283223.733, 1228286.326, 2475864.000, 50.390%] cutoff:639 AF:0.907
t12:1s(:27.331,25.223,0.563) [971/30(1000)] dpt:20 [ 3055599.552, 2047956.172, 2475864.000, 17.283%] cutoff:472 AF:0.907
t11:1s(:27.212,25.112,0.571) [975/26(1000)] dpt:21 [ 3285341.488, 1839974.913, 2475864.000, 25.684%] cutoff:476 AF:0.907
t19:0s(:21.842,19.867,0.525) [886/115(1000)] dpt:15 [ 3066131.051, 1406668.666, 2475864.000, 43.185%] cutoff:387 AF:0.907
t0:1s(:24.542,22.358,0.580) [964/37(1000)] dpt:20 [ 2774288.174, 1933342.665, 2475864.000, 21.912%] cutoff:465 AF:0.907
t2:1s(:25.660,23.546,0.566) [958/43(1000)] dpt:20 [ 4185587.852, 1843379.466, 2475864.000, 25.546%] cutoff:459 AF:0.907
t20:1s(:24.606,22.554,0.562) [959/42(1000)] dpt:17 [ 3060289.347, 1817127.915, 2475864.000, 26.606%] cutoff:460 AF:0.907
t30:2s(:28.958,26.728,0.623) [1905/96(2000)] dpt:20 [ 2307678.866, 1788049.860, 2475864.000, 27.781%] cutoff:570 AF:0.907
t16:1s(:29.816,27.702,0.564) [974/27(1000)] dpt:21 [ 3769738.192, 2061517.406, 2475864.000, 16.735%] cutoff:475 AF:0.907
*27s: GLB=359052.401, best=2475864.000, gap=85.498%, AF=0.907, #solved=2425
t31:0s(:26.091,23.997,0.561) [935/66(1000)] dpt:17 [ 2428847.552, 1678061.819, 2475864.000, 32.223%] cutoff:435 AF:0.907
t21:1s(:22.238,20.142,0.561) [941/60(1000)] dpt:16 [ 2665844.422, 1896447.712, 2475864.000, 23.403%] cutoff:442 AF:0.907
t24:1s(:20.581,18.886,0.475) [814/187(1000)] dpt:13 [ 3577061.115, 359052.401, 2475864.000, 85.498%] cutoff:315 AF:0.907
t19:1s(:21.370,19.348,0.540) [899/102(1000)] dpt:15 [ 1468333.546, 1434767.629, 2475864.000, 42.050%] cutoff:399 AF:0.907
t27:1s(:23.388,21.228,0.578) [982/19(1000)] dpt:22 [ 2697366.985, 2114394.275, 2475864.000, 14.600%] cutoff:483 AF:0.907
t24:2s(:25.591,23.427,0.605) [1827/174(2000)] dpt:18 [ 2436805.481, 661128.959, 2475864.000, 73.297%] cutoff:512 AF:0.907
*29s: GLB=359052.401, best=2475864.000, gap=85.498%, AF=0.907, #solved=2584
t0:1s(:22.489,20.403,0.549) [898/103(1000)] dpt:15 [ 3493297.881, 1845557.839, 2475864.000, 25.458%] cutoff:399 AF:0.907
t31:1s(:23.810,21.685,0.575) [968/33(1000)] dpt:22 [ 4122277.659, 1755829.192, 2475864.000, 29.082%] cutoff:469 AF:0.907
t28:1s(:24.685,22.518,0.585) [974/27(1000)] dpt:20 [ 3596699.398, 2083421.851, 2475864.000, 15.851%] cutoff:475 AF:0.907
*29s: GLB=359052.401, best=2475864.000, gap=85.498%, AF=0.907, #solved=2613
*29s: GLB=359052.401, best=2475864.000, gap=85.498%, AF=0.907, #solved=2643
t20:0s(:23.083,21.115,0.521) [888/113(1000)] dpt:14 [ 3066623.461, 1615589.539, 2475864.000, 34.746%] cutoff:389 AF:0.907
t14:0s(:25.920,23.773,0.597) [993/8(1000)] dpt:23 [ 2289004.157, 2137910.426, 2475864.000, 13.650%] cutoff:493 AF:0.907
t9:1s(:22.713,20.664,0.551) [924/77(1000)] dpt:17 [ 2045655.334, 1708355.040, 2475864.000, 31.000%] cutoff:424 AF:0.907
*30s: GLB=377778.001, best=2475864.000, gap=84.742%, AF=0.907, #solved=2715
t30:0s(:17.542,15.877,0.460) [786/215(1000)] dpt:11 [ 2920365.474, 1257944.288, 2475864.000, 49.192%] cutoff:287 AF:0.907
t24:0s(:22.282,20.380,0.536) [893/108(1000)] dpt:15 [ 3284549.367, 967555.186, 2475864.000, 60.921%] cutoff:394 AF:0.907
t0:0s(:22.560,20.383,0.579) [953/48(1000)] dpt:19 [ 3244857.928, 1785641.623, 2475864.000, 27.878%] cutoff:454 AF:0.907
t11:1s(:27.913,25.790,0.570) [974/27(1000)] dpt:22 [ 2693382.807, 1969014.458, 2475864.000, 20.472%] cutoff:475 AF:0.907
t16:0s(:24.980,22.921,0.559) [951/50(1000)] dpt:18 [ 3082750.716, 1988601.111, 2475864.000, 19.681%] cutoff:452 AF:0.907
t31:0s(:26.101,23.940,0.590) [984/17(1000)] dpt:22 [ 3612041.146, 2188593.842, 2475864.000, 11.603%] cutoff:485 AF:0.907
*31s: GLB=377778.001, best=2475864.000, gap=84.742%, AF=0.907, #solved=2805
t30:1s(:27.119,24.887,0.619) [1840/161(2000)] dpt:17 [ 2320778.950, 1603902.731, 2475864.000, 35.218%] cutoff:553 AF:0.907
t1:1s(:24.485,22.389,0.569) [975/26(1000)] dpt:22 [ 3551462.614, 2143060.142, 2475864.000, 13.442%] cutoff:476 AF:0.907
t20:0s(:22.498,20.552,0.520) [926/75(1000)] dpt:18 [ 3706541.651, 1781814.567, 2475864.000, 28.033%] cutoff:427 AF:0.907
*31s: GLB=464621.880, best=2475864.000, gap=81.234%, AF=0.907, #solved=2867
t24:1s(:14.746,13.198,0.424) [745/256(1000)] dpt:11 [ 3308268.067, 1120237.742, 2475864.000, 54.754%] cutoff:246 AF:0.907
t19:1s(:23.710,21.624,0.562) [970/31(1000)] dpt:19 [ 2106006.478, 2035737.137, 2475864.000, 17.777%] cutoff:470 AF:0.907
t11:1s(:24.031,22.101,0.529) [925/76(1000)] dpt:17 [ 3317440.098, 1825887.073, 2475864.000, 26.253%] cutoff:426 AF:0.907
t9:1s(:24.783,22.776,0.547) [920/81(1000)] dpt:17 [ 3079831.537, 1753658.949, 2475864.000, 29.170%] cutoff:421 AF:0.907
t24:1s(:24.594,22.322,0.630) [1808/193(2000)] dpt:16 [ 3437323.964, 1572063.986, 2475864.000, 36.504%] cutoff:563 AF:0.907
t31:1s(:29.238,27.095,0.579) [996/5(1000)] dpt:23 [ 3833022.548, 2346654.584, 2475864.000, 5.219%] cutoff:497 AF:0.907
t22:1s(:22.812,20.899,0.509) [916/85(1000)] dpt:16 [ 2799222.090, 1752232.266, 2475864.000, 29.227%] cutoff:417 AF:0.907
t19:1s(:21.551,19.586,0.529) [932/69(1000)] dpt:18 [ 3391144.038, 1621438.463, 2475864.000, 34.510%] cutoff:433 AF:0.907
t1:1s(:19.452,17.589,0.495) [880/121(1000)] dpt:14 [ 3679968.479, 1615381.079, 2475864.000, 34.755%] cutoff:381 AF:0.907
t30:1s(:22.838,20.982,0.490) [887/114(1000)] dpt:15 [ 2285061.967, 1456088.167, 2475864.000, 41.189%] cutoff:387 AF:0.907
t28:1s(:22.964,20.854,0.567) [949/52(1000)] dpt:18 [ 2571433.369, 2151491.156, 2475864.000, 13.101%] cutoff:450 AF:0.907
t9:1s(:21.916,19.853,0.554) [928/73(1000)] dpt:16 [ 3508682.744, 1618018.878, 2475864.000, 34.648%] cutoff:429 AF:0.907
t3:1s(:28.337,26.203,0.569) [979/22(1000)] dpt:22 [ 2895855.339, 1897419.146, 2475864.000, 23.363%] cutoff:480 AF:0.907
*34s: GLB=531499.701, best=2475864.000, gap=78.533%, AF=0.907, #solved=3160
t27:1s(:26.775,24.604,0.582) [994/7(1000)] dpt:27 [ 2648458.664, 2126469.112, 2475864.000, 14.112%] cutoff:495 AF:0.907
*34s: GLB=531499.701, best=2475864.000, gap=78.533%, AF=0.907, #solved=3229
t1:1s(:20.452,18.433,0.545) [916/85(1000)] dpt:17 [ 3445358.265, 1343685.960, 2475864.000, 45.729%] cutoff:417 AF:0.907
t22:1s(:29.363,27.233,0.584) [991/10(1000)] dpt:27 [ 2493221.998, 2097734.207, 2475864.000, 15.273%] cutoff:492 AF:0.907
t16:1s(:25.994,23.922,0.547) [942/59(1000)] dpt:17 [ 3034090.726, 1682749.733, 2475864.000, 32.034%] cutoff:443 AF:0.907
*35s: GLB=531499.701, best=2475864.000, gap=78.533%, AF=0.907, #solved=3275
t24:1s(:17.565,15.930,0.452) [766/235(1000)] dpt:11 [ 2640537.191, 1253866.837, 2475864.000, 49.356%] cutoff:267 AF:0.907
t0:1s(:25.037,22.811,0.593) [983/18(1000)] dpt:23 [ 2292941.157, 2048563.883, 2475864.000, 17.259%] cutoff:483 AF:0.907
t9:0s(:20.354,18.460,0.519) [870/131(1000)] dpt:13 [ 2868991.439, 1547032.800, 2475864.000, 37.515%] cutoff:371 AF:0.907
t30:0s(:21.721,19.857,0.496) [838/163(1000)] dpt:13 [ 2527085.935, 1354425.215, 2475864.000, 45.295%] cutoff:339 AF:0.907
*36s: GLB=531499.701, best=2475864.000, gap=78.533%, AF=0.907, #solved=3366
*36s: GLB=531499.701, best=2475864.000, gap=78.533%, AF=0.907, #solved=3374
t24:2s(:24.259,22.220,0.568) [1739/262(2000)] dpt:15 [ 2735005.917, 1448812.841, 2475864.000, 41.483%] cutoff:473 AF:0.907
t31:1s(:26.714,24.582,0.572) [979/22(1000)] dpt:22 [ 2570662.367, 2182403.702, 2475864.000, 11.853%] cutoff:480 AF:0.907
t19:1s(:22.812,20.874,0.526) [910/91(1000)] dpt:15 [ 3012517.608, 1337161.682, 2475864.000, 45.992%] cutoff:411 AF:0.907
t14:1s(:24.656,22.597,0.548) [970/31(1000)] dpt:19 [ 2984271.978, 2008199.902, 2475864.000, 18.889%] cutoff:471 AF:0.907
t30:1s(:28.552,26.343,0.593) [1914/87(2000)] dpt:21 [ 3230875.620, 1689781.485, 2475864.000, 31.750%] cutoff:576 AF:0.907
t2:1s(:24.654,22.692,0.543) [956/45(1000)] dpt:19 [ 3262195.955, 2047014.613, 2475864.000, 17.321%] cutoff:457 AF:0.907
t24:3s(:28.028,25.815,0.611) [2803/198(3000)] dpt:20 [ 2898248.142, 1626668.301, 2475864.000, 34.299%] cutoff:564 AF:0.907
t0:1s(:26.093,23.893,0.584) [999/2(1000)] dpt:27 [ 2317808.341, 2315451.248, 2475864.000, 6.479%] cutoff:499 AF:0.907
t16:1s(:25.426,23.400,0.541) [948/53(1000)] dpt:18 [ 3166035.029, 1828976.370, 2475864.000, 26.128%] cutoff:449 AF:0.907
t31:1s(:24.425,22.335,0.561) [965/36(1000)] dpt:20 [ 2371742.158, 1726368.763, 2475864.000, 30.272%] cutoff:465 AF:0.907
t11:1s(:22.248,20.345,0.503) [869/132(1000)] dpt:14 [ 3297454.741, 1437439.131, 2475864.000, 41.942%] cutoff:370 AF:0.907
t14:1s(:23.275,21.180,0.560) [953/48(1000)] dpt:18 [ 2264291.425, 1860223.030, 2475864.000, 24.866%] cutoff:453 AF:0.907
t30:0s(:26.615,24.708,0.530) [918/83(1000)] dpt:17 [ 2317101.789, 1458453.932, 2475864.000, 41.093%] cutoff:418 AF:0.907
t22:0s(:28.983,26.934,0.562) [984/17(1000)] dpt:23 [ 4074574.517, 2110226.289, 2475864.000, 14.768%] cutoff:485 AF:0.907
t9:1s(:24.087,21.898,0.590) [988/13(1000)] dpt:23 [ 3010597.893, 1949948.159, 2475864.000, 21.242%] cutoff:489 AF:0.907
t20:1s(:31.790,29.653,0.559) [961/40(1000)] dpt:20 [ 2692966.404, 1933098.839, 2475864.000, 21.922%] cutoff:462 AF:0.907
t19:1s(:18.398,16.527,0.511) [860/141(1000)] dpt:14 [ 3289399.881, 1743072.209, 2475864.000, 29.597%] cutoff:361 AF:0.907
t0:1s(:24.794,22.674,0.565) [946/55(1000)] dpt:19 [ 4066697.915, 2006230.945, 2475864.000, 18.968%] cutoff:447 AF:0.907
t24:1s(:23.528,21.482,0.563) [971/30(1000)] dpt:21 [ 3640911.785, 1910936.332, 2475864.000, 22.817%] cutoff:472 AF:0.907
*38s: GLB=535318.375, best=2475864.000, gap=78.379%, AF=0.907, #solved=3737
t24:1s(:22.153,20.382,0.489) [839/162(1000)] dpt:13 [ 2155936.621, 1378742.327, 2475864.000, 44.313%] cutoff:339 AF:0.907
t30:1s(:24.537,22.591,0.542) [931/70(1000)] dpt:16 [ 2016569.859, 1462145.111, 2475864.000, 40.944%] cutoff:431 AF:0.907
t20:1s(:27.637,25.636,0.531) [926/75(1000)] dpt:16 [ 3453822.535, 1572361.557, 2475864.000, 36.492%] cutoff:427 AF:0.907
t3:0s(:26.136,24.052,0.549) [962/39(1000)] dpt:20 [ 2639746.500, 2023312.176, 2475864.000, 18.279%] cutoff:463 AF:0.907
t22:1s(:23.586,21.631,0.516) [921/80(1000)] dpt:17 [ 2363228.952, 1729480.105, 2475864.000, 30.146%] cutoff:421 AF:0.907
t16:1s(:25.888,23.800,0.560) [985/16(1000)] dpt:22 [ 2445973.704, 2222451.383, 2475864.000, 10.235%] cutoff:485 AF:0.907
t1:1s(:20.490,18.614,0.514) [914/87(1000)] dpt:15 [ 3550910.942, 1913296.626, 2475864.000, 22.722%] cutoff:415 AF:0.907
t11:1s(:22.214,20.418,0.483) [878/123(1000)] dpt:13 [ 2713403.936, 1477574.982, 2475864.000, 40.321%] cutoff:379 AF:0.907
t24:2s(:29.568,27.425,0.598) [1897/104(2000)] dpt:20 [ 2268601.316, 1742138.027, 2475864.000, 29.635%] cutoff:558 AF:0.907
t14:1s(:23.856,21.783,0.557) [955/46(1000)] dpt:18 [ 2432799.108, 1919134.454, 2475864.000, 22.486%] cutoff:455 AF:0.907
t19:0s(:21.740,19.825,0.532) [889/112(1000)] dpt:15 [ 3207085.291, 1695466.148, 2475864.000, 31.520%] cutoff:390 AF:0.907
*40s: GLB=590600.677, best=2475864.000, gap=76.146%, AF=0.907, #solved=3973
t20:1s(:26.371,24.299,0.547) [933/68(1000)] dpt:17 [ 2342494.510, 1859155.100, 2475864.000, 24.909%] cutoff:433 AF:0.907
t16:1s(:29.578,27.434,0.571) [975/26(1000)] dpt:22 [ 3211606.625, 2134418.414, 2475864.000, 13.791%] cutoff:476 AF:0.907
t30:1s(:28.107,26.040,0.548) [944/57(1000)] dpt:19 [ 2623494.362, 1766951.257, 2475864.000, 28.633%] cutoff:445 AF:0.907
t9:1s(:24.716,22.640,0.553) [932/69(1000)] dpt:16 [ 2972911.630, 1795860.951, 2475864.000, 27.465%] cutoff:433 AF:0.907
t1:1s(:25.704,23.659,0.559) [953/48(1000)] dpt:19 [ 2493215.659, 1806524.117, 2475864.000, 27.035%] cutoff:454 AF:0.907
t22:1s(:27.508,25.360,0.575) [979/22(1000)] dpt:23 [ 3186318.066, 2045908.837, 2475864.000, 17.366%] cutoff:480 AF:0.907
t24:1s(:21.334,19.393,0.530) [887/114(1000)] dpt:15 [ 3719644.230, 1522385.418, 2475864.000, 38.511%] cutoff:388 AF:0.907
*41s: GLB=590600.677, best=2475864.000, gap=76.146%, AF=0.907, #solved=4062
t30:1s(:25.774,23.902,0.517) [891/110(1000)] dpt:15 [ 2623656.944, 1450248.099, 2475864.000, 41.425%] cutoff:392 AF:0.907
t19:1s(:24.275,22.229,0.549) [917/84(1000)] dpt:17 [ 2234567.251, 1596376.977, 2475864.000, 35.522%] cutoff:417 AF:0.907
t24:0s(:17.558,15.888,0.461) [777/224(1000)] dpt:12 [ 2726080.960, 1384912.409, 2475864.000, 44.063%] cutoff:278 AF:0.907
t22:1s(:24.591,22.654,0.509) [866/135(1000)] dpt:14 [ 3133908.404, 1695663.018, 2475864.000, 31.512%] cutoff:367 AF:0.907
*42s: GLB=590600.677, best=2475864.000, gap=76.146%, AF=0.907, #solved=4255
t1:0s(:25.444,23.311,0.574) [962/39(1000)] dpt:19 [ 3169600.009, 1847822.915, 2475864.000, 25.367%] cutoff:463 AF:0.907
t31:1s(:23.828,21.780,0.548) [921/80(1000)] dpt:17 [ 2045711.956, 1461292.391, 2475864.000, 40.978%] cutoff:421 AF:0.907
t24:1s(:25.658,23.552,0.582) [1767/234(2000)] dpt:16 [ 2377053.177, 1544800.018, 2475864.000, 37.606%] cutoff:489 AF:0.907
t20:1s(:28.475,26.400,0.549) [958/43(1000)] dpt:19 [ 2656943.153, 1967067.669, 2475864.000, 20.550%] cutoff:459 AF:0.907
*43s: GLB=590600.677, best=2475864.000, gap=76.146%, AF=0.907, #solved=4371
*44s: GLB=590600.677, best=2475864.000, gap=76.146%, AF=0.907, #solved=4427
t19:1s(:23.156,21.240,0.513) [901/100(1000)] dpt:16 [ 2468976.042, 1494352.713, 2475864.000, 39.643%] cutoff:401 AF:0.907
t1:1s(:24.369,22.290,0.558) [966/35(1000)] dpt:20 [ 2059383.161, 1676747.199, 2475864.000, 32.276%] cutoff:466 AF:0.907
t9:1s(:24.346,22.308,0.545) [930/71(1000)] dpt:17 [ 4655427.554, 1936543.300, 2475864.000, 21.783%] cutoff:431 AF:0.907
t24:2s(:32.726,30.264,0.683) [2952/49(3000)] dpt:23 [ 2523992.301, 1917385.346, 2475864.000, 22.557%] cutoff:686 AF:0.907
t11:1s(:27.509,25.546,0.550) [968/33(1000)] dpt:21 [ 3834782.870, 1926805.813, 2475864.000, 22.176%] cutoff:469 AF:0.907
t31:1s(:25.976,23.850,0.571) [963/38(1000)] dpt:20 [ 3539678.911, 1899371.089, 2475864.000, 23.285%] cutoff:464 AF:0.907
*45s: GLB=594940.211, best=2475864.000, gap=75.970%, AF=0.907, #solved=4610
*45s: GLB=594940.211, best=2475864.000, gap=75.970%, AF=0.907, #solved=4623
*45s: GLB=594940.211, best=2475864.000, gap=75.970%, AF=0.907, #solved=4679
*45s: GLB=594940.211, best=2475864.000, gap=75.970%, AF=0.907, #solved=4686
t24:0s(:18.411,16.746,0.459) [816/185(1000)] dpt:12 [ 2835477.165, 1353909.415, 2475864.000, 45.316%] cutoff:317 AF:0.907
*45s: GLB=594940.211, best=2475864.000, gap=75.970%, AF=0.907, #solved=4713
t11:0s(:28.760,26.730,0.537) [966/35(1000)] dpt:20 [ 3566753.666, 1924873.257, 2475864.000, 22.254%] cutoff:467 AF:0.907
*46s: GLB=594940.211, best=2475864.000, gap=75.970%, AF=0.907, #solved=4734
*46s: GLB=594940.211, best=2475864.000, gap=75.970%, AF=0.907, #solved=4775
t30:1s(:23.664,21.759,0.502) [873/128(1000)] dpt:15 [ 2692662.489, 1644048.655, 2475864.000, 33.597%] cutoff:374 AF:0.907
t19:1s(:29.026,26.887,0.573) [966/35(1000)] dpt:21 [ 3824527.107, 1751192.141, 2475864.000, 29.269%] cutoff:467 AF:0.907
t24:1s(:30.268,27.912,0.648) [1921/80(2000)] dpt:19 [ 2503036.818, 1752501.510, 2475864.000, 29.217%] cutoff:605 AF:0.907
*47s: GLB=613617.147, best=2475864.000, gap=75.216%, AF=0.907, #solved=4920
*47s: GLB=613617.147, best=2475864.000, gap=75.216%, AF=0.907, #solved=4989
t31:0s(:18.754,16.870,0.502) [853/148(1000)] dpt:13 [ 2338253.612, 1557357.005, 2475864.000, 37.098%] cutoff:353 AF:0.907
*47s: GLB=635205.287, best=2475864.000, gap=74.344%, AF=0.907, #solved=5073
*48s: GLB=635205.287, best=2475864.000, gap=74.344%, AF=0.907, #solved=5126
t11:1s(:24.943,22.977,0.539) [922/79(1000)] dpt:17 [ 2025546.092, 1745409.686, 2475864.000, 29.503%] cutoff:422 AF:0.907
t24:1s(:19.348,17.717,0.448) [775/226(1000)] dpt:11 [ 1781976.495, 1270647.008, 2475864.000, 48.679%] cutoff:275 AF:0.907
t19:1s(:24.550,22.550,0.533) [922/79(1000)] dpt:16 [ 1828536.434, 1602188.164, 2475864.000, 35.288%] cutoff:422 AF:0.907
*48s: GLB=635205.287, best=2475864.000, gap=74.344%, AF=0.907, #solved=5211
*48s: GLB=635205.287, best=2475864.000, gap=74.344%, AF=0.907, #solved=5253
t30:1s(:27.888,25.918,0.531) [932/69(1000)] dpt:17 [ 2767235.555, 1731053.702, 2475864.000, 30.083%] cutoff:433 AF:0.907
t24:2s(:25.579,23.485,0.583) [1771/230(2000)] dpt:15 [ 3265883.530, 1576213.892, 2475864.000, 36.337%] cutoff:497 AF:0.907
t22:1s(:28.344,26.268,0.549) [951/50(1000)] dpt:19 [ 3092657.377, 1972186.973, 2475864.000, 20.343%] cutoff:452 AF:0.907
t31:0s(:18.240,16.382,0.513) [872/129(1000)] dpt:14 [ 3258817.636, 1559924.504, 2475864.000, 36.995%] cutoff:373 AF:0.907
*50s: GLB=635205.287, best=2475864.000, gap=74.344%, AF=0.907, #solved=5457
t24:3s(:32.234,29.898,0.650) [2898/103(3000)] dpt:21 [ 2268719.669, 1886080.428, 2475864.000, 23.821%] cutoff:626 AF:0.907
t19:1s(:22.603,20.643,0.521) [931/70(1000)] dpt:18 [ 2008845.275, 1890533.115, 2475864.000, 23.641%] cutoff:431 AF:0.907
t11:1s(:29.943,27.925,0.554) [992/9(1000)] dpt:27 [ 2896018.149, 2203356.626, 2475864.000, 11.007%] cutoff:493 AF:0.907
*50s: GLB=635205.287, best=2475864.000, gap=74.344%, AF=0.907, #solved=5609
t30:1s(:28.465,26.431,0.542) [947/54(1000)] dpt:19 [ 2111690.802, 1804058.810, 2475864.000, 27.134%] cutoff:447 AF:0.907
*51s: GLB=635205.287, best=2475864.000, gap=74.344%, AF=0.907, #solved=5667
t24:1s(:20.653,18.691,0.530) [901/100(1000)] dpt:15 [ 2458253.895, 1332598.492, 2475864.000, 46.176%] cutoff:401 AF:0.907
t11:0s(:23.626,21.688,0.513) [920/81(1000)] dpt:17 [ 3288150.409, 1711541.100, 2475864.000, 30.871%] cutoff:421 AF:0.907
*51s: GLB=638380.691, best=2475864.000, gap=74.216%, AF=0.907, #solved=5807
*51s: GLB=638380.691, best=2475864.000, gap=74.216%, AF=0.907, #solved=5815
*52s: GLB=638380.691, best=2475864.000, gap=74.216%, AF=0.907, #solved=5846
t31:1s(:26.945,24.872,0.556) [954/47(1000)] dpt:19 [ 3388877.635, 1790147.010, 2475864.000, 27.696%] cutoff:455 AF:0.907
t19:1s(:24.277,22.196,0.565) [947/54(1000)] dpt:18 [ 3340646.063, 1665655.852, 2475864.000, 32.724%] cutoff:448 AF:0.907
*52s: GLB=654021.926, best=2475864.000, gap=73.584%, AF=0.907, #solved=5949
*52s: GLB=659874.288, best=2475864.000, gap=73.348%, AF=0.907, #solved=5967
t22:1s(:29.010,26.839,0.576) [988/13(1000)] dpt:23 [ 2163364.457, 2139453.313, 2475864.000, 13.588%] cutoff:488 AF:0.907
*52s: GLB=659874.288, best=2475864.000, gap=73.348%, AF=0.907, #solved=6016
*52s: GLB=659874.288, best=2475864.000, gap=73.348%, AF=0.907, #solved=6019
t30:0s(:22.148,20.307,0.482) [835/166(1000)] dpt:13 [ 1887063.897, 1652142.662, 2475864.000, 33.270%] cutoff:335 AF:0.907
t24:1s(:25.429,23.352,0.565) [960/41(1000)] dpt:19 [ 3214577.624, 1704654.350, 2475864.000, 31.149%] cutoff:461 AF:0.907
t19:1s(:28.903,26.730,0.586) [984/17(1000)] dpt:25 [ 4440160.605, 1743645.425, 2475864.000, 29.574%] cutoff:485 AF:0.907
t11:0s(:29.091,26.959,0.569) [970/31(1000)] dpt:20 [ 3156782.618, 1759387.899, 2475864.000, 28.938%] cutoff:471 AF:0.907
t30:2s(:32.596,30.193,0.648) [1942/59(2000)] dpt:21 [ 2354463.846, 2033418.918, 2475864.000, 17.870%] cutoff:607 AF:0.907
*54s: GLB=659874.288, best=2475864.000, gap=73.348%, AF=0.907, #solved=6331
t24:1s(:20.813,19.055,0.484) [820/181(1000)] dpt:12 [ 3235766.339, 1529501.809, 2475864.000, 38.224%] cutoff:321 AF:0.907
t24:2s(:28.970,26.759,0.615) [1847/154(2000)] dpt:18 [ 2830895.079, 1655125.780, 2475864.000, 33.150%] cutoff:527 AF:0.907
t19:0s(:20.080,18.184,0.504) [859/142(1000)] dpt:13 [ 2423629.740, 1465431.814, 2475864.000, 40.811%] cutoff:359 AF:0.907
*55s: GLB=659874.288, best=2475864.000, gap=73.348%, AF=0.907, #solved=6631
*55s: GLB=659874.288, best=2475864.000, gap=73.348%, AF=0.907, #solved=6644
t30:1s(:30.064,28.082,0.523) [919/82(1000)] dpt:17 [ 2459865.207, 1536373.005, 2475864.000, 37.946%] cutoff:419 AF:0.907
*56s: GLB=676972.255, best=2475864.000, gap=72.657%, AF=0.907, #solved=6823
t24:0s(:25.238,23.263,0.547) [974/27(1000)] dpt:20 [ 3799191.713, 1800918.266, 2475864.000, 27.261%] cutoff:475 AF:0.907
*57s: GLB=677470.783, best=2475864.000, gap=72.637%, AF=0.907, #solved=6952
t24:1s(:18.558,16.763,0.489) [848/153(1000)] dpt:13 [ 3012423.225, 1539494.478, 2475864.000, 37.820%] cutoff:349 AF:0.907
*57s: GLB=677470.783, best=2475864.000, gap=72.637%, AF=0.907, #solved=6985
*58s: GLB=677470.783, best=2475864.000, gap=72.637%, AF=0.907, #solved=7102
t30:1s(:25.958,24.064,0.514) [933/68(1000)] dpt:17 [ 1782419.905, 1482877.403, 2475864.000, 40.107%] cutoff:433 AF:0.907
*58s: GLB=677470.783, best=2475864.000, gap=72.637%, AF=0.907, #solved=7116
t24:2s(:27.386,25.044,0.643) [1971/30(2000)] dpt:25 [ 2466235.900, 2159064.527, 2475864.000, 12.796%] cutoff:622 AF:0.907
*59s: GLB=677470.783, best=2475864.000, gap=72.637%, AF=0.907, #solved=7336
t24:1s(:19.728,17.958,0.485) [829/172(1000)] dpt:12 [ 2055834.681, 1336716.489, 2475864.000, 46.010%] cutoff:329 AF:0.907
*59s: GLB=677470.783, best=2475864.000, gap=72.637%, AF=0.907, #solved=7413
t30:1s(:25.697,23.846,0.497) [857/144(1000)] dpt:14 [ 3461073.763, 1320944.707, 2475864.000, 46.647%] cutoff:358 AF:0.907
*59s: GLB=677470.783, best=2475864.000, gap=72.637%, AF=0.907, #solved=7454
t24:1s(:27.754,25.506,0.615) [1870/131(2000)] dpt:18 [ 3867425.993, 1505216.174, 2475864.000, 39.204%] cutoff:542 AF:0.907
*60s: GLB=677470.783, best=2475864.000, gap=72.637%, AF=0.907, #solved=7596
*60s: GLB=677470.783, best=2475864.000, gap=72.637%, AF=0.907, #solved=7635
*60s: GLB=677470.783, best=2475864.000, gap=72.637%, AF=0.907, #solved=7664
*61s: GLB=696799.954, best=2475864.000, gap=71.856%, AF=0.907, #solved=7844
t24:1s(:18.730,16.987,0.463) [779/222(1000)] dpt:12 [ 2216132.682, 1247124.178, 2475864.000, 49.629%] cutoff:279 AF:0.907
*61s: GLB=696799.954, best=2475864.000, gap=71.856%, AF=0.907, #solved=7943
*61s: GLB=696799.954, best=2475864.000, gap=71.856%, AF=0.907, #solved=7947
*61s: GLB=696799.954, best=2475864.000, gap=71.856%, AF=0.907, #solved=7968
t24:2s(:25.096,22.947,0.576) [1777/224(2000)] dpt:16 [ 2821813.849, 1342765.917, 2475864.000, 45.766%] cutoff:499 AF:0.907
t30:1s(:27.854,25.856,0.541) [958/43(1000)] dpt:20 [ 3499638.602, 1607045.285, 2475864.000, 35.092%] cutoff:459 AF:0.907
t24:3s(:29.451,27.056,0.648) [2896/105(3000)] dpt:23 [ 3101281.062, 1616421.875, 2475864.000, 34.713%] cutoff:619 AF:0.907
*63s: GLB=696799.954, best=2475864.000, gap=71.856%, AF=0.907, #solved=8417
*63s: GLB=719104.997, best=2475864.000, gap=70.955%, AF=0.907, #solved=8514
*63s: GLB=719104.997, best=2475864.000, gap=70.955%, AF=0.907, #solved=8556
t30:1s(:20.738,18.932,0.480) [871/130(1000)] dpt:14 [ 2364073.851, 1538743.293, 2475864.000, 37.850%] cutoff:371 AF:0.907
*64s: GLB=719104.997, best=2475864.000, gap=70.955%, AF=0.907, #solved=8606
*64s: GLB=719104.997, best=2475864.000, gap=70.955%, AF=0.907, #solved=8666
*64s: GLB=719104.997, best=2475864.000, gap=70.955%, AF=0.907, #solved=8699
*64s: GLB=719104.997, best=2475864.000, gap=70.955%, AF=0.907, #solved=8740
*64s: GLB=719104.997, best=2475864.000, gap=70.955%, AF=0.907, #solved=8800
t24:1s(:22.836,20.960,0.497) [835/166(1000)] dpt:13 [ 3149253.860, 1282270.819, 2475864.000, 48.209%] cutoff:336 AF:0.907
t30:1s(:24.494,22.565,0.507) [875/126(1000)] dpt:14 [ 2296644.178, 1824496.257, 2475864.000, 26.309%] cutoff:375 AF:0.907
t24:1s(:29.866,27.566,0.620) [1895/106(2000)] dpt:21 [ 2392069.970, 1859233.403, 2475864.000, 24.906%] cutoff:559 AF:0.907
*66s: GLB=719104.997, best=2475864.000, gap=70.955%, AF=0.907, #solved=9120
*66s: GLB=719104.997, best=2475864.000, gap=70.955%, AF=0.907, #solved=9170
*66s: GLB=719104.997, best=2475864.000, gap=70.955%, AF=0.907, #solved=9205
*66s: GLB=725045.686, best=2475864.000, gap=70.715%, AF=0.907, #solved=9309
*66s: GLB=725045.686, best=2475864.000, gap=70.715%, AF=0.907, #solved=9306
t30:0s(:21.272,19.389,0.495) [843/158(1000)] dpt:13 [ 3496562.798, 1461169.268, 2475864.000, 40.983%] cutoff:344 AF:0.907
*67s: GLB=725045.686, best=2475864.000, gap=70.715%, AF=0.907, #solved=9419
*67s: GLB=726456.639, best=2475864.000, gap=70.658%, AF=0.907, #solved=9576
t30:1s(:31.128,28.767,0.639) [1976/25(2000)] dpt:24 [ 3646771.021, 1914347.716, 2475864.000, 22.680%] cutoff:633 AF:0.907
t24:1s(:23.083,21.017,0.565) [985/16(1000)] dpt:21 [ 2256427.714, 2042531.343, 2475864.000, 17.502%] cutoff:485 AF:0.907
*68s: GLB=726456.639, best=2475864.000, gap=70.658%, AF=0.907, #solved=9806
*68s: GLB=726456.639, best=2475864.000, gap=70.658%, AF=0.907, #solved=9844
*68s: GLB=726456.639, best=2475864.000, gap=70.658%, AF=0.907, #solved=9859
*68s: GLB=726456.639, best=2475864.000, gap=70.658%, AF=0.907, #solved=9897
t24:0s(:16.917,15.156,0.482) [843/158(1000)] dpt:13 [ 2569863.236, 1618312.110, 2475864.000, 34.636%] cutoff:344 AF:0.907
*69s: GLB=726456.639, best=2475864.000, gap=70.658%, AF=0.907, #solved=10034
*69s: GLB=726456.639, best=2475864.000, gap=70.658%, AF=0.907, #solved=10049
*69s: GLB=726456.639, best=2475864.000, gap=70.658%, AF=0.907, #solved=10084
t30:1s(:24.853,22.884,0.525) [902/99(1000)] dpt:16 [ 3085991.054, 1505999.284, 2475864.000, 39.173%] cutoff:403 AF:0.907
*70s: GLB=734751.750, best=2475864.000, gap=70.323%, AF=0.907, #solved=10438
*71s: GLB=734933.355, best=2475864.000, gap=70.316%, AF=0.907, #solved=10661
*72s: GLB=734933.355, best=2475864.000, gap=70.316%, AF=0.907, #solved=10859
t24:1s(:31.444,29.351,0.576) [992/9(1000)] dpt:25 [ 3644256.840, 2261405.404, 2475864.000, 8.662%] cutoff:493 AF:0.907
*72s: GLB=736323.974, best=2475864.000, gap=70.260%, AF=0.907, #solved=10926
t30:1s(:27.227,25.235,0.528) [914/87(1000)] dpt:18 [ 3921665.940, 1760576.847, 2475864.000, 28.890%] cutoff:415 AF:0.907
*72s: GLB=736323.974, best=2475864.000, gap=70.260%, AF=0.907, #solved=10982
t24:0s(:19.646,17.876,0.492) [853/148(1000)] dpt:13 [ 2712524.360, 1263648.050, 2475864.000, 48.961%] cutoff:354 AF:0.907
*73s: GLB=736323.974, best=2475864.000, gap=70.260%, AF=0.907, #solved=11212
*73s: GLB=736323.974, best=2475864.000, gap=70.260%, AF=0.907, #solved=11222
*73s: GLB=736323.974, best=2475864.000, gap=70.260%, AF=0.907, #solved=11252
*73s: GLB=736323.974, best=2475864.000, gap=70.260%, AF=0.907, #solved=11265
t24:1s(:28.810,26.563,0.632) [1953/48(2000)] dpt:23 [ 2786490.605, 1638354.674, 2475864.000, 33.827%] cutoff:600 AF:0.907
*73s: GLB=736323.974, best=2475864.000, gap=70.260%, AF=0.907, #solved=11402
*74s: GLB=736323.974, best=2475864.000, gap=70.260%, AF=0.907, #solved=11618
*74s: GLB=736840.310, best=2475864.000, gap=70.239%, AF=0.907, #solved=11671
*74s: GLB=736840.310, best=2475864.000, gap=70.239%, AF=0.907, #solved=11687
t30:0s(:26.870,24.813,0.547) [989/12(1000)] dpt:25 [ 2395432.152, 1888084.865, 2475864.000, 23.740%] cutoff:489 AF:0.907
*74s: GLB=736840.310, best=2475864.000, gap=70.239%, AF=0.907, #solved=11736
t24:1s(:19.877,18.053,0.490) [847/154(1000)] dpt:13 [ 2702783.710, 1292211.428, 2475864.000, 47.808%] cutoff:348 AF:0.907
*75s: GLB=736840.310, best=2475864.000, gap=70.239%, AF=0.907, #solved=11942
*75s: GLB=736840.310, best=2475864.000, gap=70.239%, AF=0.907, #solved=11967
t30:0s(:17.946,16.214,0.475) [814/187(1000)] dpt:12 [ 1781360.461, 1478407.901, 2475864.000, 40.287%] cutoff:314 AF:0.907
*75s: GLB=736840.310, best=2475864.000, gap=70.239%, AF=0.907, #solved=12065
*75s: GLB=736840.310, best=2475864.000, gap=70.239%, AF=0.907, #solved=12106
t24:2s(:28.328,25.973,0.646) [1920/81(2000)] dpt:22 [ 2911861.134, 1795998.181, 2475864.000, 27.460%] cutoff:573 AF:0.907
*76s: GLB=736840.310, best=2475864.000, gap=70.239%, AF=0.907, #solved=12191
*76s: GLB=736840.310, best=2475864.000, gap=70.239%, AF=0.907, #solved=12220
t30:1s(:29.613,27.325,0.626) [1884/117(2000)] dpt:18 [ 1831325.421, 1831325.421, 2475864.000, 26.033%] cutoff:570 AF:0.907
*77s: GLB=736840.310, best=2475864.000, gap=70.239%, AF=0.907, #solved=12490
t24:1s(:23.801,21.692,0.578) [972/29(1000)] dpt:21 [ 2866866.886, 1954578.858, 2475864.000, 21.055%] cutoff:473 AF:0.907
*77s: GLB=736840.310, best=2475864.000, gap=70.239%, AF=0.907, #solved=12572
*77s: GLB=743515.580, best=2475864.000, gap=69.969%, AF=0.907, #solved=12592
*77s: GLB=743515.580, best=2475864.000, gap=69.969%, AF=0.907, #solved=12661
*77s: GLB=743515.580, best=2475864.000, gap=69.969%, AF=0.907, #solved=12688
*77s: GLB=743515.580, best=2475864.000, gap=69.969%, AF=0.907, #solved=12708
t30:1s(:26.085,24.111,0.522) [925/76(1000)] dpt:19 [ 2572810.313, 1539343.839, 2475864.000, 37.826%] cutoff:426 AF:0.907
*78s: GLB=743515.580, best=2475864.000, gap=69.969%, AF=0.907, #solved=12878
*78s: GLB=743515.580, best=2475864.000, gap=69.969%, AF=0.907, #solved=12900
*78s: GLB=743515.580, best=2475864.000, gap=69.969%, AF=0.907, #solved=12915
t24:1s(:19.220,17.437,0.491) [832/169(1000)] dpt:13 [ 1897145.066, 1189956.793, 2475864.000, 51.938%] cutoff:332 AF:0.907
*78s: GLB=743515.580, best=2475864.000, gap=69.969%, AF=0.907, #solved=13049
*79s: GLB=743515.580, best=2475864.000, gap=69.969%, AF=0.907, #solved=13315
t24:2s(:25.868,23.602,0.626) [1885/116(2000)] dpt:20 [ 2251222.270, 1421003.093, 2475864.000, 42.606%] cutoff:553 AF:0.907
t30:1s(:28.964,26.811,0.577) [983/18(1000)] dpt:23 [ 3696784.974, 1968769.466, 2475864.000, 20.482%] cutoff:484 AF:0.907
*80s: GLB=744256.267, best=2475864.000, gap=69.940%, AF=0.907, #solved=13837
*80s: GLB=744256.267, best=2475864.000, gap=69.940%, AF=0.907, #solved=13965
*80s: GLB=744256.267, best=2475864.000, gap=69.940%, AF=0.907, #solved=13976
t24:0s(:18.725,16.968,0.477) [806/195(1000)] dpt:12 [ 3295377.727, 1132394.296, 2475864.000, 54.263%] cutoff:307 AF:0.907
*81s: GLB=744256.267, best=2475864.000, gap=69.940%, AF=0.907, #solved=14083
*81s: GLB=744256.267, best=2475864.000, gap=69.940%, AF=0.907, #solved=14157
*81s: GLB=744256.267, best=2475864.000, gap=69.940%, AF=0.907, #solved=14169
*81s: GLB=744256.267, best=2475864.000, gap=69.940%, AF=0.907, #solved=14226
t24:1s(:25.572,23.396,0.594) [1849/152(2000)] dpt:18 [ 3327639.132, 1596359.720, 2475864.000, 35.523%] cutoff:543 AF:0.907
*82s: GLB=744256.267, best=2475864.000, gap=69.940%, AF=0.907, #solved=14512
*82s: GLB=744256.267, best=2475864.000, gap=69.940%, AF=0.907, #solved=14521
*82s: GLB=744256.267, best=2475864.000, gap=69.940%, AF=0.907, #solved=14583
*82s: GLB=746466.678, best=2475864.000, gap=69.850%, AF=0.907, #solved=14694
*82s: GLB=746466.678, best=2475864.000, gap=69.850%, AF=0.907, #solved=14740
*82s: GLB=746466.678, best=2475864.000, gap=69.850%, AF=0.907, #solved=14850
*83s: GLB=746466.678, best=2475864.000, gap=69.850%, AF=0.907, #solved=14964
*83s: GLB=746466.678, best=2475864.000, gap=69.850%, AF=0.907, #solved=14966
t24:1s(:24.031,21.980,0.545) [924/77(1000)] dpt:16 [ 2697420.408, 1528196.753, 2475864.000, 38.276%] cutoff:425 AF:0.907
*83s: GLB=746466.678, best=2475864.000, gap=69.850%, AF=0.907, #solved=15182
*83s: GLB=746466.678, best=2475864.000, gap=69.850%, AF=0.907, #solved=15196
*83s: GLB=746466.678, best=2475864.000, gap=69.850%, AF=0.907, #solved=15254
*83s: GLB=746466.678, best=2475864.000, gap=69.850%, AF=0.907, #solved=15256
*84s: GLB=748353.018, best=2475864.000, gap=69.774%, AF=0.907, #solved=15404
*84s: GLB=748353.018, best=2475864.000, gap=69.774%, AF=0.907, #solved=15417
*84s: GLB=748353.018, best=2475864.000, gap=69.774%, AF=0.907, #solved=15452
*84s: GLB=748353.018, best=2475864.000, gap=69.774%, AF=0.907, #solved=15512
*84s: GLB=748353.018, best=2475864.000, gap=69.774%, AF=0.907, #solved=15609
*84s: GLB=748353.018, best=2475864.000, gap=69.774%, AF=0.907, #solved=15653
t24:0s(:22.006,20.149,0.513) [878/123(1000)] dpt:14 [ 3443526.689, 1607585.553, 2475864.000, 35.070%] cutoff:379 AF:0.907
*84s: GLB=748353.018, best=2475864.000, gap=69.774%, AF=0.907, #solved=15709
*84s: GLB=748353.018, best=2475864.000, gap=69.774%, AF=0.907, #solved=15793
*85s: GLB=748353.018, best=2475864.000, gap=69.774%, AF=0.907, #solved=15879
*85s: GLB=748353.018, best=2475864.000, gap=69.774%, AF=0.907, #solved=15897
*86s: GLB=749841.490, best=2475864.000, gap=69.714%, AF=0.907, #solved=16353
*86s: GLB=749841.490, best=2475864.000, gap=69.714%, AF=0.907, #solved=16412
*87s: GLB=754054.798, best=2475864.000, gap=69.544%, AF=0.907, #solved=16915
*87s: GLB=754054.798, best=2475864.000, gap=69.544%, AF=0.907, #solved=16935
t24:1s(:19.832,17.977,0.496) [843/158(1000)] dpt:13 [ 2701152.829, 1366047.548, 2475864.000, 44.825%] cutoff:344 AF:0.907
*87s: GLB=754054.798, best=2475864.000, gap=69.544%, AF=0.907, #solved=17086
*87s: GLB=754054.798, best=2475864.000, gap=69.544%, AF=0.907, #solved=17347
*88s: GLB=754054.798, best=2475864.000, gap=69.544%, AF=0.907, #solved=17422
*88s: GLB=754054.798, best=2475864.000, gap=69.544%, AF=0.907, #solved=17463
*88s: GLB=754054.798, best=2475864.000, gap=69.544%, AF=0.907, #solved=17481
t24:2s(:27.333,25.079,0.609) [1926/75(2000)] dpt:22 [ 3440535.127, 1622882.749, 2475864.000, 34.452%] cutoff:583 AF:0.907
*88s: GLB=754054.798, best=2475864.000, gap=69.544%, AF=0.907, #solved=17570
*88s: GLB=754054.798, best=2475864.000, gap=69.544%, AF=0.907, #solved=17610
*88s: GLB=754054.798, best=2475864.000, gap=69.544%, AF=0.907, #solved=17676
*88s: GLB=754054.798, best=2475864.000, gap=69.544%, AF=0.907, #solved=17947
*89s: GLB=754054.798, best=2475864.000, gap=69.544%, AF=0.907, #solved=17970
*89s: GLB=754054.798, best=2475864.000, gap=69.544%, AF=0.907, #solved=17994
*89s: GLB=754054.798, best=2475864.000, gap=69.544%, AF=0.907, #solved=18094
t24:1s(:26.918,24.742,0.582) [968/33(1000)] dpt:20 [ 2085448.122, 2003574.350, 2475864.000, 19.076%] cutoff:468 AF:0.907
*89s: GLB=754054.798, best=2475864.000, gap=69.544%, AF=0.907, #solved=18173
*89s: GLB=754054.798, best=2475864.000, gap=69.544%, AF=0.907, #solved=18194
*89s: GLB=754349.268, best=2475864.000, gap=69.532%, AF=0.907, #solved=18280
*89s: GLB=754349.268, best=2475864.000, gap=69.532%, AF=0.907, #solved=18410
*89s: GLB=754349.268, best=2475864.000, gap=69.532%, AF=0.907, #solved=18422
*89s: GLB=754349.268, best=2475864.000, gap=69.532%, AF=0.907, #solved=18427
*89s: GLB=754349.268, best=2475864.000, gap=69.532%, AF=0.907, #solved=18454
*89s: GLB=754349.268, best=2475864.000, gap=69.532%, AF=0.907, #solved=18504
*89s: GLB=754349.268, best=2475864.000, gap=69.532%, AF=0.907, #solved=18560
*90s: GLB=754349.268, best=2475864.000, gap=69.532%, AF=0.907, #solved=18646
*90s: GLB=754349.268, best=2475864.000, gap=69.532%, AF=0.907, #solved=18695
*90s: GLB=759047.873, best=2475864.000, gap=69.342%, AF=0.907, #solved=18716
*90s: GLB=759047.873, best=2475864.000, gap=69.342%, AF=0.907, #solved=18951
*90s: GLB=759047.873, best=2475864.000, gap=69.342%, AF=0.907, #solved=18959
*90s: GLB=759047.873, best=2475864.000, gap=69.342%, AF=0.907, #solved=18991
*91s: GLB=759047.873, best=2475864.000, gap=69.342%, AF=0.907, #solved=19456
t24:1s(:24.997,23.148,0.502) [857/144(1000)] dpt:14 [ 2509300.875, 1428952.255, 2475864.000, 42.285%] cutoff:358 AF:0.907
*91s: GLB=759047.873, best=2475864.000, gap=69.342%, AF=0.907, #solved=19817
*91s: GLB=759047.873, best=2475864.000, gap=69.342%, AF=0.907, #solved=20000
*91s: GLB=759047.873, best=2475864.000, gap=69.342%, AF=0.907, #solved=20034
*92s: GLB=759047.873, best=2475864.000, gap=69.342%, AF=0.907, #solved=20215
*92s: GLB=759047.873, best=2475864.000, gap=69.342%, AF=0.907, #solved=20353
*92s: GLB=759047.873, best=2475864.000, gap=69.342%, AF=0.907, #solved=20404
*92s: GLB=762190.396, best=2475864.000, gap=69.215%, AF=0.907, #solved=20470
*92s: GLB=762190.396, best=2475864.000, gap=69.215%, AF=0.907, #solved=20600
*92s: GLB=762190.396, best=2475864.000, gap=69.215%, AF=0.907, #solved=20725
*92s: GLB=762190.396, best=2475864.000, gap=69.215%, AF=0.907, #solved=20846
t24:1s(:22.884,20.916,0.523) [872/129(1000)] dpt:14 [ 2721214.540, 1469733.773, 2475864.000, 40.638%] cutoff:373 AF:0.907
*93s: GLB=762190.396, best=2475864.000, gap=69.215%, AF=0.907, #solved=21068
*93s: GLB=762190.396, best=2475864.000, gap=69.215%, AF=0.907, #solved=21090
*93s: GLB=762190.396, best=2475864.000, gap=69.215%, AF=0.907, #solved=21113
*93s: GLB=762190.396, best=2475864.000, gap=69.215%, AF=0.907, #solved=21128
*93s: GLB=762190.396, best=2475864.000, gap=69.215%, AF=0.907, #solved=21160
*93s: GLB=762190.396, best=2475864.000, gap=69.215%, AF=0.907, #solved=21225
*93s: GLB=762190.396, best=2475864.000, gap=69.215%, AF=0.907, #solved=21383
*93s: GLB=762190.396, best=2475864.000, gap=69.215%, AF=0.907, #solved=21402
*93s: GLB=762190.396, best=2475864.000, gap=69.215%, AF=0.907, #solved=21465
*93s: GLB=762190.396, best=2475864.000, gap=69.215%, AF=0.907, #solved=21472
*93s: GLB=762190.396, best=2475864.000, gap=69.215%, AF=0.907, #solved=21522
*93s: GLB=762190.396, best=2475864.000, gap=69.215%, AF=0.907, #solved=21538
*93s: GLB=762190.396, best=2475864.000, gap=69.215%, AF=0.907, #solved=21657
*93s: GLB=762190.396, best=2475864.000, gap=69.215%, AF=0.907, #solved=21663
*93s: GLB=762190.396, best=2475864.000, gap=69.215%, AF=0.907, #solved=21744
*93s: GLB=762190.396, best=2475864.000, gap=69.215%, AF=0.907, #solved=21767
*93s: GLB=762190.396, best=2475864.000, gap=69.215%, AF=0.907, #solved=21792
*93s: GLB=762190.396, best=2475864.000, gap=69.215%, AF=0.907, #solved=21829
*94s: GLB=762190.396, best=2475864.000, gap=69.215%, AF=0.907, #solved=21909
*94s: GLB=762190.396, best=2475864.000, gap=69.215%, AF=0.907, #solved=22138
*94s: GLB=762190.396, best=2475864.000, gap=69.215%, AF=0.907, #solved=22653
t24:1s(:29.242,27.056,0.586) [965/36(1000)] dpt:21 [ 2366786.961, 1810653.291, 2475864.000, 26.868%] cutoff:465 AF:0.907
*95s: GLB=762190.396, best=2475864.000, gap=69.215%, AF=0.907, #solved=23184
*95s: GLB=763138.652, best=2475864.000, gap=69.177%, AF=0.907, #solved=23256
*95s: GLB=763138.652, best=2475864.000, gap=69.177%, AF=0.907, #solved=23322
*95s: GLB=763138.652, best=2475864.000, gap=69.177%, AF=0.907, #solved=23328
*95s: GLB=763138.652, best=2475864.000, gap=69.177%, AF=0.907, #solved=23367
*95s: GLB=763138.652, best=2475864.000, gap=69.177%, AF=0.907, #solved=23452
*95s: GLB=763138.652, best=2475864.000, gap=69.177%, AF=0.907, #solved=23513
*95s: GLB=763138.652, best=2475864.000, gap=69.177%, AF=0.907, #solved=23824
*95s: GLB=763138.652, best=2475864.000, gap=69.177%, AF=0.907, #solved=23916
*95s: GLB=763138.652, best=2475864.000, gap=69.177%, AF=0.907, #solved=23949
*95s: GLB=763138.652, best=2475864.000, gap=69.177%, AF=0.907, #solved=23970
*95s: GLB=763138.652, best=2475864.000, gap=69.177%, AF=0.907, #solved=24077
*96s: GLB=763138.652, best=2475864.000, gap=69.177%, AF=0.907, #solved=24201
*96s: GLB=763138.652, best=2475864.000, gap=69.177%, AF=0.907, #solved=24334
*96s: GLB=763138.652, best=2475864.000, gap=69.177%, AF=0.907, #solved=24337
*96s: GLB=763138.652, best=2475864.000, gap=69.177%, AF=0.907, #solved=24394
*96s: GLB=763138.652, best=2475864.000, gap=69.177%, AF=0.907, #solved=24400
*96s: GLB=763138.652, best=2475864.000, gap=69.177%, AF=0.907, #solved=24439
*96s: GLB=763138.652, best=2475864.000, gap=69.177%, AF=0.907, #solved=24504
*96s: GLB=763138.652, best=2475864.000, gap=69.177%, AF=0.907, #solved=24511
*96s: GLB=763138.652, best=2475864.000, gap=69.177%, AF=0.907, #solved=24674
*96s: GLB=763138.652, best=2475864.000, gap=69.177%, AF=0.907, #solved=24771
*96s: GLB=763138.652, best=2475864.000, gap=69.177%, AF=0.907, #solved=24786
t24:1s(:25.658,23.673,0.543) [930/71(1000)] dpt:18 [ 3843066.824, 1586299.892, 2475864.000, 35.929%] cutoff:431 AF:0.907
*96s: GLB=763138.652, best=2475864.000, gap=69.177%, AF=0.907, #solved=24808
*96s: GLB=763138.652, best=2475864.000, gap=69.177%, AF=0.907, #solved=24818
*96s: GLB=763138.652, best=2475864.000, gap=69.177%, AF=0.907, #solved=24845
*96s: GLB=763138.652, best=2475864.000, gap=69.177%, AF=0.907, #solved=24936
*96s: GLB=763138.652, best=2475864.000, gap=69.177%, AF=0.907, #solved=24943
*96s: GLB=763138.652, best=2475864.000, gap=69.177%, AF=0.907, #solved=25018
*96s: GLB=763138.652, best=2475864.000, gap=69.177%, AF=0.907, #solved=25167
*97s: GLB=763841.337, best=2475864.000, gap=69.148%, AF=0.907, #solved=25896
*97s: GLB=763841.337, best=2475864.000, gap=69.148%, AF=0.907, #solved=26361
*97s: GLB=763841.337, best=2475864.000, gap=69.148%, AF=0.907, #solved=26468
*97s: GLB=763841.337, best=2475864.000, gap=69.148%, AF=0.907, #solved=26640
*97s: GLB=763841.337, best=2475864.000, gap=69.148%, AF=0.907, #solved=26657
*97s: GLB=763841.337, best=2475864.000, gap=69.148%, AF=0.907, #solved=26696
*97s: GLB=763841.337, best=2475864.000, gap=69.148%, AF=0.907, #solved=26751
*97s: GLB=763841.337, best=2475864.000, gap=69.148%, AF=0.907, #solved=26798
*97s: GLB=763841.337, best=2475864.000, gap=69.148%, AF=0.907, #solved=26843
*97s: GLB=763841.337, best=2475864.000, gap=69.148%, AF=0.907, #solved=26965
*97s: GLB=763841.337, best=2475864.000, gap=69.148%, AF=0.907, #solved=27002
*97s: GLB=764175.073, best=2475864.000, gap=69.135%, AF=0.907, #solved=27135
*97s: GLB=764175.073, best=2475864.000, gap=69.135%, AF=0.907, #solved=27204
*97s: GLB=764175.073, best=2475864.000, gap=69.135%, AF=0.907, #solved=27279
*97s: GLB=764175.073, best=2475864.000, gap=69.135%, AF=0.907, #solved=27333
*97s: GLB=764175.073, best=2475864.000, gap=69.135%, AF=0.907, #solved=27346
*97s: GLB=764175.073, best=2475864.000, gap=69.135%, AF=0.907, #solved=27503
*97s: GLB=764175.073, best=2475864.000, gap=69.135%, AF=0.907, #solved=27572
*97s: GLB=764175.073, best=2475864.000, gap=69.135%, AF=0.907, #solved=27572
*97s: GLB=764175.073, best=2475864.000, gap=69.135%, AF=0.907, #solved=27666
*97s: GLB=764175.073, best=2475864.000, gap=69.135%, AF=0.907, #solved=27732
*97s: GLB=764175.073, best=2475864.000, gap=69.135%, AF=0.907, #solved=27772
*97s: GLB=764175.073, best=2475864.000, gap=69.135%, AF=0.907, #solved=27806
*97s: GLB=764175.073, best=2475864.000, gap=69.135%, AF=0.907, #solved=27848
*97s: GLB=764175.073, best=2475864.000, gap=69.135%, AF=0.907, #solved=27893
*97s: GLB=764175.073, best=2475864.000, gap=69.135%, AF=0.907, #solved=27897
*97s: GLB=764175.073, best=2475864.000, gap=69.135%, AF=0.907, #solved=27922
*97s: GLB=764175.073, best=2475864.000, gap=69.135%, AF=0.907, #solved=27975
t24:1s(:23.167,21.488,0.453) [914/87(1000)] dpt:16 [ 3838443.381, 1455256.833, 2475864.000, 41.222%] cutoff:415 AF:0.907
t24:0s(:0.062,0.054,0.001) [945/56(1000)] dpt:19 [ 3196787.259, 1753274.919, 2475864.000, 29.185%] cutoff:446 AF:0.907
t24:0s(:0.049,0.043,0.001) [849/152(1000)] dpt:13 [ 3149593.027, 1536637.912, 2475864.000, 37.935%] cutoff:350 AF:0.907
t24:0s(:0.067,0.059,0.001) [1901/100(2000)] dpt:20 [ 2216304.155, 1801887.775, 2475864.000, 27.222%] cutoff:551 AF:0.907
t24:0s(:0.052,0.045,0.001) [859/142(1000)] dpt:13 [ 3307863.275, 1446567.997, 2475864.000, 41.573%] cutoff:360 AF:0.907
t24:0s(:0.067,0.059,0.001) [1933/68(2000)] dpt:23 [ 2408098.602, 2058841.604, 2475864.000, 16.844%] cutoff:573 AF:0.907
t24:0s(:0.061,0.053,0.001) [927/74(1000)] dpt:18 [ 2212633.732, 1911144.581, 2475864.000, 22.809%] cutoff:427 AF:0.907
t24:0s(:0.049,0.043,0.001) [910/91(1000)] dpt:16 [ 2898242.899, 1453537.553, 2475864.000, 41.292%] cutoff:411 AF:0.907
t24:0s(:0.049,0.042,0.001) [855/146(1000)] dpt:13 [ 2126620.652, 1369656.277, 2475864.000, 44.680%] cutoff:355 AF:0.907
t24:0s(:0.062,0.054,0.001) [1928/73(2000)] dpt:23 [ 3758472.751, 1710006.988, 2475864.000, 30.933%] cutoff:574 AF:0.907
t24:0s(:0.055,0.048,0.001) [898/103(1000)] dpt:16 [ 3282652.019, 1285794.262, 2475864.000, 48.067%] cutoff:399 AF:0.907
t24:0s(:0.053,0.046,0.001) [873/128(1000)] dpt:14 [ 2436470.474, 1231929.410, 2475864.000, 50.242%] cutoff:373 AF:0.907
t24:0s(:0.068,0.059,0.001) [1993/8(2000)] dpt:31 [ 5081124.967, 2251684.003, 2475864.000, 9.055%] cutoff:621 AF:0.907
t24:0s(:0.052,0.045,0.001) [898/103(1000)] dpt:16 [ 2801089.455, 1546589.805, 2475864.000, 37.533%] cutoff:399 AF:0.907
t24:0s(:0.051,0.043,0.001) [948/53(1000)] dpt:17 [ 2476937.917, 1554965.676, 2475864.000, 37.195%] cutoff:449 AF:0.907
t24:0s(:0.049,0.042,0.001) [842/159(1000)] dpt:13 [ 2890392.056, 1451976.547, 2475864.000, 41.355%] cutoff:343 AF:0.907
t24:0s(:0.066,0.058,0.001) [1912/89(2000)] dpt:21 [ 4023888.849, 1881196.814, 2475864.000, 24.019%] cutoff:570 AF:0.907
t24:0s(:0.061,0.054,0.001) [924/77(1000)] dpt:17 [ 1701619.054, 1701619.054, 2475864.000, 31.272%] cutoff:424 AF:0.907
End

SVPSOLVER found an optimal solution

time: 99s
best value: 2475864.000
norm: 1573.488
AF: 0.907
Nodes: 3378570
best solution:
 0: 1.000
