Bounds: 
x_0: [ -10.000, 10.000]
x_1: [ -17.000, 17.000]
x_2: [ -13.000, 13.000]
x_3: [ -10.000, 10.000]
x_4: [ -12.000, 12.000]
x_5: [ -10.000, 10.000]
x_6: [ -15.000, 15.000]
x_7: [ -8.000, 8.000]
x_8: [ -13.000, 13.000]
x_9: [ -12.000, 12.000]
x_10: [ -7.000, 7.000]
x_11: [ -11.000, 11.000]
x_12: [ -5.000, 5.000]
x_13: [ -8.000, 8.000]
x_14: [ -4.000, 4.000]
x_15: [ -6.000, 6.000]
x_16: [ -7.000, 7.000]
x_17: [ -7.000, 7.000]
x_18: [ -7.000, 7.000]
x_19: [ -4.000, 4.000]
x_20: [ -7.000, 7.000]
x_21: [ -4.000, 4.000]
x_22: [ -5.000, 5.000]
x_23: [ -3.000, 3.000]
x_24: [ -4.000, 4.000]
x_25: [ -3.000, 3.000]
x_26: [ -4.000, 4.000]
x_27: [ -5.000, 5.000]
x_28: [ -5.000, 5.000]
x_29: [ -4.000, 4.000]
x_30: [ -5.000, 5.000]
x_31: [ -3.000, 3.000]
x_32: [ -4.000, 4.000]
x_33: [ -3.000, 3.000]
x_34: [ -3.000, 3.000]
x_35: [ -4.000, 4.000]
x_36: [ -4.000, 4.000]
x_37: [ -3.000, 3.000]
x_38: [ -3.000, 3.000]
x_39: [ -3.000, 3.000]
x_40: [ -3.000, 3.000]
x_41: [ -2.000, 2.000]
x_42: [ -2.000, 2.000]
x_43: [ -3.000, 3.000]
x_44: [ -2.000, 2.000]
1s(:0.068,0.056,0.001) [500/501(1000)] dpt:8 [ 965859.945, 309526.271, 2393933.000, 87.070%] cutoff:0 AF:0.882
1s(:0.048,0.042,0.000) [1001/1000(2000)] dpt:9 [ 1334043.917, 309526.271, 2393933.000, 87.070%] cutoff:1 AF:0.882
1s(:0.039,0.033,0.000) [1506/1495(3000)] dpt:10 [ 1301029.082, 309526.271, 2393933.000, 87.070%] cutoff:5 AF:0.882
1s(:0.039,0.034,0.000) [2008/1993(4000)] dpt:10 [ 1986555.481, 309526.271, 2393933.000, 87.070%] cutoff:2 AF:0.882
1s(:0.032,0.027,0.000) [2528/2473(5000)] dpt:11 [ 1945360.837, 309526.271, 2393933.000, 87.070%] cutoff:20 AF:0.882
1s(:0.034,0.029,0.000) [3049/2952(6000)] dpt:11 [ 1281762.164, 309526.271, 2393933.000, 87.070%] cutoff:21 AF:0.882
1s(:0.039,0.035,0.000) [3562/3439(7000)] dpt:11 [ 1941402.604, 309526.271, 2393933.000, 87.070%] cutoff:13 AF:0.882
1s(:0.037,0.032,0.000) [4065/3936(8000)] dpt:11 [ 2237693.505, 309526.271, 2393933.000, 87.070%] cutoff:3 AF:0.882
1s(:0.033,0.028,0.000) [4624/4377(9000)] dpt:12 [ 2544192.571, 309526.271, 2393933.000, 87.070%] cutoff:60 AF:0.882
Sorting Time: 0.001s
1s(:0.037,0.031,0.000) [7159/4842(10000)] dpt:12 [ 309526.271, 309526.271, 2393933.000, 87.070%] cutoff:34 AF:0.882
1s(:0.038,0.033,0.000) [8823/5342(11000)] dpt:13 [ 1752835.370, 309526.271, 2393933.000, 87.070%] cutoff:0 AF:0.882
1s(:0.036,0.031,0.000) [7245/5842(12000)] dpt:12 [ 1170469.924, 309526.271, 2393933.000, 87.070%] cutoff:0 AF:0.882
1s(:0.036,0.031,0.000) [7367/6342(13000)] dpt:12 [ 1313441.996, 309526.271, 2393933.000, 87.070%] cutoff:0 AF:0.882
1s(:0.035,0.030,0.000) [8119/6842(14000)] dpt:13 [ 1465582.152, 309526.271, 2393933.000, 87.070%] cutoff:0 AF:0.882
1s(:0.035,0.030,0.000) [5211/7336(15000)] dpt:12 [ 1573911.327, 309526.271, 2393933.000, 87.070%] cutoff:6 AF:0.882
1s(:0.037,0.032,0.000) [5680/7833(16000)] dpt:12 [ 1904698.556, 309526.271, 2393933.000, 87.070%] cutoff:3 AF:0.882
1s(:0.035,0.029,0.000) [7599/8316(17000)] dpt:12 [ 1874518.908, 309526.271, 2393933.000, 87.070%] cutoff:17 AF:0.882
1s(:0.041,0.035,0.000) [6438/8723(18000)] dpt:12 [ 2343975.503, 309526.271, 2393933.000, 87.070%] cutoff:93 AF:0.882
1s(:0.051,0.044,0.000) [10077/8924(19000)] dpt:13 [ 739114.281, 309526.271, 2393933.000, 87.070%] cutoff:299 AF:0.882
Sorting Time: 0.001s
1s(:0.034,0.028,0.000) [18851/9424(20000)] dpt:14 [ 309526.271, 309526.271, 2393933.000, 87.070%] cutoff:0 AF:0.882
1s(:0.032,0.028,0.000) [19807/9924(21000)] dpt:14 [ 976034.790, 309526.271, 2393933.000, 87.070%] cutoff:0 AF:0.882
1s(:0.030,0.026,0.000) [11463/10424(22000)] dpt:13 [ 1422604.842, 309526.271, 2393933.000, 87.070%] cutoff:0 AF:0.882
1s(:0.030,0.026,0.000) [12223/10924(23000)] dpt:13 [ 1224667.792, 309526.271, 2393933.000, 87.070%] cutoff:0 AF:0.882
1s(:0.031,0.027,0.000) [12834/11423(24000)] dpt:13 [ 1494105.740, 309526.271, 2393933.000, 87.070%] cutoff:1 AF:0.882
1s(:0.030,0.026,0.000) [11172/11915(25000)] dpt:13 [ 1692176.576, 309526.271, 2393933.000, 87.070%] cutoff:8 AF:0.882
1s(:0.030,0.026,0.000) [13715/12412(26000)] dpt:14 [ 1466005.118, 309526.271, 2393933.000, 87.070%] cutoff:3 AF:0.882
1s(:0.031,0.027,0.000) [13046/12909(27000)] dpt:13 [ 1580211.877, 309526.271, 2393933.000, 87.070%] cutoff:3 AF:0.882
2s(:0.029,0.025,0.000) [15101/13402(28000)] dpt:13 [ 1809959.557, 309526.271, 2393933.000, 87.070%] cutoff:7 AF:0.882
2s(:0.031,0.026,0.000) [14150/13893(29000)] dpt:14 [ 1728434.113, 309526.271, 2393933.000, 87.070%] cutoff:9 AF:0.882
Sorting Time: 0.002s
2s(:0.033,0.027,0.000) [20001/14379(30000)] dpt:15 [ 586463.520, 309526.271, 2393933.000, 87.070%] cutoff:14 AF:0.882
2s(:0.033,0.028,0.000) [20084/14878(31000)] dpt:15 [ 1244857.517, 309526.271, 2393933.000, 87.070%] cutoff:1 AF:0.882
2s(:0.032,0.028,0.000) [21932/15378(32000)] dpt:15 [ 1079055.689, 309526.271, 2393933.000, 87.070%] cutoff:0 AF:0.882
2s(:0.031,0.026,0.000) [22113/15877(33000)] dpt:14 [ 1559728.662, 309526.271, 2393933.000, 87.070%] cutoff:1 AF:0.882
2s(:0.033,0.028,0.000) [23054/16376(34000)] dpt:15 [ 1312112.656, 309526.271, 2393933.000, 87.070%] cutoff:1 AF:0.882
2s(:0.031,0.027,0.000) [24279/16873(35000)] dpt:14 [ 1672362.403, 309526.271, 2393933.000, 87.070%] cutoff:3 AF:0.882
2s(:0.032,0.027,0.000) [24435/17371(36000)] dpt:14 [ 1371855.180, 309526.271, 2393933.000, 87.070%] cutoff:2 AF:0.882
2s(:0.032,0.027,0.000) [24813/17867(37000)] dpt:15 [ 2305579.758, 309526.271, 2393933.000, 87.070%] cutoff:4 AF:0.882
2s(:0.032,0.028,0.000) [21618/18358(38000)] dpt:15 [ 1478714.123, 309526.271, 2393933.000, 87.070%] cutoff:9 AF:0.882
2s(:0.032,0.027,0.000) [22413/18853(39000)] dpt:15 [ 1525115.036, 309526.271, 2393933.000, 87.070%] cutoff:5 AF:0.882
Sorting Time: 0.003s
2s(:0.035,0.028,0.000) [30003/19343(40000)] dpt:16 [ 703529.981, 309526.271, 2393933.000, 87.070%] cutoff:10 AF:0.882
2s(:0.033,0.028,0.000) [30481/19843(41000)] dpt:17 [ 1409249.224, 309526.271, 2393933.000, 87.070%] cutoff:0 AF:0.882
2s(:0.033,0.029,0.000) [31821/20343(42000)] dpt:15 [ 1230579.809, 309526.271, 2393933.000, 87.070%] cutoff:0 AF:0.882
2s(:0.034,0.029,0.000) [32848/20842(43000)] dpt:15 [ 1189710.419, 309526.271, 2393933.000, 87.070%] cutoff:1 AF:0.882
2s(:0.033,0.028,0.000) [33710/21340(44000)] dpt:17 [ 1435143.731, 309526.271, 2393933.000, 87.070%] cutoff:2 AF:0.882
2s(:0.034,0.029,0.000) [34035/21839(45000)] dpt:15 [ 1496342.607, 309526.271, 2393933.000, 87.070%] cutoff:1 AF:0.882
2s(:0.033,0.028,0.000) [31554/22334(46000)] dpt:15 [ 1404537.821, 309526.271, 2393933.000, 87.070%] cutoff:5 AF:0.882
2s(:0.033,0.029,0.000) [36084/22830(47000)] dpt:16 [ 1444141.581, 309526.271, 2393933.000, 87.070%] cutoff:4 AF:0.882
2s(:0.033,0.028,0.000) [36338/23322(48000)] dpt:16 [ 1797099.680, 309526.271, 2393933.000, 87.070%] cutoff:8 AF:0.882
2s(:0.033,0.028,0.000) [36564/23818(49000)] dpt:15 [ 1534010.427, 309526.271, 2393933.000, 87.070%] cutoff:4 AF:0.882
Sorting Time: 0.003s
2s(:0.035,0.027,0.000) [40003/24310(50000)] dpt:17 [ 543732.826, 309526.271, 2393933.000, 87.070%] cutoff:8 AF:0.882
2s(:0.033,0.029,0.000) [41143/24810(51000)] dpt:18 [ 1363827.290, 309526.271, 2393933.000, 87.070%] cutoff:0 AF:0.882
2s(:0.034,0.030,0.000) [42008/25309(52000)] dpt:17 [ 1943018.380, 309526.271, 2393933.000, 87.070%] cutoff:1 AF:0.882
2s(:0.035,0.030,0.000) [42629/25806(53000)] dpt:17 [ 1299330.748, 309526.271, 2393933.000, 87.070%] cutoff:3 AF:0.882
2s(:0.034,0.029,0.000) [43922/26303(54000)] dpt:16 [ 1437360.502, 309526.271, 2393933.000, 87.070%] cutoff:3 AF:0.882
2s(:0.034,0.028,0.000) [44913/26802(55000)] dpt:16 [ 1286518.862, 309526.271, 2393933.000, 87.070%] cutoff:1 AF:0.882
2s(:0.033,0.028,0.000) [44743/27298(56000)] dpt:17 [ 1707350.795, 309526.271, 2393933.000, 87.070%] cutoff:4 AF:0.882
2s(:0.033,0.028,0.000) [46367/27792(57000)] dpt:16 [ 1521815.955, 309526.271, 2393933.000, 87.070%] cutoff:6 AF:0.882
3s(:0.039,0.031,0.001) [42372/28285(58000)] dpt:16 [ 1410604.181, 309526.271, 2393933.000, 87.070%] cutoff:7 AF:0.882
3s(:0.034,0.029,0.000) [48141/28778(59000)] dpt:16 [ 1446524.075, 309526.271, 2393933.000, 87.070%] cutoff:7 AF:0.882
Sorting Time: 0.004s
3s(:0.038,0.029,0.000) [50003/29266(60000)] dpt:18 [ 540404.247, 309526.271, 2393933.000, 87.070%] cutoff:12 AF:0.882
3s(:0.036,0.031,0.000) [51124/29765(61000)] dpt:18 [ 990087.203, 309526.271, 2393933.000, 87.070%] cutoff:1 AF:0.882
Parallel mode ----------------------------------------------------------------------------------------
*3s: GLB=309526.271, best=2393933.000, gap=87.070%, AF=0.882, #solved=1
*3s: GLB=309526.271, best=2393933.000, gap=87.070%, AF=0.882, #solved=2
*3s: GLB=309526.271, best=2393933.000, gap=87.070%, AF=0.882, #solved=3
*3s: GLB=309526.271, best=2393933.000, gap=87.070%, AF=0.882, #solved=4
*3s: GLB=309526.271, best=2393933.000, gap=87.070%, AF=0.882, #solved=5
*3s: GLB=309526.271, best=2393933.000, gap=87.070%, AF=0.882, #solved=6
*3s: GLB=309526.271, best=2393933.000, gap=87.070%, AF=0.882, #solved=7
*3s: GLB=309526.271, best=2393933.000, gap=87.070%, AF=0.882, #solved=8
*3s: GLB=309526.271, best=2393933.000, gap=87.070%, AF=0.882, #solved=10
*3s: GLB=309526.271, best=2393933.000, gap=87.070%, AF=0.882, #solved=9
*3s: GLB=309526.271, best=2393933.000, gap=87.070%, AF=0.882, #solved=13
*3s: GLB=309526.271, best=2393933.000, gap=87.070%, AF=0.882, #solved=15
*3s: GLB=309526.271, best=2393933.000, gap=87.070%, AF=0.882, #solved=16
*3s: GLB=309526.271, best=2393933.000, gap=87.070%, AF=0.882, #solved=17
*3s: GLB=309526.271, best=2393933.000, gap=87.070%, AF=0.882, #solved=18
*3s: GLB=309526.271, best=2393933.000, gap=87.070%, AF=0.882, #solved=20
*3s: GLB=309526.271, best=2393933.000, gap=87.070%, AF=0.882, #solved=24
*3s: GLB=309526.271, best=2393933.000, gap=87.070%, AF=0.882, #solved=28
*3s: GLB=309526.271, best=2393933.000, gap=87.070%, AF=0.882, #solved=31
*3s: GLB=309526.271, best=2393933.000, gap=87.070%, AF=0.882, #solved=33
*3s: GLB=309526.271, best=2393933.000, gap=87.070%, AF=0.882, #solved=41
*3s: GLB=309526.271, best=2393933.000, gap=87.070%, AF=0.882, #solved=43
*3s: GLB=309526.271, best=2393933.000, gap=87.070%, AF=0.882, #solved=44
*3s: GLB=309526.271, best=2393933.000, gap=87.070%, AF=0.882, #solved=54
*3s: GLB=309526.271, best=2393933.000, gap=87.070%, AF=0.882, #solved=65
*3s: GLB=309526.271, best=2393933.000, gap=87.070%, AF=0.882, #solved=74
t13:0s(:17.027,15.810,0.317) [701/300(1000)] dpt:10 [ 2166736.280, 526892.047, 2393933.000, 77.991%] cutoff:201 AF:0.882
*3s: GLB=309526.271, best=2393933.000, gap=87.070%, AF=0.882, #solved=79
*3s: GLB=309526.271, best=2393933.000, gap=87.070%, AF=0.882, #solved=84
*3s: GLB=309526.271, best=2393933.000, gap=87.070%, AF=0.882, #solved=85
*3s: GLB=309526.271, best=2393933.000, gap=87.070%, AF=0.882, #solved=89
*4s: GLB=309526.271, best=2393933.000, gap=87.070%, AF=0.882, #solved=111
t30:1s(:30.638,28.645,0.524) [945/56(1000)] dpt:18 [ 2271900.880, 1980528.097, 2393933.000, 17.269%] cutoff:445 AF:0.882
t1:1s(:25.511,23.352,0.571) [997/4(1000)] dpt:31 [ 2562492.441, 2368187.380, 2393933.000, 1.075%] cutoff:498 AF:0.882
t13:1s(:23.665,21.709,0.540) [1600/401(2000)] dpt:13 [ 3852124.635, 574687.829, 2393933.000, 75.994%] cutoff:400 AF:0.882
t13:2s(:25.501,23.487,0.554) [2540/461(3000)] dpt:15 [ 1837284.220, 599592.770, 2393933.000, 74.954%] cutoff:439 AF:0.882
t13:3s(:29.004,26.917,0.576) [3516/485(4000)] dpt:17 [ 3462197.203, 679888.123, 2393933.000, 71.600%] cutoff:477 AF:0.882
t15:1s(:24.474,22.369,0.561) [946/55(1000)] dpt:19 [ 3648076.290, 1512172.803, 2393933.000, 36.833%] cutoff:447 AF:0.882
t1:1s(:23.540,21.375,0.574) [970/31(1000)] dpt:19 [ 3199155.351, 1666508.864, 2393933.000, 30.386%] cutoff:471 AF:0.882
t13:4s(:31.759,29.497,0.614) [4561/440(5000)] dpt:20 [ 2256504.654, 682910.356, 2393933.000, 71.473%] cutoff:544 AF:0.882
t15:1s(:32.276,30.117,0.568) [995/6(1000)] dpt:29 [ 2350569.625, 1984847.477, 2393933.000, 17.088%] cutoff:495 AF:0.882
t30:0s(:19.195,17.227,0.525) [921/80(1000)] dpt:15 [ 2514354.770, 1695119.907, 2393933.000, 29.191%] cutoff:422 AF:0.882
t5:0s(:20.806,18.910,0.502) [916/85(1000)] dpt:16 [ 3277206.199, 1484979.588, 2393933.000, 37.969%] cutoff:417 AF:0.882
t29:1s(:33.621,31.605,0.527) [937/64(1000)] dpt:18 [ 2736303.558, 1710832.515, 2393933.000, 28.535%] cutoff:438 AF:0.882
t6:1s(:26.166,24.096,0.550) [967/34(1000)] dpt:19 [ 2333889.478, 1894149.794, 2393933.000, 20.877%] cutoff:467 AF:0.882
t13:5s(:41.978,39.599,0.660) [5705/296(6000)] dpt:22 [ 3859038.822, 685942.330, 2393933.000, 71.347%] cutoff:645 AF:0.882
t15:1s(:26.596,24.565,0.533) [936/65(1000)] dpt:18 [ 3558560.783, 1637159.736, 2393933.000, 31.612%] cutoff:437 AF:0.882
t2:1s(:23.857,21.781,0.545) [943/58(1000)] dpt:17 [ 2467411.119, 1903871.862, 2393933.000, 20.471%] cutoff:444 AF:0.882
t5:1s(:20.495,18.622,0.498) [868/133(1000)] dpt:13 [ 3274794.994, 1496771.108, 2393933.000, 37.476%] cutoff:369 AF:0.882
t13:6s(:36.354,33.686,0.751) [6977/24(7000)] dpt:32 [ 4509060.337, 1067492.696, 2393933.000, 55.408%] cutoff:772 AF:0.882
t15:0s(:22.990,20.897,0.552) [945/56(1000)] dpt:17 [ 2493397.818, 1765833.325, 2393933.000, 26.237%] cutoff:446 AF:0.882
*9s: GLB=309526.271, best=2393933.000, gap=87.070%, AF=0.882, #solved=875
t29:1s(:24.769,22.672,0.558) [968/33(1000)] dpt:20 [ 4057688.105, 1948257.978, 2393933.000, 18.617%] cutoff:469 AF:0.882
t25:1s(:25.248,23.202,0.537) [948/53(1000)] dpt:18 [ 3199422.522, 1847642.532, 2393933.000, 22.820%] cutoff:449 AF:0.882
t5:1s(:22.701,20.790,0.518) [880/121(1000)] dpt:15 [ 2555978.115, 1661203.338, 2393933.000, 30.608%] cutoff:381 AF:0.882
t13:1s(:21.801,19.923,0.520) [898/103(1000)] dpt:17 [ 3734731.245, 1523991.835, 2393933.000, 36.339%] cutoff:399 AF:0.882
t30:1s(:24.682,22.590,0.573) [969/32(1000)] dpt:20 [ 2783167.073, 1874382.335, 2393933.000, 21.703%] cutoff:470 AF:0.882
t5:1s(:21.515,19.654,0.507) [847/154(1000)] dpt:13 [ 2273048.323, 1360821.844, 2393933.000, 43.155%] cutoff:347 AF:0.882
t13:1s(:18.755,17.189,0.427) [765/236(1000)] dpt:12 [ 2366789.100, 328898.414, 2393933.000, 86.261%] cutoff:265 AF:0.882
t25:1s(:30.292,28.120,0.581) [988/13(1000)] dpt:26 [ 3786237.078, 2271878.602, 2393933.000, 5.098%] cutoff:489 AF:0.882
t10:0s(:26.058,23.881,0.576) [950/51(1000)] dpt:19 [ 3598717.956, 1782780.208, 2393933.000, 25.529%] cutoff:451 AF:0.882
t13:2s(:24.295,22.532,0.486) [1655/346(2000)] dpt:15 [ 2390706.862, 328898.414, 2393933.000, 86.261%] cutoff:390 AF:0.882
t27:1s(:21.281,19.279,0.528) [964/37(1000)] dpt:18 [ 2459886.665, 1864685.566, 2393933.000, 22.108%] cutoff:465 AF:0.882
t6:1s(:23.927,21.799,0.564) [997/4(1000)] dpt:26 [ 3530691.991, 2237522.199, 2393933.000, 6.534%] cutoff:498 AF:0.882
t13:3s(:25.242,23.242,0.554) [2647/354(3000)] dpt:18 [ 1746034.413, 328898.414, 2393933.000, 86.261%] cutoff:492 AF:0.882
t25:1s(:29.035,26.839,0.584) [957/44(1000)] dpt:19 [ 3004014.610, 1678112.774, 2393933.000, 29.901%] cutoff:458 AF:0.882
t15:1s(:24.119,22.140,0.517) [920/81(1000)] dpt:16 [ 3091400.179, 1491986.683, 2393933.000, 37.676%] cutoff:421 AF:0.882
t13:3s(:27.325,25.281,0.567) [3679/322(4000)] dpt:21 [ 2275803.883, 328898.414, 2393933.000, 86.261%] cutoff:532 AF:0.882
t5:1s(:21.201,19.298,0.506) [886/115(1000)] dpt:14 [ 3378726.628, 1376643.997, 2393933.000, 42.494%] cutoff:387 AF:0.882
t6:1s(:20.995,19.181,0.471) [890/111(1000)] dpt:14 [ 2749627.063, 1559392.257, 2393933.000, 34.861%] cutoff:391 AF:0.882
t25:1s(:26.129,24.108,0.535) [937/64(1000)] dpt:17 [ 3330168.718, 1428276.683, 2393933.000, 40.338%] cutoff:438 AF:0.882
t30:1s(:24.966,22.878,0.572) [984/17(1000)] dpt:21 [ 3297453.243, 1993111.539, 2393933.000, 16.743%] cutoff:485 AF:0.882
t13:4s(:31.998,29.708,0.637) [4841/160(5000)] dpt:26 [ 2176154.135, 464786.839, 2393933.000, 80.585%] cutoff:662 AF:0.882
t15:0s(:20.998,18.996,0.527) [937/64(1000)] dpt:18 [ 2706587.753, 1543296.024, 2393933.000, 35.533%] cutoff:438 AF:0.882
t29:1s(:25.450,23.372,0.549) [962/39(1000)] dpt:20 [ 3495139.738, 1870298.093, 2393933.000, 21.873%] cutoff:463 AF:0.882
t13:1s(:20.347,18.465,0.527) [933/68(1000)] dpt:20 [ 3458146.056, 483851.324, 2393933.000, 79.788%] cutoff:434 AF:0.882
*18s: GLB=399211.446, best=2393933.000, gap=83.324%, AF=0.882, #solved=1994
t25:1s(:24.443,22.443,0.532) [923/78(1000)] dpt:16 [ 2576030.101, 1680020.678, 2393933.000, 29.822%] cutoff:424 AF:0.882
*18s: GLB=414073.733, best=2393933.000, gap=82.703%, AF=0.882, #solved=2089
t5:0s(:24.304,22.112,0.587) [966/35(1000)] dpt:20 [ 3282275.311, 1605079.107, 2393933.000, 32.952%] cutoff:467 AF:0.882
t13:1s(:16.252,14.627,0.444) [774/227(1000)] dpt:12 [ 3049349.287, 1088002.123, 2393933.000, 54.552%] cutoff:275 AF:0.882
*19s: GLB=414073.733, best=2393933.000, gap=82.703%, AF=0.882, #solved=2141
t15:1s(:23.860,21.879,0.523) [923/78(1000)] dpt:17 [ 2387624.802, 1683166.684, 2393933.000, 29.690%] cutoff:423 AF:0.882
t12:1s(:28.131,26.021,0.557) [991/10(1000)] dpt:25 [ 2210136.921, 2185456.236, 2393933.000, 8.709%] cutoff:491 AF:0.882
*19s: GLB=414073.733, best=2393933.000, gap=82.703%, AF=0.882, #solved=2227
t13:1s(:23.949,21.829,0.580) [1767/234(2000)] dpt:16 [ 3104346.853, 1489054.964, 2393933.000, 37.799%] cutoff:493 AF:0.882
*19s: GLB=414073.733, best=2393933.000, gap=82.703%, AF=0.882, #solved=2238
t13:2s(:30.872,28.425,0.669) [2901/100(3000)] dpt:22 [ 2484008.251, 1845045.444, 2393933.000, 22.928%] cutoff:634 AF:0.882
*21s: GLB=414073.733, best=2393933.000, gap=82.703%, AF=0.882, #solved=2415
*21s: GLB=414073.733, best=2393933.000, gap=82.703%, AF=0.882, #solved=2427
t15:1s(:24.300,22.306,0.527) [936/65(1000)] dpt:18 [ 2689715.810, 1797885.344, 2393933.000, 24.898%] cutoff:437 AF:0.882
t6:1s(:25.547,23.420,0.561) [991/10(1000)] dpt:24 [ 2390653.512, 2275868.973, 2393933.000, 4.932%] cutoff:491 AF:0.882
*21s: GLB=416219.951, best=2393933.000, gap=82.614%, AF=0.882, #solved=2451
*21s: GLB=416219.951, best=2393933.000, gap=82.614%, AF=0.882, #solved=2476
*21s: GLB=416219.951, best=2393933.000, gap=82.614%, AF=0.882, #solved=2484
t5:0s(:25.810,23.797,0.537) [878/123(1000)] dpt:14 [ 3072839.887, 1305177.234, 2393933.000, 45.480%] cutoff:379 AF:0.882
t29:1s(:22.392,20.490,0.497) [936/65(1000)] dpt:17 [ 2834297.920, 1824357.959, 2393933.000, 23.792%] cutoff:437 AF:0.882
t15:1s(:24.152,22.253,0.494) [926/75(1000)] dpt:17 [ 2620534.363, 1577451.494, 2393933.000, 34.106%] cutoff:427 AF:0.882
*22s: GLB=448869.195, best=2393933.000, gap=81.250%, AF=0.882, #solved=2677
t13:0s(:22.924,21.134,0.496) [940/61(1000)] dpt:20 [ 3508315.826, 1163642.897, 2393933.000, 51.392%] cutoff:441 AF:0.882
t3:1s(:29.592,27.405,0.581) [997/4(1000)] dpt:31 [ 4440108.793, 2175488.014, 2393933.000, 9.125%] cutoff:498 AF:0.882
*23s: GLB=540404.247, best=2393933.000, gap=77.426%, AF=0.882, #solved=2780
*23s: GLB=540404.247, best=2393933.000, gap=77.426%, AF=0.882, #solved=2855
*23s: GLB=540404.247, best=2393933.000, gap=77.426%, AF=0.882, #solved=2856
t13:0s(:17.635,15.985,0.450) [786/215(1000)] dpt:12 [ 3391432.763, 1123382.139, 2393933.000, 53.074%] cutoff:287 AF:0.882
t10:1s(:26.634,24.522,0.556) [927/74(1000)] dpt:17 [ 2540637.569, 1632449.938, 2393933.000, 31.809%] cutoff:428 AF:0.882
t25:1s(:28.842,26.647,0.584) [978/23(1000)] dpt:23 [ 3319543.311, 2002450.160, 2393933.000, 16.353%] cutoff:479 AF:0.882
t29:1s(:24.911,22.939,0.514) [943/58(1000)] dpt:19 [ 2750125.767, 1681045.517, 2393933.000, 29.779%] cutoff:444 AF:0.882
t13:1s(:25.015,23.025,0.543) [1767/234(2000)] dpt:16 [ 3106324.314, 1503812.941, 2393933.000, 37.182%] cutoff:481 AF:0.882
*25s: GLB=540404.247, best=2393933.000, gap=77.426%, AF=0.882, #solved=3059
t8:1s(:25.439,23.242,0.585) [961/40(1000)] dpt:20 [ 2334961.103, 1723027.830, 2393933.000, 28.025%] cutoff:461 AF:0.882
t15:1s(:24.677,22.556,0.563) [991/10(1000)] dpt:22 [ 2518066.596, 1973285.452, 2393933.000, 17.571%] cutoff:492 AF:0.882
t13:2s(:32.824,30.464,0.644) [2912/89(3000)] dpt:23 [ 3509094.563, 1918569.816, 2393933.000, 19.857%] cutoff:645 AF:0.882
t5:1s(:32.193,30.052,0.566) [954/47(1000)] dpt:20 [ 3302766.373, 1723386.769, 2393933.000, 28.010%] cutoff:455 AF:0.882
*25s: GLB=540404.247, best=2393933.000, gap=77.426%, AF=0.882, #solved=3207
*25s: GLB=540404.247, best=2393933.000, gap=77.426%, AF=0.882, #solved=3212
*26s: GLB=548026.960, best=2393933.000, gap=77.108%, AF=0.882, #solved=3358
t28:1s(:22.751,20.692,0.540) [957/44(1000)] dpt:18 [ 2800942.180, 2010968.385, 2393933.000, 15.997%] cutoff:458 AF:0.882
t13:0s(:16.359,14.801,0.424) [753/248(1000)] dpt:11 [ 3683440.496, 956473.554, 2393933.000, 60.046%] cutoff:254 AF:0.882
*26s: GLB=548026.960, best=2393933.000, gap=77.108%, AF=0.882, #solved=3385
t5:1s(:22.906,20.921,0.525) [895/106(1000)] dpt:15 [ 3058298.754, 1374621.050, 2393933.000, 42.579%] cutoff:396 AF:0.882
*27s: GLB=548026.960, best=2393933.000, gap=77.108%, AF=0.882, #solved=3459
t10:1s(:29.163,26.977,0.576) [960/41(1000)] dpt:19 [ 3501839.373, 1818505.418, 2393933.000, 24.037%] cutoff:461 AF:0.882
t13:1s(:19.920,18.017,0.520) [1697/304(2000)] dpt:15 [ 1889004.774, 1297660.266, 2393933.000, 45.794%] cutoff:443 AF:0.882
t25:1s(:27.473,25.286,0.581) [977/24(1000)] dpt:23 [ 3827637.202, 2159455.070, 2393933.000, 9.795%] cutoff:478 AF:0.882
t1:1s(:27.947,25.794,0.585) [994/7(1000)] dpt:26 [ 2589805.614, 1808688.032, 2393933.000, 24.447%] cutoff:495 AF:0.882
t29:1s(:21.769,19.773,0.527) [954/47(1000)] dpt:18 [ 2551018.350, 1547478.783, 2393933.000, 35.358%] cutoff:455 AF:0.882
t13:2s(:25.745,23.578,0.593) [2743/258(3000)] dpt:18 [ 2305476.718, 1376784.853, 2393933.000, 42.489%] cutoff:546 AF:0.882
t10:1s(:28.568,26.377,0.578) [977/24(1000)] dpt:22 [ 3293982.512, 1822961.762, 2393933.000, 23.851%] cutoff:478 AF:0.882
t15:0s(:26.564,24.505,0.541) [985/16(1000)] dpt:24 [ 2187604.211, 1519906.129, 2393933.000, 36.510%] cutoff:485 AF:0.882
t13:3s(:29.099,26.806,0.624) [3874/127(4000)] dpt:24 [ 2875979.411, 1616901.218, 2393933.000, 32.458%] cutoff:632 AF:0.882
t5:1s(:25.361,23.319,0.543) [913/88(1000)] dpt:16 [ 2144279.105, 1371499.497, 2393933.000, 42.709%] cutoff:413 AF:0.882
t25:1s(:25.385,23.276,0.554) [917/84(1000)] dpt:15 [ 1790515.968, 1681944.000, 2393933.000, 29.741%] cutoff:417 AF:0.882
t30:1s(:24.646,22.556,0.556) [919/82(1000)] dpt:16 [ 2211086.606, 1839911.597, 2393933.000, 23.143%] cutoff:419 AF:0.882
t8:1s(:24.470,22.340,0.566) [925/76(1000)] dpt:15 [ 3259429.328, 1648765.430, 2393933.000, 31.127%] cutoff:426 AF:0.882
t15:1s(:27.926,25.787,0.565) [998/3(1000)] dpt:24 [ 3203925.283, 1966112.387, 2393933.000, 17.871%] cutoff:499 AF:0.882
*30s: GLB=603842.411, best=2393933.000, gap=74.776%, AF=0.882, #solved=4127
*30s: GLB=603842.411, best=2393933.000, gap=74.776%, AF=0.882, #solved=4152
t5:1s(:30.545,28.308,0.597) [984/17(1000)] dpt:26 [ 3063697.385, 1933362.427, 2393933.000, 19.239%] cutoff:485 AF:0.882
t15:1s(:25.728,23.748,0.516) [959/42(1000)] dpt:19 [ 2255996.559, 1720751.731, 2393933.000, 28.120%] cutoff:459 AF:0.882
t13:1s(:23.824,22.010,0.496) [939/62(1000)] dpt:20 [ 2549167.962, 1806054.648, 2393933.000, 24.557%] cutoff:440 AF:0.882
t3:1s(:25.473,23.271,0.590) [977/24(1000)] dpt:18 [ 2004693.634, 1876343.441, 2393933.000, 21.621%] cutoff:477 AF:0.882
*32s: GLB=632049.238, best=2393933.000, gap=73.598%, AF=0.882, #solved=4494
*32s: GLB=632049.238, best=2393933.000, gap=73.598%, AF=0.882, #solved=4526
t13:1s(:24.082,22.175,0.516) [941/60(1000)] dpt:17 [ 2386224.899, 1850850.905, 2393933.000, 22.686%] cutoff:441 AF:0.882
*32s: GLB=632049.238, best=2393933.000, gap=73.598%, AF=0.882, #solved=4583
t5:1s(:28.943,26.879,0.547) [935/66(1000)] dpt:19 [ 3700577.065, 1577590.713, 2393933.000, 34.100%] cutoff:436 AF:0.882
*33s: GLB=632049.238, best=2393933.000, gap=73.598%, AF=0.882, #solved=4628
t10:1s(:24.215,22.088,0.563) [955/46(1000)] dpt:19 [ 2253280.440, 1751557.088, 2393933.000, 26.833%] cutoff:455 AF:0.882
*33s: GLB=632049.238, best=2393933.000, gap=73.598%, AF=0.882, #solved=4659
*33s: GLB=632049.238, best=2393933.000, gap=73.598%, AF=0.882, #solved=4724
t13:1s(:17.206,15.595,0.437) [778/223(1000)] dpt:12 [ 3229604.827, 1110370.599, 2393933.000, 53.617%] cutoff:279 AF:0.882
*33s: GLB=632049.238, best=2393933.000, gap=73.598%, AF=0.882, #solved=4832
*34s: GLB=632049.238, best=2393933.000, gap=73.598%, AF=0.882, #solved=4904
t13:2s(:25.031,22.934,0.574) [1800/201(2000)] dpt:17 [ 2418627.053, 1319951.842, 2393933.000, 44.863%] cutoff:522 AF:0.882
*34s: GLB=632049.238, best=2393933.000, gap=73.598%, AF=0.882, #solved=4989
t5:1s(:26.794,24.679,0.560) [952/49(1000)] dpt:19 [ 3464019.223, 1526818.049, 2393933.000, 36.221%] cutoff:453 AF:0.882
t10:1s(:30.262,28.034,0.592) [994/7(1000)] dpt:29 [ 3970863.738, 2255010.654, 2393933.000, 5.803%] cutoff:495 AF:0.882
*35s: GLB=632049.238, best=2393933.000, gap=73.598%, AF=0.882, #solved=5115
t13:3s(:32.119,29.720,0.657) [2980/21(3000)] dpt:28 [ 4406519.336, 2009502.835, 2393933.000, 16.059%] cutoff:680 AF:0.882
t15:1s(:25.401,23.432,0.531) [960/41(1000)] dpt:18 [ 2973429.122, 2062891.743, 2393933.000, 13.828%] cutoff:461 AF:0.882
*35s: GLB=635992.744, best=2393933.000, gap=73.433%, AF=0.882, #solved=5175
*35s: GLB=635992.744, best=2393933.000, gap=73.433%, AF=0.882, #solved=5188
*35s: GLB=635992.744, best=2393933.000, gap=73.433%, AF=0.882, #solved=5217
*35s: GLB=635992.744, best=2393933.000, gap=73.433%, AF=0.882, #solved=5226
t5:1s(:31.527,29.254,0.605) [997/4(1000)] dpt:28 [ 2995822.172, 2262173.898, 2393933.000, 5.504%] cutoff:498 AF:0.882
t13:1s(:24.025,21.994,0.553) [974/27(1000)] dpt:19 [ 2886286.184, 1946846.069, 2393933.000, 18.676%] cutoff:475 AF:0.882
*36s: GLB=635992.744, best=2393933.000, gap=73.433%, AF=0.882, #solved=5344
*36s: GLB=635992.744, best=2393933.000, gap=73.433%, AF=0.882, #solved=5405
*36s: GLB=635992.744, best=2393933.000, gap=73.433%, AF=0.882, #solved=5441
t5:1s(:24.624,22.557,0.550) [963/38(1000)] dpt:21 [ 2726062.445, 2060776.090, 2393933.000, 13.917%] cutoff:464 AF:0.882
*36s: GLB=642991.401, best=2393933.000, gap=73.141%, AF=0.882, #solved=5564
*36s: GLB=642991.401, best=2393933.000, gap=73.141%, AF=0.882, #solved=5573
t13:1s(:23.168,21.335,0.480) [895/106(1000)] dpt:15 [ 2707894.478, 1496148.119, 2393933.000, 37.503%] cutoff:396 AF:0.882
*37s: GLB=642991.401, best=2393933.000, gap=73.141%, AF=0.882, #solved=5687
t29:1s(:22.861,20.873,0.521) [931/70(1000)] dpt:17 [ 2290979.008, 1894640.435, 2393933.000, 20.857%] cutoff:431 AF:0.882
*37s: GLB=642991.401, best=2393933.000, gap=73.141%, AF=0.882, #solved=5755
*37s: GLB=642991.401, best=2393933.000, gap=73.141%, AF=0.882, #solved=5788
t5:1s(:24.854,22.705,0.578) [974/27(1000)] dpt:24 [ 3743790.158, 1793508.065, 2393933.000, 25.081%] cutoff:475 AF:0.882
*38s: GLB=642991.401, best=2393933.000, gap=73.141%, AF=0.882, #solved=5942
t13:1s(:22.205,20.376,0.481) [901/100(1000)] dpt:16 [ 2024028.134, 1518062.692, 2393933.000, 36.587%] cutoff:401 AF:0.882
*39s: GLB=661457.947, best=2393933.000, gap=72.369%, AF=0.882, #solved=6212
t15:1s(:23.588,21.523,0.546) [971/30(1000)] dpt:23 [ 3141100.644, 1822786.605, 2393933.000, 23.858%] cutoff:472 AF:0.882
t25:1s(:31.088,28.817,0.602) [997/4(1000)] dpt:28 [ 2245344.111, 2222947.285, 2393933.000, 7.142%] cutoff:497 AF:0.882
*39s: GLB=661457.947, best=2393933.000, gap=72.369%, AF=0.882, #solved=6359
t30:0s(:28.619,26.384,0.590) [985/16(1000)] dpt:24 [ 4408005.998, 2159583.770, 2393933.000, 9.789%] cutoff:486 AF:0.882
t13:1s(:22.974,21.073,0.526) [937/64(1000)] dpt:19 [ 4016667.121, 1520145.869, 2393933.000, 36.500%] cutoff:438 AF:0.882
*40s: GLB=661457.947, best=2393933.000, gap=72.369%, AF=0.882, #solved=6573
*40s: GLB=661457.947, best=2393933.000, gap=72.369%, AF=0.882, #solved=6649
*41s: GLB=674316.559, best=2393933.000, gap=71.832%, AF=0.882, #solved=6740
*41s: GLB=674316.559, best=2393933.000, gap=71.832%, AF=0.882, #solved=6767
t13:1s(:18.927,17.076,0.500) [890/111(1000)] dpt:16 [ 2726768.403, 1467595.165, 2393933.000, 38.695%] cutoff:391 AF:0.882
t25:1s(:23.856,21.796,0.548) [923/78(1000)] dpt:18 [ 3777013.975, 1524958.504, 2393933.000, 36.299%] cutoff:424 AF:0.882
t5:1s(:22.896,20.796,0.560) [915/86(1000)] dpt:16 [ 2341013.601, 1532622.182, 2393933.000, 35.979%] cutoff:415 AF:0.882
*41s: GLB=674316.559, best=2393933.000, gap=71.832%, AF=0.882, #solved=6954
t13:0s(:19.545,17.746,0.469) [829/172(1000)] dpt:13 [ 1962879.666, 1259858.397, 2393933.000, 47.373%] cutoff:329 AF:0.882
*42s: GLB=685385.952, best=2393933.000, gap=71.370%, AF=0.882, #solved=7336
*43s: GLB=685385.952, best=2393933.000, gap=71.370%, AF=0.882, #solved=7398
*43s: GLB=685385.952, best=2393933.000, gap=71.370%, AF=0.882, #solved=7445
*43s: GLB=685385.952, best=2393933.000, gap=71.370%, AF=0.882, #solved=7491
*43s: GLB=685385.952, best=2393933.000, gap=71.370%, AF=0.882, #solved=7519
*43s: GLB=685385.952, best=2393933.000, gap=71.370%, AF=0.882, #solved=7534
t13:1s(:28.630,26.305,0.613) [1910/91(2000)] dpt:21 [ 3118987.051, 1570295.577, 2393933.000, 34.405%] cutoff:582 AF:0.882
t25:1s(:27.853,25.598,0.603) [998/3(1000)] dpt:27 [ 3854104.618, 2374890.773, 2393933.000, 0.795%] cutoff:499 AF:0.882
*43s: GLB=685385.952, best=2393933.000, gap=71.370%, AF=0.882, #solved=7581
*43s: GLB=685385.952, best=2393933.000, gap=71.370%, AF=0.882, #solved=7650
*44s: GLB=685385.952, best=2393933.000, gap=71.370%, AF=0.882, #solved=7745
*44s: GLB=685385.952, best=2393933.000, gap=71.370%, AF=0.882, #solved=7762
*44s: GLB=685385.952, best=2393933.000, gap=71.370%, AF=0.882, #solved=7769
*44s: GLB=687073.444, best=2393933.000, gap=71.299%, AF=0.882, #solved=7878
t5:0s(:26.017,23.859,0.573) [945/56(1000)] dpt:16 [ 3325548.076, 1815156.703, 2393933.000, 24.177%] cutoff:446 AF:0.882
t13:0s(:25.473,23.430,0.559) [993/8(1000)] dpt:28 [ 3495782.261, 1766669.190, 2393933.000, 26.202%] cutoff:494 AF:0.882
*45s: GLB=687131.076, best=2393933.000, gap=71.297%, AF=0.882, #solved=8115
*45s: GLB=687131.076, best=2393933.000, gap=71.297%, AF=0.882, #solved=8141
*45s: GLB=687131.076, best=2393933.000, gap=71.297%, AF=0.882, #solved=8183
*45s: GLB=690181.407, best=2393933.000, gap=71.170%, AF=0.882, #solved=8247
*45s: GLB=690181.407, best=2393933.000, gap=71.170%, AF=0.882, #solved=8327
*45s: GLB=690181.407, best=2393933.000, gap=71.170%, AF=0.882, #solved=8430
*46s: GLB=690181.407, best=2393933.000, gap=71.170%, AF=0.882, #solved=8507
t13:1s(:22.491,20.624,0.515) [914/87(1000)] dpt:18 [ 2579918.880, 1427972.527, 2393933.000, 40.350%] cutoff:415 AF:0.882
*46s: GLB=690181.407, best=2393933.000, gap=71.170%, AF=0.882, #solved=8646
*46s: GLB=690181.407, best=2393933.000, gap=71.170%, AF=0.882, #solved=8697
t13:1s(:27.285,25.288,0.537) [963/38(1000)] dpt:19 [ 2825985.616, 1620118.877, 2393933.000, 32.324%] cutoff:464 AF:0.882
*47s: GLB=707378.627, best=2393933.000, gap=70.451%, AF=0.882, #solved=9171
*47s: GLB=707378.627, best=2393933.000, gap=70.451%, AF=0.882, #solved=9213
*48s: GLB=707378.627, best=2393933.000, gap=70.451%, AF=0.882, #solved=9247
*48s: GLB=707659.554, best=2393933.000, gap=70.439%, AF=0.882, #solved=9465
*48s: GLB=707659.554, best=2393933.000, gap=70.439%, AF=0.882, #solved=9483
*48s: GLB=707659.554, best=2393933.000, gap=70.439%, AF=0.882, #solved=9498
*48s: GLB=707659.554, best=2393933.000, gap=70.439%, AF=0.882, #solved=9592
*49s: GLB=707659.554, best=2393933.000, gap=70.439%, AF=0.882, #solved=9685
t13:1s(:24.541,22.661,0.514) [912/89(1000)] dpt:16 [ 3679015.840, 1671635.422, 2393933.000, 30.172%] cutoff:413 AF:0.882
*49s: GLB=707659.554, best=2393933.000, gap=70.439%, AF=0.882, #solved=9872
t5:1s(:31.700,29.529,0.577) [975/26(1000)] dpt:22 [ 3452648.581, 2098823.277, 2393933.000, 12.327%] cutoff:476 AF:0.882
*50s: GLB=711263.898, best=2393933.000, gap=70.289%, AF=0.882, #solved=10140
*50s: GLB=711263.898, best=2393933.000, gap=70.289%, AF=0.882, #solved=10227
*50s: GLB=711263.898, best=2393933.000, gap=70.289%, AF=0.882, #solved=10329
*50s: GLB=711263.898, best=2393933.000, gap=70.289%, AF=0.882, #solved=10347
t13:0s(:18.772,17.084,0.464) [827/174(1000)] dpt:13 [ 3273743.044, 1408318.190, 2393933.000, 41.171%] cutoff:328 AF:0.882
*50s: GLB=711263.898, best=2393933.000, gap=70.289%, AF=0.882, #solved=10414
*51s: GLB=711263.898, best=2393933.000, gap=70.289%, AF=0.882, #solved=10497
*51s: GLB=711263.898, best=2393933.000, gap=70.289%, AF=0.882, #solved=10505
*51s: GLB=711263.898, best=2393933.000, gap=70.289%, AF=0.882, #solved=10596
*51s: GLB=711263.898, best=2393933.000, gap=70.289%, AF=0.882, #solved=10706
t13:1s(:28.151,25.908,0.626) [1940/61(2000)] dpt:22 [ 3284608.936, 1877966.665, 2393933.000, 21.553%] cutoff:613 AF:0.882
*51s: GLB=711263.898, best=2393933.000, gap=70.289%, AF=0.882, #solved=10851
*51s: GLB=712965.634, best=2393933.000, gap=70.218%, AF=0.882, #solved=10886
t5:1s(:24.122,21.968,0.572) [960/41(1000)] dpt:21 [ 3183665.875, 1947027.849, 2393933.000, 18.668%] cutoff:461 AF:0.882
*52s: GLB=712965.634, best=2393933.000, gap=70.218%, AF=0.882, #solved=11059
*52s: GLB=712965.634, best=2393933.000, gap=70.218%, AF=0.882, #solved=11083
*52s: GLB=712965.634, best=2393933.000, gap=70.218%, AF=0.882, #solved=11168
*52s: GLB=712965.634, best=2393933.000, gap=70.218%, AF=0.882, #solved=11239
t13:0s(:18.723,17.067,0.432) [821/180(1000)] dpt:12 [ 2696917.403, 1327561.208, 2393933.000, 44.545%] cutoff:322 AF:0.882
*53s: GLB=712965.634, best=2393933.000, gap=70.218%, AF=0.882, #solved=11501
t5:1s(:27.916,25.797,0.568) [984/17(1000)] dpt:26 [ 3217148.786, 1946149.084, 2393933.000, 18.705%] cutoff:485 AF:0.882
*53s: GLB=712965.634, best=2393933.000, gap=70.218%, AF=0.882, #solved=11626
t13:1s(:25.286,23.195,0.554) [1858/143(2000)] dpt:18 [ 3520401.723, 1596434.450, 2393933.000, 33.313%] cutoff:537 AF:0.882
*53s: GLB=712965.634, best=2393933.000, gap=70.218%, AF=0.882, #solved=11748
*53s: GLB=712965.634, best=2393933.000, gap=70.218%, AF=0.882, #solved=11847
*53s: GLB=712965.634, best=2393933.000, gap=70.218%, AF=0.882, #solved=11948
*54s: GLB=712965.634, best=2393933.000, gap=70.218%, AF=0.882, #solved=12012
*54s: GLB=712965.634, best=2393933.000, gap=70.218%, AF=0.882, #solved=12022
t5:1s(:22.242,20.315,0.508) [849/152(1000)] dpt:13 [ 3388160.423, 1539068.406, 2393933.000, 35.710%] cutoff:350 AF:0.882
*54s: GLB=720917.961, best=2393933.000, gap=69.886%, AF=0.882, #solved=12227
*54s: GLB=720917.961, best=2393933.000, gap=69.886%, AF=0.882, #solved=12429
*55s: GLB=723740.517, best=2393933.000, gap=69.768%, AF=0.882, #solved=12540
*55s: GLB=725552.947, best=2393933.000, gap=69.692%, AF=0.882, #solved=12593
t5:2s(:32.389,29.923,0.661) [1954/47(2000)] dpt:24 [ 3496779.938, 1797727.064, 2393933.000, 24.905%] cutoff:605 AF:0.882
*55s: GLB=725552.947, best=2393933.000, gap=69.692%, AF=0.882, #solved=12736
*55s: GLB=725552.947, best=2393933.000, gap=69.692%, AF=0.882, #solved=12787
*55s: GLB=725552.947, best=2393933.000, gap=69.692%, AF=0.882, #solved=12812
*55s: GLB=725552.947, best=2393933.000, gap=69.692%, AF=0.882, #solved=12884
*55s: GLB=725552.947, best=2393933.000, gap=69.692%, AF=0.882, #solved=12915
*55s: GLB=728218.571, best=2393933.000, gap=69.581%, AF=0.882, #solved=12992
*56s: GLB=728218.571, best=2393933.000, gap=69.581%, AF=0.882, #solved=13077
*56s: GLB=728218.571, best=2393933.000, gap=69.581%, AF=0.882, #solved=13098
*56s: GLB=728218.571, best=2393933.000, gap=69.581%, AF=0.882, #solved=13132
*56s: GLB=728218.571, best=2393933.000, gap=69.581%, AF=0.882, #solved=13189
*56s: GLB=728218.571, best=2393933.000, gap=69.581%, AF=0.882, #solved=13289
*56s: GLB=739253.372, best=2393933.000, gap=69.120%, AF=0.882, #solved=13432
*56s: GLB=739253.372, best=2393933.000, gap=69.120%, AF=0.882, #solved=13605
*57s: GLB=739253.372, best=2393933.000, gap=69.120%, AF=0.882, #solved=13696
*57s: GLB=739253.372, best=2393933.000, gap=69.120%, AF=0.882, #solved=13763
*57s: GLB=739253.372, best=2393933.000, gap=69.120%, AF=0.882, #solved=13958
t13:0s(:19.001,17.216,0.461) [838/163(1000)] dpt:13 [ 2318217.567, 1214052.206, 2393933.000, 49.286%] cutoff:338 AF:0.882
*57s: GLB=739253.372, best=2393933.000, gap=69.120%, AF=0.882, #solved=14197
*57s: GLB=739253.372, best=2393933.000, gap=69.120%, AF=0.882, #solved=14220
*58s: GLB=739253.372, best=2393933.000, gap=69.120%, AF=0.882, #solved=14313
*58s: GLB=739253.372, best=2393933.000, gap=69.120%, AF=0.882, #solved=14422
t13:1s(:26.088,23.889,0.586) [1873/128(2000)] dpt:19 [ 2540275.822, 1554753.563, 2393933.000, 35.054%] cutoff:536 AF:0.882
*58s: GLB=739253.372, best=2393933.000, gap=69.120%, AF=0.882, #solved=14691
*58s: GLB=739253.372, best=2393933.000, gap=69.120%, AF=0.882, #solved=14760
*58s: GLB=739253.372, best=2393933.000, gap=69.120%, AF=0.882, #solved=14807
*59s: GLB=739529.101, best=2393933.000, gap=69.108%, AF=0.882, #solved=14982
*59s: GLB=739529.101, best=2393933.000, gap=69.108%, AF=0.882, #solved=15220
*59s: GLB=739529.101, best=2393933.000, gap=69.108%, AF=0.882, #solved=15275
*59s: GLB=739529.101, best=2393933.000, gap=69.108%, AF=0.882, #solved=15326
*59s: GLB=739529.101, best=2393933.000, gap=69.108%, AF=0.882, #solved=15436
*59s: GLB=739529.101, best=2393933.000, gap=69.108%, AF=0.882, #solved=15488
*59s: GLB=739529.101, best=2393933.000, gap=69.108%, AF=0.882, #solved=15498
t13:1s(:20.255,18.548,0.463) [818/183(1000)] dpt:12 [ 3006843.742, 1437267.709, 2393933.000, 39.962%] cutoff:319 AF:0.882
*60s: GLB=739529.101, best=2393933.000, gap=69.108%, AF=0.882, #solved=15654
*60s: GLB=739529.101, best=2393933.000, gap=69.108%, AF=0.882, #solved=15692
*60s: GLB=739529.101, best=2393933.000, gap=69.108%, AF=0.882, #solved=15718
*60s: GLB=739529.101, best=2393933.000, gap=69.108%, AF=0.882, #solved=15888
*60s: GLB=739529.101, best=2393933.000, gap=69.108%, AF=0.882, #solved=15895
*60s: GLB=739529.101, best=2393933.000, gap=69.108%, AF=0.882, #solved=15899
*60s: GLB=739529.101, best=2393933.000, gap=69.108%, AF=0.882, #solved=16049
*60s: GLB=739529.101, best=2393933.000, gap=69.108%, AF=0.882, #solved=16164
*60s: GLB=739529.101, best=2393933.000, gap=69.108%, AF=0.882, #solved=16210
*60s: GLB=739529.101, best=2393933.000, gap=69.108%, AF=0.882, #solved=16229
t13:1s(:27.450,25.258,0.589) [1905/96(2000)] dpt:19 [ 2259071.264, 1722131.741, 2393933.000, 28.063%] cutoff:586 AF:0.882
*61s: GLB=739529.101, best=2393933.000, gap=69.108%, AF=0.882, #solved=16305
*61s: GLB=739529.101, best=2393933.000, gap=69.108%, AF=0.882, #solved=16530
*61s: GLB=739529.101, best=2393933.000, gap=69.108%, AF=0.882, #solved=16606
*61s: GLB=744819.190, best=2393933.000, gap=68.887%, AF=0.882, #solved=16810
*61s: GLB=744819.190, best=2393933.000, gap=68.887%, AF=0.882, #solved=16925
*61s: GLB=744819.190, best=2393933.000, gap=68.887%, AF=0.882, #solved=17064
*62s: GLB=744819.190, best=2393933.000, gap=68.887%, AF=0.882, #solved=17177
*62s: GLB=744819.190, best=2393933.000, gap=68.887%, AF=0.882, #solved=17178
*62s: GLB=744819.190, best=2393933.000, gap=68.887%, AF=0.882, #solved=17273
t13:1s(:15.727,14.129,0.435) [774/227(1000)] dpt:11 [ 3841862.600, 1185056.281, 2393933.000, 50.498%] cutoff:275 AF:0.882
*62s: GLB=744819.190, best=2393933.000, gap=68.887%, AF=0.882, #solved=17334
*62s: GLB=744819.190, best=2393933.000, gap=68.887%, AF=0.882, #solved=17530
*62s: GLB=744819.190, best=2393933.000, gap=68.887%, AF=0.882, #solved=17614
*62s: GLB=744819.190, best=2393933.000, gap=68.887%, AF=0.882, #solved=17708
*62s: GLB=744819.190, best=2393933.000, gap=68.887%, AF=0.882, #solved=17759
t13:1s(:21.034,19.037,0.545) [1742/259(2000)] dpt:15 [ 2606758.075, 1543370.504, 2393933.000, 35.530%] cutoff:468 AF:0.882
*63s: GLB=744819.190, best=2393933.000, gap=68.887%, AF=0.882, #solved=18180
*63s: GLB=744819.190, best=2393933.000, gap=68.887%, AF=0.882, #solved=18351
*63s: GLB=744819.190, best=2393933.000, gap=68.887%, AF=0.882, #solved=18371
*63s: GLB=744819.190, best=2393933.000, gap=68.887%, AF=0.882, #solved=18662
t13:2s(:27.423,25.077,0.640) [2917/84(3000)] dpt:22 [ 2856270.941, 1715357.977, 2393933.000, 28.346%] cutoff:675 AF:0.882
*63s: GLB=744819.190, best=2393933.000, gap=68.887%, AF=0.882, #solved=18722
*63s: GLB=744819.190, best=2393933.000, gap=68.887%, AF=0.882, #solved=18764
*63s: GLB=744819.190, best=2393933.000, gap=68.887%, AF=0.882, #solved=18790
*63s: GLB=744819.190, best=2393933.000, gap=68.887%, AF=0.882, #solved=18810
*63s: GLB=744819.190, best=2393933.000, gap=68.887%, AF=0.882, #solved=18822
*63s: GLB=744819.190, best=2393933.000, gap=68.887%, AF=0.882, #solved=18875
*63s: GLB=744819.190, best=2393933.000, gap=68.887%, AF=0.882, #solved=18894
*63s: GLB=744819.190, best=2393933.000, gap=68.887%, AF=0.882, #solved=18921
*63s: GLB=744819.190, best=2393933.000, gap=68.887%, AF=0.882, #solved=18958
*64s: GLB=750794.444, best=2393933.000, gap=68.638%, AF=0.882, #solved=19000
*64s: GLB=750794.444, best=2393933.000, gap=68.638%, AF=0.882, #solved=19017
*64s: GLB=750794.444, best=2393933.000, gap=68.638%, AF=0.882, #solved=19026
*64s: GLB=750794.444, best=2393933.000, gap=68.638%, AF=0.882, #solved=19038
*64s: GLB=750794.444, best=2393933.000, gap=68.638%, AF=0.882, #solved=19212
t13:0s(:23.128,21.167,0.512) [915/86(1000)] dpt:18 [ 2065057.609, 1522819.533, 2393933.000, 36.388%] cutoff:415 AF:0.882
*64s: GLB=750794.444, best=2393933.000, gap=68.638%, AF=0.882, #solved=19912
*64s: GLB=750794.444, best=2393933.000, gap=68.638%, AF=0.882, #solved=19950
*64s: GLB=750794.444, best=2393933.000, gap=68.638%, AF=0.882, #solved=19999
*65s: GLB=750794.444, best=2393933.000, gap=68.638%, AF=0.882, #solved=20218
*65s: GLB=750794.444, best=2393933.000, gap=68.638%, AF=0.882, #solved=20262
*65s: GLB=750794.444, best=2393933.000, gap=68.638%, AF=0.882, #solved=20284
*65s: GLB=750794.444, best=2393933.000, gap=68.638%, AF=0.882, #solved=20312
*65s: GLB=750794.444, best=2393933.000, gap=68.638%, AF=0.882, #solved=20537
*65s: GLB=750794.444, best=2393933.000, gap=68.638%, AF=0.882, #solved=20751
*65s: GLB=750794.444, best=2393933.000, gap=68.638%, AF=0.882, #solved=20868
*65s: GLB=750794.444, best=2393933.000, gap=68.638%, AF=0.882, #solved=20876
*65s: GLB=750794.444, best=2393933.000, gap=68.638%, AF=0.882, #solved=21038
*65s: GLB=753347.677, best=2393933.000, gap=68.531%, AF=0.882, #solved=21135
*65s: GLB=753347.677, best=2393933.000, gap=68.531%, AF=0.882, #solved=21172
*65s: GLB=753347.677, best=2393933.000, gap=68.531%, AF=0.882, #solved=21212
*66s: GLB=753347.677, best=2393933.000, gap=68.531%, AF=0.882, #solved=21449
*66s: GLB=753347.677, best=2393933.000, gap=68.531%, AF=0.882, #solved=21656
*66s: GLB=753347.677, best=2393933.000, gap=68.531%, AF=0.882, #solved=21703
*66s: GLB=753347.677, best=2393933.000, gap=68.531%, AF=0.882, #solved=21723
*66s: GLB=753347.677, best=2393933.000, gap=68.531%, AF=0.882, #solved=21795
*66s: GLB=753347.677, best=2393933.000, gap=68.531%, AF=0.882, #solved=21899
*66s: GLB=753347.677, best=2393933.000, gap=68.531%, AF=0.882, #solved=21948
*66s: GLB=753347.677, best=2393933.000, gap=68.531%, AF=0.882, #solved=21955
*66s: GLB=753347.677, best=2393933.000, gap=68.531%, AF=0.882, #solved=21971
*66s: GLB=753347.677, best=2393933.000, gap=68.531%, AF=0.882, #solved=21973
*66s: GLB=753347.677, best=2393933.000, gap=68.531%, AF=0.882, #solved=22034
*66s: GLB=753347.677, best=2393933.000, gap=68.531%, AF=0.882, #solved=22091
*66s: GLB=753347.677, best=2393933.000, gap=68.531%, AF=0.882, #solved=22196
*66s: GLB=753347.677, best=2393933.000, gap=68.531%, AF=0.882, #solved=22200
*66s: GLB=753347.677, best=2393933.000, gap=68.531%, AF=0.882, #solved=22428
*66s: GLB=753347.677, best=2393933.000, gap=68.531%, AF=0.882, #solved=22428
*66s: GLB=753347.677, best=2393933.000, gap=68.531%, AF=0.882, #solved=22596
*67s: GLB=762865.499, best=2393933.000, gap=68.133%, AF=0.882, #solved=22875
*67s: GLB=762865.499, best=2393933.000, gap=68.133%, AF=0.882, #solved=23022
*67s: GLB=762865.499, best=2393933.000, gap=68.133%, AF=0.882, #solved=23039
*67s: GLB=762865.499, best=2393933.000, gap=68.133%, AF=0.882, #solved=23435
*67s: GLB=762865.499, best=2393933.000, gap=68.133%, AF=0.882, #solved=23524
*67s: GLB=762865.499, best=2393933.000, gap=68.133%, AF=0.882, #solved=23766
*67s: GLB=762865.499, best=2393933.000, gap=68.133%, AF=0.882, #solved=23813
*67s: GLB=762865.499, best=2393933.000, gap=68.133%, AF=0.882, #solved=23852
*67s: GLB=762865.499, best=2393933.000, gap=68.133%, AF=0.882, #solved=23942
*67s: GLB=762865.499, best=2393933.000, gap=68.133%, AF=0.882, #solved=23998
*67s: GLB=762865.499, best=2393933.000, gap=68.133%, AF=0.882, #solved=24099
*67s: GLB=762865.499, best=2393933.000, gap=68.133%, AF=0.882, #solved=24116
*67s: GLB=762865.499, best=2393933.000, gap=68.133%, AF=0.882, #solved=24261
t13:0s(:17.941,16.172,0.461) [834/167(1000)] dpt:13 [ 1626974.068, 1291350.711, 2393933.000, 46.057%] cutoff:334 AF:0.882
*67s: GLB=762865.499, best=2393933.000, gap=68.133%, AF=0.882, #solved=24375
*67s: GLB=762865.499, best=2393933.000, gap=68.133%, AF=0.882, #solved=24542
*67s: GLB=762865.499, best=2393933.000, gap=68.133%, AF=0.882, #solved=24587
*68s: GLB=762865.499, best=2393933.000, gap=68.133%, AF=0.882, #solved=24722
*68s: GLB=762865.499, best=2393933.000, gap=68.133%, AF=0.882, #solved=24741
*68s: GLB=762865.499, best=2393933.000, gap=68.133%, AF=0.882, #solved=24791
*68s: GLB=762865.499, best=2393933.000, gap=68.133%, AF=0.882, #solved=24858
*68s: GLB=762865.499, best=2393933.000, gap=68.133%, AF=0.882, #solved=24921
*68s: GLB=762865.499, best=2393933.000, gap=68.133%, AF=0.882, #solved=25077
*68s: GLB=762865.499, best=2393933.000, gap=68.133%, AF=0.882, #solved=25145
*68s: GLB=762865.499, best=2393933.000, gap=68.133%, AF=0.882, #solved=25145
*68s: GLB=762865.499, best=2393933.000, gap=68.133%, AF=0.882, #solved=25226
*68s: GLB=762865.499, best=2393933.000, gap=68.133%, AF=0.882, #solved=25401
*68s: GLB=762865.499, best=2393933.000, gap=68.133%, AF=0.882, #solved=25413
*68s: GLB=762865.499, best=2393933.000, gap=68.133%, AF=0.882, #solved=25433
*68s: GLB=762865.499, best=2393933.000, gap=68.133%, AF=0.882, #solved=25598
*68s: GLB=762865.499, best=2393933.000, gap=68.133%, AF=0.882, #solved=25618
*68s: GLB=762865.499, best=2393933.000, gap=68.133%, AF=0.882, #solved=25674
*68s: GLB=762865.499, best=2393933.000, gap=68.133%, AF=0.882, #solved=25745
*68s: GLB=762865.499, best=2393933.000, gap=68.133%, AF=0.882, #solved=25789
*68s: GLB=762865.499, best=2393933.000, gap=68.133%, AF=0.882, #solved=26180
t13:1s(:23.898,21.771,0.562) [1879/122(2000)] dpt:19 [ 3029810.916, 1487557.546, 2393933.000, 37.861%] cutoff:546 AF:0.882
*68s: GLB=762865.499, best=2393933.000, gap=68.133%, AF=0.882, #solved=26331
*68s: GLB=762865.499, best=2393933.000, gap=68.133%, AF=0.882, #solved=26735
*68s: GLB=762865.499, best=2393933.000, gap=68.133%, AF=0.882, #solved=27006
*68s: GLB=762865.499, best=2393933.000, gap=68.133%, AF=0.882, #solved=27098
*68s: GLB=762865.499, best=2393933.000, gap=68.133%, AF=0.882, #solved=27120
*68s: GLB=762865.499, best=2393933.000, gap=68.133%, AF=0.882, #solved=27120
*68s: GLB=762865.499, best=2393933.000, gap=68.133%, AF=0.882, #solved=27315
*68s: GLB=762865.499, best=2393933.000, gap=68.133%, AF=0.882, #solved=27406
*69s: GLB=762865.499, best=2393933.000, gap=68.133%, AF=0.882, #solved=27485
*69s: GLB=762865.499, best=2393933.000, gap=68.133%, AF=0.882, #solved=27566
*69s: GLB=762865.499, best=2393933.000, gap=68.133%, AF=0.882, #solved=27586
*69s: GLB=762865.499, best=2393933.000, gap=68.133%, AF=0.882, #solved=27594
*69s: GLB=764138.366, best=2393933.000, gap=68.080%, AF=0.882, #solved=27624
*69s: GLB=764138.366, best=2393933.000, gap=68.080%, AF=0.882, #solved=27646
*69s: GLB=764138.366, best=2393933.000, gap=68.080%, AF=0.882, #solved=27724
*69s: GLB=764138.366, best=2393933.000, gap=68.080%, AF=0.882, #solved=27795
*69s: GLB=764138.366, best=2393933.000, gap=68.080%, AF=0.882, #solved=27943
*69s: GLB=764138.366, best=2393933.000, gap=68.080%, AF=0.882, #solved=28188
*69s: GLB=764138.366, best=2393933.000, gap=68.080%, AF=0.882, #solved=28215
*69s: GLB=764138.366, best=2393933.000, gap=68.080%, AF=0.882, #solved=28264
*69s: GLB=764138.366, best=2393933.000, gap=68.080%, AF=0.882, #solved=28281
*69s: GLB=764138.366, best=2393933.000, gap=68.080%, AF=0.882, #solved=28360
t13:0s(:13.282,12.069,0.295) [992/9(1000)] dpt:26 [ 3046488.486, 2137515.650, 2393933.000, 10.711%] cutoff:493 AF:0.882
t13:0s(:0.058,0.050,0.001) [886/115(1000)] dpt:15 [ 3249447.731, 1333624.321, 2393933.000, 44.291%] cutoff:387 AF:0.882
t13:0s(:0.057,0.049,0.001) [878/123(1000)] dpt:15 [ 2743646.774, 1491187.664, 2393933.000, 37.710%] cutoff:379 AF:0.882
t13:1s(:0.065,0.057,0.001) [935/66(1000)] dpt:17 [ 1798643.930, 1503161.836, 2393933.000, 37.210%] cutoff:435 AF:0.882
t13:0s(:0.064,0.055,0.001) [963/38(1000)] dpt:20 [ 2730077.966, 1447586.251, 2393933.000, 39.531%] cutoff:464 AF:0.882
t13:0s(:0.055,0.047,0.001) [911/90(1000)] dpt:16 [ 2230787.226, 1667618.510, 2393933.000, 30.340%] cutoff:411 AF:0.882
t13:0s(:0.055,0.047,0.001) [898/103(1000)] dpt:16 [ 1974299.419, 1502546.299, 2393933.000, 37.235%] cutoff:398 AF:0.882
t13:0s(:0.064,0.056,0.001) [987/14(1000)] dpt:23 [ 3168899.558, 2077790.114, 2393933.000, 13.206%] cutoff:488 AF:0.882
t13:0s(:0.058,0.050,0.001) [885/116(1000)] dpt:15 [ 3427568.736, 1358771.259, 2393933.000, 43.241%] cutoff:386 AF:0.882
t13:0s(:0.070,0.061,0.001) [993/8(1000)] dpt:22 [ 3021369.095, 2179945.049, 2393933.000, 8.939%] cutoff:494 AF:0.882
End

SVPSOLVER found an optimal solution

time: 70s
best value: 2393933.000
norm: 1547.234
AF: 0.882
Nodes: 2267300
best solution:
 0: 1.000
