Bounds: 
x_0: [ -8.000, 8.000]
x_1: [ -8.000, 8.000]
x_2: [ -20.000, 20.000]
x_3: [ -13.000, 13.000]
x_4: [ -7.000, 7.000]
x_5: [ -11.000, 11.000]
x_6: [ -11.000, 11.000]
x_7: [ -14.000, 14.000]
x_8: [ -7.000, 7.000]
x_9: [ -6.000, 6.000]
x_10: [ -12.000, 12.000]
x_11: [ -5.000, 5.000]
x_12: [ -6.000, 6.000]
x_13: [ -4.000, 4.000]
x_14: [ -5.000, 5.000]
x_15: [ -11.000, 11.000]
x_16: [ -12.000, 12.000]
x_17: [ -9.000, 9.000]
x_18: [ -5.000, 5.000]
x_19: [ -5.000, 5.000]
x_20: [ -4.000, 4.000]
x_21: [ -4.000, 4.000]
x_22: [ -4.000, 4.000]
x_23: [ -8.000, 8.000]
x_24: [ -4.000, 4.000]
x_25: [ -7.000, 7.000]
x_26: [ -6.000, 6.000]
x_27: [ -5.000, 5.000]
x_28: [ -5.000, 5.000]
x_29: [ -6.000, 6.000]
x_30: [ -5.000, 5.000]
x_31: [ -4.000, 4.000]
x_32: [ -3.000, 3.000]
x_33: [ -3.000, 3.000]
x_34: [ -3.000, 3.000]
x_35: [ -3.000, 3.000]
x_36: [ -2.000, 2.000]
x_37: [ -3.000, 3.000]
x_38: [ -3.000, 3.000]
x_39: [ -3.000, 3.000]
x_40: [ -3.000, 3.000]
x_41: [ -2.000, 2.000]
x_42: [ -2.000, 2.000]
0s(:0.062,0.050,0.001) [500/501(1000)] dpt:8 [ 1325737.211, 301191.893, 2388235.000, 87.389%] cutoff:0 AF:0.899
0s(:0.048,0.040,0.000) [1000/1001(2000)] dpt:9 [ 1333342.518, 301191.893, 2388235.000, 87.389%] cutoff:0 AF:0.899
0s(:0.040,0.034,0.000) [1501/1500(3000)] dpt:10 [ 1051150.126, 301191.893, 2388235.000, 87.389%] cutoff:1 AF:0.899
0s(:0.039,0.034,0.000) [2005/1996(4000)] dpt:10 [ 1657809.634, 301191.893, 2388235.000, 87.389%] cutoff:4 AF:0.899
0s(:0.031,0.026,0.000) [2515/2486(5000)] dpt:11 [ 1638114.595, 301191.893, 2388235.000, 87.389%] cutoff:10 AF:0.899
0s(:0.034,0.029,0.000) [3021/2980(6000)] dpt:11 [ 1399718.382, 301191.893, 2388235.000, 87.389%] cutoff:6 AF:0.899
0s(:0.036,0.032,0.000) [3535/3466(7000)] dpt:11 [ 1487940.691, 301191.893, 2388235.000, 87.389%] cutoff:14 AF:0.899
0s(:0.033,0.029,0.000) [4040/3961(8000)] dpt:11 [ 1317283.808, 301191.893, 2388235.000, 87.389%] cutoff:5 AF:0.899
0s(:0.032,0.027,0.000) [4598/4403(9000)] dpt:12 [ 1773693.140, 301191.893, 2388235.000, 87.389%] cutoff:58 AF:0.899
Sorting Time: 0.001s
0s(:0.033,0.028,0.000) [7511/4876(10000)] dpt:12 [ 402083.521, 301191.893, 2388235.000, 87.389%] cutoff:27 AF:0.899
0s(:0.035,0.030,0.000) [9563/5376(11000)] dpt:13 [ 970103.801, 301191.893, 2388235.000, 87.389%] cutoff:0 AF:0.899
0s(:0.034,0.029,0.000) [7429/5876(12000)] dpt:12 [ 1482097.648, 301191.893, 2388235.000, 87.389%] cutoff:0 AF:0.899
0s(:0.034,0.029,0.000) [7377/6376(13000)] dpt:12 [ 1281097.026, 301191.893, 2388235.000, 87.389%] cutoff:0 AF:0.899
0s(:0.034,0.029,0.000) [7646/6875(14000)] dpt:12 [ 1451150.898, 301191.893, 2388235.000, 87.389%] cutoff:1 AF:0.899
0s(:0.033,0.028,0.000) [9017/7372(15000)] dpt:13 [ 2019818.178, 301191.893, 2388235.000, 87.389%] cutoff:3 AF:0.899
0s(:0.034,0.029,0.000) [9250/7867(16000)] dpt:13 [ 1796513.857, 301191.893, 2388235.000, 87.389%] cutoff:5 AF:0.899
0s(:0.035,0.030,0.000) [5710/8343(17000)] dpt:12 [ 1892802.677, 301191.893, 2388235.000, 87.389%] cutoff:24 AF:0.899
0s(:0.037,0.032,0.000) [9922/8783(18000)] dpt:13 [ 2390386.532, 301191.893, 2388235.000, 87.389%] cutoff:61 AF:0.899
0s(:0.051,0.044,0.001) [10045/8956(19000)] dpt:13 [ 714733.282, 301191.893, 2388235.000, 87.389%] cutoff:326 AF:0.899
Sorting Time: 0.001s
0s(:0.034,0.028,0.000) [18919/9455(20000)] dpt:14 [ 301191.893, 301191.893, 2388235.000, 87.389%] cutoff:1 AF:0.899
0s(:0.033,0.029,0.000) [19991/9955(21000)] dpt:14 [ 1209192.482, 301191.893, 2388235.000, 87.389%] cutoff:0 AF:0.899
0s(:0.030,0.026,0.000) [11251/10454(22000)] dpt:13 [ 1491308.255, 301191.893, 2388235.000, 87.389%] cutoff:1 AF:0.899
0s(:0.030,0.026,0.000) [18940/10953(23000)] dpt:15 [ 1185142.111, 301191.893, 2388235.000, 87.389%] cutoff:1 AF:0.899
0s(:0.030,0.026,0.000) [12836/11449(24000)] dpt:13 [ 1327794.950, 301191.893, 2388235.000, 87.389%] cutoff:4 AF:0.899
0s(:0.030,0.026,0.000) [13467/11948(25000)] dpt:13 [ 1483658.498, 301191.893, 2388235.000, 87.389%] cutoff:1 AF:0.899
1s(:0.030,0.025,0.000) [12112/12443(26000)] dpt:14 [ 1477770.942, 301191.893, 2388235.000, 87.389%] cutoff:5 AF:0.899
1s(:0.029,0.024,0.000) [14388/12941(27000)] dpt:13 [ 1826472.180, 301191.893, 2388235.000, 87.389%] cutoff:2 AF:0.899
1s(:0.028,0.024,0.000) [11532/13435(28000)] dpt:14 [ 1912903.261, 301191.893, 2388235.000, 87.389%] cutoff:6 AF:0.899
1s(:0.028,0.024,0.000) [14226/13931(29000)] dpt:13 [ 1707745.044, 301191.893, 2388235.000, 87.389%] cutoff:4 AF:0.899
Sorting Time: 0.002s
1s(:0.031,0.025,0.000) [20001/14420(30000)] dpt:15 [ 301191.893, 301191.893, 2388235.000, 87.389%] cutoff:11 AF:0.899
1s(:0.033,0.029,0.000) [21016/14919(31000)] dpt:14 [ 986624.159, 301191.893, 2388235.000, 87.389%] cutoff:1 AF:0.899
1s(:0.031,0.027,0.000) [21795/15416(32000)] dpt:14 [ 1341879.045, 301191.893, 2388235.000, 87.389%] cutoff:3 AF:0.899
1s(:0.030,0.025,0.000) [22495/15912(33000)] dpt:15 [ 1152604.895, 301191.893, 2388235.000, 87.389%] cutoff:4 AF:0.899
1s(:0.031,0.027,0.000) [22885/16412(34000)] dpt:14 [ 1824283.937, 301191.893, 2388235.000, 87.389%] cutoff:0 AF:0.899
1s(:0.031,0.027,0.000) [22407/16910(35000)] dpt:16 [ 1297791.366, 301191.893, 2388235.000, 87.389%] cutoff:2 AF:0.899
1s(:0.031,0.026,0.000) [25105/17408(36000)] dpt:14 [ 1887650.864, 301191.893, 2388235.000, 87.389%] cutoff:2 AF:0.899
1s(:0.031,0.026,0.000) [23280/17905(37000)] dpt:14 [ 1974509.780, 301191.893, 2388235.000, 87.389%] cutoff:3 AF:0.899
1s(:0.031,0.027,0.000) [26137/18404(38000)] dpt:14 [ 1459709.972, 301191.893, 2388235.000, 87.389%] cutoff:1 AF:0.899
1s(:0.030,0.026,0.000) [27014/18903(39000)] dpt:14 [ 1838841.759, 301191.893, 2388235.000, 87.389%] cutoff:1 AF:0.899
Sorting Time: 0.002s
1s(:0.032,0.025,0.000) [30001/19396(40000)] dpt:16 [ 301191.893, 301191.893, 2388235.000, 87.389%] cutoff:7 AF:0.899
1s(:0.034,0.030,0.000) [30553/19896(41000)] dpt:16 [ 946901.021, 301191.893, 2388235.000, 87.389%] cutoff:0 AF:0.899
1s(:0.033,0.029,0.000) [31850/20395(42000)] dpt:15 [ 1065505.875, 301191.893, 2388235.000, 87.389%] cutoff:1 AF:0.899
1s(:0.032,0.028,0.000) [32073/20894(43000)] dpt:16 [ 1155952.941, 301191.893, 2388235.000, 87.389%] cutoff:1 AF:0.899
1s(:0.032,0.027,0.000) [33826/21393(44000)] dpt:16 [ 1259388.679, 301191.893, 2388235.000, 87.389%] cutoff:1 AF:0.899
1s(:0.032,0.027,0.000) [33201/21892(45000)] dpt:16 [ 1822292.578, 301191.893, 2388235.000, 87.389%] cutoff:1 AF:0.899
1s(:0.031,0.026,0.000) [34099/22390(46000)] dpt:15 [ 1411815.673, 301191.893, 2388235.000, 87.389%] cutoff:2 AF:0.899
1s(:0.031,0.027,0.000) [35527/22888(47000)] dpt:15 [ 1500465.242, 301191.893, 2388235.000, 87.389%] cutoff:2 AF:0.899
1s(:0.032,0.027,0.000) [37086/23387(48000)] dpt:15 [ 1610549.445, 301191.893, 2388235.000, 87.389%] cutoff:1 AF:0.899
1s(:0.032,0.027,0.000) [37789/23884(49000)] dpt:15 [ 1661733.603, 301191.893, 2388235.000, 87.389%] cutoff:3 AF:0.899
Sorting Time: 0.003s
1s(:0.035,0.027,0.000) [40001/24381(50000)] dpt:17 [ 301191.893, 301191.893, 2388235.000, 87.389%] cutoff:3 AF:0.899
1s(:0.033,0.029,0.000) [40539/24877(51000)] dpt:18 [ 1542728.349, 301191.893, 2388235.000, 87.389%] cutoff:4 AF:0.899
1s(:0.033,0.029,0.000) [42114/25376(52000)] dpt:17 [ 1081807.342, 301191.893, 2388235.000, 87.389%] cutoff:1 AF:0.899
1s(:0.033,0.028,0.000) [43141/25871(53000)] dpt:16 [ 1815084.044, 301191.893, 2388235.000, 87.389%] cutoff:5 AF:0.899
1s(:0.032,0.027,0.000) [41871/26367(54000)] dpt:16 [ 1222882.275, 301191.893, 2388235.000, 87.389%] cutoff:4 AF:0.899
1s(:0.033,0.029,0.000) [44905/26863(55000)] dpt:17 [ 1358029.432, 301191.893, 2388235.000, 87.389%] cutoff:4 AF:0.899
1s(:0.031,0.027,0.000) [41518/27362(56000)] dpt:17 [ 1315674.339, 301191.893, 2388235.000, 87.389%] cutoff:1 AF:0.899
2s(:0.033,0.028,0.000) [46039/27857(57000)] dpt:16 [ 1638702.762, 301191.893, 2388235.000, 87.389%] cutoff:5 AF:0.899
2s(:0.031,0.026,0.000) [47035/28353(58000)] dpt:17 [ 1401971.632, 301191.893, 2388235.000, 87.389%] cutoff:4 AF:0.899
2s(:0.033,0.028,0.000) [48524/28844(59000)] dpt:16 [ 1426315.593, 301191.893, 2388235.000, 87.389%] cutoff:9 AF:0.899
Sorting Time: 0.007s
2s(:0.041,0.028,0.001) [50001/29341(60000)] dpt:18 [ 669104.209, 301191.893, 2388235.000, 87.389%] cutoff:3 AF:0.899
2s(:0.033,0.028,0.000) [51183/29839(61000)] dpt:18 [ 1578683.997, 301191.893, 2388235.000, 87.389%] cutoff:2 AF:0.899
Parallel mode ----------------------------------------------------------------------------------------
*2s: GLB=301191.893, best=2388235.000, gap=87.389%, AF=0.899, #solved=1
*2s: GLB=301191.893, best=2388235.000, gap=87.389%, AF=0.899, #solved=2
*2s: GLB=301191.893, best=2388235.000, gap=87.389%, AF=0.899, #solved=3
*2s: GLB=301191.893, best=2388235.000, gap=87.389%, AF=0.899, #solved=4
*2s: GLB=301191.893, best=2388235.000, gap=87.389%, AF=0.899, #solved=5
*2s: GLB=301191.893, best=2388235.000, gap=87.389%, AF=0.899, #solved=6
*2s: GLB=301191.893, best=2388235.000, gap=87.389%, AF=0.899, #solved=8
*2s: GLB=301191.893, best=2388235.000, gap=87.389%, AF=0.899, #solved=9
*2s: GLB=301191.893, best=2388235.000, gap=87.389%, AF=0.899, #solved=10
*2s: GLB=301191.893, best=2388235.000, gap=87.389%, AF=0.899, #solved=11
*2s: GLB=301191.893, best=2388235.000, gap=87.389%, AF=0.899, #solved=12
*2s: GLB=301191.893, best=2388235.000, gap=87.389%, AF=0.899, #solved=14
*2s: GLB=301191.893, best=2388235.000, gap=87.389%, AF=0.899, #solved=18
*2s: GLB=301191.893, best=2388235.000, gap=87.389%, AF=0.899, #solved=20
*2s: GLB=301191.893, best=2388235.000, gap=87.389%, AF=0.899, #solved=28
*2s: GLB=301191.893, best=2388235.000, gap=87.389%, AF=0.899, #solved=35
*2s: GLB=301191.893, best=2388235.000, gap=87.389%, AF=0.899, #solved=41
*2s: GLB=301191.893, best=2388235.000, gap=87.389%, AF=0.899, #solved=42
*2s: GLB=301191.893, best=2388235.000, gap=87.389%, AF=0.899, #solved=46
*2s: GLB=301191.893, best=2388235.000, gap=87.389%, AF=0.899, #solved=48
*2s: GLB=301191.893, best=2388235.000, gap=87.389%, AF=0.899, #solved=51
*2s: GLB=301191.893, best=2388235.000, gap=87.389%, AF=0.899, #solved=53
*2s: GLB=301191.893, best=2388235.000, gap=87.389%, AF=0.899, #solved=56
*2s: GLB=301191.893, best=2388235.000, gap=87.389%, AF=0.899, #solved=58
*2s: GLB=301191.893, best=2388235.000, gap=87.389%, AF=0.899, #solved=62
*2s: GLB=301191.893, best=2388235.000, gap=87.389%, AF=0.899, #solved=81
*2s: GLB=301191.893, best=2388235.000, gap=87.389%, AF=0.899, #solved=90
*2s: GLB=301191.893, best=2388235.000, gap=87.389%, AF=0.899, #solved=101
*2s: GLB=301191.893, best=2388235.000, gap=87.389%, AF=0.899, #solved=120
*2s: GLB=301191.893, best=2388235.000, gap=87.389%, AF=0.899, #solved=124
t26:0s(:14.126,13.261,0.220) [946/55(1000)] dpt:20 [ 2178849.689, 1796042.444, 2388235.000, 24.796%] cutoff:446 AF:0.899
*2s: GLB=301191.893, best=2388235.000, gap=87.389%, AF=0.899, #solved=141
*3s: GLB=301191.893, best=2388235.000, gap=87.389%, AF=0.899, #solved=166
t26:0s(:18.549,16.925,0.450) [729/272(1000)] dpt:11 [ 2688439.306, 301191.893, 2388235.000, 87.389%] cutoff:230 AF:0.899
t11:0s(:26.907,24.849,0.566) [918/83(1000)] dpt:16 [ 3814661.034, 1532745.618, 2388235.000, 35.821%] cutoff:419 AF:0.899
t26:1s(:23.644,21.622,0.569) [1653/348(2000)] dpt:14 [ 2394964.538, 301191.893, 2388235.000, 87.389%] cutoff:424 AF:0.899
t26:2s(:26.266,24.089,0.612) [2645/356(3000)] dpt:17 [ 2024257.150, 301191.893, 2388235.000, 87.389%] cutoff:491 AF:0.899
t26:3s(:27.313,25.083,0.627) [3658/343(4000)] dpt:19 [ 3105801.046, 449423.756, 2388235.000, 81.182%] cutoff:514 AF:0.899
t26:3s(:28.704,26.376,0.657) [4761/240(5000)] dpt:23 [ 1937833.294, 491621.607, 2388235.000, 79.415%] cutoff:602 AF:0.899
t11:1s(:29.235,27.102,0.578) [983/18(1000)] dpt:22 [ 2339960.146, 2229176.877, 2388235.000, 6.660%] cutoff:483 AF:0.899
t26:5s(:32.782,30.137,0.760) [5998/3(6000)] dpt:49 [ 3738212.024, 2026134.174, 2388235.000, 15.162%] cutoff:738 AF:0.899
t25:1s(:27.139,24.951,0.601) [973/28(1000)] dpt:21 [ 2055219.301, 1973274.911, 2388235.000, 17.375%] cutoff:473 AF:0.899
t11:1s(:26.027,23.955,0.569) [940/61(1000)] dpt:17 [ 1806740.364, 1710193.537, 2388235.000, 28.391%] cutoff:440 AF:0.899
t26:1s(:23.250,21.341,0.533) [900/101(1000)] dpt:15 [ 2784750.999, 1352035.330, 2388235.000, 43.388%] cutoff:401 AF:0.899
t26:1s(:21.167,19.276,0.529) [865/136(1000)] dpt:14 [ 3305413.376, 400474.236, 2388235.000, 83.231%] cutoff:366 AF:0.899
t11:1s(:29.401,27.166,0.610) [988/13(1000)] dpt:23 [ 3107190.110, 1847670.283, 2388235.000, 22.634%] cutoff:489 AF:0.899
t26:2s(:31.850,29.431,0.694) [1992/9(2000)] dpt:30 [ 4374498.691, 1654614.249, 2388235.000, 30.718%] cutoff:627 AF:0.899
t26:1s(:24.236,22.223,0.545) [983/18(1000)] dpt:21 [ 2122425.998, 1911226.742, 2388235.000, 19.973%] cutoff:483 AF:0.899
t11:0s(:26.239,24.188,0.556) [976/25(1000)] dpt:24 [ 2569767.176, 1840358.151, 2388235.000, 22.941%] cutoff:477 AF:0.899
t25:1s(:23.727,21.707,0.556) [940/61(1000)] dpt:16 [ 2937265.725, 1666899.920, 2388235.000, 30.204%] cutoff:441 AF:0.899
t30:1s(:28.561,26.368,0.592) [966/35(1000)] dpt:18 [ 3003584.081, 1795829.897, 2388235.000, 24.805%] cutoff:467 AF:0.899
t26:0s(:14.484,12.910,0.438) [768/233(1000)] dpt:11 [ 3087342.307, 931617.808, 2388235.000, 60.991%] cutoff:269 AF:0.899
t11:1s(:26.736,24.678,0.553) [993/8(1000)] dpt:25 [ 2272915.773, 2163721.580, 2388235.000, 9.401%] cutoff:493 AF:0.899
*14s: GLB=475173.189, best=2388235.000, gap=80.104%, AF=0.899, #solved=1967
*14s: GLB=475173.189, best=2388235.000, gap=80.104%, AF=0.899, #solved=1980
t26:1s(:18.979,17.141,0.512) [1709/292(2000)] dpt:14 [ 2322022.033, 1189516.916, 2388235.000, 50.193%] cutoff:440 AF:0.899
t9:0s(:25.076,22.864,0.597) [984/17(1000)] dpt:21 [ 3218843.067, 2178397.526, 2388235.000, 8.786%] cutoff:485 AF:0.899
t26:2s(:23.758,21.539,0.621) [2814/187(3000)] dpt:19 [ 3133682.379, 1415243.281, 2388235.000, 40.741%] cutoff:606 AF:0.899
*15s: GLB=475173.189, best=2388235.000, gap=80.104%, AF=0.899, #solved=2228
*16s: GLB=475173.189, best=2388235.000, gap=80.104%, AF=0.899, #solved=2262
*16s: GLB=475173.189, best=2388235.000, gap=80.104%, AF=0.899, #solved=2307
*16s: GLB=475173.189, best=2388235.000, gap=80.104%, AF=0.899, #solved=2326
*16s: GLB=475173.189, best=2388235.000, gap=80.104%, AF=0.899, #solved=2348
t26:1s(:18.529,16.797,0.475) [834/167(1000)] dpt:12 [ 2408131.400, 1335456.423, 2388235.000, 44.082%] cutoff:335 AF:0.899
*16s: GLB=475173.189, best=2388235.000, gap=80.104%, AF=0.899, #solved=2369
t26:2s(:27.671,25.396,0.619) [1982/19(2000)] dpt:23 [ 3382056.614, 1909210.343, 2388235.000, 20.058%] cutoff:648 AF:0.899
*18s: GLB=520757.907, best=2388235.000, gap=78.195%, AF=0.899, #solved=2618
*18s: GLB=520757.907, best=2388235.000, gap=78.195%, AF=0.899, #solved=2684
t26:1s(:17.948,16.142,0.500) [879/122(1000)] dpt:13 [ 1965174.193, 1461905.812, 2388235.000, 38.787%] cutoff:379 AF:0.899
*19s: GLB=520757.907, best=2388235.000, gap=78.195%, AF=0.899, #solved=2839
*19s: GLB=520757.907, best=2388235.000, gap=78.195%, AF=0.899, #solved=2872
*20s: GLB=572156.688, best=2388235.000, gap=76.043%, AF=0.899, #solved=2985
*20s: GLB=577485.832, best=2388235.000, gap=75.820%, AF=0.899, #solved=3132
*21s: GLB=577485.832, best=2388235.000, gap=75.820%, AF=0.899, #solved=3179
t11:1s(:20.981,19.016,0.535) [928/73(1000)] dpt:15 [ 2867748.198, 1556961.103, 2388235.000, 34.807%] cutoff:429 AF:0.899
*21s: GLB=577485.832, best=2388235.000, gap=75.820%, AF=0.899, #solved=3208
t26:1s(:17.284,15.445,0.507) [915/86(1000)] dpt:13 [ 2318277.593, 1086603.848, 2388235.000, 54.502%] cutoff:415 AF:0.899
*21s: GLB=577485.832, best=2388235.000, gap=75.820%, AF=0.899, #solved=3281
*21s: GLB=582111.865, best=2388235.000, gap=75.626%, AF=0.899, #solved=3357
t26:1s(:14.502,13.017,0.409) [730/271(1000)] dpt:11 [ 2792073.121, 1147758.368, 2388235.000, 51.941%] cutoff:231 AF:0.899
t26:1s(:20.378,18.423,0.541) [1701/300(2000)] dpt:14 [ 2672198.528, 1291455.993, 2388235.000, 45.924%] cutoff:471 AF:0.899
t11:1s(:22.273,20.435,0.504) [914/87(1000)] dpt:15 [ 3203532.384, 1635676.537, 2388235.000, 31.511%] cutoff:415 AF:0.899
t30:1s(:22.896,20.796,0.574) [941/60(1000)] dpt:17 [ 2284728.384, 1745170.290, 2388235.000, 26.926%] cutoff:441 AF:0.899
t26:2s(:26.142,23.878,0.628) [2824/177(3000)] dpt:19 [ 3575918.971, 1383843.343, 2388235.000, 42.056%] cutoff:623 AF:0.899
*23s: GLB=582111.865, best=2388235.000, gap=75.626%, AF=0.899, #solved=3765
*23s: GLB=582111.865, best=2388235.000, gap=75.626%, AF=0.899, #solved=3779
t25:1s(:26.121,23.925,0.595) [955/46(1000)] dpt:18 [ 2429385.884, 1605183.648, 2388235.000, 32.788%] cutoff:456 AF:0.899
*24s: GLB=604487.507, best=2388235.000, gap=74.689%, AF=0.899, #solved=4059
*25s: GLB=607443.853, best=2388235.000, gap=74.565%, AF=0.899, #solved=4108
t11:1s(:24.994,22.916,0.560) [981/20(1000)] dpt:22 [ 2330204.409, 2029038.943, 2388235.000, 15.040%] cutoff:481 AF:0.899
t30:1s(:26.354,24.123,0.601) [969/32(1000)] dpt:20 [ 2339982.782, 1994714.035, 2388235.000, 16.477%] cutoff:469 AF:0.899
*25s: GLB=632034.403, best=2388235.000, gap=73.536%, AF=0.899, #solved=4309
*25s: GLB=632034.403, best=2388235.000, gap=73.536%, AF=0.899, #solved=4328
*26s: GLB=632484.790, best=2388235.000, gap=73.517%, AF=0.899, #solved=4521
*26s: GLB=632484.790, best=2388235.000, gap=73.517%, AF=0.899, #solved=4571
t26:1s(:21.788,19.913,0.518) [911/90(1000)] dpt:15 [ 3047419.358, 1408298.303, 2388235.000, 41.032%] cutoff:412 AF:0.899
*27s: GLB=632484.790, best=2388235.000, gap=73.517%, AF=0.899, #solved=4590
*27s: GLB=632484.790, best=2388235.000, gap=73.517%, AF=0.899, #solved=4624
*27s: GLB=632484.790, best=2388235.000, gap=73.517%, AF=0.899, #solved=4766
*27s: GLB=632484.790, best=2388235.000, gap=73.517%, AF=0.899, #solved=4783
t26:1s(:20.071,18.336,0.478) [912/89(1000)] dpt:15 [ 3403191.448, 1351891.866, 2388235.000, 43.394%] cutoff:413 AF:0.899
*28s: GLB=632484.790, best=2388235.000, gap=73.517%, AF=0.899, #solved=4891
*28s: GLB=632484.790, best=2388235.000, gap=73.517%, AF=0.899, #solved=4983
*28s: GLB=632484.790, best=2388235.000, gap=73.517%, AF=0.899, #solved=4985
*28s: GLB=632484.790, best=2388235.000, gap=73.517%, AF=0.899, #solved=5001
*28s: GLB=632484.790, best=2388235.000, gap=73.517%, AF=0.899, #solved=5026
t11:1s(:24.923,22.934,0.531) [964/37(1000)] dpt:20 [ 2990500.709, 1722836.135, 2388235.000, 27.862%] cutoff:465 AF:0.899
*28s: GLB=632484.790, best=2388235.000, gap=73.517%, AF=0.899, #solved=5040
*29s: GLB=669104.209, best=2388235.000, gap=71.983%, AF=0.899, #solved=5335
*29s: GLB=669104.209, best=2388235.000, gap=71.983%, AF=0.899, #solved=5360
t26:0s(:18.776,17.027,0.485) [856/145(1000)] dpt:14 [ 3381183.523, 1461121.996, 2388235.000, 38.820%] cutoff:357 AF:0.899
*29s: GLB=669104.209, best=2388235.000, gap=71.983%, AF=0.899, #solved=5423
*30s: GLB=669104.209, best=2388235.000, gap=71.983%, AF=0.899, #solved=5514
*30s: GLB=669104.209, best=2388235.000, gap=71.983%, AF=0.899, #solved=5628
*30s: GLB=669104.209, best=2388235.000, gap=71.983%, AF=0.899, #solved=5664
*30s: GLB=669104.209, best=2388235.000, gap=71.983%, AF=0.899, #solved=5738
*31s: GLB=680590.679, best=2388235.000, gap=71.502%, AF=0.899, #solved=5818
*31s: GLB=680590.679, best=2388235.000, gap=71.502%, AF=0.899, #solved=5924
*31s: GLB=680590.679, best=2388235.000, gap=71.502%, AF=0.899, #solved=6067
t26:0s(:23.135,21.240,0.524) [935/66(1000)] dpt:16 [ 1668300.816, 1651741.248, 2388235.000, 30.838%] cutoff:435 AF:0.899
t26:0s(:14.815,13.257,0.423) [779/222(1000)] dpt:11 [ 2726513.473, 1116839.613, 2388235.000, 53.236%] cutoff:280 AF:0.899
*33s: GLB=683377.651, best=2388235.000, gap=71.386%, AF=0.899, #solved=6461
*33s: GLB=683377.651, best=2388235.000, gap=71.386%, AF=0.899, #solved=6539
*33s: GLB=683377.651, best=2388235.000, gap=71.386%, AF=0.899, #solved=6561
t26:1s(:24.075,21.928,0.583) [1826/175(2000)] dpt:16 [ 2421502.267, 1297301.899, 2388235.000, 45.679%] cutoff:547 AF:0.899
t11:1s(:25.204,23.142,0.552) [997/4(1000)] dpt:29 [ 2528156.772, 2321590.122, 2388235.000, 2.791%] cutoff:498 AF:0.899
*33s: GLB=683377.651, best=2388235.000, gap=71.386%, AF=0.899, #solved=6774
*34s: GLB=698143.014, best=2388235.000, gap=70.767%, AF=0.899, #solved=7074
*35s: GLB=698143.014, best=2388235.000, gap=70.767%, AF=0.899, #solved=7167
*35s: GLB=698143.014, best=2388235.000, gap=70.767%, AF=0.899, #solved=7165
*35s: GLB=698143.014, best=2388235.000, gap=70.767%, AF=0.899, #solved=7182
t26:1s(:21.544,19.714,0.509) [948/53(1000)] dpt:18 [ 2496933.122, 1326996.216, 2388235.000, 44.436%] cutoff:449 AF:0.899
t11:0s(:20.089,18.256,0.493) [917/84(1000)] dpt:16 [ 2437295.160, 1473485.054, 2388235.000, 38.302%] cutoff:418 AF:0.899
*35s: GLB=698143.014, best=2388235.000, gap=70.767%, AF=0.899, #solved=7379
*35s: GLB=698143.014, best=2388235.000, gap=70.767%, AF=0.899, #solved=7407
*35s: GLB=698143.014, best=2388235.000, gap=70.767%, AF=0.899, #solved=7409
*35s: GLB=706001.393, best=2388235.000, gap=70.438%, AF=0.899, #solved=7471
*36s: GLB=706001.393, best=2388235.000, gap=70.438%, AF=0.899, #solved=7496
t26:1s(:16.980,15.295,0.460) [812/189(1000)] dpt:12 [ 2340483.196, 1200134.849, 2388235.000, 49.748%] cutoff:312 AF:0.899
*36s: GLB=706001.393, best=2388235.000, gap=70.438%, AF=0.899, #solved=7678
*36s: GLB=706001.393, best=2388235.000, gap=70.438%, AF=0.899, #solved=7749
t26:2s(:26.581,24.288,0.633) [1910/91(2000)] dpt:19 [ 3503160.291, 1480171.684, 2388235.000, 38.022%] cutoff:599 AF:0.899
*37s: GLB=706001.393, best=2388235.000, gap=70.438%, AF=0.899, #solved=7965
*37s: GLB=706001.393, best=2388235.000, gap=70.438%, AF=0.899, #solved=8029
*37s: GLB=706001.393, best=2388235.000, gap=70.438%, AF=0.899, #solved=8035
*37s: GLB=706001.393, best=2388235.000, gap=70.438%, AF=0.899, #solved=8174
*38s: GLB=713984.993, best=2388235.000, gap=70.104%, AF=0.899, #solved=8256
*38s: GLB=713984.993, best=2388235.000, gap=70.104%, AF=0.899, #solved=8310
*38s: GLB=713984.993, best=2388235.000, gap=70.104%, AF=0.899, #solved=8367
*38s: GLB=713984.993, best=2388235.000, gap=70.104%, AF=0.899, #solved=8395
*38s: GLB=720908.821, best=2388235.000, gap=69.814%, AF=0.899, #solved=8438
t11:1s(:23.301,21.265,0.550) [957/44(1000)] dpt:18 [ 2955300.742, 1546759.739, 2388235.000, 35.234%] cutoff:458 AF:0.899
*38s: GLB=720908.821, best=2388235.000, gap=69.814%, AF=0.899, #solved=8526
*38s: GLB=720908.821, best=2388235.000, gap=69.814%, AF=0.899, #solved=8578
t26:1s(:25.721,23.616,0.571) [993/8(1000)] dpt:26 [ 3068901.785, 2198328.326, 2388235.000, 7.952%] cutoff:494 AF:0.899
*39s: GLB=720908.821, best=2388235.000, gap=69.814%, AF=0.899, #solved=8780
*39s: GLB=723393.151, best=2388235.000, gap=69.710%, AF=0.899, #solved=8947
*39s: GLB=723712.519, best=2388235.000, gap=69.697%, AF=0.899, #solved=9019
*39s: GLB=723712.519, best=2388235.000, gap=69.697%, AF=0.899, #solved=9020
*40s: GLB=723712.519, best=2388235.000, gap=69.697%, AF=0.899, #solved=9350
*40s: GLB=723712.519, best=2388235.000, gap=69.697%, AF=0.899, #solved=9377
*41s: GLB=728339.871, best=2388235.000, gap=69.503%, AF=0.899, #solved=9548
*41s: GLB=728339.871, best=2388235.000, gap=69.503%, AF=0.899, #solved=9718
*42s: GLB=736495.897, best=2388235.000, gap=69.161%, AF=0.899, #solved=9889
*42s: GLB=736495.897, best=2388235.000, gap=69.161%, AF=0.899, #solved=9926
*42s: GLB=736495.897, best=2388235.000, gap=69.161%, AF=0.899, #solved=9933
*42s: GLB=736495.897, best=2388235.000, gap=69.161%, AF=0.899, #solved=9971
*42s: GLB=736495.897, best=2388235.000, gap=69.161%, AF=0.899, #solved=10023
*43s: GLB=739336.561, best=2388235.000, gap=69.043%, AF=0.899, #solved=10417
*43s: GLB=739336.561, best=2388235.000, gap=69.043%, AF=0.899, #solved=10446
*43s: GLB=746070.292, best=2388235.000, gap=68.761%, AF=0.899, #solved=10506
*43s: GLB=746070.292, best=2388235.000, gap=68.761%, AF=0.899, #solved=10600
*43s: GLB=746070.292, best=2388235.000, gap=68.761%, AF=0.899, #solved=10604
*43s: GLB=746070.292, best=2388235.000, gap=68.761%, AF=0.899, #solved=10676
*44s: GLB=746070.292, best=2388235.000, gap=68.761%, AF=0.899, #solved=10821
t26:1s(:20.632,18.694,0.529) [926/75(1000)] dpt:15 [ 2661435.004, 1787089.563, 2388235.000, 25.171%] cutoff:427 AF:0.899
*44s: GLB=747533.570, best=2388235.000, gap=68.699%, AF=0.899, #solved=11166
*45s: GLB=747533.570, best=2388235.000, gap=68.699%, AF=0.899, #solved=11294
*45s: GLB=747533.570, best=2388235.000, gap=68.699%, AF=0.899, #solved=11344
*45s: GLB=747533.570, best=2388235.000, gap=68.699%, AF=0.899, #solved=11352
*45s: GLB=747533.570, best=2388235.000, gap=68.699%, AF=0.899, #solved=11360
*45s: GLB=747533.570, best=2388235.000, gap=68.699%, AF=0.899, #solved=11370
*45s: GLB=747533.570, best=2388235.000, gap=68.699%, AF=0.899, #solved=11384
*45s: GLB=747533.570, best=2388235.000, gap=68.699%, AF=0.899, #solved=11444
t26:1s(:18.754,16.949,0.485) [891/110(1000)] dpt:14 [ 1464410.439, 1463969.133, 2388235.000, 38.701%] cutoff:391 AF:0.899
*46s: GLB=747533.570, best=2388235.000, gap=68.699%, AF=0.899, #solved=11738
*46s: GLB=747533.570, best=2388235.000, gap=68.699%, AF=0.899, #solved=11753
*46s: GLB=758642.165, best=2388235.000, gap=68.234%, AF=0.899, #solved=11956
*46s: GLB=758642.165, best=2388235.000, gap=68.234%, AF=0.899, #solved=11968
*46s: GLB=758642.165, best=2388235.000, gap=68.234%, AF=0.899, #solved=12023
t26:0s(:21.925,19.958,0.528) [924/77(1000)] dpt:15 [ 3244896.951, 1501122.343, 2388235.000, 37.145%] cutoff:425 AF:0.899
*47s: GLB=758642.165, best=2388235.000, gap=68.234%, AF=0.899, #solved=12261
*47s: GLB=758642.165, best=2388235.000, gap=68.234%, AF=0.899, #solved=12319
*47s: GLB=758642.165, best=2388235.000, gap=68.234%, AF=0.899, #solved=12365
*47s: GLB=758642.165, best=2388235.000, gap=68.234%, AF=0.899, #solved=12395
*47s: GLB=774236.409, best=2388235.000, gap=67.581%, AF=0.899, #solved=12503
*47s: GLB=774236.409, best=2388235.000, gap=67.581%, AF=0.899, #solved=12729
*47s: GLB=774236.409, best=2388235.000, gap=67.581%, AF=0.899, #solved=12744
*48s: GLB=774236.409, best=2388235.000, gap=67.581%, AF=0.899, #solved=12886
*48s: GLB=774236.409, best=2388235.000, gap=67.581%, AF=0.899, #solved=12903
*48s: GLB=774236.409, best=2388235.000, gap=67.581%, AF=0.899, #solved=12972
*48s: GLB=779084.031, best=2388235.000, gap=67.378%, AF=0.899, #solved=13208
*48s: GLB=779084.031, best=2388235.000, gap=67.378%, AF=0.899, #solved=13271
t26:1s(:20.723,18.867,0.515) [936/65(1000)] dpt:16 [ 2423309.622, 1800519.135, 2388235.000, 24.609%] cutoff:437 AF:0.899
*49s: GLB=779084.031, best=2388235.000, gap=67.378%, AF=0.899, #solved=13537
*49s: GLB=779084.031, best=2388235.000, gap=67.378%, AF=0.899, #solved=13688
*49s: GLB=779084.031, best=2388235.000, gap=67.378%, AF=0.899, #solved=13815
*49s: GLB=779084.031, best=2388235.000, gap=67.378%, AF=0.899, #solved=13840
*50s: GLB=780092.950, best=2388235.000, gap=67.336%, AF=0.899, #solved=13969
*50s: GLB=780092.950, best=2388235.000, gap=67.336%, AF=0.899, #solved=14007
*50s: GLB=780092.950, best=2388235.000, gap=67.336%, AF=0.899, #solved=14064
*50s: GLB=780973.733, best=2388235.000, gap=67.299%, AF=0.899, #solved=14359
*50s: GLB=780973.733, best=2388235.000, gap=67.299%, AF=0.899, #solved=14383
*50s: GLB=780973.733, best=2388235.000, gap=67.299%, AF=0.899, #solved=14451
*50s: GLB=780973.733, best=2388235.000, gap=67.299%, AF=0.899, #solved=14510
*51s: GLB=780973.733, best=2388235.000, gap=67.299%, AF=0.899, #solved=14561
*51s: GLB=780973.733, best=2388235.000, gap=67.299%, AF=0.899, #solved=14572
*51s: GLB=780973.733, best=2388235.000, gap=67.299%, AF=0.899, #solved=14823
*51s: GLB=780973.733, best=2388235.000, gap=67.299%, AF=0.899, #solved=14870
*51s: GLB=780973.733, best=2388235.000, gap=67.299%, AF=0.899, #solved=14883
*51s: GLB=780973.733, best=2388235.000, gap=67.299%, AF=0.899, #solved=14897
t26:1s(:23.225,21.388,0.509) [945/56(1000)] dpt:17 [ 2996035.160, 1620322.355, 2388235.000, 32.154%] cutoff:446 AF:0.899
*51s: GLB=780973.733, best=2388235.000, gap=67.299%, AF=0.899, #solved=15049
*52s: GLB=781161.295, best=2388235.000, gap=67.291%, AF=0.899, #solved=15238
*52s: GLB=782456.273, best=2388235.000, gap=67.237%, AF=0.899, #solved=15265
*52s: GLB=782456.273, best=2388235.000, gap=67.237%, AF=0.899, #solved=15302
*52s: GLB=782456.273, best=2388235.000, gap=67.237%, AF=0.899, #solved=15431
*52s: GLB=782456.273, best=2388235.000, gap=67.237%, AF=0.899, #solved=15498
*52s: GLB=782456.273, best=2388235.000, gap=67.237%, AF=0.899, #solved=15670
t26:0s(:21.952,19.918,0.551) [968/33(1000)] dpt:20 [ 1911828.665, 1434438.013, 2388235.000, 39.937%] cutoff:468 AF:0.899
*52s: GLB=782456.273, best=2388235.000, gap=67.237%, AF=0.899, #solved=15727
*52s: GLB=782456.273, best=2388235.000, gap=67.237%, AF=0.899, #solved=15752
*52s: GLB=782456.273, best=2388235.000, gap=67.237%, AF=0.899, #solved=15777
*53s: GLB=784663.181, best=2388235.000, gap=67.145%, AF=0.899, #solved=16050
*53s: GLB=784663.181, best=2388235.000, gap=67.145%, AF=0.899, #solved=16287
*53s: GLB=785651.076, best=2388235.000, gap=67.103%, AF=0.899, #solved=16313
*54s: GLB=785748.478, best=2388235.000, gap=67.099%, AF=0.899, #solved=16722
*54s: GLB=785748.478, best=2388235.000, gap=67.099%, AF=0.899, #solved=16727
*54s: GLB=785748.478, best=2388235.000, gap=67.099%, AF=0.899, #solved=16766
*54s: GLB=785748.478, best=2388235.000, gap=67.099%, AF=0.899, #solved=16824
*54s: GLB=785748.478, best=2388235.000, gap=67.099%, AF=0.899, #solved=16997
*54s: GLB=785748.478, best=2388235.000, gap=67.099%, AF=0.899, #solved=17083
*54s: GLB=785748.478, best=2388235.000, gap=67.099%, AF=0.899, #solved=17096
t26:0s(:24.697,22.777,0.533) [949/52(1000)] dpt:17 [ 2157818.584, 1380890.335, 2388235.000, 42.179%] cutoff:449 AF:0.899
*54s: GLB=785748.478, best=2388235.000, gap=67.099%, AF=0.899, #solved=17238
*55s: GLB=786306.962, best=2388235.000, gap=67.076%, AF=0.899, #solved=17474
*55s: GLB=786306.962, best=2388235.000, gap=67.076%, AF=0.899, #solved=17570
*55s: GLB=786306.962, best=2388235.000, gap=67.076%, AF=0.899, #solved=17626
*55s: GLB=786306.962, best=2388235.000, gap=67.076%, AF=0.899, #solved=17748
*55s: GLB=786306.962, best=2388235.000, gap=67.076%, AF=0.899, #solved=17754
*55s: GLB=786306.962, best=2388235.000, gap=67.076%, AF=0.899, #solved=17757
*55s: GLB=786306.962, best=2388235.000, gap=67.076%, AF=0.899, #solved=17773
*55s: GLB=786306.962, best=2388235.000, gap=67.076%, AF=0.899, #solved=17844
*55s: GLB=786306.962, best=2388235.000, gap=67.076%, AF=0.899, #solved=17897
*55s: GLB=786306.962, best=2388235.000, gap=67.076%, AF=0.899, #solved=18000
t26:0s(:21.320,19.402,0.528) [928/73(1000)] dpt:17 [ 3538146.685, 1724179.571, 2388235.000, 27.805%] cutoff:429 AF:0.899
*55s: GLB=786306.962, best=2388235.000, gap=67.076%, AF=0.899, #solved=18118
*55s: GLB=786306.962, best=2388235.000, gap=67.076%, AF=0.899, #solved=18121
*56s: GLB=786306.962, best=2388235.000, gap=67.076%, AF=0.899, #solved=18209
*56s: GLB=786422.062, best=2388235.000, gap=67.071%, AF=0.899, #solved=18363
*56s: GLB=786422.062, best=2388235.000, gap=67.071%, AF=0.899, #solved=18467
*56s: GLB=786422.062, best=2388235.000, gap=67.071%, AF=0.899, #solved=18495
*56s: GLB=786422.062, best=2388235.000, gap=67.071%, AF=0.899, #solved=18802
*56s: GLB=786422.062, best=2388235.000, gap=67.071%, AF=0.899, #solved=19014
*56s: GLB=786422.062, best=2388235.000, gap=67.071%, AF=0.899, #solved=19037
*57s: GLB=786422.062, best=2388235.000, gap=67.071%, AF=0.899, #solved=19220
*57s: GLB=787781.668, best=2388235.000, gap=67.014%, AF=0.899, #solved=19317
*57s: GLB=787781.668, best=2388235.000, gap=67.014%, AF=0.899, #solved=19403
*57s: GLB=787781.668, best=2388235.000, gap=67.014%, AF=0.899, #solved=19601
*57s: GLB=787781.668, best=2388235.000, gap=67.014%, AF=0.899, #solved=19639
*57s: GLB=787781.668, best=2388235.000, gap=67.014%, AF=0.899, #solved=19780
*57s: GLB=787781.668, best=2388235.000, gap=67.014%, AF=0.899, #solved=19981
*57s: GLB=787781.668, best=2388235.000, gap=67.014%, AF=0.899, #solved=20052
t26:1s(:20.803,18.943,0.520) [953/48(1000)] dpt:17 [ 2224208.215, 1419653.271, 2388235.000, 40.556%] cutoff:453 AF:0.899
*58s: GLB=787781.668, best=2388235.000, gap=67.014%, AF=0.899, #solved=20211
*58s: GLB=790661.273, best=2388235.000, gap=66.893%, AF=0.899, #solved=20462
*58s: GLB=790661.273, best=2388235.000, gap=66.893%, AF=0.899, #solved=20468
*58s: GLB=790661.273, best=2388235.000, gap=66.893%, AF=0.899, #solved=20519
*58s: GLB=790661.273, best=2388235.000, gap=66.893%, AF=0.899, #solved=20560
*58s: GLB=790661.273, best=2388235.000, gap=66.893%, AF=0.899, #solved=20617
*58s: GLB=790661.273, best=2388235.000, gap=66.893%, AF=0.899, #solved=20734
*58s: GLB=790661.273, best=2388235.000, gap=66.893%, AF=0.899, #solved=20758
*58s: GLB=790661.273, best=2388235.000, gap=66.893%, AF=0.899, #solved=20803
*58s: GLB=790661.273, best=2388235.000, gap=66.893%, AF=0.899, #solved=20960
*58s: GLB=790661.273, best=2388235.000, gap=66.893%, AF=0.899, #solved=21012
*58s: GLB=790661.273, best=2388235.000, gap=66.893%, AF=0.899, #solved=21013
*58s: GLB=790661.273, best=2388235.000, gap=66.893%, AF=0.899, #solved=21049
*58s: GLB=790661.273, best=2388235.000, gap=66.893%, AF=0.899, #solved=21095
*58s: GLB=790661.273, best=2388235.000, gap=66.893%, AF=0.899, #solved=21130
*58s: GLB=790661.273, best=2388235.000, gap=66.893%, AF=0.899, #solved=21164
*58s: GLB=790661.273, best=2388235.000, gap=66.893%, AF=0.899, #solved=21216
*58s: GLB=790661.273, best=2388235.000, gap=66.893%, AF=0.899, #solved=21226
*58s: GLB=790661.273, best=2388235.000, gap=66.893%, AF=0.899, #solved=21245
*59s: GLB=790661.273, best=2388235.000, gap=66.893%, AF=0.899, #solved=21565
*59s: GLB=790661.273, best=2388235.000, gap=66.893%, AF=0.899, #solved=21709
t26:1s(:21.875,19.920,0.524) [956/45(1000)] dpt:19 [ 3983350.362, 1834514.359, 2388235.000, 23.185%] cutoff:457 AF:0.899
*59s: GLB=796077.067, best=2388235.000, gap=66.667%, AF=0.899, #solved=22163
*59s: GLB=796077.067, best=2388235.000, gap=66.667%, AF=0.899, #solved=22197
*59s: GLB=796077.067, best=2388235.000, gap=66.667%, AF=0.899, #solved=22409
*59s: GLB=796077.067, best=2388235.000, gap=66.667%, AF=0.899, #solved=22454
*59s: GLB=797196.151, best=2388235.000, gap=66.620%, AF=0.899, #solved=22561
*60s: GLB=797196.151, best=2388235.000, gap=66.620%, AF=0.899, #solved=22638
*60s: GLB=797196.151, best=2388235.000, gap=66.620%, AF=0.899, #solved=22826
*60s: GLB=797196.151, best=2388235.000, gap=66.620%, AF=0.899, #solved=23145
*60s: GLB=797196.151, best=2388235.000, gap=66.620%, AF=0.899, #solved=23256
*60s: GLB=797196.151, best=2388235.000, gap=66.620%, AF=0.899, #solved=23339
*60s: GLB=797196.151, best=2388235.000, gap=66.620%, AF=0.899, #solved=23405
*60s: GLB=797196.151, best=2388235.000, gap=66.620%, AF=0.899, #solved=23436
*60s: GLB=797196.151, best=2388235.000, gap=66.620%, AF=0.899, #solved=23466
*60s: GLB=797196.151, best=2388235.000, gap=66.620%, AF=0.899, #solved=23534
*60s: GLB=797916.314, best=2388235.000, gap=66.590%, AF=0.899, #solved=23546
*60s: GLB=797916.314, best=2388235.000, gap=66.590%, AF=0.899, #solved=23730
*60s: GLB=797916.314, best=2388235.000, gap=66.590%, AF=0.899, #solved=23753
*60s: GLB=797916.314, best=2388235.000, gap=66.590%, AF=0.899, #solved=23764
*60s: GLB=797916.314, best=2388235.000, gap=66.590%, AF=0.899, #solved=23983
*60s: GLB=797916.314, best=2388235.000, gap=66.590%, AF=0.899, #solved=24052
*60s: GLB=797916.314, best=2388235.000, gap=66.590%, AF=0.899, #solved=24071
*61s: GLB=797916.314, best=2388235.000, gap=66.590%, AF=0.899, #solved=24104
*61s: GLB=797916.314, best=2388235.000, gap=66.590%, AF=0.899, #solved=24120
*61s: GLB=797916.314, best=2388235.000, gap=66.590%, AF=0.899, #solved=24254
*61s: GLB=797916.314, best=2388235.000, gap=66.590%, AF=0.899, #solved=24285
*61s: GLB=797916.314, best=2388235.000, gap=66.590%, AF=0.899, #solved=24336
*61s: GLB=797916.314, best=2388235.000, gap=66.590%, AF=0.899, #solved=24359
*61s: GLB=797916.314, best=2388235.000, gap=66.590%, AF=0.899, #solved=24367
*61s: GLB=797916.314, best=2388235.000, gap=66.590%, AF=0.899, #solved=24458
*61s: GLB=797916.314, best=2388235.000, gap=66.590%, AF=0.899, #solved=24529
*61s: GLB=797916.314, best=2388235.000, gap=66.590%, AF=0.899, #solved=24579
*61s: GLB=797916.314, best=2388235.000, gap=66.590%, AF=0.899, #solved=25309
*61s: GLB=797916.314, best=2388235.000, gap=66.590%, AF=0.899, #solved=25351
*61s: GLB=797916.314, best=2388235.000, gap=66.590%, AF=0.899, #solved=25454
*61s: GLB=797916.314, best=2388235.000, gap=66.590%, AF=0.899, #solved=25708
*61s: GLB=797916.314, best=2388235.000, gap=66.590%, AF=0.899, #solved=25758
*61s: GLB=1921119.394, best=2388235.000, gap=19.559%, AF=0.899, #solved=25907
*61s: GLB=1921119.394, best=2388235.000, gap=19.559%, AF=0.899, #solved=26025
*61s: GLB=1921299.564, best=2388235.000, gap=19.551%, AF=0.899, #solved=26055
*61s: GLB=1921299.564, best=2388235.000, gap=19.551%, AF=0.899, #solved=26072
*62s: GLB=1921647.933, best=2388235.000, gap=19.537%, AF=0.899, #solved=26369
*62s: GLB=1921647.933, best=2388235.000, gap=19.537%, AF=0.899, #solved=26470
*62s: GLB=1921729.703, best=2388235.000, gap=19.533%, AF=0.899, #solved=26557
*62s: GLB=1921729.703, best=2388235.000, gap=19.533%, AF=0.899, #solved=26594
*62s: GLB=1921729.703, best=2388235.000, gap=19.533%, AF=0.899, #solved=26603
*62s: GLB=1921729.703, best=2388235.000, gap=19.533%, AF=0.899, #solved=26671
*62s: GLB=1947533.391, best=2388235.000, gap=18.453%, AF=0.899, #solved=26834
*62s: GLB=1947725.621, best=2388235.000, gap=18.445%, AF=0.899, #solved=27078
*62s: GLB=1947761.845, best=2388235.000, gap=18.443%, AF=0.899, #solved=27138
*62s: GLB=1947826.114, best=2388235.000, gap=18.441%, AF=0.899, #solved=27213
*62s: GLB=1958991.539, best=2388235.000, gap=17.973%, AF=0.899, #solved=27277
*62s: GLB=1958991.539, best=2388235.000, gap=17.973%, AF=0.899, #solved=27292
*62s: GLB=1958991.539, best=2388235.000, gap=17.973%, AF=0.899, #solved=27330
*62s: GLB=1996307.224, best=2388235.000, gap=16.411%, AF=0.899, #solved=27353
*62s: GLB=1996307.224, best=2388235.000, gap=16.411%, AF=0.899, #solved=27423
*62s: GLB=1996307.224, best=2388235.000, gap=16.411%, AF=0.899, #solved=27475
*62s: GLB=1996382.402, best=2388235.000, gap=16.408%, AF=0.899, #solved=27523
*62s: GLB=1996475.988, best=2388235.000, gap=16.404%, AF=0.899, #solved=27669
*62s: GLB=1996475.988, best=2388235.000, gap=16.404%, AF=0.899, #solved=27681
*62s: GLB=1996733.014, best=2388235.000, gap=16.393%, AF=0.899, #solved=27792
*62s: GLB=1996733.014, best=2388235.000, gap=16.393%, AF=0.899, #solved=27833
*62s: GLB=2051035.045, best=2388235.000, gap=14.119%, AF=0.899, #solved=27996
*62s: GLB=2051035.045, best=2388235.000, gap=14.119%, AF=0.899, #solved=28006
*62s: GLB=2051215.131, best=2388235.000, gap=14.112%, AF=0.899, #solved=28152
*62s: GLB=2051215.131, best=2388235.000, gap=14.112%, AF=0.899, #solved=28182
End

SVPSOLVER found an optimal solution

time: 63s
best value: 2388235.000
norm: 1545.392
AF: 0.899
Nodes: 2146390
best solution:
 0: 1.000
