Bounds: 
x_0: [ -7.000, 7.000]
x_1: [ -11.000, 11.000]
x_2: [ -5.000, 5.000]
x_3: [ -14.000, 14.000]
x_4: [ -11.000, 11.000]
x_5: [ -10.000, 10.000]
x_6: [ -10.000, 10.000]
x_7: [ -4.000, 4.000]
x_8: [ -4.000, 4.000]
x_9: [ -7.000, 7.000]
x_10: [ -7.000, 7.000]
x_11: [ -5.000, 5.000]
x_12: [ -7.000, 7.000]
x_13: [ -6.000, 6.000]
x_14: [ -4.000, 4.000]
x_15: [ -7.000, 7.000]
x_16: [ -3.000, 3.000]
x_17: [ -5.000, 5.000]
x_18: [ -4.000, 4.000]
x_19: [ -5.000, 5.000]
x_20: [ -4.000, 4.000]
x_21: [ -4.000, 4.000]
x_22: [ -3.000, 3.000]
x_23: [ -3.000, 3.000]
x_24: [ -3.000, 3.000]
x_25: [ -4.000, 4.000]
x_26: [ -3.000, 3.000]
x_27: [ -4.000, 4.000]
x_28: [ -3.000, 3.000]
x_29: [ -3.000, 3.000]
x_30: [ -3.000, 3.000]
x_31: [ -3.000, 3.000]
x_32: [ -2.000, 2.000]
x_33: [ -2.000, 2.000]
x_34: [ -2.000, 2.000]
x_35: [ -2.000, 2.000]
x_36: [ -2.000, 2.000]
x_37: [ -3.000, 3.000]
x_38: [ -2.000, 2.000]
x_39: [ -2.000, 2.000]
x_40: [ -2.000, 2.000]
x_41: [ -2.000, 2.000]
-[0]--------------------------------------------
selection: 0

Welcome to IBM(R) ILOG(R) CPLEX(R) Interactive Optimizer 12.8.0.0
  with Simplex, Mixed Integer & Barrier Optimizers
5725-A06 5725-A29 5724-Y48 5724-Y49 5724-Y54 5724-Y55 5655-Y21
Copyright IBM Corp. 1988, 2017.  All Rights Reserved.

Type 'help' for a list of available commands.
Type 'help' followed by a command name for more
information on commands.

CPLEX> Problem 'cplex.lp' read.
Read time = 0.00 sec. (0.10 ticks)
CPLEX> New value for time limit in seconds: 5000
CPLEX> New value for mixed integer optimality gap tolerance: 1e-10
CPLEX> CPXPARAM_TimeLimit                               5000
CPXPARAM_MIP_Tolerances_MIPGap                   1e-10
Found incumbent of value 4.7663611e+09 after 0.00 sec. (0.02 ticks)
Found incumbent of value 4.6656555e+09 after 0.00 sec. (0.03 ticks)
Tried aggregator 1 time.
Reduced MIQP has 0 rows, 42 columns, and 0 nonzeros.
Reduced MIQP has 0 binaries, 42 generals, 0 SOSs, and 0 indicators.
Reduced MIQP objective Q matrix has 1764 nonzeros.
Presolve time = 0.00 sec. (0.16 ticks)
Tried aggregator 1 time.
Reduced MIQP has 0 rows, 42 columns, and 0 nonzeros.
Reduced MIQP has 0 binaries, 42 generals, 0 SOSs, and 0 indicators.
Reduced MIQP objective Q matrix has 1764 nonzeros.
Presolve time = 0.00 sec. (0.15 ticks)
MIP emphasis: balance optimality and feasibility.
MIP search method: dynamic search.
Parallel mode: deterministic, using up to 32 threads.
Root relaxation solution time = 0.01 sec. (0.87 ticks)

        Nodes                                         Cuts/
   Node  Left     Objective  IInf  Best Integer    Best Bound    ItCnt     Gap

*     0+    0                       4.66566e+09  -3.02823e+10           749.05%
      0     0    38962.9553    41   4.66566e+09    38962.9553        7  100.00%
*     0+    0                      5923290.0000    38962.9553            99.34%
*     0+    0                      2237434.0000    38962.9553            98.26%
      0     2    38962.9553    41  2237434.0000    55013.6436        7   97.54%
Elapsed time = 0.53 sec. (8.63 ticks, tree = 0.01 MB, solutions = 3)
  47369 18038  2150773.8751    22  2237434.0000  1213728.5660    88192   45.75%
 118814 42023  2088463.1193    27  2237434.0000  1642224.7890   234409   26.60%
 195121 42244  2237111.0985    26  2237434.0000  1904745.4871   393413   14.87%
 260629 10661        cutoff        2237434.0000  2161977.3258   532115    3.37%

Root node processing (before b&c):
  Real time             =    0.48 sec. (8.40 ticks)
Parallel b&c, 32 threads:
  Real time             =   11.50 sec. (1001.27 ticks)
  Sync time (average)   =    9.54 sec.
  Wait time (average)   =    0.02 sec.
                          ------------
Total (root+branch&cut) =   11.98 sec. (1009.67 ticks)

Solution pool: 4 solutions saved.

MIP - Integer optimal solution:  Objective =  2.2374340000e+06
Solution time =   11.98 sec.  Iterations = 551824  Nodes = 271460
Deterministic time = 1009.67 ticks  (84.25 ticks/sec)

CPLEX> Incumbent solution written to file 'cplex.sol'.
CPLEX> 

optval(Q): 2237434.000, lowerbound(P): 350048.180
bestval: 2237434.000
-[1]--------------------------------------------
selection: 1

Welcome to IBM(R) ILOG(R) CPLEX(R) Interactive Optimizer 12.8.0.0
  with Simplex, Mixed Integer & Barrier Optimizers
5725-A06 5725-A29 5724-Y48 5724-Y49 5724-Y54 5724-Y55 5655-Y21
Copyright IBM Corp. 1988, 2017.  All Rights Reserved.

Type 'help' for a list of available commands.
Type 'help' followed by a command name for more
information on commands.

CPLEX> Problem 'cplex.lp' read.
Read time = 0.00 sec. (0.10 ticks)
CPLEX> New value for time limit in seconds: 4988
CPLEX> New value for mixed integer optimality gap tolerance: 1e-10
CPLEX> CPXPARAM_TimeLimit                               4988
CPXPARAM_MIP_Tolerances_MIPGap                   1e-10
Found incumbent of value 4.2404743e+09 after 0.00 sec. (0.02 ticks)
Tried aggregator 1 time.
MIQP Presolve eliminated 0 rows and 1 columns.
Reduced MIQP has 0 rows, 41 columns, and 0 nonzeros.
Reduced MIQP has 0 binaries, 41 generals, 0 SOSs, and 0 indicators.
Reduced MIQP objective Q matrix has 1681 nonzeros.
Presolve time = 0.00 sec. (0.16 ticks)
Tried aggregator 1 time.
Reduced MIQP has 0 rows, 41 columns, and 0 nonzeros.
Reduced MIQP has 0 binaries, 41 generals, 0 SOSs, and 0 indicators.
Reduced MIQP objective Q matrix has 1681 nonzeros.
Presolve time = 0.00 sec. (0.14 ticks)
MIP emphasis: balance optimality and feasibility.
MIP search method: dynamic search.
Parallel mode: deterministic, using up to 32 threads.
Root relaxation solution time = 0.01 sec. (0.83 ticks)

        Nodes                                         Cuts/
   Node  Left     Objective  IInf  Best Integer    Best Bound    ItCnt     Gap

*     0+    0                       4.24047e+09  -2.85005e+10           772.11%
      0     0    25119.4663    40   4.24047e+09    25119.4663        7  100.00%
*     0+    0                      4942081.0000    25119.4663            99.49%
*     0+    0                      3728745.0000    25119.4663            99.33%
      0     2    25119.4663    40  3728745.0000    33061.2064        7   99.11%
Elapsed time = 0.29 sec. (7.78 ticks, tree = 0.01 MB, solutions = 3)
*   137+   19                      2936585.0000    61225.0804            97.92%
  70837 39407  2358131.4294    29  2936585.0000  1331879.2605   148060   54.65%
 153205 76171  2543609.9567    25  2936585.0000  1663721.7884   293764   43.35%
 240591 119531  2083291.8361    31  2936585.0000  1866504.4832   498049   36.44%
 328432 148858  2553106.4791    23  2936585.0000  2009121.1440   666372   31.58%
 416848 178503  2829378.0892    28  2936585.0000  2127079.7679   882342   27.57%
 504374 195943  2445240.1690    28  2936585.0000  2223947.7091  1063298   24.27%
 591506 207137  2716640.9727    20  2936585.0000  2307633.6260  1250290   21.42%
 677405 210926  2657274.9368    26  2936585.0000  2385625.6825  1439375   18.76%
 760580 206644  2837109.5636    26  2936585.0000  2458257.5962  1613241   16.29%
 1065095 107449  2841516.2010    28  2936585.0000  2742093.7724  2277647    6.62%
Elapsed time = 14.98 sec. (3107.27 ticks, tree = 30.04 MB, solutions = 4)

Root node processing (before b&c):
  Real time             =    0.23 sec. (7.73 ticks)
Parallel b&c, 32 threads:
  Real time             =   29.07 sec. (3585.78 ticks)
  Sync time (average)   =   23.24 sec.
  Wait time (average)   =    0.09 sec.
                          ------------
Total (root+branch&cut) =   29.30 sec. (3593.51 ticks)

Solution pool: 5 solutions saved.

MIP - Integer optimal solution:  Objective =  2.9365850000e+06
Solution time =   29.31 sec.  Iterations = 2537871  Nodes = 1194283
Deterministic time = 3593.51 ticks  (122.60 ticks/sec)

CPLEX> Incumbent solution written to file 'cplex.sol'.
CPLEX> 

optval(Q): 2936585.000, lowerbound(P): 353577.092
bestval: 2237434.000
-[2]--------------------------------------------
selection: 2

Welcome to IBM(R) ILOG(R) CPLEX(R) Interactive Optimizer 12.8.0.0
  with Simplex, Mixed Integer & Barrier Optimizers
5725-A06 5725-A29 5724-Y48 5724-Y49 5724-Y54 5724-Y55 5655-Y21
Copyright IBM Corp. 1988, 2017.  All Rights Reserved.

Type 'help' for a list of available commands.
Type 'help' followed by a command name for more
information on commands.

CPLEX> Problem 'cplex.lp' read.
Read time = 0.00 sec. (0.10 ticks)
CPLEX> New value for time limit in seconds: 4958
CPLEX> New value for mixed integer optimality gap tolerance: 1e-10
CPLEX> CPXPARAM_TimeLimit                               4958
CPXPARAM_MIP_Tolerances_MIPGap                   1e-10
Found incumbent of value 4.2848860e+09 after 0.00 sec. (0.02 ticks)
Found incumbent of value 4.2496416e+09 after 0.00 sec. (0.02 ticks)
Tried aggregator 1 time.
MIQP Presolve eliminated 0 rows and 2 columns.
Reduced MIQP has 0 rows, 40 columns, and 0 nonzeros.
Reduced MIQP has 0 binaries, 40 generals, 0 SOSs, and 0 indicators.
Reduced MIQP objective Q matrix has 1600 nonzeros.
Presolve time = 0.00 sec. (0.16 ticks)
Tried aggregator 1 time.
Reduced MIQP has 0 rows, 40 columns, and 0 nonzeros.
Reduced MIQP has 0 binaries, 40 generals, 0 SOSs, and 0 indicators.
Reduced MIQP objective Q matrix has 1600 nonzeros.
Presolve time = 0.00 sec. (0.14 ticks)
MIP emphasis: balance optimality and feasibility.
MIP search method: dynamic search.
Parallel mode: deterministic, using up to 32 threads.
Root relaxation solution time = 0.01 sec. (0.79 ticks)

        Nodes                                         Cuts/
   Node  Left     Objective  IInf  Best Integer    Best Bound    ItCnt     Gap

*     0+    0                       4.24964e+09  -2.57786e+10           706.61%
      0     0   257001.1172    39   4.24964e+09   257001.1172        7   99.99%
*     0+    0                       1.30053e+07   257001.1172            98.02%
*     0+    0                      6975397.0000   257001.1172            96.32%
*     0+    0                      5055667.0000   257001.1172            94.92%
      0     2   257001.1172    39  5055667.0000   298297.6531        7   94.10%
Elapsed time = 0.15 sec. (8.52 ticks, tree = 0.01 MB, solutions = 4)
*   309+   48                      4647614.0000   322712.4619            93.06%
*   420+   54                      4584982.0000   322712.4619            92.96%
*  2078+  659                      4014872.0000   322712.4619            91.96%
*  3082+ 1533                      3386054.0000   354480.8755            89.53%
  69504 32322  2973801.3373    27  3386054.0000  1787807.0694   123019   47.20%
 157483 74151        cutoff        3386054.0000  2196285.2964   307414   35.14%
 248781 103302  2950706.6813    29  3386054.0000  2458915.2863   494773   27.38%
 339506 120798  2960180.1305    26  3386054.0000  2641210.6151   681709   22.00%
 428831 125244  3271692.8448    21  3386054.0000  2795751.2729   881861   17.43%
 514248 114136  3141147.9190    27  3386054.0000  2938954.5076  1070154   13.20%
 594230 87514  3319570.2070    19  3386054.0000  3077864.5511  1243634    9.10%
 667307 43619  3273205.6466    26  3386054.0000  3232174.9318  1400955    4.54%

Root node processing (before b&c):
  Real time             =    0.13 sec. (8.40 ticks)
Parallel b&c, 32 threads:
  Real time             =   20.92 sec. (2087.24 ticks)
  Sync time (average)   =   17.18 sec.
  Wait time (average)   =    0.05 sec.
                          ------------
Total (root+branch&cut) =   21.06 sec. (2095.63 ticks)

Solution pool: 12 solutions saved.

MIP - Integer optimal solution:  Objective =  3.3860540000e+06
Solution time =   21.07 sec.  Iterations = 1491440  Nodes = 716285
Deterministic time = 2095.63 ticks  (99.47 ticks/sec)

CPLEX> Incumbent solution written to file 'cplex.sol'.
CPLEX> 

optval(Q): 3386054.000, lowerbound(P): 359101.569
bestval: 2237434.000
-[3]--------------------------------------------
selection: 3

Welcome to IBM(R) ILOG(R) CPLEX(R) Interactive Optimizer 12.8.0.0
  with Simplex, Mixed Integer & Barrier Optimizers
5725-A06 5725-A29 5724-Y48 5724-Y49 5724-Y54 5724-Y55 5655-Y21
Copyright IBM Corp. 1988, 2017.  All Rights Reserved.

Type 'help' for a list of available commands.
Type 'help' followed by a command name for more
information on commands.

CPLEX> Problem 'cplex.lp' read.
Read time = 0.00 sec. (0.10 ticks)
CPLEX> New value for time limit in seconds: 4937
CPLEX> New value for mixed integer optimality gap tolerance: 1e-10
CPLEX> CPXPARAM_TimeLimit                               4937
CPXPARAM_MIP_Tolerances_MIPGap                   1e-10
Found incumbent of value 3.0738953e+09 after 0.00 sec. (0.02 ticks)
Tried aggregator 1 time.
MIQP Presolve eliminated 0 rows and 3 columns.
Reduced MIQP has 0 rows, 39 columns, and 0 nonzeros.
Reduced MIQP has 0 binaries, 39 generals, 0 SOSs, and 0 indicators.
Reduced MIQP objective Q matrix has 1521 nonzeros.
Presolve time = 0.00 sec. (0.16 ticks)
Tried aggregator 1 time.
Reduced MIQP has 0 rows, 39 columns, and 0 nonzeros.
Reduced MIQP has 0 binaries, 39 generals, 0 SOSs, and 0 indicators.
Reduced MIQP objective Q matrix has 1521 nonzeros.
Presolve time = 0.00 sec. (0.13 ticks)
MIP emphasis: balance optimality and feasibility.
MIP search method: dynamic search.
Parallel mode: deterministic, using up to 32 threads.
Root relaxation solution time = 0.01 sec. (0.75 ticks)

        Nodes                                         Cuts/
   Node  Left     Objective  IInf  Best Integer    Best Bound    ItCnt     Gap

*     0+    0                       3.07390e+09  -2.39201e+10           878.17%
      0     0    49365.6009    38   3.07390e+09    49365.6009        7  100.00%
*     0+    0                      6919101.0000    49365.6009            99.29%
*     0+    0                      3099190.0000    49365.6009            98.41%
      0     2    49365.6009    38  3099190.0000   104851.2809        7   96.62%
Elapsed time = 0.40 sec. (7.07 ticks, tree = 0.01 MB, solutions = 3)
  61686 24026  2899431.8359    22  3099190.0000  1823734.6414   113146   41.15%
 146695 47076  2834880.4667    21  3099190.0000  2387639.3197   285956   22.96%
 233600 35928        cutoff        3099190.0000  2768500.6635   466468   10.67%

Root node processing (before b&c):
  Real time             =    0.37 sec. (6.89 ticks)
Parallel b&c, 32 threads:
  Real time             =   11.49 sec. (884.90 ticks)
  Sync time (average)   =    9.57 sec.
  Wait time (average)   =    0.02 sec.
                          ------------
Total (root+branch&cut) =   11.86 sec. (891.79 ticks)

Solution pool: 4 solutions saved.

MIP - Integer optimal solution:  Objective =  3.0991900000e+06
Solution time =   11.87 sec.  Iterations = 570874  Nodes = 284680
Deterministic time = 891.79 ticks  (75.12 ticks/sec)

CPLEX> Incumbent solution written to file 'cplex.sol'.
CPLEX> 

optval(Q): 3099190.000, lowerbound(P): 359106.695
bestval: 2237434.000
-[4]--------------------------------------------
selection: 4

Welcome to IBM(R) ILOG(R) CPLEX(R) Interactive Optimizer 12.8.0.0
  with Simplex, Mixed Integer & Barrier Optimizers
5725-A06 5725-A29 5724-Y48 5724-Y49 5724-Y54 5724-Y55 5655-Y21
Copyright IBM Corp. 1988, 2017.  All Rights Reserved.

Type 'help' for a list of available commands.
Type 'help' followed by a command name for more
information on commands.

CPLEX> Problem 'cplex.lp' read.
Read time = 0.00 sec. (0.10 ticks)
CPLEX> New value for time limit in seconds: 4925
CPLEX> New value for mixed integer optimality gap tolerance: 1e-10
CPLEX> CPXPARAM_TimeLimit                               4925
CPXPARAM_MIP_Tolerances_MIPGap                   1e-10
Found incumbent of value 3.7587030e+09 after 0.00 sec. (0.02 ticks)
Found incumbent of value 3.1097190e+09 after 0.00 sec. (0.02 ticks)
Tried aggregator 1 time.
MIQP Presolve eliminated 0 rows and 4 columns.
Reduced MIQP has 0 rows, 38 columns, and 0 nonzeros.
Reduced MIQP has 0 binaries, 38 generals, 0 SOSs, and 0 indicators.
Reduced MIQP objective Q matrix has 1444 nonzeros.
Presolve time = 0.00 sec. (0.16 ticks)
Tried aggregator 1 time.
Reduced MIQP has 0 rows, 38 columns, and 0 nonzeros.
Reduced MIQP has 0 binaries, 38 generals, 0 SOSs, and 0 indicators.
Reduced MIQP objective Q matrix has 1444 nonzeros.
Presolve time = 0.00 sec. (0.12 ticks)
MIP emphasis: balance optimality and feasibility.
MIP search method: dynamic search.
Parallel mode: deterministic, using up to 32 threads.
Root relaxation solution time = 0.01 sec. (0.72 ticks)

        Nodes                                         Cuts/
   Node  Left     Objective  IInf  Best Integer    Best Bound    ItCnt     Gap

*     0+    0                       3.10972e+09  -2.01921e+10           749.32%
      0     0    80578.2722    37   3.10972e+09    80578.2722        7  100.00%
*     0+    0                      6029707.0000    80578.2722            98.66%
*     0+    0                      3631259.0000    80578.2722            97.78%
      0     2    80578.2722    37  3631259.0000   202132.8275        7   94.43%
Elapsed time = 0.38 sec. (6.66 ticks, tree = 0.01 MB, solutions = 3)
* 13881+  367                      3493984.0000  1046713.9368            70.04%
  65958 25666  3012455.4013    25  3493984.0000  2185568.1001   121965   37.45%
 155884 40163  2961810.0156    26  3493984.0000  2868669.9433   300245   17.90%
 239637  3129  3456681.7972    27  3493984.0000  3453857.9578   471207    1.15%

Root node processing (before b&c):
  Real time             =    0.36 sec. (6.48 ticks)
Parallel b&c, 32 threads:
  Real time             =   10.71 sec. (725.93 ticks)
  Sync time (average)   =    9.04 sec.
  Wait time (average)   =    0.02 sec.
                          ------------
Total (root+branch&cut) =   11.06 sec. (732.41 ticks)

Solution pool: 5 solutions saved.

MIP - Integer optimal solution:  Objective =  3.4939840000e+06
Solution time =   11.08 sec.  Iterations = 475862  Nodes = 242605
Deterministic time = 732.41 ticks  (66.13 ticks/sec)

CPLEX> Incumbent solution written to file 'cplex.sol'.
CPLEX> 

optval(Q): 3493984.000, lowerbound(P): 415386.196
bestval: 2237434.000
-[5]--------------------------------------------
selection: 5

Welcome to IBM(R) ILOG(R) CPLEX(R) Interactive Optimizer 12.8.0.0
  with Simplex, Mixed Integer & Barrier Optimizers
5725-A06 5725-A29 5724-Y48 5724-Y49 5724-Y54 5724-Y55 5655-Y21
Copyright IBM Corp. 1988, 2017.  All Rights Reserved.

Type 'help' for a list of available commands.
Type 'help' followed by a command name for more
information on commands.

CPLEX> Problem 'cplex.lp' read.
Read time = 0.00 sec. (0.10 ticks)
CPLEX> New value for time limit in seconds: 4914
CPLEX> New value for mixed integer optimality gap tolerance: 1e-10
CPLEX> CPXPARAM_TimeLimit                               4914
CPXPARAM_MIP_Tolerances_MIPGap                   1e-10
Found incumbent of value 2.9512584e+09 after 0.00 sec. (0.02 ticks)
Tried aggregator 1 time.
MIQP Presolve eliminated 0 rows and 5 columns.
Reduced MIQP has 0 rows, 37 columns, and 0 nonzeros.
Reduced MIQP has 0 binaries, 37 generals, 0 SOSs, and 0 indicators.
Reduced MIQP objective Q matrix has 1369 nonzeros.
Presolve time = 0.00 sec. (0.16 ticks)
Tried aggregator 1 time.
Reduced MIQP has 0 rows, 37 columns, and 0 nonzeros.
Reduced MIQP has 0 binaries, 37 generals, 0 SOSs, and 0 indicators.
Reduced MIQP objective Q matrix has 1369 nonzeros.
Presolve time = 0.00 sec. (0.12 ticks)
MIP emphasis: balance optimality and feasibility.
MIP search method: dynamic search.
Parallel mode: deterministic, using up to 32 threads.
Root relaxation solution time = 0.01 sec. (0.68 ticks)

        Nodes                                         Cuts/
   Node  Left     Objective  IInf  Best Integer    Best Bound    ItCnt     Gap

*     0+    0                       2.95126e+09  -1.74143e+10           690.06%
      0     0    86143.2482    36   2.95126e+09    86143.2482        7  100.00%
*     0+    0                      4023806.0000    86143.2482            97.86%
      0     2    86143.2482    36  4023806.0000    86143.2482        7   97.86%
Elapsed time = 0.29 sec. (6.27 ticks, tree = 0.01 MB, solutions = 2)
*  2203+  662                      4014720.0000   277216.0391            93.10%
*  2232+  937                      3943337.0000   277216.0391            92.97%
  72235 29897  3777456.6359    24  3943337.0000  2489432.4391   139301   36.87%
 173586 43076  3905725.2588    17  3943337.0000  3278554.3683   338454   16.86%
 261226  1291  3928324.4109    23  3943337.0000  3926499.0836   515273    0.43%

Root node processing (before b&c):
  Real time             =    0.28 sec. (6.10 ticks)
Parallel b&c, 32 threads:
  Real time             =   10.76 sec. (719.27 ticks)
  Sync time (average)   =    9.10 sec.
  Wait time (average)   =    0.02 sec.
                          ------------
Total (root+branch&cut) =   11.04 sec. (725.37 ticks)

Solution pool: 5 solutions saved.

MIP - Integer optimal solution:  Objective =  3.9433370000e+06
Solution time =   11.05 sec.  Iterations = 517064  Nodes = 262314
Deterministic time = 725.37 ticks  (65.64 ticks/sec)

CPLEX> Incumbent solution written to file 'cplex.sol'.
CPLEX> 

optval(Q): 3943337.000, lowerbound(P): 506398.181
bestval: 2237434.000
-[6]--------------------------------------------
selection: 6

Welcome to IBM(R) ILOG(R) CPLEX(R) Interactive Optimizer 12.8.0.0
  with Simplex, Mixed Integer & Barrier Optimizers
5725-A06 5725-A29 5724-Y48 5724-Y49 5724-Y54 5724-Y55 5655-Y21
Copyright IBM Corp. 1988, 2017.  All Rights Reserved.

Type 'help' for a list of available commands.
Type 'help' followed by a command name for more
information on commands.

CPLEX> Problem 'cplex.lp' read.
Read time = 0.00 sec. (0.10 ticks)
CPLEX> New value for time limit in seconds: 4903
CPLEX> New value for mixed integer optimality gap tolerance: 1e-10
CPLEX> CPXPARAM_TimeLimit                               4903
CPXPARAM_MIP_Tolerances_MIPGap                   1e-10
Found incumbent of value 2.0895449e+09 after 0.00 sec. (0.02 ticks)
Tried aggregator 1 time.
MIQP Presolve eliminated 0 rows and 6 columns.
Reduced MIQP has 0 rows, 36 columns, and 0 nonzeros.
Reduced MIQP has 0 binaries, 36 generals, 0 SOSs, and 0 indicators.
Reduced MIQP objective Q matrix has 1296 nonzeros.
Presolve time = 0.00 sec. (0.16 ticks)
Tried aggregator 1 time.
Reduced MIQP has 0 rows, 36 columns, and 0 nonzeros.
Reduced MIQP has 0 binaries, 36 generals, 0 SOSs, and 0 indicators.
Reduced MIQP objective Q matrix has 1296 nonzeros.
Presolve time = 0.00 sec. (0.11 ticks)
MIP emphasis: balance optimality and feasibility.
MIP search method: dynamic search.
Parallel mode: deterministic, using up to 32 threads.
Root relaxation solution time = 0.00 sec. (0.65 ticks)

        Nodes                                         Cuts/
   Node  Left     Objective  IInf  Best Integer    Best Bound    ItCnt     Gap

*     0+    0                       2.08954e+09  -1.50179e+10           818.72%
      0     0   193798.2517    35   2.08954e+09   193798.2517        7   99.99%
*     0+    0                      7925368.0000   193798.2517            97.55%
*     0+    0                      3005979.0000   193798.2517            93.55%
      0     2   193798.2517    35  3005979.0000   243574.0530        7   91.90%
Elapsed time = 0.36 sec. (6.15 ticks, tree = 0.01 MB, solutions = 3)

Root node processing (before b&c):
  Real time             =    0.35 sec. (5.95 ticks)
Parallel b&c, 32 threads:
  Real time             =    0.73 sec. (109.33 ticks)
  Sync time (average)   =    0.44 sec.
  Wait time (average)   =    0.01 sec.
                          ------------
Total (root+branch&cut) =    1.08 sec. (115.28 ticks)

Solution pool: 4 solutions saved.

MIP - Integer optimal solution:  Objective =  3.0059790000e+06
Solution time =    1.09 sec.  Iterations = 34066  Nodes = 18996
Deterministic time = 115.28 ticks  (105.84 ticks/sec)

CPLEX> Incumbent solution written to file 'cplex.sol'.
CPLEX> 

optval(Q): 3005979.000, lowerbound(P): 525183.887
bestval: 2237434.000
-[7]--------------------------------------------
selection: 7

Welcome to IBM(R) ILOG(R) CPLEX(R) Interactive Optimizer 12.8.0.0
  with Simplex, Mixed Integer & Barrier Optimizers
5725-A06 5725-A29 5724-Y48 5724-Y49 5724-Y54 5724-Y55 5655-Y21
Copyright IBM Corp. 1988, 2017.  All Rights Reserved.

Type 'help' for a list of available commands.
Type 'help' followed by a command name for more
information on commands.

CPLEX> Problem 'cplex.lp' read.
Read time = 0.00 sec. (0.10 ticks)
CPLEX> New value for time limit in seconds: 4902
CPLEX> New value for mixed integer optimality gap tolerance: 1e-10
CPLEX> CPXPARAM_TimeLimit                               4902
CPXPARAM_MIP_Tolerances_MIPGap                   1e-10
Found incumbent of value 2.2431582e+09 after 0.00 sec. (0.02 ticks)
Found incumbent of value 2.1400503e+09 after 0.00 sec. (0.02 ticks)
Tried aggregator 1 time.
MIQP Presolve eliminated 0 rows and 7 columns.
Reduced MIQP has 0 rows, 35 columns, and 0 nonzeros.
Reduced MIQP has 0 binaries, 35 generals, 0 SOSs, and 0 indicators.
Reduced MIQP objective Q matrix has 1225 nonzeros.
Presolve time = 0.00 sec. (0.16 ticks)
Tried aggregator 1 time.
Reduced MIQP has 0 rows, 35 columns, and 0 nonzeros.
Reduced MIQP has 0 binaries, 35 generals, 0 SOSs, and 0 indicators.
Reduced MIQP objective Q matrix has 1225 nonzeros.
Presolve time = 0.00 sec. (0.11 ticks)
MIP emphasis: balance optimality and feasibility.
MIP search method: dynamic search.
Parallel mode: deterministic, using up to 32 threads.
Root relaxation solution time = 0.00 sec. (0.62 ticks)

        Nodes                                         Cuts/
   Node  Left     Objective  IInf  Best Integer    Best Bound    ItCnt     Gap

*     0+    0                       2.14005e+09  -1.35057e+10           731.09%
      0     0   545205.2497    34   2.14005e+09   545205.2497        7   99.97%
*     0+    0                      9937445.0000   545205.2497            94.51%
*     0+    0                      3841307.0000   545205.2497            85.81%
      0     2   545205.2497    34  3841307.0000   792691.1817        7   79.36%
Elapsed time = 0.32 sec. (5.60 ticks, tree = 0.01 MB, solutions = 3)

Root node processing (before b&c):
  Real time             =    0.23 sec. (5.42 ticks)
Parallel b&c, 32 threads:
  Real time             =    0.96 sec. (118.61 ticks)
  Sync time (average)   =    0.51 sec.
  Wait time (average)   =    0.01 sec.
                          ------------
Total (root+branch&cut) =    1.20 sec. (124.03 ticks)

Solution pool: 4 solutions saved.

MIP - Integer optimal solution:  Objective =  3.8413070000e+06
Solution time =    1.21 sec.  Iterations = 47187  Nodes = 25816
Deterministic time = 124.03 ticks  (102.53 ticks/sec)

CPLEX> Incumbent solution written to file 'cplex.sol'.
CPLEX> 

optval(Q): 3841307.000, lowerbound(P): 526357.144
bestval: 2237434.000
-[8]--------------------------------------------
selection: 8

Welcome to IBM(R) ILOG(R) CPLEX(R) Interactive Optimizer 12.8.0.0
  with Simplex, Mixed Integer & Barrier Optimizers
5725-A06 5725-A29 5724-Y48 5724-Y49 5724-Y54 5724-Y55 5655-Y21
Copyright IBM Corp. 1988, 2017.  All Rights Reserved.

Type 'help' for a list of available commands.
Type 'help' followed by a command name for more
information on commands.

CPLEX> Problem 'cplex.lp' read.
Read time = 0.00 sec. (0.10 ticks)
CPLEX> New value for time limit in seconds: 4901
CPLEX> New value for mixed integer optimality gap tolerance: 1e-10
CPLEX> CPXPARAM_TimeLimit                               4901
CPXPARAM_MIP_Tolerances_MIPGap                   1e-10
Found incumbent of value 2.1157373e+09 after 0.00 sec. (0.02 ticks)
Tried aggregator 1 time.
MIQP Presolve eliminated 0 rows and 8 columns.
Reduced MIQP has 0 rows, 34 columns, and 0 nonzeros.
Reduced MIQP has 0 binaries, 34 generals, 0 SOSs, and 0 indicators.
Reduced MIQP objective Q matrix has 1156 nonzeros.
Presolve time = 0.00 sec. (0.16 ticks)
Tried aggregator 1 time.
Reduced MIQP has 0 rows, 34 columns, and 0 nonzeros.
Reduced MIQP has 0 binaries, 34 generals, 0 SOSs, and 0 indicators.
Reduced MIQP objective Q matrix has 1156 nonzeros.
Presolve time = 0.00 sec. (0.10 ticks)
MIP emphasis: balance optimality and feasibility.
MIP search method: dynamic search.
Parallel mode: deterministic, using up to 32 threads.
Root relaxation solution time = 0.01 sec. (0.59 ticks)

        Nodes                                         Cuts/
   Node  Left     Objective  IInf  Best Integer    Best Bound    ItCnt     Gap

*     0+    0                       2.11574e+09  -1.27821e+10           704.15%
      0     0   483081.3682    33   2.11574e+09   483081.3682        7   99.98%
*     0+    0                       1.64366e+07   483081.3682            97.06%
*     0+    0                      4047282.0000   483081.3682            88.06%
      0     2   483081.3682    33  4047282.0000   507991.6584        7   87.45%
Elapsed time = 0.26 sec. (5.23 ticks, tree = 0.01 MB, solutions = 3)

Root node processing (before b&c):
  Real time             =    0.25 sec. (5.06 ticks)
Parallel b&c, 32 threads:
  Real time             =    0.81 sec. (99.90 ticks)
  Sync time (average)   =    0.45 sec.
  Wait time (average)   =    0.01 sec.
                          ------------
Total (root+branch&cut) =    1.06 sec. (104.96 ticks)

Solution pool: 4 solutions saved.

MIP - Integer optimal solution:  Objective =  4.0472820000e+06
Solution time =    1.07 sec.  Iterations = 38979  Nodes = 22383
Deterministic time = 104.96 ticks  (98.03 ticks/sec)

CPLEX> Incumbent solution written to file 'cplex.sol'.
CPLEX> 

optval(Q): 4047282.000, lowerbound(P): 527520.016
bestval: 2237434.000
-[9]--------------------------------------------
selection: 9

Welcome to IBM(R) ILOG(R) CPLEX(R) Interactive Optimizer 12.8.0.0
  with Simplex, Mixed Integer & Barrier Optimizers
5725-A06 5725-A29 5724-Y48 5724-Y49 5724-Y54 5724-Y55 5655-Y21
Copyright IBM Corp. 1988, 2017.  All Rights Reserved.

Type 'help' for a list of available commands.
Type 'help' followed by a command name for more
information on commands.

CPLEX> Problem 'cplex.lp' read.
Read time = 0.00 sec. (0.10 ticks)
CPLEX> New value for time limit in seconds: 4900
CPLEX> New value for mixed integer optimality gap tolerance: 1e-10
CPLEX> CPXPARAM_TimeLimit                               4900
CPXPARAM_MIP_Tolerances_MIPGap                   1e-10
Found incumbent of value 2.2099997e+09 after 0.00 sec. (0.02 ticks)
Found incumbent of value 2.1150986e+09 after 0.00 sec. (0.02 ticks)
Tried aggregator 1 time.
MIQP Presolve eliminated 0 rows and 9 columns.
Reduced MIQP has 0 rows, 33 columns, and 0 nonzeros.
Reduced MIQP has 0 binaries, 33 generals, 0 SOSs, and 0 indicators.
Reduced MIQP objective Q matrix has 1089 nonzeros.
Presolve time = 0.00 sec. (0.15 ticks)
Tried aggregator 1 time.
Reduced MIQP has 0 rows, 33 columns, and 0 nonzeros.
Reduced MIQP has 0 binaries, 33 generals, 0 SOSs, and 0 indicators.
Reduced MIQP objective Q matrix has 1089 nonzeros.
Presolve time = 0.00 sec. (0.09 ticks)
MIP emphasis: balance optimality and feasibility.
MIP search method: dynamic search.
Parallel mode: deterministic, using up to 32 threads.
Root relaxation solution time = 0.00 sec. (0.56 ticks)

        Nodes                                         Cuts/
   Node  Left     Objective  IInf  Best Integer    Best Bound    ItCnt     Gap

*     0+    0                       2.11510e+09  -1.18459e+10           660.06%
      0     0    72984.5913    32   2.11510e+09    72984.5913        7  100.00%
*     0+    0                      7150554.0000    72984.5913            98.98%
*     0+    0                      3283453.0000    72984.5913            97.78%
      0     2    72984.5913    32  3283453.0000    72984.5913        7   97.78%
Elapsed time = 0.21 sec. (4.89 ticks, tree = 0.01 MB, solutions = 3)

Root node processing (before b&c):
  Real time             =    0.16 sec. (4.73 ticks)
Parallel b&c, 32 threads:
  Real time             =    0.37 sec. (58.44 ticks)
  Sync time (average)   =    0.21 sec.
  Wait time (average)   =    0.00 sec.
                          ------------
Total (root+branch&cut) =    0.53 sec. (63.18 ticks)

Solution pool: 4 solutions saved.

MIP - Integer optimal solution:  Objective =  3.2834530000e+06
Solution time =    0.54 sec.  Iterations = 10711  Nodes = 6249
Deterministic time = 63.18 ticks  (116.79 ticks/sec)

CPLEX> Incumbent solution written to file 'cplex.sol'.
CPLEX> 

optval(Q): 3283453.000, lowerbound(P): 534134.727
bestval: 2237434.000
-[10]--------------------------------------------
selection: 10

Welcome to IBM(R) ILOG(R) CPLEX(R) Interactive Optimizer 12.8.0.0
  with Simplex, Mixed Integer & Barrier Optimizers
5725-A06 5725-A29 5724-Y48 5724-Y49 5724-Y54 5724-Y55 5655-Y21
Copyright IBM Corp. 1988, 2017.  All Rights Reserved.

Type 'help' for a list of available commands.
Type 'help' followed by a command name for more
information on commands.

CPLEX> Problem 'cplex.lp' read.
Read time = 0.00 sec. (0.10 ticks)
CPLEX> New value for time limit in seconds: 4899
CPLEX> New value for mixed integer optimality gap tolerance: 1e-10
CPLEX> CPXPARAM_TimeLimit                               4899
CPXPARAM_MIP_Tolerances_MIPGap                   1e-10
Found incumbent of value 1.9094073e+09 after 0.00 sec. (0.02 ticks)
Tried aggregator 1 time.
MIQP Presolve eliminated 0 rows and 10 columns.
Reduced MIQP has 0 rows, 32 columns, and 0 nonzeros.
Reduced MIQP has 0 binaries, 32 generals, 0 SOSs, and 0 indicators.
Reduced MIQP objective Q matrix has 1024 nonzeros.
Presolve time = 0.00 sec. (0.15 ticks)
Tried aggregator 1 time.
Reduced MIQP has 0 rows, 32 columns, and 0 nonzeros.
Reduced MIQP has 0 binaries, 32 generals, 0 SOSs, and 0 indicators.
Reduced MIQP objective Q matrix has 1024 nonzeros.
Presolve time = 0.00 sec. (0.09 ticks)
MIP emphasis: balance optimality and feasibility.
MIP search method: dynamic search.
Parallel mode: deterministic, using up to 32 threads.
Root relaxation solution time = 0.01 sec. (0.53 ticks)

        Nodes                                         Cuts/
   Node  Left     Objective  IInf  Best Integer    Best Bound    ItCnt     Gap

*     0+    0                       1.90941e+09  -1.06106e+10           655.70%
      0     0   363229.7206    31   1.90941e+09   363229.7206        7   99.98%
*     0+    0                      7699748.0000   363229.7206            95.28%
*     0+    0                      4296192.0000   363229.7206            91.55%
      0     2   363229.7206    31  4296192.0000   757878.6337        7   82.36%
Elapsed time = 0.18 sec. (4.77 ticks, tree = 0.01 MB, solutions = 3)

Root node processing (before b&c):
  Real time             =    0.15 sec. (4.61 ticks)
Parallel b&c, 32 threads:
  Real time             =    0.43 sec. (52.37 ticks)
  Sync time (average)   =    0.27 sec.
  Wait time (average)   =    0.00 sec.
                          ------------
Total (root+branch&cut) =    0.58 sec. (56.99 ticks)

Solution pool: 4 solutions saved.

MIP - Integer optimal solution:  Objective =  4.2961920000e+06
Solution time =    0.59 sec.  Iterations = 14738  Nodes = 8462
Deterministic time = 56.99 ticks  (97.13 ticks/sec)

CPLEX> Incumbent solution written to file 'cplex.sol'.
CPLEX> 

optval(Q): 4296192.000, lowerbound(P): 604918.438
bestval: 2237434.000
-[11]--------------------------------------------
selection: 11

Welcome to IBM(R) ILOG(R) CPLEX(R) Interactive Optimizer 12.8.0.0
  with Simplex, Mixed Integer & Barrier Optimizers
5725-A06 5725-A29 5724-Y48 5724-Y49 5724-Y54 5724-Y55 5655-Y21
Copyright IBM Corp. 1988, 2017.  All Rights Reserved.

Type 'help' for a list of available commands.
Type 'help' followed by a command name for more
information on commands.

CPLEX> Problem 'cplex.lp' read.
Read time = 0.00 sec. (0.10 ticks)
CPLEX> New value for time limit in seconds: 4899
CPLEX> New value for mixed integer optimality gap tolerance: 1e-10
CPLEX> CPXPARAM_TimeLimit                               4899
CPXPARAM_MIP_Tolerances_MIPGap                   1e-10
Found incumbent of value 1.7071078e+09 after 0.00 sec. (0.02 ticks)
Tried aggregator 1 time.
MIQP Presolve eliminated 0 rows and 11 columns.
Reduced MIQP has 0 rows, 31 columns, and 0 nonzeros.
Reduced MIQP has 0 binaries, 31 generals, 0 SOSs, and 0 indicators.
Reduced MIQP objective Q matrix has 961 nonzeros.
Presolve time = 0.00 sec. (0.15 ticks)
Tried aggregator 1 time.
Reduced MIQP has 0 rows, 31 columns, and 0 nonzeros.
Reduced MIQP has 0 binaries, 31 generals, 0 SOSs, and 0 indicators.
Reduced MIQP objective Q matrix has 961 nonzeros.
Presolve time = 0.00 sec. (0.08 ticks)
MIP emphasis: balance optimality and feasibility.
MIP search method: dynamic search.
Parallel mode: deterministic, using up to 32 threads.
Root relaxation solution time = 0.00 sec. (0.50 ticks)

        Nodes                                         Cuts/
   Node  Left     Objective  IInf  Best Integer    Best Bound    ItCnt     Gap

*     0+    0                       1.70711e+09  -9.44142e+09           653.07%
      0     0   320343.9563    30   1.70711e+09   320343.9563        7   99.98%
*     0+    0                      4801619.0000   320343.9563            93.33%
*     0+    0                      3551341.0000   320343.9563            90.98%
      0     2   320343.9563    30  3551341.0000   954636.5754        7   73.12%
Elapsed time = 0.16 sec. (4.39 ticks, tree = 0.01 MB, solutions = 3)

Root node processing (before b&c):
  Real time             =    0.12 sec. (4.25 ticks)
Parallel b&c, 32 threads:
  Real time             =    0.15 sec. (9.78 ticks)
  Sync time (average)   =    0.10 sec.
  Wait time (average)   =    0.00 sec.
                          ------------
Total (root+branch&cut) =    0.27 sec. (14.03 ticks)

Solution pool: 4 solutions saved.

MIP - Integer optimal solution:  Objective =  3.5513410000e+06
Solution time =    0.28 sec.  Iterations = 2909  Nodes = 1897
Deterministic time = 14.03 ticks  (50.28 ticks/sec)

CPLEX> Incumbent solution written to file 'cplex.sol'.
CPLEX> 

optval(Q): 3551341.000, lowerbound(P): 634085.321
bestval: 2237434.000
-[12]--------------------------------------------
selection: 12

Welcome to IBM(R) ILOG(R) CPLEX(R) Interactive Optimizer 12.8.0.0
  with Simplex, Mixed Integer & Barrier Optimizers
5725-A06 5725-A29 5724-Y48 5724-Y49 5724-Y54 5724-Y55 5655-Y21
Copyright IBM Corp. 1988, 2017.  All Rights Reserved.

Type 'help' for a list of available commands.
Type 'help' followed by a command name for more
information on commands.

CPLEX> Problem 'cplex.lp' read.
Read time = 0.00 sec. (0.10 ticks)
CPLEX> New value for time limit in seconds: 4898
CPLEX> New value for mixed integer optimality gap tolerance: 1e-10
CPLEX> CPXPARAM_TimeLimit                               4898
CPXPARAM_MIP_Tolerances_MIPGap                   1e-10
Found incumbent of value 1.5322970e+09 after 0.00 sec. (0.02 ticks)
Tried aggregator 1 time.
MIQP Presolve eliminated 0 rows and 12 columns.
Reduced MIQP has 0 rows, 30 columns, and 0 nonzeros.
Reduced MIQP has 0 binaries, 30 generals, 0 SOSs, and 0 indicators.
Reduced MIQP objective Q matrix has 900 nonzeros.
Presolve time = 0.00 sec. (0.15 ticks)
Tried aggregator 1 time.
Reduced MIQP has 0 rows, 30 columns, and 0 nonzeros.
Reduced MIQP has 0 binaries, 30 generals, 0 SOSs, and 0 indicators.
Reduced MIQP objective Q matrix has 900 nonzeros.
Presolve time = 0.00 sec. (0.08 ticks)
MIP emphasis: balance optimality and feasibility.
MIP search method: dynamic search.
Parallel mode: deterministic, using up to 32 threads.
Root relaxation solution time = 0.01 sec. (0.49 ticks)

        Nodes                                         Cuts/
   Node  Left     Objective  IInf  Best Integer    Best Bound    ItCnt     Gap

*     0+    0                       1.53230e+09  -8.47522e+09           653.11%
      0     0  1134327.6044    29   1.53230e+09  1134327.6044        8   99.93%
*     0+    0                      3710599.0000  1134327.6044            69.43%
      0     2  1134327.6044    29  3710599.0000  1393051.5299        8   62.46%
Elapsed time = 0.22 sec. (4.04 ticks, tree = 0.01 MB, solutions = 2)

Root node processing (before b&c):
  Real time             =    0.18 sec. (3.90 ticks)
Parallel b&c, 32 threads:
  Real time             =    0.16 sec. (4.04 ticks)
  Sync time (average)   =    0.11 sec.
  Wait time (average)   =    0.00 sec.
                          ------------
Total (root+branch&cut) =    0.34 sec. (7.94 ticks)

Solution pool: 3 solutions saved.

MIP - Integer optimal solution:  Objective =  3.7105990000e+06
Solution time =    0.35 sec.  Iterations = 866  Nodes = 608
Deterministic time = 7.94 ticks  (22.93 ticks/sec)

CPLEX> Incumbent solution written to file 'cplex.sol'.
CPLEX> 

optval(Q): 3710599.000, lowerbound(P): 634231.766
bestval: 2237434.000
-[13]--------------------------------------------
selection: 13

Welcome to IBM(R) ILOG(R) CPLEX(R) Interactive Optimizer 12.8.0.0
  with Simplex, Mixed Integer & Barrier Optimizers
5725-A06 5725-A29 5724-Y48 5724-Y49 5724-Y54 5724-Y55 5655-Y21
Copyright IBM Corp. 1988, 2017.  All Rights Reserved.

Type 'help' for a list of available commands.
Type 'help' followed by a command name for more
information on commands.

CPLEX> Problem 'cplex.lp' read.
Read time = 0.00 sec. (0.10 ticks)
CPLEX> New value for time limit in seconds: 4898
CPLEX> New value for mixed integer optimality gap tolerance: 1e-10
CPLEX> CPXPARAM_TimeLimit                               4898
CPXPARAM_MIP_Tolerances_MIPGap                   1e-10
Found incumbent of value 1.4620685e+09 after 0.00 sec. (0.02 ticks)
Tried aggregator 1 time.
MIQP Presolve eliminated 0 rows and 13 columns.
Reduced MIQP has 0 rows, 29 columns, and 0 nonzeros.
Reduced MIQP has 0 binaries, 29 generals, 0 SOSs, and 0 indicators.
Reduced MIQP objective Q matrix has 841 nonzeros.
Presolve time = 0.00 sec. (0.15 ticks)
Tried aggregator 1 time.
Reduced MIQP has 0 rows, 29 columns, and 0 nonzeros.
Reduced MIQP has 0 binaries, 29 generals, 0 SOSs, and 0 indicators.
Reduced MIQP objective Q matrix has 841 nonzeros.
Presolve time = 0.00 sec. (0.07 ticks)
MIP emphasis: balance optimality and feasibility.
MIP search method: dynamic search.
Parallel mode: deterministic, using up to 32 threads.
Root relaxation solution time = 0.00 sec. (0.47 ticks)

        Nodes                                         Cuts/
   Node  Left     Objective  IInf  Best Integer    Best Bound    ItCnt     Gap

*     0+    0                       1.46207e+09  -7.33321e+09           601.56%
      0     0  1140628.4852    28   1.46207e+09  1140628.4852        8   99.92%
*     0+    0                      9558899.0000  1140628.4852            88.07%
*     0+    0                      5371760.0000  1140628.4852            78.77%
*     0+    0                      4644134.0000  1140628.4852            75.44%
      0     2  1140628.4852    28  4644134.0000  1838045.5406        8   60.42%
Elapsed time = 0.57 sec. (4.08 ticks, tree = 0.01 MB, solutions = 4)

Root node processing (before b&c):
  Real time             =    0.56 sec. (3.96 ticks)
Parallel b&c, 32 threads:
  Real time             =    0.21 sec. (7.22 ticks)
  Sync time (average)   =    0.19 sec.
  Wait time (average)   =    0.00 sec.
                          ------------
Total (root+branch&cut) =    0.77 sec. (11.18 ticks)

Solution pool: 5 solutions saved.

MIP - Integer optimal solution:  Objective =  4.6441340000e+06
Solution time =    0.78 sec.  Iterations = 2314  Nodes = 1640
Deterministic time = 11.18 ticks  (14.28 ticks/sec)

CPLEX> Incumbent solution written to file 'cplex.sol'.
CPLEX> 

optval(Q): 4644134.000, lowerbound(P): 641993.209
bestval: 2237434.000
-[14]--------------------------------------------
selection: 14

Welcome to IBM(R) ILOG(R) CPLEX(R) Interactive Optimizer 12.8.0.0
  with Simplex, Mixed Integer & Barrier Optimizers
5725-A06 5725-A29 5724-Y48 5724-Y49 5724-Y54 5724-Y55 5655-Y21
Copyright IBM Corp. 1988, 2017.  All Rights Reserved.

Type 'help' for a list of available commands.
Type 'help' followed by a command name for more
information on commands.

CPLEX> Problem 'cplex.lp' read.
Read time = 0.00 sec. (0.10 ticks)
CPLEX> New value for time limit in seconds: 4897
CPLEX> New value for mixed integer optimality gap tolerance: 1e-10
CPLEX> CPXPARAM_TimeLimit                               4897
CPXPARAM_MIP_Tolerances_MIPGap                   1e-10
Found incumbent of value 1.3480787e+09 after 0.00 sec. (0.02 ticks)
Tried aggregator 1 time.
MIQP Presolve eliminated 0 rows and 14 columns.
Reduced MIQP has 0 rows, 28 columns, and 0 nonzeros.
Reduced MIQP has 0 binaries, 28 generals, 0 SOSs, and 0 indicators.
Reduced MIQP objective Q matrix has 784 nonzeros.
Presolve time = 0.00 sec. (0.15 ticks)
Tried aggregator 1 time.
Reduced MIQP has 0 rows, 28 columns, and 0 nonzeros.
Reduced MIQP has 0 binaries, 28 generals, 0 SOSs, and 0 indicators.
Reduced MIQP objective Q matrix has 784 nonzeros.
Presolve time = 0.00 sec. (0.07 ticks)
MIP emphasis: balance optimality and feasibility.
MIP search method: dynamic search.
Parallel mode: deterministic, using up to 32 threads.
Root relaxation solution time = 0.00 sec. (0.42 ticks)

        Nodes                                         Cuts/
   Node  Left     Objective  IInf  Best Integer    Best Bound    ItCnt     Gap

*     0+    0                       1.34808e+09  -6.44034e+09           577.74%
      0     0   607815.1106    27   1.34808e+09   607815.1106        7   99.95%
*     0+    0                      5071566.0000   607815.1106            88.02%
*     0+    0                      3946608.0000   607815.1106            84.60%
      0     2   607815.1106    27  3946608.0000  1247355.9406        7   68.39%
Elapsed time = 0.26 sec. (3.44 ticks, tree = 0.01 MB, solutions = 3)

Root node processing (before b&c):
  Real time             =    0.20 sec. (3.32 ticks)
Parallel b&c, 32 threads:
  Real time             =    0.18 sec. (4.58 ticks)
  Sync time (average)   =    0.12 sec.
  Wait time (average)   =    0.00 sec.
                          ------------
Total (root+branch&cut) =    0.39 sec. (7.90 ticks)

Solution pool: 4 solutions saved.

MIP - Integer optimal solution:  Objective =  3.9466080000e+06
Solution time =    0.39 sec.  Iterations = 1347  Nodes = 895
Deterministic time = 7.90 ticks  (20.02 ticks/sec)

CPLEX> Incumbent solution written to file 'cplex.sol'.
CPLEX> 

optval(Q): 3946608.000, lowerbound(P): 700636.240
bestval: 2237434.000
-[15]--------------------------------------------
selection: 15

Welcome to IBM(R) ILOG(R) CPLEX(R) Interactive Optimizer 12.8.0.0
  with Simplex, Mixed Integer & Barrier Optimizers
5725-A06 5725-A29 5724-Y48 5724-Y49 5724-Y54 5724-Y55 5655-Y21
Copyright IBM Corp. 1988, 2017.  All Rights Reserved.

Type 'help' for a list of available commands.
Type 'help' followed by a command name for more
information on commands.

CPLEX> Problem 'cplex.lp' read.
Read time = 0.00 sec. (0.10 ticks)
CPLEX> New value for time limit in seconds: 4897
CPLEX> New value for mixed integer optimality gap tolerance: 1e-10
CPLEX> CPXPARAM_TimeLimit                               4897
CPXPARAM_MIP_Tolerances_MIPGap                   1e-10
Found incumbent of value 1.1303027e+09 after 0.00 sec. (0.02 ticks)
Tried aggregator 1 time.
MIQP Presolve eliminated 0 rows and 15 columns.
Reduced MIQP has 0 rows, 27 columns, and 0 nonzeros.
Reduced MIQP has 0 binaries, 27 generals, 0 SOSs, and 0 indicators.
Reduced MIQP objective Q matrix has 729 nonzeros.
Presolve time = 0.00 sec. (0.15 ticks)
Tried aggregator 1 time.
Reduced MIQP has 0 rows, 27 columns, and 0 nonzeros.
Reduced MIQP has 0 binaries, 27 generals, 0 SOSs, and 0 indicators.
Reduced MIQP objective Q matrix has 729 nonzeros.
Presolve time = 0.00 sec. (0.06 ticks)
MIP emphasis: balance optimality and feasibility.
MIP search method: dynamic search.
Parallel mode: deterministic, using up to 32 threads.
Root relaxation solution time = 0.01 sec. (0.39 ticks)

        Nodes                                         Cuts/
   Node  Left     Objective  IInf  Best Integer    Best Bound    ItCnt     Gap

*     0+    0                       1.13030e+09  -5.83939e+09           616.62%
      0     0   227156.2877    26   1.13030e+09   227156.2877        7   99.98%
*     0+    0                      3280776.0000   227156.2877            93.08%
      0     2   227156.2877    26  3280776.0000   599042.4736        7   81.74%
Elapsed time = 0.18 sec. (3.16 ticks, tree = 0.01 MB, solutions = 2)

Root node processing (before b&c):
  Real time             =    0.15 sec. (3.05 ticks)
Parallel b&c, 32 threads:
  Real time             =    0.17 sec. (2.16 ticks)
  Sync time (average)   =    0.14 sec.
  Wait time (average)   =    0.00 sec.
                          ------------
Total (root+branch&cut) =    0.32 sec. (5.21 ticks)

Solution pool: 3 solutions saved.

MIP - Integer optimal solution:  Objective =  3.2807760000e+06
Solution time =    0.33 sec.  Iterations = 423  Nodes = 342
Deterministic time = 5.21 ticks  (15.85 ticks/sec)

CPLEX> Incumbent solution written to file 'cplex.sol'.
CPLEX> 

optval(Q): 3280776.000, lowerbound(P): 717528.523
bestval: 2237434.000
-[16]--------------------------------------------
selection: 16

Welcome to IBM(R) ILOG(R) CPLEX(R) Interactive Optimizer 12.8.0.0
  with Simplex, Mixed Integer & Barrier Optimizers
5725-A06 5725-A29 5724-Y48 5724-Y49 5724-Y54 5724-Y55 5655-Y21
Copyright IBM Corp. 1988, 2017.  All Rights Reserved.

Type 'help' for a list of available commands.
Type 'help' followed by a command name for more
information on commands.

CPLEX> Problem 'cplex.lp' read.
Read time = 0.00 sec. (0.10 ticks)
CPLEX> New value for time limit in seconds: 4896
CPLEX> New value for mixed integer optimality gap tolerance: 1e-10
CPLEX> CPXPARAM_TimeLimit                               4896
CPXPARAM_MIP_Tolerances_MIPGap                   1e-10
Found incumbent of value 1.2016461e+09 after 0.00 sec. (0.02 ticks)
Found incumbent of value 1.1349825e+09 after 0.00 sec. (0.02 ticks)
Tried aggregator 1 time.
MIQP Presolve eliminated 0 rows and 16 columns.
Reduced MIQP has 0 rows, 26 columns, and 0 nonzeros.
Reduced MIQP has 0 binaries, 26 generals, 0 SOSs, and 0 indicators.
Reduced MIQP objective Q matrix has 676 nonzeros.
Presolve time = 0.00 sec. (0.14 ticks)
Tried aggregator 1 time.
Reduced MIQP has 0 rows, 26 columns, and 0 nonzeros.
Reduced MIQP has 0 binaries, 26 generals, 0 SOSs, and 0 indicators.
Reduced MIQP objective Q matrix has 676 nonzeros.
Presolve time = 0.00 sec. (0.06 ticks)
MIP emphasis: balance optimality and feasibility.
MIP search method: dynamic search.
Parallel mode: deterministic, using up to 32 threads.
Root relaxation solution time = 0.00 sec. (0.37 ticks)

        Nodes                                         Cuts/
   Node  Left     Objective  IInf  Best Integer    Best Bound    ItCnt     Gap

*     0+    0                       1.13498e+09  -5.02692e+09           542.91%
      0     0   673930.2111    25   1.13498e+09   673930.2111        7   99.94%
*     0+    0                      6640707.0000   673930.2111            89.85%
*     0+    0                      4667861.0000   673930.2111            85.56%
      0     2   673930.2111    25  4667861.0000  1736766.2257        7   62.79%
Elapsed time = 0.20 sec. (3.02 ticks, tree = 0.01 MB, solutions = 3)

Root node processing (before b&c):
  Real time             =    0.17 sec. (2.92 ticks)
Parallel b&c, 32 threads:
  Real time             =    0.15 sec. (4.38 ticks)
  Sync time (average)   =    0.12 sec.
  Wait time (average)   =    0.00 sec.
                          ------------
Total (root+branch&cut) =    0.33 sec. (7.29 ticks)

Solution pool: 4 solutions saved.

MIP - Integer optimal solution:  Objective =  4.6678610000e+06
Solution time =    0.33 sec.  Iterations = 665  Nodes = 514
Deterministic time = 7.29 ticks  (21.84 ticks/sec)

CPLEX> Incumbent solution written to file 'cplex.sol'.
CPLEX> 

optval(Q): 4667861.000, lowerbound(P): 1307275.606
bestval: 2237434.000
-[17]--------------------------------------------
selection: 17

Welcome to IBM(R) ILOG(R) CPLEX(R) Interactive Optimizer 12.8.0.0
  with Simplex, Mixed Integer & Barrier Optimizers
5725-A06 5725-A29 5724-Y48 5724-Y49 5724-Y54 5724-Y55 5655-Y21
Copyright IBM Corp. 1988, 2017.  All Rights Reserved.

Type 'help' for a list of available commands.
Type 'help' followed by a command name for more
information on commands.

CPLEX> Problem 'cplex.lp' read.
Read time = 0.00 sec. (0.10 ticks)
CPLEX> New value for time limit in seconds: 4896
CPLEX> New value for mixed integer optimality gap tolerance: 1e-10
CPLEX> CPXPARAM_TimeLimit                               4896
CPXPARAM_MIP_Tolerances_MIPGap                   1e-10
Found incumbent of value 1.1220672e+09 after 0.00 sec. (0.02 ticks)
Tried aggregator 1 time.
MIQP Presolve eliminated 0 rows and 17 columns.
Reduced MIQP has 0 rows, 25 columns, and 0 nonzeros.
Reduced MIQP has 0 binaries, 25 generals, 0 SOSs, and 0 indicators.
Reduced MIQP objective Q matrix has 625 nonzeros.
Presolve time = 0.00 sec. (0.14 ticks)
Tried aggregator 1 time.
Reduced MIQP has 0 rows, 25 columns, and 0 nonzeros.
Reduced MIQP has 0 binaries, 25 generals, 0 SOSs, and 0 indicators.
Reduced MIQP objective Q matrix has 625 nonzeros.
Presolve time = 0.00 sec. (0.06 ticks)
MIP emphasis: balance optimality and feasibility.
MIP search method: dynamic search.
Parallel mode: deterministic, using up to 32 threads.
Root relaxation solution time = 0.00 sec. (0.38 ticks)

        Nodes                                         Cuts/
   Node  Left     Objective  IInf  Best Integer    Best Bound    ItCnt     Gap

*     0+    0                       1.12207e+09  -4.55470e+09           505.92%
      0     0  2216709.3614    24   1.12207e+09  2216709.3614        9   99.80%
*     0+    0                      4394787.0000  2216709.3614            49.56%
      0     2  2224886.4123    22  4394787.0000  3370520.6439       13   23.31%
Elapsed time = 0.50 sec. (3.46 ticks, tree = 0.01 MB, solutions = 2)

Root node processing (before b&c):
  Real time             =    0.49 sec. (3.37 ticks)
Parallel b&c, 32 threads:
  Real time             =    0.04 sec. (1.37 ticks)
  Sync time (average)   =    0.02 sec.
  Wait time (average)   =    0.00 sec.
                          ------------
Total (root+branch&cut) =    0.52 sec. (4.75 ticks)

Solution pool: 3 solutions saved.

MIP - Integer optimal solution:  Objective =  4.3947870000e+06
Solution time =    0.53 sec.  Iterations = 145  Nodes = 97
Deterministic time = 4.75 ticks  (8.94 ticks/sec)

CPLEX> Incumbent solution written to file 'cplex.sol'.
CPLEX> 

optval(Q): 4394787.000, lowerbound(P): 1307558.145
bestval: 2237434.000
-[18]--------------------------------------------
selection: 18

Welcome to IBM(R) ILOG(R) CPLEX(R) Interactive Optimizer 12.8.0.0
  with Simplex, Mixed Integer & Barrier Optimizers
5725-A06 5725-A29 5724-Y48 5724-Y49 5724-Y54 5724-Y55 5655-Y21
Copyright IBM Corp. 1988, 2017.  All Rights Reserved.

Type 'help' for a list of available commands.
Type 'help' followed by a command name for more
information on commands.

CPLEX> Problem 'cplex.lp' read.
Read time = 0.00 sec. (0.10 ticks)
CPLEX> New value for time limit in seconds: 4896
CPLEX> New value for mixed integer optimality gap tolerance: 1e-10
CPLEX> CPXPARAM_TimeLimit                               4896
CPXPARAM_MIP_Tolerances_MIPGap                   1e-10
Found incumbent of value 1.0617737e+09 after 0.00 sec. (0.01 ticks)
Tried aggregator 1 time.
MIQP Presolve eliminated 0 rows and 18 columns.
Reduced MIQP has 0 rows, 24 columns, and 0 nonzeros.
Reduced MIQP has 0 binaries, 24 generals, 0 SOSs, and 0 indicators.
Reduced MIQP objective Q matrix has 576 nonzeros.
Presolve time = 0.00 sec. (0.14 ticks)
Tried aggregator 1 time.
Reduced MIQP has 0 rows, 24 columns, and 0 nonzeros.
Reduced MIQP has 0 binaries, 24 generals, 0 SOSs, and 0 indicators.
Reduced MIQP objective Q matrix has 576 nonzeros.
Presolve time = 0.00 sec. (0.05 ticks)
MIP emphasis: balance optimality and feasibility.
MIP search method: dynamic search.
Parallel mode: deterministic, using up to 32 threads.
Root relaxation solution time = 0.00 sec. (0.34 ticks)

        Nodes                                         Cuts/
   Node  Left     Objective  IInf  Best Integer    Best Bound    ItCnt     Gap

*     0+    0                       1.06177e+09  -4.06351e+09           482.71%
      0     0  1390580.4858    23   1.06177e+09  1390580.4858        8   99.87%
*     0+    0                      5691814.0000  1390580.4858            75.57%
*     0+    0                      4800803.0000  1390580.4858            71.03%
      0     2  1390580.4858    23  4800803.0000  2582867.8068        8   46.20%
Elapsed time = 0.34 sec. (2.54 ticks, tree = 0.01 MB, solutions = 3)

Root node processing (before b&c):
  Real time             =    0.31 sec. (2.45 ticks)
Parallel b&c, 32 threads:
  Real time             =    0.14 sec. (1.74 ticks)
  Sync time (average)   =    0.11 sec.
  Wait time (average)   =    0.00 sec.
                          ------------
Total (root+branch&cut) =    0.45 sec. (4.20 ticks)

Solution pool: 4 solutions saved.

MIP - Integer optimal solution:  Objective =  4.8008030000e+06
Solution time =    0.45 sec.  Iterations = 296  Nodes = 231
Deterministic time = 4.20 ticks  (9.24 ticks/sec)

CPLEX> Incumbent solution written to file 'cplex.sol'.
CPLEX> 

optval(Q): 4800803.000, lowerbound(P): 1313112.314
bestval: 2237434.000
-[19]--------------------------------------------
selection: 19

Welcome to IBM(R) ILOG(R) CPLEX(R) Interactive Optimizer 12.8.0.0
  with Simplex, Mixed Integer & Barrier Optimizers
5725-A06 5725-A29 5724-Y48 5724-Y49 5724-Y54 5724-Y55 5655-Y21
Copyright IBM Corp. 1988, 2017.  All Rights Reserved.

Type 'help' for a list of available commands.
Type 'help' followed by a command name for more
information on commands.

CPLEX> Problem 'cplex.lp' read.
Read time = 0.00 sec. (0.10 ticks)
CPLEX> New value for time limit in seconds: 4895
CPLEX> New value for mixed integer optimality gap tolerance: 1e-10
CPLEX> CPXPARAM_TimeLimit                               4895
CPXPARAM_MIP_Tolerances_MIPGap                   1e-10
Found incumbent of value 1.0912756e+09 after 0.00 sec. (0.01 ticks)
Found incumbent of value 1.0518647e+09 after 0.00 sec. (0.02 ticks)
Tried aggregator 1 time.
MIQP Presolve eliminated 0 rows and 19 columns.
Reduced MIQP has 0 rows, 23 columns, and 0 nonzeros.
Reduced MIQP has 0 binaries, 23 generals, 0 SOSs, and 0 indicators.
Reduced MIQP objective Q matrix has 529 nonzeros.
Presolve time = 0.00 sec. (0.14 ticks)
Tried aggregator 1 time.
Reduced MIQP has 0 rows, 23 columns, and 0 nonzeros.
Reduced MIQP has 0 binaries, 23 generals, 0 SOSs, and 0 indicators.
Reduced MIQP objective Q matrix has 529 nonzeros.
Presolve time = 0.00 sec. (0.05 ticks)
MIP emphasis: balance optimality and feasibility.
MIP search method: dynamic search.
Parallel mode: deterministic, using up to 32 threads.
Root relaxation solution time = 0.00 sec. (0.33 ticks)

        Nodes                                         Cuts/
   Node  Left     Objective  IInf  Best Integer    Best Bound    ItCnt     Gap

*     0+    0                       1.05186e+09  -3.60669e+09           442.89%
      0     0  1947103.9508    22   1.05186e+09  1947103.9508        9   99.81%
*     0+    0                      5150297.0000  1947103.9508            62.19%
      0     2  1947103.9508    22  5150297.0000  2443376.3577        9   52.56%
Elapsed time = 0.19 sec. (2.37 ticks, tree = 0.01 MB, solutions = 2)

Root node processing (before b&c):
  Real time             =    0.14 sec. (2.29 ticks)
Parallel b&c, 32 threads:
  Real time             =    0.19 sec. (1.68 ticks)
  Sync time (average)   =    0.14 sec.
  Wait time (average)   =    0.00 sec.
                          ------------
Total (root+branch&cut) =    0.33 sec. (3.97 ticks)

Solution pool: 3 solutions saved.

MIP - Integer optimal solution:  Objective =  5.1502970000e+06
Solution time =    0.34 sec.  Iterations = 175  Nodes = 144
Deterministic time = 3.97 ticks  (11.63 ticks/sec)

CPLEX> Incumbent solution written to file 'cplex.sol'.
CPLEX> 

optval(Q): 5150297.000, lowerbound(P): 1371225.440
bestval: 2237434.000
-[20]--------------------------------------------
selection: 20

Welcome to IBM(R) ILOG(R) CPLEX(R) Interactive Optimizer 12.8.0.0
  with Simplex, Mixed Integer & Barrier Optimizers
5725-A06 5725-A29 5724-Y48 5724-Y49 5724-Y54 5724-Y55 5655-Y21
Copyright IBM Corp. 1988, 2017.  All Rights Reserved.

Type 'help' for a list of available commands.
Type 'help' followed by a command name for more
information on commands.

CPLEX> Problem 'cplex.lp' read.
Read time = 0.00 sec. (0.10 ticks)
CPLEX> New value for time limit in seconds: 4895
CPLEX> New value for mixed integer optimality gap tolerance: 1e-10
CPLEX> CPXPARAM_TimeLimit                               4895
CPXPARAM_MIP_Tolerances_MIPGap                   1e-10
Found incumbent of value 9.9327126e+08 after 0.00 sec. (0.01 ticks)
Tried aggregator 1 time.
MIQP Presolve eliminated 0 rows and 20 columns.
Reduced MIQP has 0 rows, 22 columns, and 0 nonzeros.
Reduced MIQP has 0 binaries, 22 generals, 0 SOSs, and 0 indicators.
Reduced MIQP objective Q matrix has 484 nonzeros.
Presolve time = 0.00 sec. (0.14 ticks)
Tried aggregator 1 time.
Reduced MIQP has 0 rows, 22 columns, and 0 nonzeros.
Reduced MIQP has 0 binaries, 22 generals, 0 SOSs, and 0 indicators.
Reduced MIQP objective Q matrix has 484 nonzeros.
Presolve time = 0.00 sec. (0.04 ticks)
MIP emphasis: balance optimality and feasibility.
MIP search method: dynamic search.
Parallel mode: deterministic, using up to 32 threads.
Root relaxation solution time = 0.00 sec. (0.28 ticks)

        Nodes                                         Cuts/
   Node  Left     Objective  IInf  Best Integer    Best Bound    ItCnt     Gap

*     0+    0                       9.93271e+08  -3.15320e+09           417.46%
      0     0  1101599.9991    21   9.93271e+08  1101599.9991        7   99.89%
*     0+    0                      4012816.0000  1101599.9991            72.55%
      0     2  1101599.9991    21  4012816.0000  2967783.3566        7   26.04%
Elapsed time = 0.32 sec. (2.02 ticks, tree = 0.01 MB, solutions = 2)

Root node processing (before b&c):
  Real time             =    0.28 sec. (1.95 ticks)
Parallel b&c, 32 threads:
  Real time             =    0.11 sec. (1.33 ticks)
  Sync time (average)   =    0.07 sec.
  Wait time (average)   =    0.00 sec.
                          ------------
Total (root+branch&cut) =    0.39 sec. (3.28 ticks)

Solution pool: 3 solutions saved.

MIP - Integer optimal solution:  Objective =  4.0128160000e+06
Solution time =    0.39 sec.  Iterations = 132  Nodes = 98
Deterministic time = 3.28 ticks  (8.35 ticks/sec)

CPLEX> Incumbent solution written to file 'cplex.sol'.
CPLEX> 

optval(Q): 4012816.000, lowerbound(P): 1433617.718
bestval: 2237434.000
-[21]--------------------------------------------
selection: 21

Welcome to IBM(R) ILOG(R) CPLEX(R) Interactive Optimizer 12.8.0.0
  with Simplex, Mixed Integer & Barrier Optimizers
5725-A06 5725-A29 5724-Y48 5724-Y49 5724-Y54 5724-Y55 5655-Y21
Copyright IBM Corp. 1988, 2017.  All Rights Reserved.

Type 'help' for a list of available commands.
Type 'help' followed by a command name for more
information on commands.

CPLEX> Problem 'cplex.lp' read.
Read time = 0.00 sec. (0.10 ticks)
CPLEX> New value for time limit in seconds: 4894
CPLEX> New value for mixed integer optimality gap tolerance: 1e-10
CPLEX> CPXPARAM_TimeLimit                               4894
CPXPARAM_MIP_Tolerances_MIPGap                   1e-10
Found incumbent of value 9.2096540e+08 after 0.00 sec. (0.01 ticks)
Tried aggregator 1 time.
MIQP Presolve eliminated 0 rows and 21 columns.
Reduced MIQP has 0 rows, 21 columns, and 0 nonzeros.
Reduced MIQP has 0 binaries, 21 generals, 0 SOSs, and 0 indicators.
Reduced MIQP objective Q matrix has 441 nonzeros.
Presolve time = 0.00 sec. (0.14 ticks)
Tried aggregator 1 time.
Reduced MIQP has 0 rows, 21 columns, and 0 nonzeros.
Reduced MIQP has 0 binaries, 21 generals, 0 SOSs, and 0 indicators.
Reduced MIQP objective Q matrix has 441 nonzeros.
Presolve time = 0.00 sec. (0.04 ticks)
MIP emphasis: balance optimality and feasibility.
MIP search method: dynamic search.
Parallel mode: deterministic, using up to 32 threads.
Root relaxation solution time = 0.00 sec. (0.27 ticks)

        Nodes                                         Cuts/
   Node  Left     Objective  IInf  Best Integer    Best Bound    ItCnt     Gap

*     0+    0                       9.20965e+08  -2.68641e+09           391.69%
      0     0  2551890.7374    20   9.20965e+08  2551890.7374        8   99.72%
*     0+    0                      3928376.0000  2551890.7374            35.04%
      0     0        cutoff        3928376.0000  3928376.0000       26    0.00%
Elapsed time = 0.18 sec. (1.33 ticks, tree = 0.01 MB, solutions = 2)

Root node processing (before b&c):
  Real time             =    0.18 sec. (1.33 ticks)
Parallel b&c, 32 threads:
  Real time             =    0.00 sec. (0.00 ticks)
  Sync time (average)   =    0.00 sec.
  Wait time (average)   =    0.00 sec.
                          ------------
Total (root+branch&cut) =    0.18 sec. (1.33 ticks)

Solution pool: 3 solutions saved.

MIP - Integer optimal solution:  Objective =  3.9283760000e+06
Solution time =    0.19 sec.  Iterations = 26  Nodes = 0
Deterministic time = 1.33 ticks  (7.00 ticks/sec)

CPLEX> Incumbent solution written to file 'cplex.sol'.
CPLEX> 

optval(Q): 3928376.000, lowerbound(P): 1624040.894
bestval: 2237434.000
-[22]--------------------------------------------
selection: 22

Welcome to IBM(R) ILOG(R) CPLEX(R) Interactive Optimizer 12.8.0.0
  with Simplex, Mixed Integer & Barrier Optimizers
5725-A06 5725-A29 5724-Y48 5724-Y49 5724-Y54 5724-Y55 5655-Y21
Copyright IBM Corp. 1988, 2017.  All Rights Reserved.

Type 'help' for a list of available commands.
Type 'help' followed by a command name for more
information on commands.

CPLEX> Problem 'cplex.lp' read.
Read time = 0.00 sec. (0.10 ticks)
CPLEX> New value for time limit in seconds: 4894
CPLEX> New value for mixed integer optimality gap tolerance: 1e-10
CPLEX> CPXPARAM_TimeLimit                               4894
CPXPARAM_MIP_Tolerances_MIPGap                   1e-10
Found incumbent of value 8.2827894e+08 after 0.00 sec. (0.01 ticks)
Tried aggregator 1 time.
MIQP Presolve eliminated 0 rows and 22 columns.
Reduced MIQP has 0 rows, 20 columns, and 0 nonzeros.
Reduced MIQP has 0 binaries, 20 generals, 0 SOSs, and 0 indicators.
Reduced MIQP objective Q matrix has 400 nonzeros.
Presolve time = 0.00 sec. (0.13 ticks)
Tried aggregator 1 time.
Reduced MIQP has 0 rows, 20 columns, and 0 nonzeros.
Reduced MIQP has 0 binaries, 20 generals, 0 SOSs, and 0 indicators.
Reduced MIQP objective Q matrix has 400 nonzeros.
Presolve time = 0.00 sec. (0.04 ticks)
MIP emphasis: balance optimality and feasibility.
MIP search method: dynamic search.
Parallel mode: deterministic, using up to 32 threads.
Root relaxation solution time = 0.01 sec. (0.25 ticks)

        Nodes                                         Cuts/
   Node  Left     Objective  IInf  Best Integer    Best Bound    ItCnt     Gap

*     0+    0                       8.28279e+08  -2.43429e+09           393.90%
      0     0  1912819.3786    19   8.28279e+08  1912819.3786        8   99.77%
*     0+    0                      6633884.0000  1912819.3786            71.17%
*     0+    0                      3809402.0000  1912819.3786            49.79%
      0     2  1912819.3786    19  3809402.0000  2863671.8831        8   24.83%
Elapsed time = 0.18 sec. (1.77 ticks, tree = 0.01 MB, solutions = 3)

Root node processing (before b&c):
  Real time             =    0.16 sec. (1.71 ticks)
Parallel b&c, 32 threads:
  Real time             =    0.03 sec. (0.81 ticks)
  Sync time (average)   =    0.01 sec.
  Wait time (average)   =    0.00 sec.
                          ------------
Total (root+branch&cut) =    0.19 sec. (2.51 ticks)

Solution pool: 4 solutions saved.

MIP - Integer optimal solution:  Objective =  3.8094020000e+06
Solution time =    0.20 sec.  Iterations = 40  Nodes = 32
Deterministic time = 2.51 ticks  (12.81 ticks/sec)

CPLEX> Incumbent solution written to file 'cplex.sol'.
CPLEX> 

optval(Q): 3809402.000, lowerbound(P): 1653144.362
bestval: 2237434.000
-[23]--------------------------------------------
selection: 23

Welcome to IBM(R) ILOG(R) CPLEX(R) Interactive Optimizer 12.8.0.0
  with Simplex, Mixed Integer & Barrier Optimizers
5725-A06 5725-A29 5724-Y48 5724-Y49 5724-Y54 5724-Y55 5655-Y21
Copyright IBM Corp. 1988, 2017.  All Rights Reserved.

Type 'help' for a list of available commands.
Type 'help' followed by a command name for more
information on commands.

CPLEX> Problem 'cplex.lp' read.
Read time = 0.00 sec. (0.10 ticks)
CPLEX> New value for time limit in seconds: 4894
CPLEX> New value for mixed integer optimality gap tolerance: 1e-10
CPLEX> CPXPARAM_TimeLimit                               4894
CPXPARAM_MIP_Tolerances_MIPGap                   1e-10
Found incumbent of value 7.3021036e+08 after 0.00 sec. (0.01 ticks)
Tried aggregator 1 time.
MIQP Presolve eliminated 0 rows and 23 columns.
Reduced MIQP has 0 rows, 19 columns, and 0 nonzeros.
Reduced MIQP has 0 binaries, 19 generals, 0 SOSs, and 0 indicators.
Reduced MIQP objective Q matrix has 361 nonzeros.
Presolve time = 0.00 sec. (0.13 ticks)
Tried aggregator 1 time.
Reduced MIQP has 0 rows, 19 columns, and 0 nonzeros.
Reduced MIQP has 0 binaries, 19 generals, 0 SOSs, and 0 indicators.
Reduced MIQP objective Q matrix has 361 nonzeros.
Presolve time = 0.00 sec. (0.03 ticks)
MIP emphasis: balance optimality and feasibility.
MIP search method: dynamic search.
Parallel mode: deterministic, using up to 32 threads.
Root relaxation solution time = 0.00 sec. (0.23 ticks)

        Nodes                                         Cuts/
   Node  Left     Objective  IInf  Best Integer    Best Bound    ItCnt     Gap

*     0+    0                       7.30210e+08  -2.22643e+09           404.90%
      0     0  2581058.3824    18   7.30210e+08  2581058.3824        8   99.65%
*     0+    0                      4409544.0000  2581058.3824            41.47%
      0     0        cutoff        4409544.0000  4409544.0000       18    0.00%
Elapsed time = 0.13 sec. (1.51 ticks, tree = 0.01 MB, solutions = 2)

Root node processing (before b&c):
  Real time             =    0.13 sec. (1.52 ticks)
Parallel b&c, 32 threads:
  Real time             =    0.00 sec. (0.00 ticks)
  Sync time (average)   =    0.00 sec.
  Wait time (average)   =    0.00 sec.
                          ------------
Total (root+branch&cut) =    0.13 sec. (1.52 ticks)

Solution pool: 3 solutions saved.

MIP - Integer optimal solution:  Objective =  4.4095440000e+06
Solution time =    0.14 sec.  Iterations = 18  Nodes = 0
Deterministic time = 1.52 ticks  (10.93 ticks/sec)

CPLEX> Incumbent solution written to file 'cplex.sol'.
CPLEX> 

optval(Q): 4409544.000, lowerbound(P): 2117015.745
bestval: 2237434.000
-[24]--------------------------------------------
selection: 24

Welcome to IBM(R) ILOG(R) CPLEX(R) Interactive Optimizer 12.8.0.0
  with Simplex, Mixed Integer & Barrier Optimizers
5725-A06 5725-A29 5724-Y48 5724-Y49 5724-Y54 5724-Y55 5655-Y21
Copyright IBM Corp. 1988, 2017.  All Rights Reserved.

Type 'help' for a list of available commands.
Type 'help' followed by a command name for more
information on commands.

CPLEX> Problem 'cplex.lp' read.
Read time = 0.00 sec. (0.10 ticks)
CPLEX> New value for time limit in seconds: 4894
CPLEX> New value for mixed integer optimality gap tolerance: 1e-10
CPLEX> CPXPARAM_TimeLimit                               4894
CPXPARAM_MIP_Tolerances_MIPGap                   1e-10
Found incumbent of value 6.7087271e+08 after 0.00 sec. (0.01 ticks)
Tried aggregator 1 time.
MIQP Presolve eliminated 0 rows and 24 columns.
Reduced MIQP has 0 rows, 18 columns, and 0 nonzeros.
Reduced MIQP has 0 binaries, 18 generals, 0 SOSs, and 0 indicators.
Reduced MIQP objective Q matrix has 324 nonzeros.
Presolve time = 0.00 sec. (0.13 ticks)
Tried aggregator 1 time.
Reduced MIQP has 0 rows, 18 columns, and 0 nonzeros.
Reduced MIQP has 0 binaries, 18 generals, 0 SOSs, and 0 indicators.
Reduced MIQP objective Q matrix has 324 nonzeros.
Presolve time = 0.00 sec. (0.03 ticks)
MIP emphasis: balance optimality and feasibility.
MIP search method: dynamic search.
Parallel mode: deterministic, using up to 32 threads.
Root relaxation solution time = 0.00 sec. (0.22 ticks)

        Nodes                                         Cuts/
   Node  Left     Objective  IInf  Best Integer    Best Bound    ItCnt     Gap

*     0+    0                       6.70873e+08  -1.93992e+09           389.16%
      0     0  1939260.0322    17   6.70873e+08  1939260.0322        8   99.71%
*     0+    0                      3937747.0000  1939260.0322            50.75%
      0     0        cutoff        3937747.0000  3937747.0000       16    0.00%
Elapsed time = 0.31 sec. (1.25 ticks, tree = 0.01 MB, solutions = 2)

Root node processing (before b&c):
  Real time             =    0.31 sec. (1.25 ticks)
Parallel b&c, 32 threads:
  Real time             =    0.00 sec. (0.00 ticks)
  Sync time (average)   =    0.00 sec.
  Wait time (average)   =    0.00 sec.
                          ------------
Total (root+branch&cut) =    0.31 sec. (1.25 ticks)

Solution pool: 3 solutions saved.

MIP - Integer optimal solution:  Objective =  3.9377470000e+06
Solution time =    0.32 sec.  Iterations = 16  Nodes = 0
Deterministic time = 1.25 ticks  (3.97 ticks/sec)

CPLEX> Incumbent solution written to file 'cplex.sol'.
CPLEX> 

optval(Q): 3937747.000, lowerbound(P): 2144598.121
bestval: 2237434.000
-[25]--------------------------------------------
selection: 25

Welcome to IBM(R) ILOG(R) CPLEX(R) Interactive Optimizer 12.8.0.0
  with Simplex, Mixed Integer & Barrier Optimizers
5725-A06 5725-A29 5724-Y48 5724-Y49 5724-Y54 5724-Y55 5655-Y21
Copyright IBM Corp. 1988, 2017.  All Rights Reserved.

Type 'help' for a list of available commands.
Type 'help' followed by a command name for more
information on commands.

CPLEX> Problem 'cplex.lp' read.
Read time = 0.00 sec. (0.10 ticks)
CPLEX> New value for time limit in seconds: 4893
CPLEX> New value for mixed integer optimality gap tolerance: 1e-10
CPLEX> CPXPARAM_TimeLimit                               4893
CPXPARAM_MIP_Tolerances_MIPGap                   1e-10
Found incumbent of value 5.7242160e+08 after 0.00 sec. (0.01 ticks)
Tried aggregator 1 time.
MIQP Presolve eliminated 0 rows and 25 columns.
Reduced MIQP has 0 rows, 17 columns, and 0 nonzeros.
Reduced MIQP has 0 binaries, 17 generals, 0 SOSs, and 0 indicators.
Reduced MIQP objective Q matrix has 289 nonzeros.
Presolve time = 0.00 sec. (0.13 ticks)
Tried aggregator 1 time.
Reduced MIQP has 0 rows, 17 columns, and 0 nonzeros.
Reduced MIQP has 0 binaries, 17 generals, 0 SOSs, and 0 indicators.
Reduced MIQP objective Q matrix has 289 nonzeros.
Presolve time = 0.00 sec. (0.03 ticks)
MIP emphasis: balance optimality and feasibility.
MIP search method: dynamic search.
Parallel mode: deterministic, using up to 32 threads.
Root relaxation solution time = 0.00 sec. (0.21 ticks)

        Nodes                                         Cuts/
   Node  Left     Objective  IInf  Best Integer    Best Bound    ItCnt     Gap

*     0+    0                       5.72422e+08  -1.67346e+09           392.35%
      0     0  2599796.3462    16   5.72422e+08  2599796.3462        9   99.55%
*     0+    0                      4503164.0000  2599796.3462            42.27%
      0     2  2715383.3320    11  4503164.0000  3359226.1303       14   25.40%
Elapsed time = 0.22 sec. (1.30 ticks, tree = 0.01 MB, solutions = 2)

Root node processing (before b&c):
  Real time             =    0.21 sec. (1.27 ticks)
Parallel b&c, 32 threads:
  Real time             =    0.02 sec. (0.33 ticks)
  Sync time (average)   =    0.01 sec.
  Wait time (average)   =    0.00 sec.
                          ------------
Total (root+branch&cut) =    0.23 sec. (1.60 ticks)

Solution pool: 3 solutions saved.

MIP - Integer optimal solution:  Objective =  4.5031640000e+06
Solution time =    0.24 sec.  Iterations = 44  Nodes = 17
Deterministic time = 1.60 ticks  (6.66 ticks/sec)

CPLEX> Incumbent solution written to file 'cplex.sol'.
CPLEX> 

optval(Q): 4503164.000, lowerbound(P): 2144891.458
bestval: 2237434.000
-[26]--------------------------------------------
selection: 26

Welcome to IBM(R) ILOG(R) CPLEX(R) Interactive Optimizer 12.8.0.0
  with Simplex, Mixed Integer & Barrier Optimizers
5725-A06 5725-A29 5724-Y48 5724-Y49 5724-Y54 5724-Y55 5655-Y21
Copyright IBM Corp. 1988, 2017.  All Rights Reserved.

Type 'help' for a list of available commands.
Type 'help' followed by a command name for more
information on commands.

CPLEX> Problem 'cplex.lp' read.
Read time = 0.00 sec. (0.10 ticks)
CPLEX> New value for time limit in seconds: 4893
CPLEX> New value for mixed integer optimality gap tolerance: 1e-10
CPLEX> CPXPARAM_TimeLimit                               4893
CPXPARAM_MIP_Tolerances_MIPGap                   1e-10
Found incumbent of value 4.8946990e+08 after 0.00 sec. (0.01 ticks)
Tried aggregator 1 time.
MIQP Presolve eliminated 0 rows and 26 columns.
Reduced MIQP has 0 rows, 16 columns, and 0 nonzeros.
Reduced MIQP has 0 binaries, 16 generals, 0 SOSs, and 0 indicators.
Reduced MIQP objective Q matrix has 256 nonzeros.
Presolve time = 0.00 sec. (0.13 ticks)
Tried aggregator 1 time.
Reduced MIQP has 0 rows, 16 columns, and 0 nonzeros.
Reduced MIQP has 0 binaries, 16 generals, 0 SOSs, and 0 indicators.
Reduced MIQP objective Q matrix has 256 nonzeros.
Presolve time = 0.00 sec. (0.02 ticks)
MIP emphasis: balance optimality and feasibility.
MIP search method: dynamic search.
Parallel mode: deterministic, using up to 32 threads.
Root relaxation solution time = 0.01 sec. (0.19 ticks)

        Nodes                                         Cuts/
   Node  Left     Objective  IInf  Best Integer    Best Bound    ItCnt     Gap

*     0+    0                       4.89470e+08  -1.41088e+09           388.25%
      0     0  3156598.4032    15   4.89470e+08  3156598.4032        9   99.36%
*     0+    0                      5525030.0000  3156598.4032            42.87%
      0     2  3328804.8741     9  5525030.0000  5524827.8250       15    0.00%
Elapsed time = 0.23 sec. (1.20 ticks, tree = 0.01 MB, solutions = 2)

Root node processing (before b&c):
  Real time             =    0.22 sec. (1.16 ticks)
Parallel b&c, 32 threads:
  Real time             =    0.03 sec. (0.28 ticks)
  Sync time (average)   =    0.01 sec.
  Wait time (average)   =    0.00 sec.
                          ------------
Total (root+branch&cut) =    0.25 sec. (1.44 ticks)

Solution pool: 3 solutions saved.

MIP - Integer optimal solution:  Objective =  5.5250300000e+06
Solution time =    0.26 sec.  Iterations = 52  Nodes = 20
Deterministic time = 1.44 ticks  (5.64 ticks/sec)

CPLEX> Incumbent solution written to file 'cplex.sol'.
CPLEX> 

optval(Q): 5525030.000, lowerbound(P): 2255925.421
CUT-OFF!!

time: 107s
best value: 2237434.000
norm: 1495.805
AF: 0.892
Nodes: 0
best solution:
 0: 1.000
