Bounds: 
x_0: [ -15.000, 15.000]
x_1: [ -7.000, 7.000]
x_2: [ -7.000, 7.000]
x_3: [ -5.000, 5.000]
x_4: [ -8.000, 8.000]
x_5: [ -13.000, 13.000]
x_6: [ -9.000, 9.000]
x_7: [ -7.000, 7.000]
x_8: [ -10.000, 10.000]
x_9: [ -5.000, 5.000]
x_10: [ -6.000, 6.000]
x_11: [ -9.000, 9.000]
x_12: [ -6.000, 6.000]
x_13: [ -7.000, 7.000]
x_14: [ -7.000, 7.000]
x_15: [ -6.000, 6.000]
x_16: [ -5.000, 5.000]
x_17: [ -7.000, 7.000]
x_18: [ -5.000, 5.000]
x_19: [ -3.000, 3.000]
x_20: [ -5.000, 5.000]
x_21: [ -5.000, 5.000]
x_22: [ -5.000, 5.000]
x_23: [ -3.000, 3.000]
x_24: [ -5.000, 5.000]
x_25: [ -3.000, 3.000]
x_26: [ -3.000, 3.000]
x_27: [ -4.000, 4.000]
x_28: [ -3.000, 3.000]
x_29: [ -3.000, 3.000]
x_30: [ -3.000, 3.000]
x_31: [ -4.000, 4.000]
x_32: [ -2.000, 2.000]
x_33: [ -3.000, 3.000]
x_34: [ -3.000, 3.000]
x_35: [ -3.000, 3.000]
x_36: [ -2.000, 2.000]
x_37: [ -2.000, 2.000]
x_38: [ -2.000, 2.000]
x_39: [ -2.000, 2.000]
x_40: [ -2.000, 2.000]
-[0]--------------------------------------------
selection: 0

Welcome to IBM(R) ILOG(R) CPLEX(R) Interactive Optimizer 12.8.0.0
  with Simplex, Mixed Integer & Barrier Optimizers
5725-A06 5725-A29 5724-Y48 5724-Y49 5724-Y54 5724-Y55 5655-Y21
Copyright IBM Corp. 1988, 2017.  All Rights Reserved.

Type 'help' for a list of available commands.
Type 'help' followed by a command name for more
information on commands.

CPLEX> Problem 'cplex.lp' read.
Read time = 0.00 sec. (0.09 ticks)
CPLEX> New value for time limit in seconds: 5000
CPLEX> New value for mixed integer optimality gap tolerance: 1e-10
CPLEX> CPXPARAM_TimeLimit                               5000
CPXPARAM_MIP_Tolerances_MIPGap                   1e-10
Found incumbent of value 2.7757796e+09 after 0.00 sec. (0.02 ticks)
Tried aggregator 1 time.
Reduced MIQP has 0 rows, 41 columns, and 0 nonzeros.
Reduced MIQP has 0 binaries, 41 generals, 0 SOSs, and 0 indicators.
Reduced MIQP objective Q matrix has 1681 nonzeros.
Presolve time = 0.00 sec. (0.15 ticks)
Tried aggregator 1 time.
Reduced MIQP has 0 rows, 41 columns, and 0 nonzeros.
Reduced MIQP has 0 binaries, 41 generals, 0 SOSs, and 0 indicators.
Reduced MIQP objective Q matrix has 1681 nonzeros.
Presolve time = 0.00 sec. (0.14 ticks)
MIP emphasis: balance optimality and feasibility.
MIP search method: dynamic search.
Parallel mode: deterministic, using up to 32 threads.
Root relaxation solution time = 0.01 sec. (0.83 ticks)

        Nodes                                         Cuts/
   Node  Left     Objective  IInf  Best Integer    Best Bound    ItCnt     Gap

*     0+    0                       2.77578e+09  -3.41291e+10              --- 
      0     0     9764.7656    40   2.77578e+09     9764.7656        7  100.00%
*     0+    0                      2438763.0000     9764.7656            99.60%
      0     2     9764.7656    40  2438763.0000     9764.7656        7   99.60%
Elapsed time = 0.40 sec. (8.49 ticks, tree = 0.01 MB, solutions = 2)
  49763 20055  2384627.9132    25  2438763.0000  1103123.0722    91851   54.77%
 124438 56191  2365379.1994    22  2438763.0000  1523565.6613   251659   37.53%
 207484 80661  2096560.1364    23  2438763.0000  1753053.5874   420456   28.12%
 290118 91904  2133292.8268    26  2438763.0000  1916312.2585   604218   21.42%
 370794 86849        cutoff        2438763.0000  2058931.2162   773852   15.57%
 445789 64734  2324814.4239    28  2438763.0000  2191816.9302   936102   10.13%
 512187 24236  2426411.3365    25  2438763.0000  2347260.2685  1074557    3.75%

Root node processing (before b&c):
  Real time             =    0.34 sec. (8.32 ticks)
Parallel b&c, 32 threads:
  Real time             =   17.27 sec. (1772.25 ticks)
  Sync time (average)   =   14.02 sec.
  Wait time (average)   =    0.04 sec.
                          ------------
Total (root+branch&cut) =   17.62 sec. (1780.57 ticks)

Solution pool: 3 solutions saved.

MIP - Integer optimal solution:  Objective =  2.4387630000e+06
Solution time =   17.62 sec.  Iterations = 1121246  Nodes = 537344
Deterministic time = 1780.57 ticks  (101.05 ticks/sec)

CPLEX> Incumbent solution written to file 'cplex.sol'.
CPLEX> 

optval(Q): 2438763.000, lowerbound(P): 316554.006
bestval: 2438763.000
-[1]--------------------------------------------
selection: 1

Welcome to IBM(R) ILOG(R) CPLEX(R) Interactive Optimizer 12.8.0.0
  with Simplex, Mixed Integer & Barrier Optimizers
5725-A06 5725-A29 5724-Y48 5724-Y49 5724-Y54 5724-Y55 5655-Y21
Copyright IBM Corp. 1988, 2017.  All Rights Reserved.

Type 'help' for a list of available commands.
Type 'help' followed by a command name for more
information on commands.

CPLEX> Problem 'cplex.lp' read.
Read time = 0.00 sec. (0.09 ticks)
CPLEX> New value for time limit in seconds: 4983
CPLEX> New value for mixed integer optimality gap tolerance: 1e-10
CPLEX> CPXPARAM_TimeLimit                               4983
CPXPARAM_MIP_Tolerances_MIPGap                   1e-10
Found incumbent of value 2.7961164e+09 after 0.00 sec. (0.02 ticks)
Tried aggregator 1 time.
MIQP Presolve eliminated 0 rows and 1 columns.
Reduced MIQP has 0 rows, 40 columns, and 0 nonzeros.
Reduced MIQP has 0 binaries, 40 generals, 0 SOSs, and 0 indicators.
Reduced MIQP objective Q matrix has 1600 nonzeros.
Presolve time = 0.00 sec. (0.15 ticks)
Tried aggregator 1 time.
Reduced MIQP has 0 rows, 40 columns, and 0 nonzeros.
Reduced MIQP has 0 binaries, 40 generals, 0 SOSs, and 0 indicators.
Reduced MIQP objective Q matrix has 1600 nonzeros.
Presolve time = 0.00 sec. (0.14 ticks)
MIP emphasis: balance optimality and feasibility.
MIP search method: dynamic search.
Parallel mode: deterministic, using up to 32 threads.
Root relaxation solution time = 0.01 sec. (0.79 ticks)

        Nodes                                         Cuts/
   Node  Left     Objective  IInf  Best Integer    Best Bound    ItCnt     Gap

*     0+    0                       2.79612e+09  -3.12042e+10              --- 
      0     0    48757.5911    39   2.79612e+09    48757.5911        7  100.00%
*     0+    0                      8527386.0000    48757.5911            99.43%
*     0+    0                      4849807.0000    48757.5911            98.99%
*     0+    0                      4783222.0000    48757.5911            98.98%
*     0+    0                      4648857.0000    48757.5911            98.95%
*     0+    0                      3909400.0000    48757.5911            98.75%
      0     2    48757.5911    39  3909400.0000    79915.8031        7   97.96%
Elapsed time = 0.35 sec. (8.89 ticks, tree = 0.01 MB, solutions = 6)
*  2492+  816                      2802370.0000   180003.8958            93.58%
  69549 32223  1696946.9418    30  2802370.0000  1642589.8223   139155   41.39%
 153709 56600  2611781.5930    27  2802370.0000  2076050.6965   306186   25.92%
 238811 58499  2759399.3401    23  2802370.0000  2351339.2722   485894   16.09%
 316098 32426  2751502.4532    27  2802370.0000  2594944.4536   645813    7.40%

Root node processing (before b&c):
  Real time             =    0.30 sec. (8.71 ticks)
Parallel b&c, 32 threads:
  Real time             =   13.31 sec. (1100.61 ticks)
  Sync time (average)   =   11.09 sec.
  Wait time (average)   =    0.02 sec.
                          ------------
Total (root+branch&cut) =   13.61 sec. (1109.31 ticks)

Solution pool: 8 solutions saved.

MIP - Integer optimal solution:  Objective =  2.8023700000e+06
Solution time =   13.62 sec.  Iterations = 723171  Nodes = 355774
Deterministic time = 1109.31 ticks  (81.43 ticks/sec)

CPLEX> Incumbent solution written to file 'cplex.sol'.
CPLEX> 

optval(Q): 2802370.000, lowerbound(P): 367923.928
bestval: 2438763.000
-[2]--------------------------------------------
selection: 2

Welcome to IBM(R) ILOG(R) CPLEX(R) Interactive Optimizer 12.8.0.0
  with Simplex, Mixed Integer & Barrier Optimizers
5725-A06 5725-A29 5724-Y48 5724-Y49 5724-Y54 5724-Y55 5655-Y21
Copyright IBM Corp. 1988, 2017.  All Rights Reserved.

Type 'help' for a list of available commands.
Type 'help' followed by a command name for more
information on commands.

CPLEX> Problem 'cplex.lp' read.
Read time = 0.00 sec. (0.09 ticks)
CPLEX> New value for time limit in seconds: 4969
CPLEX> New value for mixed integer optimality gap tolerance: 1e-10
CPLEX> CPXPARAM_TimeLimit                               4969
CPXPARAM_MIP_Tolerances_MIPGap                   1e-10
Found incumbent of value 2.3960715e+09 after 0.00 sec. (0.02 ticks)
Tried aggregator 1 time.
MIQP Presolve eliminated 0 rows and 2 columns.
Reduced MIQP has 0 rows, 39 columns, and 0 nonzeros.
Reduced MIQP has 0 binaries, 39 generals, 0 SOSs, and 0 indicators.
Reduced MIQP objective Q matrix has 1521 nonzeros.
Presolve time = 0.00 sec. (0.15 ticks)
Tried aggregator 1 time.
Reduced MIQP has 0 rows, 39 columns, and 0 nonzeros.
Reduced MIQP has 0 binaries, 39 generals, 0 SOSs, and 0 indicators.
Reduced MIQP objective Q matrix has 1521 nonzeros.
Presolve time = 0.00 sec. (0.13 ticks)
MIP emphasis: balance optimality and feasibility.
MIP search method: dynamic search.
Parallel mode: deterministic, using up to 32 threads.
Root relaxation solution time = 0.01 sec. (0.75 ticks)

        Nodes                                         Cuts/
   Node  Left     Objective  IInf  Best Integer    Best Bound    ItCnt     Gap

*     0+    0                       2.39607e+09  -2.93148e+10              --- 
      0     0    45455.1956    38   2.39607e+09    45455.1956        7  100.00%
*     0+    0                      4780052.0000    45455.1956            99.05%
*     0+    0                      2979312.0000    45455.1956            98.47%
      0     2    45455.1956    38  2979312.0000   100171.6862        7   96.64%
Elapsed time = 0.25 sec. (7.56 ticks, tree = 0.01 MB, solutions = 3)
  59475 23555  2070308.6311    26  2979312.0000  1745863.3495   115182   41.40%
 140137 41964  2931231.6896    26  2979312.0000  2327864.9895   290157   21.87%
 222743 21877        cutoff        2979312.0000  2744716.8455   464814    7.87%

Root node processing (before b&c):
  Real time             =    0.22 sec. (7.36 ticks)
Parallel b&c, 32 threads:
  Real time             =   10.39 sec. (811.85 ticks)
  Sync time (average)   =    8.58 sec.
  Wait time (average)   =    0.02 sec.
                          ------------
Total (root+branch&cut) =   10.61 sec. (819.21 ticks)

Solution pool: 4 solutions saved.

MIP - Integer optimal solution:  Objective =  2.9793120000e+06
Solution time =   10.62 sec.  Iterations = 517577  Nodes = 250010
Deterministic time = 819.21 ticks  (77.11 ticks/sec)

CPLEX> Incumbent solution written to file 'cplex.sol'.
CPLEX> 

optval(Q): 2979312.000, lowerbound(P): 474667.401
bestval: 2438763.000
-[3]--------------------------------------------
selection: 3

Welcome to IBM(R) ILOG(R) CPLEX(R) Interactive Optimizer 12.8.0.0
  with Simplex, Mixed Integer & Barrier Optimizers
5725-A06 5725-A29 5724-Y48 5724-Y49 5724-Y54 5724-Y55 5655-Y21
Copyright IBM Corp. 1988, 2017.  All Rights Reserved.

Type 'help' for a list of available commands.
Type 'help' followed by a command name for more
information on commands.

CPLEX> Problem 'cplex.lp' read.
Read time = 0.00 sec. (0.09 ticks)
CPLEX> New value for time limit in seconds: 4959
CPLEX> New value for mixed integer optimality gap tolerance: 1e-10
CPLEX> CPXPARAM_TimeLimit                               4959
CPXPARAM_MIP_Tolerances_MIPGap                   1e-10
Found incumbent of value 2.4057531e+09 after 0.00 sec. (0.02 ticks)
Tried aggregator 1 time.
MIQP Presolve eliminated 0 rows and 3 columns.
Reduced MIQP has 0 rows, 38 columns, and 0 nonzeros.
Reduced MIQP has 0 binaries, 38 generals, 0 SOSs, and 0 indicators.
Reduced MIQP objective Q matrix has 1444 nonzeros.
Presolve time = 0.00 sec. (0.15 ticks)
Tried aggregator 1 time.
Reduced MIQP has 0 rows, 38 columns, and 0 nonzeros.
Reduced MIQP has 0 binaries, 38 generals, 0 SOSs, and 0 indicators.
Reduced MIQP objective Q matrix has 1444 nonzeros.
Presolve time = 0.00 sec. (0.12 ticks)
MIP emphasis: balance optimality and feasibility.
MIP search method: dynamic search.
Parallel mode: deterministic, using up to 32 threads.
Root relaxation solution time = 0.01 sec. (0.72 ticks)

        Nodes                                         Cuts/
   Node  Left     Objective  IInf  Best Integer    Best Bound    ItCnt     Gap

*     0+    0                       2.40575e+09  -2.71953e+10              --- 
      0     0   282802.0238    37   2.40575e+09   282802.0238        7   99.99%
*     0+    0                       1.16996e+07   282802.0238            97.58%
*     0+    0                      7747279.0000   282802.0238            96.35%
*     0+    0                      7643170.0000   282802.0238            96.30%
*     0+    0                      5317170.0000   282802.0238            94.68%
      0     2   282802.0238    37  5317170.0000   404834.2700        7   92.39%
Elapsed time = 0.19 sec. (7.45 ticks, tree = 0.01 MB, solutions = 5)
*   488+   52                      4679586.0000   424642.0768            90.93%
*  1812+  556                      3551748.0000   424642.0768            88.04%
* 31323+12181                      3434938.0000  1823080.9612            46.93%
  76754 25188  2763181.7094    29  3434938.0000  2570595.1521   151633   25.16%

Root node processing (before b&c):
  Real time             =    0.18 sec. (7.26 ticks)
Parallel b&c, 32 threads:
  Real time             =    7.37 sec. (468.66 ticks)
  Sync time (average)   =    6.12 sec.
  Wait time (average)   =    0.01 sec.
                          ------------
Total (root+branch&cut) =    7.55 sec. (475.93 ticks)

Solution pool: 11 solutions saved.

MIP - Integer optimal solution:  Objective =  3.4349380000e+06
Solution time =    7.56 sec.  Iterations = 312088  Nodes = 156711
Deterministic time = 475.93 ticks  (62.98 ticks/sec)

CPLEX> Incumbent solution written to file 'cplex.sol'.
CPLEX> 

optval(Q): 3434938.000, lowerbound(P): 479250.592
bestval: 2438763.000
-[4]--------------------------------------------
selection: 4

Welcome to IBM(R) ILOG(R) CPLEX(R) Interactive Optimizer 12.8.0.0
  with Simplex, Mixed Integer & Barrier Optimizers
5725-A06 5725-A29 5724-Y48 5724-Y49 5724-Y54 5724-Y55 5655-Y21
Copyright IBM Corp. 1988, 2017.  All Rights Reserved.

Type 'help' for a list of available commands.
Type 'help' followed by a command name for more
information on commands.

CPLEX> Problem 'cplex.lp' read.
Read time = 0.00 sec. (0.09 ticks)
CPLEX> New value for time limit in seconds: 4951
CPLEX> New value for mixed integer optimality gap tolerance: 1e-10
CPLEX> CPXPARAM_TimeLimit                               4951
CPXPARAM_MIP_Tolerances_MIPGap                   1e-10
Found incumbent of value 1.9822006e+09 after 0.00 sec. (0.02 ticks)
Tried aggregator 1 time.
MIQP Presolve eliminated 0 rows and 4 columns.
Reduced MIQP has 0 rows, 37 columns, and 0 nonzeros.
Reduced MIQP has 0 binaries, 37 generals, 0 SOSs, and 0 indicators.
Reduced MIQP objective Q matrix has 1369 nonzeros.
Presolve time = 0.00 sec. (0.15 ticks)
Tried aggregator 1 time.
Reduced MIQP has 0 rows, 37 columns, and 0 nonzeros.
Reduced MIQP has 0 binaries, 37 generals, 0 SOSs, and 0 indicators.
Reduced MIQP objective Q matrix has 1369 nonzeros.
Presolve time = 0.00 sec. (0.12 ticks)
MIP emphasis: balance optimality and feasibility.
MIP search method: dynamic search.
Parallel mode: deterministic, using up to 32 threads.
Root relaxation solution time = 0.01 sec. (0.69 ticks)

        Nodes                                         Cuts/
   Node  Left     Objective  IInf  Best Integer    Best Bound    ItCnt     Gap

*     0+    0                       1.98220e+09  -2.58793e+10              --- 
      0     0   110948.9113    36   1.98220e+09   110948.9113        7   99.99%
*     0+    0                       1.32288e+07   110948.9113            99.16%
*     0+    0                      5542240.0000   110948.9113            98.00%
      0     2   110948.9113    36  5542240.0000   258788.0393        7   95.33%
Elapsed time = 0.34 sec. (6.44 ticks, tree = 0.01 MB, solutions = 3)
*    10+    5                      5466017.0000   258788.0393            95.27%
*   125+    5                      4574058.0000   258788.0393            94.34%
*  1046+  499                      3634879.0000   335065.6227            90.78%
  77798 25077  3501120.0643    23  3634879.0000  2699411.9983   149933   25.74%

Root node processing (before b&c):
  Real time             =    0.31 sec. (6.26 ticks)
Parallel b&c, 32 threads:
  Real time             =    6.87 sec. (462.06 ticks)
  Sync time (average)   =    5.76 sec.
  Wait time (average)   =    0.01 sec.
                          ------------
Total (root+branch&cut) =    7.18 sec. (468.32 ticks)

Solution pool: 10 solutions saved.

MIP - Integer optimal solution:  Objective =  3.6348790000e+06
Solution time =    7.19 sec.  Iterations = 315941  Nodes = 161248
Deterministic time = 468.32 ticks  (65.18 ticks/sec)

CPLEX> Incumbent solution written to file 'cplex.sol'.
CPLEX> 

optval(Q): 3634879.000, lowerbound(P): 530558.945
bestval: 2438763.000
-[5]--------------------------------------------
selection: 5

Welcome to IBM(R) ILOG(R) CPLEX(R) Interactive Optimizer 12.8.0.0
  with Simplex, Mixed Integer & Barrier Optimizers
5725-A06 5725-A29 5724-Y48 5724-Y49 5724-Y54 5724-Y55 5655-Y21
Copyright IBM Corp. 1988, 2017.  All Rights Reserved.

Type 'help' for a list of available commands.
Type 'help' followed by a command name for more
information on commands.

CPLEX> Problem 'cplex.lp' read.
Read time = 0.00 sec. (0.09 ticks)
CPLEX> New value for time limit in seconds: 4944
CPLEX> New value for mixed integer optimality gap tolerance: 1e-10
CPLEX> CPXPARAM_TimeLimit                               4944
CPXPARAM_MIP_Tolerances_MIPGap                   1e-10
Found incumbent of value 1.8256473e+09 after 0.00 sec. (0.02 ticks)
Tried aggregator 1 time.
MIQP Presolve eliminated 0 rows and 5 columns.
Reduced MIQP has 0 rows, 36 columns, and 0 nonzeros.
Reduced MIQP has 0 binaries, 36 generals, 0 SOSs, and 0 indicators.
Reduced MIQP objective Q matrix has 1296 nonzeros.
Presolve time = 0.00 sec. (0.15 ticks)
Tried aggregator 1 time.
Reduced MIQP has 0 rows, 36 columns, and 0 nonzeros.
Reduced MIQP has 0 binaries, 36 generals, 0 SOSs, and 0 indicators.
Reduced MIQP objective Q matrix has 1296 nonzeros.
Presolve time = 0.00 sec. (0.11 ticks)
MIP emphasis: balance optimality and feasibility.
MIP search method: dynamic search.
Parallel mode: deterministic, using up to 32 threads.
Root relaxation solution time = 0.01 sec. (0.73 ticks)

        Nodes                                         Cuts/
   Node  Left     Objective  IInf  Best Integer    Best Bound    ItCnt     Gap

*     0+    0                       1.82565e+09  -2.34170e+10              --- 
      0     0    49006.8478    35   1.82565e+09    49006.8478       10  100.00%
*     0+    0                      4008863.0000    49006.8478            98.78%
      0     2    49006.8478    35  4008863.0000    49006.8478       10   98.78%
Elapsed time = 0.23 sec. (6.04 ticks, tree = 0.01 MB, solutions = 2)
*    10+   10                      3880026.0000   114913.7178            97.04%
*    12+    4                      3463892.0000   114913.7178            96.68%

Root node processing (before b&c):
  Real time             =    0.21 sec. (5.86 ticks)
Parallel b&c, 32 threads:
  Real time             =    1.46 sec. (149.61 ticks)
  Sync time (average)   =    1.09 sec.
  Wait time (average)   =    0.01 sec.
                          ------------
Total (root+branch&cut) =    1.67 sec. (155.46 ticks)

Solution pool: 5 solutions saved.

MIP - Integer optimal solution:  Objective =  3.4638920000e+06
Solution time =    1.68 sec.  Iterations = 98316  Nodes = 52631
Deterministic time = 155.47 ticks  (92.68 ticks/sec)

CPLEX> Incumbent solution written to file 'cplex.sol'.
CPLEX> 

optval(Q): 3463892.000, lowerbound(P): 532820.737
bestval: 2438763.000
-[6]--------------------------------------------
selection: 6

Welcome to IBM(R) ILOG(R) CPLEX(R) Interactive Optimizer 12.8.0.0
  with Simplex, Mixed Integer & Barrier Optimizers
5725-A06 5725-A29 5724-Y48 5724-Y49 5724-Y54 5724-Y55 5655-Y21
Copyright IBM Corp. 1988, 2017.  All Rights Reserved.

Type 'help' for a list of available commands.
Type 'help' followed by a command name for more
information on commands.

CPLEX> Problem 'cplex.lp' read.
Read time = 0.00 sec. (0.09 ticks)
CPLEX> New value for time limit in seconds: 4942
CPLEX> New value for mixed integer optimality gap tolerance: 1e-10
CPLEX> CPXPARAM_TimeLimit                               4942
CPXPARAM_MIP_Tolerances_MIPGap                   1e-10
Found incumbent of value 1.4266887e+09 after 0.00 sec. (0.02 ticks)
Tried aggregator 1 time.
MIQP Presolve eliminated 0 rows and 6 columns.
Reduced MIQP has 0 rows, 35 columns, and 0 nonzeros.
Reduced MIQP has 0 binaries, 35 generals, 0 SOSs, and 0 indicators.
Reduced MIQP objective Q matrix has 1225 nonzeros.
Presolve time = 0.00 sec. (0.15 ticks)
Tried aggregator 1 time.
Reduced MIQP has 0 rows, 35 columns, and 0 nonzeros.
Reduced MIQP has 0 binaries, 35 generals, 0 SOSs, and 0 indicators.
Reduced MIQP objective Q matrix has 1225 nonzeros.
Presolve time = 0.00 sec. (0.11 ticks)
MIP emphasis: balance optimality and feasibility.
MIP search method: dynamic search.
Parallel mode: deterministic, using up to 32 threads.
Root relaxation solution time = 0.01 sec. (0.62 ticks)

        Nodes                                         Cuts/
   Node  Left     Objective  IInf  Best Integer    Best Bound    ItCnt     Gap

*     0+    0                       1.42669e+09  -1.99305e+10              --- 
      0     0   299833.4687    34   1.42669e+09   299833.4687        7   99.98%
*     0+    0                      9856862.0000   299833.4687            96.96%
*     0+    0                      5234838.0000   299833.4687            94.27%
      0     2   299833.4687    34  5234838.0000   545416.9000        7   89.58%
Elapsed time = 0.18 sec. (5.81 ticks, tree = 0.01 MB, solutions = 3)
*   313+   47                      5008771.0000   597036.7022            88.08%
*  1884+  509                      3163089.0000   707325.7881            77.64%

Root node processing (before b&c):
  Real time             =    0.16 sec. (5.63 ticks)
Parallel b&c, 32 threads:
  Real time             =    0.52 sec. (48.62 ticks)
  Sync time (average)   =    0.27 sec.
  Wait time (average)   =    0.01 sec.
                          ------------
Total (root+branch&cut) =    0.67 sec. (54.24 ticks)

Solution pool: 7 solutions saved.

MIP - Integer optimal solution:  Objective =  3.1630890000e+06
Solution time =    0.68 sec.  Iterations = 22485  Nodes = 12783
Deterministic time = 54.24 ticks  (79.59 ticks/sec)

CPLEX> Incumbent solution written to file 'cplex.sol'.
CPLEX> 

optval(Q): 3163089.000, lowerbound(P): 645773.942
bestval: 2438763.000
-[7]--------------------------------------------
selection: 7

Welcome to IBM(R) ILOG(R) CPLEX(R) Interactive Optimizer 12.8.0.0
  with Simplex, Mixed Integer & Barrier Optimizers
5725-A06 5725-A29 5724-Y48 5724-Y49 5724-Y54 5724-Y55 5655-Y21
Copyright IBM Corp. 1988, 2017.  All Rights Reserved.

Type 'help' for a list of available commands.
Type 'help' followed by a command name for more
information on commands.

CPLEX> Problem 'cplex.lp' read.
Read time = 0.00 sec. (0.09 ticks)
CPLEX> New value for time limit in seconds: 4941
CPLEX> New value for mixed integer optimality gap tolerance: 1e-10
CPLEX> CPXPARAM_TimeLimit                               4941
CPXPARAM_MIP_Tolerances_MIPGap                   1e-10
Found incumbent of value 1.7736245e+09 after 0.00 sec. (0.02 ticks)
Found incumbent of value 1.4348478e+09 after 0.00 sec. (0.02 ticks)
Tried aggregator 1 time.
MIQP Presolve eliminated 0 rows and 7 columns.
Reduced MIQP has 0 rows, 34 columns, and 0 nonzeros.
Reduced MIQP has 0 binaries, 34 generals, 0 SOSs, and 0 indicators.
Reduced MIQP objective Q matrix has 1156 nonzeros.
Presolve time = 0.00 sec. (0.15 ticks)
Tried aggregator 1 time.
Reduced MIQP has 0 rows, 34 columns, and 0 nonzeros.
Reduced MIQP has 0 binaries, 34 generals, 0 SOSs, and 0 indicators.
Reduced MIQP objective Q matrix has 1156 nonzeros.
Presolve time = 0.00 sec. (0.10 ticks)
MIP emphasis: balance optimality and feasibility.
MIP search method: dynamic search.
Parallel mode: deterministic, using up to 32 threads.
Root relaxation solution time = 0.00 sec. (0.69 ticks)

        Nodes                                         Cuts/
   Node  Left     Objective  IInf  Best Integer    Best Bound    ItCnt     Gap

*     0+    0                       1.43485e+09  -1.80842e+10              --- 
      0     0   104840.0067    33   1.43485e+09   104840.0067       11   99.99%
*     0+    0                      8859158.0000   104840.0067            98.82%
*     0+    0                      3453021.0000   104840.0067            96.96%
      0     2   104840.0067    33  3453021.0000   213749.6446       11   93.81%
Elapsed time = 0.34 sec. (5.37 ticks, tree = 0.01 MB, solutions = 3)

Root node processing (before b&c):
  Real time             =    0.31 sec. (5.20 ticks)
Parallel b&c, 32 threads:
  Real time             =    0.37 sec. (61.52 ticks)
  Sync time (average)   =    0.22 sec.
  Wait time (average)   =    0.00 sec.
                          ------------
Total (root+branch&cut) =    0.68 sec. (66.72 ticks)

Solution pool: 4 solutions saved.

MIP - Integer optimal solution:  Objective =  3.4530210000e+06
Solution time =    0.69 sec.  Iterations = 15259  Nodes = 8993
Deterministic time = 66.72 ticks  (97.24 ticks/sec)

CPLEX> Incumbent solution written to file 'cplex.sol'.
CPLEX> 

optval(Q): 3453021.000, lowerbound(P): 671570.307
bestval: 2438763.000
-[8]--------------------------------------------
selection: 8

Welcome to IBM(R) ILOG(R) CPLEX(R) Interactive Optimizer 12.8.0.0
  with Simplex, Mixed Integer & Barrier Optimizers
5725-A06 5725-A29 5724-Y48 5724-Y49 5724-Y54 5724-Y55 5655-Y21
Copyright IBM Corp. 1988, 2017.  All Rights Reserved.

Type 'help' for a list of available commands.
Type 'help' followed by a command name for more
information on commands.

CPLEX> Problem 'cplex.lp' read.
Read time = 0.00 sec. (0.09 ticks)
CPLEX> New value for time limit in seconds: 4941
CPLEX> New value for mixed integer optimality gap tolerance: 1e-10
CPLEX> CPXPARAM_TimeLimit                               4941
CPXPARAM_MIP_Tolerances_MIPGap                   1e-10
Found incumbent of value 1.6113296e+09 after 0.00 sec. (0.02 ticks)
Tried aggregator 1 time.
MIQP Presolve eliminated 0 rows and 8 columns.
Reduced MIQP has 0 rows, 33 columns, and 0 nonzeros.
Reduced MIQP has 0 binaries, 33 generals, 0 SOSs, and 0 indicators.
Reduced MIQP objective Q matrix has 1089 nonzeros.
Presolve time = 0.00 sec. (0.15 ticks)
Tried aggregator 1 time.
Reduced MIQP has 0 rows, 33 columns, and 0 nonzeros.
Reduced MIQP has 0 binaries, 33 generals, 0 SOSs, and 0 indicators.
Reduced MIQP objective Q matrix has 1089 nonzeros.
Presolve time = 0.00 sec. (0.09 ticks)
MIP emphasis: balance optimality and feasibility.
MIP search method: dynamic search.
Parallel mode: deterministic, using up to 32 threads.
Root relaxation solution time = 0.01 sec. (0.63 ticks)

        Nodes                                         Cuts/
   Node  Left     Objective  IInf  Best Integer    Best Bound    ItCnt     Gap

*     0+    0                       1.61133e+09  -1.60342e+10              --- 
      0     0   756781.7312    32   1.61133e+09   756781.7312       10   99.95%
*     0+    0                      3489823.0000   756781.7312            78.31%
      0     2   756781.7312    32  3489823.0000   756781.7312       10   78.31%
Elapsed time = 0.53 sec. (5.00 ticks, tree = 0.01 MB, solutions = 2)

Root node processing (before b&c):
  Real time             =    0.50 sec. (4.84 ticks)
Parallel b&c, 32 threads:
  Real time             =    0.15 sec. (8.21 ticks)
  Sync time (average)   =    0.10 sec.
  Wait time (average)   =    0.00 sec.
                          ------------
Total (root+branch&cut) =    0.64 sec. (13.05 ticks)

Solution pool: 3 solutions saved.

MIP - Integer optimal solution:  Objective =  3.4898230000e+06
Solution time =    0.65 sec.  Iterations = 3492  Nodes = 2255
Deterministic time = 13.05 ticks  (20.01 ticks/sec)

CPLEX> Incumbent solution written to file 'cplex.sol'.
CPLEX> 

optval(Q): 3489823.000, lowerbound(P): 671696.961
bestval: 2438763.000
-[9]--------------------------------------------
selection: 9

Welcome to IBM(R) ILOG(R) CPLEX(R) Interactive Optimizer 12.8.0.0
  with Simplex, Mixed Integer & Barrier Optimizers
5725-A06 5725-A29 5724-Y48 5724-Y49 5724-Y54 5724-Y55 5655-Y21
Copyright IBM Corp. 1988, 2017.  All Rights Reserved.

Type 'help' for a list of available commands.
Type 'help' followed by a command name for more
information on commands.

CPLEX> Problem 'cplex.lp' read.
Read time = 0.00 sec. (0.09 ticks)
CPLEX> New value for time limit in seconds: 4940
CPLEX> New value for mixed integer optimality gap tolerance: 1e-10
CPLEX> CPXPARAM_TimeLimit                               4940
CPXPARAM_MIP_Tolerances_MIPGap                   1e-10
Found incumbent of value 1.4031516e+09 after 0.00 sec. (0.02 ticks)
Tried aggregator 1 time.
MIQP Presolve eliminated 0 rows and 9 columns.
Reduced MIQP has 0 rows, 32 columns, and 0 nonzeros.
Reduced MIQP has 0 binaries, 32 generals, 0 SOSs, and 0 indicators.
Reduced MIQP objective Q matrix has 1024 nonzeros.
Presolve time = 0.00 sec. (0.15 ticks)
Tried aggregator 1 time.
Reduced MIQP has 0 rows, 32 columns, and 0 nonzeros.
Reduced MIQP has 0 binaries, 32 generals, 0 SOSs, and 0 indicators.
Reduced MIQP objective Q matrix has 1024 nonzeros.
Presolve time = 0.00 sec. (0.09 ticks)
MIP emphasis: balance optimality and feasibility.
MIP search method: dynamic search.
Parallel mode: deterministic, using up to 32 threads.
Root relaxation solution time = 0.00 sec. (0.53 ticks)

        Nodes                                         Cuts/
   Node  Left     Objective  IInf  Best Integer    Best Bound    ItCnt     Gap

*     0+    0                       1.40315e+09  -1.45712e+10              --- 
      0     0   510889.1612    31   1.40315e+09   510889.1612        7   99.96%
*     0+    0                      8704400.0000   510889.1612            94.13%
*     0+    0                      5379908.0000   510889.1612            90.50%
*     0+    0                      4400633.0000   510889.1612            88.39%
      0     2   510889.1612    31  4400633.0000   760252.7767        7   82.72%
Elapsed time = 0.33 sec. (4.89 ticks, tree = 0.01 MB, solutions = 4)
*   910+  160                      3466945.0000   867538.2694            74.98%

Root node processing (before b&c):
  Real time             =    0.30 sec. (4.74 ticks)
Parallel b&c, 32 threads:
  Real time             =    0.15 sec. (13.14 ticks)
  Sync time (average)   =    0.10 sec.
  Wait time (average)   =    0.00 sec.
                          ------------
Total (root+branch&cut) =    0.45 sec. (17.88 ticks)

Solution pool: 6 solutions saved.

MIP - Integer optimal solution:  Objective =  3.4669450000e+06
Solution time =    0.46 sec.  Iterations = 6007  Nodes = 3618
Deterministic time = 17.88 ticks  (38.99 ticks/sec)

CPLEX> Incumbent solution written to file 'cplex.sol'.
CPLEX> 

optval(Q): 3466945.000, lowerbound(P): 716686.816
bestval: 2438763.000
-[10]--------------------------------------------
selection: 10

Welcome to IBM(R) ILOG(R) CPLEX(R) Interactive Optimizer 12.8.0.0
  with Simplex, Mixed Integer & Barrier Optimizers
5725-A06 5725-A29 5724-Y48 5724-Y49 5724-Y54 5724-Y55 5655-Y21
Copyright IBM Corp. 1988, 2017.  All Rights Reserved.

Type 'help' for a list of available commands.
Type 'help' followed by a command name for more
information on commands.

CPLEX> Problem 'cplex.lp' read.
Read time = 0.00 sec. (0.09 ticks)
CPLEX> New value for time limit in seconds: 4939
CPLEX> New value for mixed integer optimality gap tolerance: 1e-10
CPLEX> CPXPARAM_TimeLimit                               4939
CPXPARAM_MIP_Tolerances_MIPGap                   1e-10
Found incumbent of value 1.6563789e+09 after 0.00 sec. (0.02 ticks)
Found incumbent of value 1.4159920e+09 after 0.00 sec. (0.02 ticks)
Tried aggregator 1 time.
MIQP Presolve eliminated 0 rows and 10 columns.
Reduced MIQP has 0 rows, 31 columns, and 0 nonzeros.
Reduced MIQP has 0 binaries, 31 generals, 0 SOSs, and 0 indicators.
Reduced MIQP objective Q matrix has 961 nonzeros.
Presolve time = 0.00 sec. (0.14 ticks)
Tried aggregator 1 time.
Reduced MIQP has 0 rows, 31 columns, and 0 nonzeros.
Reduced MIQP has 0 binaries, 31 generals, 0 SOSs, and 0 indicators.
Reduced MIQP objective Q matrix has 961 nonzeros.
Presolve time = 0.00 sec. (0.08 ticks)
MIP emphasis: balance optimality and feasibility.
MIP search method: dynamic search.
Parallel mode: deterministic, using up to 32 threads.
Root relaxation solution time = 0.01 sec. (0.52 ticks)

        Nodes                                         Cuts/
   Node  Left     Objective  IInf  Best Integer    Best Bound    ItCnt     Gap

*     0+    0                       1.41599e+09  -1.35454e+10              --- 
      0     0   695822.8449    30   1.41599e+09   695822.8449        8   99.95%
*     0+    0                      6532581.0000   695822.8449            89.35%
*     0+    0                      6163211.0000   695822.8449            88.71%
      0     2   695822.8449    30  6163211.0000   695822.8449        8   88.71%
Elapsed time = 0.30 sec. (4.36 ticks, tree = 0.01 MB, solutions = 3)
*    20+    2                      5605164.0000   844781.7225            84.93%
*    20+    1                      4623148.0000   844781.7225            81.73%

Root node processing (before b&c):
  Real time             =    0.26 sec. (4.22 ticks)
Parallel b&c, 32 threads:
  Real time             =    0.20 sec. (14.51 ticks)
  Sync time (average)   =    0.13 sec.
  Wait time (average)   =    0.00 sec.
                          ------------
Total (root+branch&cut) =    0.46 sec. (18.72 ticks)

Solution pool: 6 solutions saved.

MIP - Integer optimal solution:  Objective =  4.6231480000e+06
Solution time =    0.47 sec.  Iterations = 10274  Nodes = 6365
Deterministic time = 18.72 ticks  (39.98 ticks/sec)

CPLEX> Incumbent solution written to file 'cplex.sol'.
CPLEX> 

optval(Q): 4623148.000, lowerbound(P): 716686.821
bestval: 2438763.000
-[11]--------------------------------------------
selection: 11

Welcome to IBM(R) ILOG(R) CPLEX(R) Interactive Optimizer 12.8.0.0
  with Simplex, Mixed Integer & Barrier Optimizers
5725-A06 5725-A29 5724-Y48 5724-Y49 5724-Y54 5724-Y55 5655-Y21
Copyright IBM Corp. 1988, 2017.  All Rights Reserved.

Type 'help' for a list of available commands.
Type 'help' followed by a command name for more
information on commands.

CPLEX> Problem 'cplex.lp' read.
Read time = 0.00 sec. (0.09 ticks)
CPLEX> New value for time limit in seconds: 4939
CPLEX> New value for mixed integer optimality gap tolerance: 1e-10
CPLEX> CPXPARAM_TimeLimit                               4939
CPXPARAM_MIP_Tolerances_MIPGap                   1e-10
Found incumbent of value 1.7700867e+09 after 0.00 sec. (0.02 ticks)
Found incumbent of value 1.5942990e+09 after 0.00 sec. (0.02 ticks)
Tried aggregator 1 time.
MIQP Presolve eliminated 0 rows and 11 columns.
Reduced MIQP has 0 rows, 30 columns, and 0 nonzeros.
Reduced MIQP has 0 binaries, 30 generals, 0 SOSs, and 0 indicators.
Reduced MIQP objective Q matrix has 900 nonzeros.
Presolve time = 0.00 sec. (0.14 ticks)
Tried aggregator 1 time.
Reduced MIQP has 0 rows, 30 columns, and 0 nonzeros.
Reduced MIQP has 0 binaries, 30 generals, 0 SOSs, and 0 indicators.
Reduced MIQP objective Q matrix has 900 nonzeros.
Presolve time = 0.00 sec. (0.08 ticks)
MIP emphasis: balance optimality and feasibility.
MIP search method: dynamic search.
Parallel mode: deterministic, using up to 32 threads.
Root relaxation solution time = 0.01 sec. (0.54 ticks)

        Nodes                                         Cuts/
   Node  Left     Objective  IInf  Best Integer    Best Bound    ItCnt     Gap

*     0+    0                       1.59430e+09  -1.23125e+10           872.28%
      0     0   142444.6997    29   1.59430e+09   142444.6997       10   99.99%
*     0+    0                      3902879.0000   142444.6997            96.35%
      0     2   142444.6997    29  3902879.0000   490457.7699       10   87.43%
Elapsed time = 0.34 sec. (4.11 ticks, tree = 0.01 MB, solutions = 2)

Root node processing (before b&c):
  Real time             =    0.28 sec. (3.97 ticks)
Parallel b&c, 32 threads:
  Real time             =    0.39 sec. (69.49 ticks)
  Sync time (average)   =    0.30 sec.
  Wait time (average)   =    0.00 sec.
                          ------------
Total (root+branch&cut) =    0.68 sec. (73.46 ticks)

Solution pool: 3 solutions saved.

MIP - Integer optimal solution:  Objective =  3.9028790000e+06
Solution time =    0.68 sec.  Iterations = 4683  Nodes = 2962
Deterministic time = 73.46 ticks  (107.43 ticks/sec)

CPLEX> Incumbent solution written to file 'cplex.sol'.
CPLEX> 

optval(Q): 3902879.000, lowerbound(P): 825190.820
bestval: 2438763.000
-[12]--------------------------------------------
selection: 12

Welcome to IBM(R) ILOG(R) CPLEX(R) Interactive Optimizer 12.8.0.0
  with Simplex, Mixed Integer & Barrier Optimizers
5725-A06 5725-A29 5724-Y48 5724-Y49 5724-Y54 5724-Y55 5655-Y21
Copyright IBM Corp. 1988, 2017.  All Rights Reserved.

Type 'help' for a list of available commands.
Type 'help' followed by a command name for more
information on commands.

CPLEX> Problem 'cplex.lp' read.
Read time = 0.00 sec. (0.09 ticks)
CPLEX> New value for time limit in seconds: 4938
CPLEX> New value for mixed integer optimality gap tolerance: 1e-10
CPLEX> CPXPARAM_TimeLimit                               4938
CPXPARAM_MIP_Tolerances_MIPGap                   1e-10
Found incumbent of value 1.4247063e+09 after 0.00 sec. (0.02 ticks)
Tried aggregator 1 time.
MIQP Presolve eliminated 0 rows and 12 columns.
Reduced MIQP has 0 rows, 29 columns, and 0 nonzeros.
Reduced MIQP has 0 binaries, 29 generals, 0 SOSs, and 0 indicators.
Reduced MIQP objective Q matrix has 841 nonzeros.
Presolve time = 0.00 sec. (0.14 ticks)
Tried aggregator 1 time.
Reduced MIQP has 0 rows, 29 columns, and 0 nonzeros.
Reduced MIQP has 0 binaries, 29 generals, 0 SOSs, and 0 indicators.
Reduced MIQP objective Q matrix has 841 nonzeros.
Presolve time = 0.00 sec. (0.07 ticks)
MIP emphasis: balance optimality and feasibility.
MIP search method: dynamic search.
Parallel mode: deterministic, using up to 32 threads.
Root relaxation solution time = 0.00 sec. (0.45 ticks)

        Nodes                                         Cuts/
   Node  Left     Objective  IInf  Best Integer    Best Bound    ItCnt     Gap

*     0+    0                       1.42471e+09  -1.05043e+10           837.30%
      0     0   338183.9012    28   1.42471e+09   338183.9012        7   99.98%
*     0+    0                      3914861.0000   338183.9012            91.36%
      0     2   338183.9012    28  3914861.0000   338183.9012        7   91.36%
Elapsed time = 0.16 sec. (3.75 ticks, tree = 0.01 MB, solutions = 2)

Root node processing (before b&c):
  Real time             =    0.14 sec. (3.63 ticks)
Parallel b&c, 32 threads:
  Real time             =    0.11 sec. (4.77 ticks)
  Sync time (average)   =    0.08 sec.
  Wait time (average)   =    0.00 sec.
                          ------------
Total (root+branch&cut) =    0.25 sec. (8.40 ticks)

Solution pool: 3 solutions saved.

MIP - Integer optimal solution:  Objective =  3.9148610000e+06
Solution time =    0.26 sec.  Iterations = 1641  Nodes = 1106
Deterministic time = 8.40 ticks  (32.54 ticks/sec)

CPLEX> Incumbent solution written to file 'cplex.sol'.
CPLEX> 

optval(Q): 3914861.000, lowerbound(P): 936770.629
bestval: 2438763.000
-[13]--------------------------------------------
selection: 13

Welcome to IBM(R) ILOG(R) CPLEX(R) Interactive Optimizer 12.8.0.0
  with Simplex, Mixed Integer & Barrier Optimizers
5725-A06 5725-A29 5724-Y48 5724-Y49 5724-Y54 5724-Y55 5655-Y21
Copyright IBM Corp. 1988, 2017.  All Rights Reserved.

Type 'help' for a list of available commands.
Type 'help' followed by a command name for more
information on commands.

CPLEX> Problem 'cplex.lp' read.
Read time = 0.00 sec. (0.09 ticks)
CPLEX> New value for time limit in seconds: 4938
CPLEX> New value for mixed integer optimality gap tolerance: 1e-10
CPLEX> CPXPARAM_TimeLimit                               4938
CPXPARAM_MIP_Tolerances_MIPGap                   1e-10
Found incumbent of value 1.5589195e+09 after 0.00 sec. (0.02 ticks)
Found incumbent of value 1.4430280e+09 after 0.00 sec. (0.02 ticks)
Tried aggregator 1 time.
MIQP Presolve eliminated 0 rows and 13 columns.
Reduced MIQP has 0 rows, 28 columns, and 0 nonzeros.
Reduced MIQP has 0 binaries, 28 generals, 0 SOSs, and 0 indicators.
Reduced MIQP objective Q matrix has 784 nonzeros.
Presolve time = 0.00 sec. (0.14 ticks)
Tried aggregator 1 time.
Reduced MIQP has 0 rows, 28 columns, and 0 nonzeros.
Reduced MIQP has 0 binaries, 28 generals, 0 SOSs, and 0 indicators.
Reduced MIQP objective Q matrix has 784 nonzeros.
Presolve time = 0.00 sec. (0.07 ticks)
MIP emphasis: balance optimality and feasibility.
MIP search method: dynamic search.
Parallel mode: deterministic, using up to 32 threads.
Root relaxation solution time = 0.01 sec. (0.48 ticks)

        Nodes                                         Cuts/
   Node  Left     Objective  IInf  Best Integer    Best Bound    ItCnt     Gap

*     0+    0                       1.44303e+09  -9.39490e+09           751.05%
      0     0   956266.3980    27   1.44303e+09   956266.3980       10   99.93%
*     0+    0                      3936252.0000   956266.3980            75.71%
      0     2   956266.3980    27  3936252.0000  1953687.9570       10   50.37%
Elapsed time = 0.25 sec. (3.63 ticks, tree = 0.01 MB, solutions = 2)

Root node processing (before b&c):
  Real time             =    0.19 sec. (3.51 ticks)
Parallel b&c, 32 threads:
  Real time             =    0.13 sec. (2.18 ticks)
  Sync time (average)   =    0.07 sec.
  Wait time (average)   =    0.00 sec.
                          ------------
Total (root+branch&cut) =    0.32 sec. (5.69 ticks)

Solution pool: 3 solutions saved.

MIP - Integer optimal solution:  Objective =  3.9362520000e+06
Solution time =    0.33 sec.  Iterations = 337  Nodes = 272
Deterministic time = 5.69 ticks  (17.23 ticks/sec)

CPLEX> Incumbent solution written to file 'cplex.sol'.
CPLEX> 

optval(Q): 3936252.000, lowerbound(P): 1145366.539
bestval: 2438763.000
-[14]--------------------------------------------
selection: 14

Welcome to IBM(R) ILOG(R) CPLEX(R) Interactive Optimizer 12.8.0.0
  with Simplex, Mixed Integer & Barrier Optimizers
5725-A06 5725-A29 5724-Y48 5724-Y49 5724-Y54 5724-Y55 5655-Y21
Copyright IBM Corp. 1988, 2017.  All Rights Reserved.

Type 'help' for a list of available commands.
Type 'help' followed by a command name for more
information on commands.

CPLEX> Problem 'cplex.lp' read.
Read time = 0.00 sec. (0.09 ticks)
CPLEX> New value for time limit in seconds: 4938
CPLEX> New value for mixed integer optimality gap tolerance: 1e-10
CPLEX> CPXPARAM_TimeLimit                               4938
CPXPARAM_MIP_Tolerances_MIPGap                   1e-10
Found incumbent of value 1.6960268e+09 after 0.00 sec. (0.01 ticks)
Found incumbent of value 1.5168793e+09 after 0.00 sec. (0.02 ticks)
Tried aggregator 1 time.
MIQP Presolve eliminated 0 rows and 14 columns.
Reduced MIQP has 0 rows, 27 columns, and 0 nonzeros.
Reduced MIQP has 0 binaries, 27 generals, 0 SOSs, and 0 indicators.
Reduced MIQP objective Q matrix has 729 nonzeros.
Presolve time = 0.00 sec. (0.14 ticks)
Tried aggregator 1 time.
Reduced MIQP has 0 rows, 27 columns, and 0 nonzeros.
Reduced MIQP has 0 binaries, 27 generals, 0 SOSs, and 0 indicators.
Reduced MIQP objective Q matrix has 729 nonzeros.
Presolve time = 0.00 sec. (0.06 ticks)
MIP emphasis: balance optimality and feasibility.
MIP search method: dynamic search.
Parallel mode: deterministic, using up to 32 threads.
Root relaxation solution time = 0.00 sec. (0.43 ticks)

        Nodes                                         Cuts/
   Node  Left     Objective  IInf  Best Integer    Best Bound    ItCnt     Gap

*     0+    0                       1.51688e+09  -8.33250e+09           649.32%
      0     0  1880123.7917    26   1.51688e+09  1880123.7917        9   99.88%
*     0+    0                      5552967.0000  1880123.7917            66.14%
*     0+    0                      4820249.0000  1880123.7917            61.00%
      0     2  1880123.7917    26  4820249.0000  2321391.7830        9   51.84%
Elapsed time = 0.27 sec. (3.23 ticks, tree = 0.01 MB, solutions = 3)

Root node processing (before b&c):
  Real time             =    0.26 sec. (3.12 ticks)
Parallel b&c, 32 threads:
  Real time             =    0.05 sec. (2.46 ticks)
  Sync time (average)   =    0.03 sec.
  Wait time (average)   =    0.00 sec.
                          ------------
Total (root+branch&cut) =    0.31 sec. (5.58 ticks)

Solution pool: 4 solutions saved.

MIP - Integer optimal solution:  Objective =  4.8202490000e+06
Solution time =    0.32 sec.  Iterations = 422  Nodes = 307
Deterministic time = 5.58 ticks  (17.50 ticks/sec)

CPLEX> Incumbent solution written to file 'cplex.sol'.
CPLEX> 

optval(Q): 4820249.000, lowerbound(P): 1148143.781
bestval: 2438763.000
-[15]--------------------------------------------
selection: 15

Welcome to IBM(R) ILOG(R) CPLEX(R) Interactive Optimizer 12.8.0.0
  with Simplex, Mixed Integer & Barrier Optimizers
5725-A06 5725-A29 5724-Y48 5724-Y49 5724-Y54 5724-Y55 5655-Y21
Copyright IBM Corp. 1988, 2017.  All Rights Reserved.

Type 'help' for a list of available commands.
Type 'help' followed by a command name for more
information on commands.

CPLEX> Problem 'cplex.lp' read.
Read time = 0.00 sec. (0.09 ticks)
CPLEX> New value for time limit in seconds: 4937
CPLEX> New value for mixed integer optimality gap tolerance: 1e-10
CPLEX> CPXPARAM_TimeLimit                               4937
CPXPARAM_MIP_Tolerances_MIPGap                   1e-10
Found incumbent of value 1.4469171e+09 after 0.00 sec. (0.01 ticks)
Tried aggregator 1 time.
MIQP Presolve eliminated 0 rows and 15 columns.
Reduced MIQP has 0 rows, 26 columns, and 0 nonzeros.
Reduced MIQP has 0 binaries, 26 generals, 0 SOSs, and 0 indicators.
Reduced MIQP objective Q matrix has 676 nonzeros.
Presolve time = 0.00 sec. (0.14 ticks)
Tried aggregator 1 time.
Reduced MIQP has 0 rows, 26 columns, and 0 nonzeros.
Reduced MIQP has 0 binaries, 26 generals, 0 SOSs, and 0 indicators.
Reduced MIQP objective Q matrix has 676 nonzeros.
Presolve time = 0.00 sec. (0.06 ticks)
MIP emphasis: balance optimality and feasibility.
MIP search method: dynamic search.
Parallel mode: deterministic, using up to 32 threads.
Root relaxation solution time = 0.00 sec. (0.39 ticks)

        Nodes                                         Cuts/
   Node  Left     Objective  IInf  Best Integer    Best Bound    ItCnt     Gap

*     0+    0                       1.44692e+09  -7.30026e+09           604.54%
      0     0   877145.8887    25   1.44692e+09   877145.8887        8   99.94%
*     0+    0                      7647656.0000   877145.8887            88.53%
*     0+    0                      4962150.0000   877145.8887            82.32%
      0     2   877145.8887    25  4962150.0000  1525337.5012        8   69.26%
Elapsed time = 0.26 sec. (2.97 ticks, tree = 0.01 MB, solutions = 3)

Root node processing (before b&c):
  Real time             =    0.25 sec. (2.87 ticks)
Parallel b&c, 32 threads:
  Real time             =    0.05 sec. (5.50 ticks)
  Sync time (average)   =    0.03 sec.
  Wait time (average)   =    0.00 sec.
                          ------------
Total (root+branch&cut) =    0.30 sec. (8.36 ticks)

Solution pool: 4 solutions saved.

MIP - Integer optimal solution:  Objective =  4.9621500000e+06
Solution time =    0.30 sec.  Iterations = 1122  Nodes = 785
Deterministic time = 8.37 ticks  (27.55 ticks/sec)

CPLEX> Incumbent solution written to file 'cplex.sol'.
CPLEX> 

optval(Q): 4962150.000, lowerbound(P): 1228450.918
bestval: 2438763.000
-[16]--------------------------------------------
selection: 16

Welcome to IBM(R) ILOG(R) CPLEX(R) Interactive Optimizer 12.8.0.0
  with Simplex, Mixed Integer & Barrier Optimizers
5725-A06 5725-A29 5724-Y48 5724-Y49 5724-Y54 5724-Y55 5655-Y21
Copyright IBM Corp. 1988, 2017.  All Rights Reserved.

Type 'help' for a list of available commands.
Type 'help' followed by a command name for more
information on commands.

CPLEX> Problem 'cplex.lp' read.
Read time = 0.00 sec. (0.09 ticks)
CPLEX> New value for time limit in seconds: 4937
CPLEX> New value for mixed integer optimality gap tolerance: 1e-10
CPLEX> CPXPARAM_TimeLimit                               4937
CPXPARAM_MIP_Tolerances_MIPGap                   1e-10
Found incumbent of value 1.6496799e+09 after 0.00 sec. (0.01 ticks)
Found incumbent of value 1.4447120e+09 after 0.00 sec. (0.02 ticks)
Tried aggregator 1 time.
MIQP Presolve eliminated 0 rows and 16 columns.
Reduced MIQP has 0 rows, 25 columns, and 0 nonzeros.
Reduced MIQP has 0 binaries, 25 generals, 0 SOSs, and 0 indicators.
Reduced MIQP objective Q matrix has 625 nonzeros.
Presolve time = 0.00 sec. (0.14 ticks)
Tried aggregator 1 time.
Reduced MIQP has 0 rows, 25 columns, and 0 nonzeros.
Reduced MIQP has 0 binaries, 25 generals, 0 SOSs, and 0 indicators.
Reduced MIQP objective Q matrix has 625 nonzeros.
Presolve time = 0.00 sec. (0.06 ticks)
MIP emphasis: balance optimality and feasibility.
MIP search method: dynamic search.
Parallel mode: deterministic, using up to 32 threads.
Root relaxation solution time = 0.00 sec. (0.38 ticks)

        Nodes                                         Cuts/
   Node  Left     Objective  IInf  Best Integer    Best Bound    ItCnt     Gap

*     0+    0                       1.44471e+09  -6.44983e+09           546.44%
      0     0  1791315.6715    24   1.44471e+09  1791315.6715        9   99.88%
*     0+    0                      6596479.0000  1791315.6715            72.84%
*     0+    0                      5400950.0000  1791315.6715            66.83%
      0     2  1791315.6715    24  5400950.0000  2630792.3328        9   51.29%
Elapsed time = 0.24 sec. (2.69 ticks, tree = 0.01 MB, solutions = 3)

Root node processing (before b&c):
  Real time             =    0.19 sec. (2.60 ticks)
Parallel b&c, 32 threads:
  Real time             =    0.09 sec. (1.88 ticks)
  Sync time (average)   =    0.04 sec.
  Wait time (average)   =    0.00 sec.
                          ------------
Total (root+branch&cut) =    0.28 sec. (4.48 ticks)

Solution pool: 4 solutions saved.

MIP - Integer optimal solution:  Objective =  5.4009500000e+06
Solution time =    0.29 sec.  Iterations = 515  Nodes = 416
Deterministic time = 4.48 ticks  (15.61 ticks/sec)

CPLEX> Incumbent solution written to file 'cplex.sol'.
CPLEX> 

optval(Q): 5400950.000, lowerbound(P): 1247807.422
bestval: 2438763.000
-[17]--------------------------------------------
selection: 17

Welcome to IBM(R) ILOG(R) CPLEX(R) Interactive Optimizer 12.8.0.0
  with Simplex, Mixed Integer & Barrier Optimizers
5725-A06 5725-A29 5724-Y48 5724-Y49 5724-Y54 5724-Y55 5655-Y21
Copyright IBM Corp. 1988, 2017.  All Rights Reserved.

Type 'help' for a list of available commands.
Type 'help' followed by a command name for more
information on commands.

CPLEX> Problem 'cplex.lp' read.
Read time = 0.00 sec. (0.09 ticks)
CPLEX> New value for time limit in seconds: 4937
CPLEX> New value for mixed integer optimality gap tolerance: 1e-10
CPLEX> CPXPARAM_TimeLimit                               4937
CPXPARAM_MIP_Tolerances_MIPGap                   1e-10
Found incumbent of value 1.0372918e+09 after 0.00 sec. (0.01 ticks)
Tried aggregator 1 time.
MIQP Presolve eliminated 0 rows and 17 columns.
Reduced MIQP has 0 rows, 24 columns, and 0 nonzeros.
Reduced MIQP has 0 binaries, 24 generals, 0 SOSs, and 0 indicators.
Reduced MIQP objective Q matrix has 576 nonzeros.
Presolve time = 0.00 sec. (0.13 ticks)
Tried aggregator 1 time.
Reduced MIQP has 0 rows, 24 columns, and 0 nonzeros.
Reduced MIQP has 0 binaries, 24 generals, 0 SOSs, and 0 indicators.
Reduced MIQP objective Q matrix has 576 nonzeros.
Presolve time = 0.00 sec. (0.05 ticks)
MIP emphasis: balance optimality and feasibility.
MIP search method: dynamic search.
Parallel mode: deterministic, using up to 32 threads.
Root relaxation solution time = 0.01 sec. (0.36 ticks)

        Nodes                                         Cuts/
   Node  Left     Objective  IInf  Best Integer    Best Bound    ItCnt     Gap

*     0+    0                       1.03729e+09  -5.62925e+09           642.69%
      0     0  1472393.0510    23   1.03729e+09  1472393.0510        9   99.86%
*     0+    0                      3961535.0000  1472393.0510            62.83%
      0     2  1513389.2732    21  3961535.0000  2091136.4589       11   47.21%
Elapsed time = 0.19 sec. (2.55 ticks, tree = 0.01 MB, solutions = 2)

Root node processing (before b&c):
  Real time             =    0.15 sec. (2.47 ticks)
Parallel b&c, 32 threads:
  Real time             =    0.10 sec. (1.42 ticks)
  Sync time (average)   =    0.06 sec.
  Wait time (average)   =    0.01 sec.
                          ------------
Total (root+branch&cut) =    0.25 sec. (3.89 ticks)

Solution pool: 3 solutions saved.

MIP - Integer optimal solution:  Objective =  3.9615350000e+06
Solution time =    0.26 sec.  Iterations = 158  Nodes = 109
Deterministic time = 3.89 ticks  (15.02 ticks/sec)

CPLEX> Incumbent solution written to file 'cplex.sol'.
CPLEX> 

optval(Q): 3961535.000, lowerbound(P): 1359139.243
bestval: 2438763.000
-[18]--------------------------------------------
selection: 18

Welcome to IBM(R) ILOG(R) CPLEX(R) Interactive Optimizer 12.8.0.0
  with Simplex, Mixed Integer & Barrier Optimizers
5725-A06 5725-A29 5724-Y48 5724-Y49 5724-Y54 5724-Y55 5655-Y21
Copyright IBM Corp. 1988, 2017.  All Rights Reserved.

Type 'help' for a list of available commands.
Type 'help' followed by a command name for more
information on commands.

CPLEX> Problem 'cplex.lp' read.
Read time = 0.00 sec. (0.09 ticks)
CPLEX> New value for time limit in seconds: 4936
CPLEX> New value for mixed integer optimality gap tolerance: 1e-10
CPLEX> CPXPARAM_TimeLimit                               4936
CPXPARAM_MIP_Tolerances_MIPGap                   1e-10
Found incumbent of value 8.8177519e+08 after 0.00 sec. (0.01 ticks)
Tried aggregator 1 time.
MIQP Presolve eliminated 0 rows and 18 columns.
Reduced MIQP has 0 rows, 23 columns, and 0 nonzeros.
Reduced MIQP has 0 binaries, 23 generals, 0 SOSs, and 0 indicators.
Reduced MIQP objective Q matrix has 529 nonzeros.
Presolve time = 0.00 sec. (0.13 ticks)
Tried aggregator 1 time.
Reduced MIQP has 0 rows, 23 columns, and 0 nonzeros.
Reduced MIQP has 0 binaries, 23 generals, 0 SOSs, and 0 indicators.
Reduced MIQP objective Q matrix has 529 nonzeros.
Presolve time = 0.00 sec. (0.05 ticks)
MIP emphasis: balance optimality and feasibility.
MIP search method: dynamic search.
Parallel mode: deterministic, using up to 32 threads.
Root relaxation solution time = 0.00 sec. (0.33 ticks)

        Nodes                                         Cuts/
   Node  Left     Objective  IInf  Best Integer    Best Bound    ItCnt     Gap

*     0+    0                       8.81775e+08  -4.79557e+09           643.85%
      0     0  2438516.2769    22   8.81775e+08  2438516.2769        9   99.72%
*     0+    0                       1.00849e+07  2438516.2769            75.82%
*     0+    0                      6154617.0000  2438516.2769            60.38%
      0     2  2438516.2769    22  6154617.0000  3572199.3653        9   41.96%
Elapsed time = 0.32 sec. (2.39 ticks, tree = 0.01 MB, solutions = 3)

Root node processing (before b&c):
  Real time             =    0.27 sec. (2.31 ticks)
Parallel b&c, 32 threads:
  Real time             =    0.09 sec. (2.43 ticks)
  Sync time (average)   =    0.04 sec.
  Wait time (average)   =    0.00 sec.
                          ------------
Total (root+branch&cut) =    0.37 sec. (4.75 ticks)

Solution pool: 4 solutions saved.

MIP - Integer optimal solution:  Objective =  6.1546170000e+06
Solution time =    0.37 sec.  Iterations = 341  Nodes = 276
Deterministic time = 4.75 ticks  (12.82 ticks/sec)

CPLEX> Incumbent solution written to file 'cplex.sol'.
CPLEX> 

optval(Q): 6154617.000, lowerbound(P): 1371685.734
bestval: 2438763.000
-[19]--------------------------------------------
selection: 19

Welcome to IBM(R) ILOG(R) CPLEX(R) Interactive Optimizer 12.8.0.0
  with Simplex, Mixed Integer & Barrier Optimizers
5725-A06 5725-A29 5724-Y48 5724-Y49 5724-Y54 5724-Y55 5655-Y21
Copyright IBM Corp. 1988, 2017.  All Rights Reserved.

Type 'help' for a list of available commands.
Type 'help' followed by a command name for more
information on commands.

CPLEX> Problem 'cplex.lp' read.
Read time = 0.00 sec. (0.09 ticks)
CPLEX> New value for time limit in seconds: 4936
CPLEX> New value for mixed integer optimality gap tolerance: 1e-10
CPLEX> CPXPARAM_TimeLimit                               4936
CPXPARAM_MIP_Tolerances_MIPGap                   1e-10
Found incumbent of value 8.2386436e+08 after 0.00 sec. (0.01 ticks)
Tried aggregator 1 time.
MIQP Presolve eliminated 0 rows and 19 columns.
Reduced MIQP has 0 rows, 22 columns, and 0 nonzeros.
Reduced MIQP has 0 binaries, 22 generals, 0 SOSs, and 0 indicators.
Reduced MIQP objective Q matrix has 484 nonzeros.
Presolve time = 0.00 sec. (0.13 ticks)
Tried aggregator 1 time.
Reduced MIQP has 0 rows, 22 columns, and 0 nonzeros.
Reduced MIQP has 0 binaries, 22 generals, 0 SOSs, and 0 indicators.
Reduced MIQP objective Q matrix has 484 nonzeros.
Presolve time = 0.00 sec. (0.04 ticks)
MIP emphasis: balance optimality and feasibility.
MIP search method: dynamic search.
Parallel mode: deterministic, using up to 32 threads.
Root relaxation solution time = 0.01 sec. (0.30 ticks)

        Nodes                                         Cuts/
   Node  Left     Objective  IInf  Best Integer    Best Bound    ItCnt     Gap

*     0+    0                       8.23864e+08  -4.24441e+09           615.18%
      0     0  2065236.2474    21   8.23864e+08  2065236.2474        8   99.75%
*     0+    0                      3498075.0000  2065236.2474            40.96%
      0     2  2130314.1119    16  3498075.0000  2698405.4682       13   22.86%
Elapsed time = 0.26 sec. (2.08 ticks, tree = 0.01 MB, solutions = 2)

Root node processing (before b&c):
  Real time             =    0.21 sec. (2.01 ticks)
Parallel b&c, 32 threads:
  Real time             =    0.15 sec. (0.72 ticks)
  Sync time (average)   =    0.10 sec.
  Wait time (average)   =    0.00 sec.
                          ------------
Total (root+branch&cut) =    0.36 sec. (2.74 ticks)

Solution pool: 3 solutions saved.

MIP - Integer optimal solution:  Objective =  3.4980750000e+06
Solution time =    0.37 sec.  Iterations = 56  Nodes = 27
Deterministic time = 2.74 ticks  (7.46 ticks/sec)

CPLEX> Incumbent solution written to file 'cplex.sol'.
CPLEX> 

optval(Q): 3498075.000, lowerbound(P): 1390813.240
bestval: 2438763.000
-[20]--------------------------------------------
selection: 20

Welcome to IBM(R) ILOG(R) CPLEX(R) Interactive Optimizer 12.8.0.0
  with Simplex, Mixed Integer & Barrier Optimizers
5725-A06 5725-A29 5724-Y48 5724-Y49 5724-Y54 5724-Y55 5655-Y21
Copyright IBM Corp. 1988, 2017.  All Rights Reserved.

Type 'help' for a list of available commands.
Type 'help' followed by a command name for more
information on commands.

CPLEX> Problem 'cplex.lp' read.
Read time = 0.00 sec. (0.09 ticks)
CPLEX> New value for time limit in seconds: 4936
CPLEX> New value for mixed integer optimality gap tolerance: 1e-10
CPLEX> CPXPARAM_TimeLimit                               4936
CPXPARAM_MIP_Tolerances_MIPGap                   1e-10
Found incumbent of value 5.5548388e+08 after 0.00 sec. (0.01 ticks)
Tried aggregator 1 time.
MIQP Presolve eliminated 0 rows and 20 columns.
Reduced MIQP has 0 rows, 21 columns, and 0 nonzeros.
Reduced MIQP has 0 binaries, 21 generals, 0 SOSs, and 0 indicators.
Reduced MIQP objective Q matrix has 441 nonzeros.
Presolve time = 0.00 sec. (0.13 ticks)
Tried aggregator 1 time.
Reduced MIQP has 0 rows, 21 columns, and 0 nonzeros.
Reduced MIQP has 0 binaries, 21 generals, 0 SOSs, and 0 indicators.
Reduced MIQP objective Q matrix has 441 nonzeros.
Presolve time = 0.00 sec. (0.04 ticks)
MIP emphasis: balance optimality and feasibility.
MIP search method: dynamic search.
Parallel mode: deterministic, using up to 32 threads.
Root relaxation solution time = 0.00 sec. (0.27 ticks)

        Nodes                                         Cuts/
   Node  Left     Objective  IInf  Best Integer    Best Bound    ItCnt     Gap

*     0+    0                       5.55484e+08  -3.92809e+09           807.15%
      0     0  1698948.2603    20   5.55484e+08  1698948.2603        8   99.69%
*     0+    0                      8355431.0000  1698948.2603            79.67%
*     0+    0                      4357689.0000  1698948.2603            61.01%
      0     2  1698948.2603    20  4357689.0000  2357715.4458        8   45.90%
Elapsed time = 0.14 sec. (1.94 ticks, tree = 0.01 MB, solutions = 3)

Root node processing (before b&c):
  Real time             =    0.13 sec. (1.87 ticks)
Parallel b&c, 32 threads:
  Real time             =    0.03 sec. (0.85 ticks)
  Sync time (average)   =    0.02 sec.
  Wait time (average)   =    0.00 sec.
                          ------------
Total (root+branch&cut) =    0.16 sec. (2.72 ticks)

Solution pool: 4 solutions saved.

MIP - Integer optimal solution:  Objective =  4.3576890000e+06
Solution time =    0.17 sec.  Iterations = 96  Nodes = 73
Deterministic time = 2.72 ticks  (16.12 ticks/sec)

CPLEX> Incumbent solution written to file 'cplex.sol'.
CPLEX> 

optval(Q): 4357689.000, lowerbound(P): 1445309.394
bestval: 2438763.000
-[21]--------------------------------------------
selection: 21

Welcome to IBM(R) ILOG(R) CPLEX(R) Interactive Optimizer 12.8.0.0
  with Simplex, Mixed Integer & Barrier Optimizers
5725-A06 5725-A29 5724-Y48 5724-Y49 5724-Y54 5724-Y55 5655-Y21
Copyright IBM Corp. 1988, 2017.  All Rights Reserved.

Type 'help' for a list of available commands.
Type 'help' followed by a command name for more
information on commands.

CPLEX> Problem 'cplex.lp' read.
Read time = 0.00 sec. (0.09 ticks)
CPLEX> New value for time limit in seconds: 4936
CPLEX> New value for mixed integer optimality gap tolerance: 1e-10
CPLEX> CPXPARAM_TimeLimit                               4936
CPXPARAM_MIP_Tolerances_MIPGap                   1e-10
Found incumbent of value 5.4557465e+08 after 0.00 sec. (0.01 ticks)
Tried aggregator 1 time.
MIQP Presolve eliminated 0 rows and 21 columns.
Reduced MIQP has 0 rows, 20 columns, and 0 nonzeros.
Reduced MIQP has 0 binaries, 20 generals, 0 SOSs, and 0 indicators.
Reduced MIQP objective Q matrix has 400 nonzeros.
Presolve time = 0.00 sec. (0.13 ticks)
Tried aggregator 1 time.
Reduced MIQP has 0 rows, 20 columns, and 0 nonzeros.
Reduced MIQP has 0 binaries, 20 generals, 0 SOSs, and 0 indicators.
Reduced MIQP objective Q matrix has 400 nonzeros.
Presolve time = 0.00 sec. (0.04 ticks)
MIP emphasis: balance optimality and feasibility.
MIP search method: dynamic search.
Parallel mode: deterministic, using up to 32 threads.
Root relaxation solution time = 0.00 sec. (0.28 ticks)

        Nodes                                         Cuts/
   Node  Left     Objective  IInf  Best Integer    Best Bound    ItCnt     Gap

*     0+    0                       5.45575e+08  -3.34840e+09           713.74%
      0     0  1235571.2805    19   5.45575e+08  1235571.2805       10   99.77%
*     0+    0                      9259297.0000  1235571.2805            86.66%
*     0+    0                      5096062.0000  1235571.2805            75.75%
      0     2  1235571.2805    19  5096062.0000  2368066.0906       10   53.53%
Elapsed time = 0.23 sec. (1.72 ticks, tree = 0.01 MB, solutions = 3)

Root node processing (before b&c):
  Real time             =    0.21 sec. (1.66 ticks)
Parallel b&c, 32 threads:
  Real time             =    0.05 sec. (0.85 ticks)
  Sync time (average)   =    0.02 sec.
  Wait time (average)   =    0.00 sec.
                          ------------
Total (root+branch&cut) =    0.26 sec. (2.50 ticks)

Solution pool: 4 solutions saved.

MIP - Integer optimal solution:  Objective =  5.0960620000e+06
Solution time =    0.26 sec.  Iterations = 238  Nodes = 197
Deterministic time = 2.50 ticks  (9.68 ticks/sec)

CPLEX> Incumbent solution written to file 'cplex.sol'.
CPLEX> 

optval(Q): 5096062.000, lowerbound(P): 1485295.139
bestval: 2438763.000
-[22]--------------------------------------------
selection: 22

Welcome to IBM(R) ILOG(R) CPLEX(R) Interactive Optimizer 12.8.0.0
  with Simplex, Mixed Integer & Barrier Optimizers
5725-A06 5725-A29 5724-Y48 5724-Y49 5724-Y54 5724-Y55 5655-Y21
Copyright IBM Corp. 1988, 2017.  All Rights Reserved.

Type 'help' for a list of available commands.
Type 'help' followed by a command name for more
information on commands.

CPLEX> Problem 'cplex.lp' read.
Read time = 0.00 sec. (0.09 ticks)
CPLEX> New value for time limit in seconds: 4935
CPLEX> New value for mixed integer optimality gap tolerance: 1e-10
CPLEX> CPXPARAM_TimeLimit                               4935
CPXPARAM_MIP_Tolerances_MIPGap                   1e-10
Found incumbent of value 3.3802836e+08 after 0.00 sec. (0.01 ticks)
Tried aggregator 1 time.
MIQP Presolve eliminated 0 rows and 22 columns.
Reduced MIQP has 0 rows, 19 columns, and 0 nonzeros.
Reduced MIQP has 0 binaries, 19 generals, 0 SOSs, and 0 indicators.
Reduced MIQP objective Q matrix has 361 nonzeros.
Presolve time = 0.00 sec. (0.13 ticks)
Tried aggregator 1 time.
Reduced MIQP has 0 rows, 19 columns, and 0 nonzeros.
Reduced MIQP has 0 binaries, 19 generals, 0 SOSs, and 0 indicators.
Reduced MIQP objective Q matrix has 361 nonzeros.
Presolve time = 0.00 sec. (0.03 ticks)
MIP emphasis: balance optimality and feasibility.
MIP search method: dynamic search.
Parallel mode: deterministic, using up to 32 threads.
Root relaxation solution time = 0.01 sec. (0.23 ticks)

        Nodes                                         Cuts/
   Node  Left     Objective  IInf  Best Integer    Best Bound    ItCnt     Gap

*     0+    0                       3.38028e+08  -2.86042e+09           946.21%
      0     0  1835927.5164    18   3.38028e+08  1835927.5164        8   99.46%
*     0+    0                      6941083.0000  1835927.5164            73.55%
*     0+    0                      4441815.0000  1835927.5164            58.67%
      0     2  1835927.5164    18  4441815.0000  2349847.0907        8   47.10%
Elapsed time = 0.15 sec. (1.47 ticks, tree = 0.01 MB, solutions = 3)

Root node processing (before b&c):
  Real time             =    0.11 sec. (1.42 ticks)
Parallel b&c, 32 threads:
  Real time             =    0.05 sec. (0.65 ticks)
  Sync time (average)   =    0.02 sec.
  Wait time (average)   =    0.00 sec.
                          ------------
Total (root+branch&cut) =    0.16 sec. (2.07 ticks)

Solution pool: 4 solutions saved.

MIP - Integer optimal solution:  Objective =  4.4418150000e+06
Solution time =    0.17 sec.  Iterations = 61  Nodes = 47
Deterministic time = 2.07 ticks  (12.05 ticks/sec)

CPLEX> Incumbent solution written to file 'cplex.sol'.
CPLEX> 

optval(Q): 4441815.000, lowerbound(P): 1836801.390
bestval: 2438763.000
-[23]--------------------------------------------
selection: 23

Welcome to IBM(R) ILOG(R) CPLEX(R) Interactive Optimizer 12.8.0.0
  with Simplex, Mixed Integer & Barrier Optimizers
5725-A06 5725-A29 5724-Y48 5724-Y49 5724-Y54 5724-Y55 5655-Y21
Copyright IBM Corp. 1988, 2017.  All Rights Reserved.

Type 'help' for a list of available commands.
Type 'help' followed by a command name for more
information on commands.

CPLEX> Problem 'cplex.lp' read.
Read time = 0.00 sec. (0.09 ticks)
CPLEX> New value for time limit in seconds: 4935
CPLEX> New value for mixed integer optimality gap tolerance: 1e-10
CPLEX> CPXPARAM_TimeLimit                               4935
CPXPARAM_MIP_Tolerances_MIPGap                   1e-10
Found incumbent of value 3.9586332e+08 after 0.00 sec. (0.01 ticks)
Found incumbent of value 3.4709691e+08 after 0.00 sec. (0.02 ticks)
Tried aggregator 1 time.
MIQP Presolve eliminated 0 rows and 23 columns.
Reduced MIQP has 0 rows, 18 columns, and 0 nonzeros.
Reduced MIQP has 0 binaries, 18 generals, 0 SOSs, and 0 indicators.
Reduced MIQP objective Q matrix has 324 nonzeros.
Presolve time = 0.00 sec. (0.12 ticks)
Tried aggregator 1 time.
Reduced MIQP has 0 rows, 18 columns, and 0 nonzeros.
Reduced MIQP has 0 binaries, 18 generals, 0 SOSs, and 0 indicators.
Reduced MIQP objective Q matrix has 324 nonzeros.
Presolve time = 0.00 sec. (0.03 ticks)
MIP emphasis: balance optimality and feasibility.
MIP search method: dynamic search.
Parallel mode: deterministic, using up to 32 threads.
Root relaxation solution time = 0.00 sec. (0.23 ticks)

        Nodes                                         Cuts/
   Node  Left     Objective  IInf  Best Integer    Best Bound    ItCnt     Gap

*     0+    0                       3.47097e+08  -2.46671e+09           810.67%
      0     0  2968998.4128    17   3.47097e+08  2968998.4128        9   99.14%
*     0+    0                      4600797.0000  2968998.4128            35.47%
      0     0        cutoff        4600797.0000  4600797.0000       20    0.00%
Elapsed time = 0.14 sec. (1.13 ticks, tree = 0.01 MB, solutions = 2)

Root node processing (before b&c):
  Real time             =    0.14 sec. (1.14 ticks)
Parallel b&c, 32 threads:
  Real time             =    0.00 sec. (0.00 ticks)
  Sync time (average)   =    0.00 sec.
  Wait time (average)   =    0.00 sec.
                          ------------
Total (root+branch&cut) =    0.14 sec. (1.14 ticks)

Solution pool: 3 solutions saved.

MIP - Integer optimal solution:  Objective =  4.6007970000e+06
Solution time =    0.15 sec.  Iterations = 20  Nodes = 0
Deterministic time = 1.14 ticks  (7.56 ticks/sec)

CPLEX> Incumbent solution written to file 'cplex.sol'.
CPLEX> 

optval(Q): 4600797.000, lowerbound(P): 2184429.464
bestval: 2438763.000
-[24]--------------------------------------------
selection: 24

Welcome to IBM(R) ILOG(R) CPLEX(R) Interactive Optimizer 12.8.0.0
  with Simplex, Mixed Integer & Barrier Optimizers
5725-A06 5725-A29 5724-Y48 5724-Y49 5724-Y54 5724-Y55 5655-Y21
Copyright IBM Corp. 1988, 2017.  All Rights Reserved.

Type 'help' for a list of available commands.
Type 'help' followed by a command name for more
information on commands.

CPLEX> Problem 'cplex.lp' read.
Read time = 0.00 sec. (0.09 ticks)
CPLEX> New value for time limit in seconds: 4935
CPLEX> New value for mixed integer optimality gap tolerance: 1e-10
CPLEX> CPXPARAM_TimeLimit                               4935
CPXPARAM_MIP_Tolerances_MIPGap                   1e-10
Found incumbent of value 5.3637602e+08 after 0.00 sec. (0.01 ticks)
Found incumbent of value 3.6986933e+08 after 0.00 sec. (0.02 ticks)
Tried aggregator 1 time.
MIQP Presolve eliminated 0 rows and 24 columns.
Reduced MIQP has 0 rows, 17 columns, and 0 nonzeros.
Reduced MIQP has 0 binaries, 17 generals, 0 SOSs, and 0 indicators.
Reduced MIQP objective Q matrix has 289 nonzeros.
Presolve time = 0.00 sec. (0.12 ticks)
Tried aggregator 1 time.
Reduced MIQP has 0 rows, 17 columns, and 0 nonzeros.
Reduced MIQP has 0 binaries, 17 generals, 0 SOSs, and 0 indicators.
Reduced MIQP objective Q matrix has 289 nonzeros.
Presolve time = 0.00 sec. (0.03 ticks)
MIP emphasis: balance optimality and feasibility.
MIP search method: dynamic search.
Parallel mode: deterministic, using up to 32 threads.
Root relaxation solution time = 0.01 sec. (0.21 ticks)

        Nodes                                         Cuts/
   Node  Left     Objective  IInf  Best Integer    Best Bound    ItCnt     Gap

*     0+    0                       3.69869e+08  -2.15155e+09           681.70%
      0     0  2046622.9782    16   3.69869e+08  2046622.9782        9   99.45%
*     0+    0                      4967457.0000  2046622.9782            58.80%
      0     2  2134377.6247    13  4967457.0000  3787289.7913       12   23.76%
Elapsed time = 0.25 sec. (1.33 ticks, tree = 0.01 MB, solutions = 2)

Root node processing (before b&c):
  Real time             =    0.24 sec. (1.29 ticks)
Parallel b&c, 32 threads:
  Real time             =    0.03 sec. (0.44 ticks)
  Sync time (average)   =    0.01 sec.
  Wait time (average)   =    0.00 sec.
                          ------------
Total (root+branch&cut) =    0.27 sec. (1.73 ticks)

Solution pool: 3 solutions saved.

MIP - Integer optimal solution:  Objective =  4.9674570000e+06
Solution time =    0.28 sec.  Iterations = 81  Nodes = 47
Deterministic time = 1.73 ticks  (6.24 ticks/sec)

CPLEX> Incumbent solution written to file 'cplex.sol'.
CPLEX> 

optval(Q): 4967457.000, lowerbound(P): 2210106.404
bestval: 2438763.000
-[25]--------------------------------------------
selection: 25

Welcome to IBM(R) ILOG(R) CPLEX(R) Interactive Optimizer 12.8.0.0
  with Simplex, Mixed Integer & Barrier Optimizers
5725-A06 5725-A29 5724-Y48 5724-Y49 5724-Y54 5724-Y55 5655-Y21
Copyright IBM Corp. 1988, 2017.  All Rights Reserved.

Type 'help' for a list of available commands.
Type 'help' followed by a command name for more
information on commands.

CPLEX> Problem 'cplex.lp' read.
Read time = 0.00 sec. (0.09 ticks)
CPLEX> New value for time limit in seconds: 4935
CPLEX> New value for mixed integer optimality gap tolerance: 1e-10
CPLEX> CPXPARAM_TimeLimit                               4935
CPXPARAM_MIP_Tolerances_MIPGap                   1e-10
Found incumbent of value 4.2289709e+08 after 0.00 sec. (0.01 ticks)
Tried aggregator 1 time.
MIQP Presolve eliminated 0 rows and 25 columns.
Reduced MIQP has 0 rows, 16 columns, and 0 nonzeros.
Reduced MIQP has 0 binaries, 16 generals, 0 SOSs, and 0 indicators.
Reduced MIQP objective Q matrix has 256 nonzeros.
Presolve time = 0.00 sec. (0.12 ticks)
Tried aggregator 1 time.
Reduced MIQP has 0 rows, 16 columns, and 0 nonzeros.
Reduced MIQP has 0 binaries, 16 generals, 0 SOSs, and 0 indicators.
Reduced MIQP objective Q matrix has 256 nonzeros.
Presolve time = 0.00 sec. (0.02 ticks)
MIP emphasis: balance optimality and feasibility.
MIP search method: dynamic search.
Parallel mode: deterministic, using up to 32 threads.
Root relaxation solution time = 0.01 sec. (0.18 ticks)

        Nodes                                         Cuts/
   Node  Left     Objective  IInf  Best Integer    Best Bound    ItCnt     Gap

*     0+    0                       4.22897e+08  -1.70875e+09           504.06%
      0     0  3127278.5078    15   4.22897e+08  3127278.5078        8   99.26%
*     0+    0                      4636780.0000  3127278.5078            32.55%
      0     0        cutoff        4636780.0000  4636780.0000       17    0.00%
Elapsed time = 0.21 sec. (0.98 ticks, tree = 0.01 MB, solutions = 2)

Root node processing (before b&c):
  Real time             =    0.21 sec. (0.98 ticks)
Parallel b&c, 32 threads:
  Real time             =    0.00 sec. (0.00 ticks)
  Sync time (average)   =    0.00 sec.
  Wait time (average)   =    0.00 sec.
                          ------------
Total (root+branch&cut) =    0.21 sec. (0.98 ticks)

Solution pool: 3 solutions saved.

MIP - Integer optimal solution:  Objective =  4.6367800000e+06
Solution time =    0.22 sec.  Iterations = 17  Nodes = 0
Deterministic time = 0.98 ticks  (4.43 ticks/sec)

CPLEX> Incumbent solution written to file 'cplex.sol'.
CPLEX> 

optval(Q): 4636780.000, lowerbound(P): 2319200.645
bestval: 2438763.000
-[26]--------------------------------------------
selection: 26

Welcome to IBM(R) ILOG(R) CPLEX(R) Interactive Optimizer 12.8.0.0
  with Simplex, Mixed Integer & Barrier Optimizers
5725-A06 5725-A29 5724-Y48 5724-Y49 5724-Y54 5724-Y55 5655-Y21
Copyright IBM Corp. 1988, 2017.  All Rights Reserved.

Type 'help' for a list of available commands.
Type 'help' followed by a command name for more
information on commands.

CPLEX> Problem 'cplex.lp' read.
Read time = 0.00 sec. (0.09 ticks)
CPLEX> New value for time limit in seconds: 4934
CPLEX> New value for mixed integer optimality gap tolerance: 1e-10
CPLEX> CPXPARAM_TimeLimit                               4934
CPXPARAM_MIP_Tolerances_MIPGap                   1e-10
Found incumbent of value 4.2400460e+08 after 0.00 sec. (0.01 ticks)
Tried aggregator 1 time.
MIQP Presolve eliminated 0 rows and 26 columns.
Reduced MIQP has 0 rows, 15 columns, and 0 nonzeros.
Reduced MIQP has 0 binaries, 15 generals, 0 SOSs, and 0 indicators.
Reduced MIQP objective Q matrix has 225 nonzeros.
Presolve time = 0.00 sec. (0.12 ticks)
Tried aggregator 1 time.
Reduced MIQP has 0 rows, 15 columns, and 0 nonzeros.
Reduced MIQP has 0 binaries, 15 generals, 0 SOSs, and 0 indicators.
Reduced MIQP objective Q matrix has 225 nonzeros.
Presolve time = 0.00 sec. (0.02 ticks)
MIP emphasis: balance optimality and feasibility.
MIP search method: dynamic search.
Parallel mode: deterministic, using up to 32 threads.
Root relaxation solution time = 0.00 sec. (0.17 ticks)

        Nodes                                         Cuts/
   Node  Left     Objective  IInf  Best Integer    Best Bound    ItCnt     Gap

*     0+    0                       4.24005e+08  -1.48387e+09           449.97%
      0     0  2992219.1310    14   4.24005e+08  2992219.1310        8   99.29%
*     0+    0                      4809615.0000  2992219.1310            37.79%

Repeating presolve.
Tried aggregator 1 time.
MIQP Presolve eliminated 0 rows and 4 columns.
Reduced MIQP has 0 rows, 11 columns, and 0 nonzeros.
Reduced MIQP has 2 binaries, 9 generals, 0 SOSs, and 0 indicators.
Reduced MIQP objective Q matrix has 121 nonzeros.
Presolve time = 0.00 sec. (0.02 ticks)
Probing time = 0.00 sec. (0.00 ticks)
Tried aggregator 1 time.
MIQP Presolve added 38 rows and 19 columns.
Reduced MIQP has 38 rows, 30 columns, and 80 nonzeros.
Reduced MIQP has 3 binaries, 9 generals, 0 SOSs, and 0 indicators.
Reduced MIQP objective Q matrix has 81 nonzeros.
Presolve time = 0.00 sec. (0.02 ticks)
Represolve time = 0.00 sec. (0.06 ticks)
Probing time = 0.00 sec. (0.00 ticks)
Clique table members: 1.
MIP emphasis: balance optimality and feasibility.
MIP search method: dynamic search.
Parallel mode: deterministic, using up to 32 threads.
Root relaxation solution time = 0.01 sec. (0.42 ticks)

        Nodes                                         Cuts/
   Node  Left     Objective  IInf  Best Integer    Best Bound    ItCnt     Gap

*     0+    0                      4809615.0000  4809177.9873             0.01%
      0     0  1222097.5589     8  4809615.0000  4809177.9873       31    0.01%
      0     2  1222097.5589     8  4809615.0000  4809177.9873       31    0.01%
Elapsed time = 0.27 sec. (2.49 ticks, tree = 0.01 MB, solutions = 2)

Root node processing (before b&c):
  Real time             =    0.22 sec. (2.44 ticks)
Parallel b&c, 32 threads:
  Real time             =    0.07 sec. (0.53 ticks)
  Sync time (average)   =    0.01 sec.
  Wait time (average)   =    0.00 sec.
                          ------------
Total (root+branch&cut) =    0.28 sec. (2.97 ticks)

Solution pool: 3 solutions saved.

MIP - Integer optimal solution:  Objective =  4.8096150000e+06
Solution time =    0.29 sec.  Iterations = 63  Nodes = 14
Deterministic time = 2.97 ticks  (10.29 ticks/sec)

CPLEX> Incumbent solution written to file 'cplex.sol'.
CPLEX> 

optval(Q): 4809615.000, lowerbound(P): 2373880.176
bestval: 2438763.000
-[27]--------------------------------------------
selection: 27

Welcome to IBM(R) ILOG(R) CPLEX(R) Interactive Optimizer 12.8.0.0
  with Simplex, Mixed Integer & Barrier Optimizers
5725-A06 5725-A29 5724-Y48 5724-Y49 5724-Y54 5724-Y55 5655-Y21
Copyright IBM Corp. 1988, 2017.  All Rights Reserved.

Type 'help' for a list of available commands.
Type 'help' followed by a command name for more
information on commands.

CPLEX> Problem 'cplex.lp' read.
Read time = 0.00 sec. (0.09 ticks)
CPLEX> New value for time limit in seconds: 4934
CPLEX> New value for mixed integer optimality gap tolerance: 1e-10
CPLEX> CPXPARAM_TimeLimit                               4934
CPXPARAM_MIP_Tolerances_MIPGap                   1e-10
Found incumbent of value 3.6245048e+08 after 0.00 sec. (0.01 ticks)
Tried aggregator 1 time.
MIQP Presolve eliminated 0 rows and 27 columns.
Reduced MIQP has 0 rows, 14 columns, and 0 nonzeros.
Reduced MIQP has 0 binaries, 14 generals, 0 SOSs, and 0 indicators.
Reduced MIQP objective Q matrix has 196 nonzeros.
Presolve time = 0.00 sec. (0.12 ticks)
Tried aggregator 1 time.
Reduced MIQP has 0 rows, 14 columns, and 0 nonzeros.
Reduced MIQP has 0 binaries, 14 generals, 0 SOSs, and 0 indicators.
Reduced MIQP objective Q matrix has 196 nonzeros.
Presolve time = 0.00 sec. (0.02 ticks)
MIP emphasis: balance optimality and feasibility.
MIP search method: dynamic search.
Parallel mode: deterministic, using up to 32 threads.
Root relaxation solution time = 0.00 sec. (0.15 ticks)

        Nodes                                         Cuts/
   Node  Left     Objective  IInf  Best Integer    Best Bound    ItCnt     Gap

*     0+    0                       3.62450e+08  -1.29309e+09           456.76%
      0     0  2307257.8884    13   3.62450e+08  2307257.8884        8   99.36%
*     0+    0                      4036511.0000  2307257.8884            42.84%
      0     0        cutoff        4036511.0000  4036511.0000       18    0.00%
Elapsed time = 0.24 sec. (0.76 ticks, tree = 0.01 MB, solutions = 2)

Root node processing (before b&c):
  Real time             =    0.24 sec. (0.76 ticks)
Parallel b&c, 32 threads:
  Real time             =    0.00 sec. (0.00 ticks)
  Sync time (average)   =    0.00 sec.
  Wait time (average)   =    0.00 sec.
                          ------------
Total (root+branch&cut) =    0.24 sec. (0.76 ticks)

Solution pool: 3 solutions saved.

MIP - Integer optimal solution:  Objective =  4.0365110000e+06
Solution time =    0.24 sec.  Iterations = 18  Nodes = 0
Deterministic time = 0.76 ticks  (3.12 ticks/sec)

CPLEX> Incumbent solution written to file 'cplex.sol'.
CPLEX> 

optval(Q): 4036511.000, lowerbound(P): 2495001.297
CUT-OFF!!

time: 66s
best value: 2438763.000
norm: 1561.654
AF: 0.931
Nodes: 0
best solution:
 0: 1.000
