
Log started (V12.8.0.0) Tue May 22 02:29:56 2018


Problem 'cplex.lp' read.
Read time = 0.00 sec. (0.14 ticks)
New value for time limit in seconds: 5000
New value for mixed integer optimality gap tolerance: 1e-10
CPXPARAM_TimeLimit                               5000
CPXPARAM_MIP_Tolerances_MIPGap                   1e-10
Found incumbent of value 2.7579224e+10 after 0.00 sec. (0.02 ticks)
Tried aggregator 1 time.
Reduced MIQP has 0 rows, 49 columns, and 0 nonzeros.
Reduced MIQP has 0 binaries, 49 generals, 0 SOSs, and 0 indicators.
Reduced MIQP objective Q matrix has 2401 nonzeros.
Presolve time = 0.00 sec. (0.22 ticks)
Tried aggregator 1 time.
Reduced MIQP has 0 rows, 49 columns, and 0 nonzeros.
Reduced MIQP has 0 binaries, 49 generals, 0 SOSs, and 0 indicators.
Reduced MIQP objective Q matrix has 2401 nonzeros.
Presolve time = 0.00 sec. (0.20 ticks)
MIP emphasis: balance optimality and feasibility.
MIP search method: dynamic search.
Parallel mode: deterministic, using up to 32 threads.
Root relaxation solution time = 0.01 sec. (1.21 ticks)

        Nodes                                         Cuts/
   Node  Left     Objective  IInf  Best Integer    Best Bound    ItCnt     Gap

*     0+    0                       2.75792e+10  -2.20126e+11           898.16%
      0     0     1830.0832    48   2.75792e+10     1830.0832        8  100.00%
*     0+    0                       1.35938e+07     1830.0832            99.99%
*     0+    0                      4297173.0000     1830.0832            99.96%
*     0+    0                      3335013.0000     1830.0832            99.95%
      0     2     1830.0832    48  3335013.0000     5650.5005        8   99.83%
Elapsed time = 0.37 sec. (13.08 ticks, tree = 0.01 MB, solutions = 4)
  46806 25071  1750444.9733    32  3335013.0000   788480.7053    90957   76.36%
  99679 56761  1906776.3553    35  3335013.0000   938403.4930   185423   71.86%
 159003 107564  2373106.7400    29  3335013.0000  1031975.0522   341539   69.06%
 220014 149166  1281330.0997    34  3335013.0000  1099580.0497   470854   67.03%
 282664 198393  3068762.6836    25  3335013.0000  1162680.6259   623923   65.14%
 346636 241082  1687652.5981    35  3335013.0000  1221089.3718   756263   63.39%
 411315 291781  2821111.8644    24  3335013.0000  1276727.3222   914721   61.72%
 477209 327089  1791062.3744    26  3335013.0000  1320273.2473  1024998   60.41%
 543442 377078  3103739.3574    25  3335013.0000  1355562.4641  1179597   59.35%
 815762 576823  2552424.8549    20  3335013.0000  1456777.7272  1798762   56.32%
Elapsed time = 8.42 sec. (3112.56 ticks, tree = 151.80 MB, solutions = 4)
 1097978 753325  2095760.3227    31  3335013.0000  1523970.5135  2351758   54.30%
 1389361 953359  1805947.8600    34  3335013.0000  1573985.8882  2975650   52.80%
 1687627 1179948  2733182.9577    19  3335013.0000  1612771.5182  3674224   51.64%
 1990462 1352578  2456299.7193    30  3335013.0000  1644374.4269  4207904   50.69%
 2294259 1571957  2744266.3247    26  3335013.0000  1671989.9695  4882995   49.87%
 2598446 1754555  1892296.2536    34  3335013.0000  1696219.9823  5443933   49.14%
 2904123 1997470  2184098.2383    30  3335013.0000  1718202.8465  6200793   48.48%
 3210522 2181075  1767967.3115    33  3335013.0000  1737738.1788  6763454   47.89%
 3517659 2346121  1952466.9882    30  3335013.0000  1755656.1887  7269028   47.36%
 3826765 2612779  3030045.3559    30  3335013.0000  1772077.5667  8093082   46.86%
Elapsed time = 36.69 sec. (12649.33 ticks, tree = 682.86 MB, solutions = 4)
 4130907 2817148  2291068.1829    24  3335013.0000  1787019.6394  8730586   46.42%
 4439411 2955102  2430219.0769    31  3335013.0000  1801399.2299  9163090   45.99%
 4747236 3152085  2277504.6765    34  3335013.0000  1814647.2929  9781958   45.59%
 5058372 3388657  3206534.1796    26  3335013.0000  1827383.5236 10523012   45.21%
 5366624 3587593  3037266.5300    19  3335013.0000  1839327.6345 11154255   44.85%
 5676796 3756757  1939575.9547    35  3335013.0000  1850661.6826 11689009   44.51%
 5984291 3997926  1919322.1679    32  3335013.0000  1861375.4216 12452350   44.19%
 6294644 4179541  2469437.6017    31  3335013.0000  1871730.8448 13034913   43.88%
 6604547 4458633  2463160.6471    30  3335013.0000  1881303.0945 13919477   43.59%
 6916028 4652423  2220770.8423    31  3335013.0000  1890649.3855 14538623   43.31%
Elapsed time = 67.98 sec. (22186.11 ticks, tree = 1211.89 MB, solutions = 4)
 7227114 4782210  2515471.3783    30  3335013.0000  1899523.4723 14950007   43.04%
 7538657 5055047  2081037.7965    33  3335013.0000  1908089.3949 15839622   42.79%
 7851998 5156953  3314819.8720    21  3335013.0000  1916161.5140 16167809   42.54%
 8161733 5394369  3187217.7659    18  3335013.0000  1923926.8013 16931337   42.31%
 8471767 5658551  2849133.8069    27  3335013.0000  1931609.9376 17801600   42.08%
 8781908 5779019  2688020.8380    26  3335013.0000  1939038.7641 18191700   41.86%
 9093023 5988759  2979351.0428    26  3335013.0000  1945883.4891 18883957   41.65%
 9404994 6183666  2463310.8354    24  3335013.0000  1952639.0497 19520059   41.45%
 9713645 6368768  2547446.4074    29  3335013.0000  1959624.7687 20134605   41.24%
 10025604 6609521  2858423.0764    25  3335013.0000  1966055.1821 20950397   41.05%
Elapsed time = 103.27 sec. (31722.86 ticks, tree = 1737.90 MB, solutions = 4)
 10339151 6823294  2909199.2984    34  3335013.0000  1972407.5079 21651801   40.86%
 10648390 6925471  2290356.7155    32  3335013.0000  1978490.4647 21988881   40.68%
 10957435 7180349  2896395.4634    23  3335013.0000  1984571.5722 22847163   40.49%
 11270485 7348117  3087602.6095    24  3335013.0000  1990383.4409 23420331   40.32%
 11584877 7644503  3139431.3572    21  3335013.0000  1995944.6319 24406679   40.15%
 11886179 7672645  2099483.0541    32  3335013.0000  2000268.5193 24498753   40.02%
 12012555 7842675  2560400.9686    34  3335013.0000  2000574.6744 25068787   40.01%
 12066938 7862037  2695245.9958    27  3335013.0000  2000574.6744 25135099   40.01%
 12091553 7885560  3037752.6810    29  3335013.0000  2000574.6744 25217564   40.01%
 12119260 7899885  3161166.7553    20  3335013.0000  2000574.6744 25267983   40.01%
Elapsed time = 144.76 sec. (41259.73 ticks, tree = 2066.79 MB, solutions = 4)
Nodefile size = 21.00 MB (13.17 MB after compression)
 12127081 7903967  2805488.2279    25  3335013.0000  2000574.6744 25282217   40.01%
 12160031 7920448  2772798.0639    28  3335013.0000  2000574.6744 25341923   40.01%
 12191995 7948475  2637045.1608    20  3335013.0000  2000574.6744 25442164   40.01%
 12234255 7980627  3266432.2576    26  3335013.0000  2000574.6744 25556990   40.01%
 12281336 7995185  2983019.4447    23  3335013.0000  2000574.6744 25609976   40.01%
 12299530 8008335  2593107.7883    28  3335013.0000  2000574.6744 25658134   40.01%
 12336663 8037220  3016085.8838    27  3335013.0000  2000574.6744 25765250   40.01%
 12367860 8053202  2428536.5062    35  3335013.0000  2000574.6744 25824768   40.01%
 12403785 8070286  2747038.4697    29  3335013.0000  2000574.6744 25889808   40.01%
 12453490 8100639  3228519.4061    32  3335013.0000  2000574.6744 26005126   40.01%
Elapsed time = 177.06 sec. (50796.87 ticks, tree = 2109.82 MB, solutions = 4)
Nodefile size = 62.99 MB (39.46 MB after compression)
 12500806 8126139  3207575.3555    21  3335013.0000  2000574.6744 26100961   40.01%
 12548346 8164328  2982626.0343    32  3335013.0000  2000574.6744 26245573   40.01%
 12603022 8199938  2324158.0623    31  3335013.0000  2000574.6744 26380087   40.01%
 12650056 8221244  2790817.1554    26  3335013.0000  2000574.6744 26462596   40.01%
 12684986 8234970  3105179.7156    23  3335013.0000  2000574.6744 26514485   40.01%
 12703127 8244270  2140217.6557    30  3335013.0000  2000574.6744 26549671   40.01%
 12733335 8255704  2265354.5711    32  3335013.0000  2000574.6744 26593188   40.01%
 12755651 8277079  2174445.8132    32  3335013.0000  2000574.6744 26676538   40.01%
 12786716 8297088  2726863.3805    30  3335013.0000  2000574.6744 26756686   40.01%
 12834601 8318376  3312939.7057    27  3335013.0000  2000574.6744 26840478   40.01%
Elapsed time = 208.94 sec. (60333.99 ticks, tree = 2151.53 MB, solutions = 4)
Nodefile size = 105.99 MB (66.27 MB after compression)
 12859742 8340842  2300094.4579    31  3335013.0000  2000574.6744 26927734   40.01%
 12931145 8358920  2253206.2248    32  3335013.0000  2000574.6744 27001252   40.01%
 12999836 8401537  2832431.7510    30  3335013.0000  2000574.6744 27173855   40.01%
 13052723 8444981  2190253.3815    27  3335013.0000  2000574.6744 27342298   40.01%
 13096562 8465201  2496799.4979    30  3335013.0000  2000574.6744 27426056   40.01%
 13129913 8477146  2242340.4019    32  3335013.0000  2000574.6744 27475186   40.01%
 13163039 8496482  2514846.7512    25  3335013.0000  2000574.6744 27551699   40.01%
 13202911 8528100  2628671.0855    26  3335013.0000  2000574.6744 27679348   40.01%
 13240845 8553107  3096311.8355    21  3335013.0000  2000574.6744 27778555   40.01%
 13288769 8566696  2890695.0987    27  3335013.0000  2000574.6744 27830780   40.01%
Elapsed time = 245.10 sec. (69870.91 ticks, tree = 2205.23 MB, solutions = 4)
Nodefile size = 157.98 MB (98.55 MB after compression)
 13356241 8626061  2733947.3268    25  3335013.0000  2000574.6744 28063741   40.01%
 13417616 8651636  2998364.3883    21  3335013.0000  2000574.6744 28161968   40.01%
 13458058 8672798  2111765.2322    28  3335013.0000  2000574.6744 28246767   40.01%
 13493315 8681696  3184716.5644    14  3335013.0000  2000574.6744 28282578   40.01%
 13521209 8707629  2171155.5556    34  3335013.0000  2000574.6744 28385606   40.01%
 13553893 8712444  3125793.4270    26  3335013.0000  2000574.6744 28405587   40.01%
 13594878 8732688  2903674.6304    25  3335013.0000  2000574.6744 28486789   40.01%
 13644390 8761303  2356725.0806    27  3335013.0000  2000574.6744 28604273   40.01%
 13691904 8791767  3278020.1033    24  3335013.0000  2000574.6744 28724468   40.01%
 13743019 8831075  3026459.1998    28  3335013.0000  2000574.6744 28882485   40.01%
Elapsed time = 279.79 sec. (79408.03 ticks, tree = 2256.78 MB, solutions = 4)
Nodefile size = 208.98 MB (130.13 MB after compression)
 13817730 8871983  2591441.3448    32  3335013.0000  2000574.6744 29048621   40.01%
 13889133 8912341  2864520.9815    25  3335013.0000  2000574.6744 29214168   40.01%
 13929003 8927316  3099705.1490    22  3335013.0000  2000574.6744 29275953   40.01%
 13962550 8944321  3165205.6624    21  3335013.0000  2000574.6744 29342795   40.01%
 13993868 8953626  2126202.2342    30  3335013.0000  2000574.6744 29378645   40.01%
 14048957 8974500  3309420.4682    28  3335013.0000  2000574.6744 29461971   40.01%
 14078815 9013059  2110623.8510    31  3335013.0000  2000574.6744 29612907   40.01%
 14125023 9022347  2288682.8060    32  3335013.0000  2000574.6744 29649612   40.01%
 14177587 9055305  3201786.2607    27  3335013.0000  2000574.6744 29779573   40.01%
 14345783 9151582  2098896.3020    36  3335013.0000  2000574.6744 30162275   40.01%
Elapsed time = 323.77 sec. (91806.02 ticks, tree = 2320.07 MB, solutions = 4)
Nodefile size = 272.97 MB (169.61 MB after compression)
 14524854 9253832  2942675.9775    28  3335013.0000  2000574.6744 30571737   40.01%
 14721170 9351248  2883926.5790    29  3335013.0000  2000574.6744 30957057   40.01%
 14906830 9463442  3100895.8578    27  3335013.0000  2000574.6744 31399355   40.01%
 15089688 9563165  3254402.0954    30  3335013.0000  2000574.6744 31803953   40.01%
 15274658 9677506  2907022.1404    33  3335013.0000  2000574.6744 32253276   40.01%
 15457778 9782166        cutoff        3335013.0000  2000574.6744 32671093   40.01%
 15659979 9878722  2592775.4047    22  3335013.0000  2000574.6744 33060622   40.01%
 15875382 9999160  3254378.6935    28  3335013.0000  2000574.6744 33532819   40.01%
 16090004 10139367  3137184.5672    28  3335013.0000  2000574.6744 34086937   40.01%
 16318680 10252767  2630360.7201    29  3335013.0000  2000574.6744 34545673   40.01%
Elapsed time = 480.83 sec. (129953.18 ticks, tree = 2541.03 MB, solutions = 4)
Nodefile size = 493.95 MB (305.44 MB after compression)
 16545706 10371035  2921183.2613    33  3335013.0000  2000574.6744 35033548   40.01%
 16755611 10508027  2851224.6267    25  3335013.0000  2000574.6744 35572360   40.01%
 16958422 10591291  2475334.7142    33  3335013.0000  2000574.6744 35903473   40.01%
 17160311 10726888  2498634.2055    31  3335013.0000  2000574.6744 36453651   40.01%
 17409911 10839469        cutoff        3335013.0000  2000574.6744 36897958   40.01%
 17604113 10971478  2393851.3891    33  3335013.0000  2000574.6744 37428081   40.01%
 17844589 11091398  3197244.6859    25  3335013.0000  2000574.6744 37908747   40.01%
 18080940 11209661  2511440.2386    27  3335013.0000  2000574.6744 38375215   40.01%
 18293424 11320311  2599227.1444    27  3335013.0000  2000574.6744 38808789   40.01%
 18506527 11468383  3104094.0234    26  3335013.0000  2000574.6744 39404401   40.01%
Elapsed time = 662.73 sec. (168100.28 ticks, tree = 2781.01 MB, solutions = 4)
Nodefile size = 735.93 MB (453.68 MB after compression)
 18721871 11586034  3137258.2952    23  3335013.0000  2000574.6744 39877932   40.01%
 18923771 11674381  2751140.2125    26  3335013.0000  2000574.6744 40233957   40.01%
 19210112 11832306  2966487.9329    26  3335013.0000  2000574.6744 40879588   40.01%
 19408140 11952243  2400444.0305    36  3335013.0000  2000574.6744 41371812   40.01%
 19615522 12058901  2395849.4993    33  3335013.0000  2000574.6744 41795092   40.01%
 19856523 12183867  3025816.7396    27  3335013.0000  2000574.6744 42305864   40.01%
 20150208 12350939  2210351.9902    33  3335013.0000  2000574.6744 42963942   40.01%
 20348172 12475109  2312527.4584    27  3335013.0000  2000574.6744 43458797   40.01%
 20585738 12590274  2681227.5186    30  3335013.0000  2000574.6744 43923555   40.01%
 20831865 12756687  2791055.8913    25  3335013.0000  2000574.6744 44606794   40.01%
Elapsed time = 858.30 sec. (206247.56 ticks, tree = 3042.62 MB, solutions = 4)
Nodefile size = 994.90 MB (611.92 MB after compression)
 21085177 12865112  3311987.9671    23  3335013.0000  2000574.6744 45055165   40.01%
 21333905 13023643  3080289.5347    23  3335013.0000  2000574.6744 45701576   40.01%
 21597826 13116780  3243245.9320    27  3335013.0000  2000574.6744 46083767   40.01%
 21921942 13301083  2185725.3449    33  3335013.0000  2000574.6744 46861843   40.01%
 22146176 13448816  2931385.7196    27  3335013.0000  2000574.6744 47463986   40.01%
 22377142 13574092  2190591.4687    30  3335013.0000  2000574.6744 47990229   40.01%
 22647201 13690150  2705642.3961    27  3335013.0000  2000574.6744 48477831   40.01%
 22890412 13829276  3183491.6471    24  3335013.0000  2000574.6744 49049618   40.01%
 23193252 14039144  2530384.6542    28  3335013.0000  2000574.6744 49886906   40.01%
 23510124 14252321  2531589.5406    27  3335013.0000  2005117.1479 50723900   39.88%
Elapsed time = 1099.35 sec. (244801.81 ticks, tree = 3341.78 MB, solutions = 4)
Nodefile size = 1294.87 MB (794.76 MB after compression)
 23962906 14438639  2415253.8550    35  3335013.0000  2039046.9625 51503079   38.86%
 24252411 14579959  3279867.4642    21  3335013.0000  2039046.9625 52124723   38.86%
 24588843 14797309  2659070.9368    31  3335013.0000  2039046.9625 53065839   38.86%
 24908009 14937735        cutoff        3335013.0000  2039046.9625 53664326   38.86%
 25220422 15113577  2407812.7754    32  3335013.0000  2039046.9625 54409101   38.86%
 25564779 15293960  2379867.8798    28  3335013.0000  2039046.9625 55155483   38.86%
 25879278 15456994  3072559.3610    25  3335013.0000  2039046.9625 55841286   38.86%
 26181027 15590589        cutoff        3335013.0000  2039046.9625 56415117   38.86%
 26501155 15789932  3067732.2209    28  3335013.0000  2039046.9625 57277399   38.86%
 26765904 15930400  2584995.3262    22  3335013.0000  2039046.9625 57877201   38.86%
Elapsed time = 1373.82 sec. (282949.03 ticks, tree = 3680.87 MB, solutions = 4)
Nodefile size = 1633.84 MB (1001.30 MB after compression)
 27041005 16074909  3128288.2771    28  3335013.0000  2039046.9625 58485168   38.86%
 27416016 16287018  2352540.6744    31  3335013.0000  2039046.9625 59399379   38.86%
 27810197 16467595  2463555.6906    31  3335013.0000  2039046.9625 60184035   38.86%
 28119283 16623605  2413086.6251    33  3335013.0000  2039046.9625 60844085   38.86%
 28476272 16856155  2802176.3644    24  3335013.0000  2039046.9625 61835470   38.86%
 28881114 17034632  2812840.1328    26  3335013.0000  2039046.9625 62622468   38.86%
 29173842 17198979  3256093.5079    26  3335013.0000  2039046.9625 63316914   38.86%
 29546682 17368383  2419660.6916    32  3335013.0000  2039046.9625 64054395   38.86%
 30051350 17638671  3251638.7728    25  3335013.0000  2039046.9625 65241176   38.86%
 30440426 17823368  2542333.1712    31  3335013.0000  2039046.9625 66039791   38.86%
Elapsed time = 1674.90 sec. (321096.25 ticks, tree = 4067.38 MB, solutions = 4)
Nodefile size = 2019.80 MB (1236.77 MB after compression)
 30870230 18032853  2318845.5367    30  3335013.0000  2039046.9625 66981874   38.86%
 31200063 18264443  3153004.2953    32  3335013.0000  2039046.9625 67954882   38.86%
 31665361 18485823  2590015.5505    25  3335013.0000  2039046.9625 68925832   38.86%
 32071443 18702686  2382253.8650    27  3335013.0000  2039046.9625 69881901   38.86%
 32360996 18835040  3182840.6840    22  3335013.0000  2039046.9625 70449480   38.86%
 32725880 19035258  2453461.7770    29  3335013.0000  2039046.9625 71349547   38.86%
 33044943 19206303  3065107.6659    31  3335013.0000  2039046.9625 72117764   38.86%
 33539392 19422499  2370074.8726    31  3335013.0000  2039046.9625 73112793   38.86%
 33981822 19660080  2768204.5322    28  3335013.0000  2039046.9625 74134137   38.86%
 34446065 19869455  3289248.6486    23  3335013.0000  2039046.9625 75077155   38.86%
Elapsed time = 2008.17 sec. (359243.34 ticks, tree = 4476.84 MB, solutions = 4)
Nodefile size = 2429.76 MB (1486.54 MB after compression)
 34999005 20159089  3096250.7067    33  3335013.0000  2039046.9625 76373445   38.86%
 35424053 20379054  3024619.8924    23  3335013.0000  2039046.9625 77350336   38.86%
 35817417 20603284  2668576.9225    27  3335013.0000  2039046.9625 78365233   38.86%
 36224052 20779115  3197965.6349    24  3335013.0000  2039046.9625 79162736   38.86%
 36698117 21009375  3198588.3391    19  3335013.0000  2039046.9625 80203847   38.86%
 37022244 21179102  2897137.7521    23  3335013.0000  2039046.9625 80955174   38.86%
 37424556 21362368  2653926.2606    33  3335013.0000  2039046.9625 81800847   38.86%
 37951041 21644086  3040561.4854    25  3335013.0000  2039046.9625 83096137   38.86%
 38427428 21894607  2603202.8986    30  3335013.0000  2039046.9625 84240154   38.86%
 38862785 22110118  3073542.2254    29  3335013.0000  2039046.9625 85193338   38.86%
Elapsed time = 2370.09 sec. (397390.38 ticks, tree = 4922.49 MB, solutions = 4)
Nodefile size = 2874.72 MB (1757.20 MB after compression)
 39386078 22317129  2847519.5100    26  3335013.0000  2039046.9625 86143953   38.86%
 40044585 22662609  2972500.8245    32  3335013.0000  2039046.9625 87687785   38.86%
 40567366 22900662  3207310.4014    25  3335013.0000  2039046.9625 88774366   38.86%
 41041853 23165956        cutoff        3335013.0000  2039046.9625 89958663   38.86%
 41473238 23405917  2628037.2278    29  3335013.0000  2039046.9625 91044207   38.86%
 41935338 23641475  2398009.6986    33  3335013.0000  2039046.9625 92135930   38.86%
 42622148 23920251  2549296.0785    32  3335013.0000  2039046.9625 93445132   38.86%
 43042332 24143818  2817360.0885    33  3335013.0000  2039046.9625 94470535   38.86%
 43450091 24374395  2722003.1450    28  3335013.0000  2039046.9625 95530835   38.86%
 44093430 24698151  2618989.5838    31  3335013.0000  2039046.9625 97068283   38.86%
Elapsed time = 2812.92 sec. (435537.42 ticks, tree = 5442.70 MB, solutions = 4)
Nodefile size = 3395.67 MB (2074.05 MB after compression)
 44663170 24918994  2769585.6524    30  3335013.0000  2039046.9625 98126435   38.86%
 45178261 25230856  2698109.7242    31  3335013.0000  2039046.9625 99612087   38.86%
 45740194 25486025  2745997.3261    30  3335013.0000  2039046.9625 1.01e+08   38.86%
 46354435 25729926  2823859.8505    26  3335013.0000  2039046.9625 1.02e+08   38.86%
 46887554 25945220  3324310.4494    24  3335013.0000  2039046.9625 1.03e+08   38.86%
 47467830 26233127  2391560.0322    31  3335013.0000  2039046.9625 1.05e+08   38.86%
 47992315 26500163  2817044.3535    33  3335013.0000  2039046.9625 1.06e+08   38.86%
 48531258 26724614  2754169.4220    28  3335013.0000  2039046.9625 1.07e+08   38.86%
 48964763 26952212  2399617.0269    31  3335013.0000  2039046.9625 1.08e+08   38.86%
 49486523 27190042  3183233.0882    24  3335013.0000  2039046.9625 1.09e+08   38.86%
Elapsed time = 3286.28 sec. (473736.62 ticks, tree = 5941.88 MB, solutions = 4)
Nodefile size = 3895.62 MB (2378.14 MB after compression)
 49965248 27371573  3102524.2399    25  3335013.0000  2039046.9625 1.10e+08   38.86%
 50464551 27638244  3183633.1607    24  3335013.0000  2039046.9625 1.12e+08   38.86%
 51022812 27882049  2747431.8967    27  3335013.0000  2039046.9625 1.13e+08   38.86%
 51515299 28063945  3112154.7649    20  3335013.0000  2039046.9625 1.14e+08   38.86%
 52041248 28373703  2877357.8456    30  3335013.0000  2039046.9625 1.15e+08   38.86%
 52685961 28667513  3108237.7173    24  3335013.0000  2039046.9625 1.17e+08   38.86%
 53175932 28845867        cutoff        3335013.0000  2039046.9625 1.18e+08   38.86%
 53635376 29055092  3211843.5788    25  3335013.0000  2039046.9625 1.19e+08   38.86%
 54210539 29302087  3109120.2179    24  3335013.0000  2039046.9625 1.20e+08   38.86%
 54815389 29592318  3011120.0629    30  3335013.0000  2039046.9625 1.21e+08   38.86%
Elapsed time = 3718.61 sec. (511883.65 ticks, tree = 6431.50 MB, solutions = 4)
Nodefile size = 4384.57 MB (2675.40 MB after compression)
 55440278 29881863  3235320.9563    27  3335013.0000  2039046.9625 1.23e+08   38.86%
 56100045 30208321  2620781.7469    27  3335013.0000  2039046.9625 1.24e+08   38.86%
 56747197 30471257  2896575.7580    30  3335013.0000  2039046.9625 1.26e+08   38.86%
 57332267 30704517  3247639.7650    24  3335013.0000  2039046.9625 1.27e+08   38.86%
 57807799 30874614  3184837.9288    26  3335013.0000  2039046.9625 1.28e+08   38.86%
 58448362 31232508        cutoff        3335013.0000  2039046.9625 1.30e+08   38.86%
 59063241 31477389        cutoff        3335013.0000  2039046.9625 1.31e+08   38.86%
 59717657 31762706  3094676.0560    28  3335013.0000  2039046.9625 1.32e+08   38.86%
 60285672 32015144  3000515.7417    22  3335013.0000  2039046.9625 1.34e+08   38.86%
 60858615 32221473  2863392.0620    26  3335013.0000  2039046.9625 1.35e+08   38.86%
Elapsed time = 4209.38 sec. (550030.67 ticks, tree = 6961.36 MB, solutions = 4)
Nodefile size = 4917.52 MB (2999.53 MB after compression)
 61430445 32471882  3326557.1283    28  3335013.0000  2039046.9625 1.36e+08   38.86%
 62007957 32731529  3147331.7511    23  3335013.0000  2039046.9625 1.37e+08   38.86%
 62656787 33047096  3253329.8865    28  3335013.0000  2039046.9625 1.39e+08   38.86%
 63258382 33303275  2892837.6421    26  3335013.0000  2039046.9625 1.40e+08   38.86%
 63987476 33600547  3046605.8726    27  3335013.0000  2039046.9625 1.42e+08   38.86%
 64388709 33751144        cutoff        3335013.0000  2039046.9625 1.43e+08   38.86%
 64722799 34007742  3036141.0604    28  3335013.0000  2374338.6370 1.44e+08   28.81%
 65026656 34134166  3055082.3041    26  3335013.0000  2478509.7947 1.45e+08   25.68%
 65341077 34242068  2667342.5322    23  3335013.0000  2482376.6413 1.46e+08   25.57%
 65654351 34355033  2486738.3490    29  3335013.0000  2483883.7977 1.46e+08   25.52%
Elapsed time = 4660.65 sec. (588177.75 ticks, tree = 7389.75 MB, solutions = 4)
Nodefile size = 5342.48 MB (3256.92 MB after compression)
 65972612 34479700  2968582.1032    30  3335013.0000  2485554.5095 1.47e+08   25.47%
 66292734 34618572  2564474.6789    30  3335013.0000  2487023.3887 1.48e+08   25.43%
 66606428 34746537  2889454.8945    28  3335013.0000  2488562.8396 1.49e+08   25.38%
 66925471 34883003  3168112.5572    25  3335013.0000  2490101.6800 1.49e+08   25.33%
 67243841 34979166  3017406.6455    21  3335013.0000  2491535.4930 1.50e+08   25.29%
 67555021 35104141  3246724.9218    22  3335013.0000  2492991.1720 1.51e+08   25.25%
 67858126 35245669  2934729.2781    25  3335013.0000  2494431.2464 1.51e+08   25.20%
 68178831 35374143  3127953.3513    27  3335013.0000  2495829.6322 1.52e+08   25.16%
 68497908 35485419  2972175.2738    28  3335013.0000  2497402.9962 1.53e+08   25.12%
 68797848 35603860  2906979.6691    30  3335013.0000  2498582.7830 1.53e+08   25.08%
Elapsed time = 5013.97 sec. (626324.86 ticks, tree = 7651.18 MB, solutions = 4)
Nodefile size = 5603.45 MB (3413.07 MB after compression)

Root node processing (before b&c):
  Real time             =    0.33 sec. (12.71 ticks)
Parallel b&c, 32 threads:
  Real time             = 5013.72 sec. (640843.00 ticks)
  Sync time (average)   = 4491.06 sec.
  Wait time (average)   =    3.74 sec.
                          ------------
Total (root+branch&cut) = 5014.05 sec. (640855.71 ticks)

Solution pool: 5 solutions saved.

MIP - Time limit exceeded, integer feasible:  Objective =  3.3350130000e+06
Current MIP best bound =  2.4989966090e+06 (gap = 836016, 25.07%)
Solution time = 5014.06 sec.  Iterations = 153648801  Nodes = 68800977 (35641740)
Deterministic time = 640855.71 ticks  (127.81 ticks/sec)


Incumbent solution written to file 'cplex.sol'.
